000.000 =============================================================
000.000                     Station A                               
000.000 -------------------------------------------------------------
000.000 Protocol.lib, version 4.0, jiangyanjun0718@bupt.edu.cn
000.000 Channel: 8000 bps, 270 ms propagation delay, bit error rate 1.0E-05
000.000 Log file "a.log", TCP port 59144, debug mask 0x00
000.000 Station A is waiting for station B on TCP port 59144 ... Done.
000.599 New epoch: Fri Apr  7 20:00:25 2023
000.599 =================================================================
000.599 
000.599 Designed by Li Ruobin, build: Apr  6 2023  20:48:58
004.281 .... 1 packets received, 688 bps, 8.60%, Err 1 (3.9e-05)
006.419 .... 9 packets received, 3604 bps, 45.04%, Err 1 (2.3e-05)
011.018 .... 14 packets received, 2952 bps, 36.90%, Err 2 (2.5e-05)
013.200 .... 22 packets received, 3787 bps, 47.34%, Err 2 (2.1e-05)
015.367 .... 30 packets received, 4369 bps, 54.61%, Err 2 (1.7e-05)
017.529 .... 38 packets received, 4797 bps, 59.96%, Err 2 (1.5e-05)
019.730 .... 46 packets received, 5113 bps, 63.91%, Err 2 (1.3e-05)
021.893 .... 54 packets received, 5371 bps, 67.14%, Err 2 (1.2e-05)
024.043 .... 62 packets received, 5584 bps, 69.80%, Err 2 (1.1e-05)
026.238 .... 70 packets received, 5750 bps, 71.87%, Err 2 (9.9e-06)
028.388 .... 78 packets received, 5898 bps, 73.73%, Err 2 (9.1e-06)
030.554 .... 86 packets received, 6021 bps, 75.27%, Err 2 (8.5e-06)
032.719 .... 94 packets received, 6128 bps, 76.60%, Err 2 (7.9e-06)
037.325 .... 101 packets received, 5742 bps, 71.78%, Err 2 (6.9e-06)
039.494 .... 109 packets received, 5845 bps, 73.07%, Err 2 (6.5e-06)
043.011 .... 112 packets received, 5500 bps, 68.75%, Err 4 (1.2e-05)
045.102 .... 120 packets received, 5611 bps, 70.14%, Err 4 (1.1e-05)
048.407 .... 122 packets received, 5304 bps, 66.31%, Err 5 (1.3e-05)
050.577 .... 130 packets received, 5403 bps, 67.54%, Err 5 (1.3e-05)
053.833 .... 132 packets received, 5146 bps, 64.33%, Err 5 (1.2e-05)
056.000 .... 140 packets received, 5242 bps, 65.53%, Err 5 (1.1e-05)
058.176 .... 148 packets received, 5330 bps, 66.62%, Err 5 (1.1e-05)
060.330 .... 156 packets received, 5413 bps, 67.66%, Err 5 (1.1e-05)
062.515 .... 164 packets received, 5487 bps, 68.59%, Err 5 (1.0e-05)
064.681 .... 172 packets received, 5558 bps, 69.48%, Err 5 (9.8e-06)
066.826 .... 180 packets received, 5626 bps, 70.33%, Err 5 (9.5e-06)
069.018 .... 188 packets received, 5686 bps, 71.08%, Err 5 (9.2e-06)
071.164 .... 196 packets received, 5746 bps, 71.82%, Err 5 (8.9e-06)
076.046 .... 204 packets received, 5590 bps, 69.87%, Err 6 (1.0e-05)
078.150 .... 212 packets received, 5650 bps, 70.62%, Err 6 (9.7e-06)
083.574 .... 220 packets received, 5477 bps, 68.46%, Err 7 (1.1e-05)
085.779 .... 228 packets received, 5528 bps, 69.09%, Err 7 (1.0e-05)
087.946 .... 236 packets received, 5578 bps, 69.73%, Err 7 (1.0e-05)
092.546 .... 243 packets received, 5454 bps, 68.18%, Err 8 (1.1e-05)
094.671 .... 251 packets received, 5506 bps, 68.82%, Err 8 (1.1e-05)
098.541 .... 254 packets received, 5350 bps, 66.87%, Err 9 (1.2e-05)
104.451 .... 262 packets received, 5202 bps, 65.03%, Err 9 (1.1e-05)
108.593 .... 263 packets received, 5020 bps, 62.75%, Err 9 (1.1e-05)
112.748 .... 264 packets received, 4852 bps, 60.64%, Err 9 (1.1e-05)
116.839 .... 265 packets received, 4697 bps, 58.72%, Err 9 (1.1e-05)
120.976 .... 266 packets received, 4552 bps, 56.90%, Err 9 (1.1e-05)
125.034 .... 267 packets received, 4419 bps, 55.24%, Err 9 (1.1e-05)
129.076 .... 268 packets received, 4296 bps, 53.70%, Err 9 (1.1e-05)
133.238 .... 269 packets received, 4176 bps, 52.20%, Err 9 (1.1e-05)
137.327 .... 270 packets received, 4065 bps, 50.81%, Err 9 (1.1e-05)
141.493 .... 271 packets received, 3959 bps, 49.49%, Err 9 (1.1e-05)
145.526 .... 272 packets received, 3862 bps, 48.28%, Err 9 (1.1e-05)
149.661 .... 273 packets received, 3769 bps, 47.11%, Err 9 (1.1e-05)
153.795 .... 274 packets received, 3680 bps, 46.00%, Err 9 (1.1e-05)
157.836 .... 275 packets received, 3598 bps, 44.97%, Err 9 (1.0e-05)
162.056 .... 276 packets received, 3516 bps, 43.95%, Err 9 (1.0e-05)
166.235 .... 277 packets received, 3440 bps, 42.99%, Err 9 (1.0e-05)
170.278 .... 278 packets received, 3369 bps, 42.12%, Err 9 (1.0e-05)
174.488 .... 279 packets received, 3299 bps, 41.24%, Err 9 (1.0e-05)
178.575 .... 280 packets received, 3235 bps, 40.44%, Err 9 (1.0e-05)
182.617 .... 281 packets received, 3174 bps, 39.68%, Err 9 (1.0e-05)
186.780 .... 282 packets received, 3114 bps, 38.92%, Err 9 (1.0e-05)
190.912 .... 283 packets received, 3057 bps, 38.21%, Err 9 (1.0e-05)
195.043 .... 284 packets received, 3002 bps, 37.53%, Err 9 (1.0e-05)
199.171 .... 285 packets received, 2950 bps, 36.87%, Err 9 (1.0e-05)
201.366 .... 289 packets received, 2958 bps, 36.98%, Err 9 (9.9e-06)
203.516 .... 291 packets received, 2947 bps, 36.84%, Err 9 (9.7e-06)
205.666 .... 299 packets received, 2996 bps, 37.46%, Err 9 (9.5e-06)
207.847 .... 307 packets received, 3044 bps, 38.05%, Err 9 (9.3e-06)
211.633 .... 311 packets received, 3028 bps, 37.85%, Err 9 (9.1e-06)
213.784 .... 319 packets received, 3075 bps, 38.43%, Err 9 (8.9e-06)
218.118 .... 325 packets received, 3070 bps, 38.37%, Err 10 (9.6e-06)
220.315 .... 333 packets received, 3114 bps, 38.92%, Err 10 (9.4e-06)
222.466 .... 341 packets received, 3158 bps, 39.47%, Err 11 (1.0e-05)
224.646 .... 349 packets received, 3200 bps, 40.00%, Err 11 (1.0e-05)
228.705 .... 354 packets received, 3188 bps, 39.85%, Err 12 (1.1e-05)
230.825 .... 362 packets received, 3230 bps, 40.38%, Err 12 (1.0e-05)
233.037 .... 370 packets received, 3270 bps, 40.87%, Err 12 (1.0e-05)
237.093 .... 374 packets received, 3248 bps, 40.61%, Err 12 (1.0e-05)
239.286 .... 382 packets received, 3287 bps, 41.09%, Err 12 (9.9e-06)
241.434 .... 390 packets received, 3326 bps, 41.58%, Err 12 (9.7e-06)
243.601 .... 398 packets received, 3364 bps, 42.05%, Err 12 (9.6e-06)
247.661 .... 403 packets received, 3350 bps, 41.88%, Err 12 (9.4e-06)
249.843 .... 411 packets received, 3387 bps, 42.33%, Err 12 (9.2e-06)
251.994 .... 419 packets received, 3423 bps, 42.79%, Err 12 (9.1e-06)
254.176 .... 427 packets received, 3458 bps, 43.23%, Err 12 (9.0e-06)
260.662 .... 430 packets received, 3395 bps, 42.44%, Err 14 (1.0e-05)
262.784 .... 438 packets received, 3431 bps, 42.88%, Err 14 (1.0e-05)
267.436 .... 445 packets received, 3424 bps, 42.81%, Err 15 (1.0e-05)
269.571 .... 453 packets received, 3458 bps, 43.23%, Err 15 (1.0e-05)
271.781 .... 461 packets received, 3491 bps, 43.63%, Err 15 (1.0e-05)
275.570 .... 465 packets received, 3472 bps, 43.40%, Err 16 (1.1e-05)
277.752 .... 473 packets received, 3504 bps, 43.80%, Err 16 (1.1e-05)
281.007 .... 475 packets received, 3478 bps, 43.47%, Err 16 (1.0e-05)
283.169 .... 483 packets received, 3509 bps, 43.87%, Err 16 (1.0e-05)
286.411 .... 485 packets received, 3484 bps, 43.55%, Err 16 (1.0e-05)
288.592 .... 493 packets received, 3514 bps, 43.93%, Err 16 (9.9e-06)
291.835 .... 495 packets received, 3489 bps, 43.62%, Err 16 (9.8e-06)
295.851 .... 500 packets received, 3477 bps, 43.46%, Err 17 (1.0e-05)
301.015 .... 505 packets received, 3451 bps, 43.13%, Err 18 (1.1e-05)
303.136 .... 513 packets received, 3481 bps, 43.51%, Err 18 (1.0e-05)
307.529 .... 515 packets received, 3444 bps, 43.05%, Err 18 (1.0e-05)
311.597 .... 516 packets received, 3406 bps, 42.57%, Err 18 (1.0e-05)
315.632 .... 517 packets received, 3369 bps, 42.11%, Err 18 (1.0e-05)
319.656 .... 518 packets received, 3332 bps, 41.65%, Err 18 (1.0e-05)
323.759 .... 519 packets received, 3296 bps, 41.20%, Err 18 (1.0e-05)
327.905 .... 520 packets received, 3261 bps, 40.76%, Err 18 (1.0e-05)
331.957 .... 521 packets received, 3227 bps, 40.34%, Err 18 (1.0e-05)
336.134 .... 522 packets received, 3193 bps, 39.91%, Err 18 (1.0e-05)
340.237 .... 523 packets received, 3160 bps, 39.50%, Err 18 (1.0e-05)
344.279 .... 524 packets received, 3129 bps, 39.11%, Err 18 (1.0e-05)
348.397 .... 525 packets received, 3098 bps, 38.72%, Err 18 (1.0e-05)
352.456 .... 526 packets received, 3068 bps, 38.35%, Err 18 (1.0e-05)
356.546 .... 527 packets received, 3038 bps, 37.98%, Err 18 (1.0e-05)
360.572 .... 528 packets received, 3010 bps, 37.62%, Err 18 (1.0e-05)
364.715 .... 529 packets received, 2981 bps, 37.26%, Err 18 (1.0e-05)
368.798 .... 530 packets received, 2954 bps, 36.92%, Err 18 (1.0e-05)
372.885 .... 531 packets received, 2927 bps, 36.58%, Err 18 (1.0e-05)
376.958 .... 532 packets received, 2900 bps, 36.25%, Err 18 (9.9e-06)
381.001 .... 533 packets received, 2875 bps, 35.94%, Err 18 (9.9e-06)
385.073 .... 534 packets received, 2850 bps, 35.62%, Err 18 (9.9e-06)
389.101 .... 535 packets received, 2825 bps, 35.32%, Err 18 (9.9e-06)
393.129 .... 536 packets received, 2802 bps, 35.02%, Err 18 (9.9e-06)
397.203 .... 537 packets received, 2778 bps, 34.72%, Err 18 (9.9e-06)
400.534 .... 538 packets received, 2760 bps, 34.50%, Err 18 (9.8e-06)
402.704 .... 546 packets received, 2786 bps, 34.82%, Err 18 (9.7e-06)
406.485 .... 550 packets received, 2780 bps, 34.75%, Err 19 (1.0e-05)
408.667 .... 558 packets received, 2805 bps, 35.07%, Err 19 (1.0e-05)
411.910 .... 560 packets received, 2793 bps, 34.91%, Err 19 (9.9e-06)
415.956 .... 565 packets received, 2791 bps, 34.88%, Err 20 (1.0e-05)
418.073 .... 573 packets received, 2816 bps, 35.20%, Err 20 (1.0e-05)
420.297 .... 581 packets received, 2840 bps, 35.50%, Err 20 (1.0e-05)
424.902 .... 588 packets received, 2843 bps, 35.54%, Err 21 (1.0e-05)
427.021 .... 596 packets received, 2867 bps, 35.84%, Err 21 (1.0e-05)
429.249 .... 604 packets received, 2891 bps, 36.13%, Err 21 (1.0e-05)
431.401 .... 612 packets received, 2914 bps, 36.43%, Err 21 (1.0e-05)
433.596 .... 620 packets received, 2937 bps, 36.72%, Err 21 (1.0e-05)
435.747 .... 628 packets received, 2960 bps, 37.01%, Err 21 (9.9e-06)
437.929 .... 636 packets received, 2983 bps, 37.29%, Err 21 (9.9e-06)
440.080 .... 644 packets received, 3006 bps, 37.57%, Err 21 (9.8e-06)
442.248 .... 652 packets received, 3028 bps, 37.85%, Err 21 (9.7e-06)
444.415 .... 660 packets received, 3050 bps, 38.13%, Err 21 (9.6e-06)
446.581 .... 668 packets received, 3072 bps, 38.40%, Err 21 (9.6e-06)
448.749 .... 676 packets received, 3094 bps, 38.68%, Err 21 (9.5e-06)
450.930 .... 684 packets received, 3116 bps, 38.94%, Err 23 (1.0e-05)
453.901 .... 685 packets received, 3100 bps, 38.75%, Err 23 (1.0e-05)
456.023 .... 693 packets received, 3121 bps, 39.01%, Err 23 (1.0e-05)
458.235 .... 701 packets received, 3142 bps, 39.27%, Err 23 (1.0e-05)
460.388 .... 709 packets received, 3163 bps, 39.54%, Err 23 (1.0e-05)
462.554 .... 717 packets received, 3184 bps, 39.79%, Err 23 (9.9e-06)
464.722 .... 725 packets received, 3204 bps, 40.05%, Err 23 (9.8e-06)
466.905 .... 733 packets received, 3224 bps, 40.30%, Err 23 (9.7e-06)
469.057 .... 741 packets received, 3244 bps, 40.55%, Err 23 (9.7e-06)
471.224 .... 749 packets received, 3264 bps, 40.80%, Err 23 (9.6e-06)
473.391 .... 757 packets received, 3284 bps, 41.05%, Err 23 (9.5e-06)
475.558 .... 765 packets received, 3304 bps, 41.29%, Err 23 (9.5e-06)
478.814 .... 767 packets received, 3290 bps, 41.12%, Err 24 (9.8e-06)
480.966 .... 775 packets received, 3309 bps, 41.36%, Err 25 (1.0e-05)
483.876 .... 776 packets received, 3293 bps, 41.17%, Err 25 (1.0e-05)
486.133 .... 784 packets received, 3312 bps, 41.40%, Err 25 (9.9e-06)
490.994 .... 792 packets received, 3312 bps, 41.40%, Err 26 (1.0e-05)
493.084 .... 800 packets received, 3332 bps, 41.64%, Err 26 (1.0e-05)
495.341 .... 808 packets received, 3350 bps, 41.87%, Err 26 (1.0e-05)
499.128 .... 812 packets received, 3340 bps, 41.76%, Err 27 (1.0e-05)
504.566 .... 818 packets received, 3329 bps, 41.61%, Err 27 (1.0e-05)
508.776 .... 819 packets received, 3305 bps, 41.32%, Err 27 (1.0e-05)
512.921 .... 820 packets received, 3282 bps, 41.03%, Err 27 (1.0e-05)
517.083 .... 821 packets received, 3260 bps, 40.75%, Err 27 (1.0e-05)
521.215 .... 822 packets received, 3238 bps, 40.47%, Err 27 (1.0e-05)
525.393 .... 823 packets received, 3216 bps, 40.20%, Err 27 (1.0e-05)
529.451 .... 824 packets received, 3195 bps, 39.94%, Err 27 (1.0e-05)
533.523 .... 825 packets received, 3175 bps, 39.68%, Err 28 (1.1e-05)
537.578 .... 826 packets received, 3154 bps, 39.43%, Err 28 (1.0e-05)
541.619 .... 827 packets received, 3135 bps, 39.18%, Err 28 (1.0e-05)
545.844 .... 828 packets received, 3114 bps, 38.93%, Err 28 (1.0e-05)
549.918 .... 829 packets received, 3095 bps, 38.68%, Err 28 (1.0e-05)
554.005 .... 830 packets received, 3076 bps, 38.44%, Err 28 (1.0e-05)
558.048 .... 831 packets received, 3057 bps, 38.21%, Err 28 (1.0e-05)
562.213 .... 832 packets received, 3038 bps, 37.97%, Err 28 (1.0e-05)
566.317 .... 833 packets received, 3019 bps, 37.74%, Err 28 (1.0e-05)
570.345 .... 834 packets received, 3002 bps, 37.52%, Err 28 (1.0e-05)
576.974 .... 835 packets received, 2971 bps, 37.13%, Err 29 (1.1e-05)
582.606 .... 837 packets received, 2949 bps, 36.86%, Err 29 (1.1e-05)
586.785 .... 838 packets received, 2931 bps, 36.64%, Err 29 (1.1e-05)
590.839 .... 839 packets received, 2915 bps, 36.43%, Err 29 (1.1e-05)
595.063 .... 840 packets received, 2897 bps, 36.22%, Err 29 (1.1e-05)
599.136 .... 841 packets received, 2881 bps, 36.01%, Err 29 (1.1e-05)
601.377 .... 845 packets received, 2884 bps, 36.05%, Err 29 (1.1e-05)
606.236 .... 853 packets received, 2888 bps, 36.10%, Err 29 (1.0e-05)
608.402 .... 861 packets received, 2905 bps, 36.31%, Err 29 (1.0e-05)
611.660 .... 863 packets received, 2896 bps, 36.20%, Err 29 (1.0e-05)
613.826 .... 871 packets received, 2912 bps, 36.40%, Err 29 (1.0e-05)
615.978 .... 879 packets received, 2929 bps, 36.61%, Err 29 (1.0e-05)
619.766 .... 883 packets received, 2924 bps, 36.55%, Err 29 (1.0e-05)
621.933 .... 891 packets received, 2940 bps, 36.75%, Err 29 (1.0e-05)
625.161 .... 893 packets received, 2932 bps, 36.64%, Err 29 (9.9e-06)
627.343 .... 901 packets received, 2947 bps, 36.84%, Err 29 (9.9e-06)
630.600 .... 903 packets received, 2939 bps, 36.73%, Err 30 (1.0e-05)
632.765 .... 911 packets received, 2955 bps, 36.93%, Err 30 (1.0e-05)
636.016 .... 913 packets received, 2946 bps, 36.82%, Err 30 (1.0e-05)
638.194 .... 921 packets received, 2962 bps, 37.02%, Err 30 (9.9e-06)
640.356 .... 929 packets received, 2977 bps, 37.22%, Err 30 (9.9e-06)
642.521 .... 937 packets received, 2993 bps, 37.41%, Err 30 (9.8e-06)
644.686 .... 945 packets received, 3008 bps, 37.60%, Err 30 (9.8e-06)
646.852 .... 953 packets received, 3023 bps, 37.79%, Err 30 (9.7e-06)
650.913 .... 958 packets received, 3020 bps, 37.75%, Err 31 (9.9e-06)
653.079 .... 966 packets received, 3035 bps, 37.94%, Err 31 (9.9e-06)
655.261 .... 974 packets received, 3050 bps, 38.13%, Err 31 (9.8e-06)
657.428 .... 982 packets received, 3065 bps, 38.31%, Err 31 (9.8e-06)
659.580 .... 990 packets received, 3080 bps, 38.50%, Err 31 (9.7e-06)
661.763 .... 998 packets received, 3095 bps, 38.68%, Err 31 (9.7e-06)
663.914 .... 1006 packets received, 3109 bps, 38.87%, Err 31 (9.6e-06)
667.642 .... 1010 packets received, 3104 bps, 38.80%, Err 33 (1.0e-05)
669.869 .... 1018 packets received, 3118 bps, 38.98%, Err 33 (1.0e-05)
672.048 .... 1026 packets received, 3133 bps, 39.16%, Err 33 (1.0e-05)
676.901 .... 1034 packets received, 3134 bps, 39.18%, Err 35 (1.1e-05)
679.012 .... 1042 packets received, 3149 bps, 39.36%, Err 35 (1.0e-05)
681.241 .... 1050 packets received, 3163 bps, 39.53%, Err 35 (1.0e-05)
683.422 .... 1058 packets received, 3177 bps, 39.71%, Err 35 (1.0e-05)
685.572 .... 1066 packets received, 3191 bps, 39.88%, Err 35 (1.0e-05)
687.767 .... 1074 packets received, 3204 bps, 40.05%, Err 35 (1.0e-05)
689.931 .... 1082 packets received, 3218 bps, 40.22%, Err 35 (1.0e-05)
692.081 .... 1090 packets received, 3232 bps, 40.40%, Err 35 (1.0e-05)
694.262 .... 1098 packets received, 3245 bps, 40.56%, Err 35 (1.0e-05)
696.427 .... 1106 packets received, 3259 bps, 40.73%, Err 35 (1.0e-05)
698.577 .... 1114 packets received, 3272 bps, 40.90%, Err 35 (1.0e-05)
704.557 .... 1122 packets received, 3267 bps, 40.84%, Err 35 (9.9e-06)
708.585 .... 1123 packets received, 3252 bps, 40.65%, Err 35 (9.9e-06)
712.644 .... 1124 packets received, 3236 bps, 40.45%, Err 35 (9.9e-06)
716.642 .... 1125 packets received, 3221 bps, 40.26%, Err 35 (9.9e-06)
720.714 .... 1126 packets received, 3205 bps, 40.07%, Err 35 (9.9e-06)
724.803 .... 1127 packets received, 3190 bps, 39.88%, Err 35 (9.8e-06)
728.936 .... 1128 packets received, 3175 bps, 39.69%, Err 35 (9.8e-06)
733.085 .... 1129 packets received, 3160 bps, 39.50%, Err 35 (9.8e-06)
737.306 .... 1130 packets received, 3144 bps, 39.30%, Err 35 (9.8e-06)
741.356 .... 1131 packets received, 3130 bps, 39.12%, Err 35 (9.8e-06)
745.495 .... 1132 packets received, 3115 bps, 38.94%, Err 35 (9.8e-06)
749.662 .... 1133 packets received, 3101 bps, 38.76%, Err 35 (9.8e-06)
753.754 .... 1134 packets received, 3086 bps, 38.58%, Err 35 (9.8e-06)
757.933 .... 1135 packets received, 3072 bps, 38.40%, Err 35 (9.8e-06)
762.142 .... 1136 packets received, 3058 bps, 38.22%, Err 35 (9.8e-06)
766.314 .... 1137 packets received, 3044 bps, 38.05%, Err 35 (9.8e-06)
770.414 .... 1138 packets received, 3030 bps, 37.88%, Err 35 (9.8e-06)
774.481 .... 1139 packets received, 3017 bps, 37.71%, Err 35 (9.7e-06)
778.633 .... 1140 packets received, 3004 bps, 37.54%, Err 35 (9.7e-06)
782.728 .... 1141 packets received, 2990 bps, 37.38%, Err 35 (9.7e-06)
786.764 .... 1142 packets received, 2978 bps, 37.22%, Err 35 (9.7e-06)
790.856 .... 1143 packets received, 2965 bps, 37.06%, Err 35 (9.7e-06)
795.073 .... 1144 packets received, 2952 bps, 36.90%, Err 35 (9.7e-06)
799.147 .... 1145 packets received, 2939 bps, 36.74%, Err 35 (9.7e-06)
801.367 .... 1149 packets received, 2941 bps, 36.77%, Err 35 (9.7e-06)
805.956 .... 1156 packets received, 2942 bps, 36.78%, Err 36 (9.8e-06)
808.121 .... 1164 packets received, 2955 bps, 36.93%, Err 36 (9.8e-06)
811.376 .... 1166 packets received, 2948 bps, 36.85%, Err 36 (9.7e-06)
813.543 .... 1174 packets received, 2960 bps, 37.00%, Err 37 (1.0e-05)
815.710 .... 1182 packets received, 2972 bps, 37.15%, Err 37 (9.9e-06)
817.875 .... 1190 packets received, 2985 bps, 37.31%, Err 37 (9.9e-06)
820.041 .... 1198 packets received, 2997 bps, 37.46%, Err 37 (9.8e-06)
822.207 .... 1206 packets received, 3009 bps, 37.61%, Err 37 (9.8e-06)
824.388 .... 1214 packets received, 3021 bps, 37.76%, Err 38 (1.0e-05)
827.357 .... 1215 packets received, 3012 bps, 37.65%, Err 39 (1.0e-05)
829.478 .... 1223 packets received, 3024 bps, 37.80%, Err 39 (1.0e-05)
831.703 .... 1231 packets received, 3036 bps, 37.95%, Err 39 (1.0e-05)
833.870 .... 1239 packets received, 3048 bps, 38.10%, Err 39 (1.0e-05)
838.745 .... 1247 packets received, 3050 bps, 38.12%, Err 40 (1.0e-05)
840.848 .... 1255 packets received, 3061 bps, 38.27%, Err 41 (1.0e-05)
843.074 .... 1263 packets received, 3073 bps, 38.41%, Err 41 (1.0e-05)
847.113 .... 1267 packets received, 3068 bps, 38.35%, Err 41 (1.0e-05)
849.292 .... 1275 packets received, 3079 bps, 38.49%, Err 41 (1.0e-05)
852.551 .... 1277 packets received, 3072 bps, 38.40%, Err 41 (1.0e-05)
854.724 .... 1285 packets received, 3084 bps, 38.55%, Err 41 (1.0e-05)
857.942 .... 1287 packets received, 3077 bps, 38.46%, Err 41 (1.0e-05)
860.114 .... 1295 packets received, 3088 bps, 38.60%, Err 41 (1.0e-05)
863.361 .... 1297 packets received, 3081 bps, 38.52%, Err 41 (1.0e-05)
865.539 .... 1305 packets received, 3092 bps, 38.66%, Err 41 (9.9e-06)
868.790 .... 1307 packets received, 3086 bps, 38.57%, Err 42 (1.0e-05)
870.970 .... 1315 packets received, 3097 bps, 38.71%, Err 42 (1.0e-05)
874.205 .... 1317 packets received, 3090 bps, 38.62%, Err 42 (1.0e-05)
876.377 .... 1325 packets received, 3101 bps, 38.76%, Err 42 (9.9e-06)
879.625 .... 1327 packets received, 3094 bps, 38.68%, Err 42 (9.9e-06)
881.796 .... 1335 packets received, 3105 bps, 38.81%, Err 42 (9.8e-06)
885.036 .... 1337 packets received, 3098 bps, 38.73%, Err 42 (9.8e-06)
887.223 .... 1345 packets received, 3109 bps, 38.87%, Err 43 (1.0e-05)
889.367 .... 1353 packets received, 3120 bps, 39.00%, Err 43 (9.9e-06)
891.534 .... 1361 packets received, 3131 bps, 39.14%, Err 43 (9.9e-06)
895.870 .... 1367 packets received, 3130 bps, 39.12%, Err 43 (9.8e-06)
898.041 .... 1375 packets received, 3140 bps, 39.25%, Err 43 (9.8e-06)
900.205 .... 1383 packets received, 3151 bps, 39.39%, Err 43 (9.7e-06)
904.618 .... 1385 packets received, 3140 bps, 39.25%, Err 43 (9.7e-06)
908.778 .... 1386 packets received, 3128 bps, 39.10%, Err 43 (9.7e-06)
912.951 .... 1387 packets received, 3116 bps, 38.95%, Err 43 (9.7e-06)
917.008 .... 1388 packets received, 3104 bps, 38.80%, Err 43 (9.7e-06)
921.143 .... 1389 packets received, 3093 bps, 38.66%, Err 43 (9.7e-06)
925.244 .... 1390 packets received, 3081 bps, 38.51%, Err 43 (9.7e-06)
929.317 .... 1391 packets received, 3070 bps, 38.37%, Err 43 (9.7e-06)
933.437 .... 1392 packets received, 3058 bps, 38.23%, Err 44 (9.9e-06)
937.509 .... 1393 packets received, 3047 bps, 38.09%, Err 44 (9.9e-06)
941.514 .... 1394 packets received, 3036 bps, 37.96%, Err 44 (9.9e-06)
945.615 .... 1395 packets received, 3025 bps, 37.82%, Err 44 (9.9e-06)
949.699 .... 1396 packets received, 3015 bps, 37.68%, Err 44 (9.9e-06)
953.752 .... 1397 packets received, 3004 bps, 37.55%, Err 44 (9.9e-06)
957.910 .... 1398 packets received, 2993 bps, 37.41%, Err 44 (9.9e-06)
961.947 .... 1399 packets received, 2983 bps, 37.28%, Err 44 (9.9e-06)
966.078 .... 1400 packets received, 2972 bps, 37.15%, Err 44 (9.9e-06)
970.134 .... 1401 packets received, 2962 bps, 37.02%, Err 44 (9.9e-06)
974.217 .... 1402 packets received, 2951 bps, 36.89%, Err 44 (9.8e-06)
978.260 .... 1403 packets received, 2941 bps, 36.76%, Err 44 (9.8e-06)
982.384 .... 1404 packets received, 2931 bps, 36.64%, Err 44 (9.8e-06)
986.501 .... 1405 packets received, 2921 bps, 36.51%, Err 44 (9.8e-06)
990.627 .... 1406 packets received, 2911 bps, 36.38%, Err 44 (9.8e-06)
994.694 .... 1407 packets received, 2901 bps, 36.26%, Err 44 (9.8e-06)
1001.338 .... 1408 packets received, 2883 bps, 36.04%, Err 45 (1.0e-05)
1005.414 .... 1413 packets received, 2882 bps, 36.02%, Err 47 (1.0e-05)
1007.541 .... 1421 packets received, 2892 bps, 36.15%, Err 47 (1.0e-05)
1009.742 .... 1429 packets received, 2902 bps, 36.28%, Err 47 (1.0e-05)
1011.912 .... 1437 packets received, 2912 bps, 36.40%, Err 47 (1.0e-05)
1014.095 .... 1445 packets received, 2922 bps, 36.52%, Err 47 (1.0e-05)
1016.263 .... 1453 packets received, 2932 bps, 36.65%, Err 47 (1.0e-05)
1018.415 .... 1461 packets received, 2942 bps, 36.77%, Err 47 (1.0e-05)
1020.598 .... 1469 packets received, 2952 bps, 36.89%, Err 47 (1.0e-05)
1022.750 .... 1477 packets received, 2961 bps, 37.02%, Err 48 (1.0e-05)
1025.736 .... 1478 packets received, 2955 bps, 36.93%, Err 48 (1.0e-05)
1027.844 .... 1486 packets received, 2965 bps, 37.06%, Err 48 (1.0e-05)
1030.074 .... 1494 packets received, 2974 bps, 37.18%, Err 48 (1.0e-05)
1032.249 .... 1502 packets received, 2984 bps, 37.30%, Err 48 (1.0e-05)
1036.293 .... 1507 packets received, 2982 bps, 37.27%, Err 49 (1.0e-05)
1038.410 .... 1515 packets received, 2992 bps, 37.40%, Err 49 (1.0e-05)
1040.620 .... 1523 packets received, 3001 bps, 37.51%, Err 49 (1.0e-05)
1044.712 .... 1527 packets received, 2997 bps, 37.46%, Err 49 (1.0e-05)
1046.859 .... 1535 packets received, 3007 bps, 37.58%, Err 49 (1.0e-05)
1077.194 .... 1537 packets received, 2926 bps, 36.57%, Err 54 (1.1e-05)
1083.133 .... 1538 packets received, 2912 bps, 36.39%, Err 55 (1.1e-05)
1085.265 .... 1546 packets received, 2921 bps, 36.51%, Err 55 (1.1e-05)
1087.491 .... 1554 packets received, 2930 bps, 36.63%, Err 55 (1.1e-05)
1092.089 .... 1558 packets received, 2925 bps, 36.57%, Err 55 (1.1e-05)
1096.422 .... 1564 packets received, 2925 bps, 36.56%, Err 56 (1.1e-05)
1098.516 .... 1572 packets received, 2934 bps, 36.68%, Err 56 (1.1e-05)
1103.027 .... 1579 packets received, 2935 bps, 36.69%, Err 57 (1.1e-05)
1108.779 .... 1581 packets received, 2924 bps, 36.55%, Err 57 (1.1e-05)
1112.953 .... 1582 packets received, 2915 bps, 36.43%, Err 57 (1.1e-05)
1117.006 .... 1583 packets received, 2906 bps, 36.32%, Err 57 (1.1e-05)
1121.139 .... 1584 packets received, 2897 bps, 36.21%, Err 57 (1.1e-05)
1125.328 .... 1585 packets received, 2888 bps, 36.10%, Err 57 (1.1e-05)
1129.469 .... 1586 packets received, 2879 bps, 35.99%, Err 57 (1.1e-05)
1133.540 .... 1587 packets received, 2871 bps, 35.88%, Err 57 (1.1e-05)
1137.649 .... 1588 packets 