000.000 =============================================================
000.000                     Station A                               
000.000 -------------------------------------------------------------
000.000 Protocol.lib, version 4.0, jiangyanjun0718@bupt.edu.cn
000.000 Channel: 8000 bps, 270 ms propagation delay, bit error rate 1.0E-04
000.000 Log file "afber.log", TCP port 59144, debug mask 0x00
000.000 Station A is waiting for station B on TCP port 59144 ... Done.
000.732 New epoch: Sat Apr  8 15:25:40 2023
000.732 =================================================================
000.732 
000.732 Designed by Li Ruobin, build: Apr  8 2023  15:23:45
006.668 .... 1 packets received, 361 bps, 4.51%, Err 7 (1.5e-04)
015.557 .... 2 packets received, 281 bps, 3.52%, Err 12 (1.0e-04)
023.915 .... 5 packets received, 447 bps, 5.58%, Err 17 (9.2e-05)
033.059 .... 7 packets received, 447 bps, 5.59%, Err 27 (1.0e-04)
042.485 .... 8 packets received, 395 bps, 4.94%, Err 38 (1.1e-04)
048.454 .... 11 packets received, 475 bps, 5.93%, Err 42 (1.1e-04)
055.643 .... 19 packets received, 712 bps, 8.90%, Err 48 (1.1e-04)
061.384 .... 24 packets received, 814 bps, 10.17%, Err 52 (1.1e-04)
063.481 .... 32 packets received, 1049 bps, 13.11%, Err 53 (1.1e-04)
069.513 .... 40 packets received, 1196 bps, 14.94%, Err 55 (1.0e-04)
073.263 .... 44 packets received, 1247 bps, 15.59%, Err 58 (1.0e-04)
084.864 .... 47 packets received, 1148 bps, 14.35%, Err 68 (1.0e-04)
089.174 .... 50 packets received, 1161 bps, 14.52%, Err 71 (1.0e-04)
094.308 .... 53 packets received, 1163 bps, 14.54%, Err 74 (9.9e-05)
099.381 .... 56 packets received, 1166 bps, 14.57%, Err 77 (9.8e-05)
105.076 .... 57 packets received, 1122 bps, 14.02%, Err 81 (9.7e-05)
110.948 .... 59 packets received, 1099 bps, 13.74%, Err 87 (9.9e-05)
117.517 .... 60 packets received, 1055 bps, 13.18%, Err 91 (9.7e-05)
130.720 .... 62 packets received, 979 bps, 12.23%, Err 104 (1.0e-04)
137.143 .... 65 packets received, 978 bps, 12.22%, Err 109 (1.0e-04)
143.681 .... 68 packets received, 976 bps, 12.20%, Err 114 (1.0e-04)
163.869 .... 76 packets received, 956 bps, 11.95%, Err 136 (1.0e-04)
165.960 .... 84 packets received, 1043 bps, 13.04%, Err 136 (1.0e-04)
178.449 .... 88 packets received, 1016 bps, 12.69%, Err 147 (1.0e-04)
184.714 .... 90 packets received, 1003 bps, 12.54%, Err 153 (1.0e-04)
196.860 .... 95 packets received, 993 bps, 12.42%, Err 159 (1.0e-04)
203.047 .... 102 packets received, 1034 bps, 12.92%, Err 164 (1.0e-04)
205.147 .... 110 packets received, 1103 bps, 13.79%, Err 165 (1.0e-04)
211.166 .... 117 packets received, 1140 bps, 14.25%, Err 169 (1.0e-04)
215.697 .... 124 packets received, 1183 bps, 14.79%, Err 174 (1.0e-04)
219.252 .... 127 packets received, 1192 bps, 14.90%, Err 178 (1.0e-04)
222.475 .... 129 packets received, 1193 bps, 14.91%, Err 180 (1.0e-04)
225.975 .... 132 packets received, 1202 bps, 15.02%, Err 184 (1.0e-04)
229.486 .... 133 packets received, 1192 bps, 14.90%, Err 185 (1.0e-04)
231.663 .... 141 packets received, 1252 bps, 15.65%, Err 185 (1.0e-04)
235.986 .... 147 packets received, 1281 bps, 16.01%, Err 189 (1.0e-04)
238.950 .... 148 packets received, 1274 bps, 15.92%, Err 190 (1.0e-04)
243.017 .... 150 packets received, 1269 bps, 15.87%, Err 194 (1.0e-04)
245.132 .... 158 packets received, 1325 bps, 16.57%, Err 194 (9.9e-05)
250.068 .... 163 packets received, 1340 bps, 16.75%, Err 200 (1.0e-04)
252.214 .... 171 packets received, 1394 bps, 17.43%, Err 200 (9.9e-05)
256.494 .... 177 packets received, 1419 bps, 17.73%, Err 205 (1.0e-04)
260.570 .... 182 packets received, 1436 bps, 17.95%, Err 210 (1.0e-04)
262.674 .... 190 packets received, 1487 bps, 18.59%, Err 210 (1.0e-04)
265.948 .... 192 packets received, 1484 bps, 18.55%, Err 215 (1.0e-04)
268.118 .... 200 packets received, 1533 bps, 19.17%, Err 217 (1.0e-04)
274.040 .... 202 packets received, 1515 bps, 18.94%, Err 226 (1.0e-04)
281.041 .... 204 packets received, 1492 bps, 18.65%, Err 233 (1.0e-04)
285.088 .... 207 packets received, 1492 bps, 18.65%, Err 236 (1.0e-04)
287.197 .... 215 packets received, 1538 bps, 19.23%, Err 237 (1.0e-04)
290.498 .... 216 packets received, 1528 bps, 19.10%, Err 241 (1.0e-04)
301.592 .... 218 packets received, 1485 bps, 18.57%, Err 248 (1.0e-04)
307.484 .... 224 packets received, 1497 bps, 18.71%, Err 250 (1.0e-04)
313.413 .... 232 packets received, 1521 bps, 19.01%, Err 252 (1.0e-04)
315.542 .... 240 packets received, 1563 bps, 19.53%, Err 252 (1.0e-04)
318.833 .... 242 packets received, 1559 bps, 19.49%, Err 256 (1.0e-04)
324.226 .... 250 packets received, 1584 bps, 19.80%, Err 260 (1.0e-04)
329.588 .... 256 packets received, 1596 bps, 19.94%, Err 267 (1.0e-04)
333.098 .... 257 packets received, 1585 bps, 19.81%, Err 268 (1.0e-04)
335.213 .... 265 packets received, 1624 bps, 20.30%, Err 268 (1.0e-04)
339.027 .... 268 packets received, 1624 bps, 20.30%, Err 269 (9.9e-05)
342.824 .... 272 packets received, 1630 bps, 20.37%, Err 274 (1.0e-04)
345.780 .... 273 packets received, 1622 bps, 20.27%, Err 276 (1.0e-04)
349.273 .... 275 packets received, 1617 bps, 20.21%, Err 279 (1.0e-04)
353.839 .... 281 packets received, 1631 bps, 20.39%, Err 282 (1.0e-04)
359.230 .... 288 packets received, 1646 bps, 20.58%, Err 284 (9.9e-05)
361.446 .... 296 packets received, 1682 bps, 21.02%, Err 284 (9.8e-05)
363.594 .... 304 packets received, 1717 bps, 21.46%, Err 285 (9.8e-05)
369.231 .... 305 packets received, 1696 bps, 21.20%, Err 290 (9.8e-05)
378.959 .... 308 packets received, 1669 bps, 20.86%, Err 301 (9.9e-05)
382.738 .... 309 packets received, 1658 bps, 20.72%, Err 304 (9.9e-05)
387.328 .... 312 packets received, 1654 bps, 20.67%, Err 309 (1.0e-04)
407.824 .... 320 packets received, 1611 bps, 20.14%, Err 326 (1.0e-04)
414.063 .... 326 packets received, 1616 bps, 20.20%, Err 333 (1.0e-04)
419.130 .... 328 packets received, 1607 bps, 20.08%, Err 338 (1.0e-04)
421.241 .... 336 packets received, 1637 bps, 20.47%, Err 338 (1.0e-04)
425.882 .... 339 packets received, 1634 bps, 20.43%, Err 342 (1.0e-04)
427.977 .... 347 packets received, 1664 bps, 20.80%, Err 343 (1.0e-04)
433.433 .... 353 packets received, 1672 bps, 20.90%, Err 347 (1.0e-04)
440.950 .... 361 packets received, 1680 bps, 21.01%, Err 355 (1.0e-04)
443.154 .... 369 packets received, 1709 bps, 21.36%, Err 355 (1.0e-04)
445.296 .... 377 packets received, 1738 bps, 21.72%, Err 355 (1.0e-04)
449.022 .... 381 packets received, 1742 bps, 21.77%, Err 360 (1.0e-04)
452.066 .... 382 packets received, 1734 bps, 21.68%, Err 361 (1.0e-04)
455.035 .... 383 packets received, 1728 bps, 21.59%, Err 364 (1.0e-04)
460.155 .... 388 packets received, 1731 bps, 21.63%, Err 367 (1.0e-04)
464.433 .... 390 packets received, 1723 bps, 21.54%, Err 371 (1.0e-04)
470.599 .... 397 packets received, 1731 bps, 21.64%, Err 374 (9.9e-05)
480.099 .... 403 packets received, 1723 bps, 21.53%, Err 384 (1.0e-04)
484.632 .... 407 packets received, 1723 bps, 21.54%, Err 388 (1.0e-04)
490.088 .... 410 packets received, 1717 bps, 21.46%, Err 395 (1.0e-04)
496.584 .... 416 packets received, 1719 bps, 21.49%, Err 401 (1.0e-04)
502.519 .... 422 packets received, 1723 bps, 21.54%, Err 406 (1.0e-04)
507.086 .... 423 packets received, 1712 bps, 21.40%, Err 409 (1.0e-04)
519.164 .... 428 packets received, 1692 bps, 21.15%, Err 423 (1.0e-04)
524.874 .... 429 packets received, 1677 bps, 20.96%, Err 426 (1.0e-04)
535.188 .... 430 packets received, 1649 bps, 20.61%, Err 437 (1.0e-04)
541.294 .... 435 packets received, 1649 bps, 20.61%, Err 441 (1.0e-04)
548.070 .... 442 packets received, 1655 bps, 20.68%, Err 446 (1.0e-04)
565.353 .... 449 packets received, 1629 bps, 20.37%, Err 458 (1.0e-04)
571.217 .... 452 packets received, 1623 bps, 20.29%, Err 465 (1.0e-04)
578.030 .... 454 packets received, 1611 bps, 20.14%, Err 471 (1.0e-04)
585.482 .... 459 packets received, 1608 bps, 20.10%, Err 476 (1.0e-04)
594.947 .... 466 packets received, 1607 bps, 20.09%, Err 479 (1.0e-04)
601.731 .... 470 packets received, 1602 bps, 20.03%, Err 486 (1.0e-04)
619.478 .... 471 packets received, 1560 bps, 19.50%, Err 503 (1.0e-04)
621.605 .... 479 packets received, 1581 bps, 19.76%, Err 503 (1.0e-04)
623.745 .... 487 packets received, 1602 bps, 20.02%, Err 504 (1.0e-04)
628.170 .... 490 packets received, 1600 bps, 20.00%, Err 508 (1.0e-04)
631.677 .... 491 packets received, 1594 bps, 19.93%, Err 510 (1.0e-04)
635.737 .... 493 packets received, 1591 bps, 19.88%, Err 515 (1.0e-04)
639.231 .... 494 packets received, 1585 bps, 19.81%, Err 518 (1.0e-04)
641.325 .... 502 packets received, 1606 bps, 20.07%, Err 519 (1.0e-04)
645.705 .... 506 packets received, 1607 bps, 20.09%, Err 521 (1.0e-04)
647.862 .... 514 packets received, 1627 bps, 20.34%, Err 521 (1.0e-04)
651.107 .... 516 packets received, 1626 bps, 20.32%, Err 525 (1.0e-04)
654.094 .... 517 packets received, 1621 bps, 20.27%, Err 528 (1.0e-04)
657.618 .... 518 packets received, 1616 bps, 20.20%, Err 531 (1.0e-04)
659.702 .... 526 packets received, 1635 bps, 20.44%, Err 531 (1.0e-04)
664.070 .... 530 packets received, 1637 bps, 20.46%, Err 534 (1.0e-04)
668.875 .... 538 packets received, 1650 bps, 20.62%, Err 536 (1.0e-04)
671.098 .... 546 packets received, 1669 bps, 20.86%, Err 537 (1.0e-04)
674.052 .... 547 packets received, 1664 bps, 20.81%, Err 540 (1.0e-04)
678.916 .... 555 packets received, 1677 bps, 20.96%, Err 546 (1.0e-04)
682.163 .... 556 packets received, 1672 bps, 20.90%, Err 550 (1.0e-04)
684.260 .... 564 packets received, 1691 bps, 21.13%, Err 550 (1.0e-04)
689.973 .... 572 packets received, 1700 bps, 21.25%, Err 555 (1.0e-04)
693.494 .... 575 packets received, 1701 bps, 21.26%, Err 557 (1.0e-04)
698.614 .... 581 packets received, 1706 bps, 21.32%, Err 559 (1.0e-04)
706.984 .... 585 packets received, 1697 bps, 21.21%, Err 569 (1.0e-04)
709.115 .... 593 packets received, 1715 bps, 21.44%, Err 570 (1.0e-04)
713.451 .... 594 packets received, 1707 bps, 21.34%, Err 576 (1.0e-04)
719.411 .... 600 packets received, 1710 bps, 21.38%, Err 581 (1.0e-04)
721.516 .... 608 packets received, 1728 bps, 21.60%, Err 581 (1.0e-04)
727.753 .... 615 packets received, 1733 bps, 21.66%, Err 583 (1.0e-04)
729.867 .... 623 packets received, 1751 bps, 21.88%, Err 583 (1.0e-04)
740.983 .... 629 packets received, 1741 bps, 21.76%, Err 593 (1.0e-04)
746.367 .... 634 packets received, 1742 bps, 21.77%, Err 600 (1.0e-04)
750.433 .... 636 packets received, 1738 bps, 21.73%, Err 607 (1.0e-04)
754.194 .... 637 packets received, 1732 bps, 21.65%, Err 609 (1.0e-04)
756.288 .... 645 packets received, 1749 bps, 21.86%, Err 611 (1.0e-04)
763.597 .... 646 packets received, 1735 bps, 21.69%, Err 616 (1.0e-04)
769.818 .... 652 packets received, 1737 bps, 21.71%, Err 619 (1.0e-04)
774.679 .... 656 packets received, 1736 bps, 21.71%, Err 622 (1.0e-04)
780.304 .... 664 packets received, 1745 bps, 21.81%, Err 629 (1.0e-04)
786.554 .... 671 packets received, 1749 bps, 21.87%, Err 631 (1.0e-04)
788.651 .... 679 packets received, 1765 bps, 22.07%, Err 631 (1.0e-04)
793.310 .... 682 packets received, 1763 bps, 22.04%, Err 634 (1.0e-04)
798.180 .... 685 packets received, 1760 bps, 22.00%, Err 638 (1.0e-04)
802.229 .... 687 packets received, 1756 bps, 21.95%, Err 643 (1.0e-04)
811.923 .... 694 packets received, 1753 bps, 21.91%, Err 652 (1.0e-04)
817.762 .... 700 packets received, 1755 bps, 21.94%, Err 658 (1.0e-04)
823.263 .... 701 packets received, 1746 bps, 21.82%, Err 660 (1.0e-04)
828.889 .... 703 packets received, 1739 bps, 21.74%, Err 666 (1.0e-04)
840.999 .... 704 packets received, 1716 bps, 21.46%, Err 674 (1.0e-04)
843.123 .... 712 packets received, 1732 bps, 21.64%, Err 674 (1.0e-04)
849.723 .... 714 packets received, 1723 bps, 21.54%, Err 681 (1.0e-04)
856.102 .... 716 packets received, 1715 bps, 21.44%, Err 684 (1.0e-04)
863.482 .... 718 packets received, 1705 bps, 21.31%, Err 694 (1.0e-04)
872.239 .... 726 packets received, 1707 bps, 21.33%, Err 698 (1.0e-04)
879.680 .... 733 packets received, 1708 bps, 21.36%, Err 703 (1.0e-04)
881.778 .... 741 packets received, 1723 bps, 21.54%, Err 703 (1.0e-04)
887.781 .... 746 packets received, 1723 bps, 21.54%, Err 710 (1.0e-04)
893.416 .... 752 packets received, 1726 bps, 21.57%, Err 714 (1.0e-04)
897.963 .... 755 packets received, 1724 bps, 21.55%, Err 718 (1.0e-04)
904.474 .... 762 packets received, 1727 bps, 21.59%, Err 723 (1.0e-04)
909.321 .... 763 packets received, 1720 bps, 21.50%, Err 728 (1.0e-04)
914.414 .... 765 packets received, 1715 bps, 21.44%, Err 732 (1.0e-04)
916.511 .... 773 packets received, 1729 bps, 21.61%, Err 733 (1.0e-04)
923.552 .... 780 packets received, 1732 bps, 21.64%, Err 737 (1.0e-04)
930.365 .... 783 packets received, 1725 bps, 21.57%, Err 744 (1.0e-04)
932.494 .... 791 packets received, 1739 bps, 21.74%, Err 745 (1.0e-04)
939.003 .... 792 packets received, 1729 bps, 21.62%, Err 752 (1.0e-04)
942.492 .... 793 packets received, 1725 bps, 21.56%, Err 754 (1.0e-04)
946.540 .... 795 packets received, 1722 bps, 21.52%, Err 757 (1.0e-04)
948.671 .... 803 packets received, 1735 bps, 21.69%, Err 757 (1.0e-04)
952.231 .... 805 packets received, 1733 bps, 21.66%, Err 762 (1.0e-04)
957.613 .... 810 packets received, 1734 bps, 21.68%, Err 766 (1.0e-04)
964.357 .... 818 packets received, 1739 bps, 21.74%, Err 773 (1.0e-04)
970.776 .... 825 packets received, 1742 bps, 21.78%, Err 780 (1.0e-04)
972.877 .... 833 packets received, 1755 bps, 21.94%, Err 780 (1.0e-04)
974.903 .... 840 packets received, 1766 bps, 22.08%, Err 780 (1.0e-04)
977.045 .... 848 packets received, 1779 bps, 22.24%, Err 782 (1.0e-04)
980.017 .... 849 packets received, 1776 bps, 22.20%, Err 784 (1.0e-04)
982.944 .... 850 packets received, 1773 bps, 22.16%, Err 786 (1.0e-04)
985.086 .... 858 packets received, 1786 bps, 22.32%, Err 786 (1.0e-04)
992.956 .... 861 packets received, 1778 bps, 22.22%, Err 789 (9.9e-05)
1007.752 .... 868 packets received, 1766 bps, 22.07%, Err 806 (1.0e-04)
1012.898 .... 870 packets received, 1761 bps, 22.01%, Err 808 (1.0e-04)
1015.002 .... 878 packets received, 1773 bps, 22.17%, Err 808 (1.0e-04)
1019.587 .... 880 packets received, 1769 bps, 22.12%, Err 813 (1.0e-04)
1024.244 .... 882 packets received, 1765 bps, 22.07%, Err 816 (1.0e-04)
1028.306 .... 884 packets received, 1762 bps, 22.03%, Err 820 (1.0e-04)
1030.413 .... 892 packets received, 1775 bps, 22.18%, Err 820 (1.0e-04)
1040.454 .... 895 packets received, 1763 bps, 22.04%, Err 835 (1.0e-04)
1043.953 .... 897 packets received, 1761 bps, 22.02%, Err 836 (1.0e-04)
1048.280 .... 899 packets received, 1758 bps, 21.98%, Err 839 (1.0e-04)
1058.544 .... 905 packets received, 1753 bps, 21.91%, Err 845 (1.0e-04)
1060.658 .... 913 packets received, 1765 bps, 22.06%, Err 847 (1.0e-04)
1070.971 .... 914 packets received, 1749 bps, 21.87%, Err 852 (1.0e-04)
1073.080 .... 922 packets received, 1761 bps, 22.02%, Err 853 (9.9e-05)
1078.780 .... 926 packets received, 1760 bps, 21.99%, Err 862 (1.0e-04)
1083.338 .... 927 packets received, 1754 bps, 21.93%, Err 866 (1.0e-04)
1088.727 .... 931 packets received, 1753 bps, 21.91%, Err 872 (1.0e-04)
1093.321 .... 932 packets received, 1747 bps, 21.84%, Err 877 (1.0e-04)
1097.671 .... 935 packets received, 1746 bps, 21.83%, Err 881 (1.0e-04)
1101.949 .... 938 packets received, 1745 bps, 21.81%, Err 885 (1.0e-04)
1107.376 .... 941 packets received, 1742 bps, 21.77%, Err 887 (1.0e-04)
1111.944 .... 944 packets received, 1740 bps, 21.75%, Err 893 (1.0e-04)
1115.978 .... 945 packets received, 1736 bps, 21.70%, Err 894 (1.0e-04)
1120.851 .... 947 packets received, 1732 bps, 21.65%, Err 897 (1.0e-04)
1132.205 .... 954 packets received, 1727 bps, 21.59%, Err 903 (1.0e-04)
1138.320 .... 958 packets received, 1725 bps, 21.56%, Err 908 (1.0e-04)
1145.083 .... 959 packets received, 1717 bps, 21.46%, Err 916 (1.0e-04)
1152.816 .... 964 packets received, 1714 bps, 21.43%, Err 921 (1.0e-04)
1160.785 .... 965 packets received, 1704 bps, 21.30%, Err 925 (1.0e-04)
1168.755 .... 967 packets received, 1696 bps, 21.20%, Err 935 (1.0e-04)
1177.246 .... 968 packets received, 1685 bps, 21.07%, Err 939 (1.0e-04)
1185.237 .... 969 packets received, 1676 bps, 20.95%, Err 950 (1.0e-04)
1194.228 .... 972 packets received, 1668 bps, 20.85%, Err 957 (1.0e-04)
1203.240 .... 976 packets received, 1663 bps, 20.78%, Err 963 (1.0e-04)
1213.108 .... 983 packets received, 1661 bps, 20.76%, Err 971 (1.0e-04)
1220.880 .... 987 packets received, 1657 bps, 20.71%, Err 979 (1.0e-04)
1233.812 .... 989 packets received, 1643 bps, 20.54%, Err 989 (1.0e-04)
1242.797 .... 995 packets received, 1641 bps, 20.51%, Err 997 (1.0e-04)
1244.908 .... 1003 packets received, 1651 bps, 20.64%, Err 997 (1.0e-04)
1247.032 .... 1011 packets received, 1662 bps, 20.77%, Err 997 (1.0e-04)
1252.807 .... 1013 packets received, 1657 bps, 20.72%, Err 1002 (1.0e-04)
1258.654 .... 1017 packets received, 1656 bps, 20.70%, Err 1009 (1.0e-04)
1265.464 .... 1022 packets received, 1655 bps, 20.69%, Err 1015 (1.0e-04)
1270.864 .... 1027 packets received, 1656 bps, 20.70%, Err 1020 (1.0e-04)
1272.993 .... 1035 packets received, 1666 bps, 20.83%, Err 1020 (1.0e-04)
1275.179 .... 1043 packets received, 1676 bps, 20.96%, Err 1022 (1.0e-04)
1281.129 .... 1044 packets received, 1670 bps, 20.88%, Err 1027 (1.0e-04)
1283.242 .... 1052 packets received, 1680 bps, 21.00%, Err 1027 (1.0e-04)
1285.461 .... 1060 packets received, 1690 bps, 21.13%, Err 1029 (1.0e-04)
1288.379 .... 1061 packets received, 1688 bps, 21.10%, Err 1031 (1.0e-04)
1290.579 .... 1069 packets received, 1698 bps, 21.22%, Err 1032 (1.0e-04)
1293.531 .... 1070 packets received, 1695 bps, 21.19%, Err 1036 (1.0e-04)
1297.040 .... 1071 packets received, 1692 bps, 21.15%, Err 1038 (1.0e-04)
1300.538 .... 1072 packets received, 1689 bps, 21.12%, Err 1041 (1.0e-04)
1302.661 .... 1080 packets received, 1699 bps, 21.24%, Err 1041 (1.0e-04)
1306.717 .... 1082 packets received, 1697 bps, 21.21%, Err 1043 (1.0e-04)
1313.256 .... 1084 packets received, 1692 bps, 21.15%, Err 1051 (1.0e-04)
1318.320 .... 1092 packets received, 1698 bps, 21.22%, Err 1055 (1.0e-04)
1320.522 .... 1100 packets received, 1707 bps, 21.34%, Err 1057 (1.0e-04)
1323.496 .... 1101 packets received, 1705 bps, 21.31%, Err 1058 (1.0e-04)
1325.595 .... 1109 packets received, 1715 bps, 21.43%, Err 1059 (1.0e-04)
1329.684 .... 1110 packets received, 1711 bps, 21.39%, Err 1062 (1.0e-04)
1334.282 .... 1112 packets received, 1708 bps, 21.35%, Err 1066 (1.0e-04)
1338.616 .... 1115 packets received, 1707 bps, 21.34%, Err 1069 (1.0e-04)
1342.376 .... 1116 packets received, 1704 bps, 21.30%, Err 1070 (1.0e-04)
1348.305 .... 1121 packets received, 1704 bps, 21.30%, Err 1078 (1.0e-04)
1353.660 .... 1125 packets received, 1703 bps, 21.29%, Err 1084 (1.0e-04)
1355.773 .... 1133 packets received, 1713 bps, 21.41%, Err 1084 (1.0e-04)
1359.897 .... 1138 packets received, 1715 bps, 21.44%, Err 1089 (1.0e-04)
1365.894 .... 1139 packets received, 1709 bps, 21.36%, Err 1092 (1.0e-04)
1369.625 .... 1142 packets received, 1709 bps, 21.36%, Err 1096 (1.0e-04)
1374.786 .... 1149 packets received, 1713 bps, 21.41%, Err 1099 (1.0e-04)
1376.879 .... 1157 packets received, 1722 bps, 21.53%, Err 1100 (1.0e-04)
1380.953 .... 1158 packets received, 1719 bps, 21.48%, Err 1104 (1.0e-04)
1387.142 .... 1165 packets received, 1721 bps, 21.52%, Err 1109 (1.0e-04)
1391.446 .... 1166 packets received, 1717 bps, 21.47%, Err 1113 (1.0e-04)
1397.689 .... 1170 packets received, 1716 bps, 21.44%, Err 1118 (1.0e-04)
1399.816 .... 1178 packets received, 1725 bps, 21.56%, Err 1119 (1.0e-04)
1405.174 .... 1180 packets received, 1721 bps, 21.51%, Err 1125 (1.0e-04)
1410.409 .... 1181 packets received, 1716 bps, 21.45%, Err 1128 (1.0e-04)
1415.259 .... 1185 packets received, 1716 bps, 21.45%, Err 1132 (1.0e-04)
1425.497 .... 1190 packets received, 1711 bps, 21.39%, Err 1141 (1.0e-04)
1430.603 .... 1192 packets received, 1708 bps, 21.35%, Err 1147 (1.0e-04)
1437.905 .... 1200 packets received, 1710 bps, 21.38%, Err 1150 (1.0e-04)
1443.267 .... 1203 packets received, 1708 bps, 21.35%, Err 1153 (1.0e-04)
1445.401 .... 1211 packets received, 1717 bps, 21.46%, Err 1154 (1.0e-04)
1450.337 .... 1214 packets received, 1715 bps, 21.44%, Err 1158 (1.0e-04)
1454.635 .... 1217 packets received, 1715 bps, 21.43%, Err 1163 (1.0e-04)
1456.766 .... 1225 packets received, 1723 bps, 21.54%, Err 1165 (1.0e-04)
1460.501 .... 1226 packets received, 1720 bps, 21.50%, Err 1166 (1.0e-04)
1464.337 .... 1230 pack