000.000 =============================================================
000.000                     Station A                               
000.000 -------------------------------------------------------------
000.000 Protocol.lib, version 4.0, jiangyanjun0718@bupt.edu.cn
000.000 Channel: 8000 bps, 270 ms propagation delay, bit error rate 0
000.000 Log file "afu.log", TCP port 59144, debug mask 0x00
000.000 Station A is waiting for station B on TCP port 59144 ... Done.
000.127 New epoch: Fri Apr  7 20:23:52 2023
000.127 =================================================================
000.127 
000.127 Designed by Li Ruobin, build: Apr  6 2023  20:48:58
002.553 .... 8 packets received, 7564 bps, 94.55%, Err 0 (0.0e+00)
004.735 .... 16 packets received, 7536 bps, 94.20%, Err 0 (0.0e+00)
006.890 .... 24 packets received, 7558 bps, 94.48%, Err 0 (0.0e+00)
009.062 .... 32 packets received, 7555 bps, 94.43%, Err 0 (0.0e+00)
011.227 .... 40 packets received, 7557 bps, 94.46%, Err 0 (0.0e+00)
013.396 .... 48 packets received, 7557 bps, 94.46%, Err 0 (0.0e+00)
015.563 .... 56 packets received, 7557 bps, 94.46%, Err 0 (0.0e+00)
017.724 .... 64 packets received, 7560 bps, 94.50%, Err 0 (0.0e+00)
019.884 .... 72 packets received, 7563 bps, 94.54%, Err 0 (0.0e+00)
022.081 .... 80 packets received, 7552 bps, 94.40%, Err 0 (0.0e+00)
024.235 .... 88 packets received, 7557 bps, 94.46%, Err 0 (0.0e+00)
026.408 .... 96 packets received, 7556 bps, 94.45%, Err 0 (0.0e+00)
028.559 .... 104 packets received, 7560 bps, 94.51%, Err 0 (0.0e+00)
030.737 .... 112 packets received, 7558 bps, 94.47%, Err 0 (0.0e+00)
032.904 .... 120 packets received, 7558 bps, 94.47%, Err 0 (0.0e+00)
035.083 .... 128 packets received, 7555 bps, 94.44%, Err 0 (0.0e+00)
037.233 .... 136 packets received, 7559 bps, 94.49%, Err 0 (0.0e+00)
039.411 .... 144 packets received, 7557 bps, 94.46%, Err 0 (0.0e+00)
041.575 .... 152 packets received, 7558 bps, 94.47%, Err 0 (0.0e+00)
043.748 .... 160 packets received, 7557 bps, 94.46%, Err 0 (0.0e+00)
045.924 .... 168 packets received, 7556 bps, 94.45%, Err 0 (0.0e+00)
048.076 .... 176 packets received, 7558 bps, 94.48%, Err 0 (0.0e+00)
050.256 .... 184 packets received, 7556 bps, 94.46%, Err 0 (0.0e+00)
052.420 .... 192 packets received, 7557 bps, 94.46%, Err 0 (0.0e+00)
054.570 .... 200 packets received, 7560 bps, 94.49%, Err 0 (0.0e+00)
056.759 .... 208 packets received, 7557 bps, 94.46%, Err 0 (0.0e+00)
058.924 .... 216 packets received, 7557 bps, 94.46%, Err 0 (0.0e+00)
061.094 .... 224 packets received, 7557 bps, 94.46%, Err 0 (0.0e+00)
063.258 .... 232 packets received, 7557 bps, 94.47%, Err 0 (0.0e+00)
065.426 .... 240 packets received, 7557 bps, 94.47%, Err 0 (0.0e+00)
067.594 .... 248 packets received, 7557 bps, 94.47%, Err 0 (0.0e+00)
069.774 .... 256 packets received, 7556 bps, 94.45%, Err 0 (0.0e+00)
071.930 .... 264 packets received, 7557 bps, 94.47%, Err 0 (0.0e+00)
074.100 .... 272 packets received, 7557 bps, 94.46%, Err 0 (0.0e+00)
076.268 .... 280 packets received, 7557 bps, 94.46%, Err 0 (0.0e+00)
078.439 .... 288 packets received, 7557 bps, 94.46%, Err 0 (0.0e+00)
080.604 .... 296 packets received, 7557 bps, 94.46%, Err 0 (0.0e+00)
082.759 .... 304 packets received, 7558 bps, 94.48%, Err 0 (0.0e+00)
084.945 .... 312 packets received, 7557 bps, 94.46%, Err 0 (0.0e+00)
087.111 .... 320 packets received, 7557 bps, 94.46%, Err 0 (0.0e+00)
089.293 .... 328 packets received, 7556 bps, 94.45%, Err 0 (0.0e+00)
091.424 .... 336 packets received, 7559 bps, 94.48%, Err 0 (0.0e+00)
093.623 .... 344 packets received, 7556 bps, 94.45%, Err 0 (0.0e+00)
095.760 .... 352 packets received, 7559 bps, 94.48%, Err 0 (0.0e+00)
097.942 .... 360 packets received, 7558 bps, 94.47%, Err 0 (0.0e+00)
100.118 .... 368 packets received, 7557 bps, 94.46%, Err 0 (0.0e+00)
102.287 .... 376 packets received, 7557 bps, 94.46%, Err 0 (0.0e+00)
104.459 .... 384 packets received, 7557 bps, 94.46%, Err 0 (0.0e+00)
106.618 .... 392 packets received, 7557 bps, 94.47%, Err 0 (0.0e+00)
108.783 .... 400 packets received, 7557 bps, 94.47%, Err 0 (0.0e+00)
110.954 .... 408 packets received, 7557 bps, 94.47%, Err 0 (0.0e+00)
113.136 .... 416 packets received, 7556 bps, 94.45%, Err 0 (0.0e+00)
115.294 .... 424 packets received, 7557 bps, 94.46%, Err 0 (0.0e+00)
117.461 .... 432 packets received, 7557 bps, 94.46%, Err 0 (0.0e+00)
119.632 .... 440 packets received, 7557 bps, 94.46%, Err 0 (0.0e+00)
121.802 .... 448 packets received, 7557 bps, 94.46%, Err 0 (0.0e+00)
123.960 .... 456 packets received, 7557 bps, 94.47%, Err 0 (0.0e+00)
126.124 .... 464 packets received, 7558 bps, 94.47%, Err 0 (0.0e+00)
128.301 .... 472 packets received, 7557 bps, 94.46%, Err 0 (0.0e+00)
130.463 .... 480 packets received, 7557 bps, 94.47%, Err 0 (0.0e+00)
132.638 .... 488 packets received, 7557 bps, 94.46%, Err 0 (0.0e+00)
134.797 .... 496 packets received, 7558 bps, 94.47%, Err 0 (0.0e+00)
136.988 .... 504 packets received, 7556 bps, 94.45%, Err 0 (0.0e+00)
139.137 .... 512 packets received, 7557 bps, 94.47%, Err 0 (0.0e+00)
141.329 .... 520 packets received, 7556 bps, 94.45%, Err 0 (0.0e+00)
143.482 .... 528 packets received, 7557 bps, 94.46%, Err 0 (0.0e+00)
145.639 .... 536 packets received, 7557 bps, 94.47%, Err 0 (0.0e+00)
147.811 .... 544 packets received, 7557 bps, 94.46%, Err 0 (0.0e+00)
149.983 .... 552 packets received, 7557 bps, 94.46%, Err 0 (0.0e+00)
152.161 .... 560 packets received, 7556 bps, 94.46%, Err 0 (0.0e+00)
154.325 .... 568 packets received, 7557 bps, 94.46%, Err 0 (0.0e+00)
156.477 .... 576 packets received, 7557 bps, 94.47%, Err 0 (0.0e+00)
158.655 .... 584 packets received, 7557 bps, 94.46%, Err 0 (0.0e+00)
160.834 .... 592 packets received, 7556 bps, 94.46%, Err 0 (0.0e+00)
162.990 .... 600 packets received, 7557 bps, 94.46%, Err 0 (0.0e+00)
165.156 .... 608 packets received, 7557 bps, 94.46%, Err 0 (0.0e+00)
167.324 .... 616 packets received, 7557 bps, 94.46%, Err 0 (0.0e+00)
169.490 .... 624 packets received, 7557 bps, 94.47%, Err 0 (0.0e+00)
171.658 .... 632 packets received, 7557 bps, 94.47%, Err 0 (0.0e+00)
173.827 .... 640 packets received, 7557 bps, 94.46%, Err 0 (0.0e+00)
176.010 .... 648 packets received, 7557 bps, 94.46%, Err 0 (0.0e+00)
178.158 .... 656 packets received, 7557 bps, 94.47%, Err 0 (0.0e+00)
180.324 .... 664 packets received, 7557 bps, 94.47%, Err 0 (0.0e+00)
182.508 .... 672 packets received, 7557 bps, 94.46%, Err 0 (0.0e+00)
184.672 .... 680 packets received, 7557 bps, 94.46%, Err 0 (0.0e+00)
186.836 .... 688 packets received, 7557 bps, 94.46%, Err 0 (0.0e+00)
188.999 .... 696 packets received, 7557 bps, 94.47%, Err 0 (0.0e+00)
191.165 .... 704 packets received, 7557 bps, 94.47%, Err 0 (0.0e+00)
193.359 .... 712 packets received, 7556 bps, 94.46%, Err 0 (0.0e+00)
195.507 .... 720 packets received, 7557 bps, 94.46%, Err 0 (0.0e+00)
197.662 .... 728 packets received, 7558 bps, 94.47%, Err 0 (0.0e+00)
199.847 .... 736 packets received, 7557 bps, 94.46%, Err 0 (0.0e+00)
201.999 .... 744 packets received, 7558 bps, 94.47%, Err 0 (0.0e+00)
204.186 .... 752 packets received, 7557 bps, 94.46%, Err 0 (0.0e+00)
206.350 .... 760 packets received, 7557 bps, 94.46%, Err 0 (0.0e+00)
208.522 .... 768 packets received, 7557 bps, 94.46%, Err 0 (0.0e+00)
210.685 .... 776 packets received, 7557 bps, 94.46%, Err 0 (0.0e+00)
212.851 .... 784 packets received, 7557 bps, 94.46%, Err 0 (0.0e+00)
215.021 .... 792 packets received, 7557 bps, 94.46%, Err 0 (0.0e+00)
217.201 .... 800 packets received, 7557 bps, 94.46%, Err 0 (0.0e+00)
219.354 .... 808 packets received, 7557 bps, 94.47%, Err 0 (0.0e+00)
221.509 .... 816 packets received, 7558 bps, 94.47%, Err 0 (0.0e+00)
223.709 .... 824 packets received, 7557 bps, 94.46%, Err 0 (0.0e+00)
225.869 .... 832 packets received, 7557 bps, 94.46%, Err 0 (0.0e+00)
228.022 .... 840 packets received, 7557 bps, 94.47%, Err 0 (0.0e+00)
230.195 .... 848 packets received, 7557 bps, 94.46%, Err 0 (0.0e+00)
232.366 .... 856 packets received, 7557 bps, 94.46%, Err 0 (0.0e+00)
234.531 .... 864 packets received, 7557 bps, 94.46%, Err 0 (0.0e+00)
236.703 .... 872 packets received, 7557 bps, 94.46%, Err 0 (0.0e+00)
238.883 .... 880 packets received, 7557 bps, 94.46%, Err 0 (0.0e+00)
241.028 .... 888 packets received, 7557 bps, 94.47%, Err 0 (0.0e+00)
243.205 .... 896 packets received, 7557 bps, 94.46%, Err 0 (0.0e+00)
245.366 .... 904 packets received, 7557 bps, 94.47%, Err 0 (0.0e+00)
247.539 .... 912 packets received, 7557 bps, 94.46%, Err 0 (0.0e+00)
249.712 .... 920 packets received, 7557 bps, 94.46%, Err 0 (0.0e+00)
251.886 .... 928 packets received, 7557 bps, 94.46%, Err 0 (0.0e+00)
254.041 .... 936 packets received, 7557 bps, 94.47%, Err 0 (0.0e+00)
256.220 .... 944 packets received, 7557 bps, 94.46%, Err 0 (0.0e+00)
258.379 .... 952 packets received, 7557 bps, 94.46%, Err 0 (0.0e+00)
260.546 .... 960 packets received, 7557 bps, 94.47%, Err 0 (0.0e+00)
262.720 .... 968 packets received, 7557 bps, 94.46%, Err 0 (0.0e+00)
264.895 .... 976 packets received, 7557 bps, 94.46%, Err 0 (0.0e+00)
267.060 .... 984 packets received, 7557 bps, 94.46%, Err 0 (0.0e+00)
269.222 .... 992 packets received, 7557 bps, 94.46%, Err 0 (0.0e+00)
271.373 .... 1000 packets received, 7558 bps, 94.47%, Err 0 (0.0e+00)
273.548 .... 1008 packets received, 7557 bps, 94.47%, Err 0 (0.0e+00)
275.739 .... 1016 packets received, 7557 bps, 94.46%, Err 0 (0.0e+00)
277.898 .... 1024 packets received, 7557 bps, 94.46%, Err 0 (0.0e+00)
280.058 .... 1032 packets received, 7557 bps, 94.47%, Err 0 (0.0e+00)
282.223 .... 1040 packets received, 7557 bps, 94.47%, Err 0 (0.0e+00)
284.393 .... 1048 packets received, 7557 bps, 94.47%, Err 0 (0.0e+00)
286.563 .... 1056 packets received, 7557 bps, 94.46%, Err 0 (0.0e+00)
288.717 .... 1064 packets received, 7558 bps, 94.47%, Err 0 (0.0e+00)
290.913 .... 1072 packets received, 7557 bps, 94.46%, Err 0 (0.0e+00)
293.066 .... 1080 packets received, 7557 bps, 94.47%, Err 0 (0.0e+00)
295.236 .... 1088 packets received, 7557 bps, 94.46%, Err 0 (0.0e+00)
297.385 .... 1096 packets received, 7558 bps, 94.47%, Err 0 (0.0e+00)
299.566 .... 1104 packets received, 7557 bps, 94.47%, Err 0 (0.0e+00)
301.738 .... 1112 packets received, 7557 bps, 94.47%, Err 0 (0.0e+00)
303.919 .... 1120 packets received, 7557 bps, 94.46%, Err 0 (0.0e+00)
306.074 .... 1128 packets received, 7557 bps, 94.47%, Err 0 (0.0e+00)
308.260 .... 1136 packets received, 7557 bps, 94.46%, Err 0 (0.0e+00)
310.427 .... 1144 packets received, 7557 bps, 94.46%, Err 0 (0.0e+00)
312.580 .... 1152 packets received, 7557 bps, 94.46%, Err 0 (0.0e+00)
314.768 .... 1160 packets received, 7557 bps, 94.46%, Err 0 (0.0e+00)
316.935 .... 1168 packets received, 7557 bps, 94.46%, Err 0 (0.0e+00)
319.091 .... 1176 packets received, 7557 bps, 94.46%, Err 0 (0.0e+00)
321.243 .... 1184 packets received, 7557 bps, 94.47%, Err 0 (0.0e+00)
323.440 .... 1192 packets received, 7557 bps, 94.46%, Err 0 (0.0e+00)
325.589 .... 1200 packets received, 7557 bps, 94.46%, Err 0 (0.0e+00)
327.754 .... 1208 packets received, 7557 bps, 94.47%, Err 0 (0.0e+00)
329.933 .... 1216 packets received, 7557 bps, 94.46%, Err 0 (0.0e+00)
332.113 .... 1224 packets received, 7557 bps, 94.46%, Err 0 (0.0e+00)
334.261 .... 1232 packets received, 7557 bps, 94.46%, Err 0 (0.0e+00)
336.426 .... 1240 packets received, 7557 bps, 94.47%, Err 0 (0.0e+00)
338.591 .... 1248 packets received, 7557 bps, 94.47%, Err 0 (0.0e+00)
340.756 .... 1256 packets received, 7557 bps, 94.47%, Err 0 (0.0e+00)
342.951 .... 1264 packets received, 7557 bps, 94.46%, Err 0 (0.0e+00)
345.116 .... 1272 packets received, 7557 bps, 94.46%, Err 0 (0.0e+00)
347.265 .... 1280 packets received, 7557 bps, 94.47%, Err 0 (0.0e+00)
349.444 .... 1288 packets received, 7557 bps, 94.46%, Err 0 (0.0e+00)
351.609 .... 1296 packets received, 7557 bps, 94.46%, Err 0 (0.0e+00)
353.786 .... 1304 packets received, 7557 bps, 94.46%, Err 0 (0.0e+00)
355.946 .... 1312 packets received, 7557 bps, 94.46%, Err 0 (0.0e+00)
358.106 .... 1320 packets received, 7557 bps, 94.47%, Err 0 (0.0e+00)
360.266 .... 1328 packets received, 7557 bps, 94.47%, Err 0 (0.0e+00)
362.445 .... 1336 packets received, 7557 bps, 94.46%, Err 0 (0.0e+00)
364.627 .... 1344 packets received, 7557 bps, 94.46%, Err 0 (0.0e+00)
366.774 .... 1352 packets received, 7557 bps, 94.47%, Err 0 (0.0e+00)
368.953 .... 1360 packets received, 7557 bps, 94.46%, Err 0 (0.0e+00)
371.131 .... 1368 packets received, 7557 bps, 94.46%, Err 0 (0.0e+00)
373.282 .... 1376 packets received, 7557 bps, 94.47%, Err 0 (0.0e+00)
375.461 .... 1384 packets received, 7557 bps, 94.46%, Err 0 (0.0e+00)
377.623 .... 1392 packets received, 7557 bps, 94.46%, Err 0 (0.0e+00)
379.784 .... 1400 packets received, 7557 bps, 94.47%, Err 0 (0.0e+00)
381.960 .... 1408 packets received, 7557 bps, 94.46%, Err 0 (0.0e+00)
384.137 .... 1416 packets received, 7557 bps, 94.46%, Err 0 (0.0e+00)
386.282 .... 1424 packets received, 7557 bps, 94.47%, Err 0 (0.0e+00)
388.473 .... 1432 packets received, 7557 bps, 94.46%, Err 0 (0.0e+00)
390.634 .... 1440 packets received, 7557 bps, 94.46%, Err 0 (0.0e+00)
392.809 .... 1448 packets received, 7557 bps, 94.46%, Err 0 (0.0e+00)
394.954 .... 1456 packets received, 7557 bps, 94.47%, Err 0 (0.0e+00)
397.144 .... 1464 packets received, 7557 bps, 94.46%, Err 0 (0.0e+00)
399.318 .... 1472 packets received, 7557 bps, 94.46%, Err 0 (0.0e+00)
401.462 .... 1480 packets received, 7557 bps, 94.47%, Err 0 (0.0e+00)
403.651 .... 1488 packets received, 7557 bps, 94.46%, Err 0 (0.0e+00)
405.810 .... 1496 packets received, 7557 bps, 94.46%, Err 0 (0.0e+00)
407.985 .... 1504 packets received, 7557 bps, 94.46%, Err 0 (0.0e+00)
410.148 .... 1512 packets received, 7557 bps, 94.46%, Err 0 (0.0e+00)
412.315 .... 1520 packets received, 7557 bps, 94.46%, Err 0 (0.0e+00)
414.491 .... 1528 packets received, 7557 bps, 94.46%, Err 0 (0.0e+00)
416.640 .... 1536 packets received, 7557 bps, 94.47%, Err 0 (0.0e+00)
418.820 .... 1544 packets received, 7557 bps, 94.46%, Err 0 (0.0e+00)
420.989 .... 1552 packets received, 7557 bps, 94.46%, Err 0 (0.0e+00)
423.161 .... 1560 packets received, 7557 bps, 94.46%, Err 0 (0.0e+00)
425.309 .... 1568 packets received, 7557 bps, 94.47%, Err 0 (0.0e+00)
427.488 .... 1576 packets received, 7557 bps, 94.46%, Err 0 (0.0e+00)
429.666 .... 1584 packets received, 7557 bps, 94.46%, Err 0 (0.0e+00)
431.824 .... 1592 packets received, 7557 bps, 94.46%, Err 0 (0.0e+00)
434.009 .... 1600 packets received, 7557 bps, 94.46%, Err 0 (0.0e+00)
436.181 .... 1608 packets received, 7557 bps, 94.46%, Err 0 (0.0e+00)
438.344 .... 1616 packets received, 7557 bps, 94.46%, Err 0 (0.0e+00)
440.514 .... 1624 packets received, 7557 bps, 94.46%, Err 0 (0.0e+00)
442.646 .... 1632 packets received, 7557 bps, 94.47%, Err 0 (0.0e+00)
444.841 .... 1640 packets received, 7557 bps, 94.46%, Err 0 (0.0e+00)
447.006 .... 1648 packets received, 7557 bps, 94.46%, Err 0 (0.0e+00)
449.178 .... 1656 packets received, 7557 bps, 94.46%, Err 0 (0.0e+00)
451.339 .... 1664 packets received, 7557 bps, 94.46%, Err 0 (0.0e+00)
453.515 .... 1672 packets received, 7557 bps, 94.46%, Err 0 (0.0e+00)
455.665 .... 1680 packets received, 7557 bps, 94.47%, Err 0 (0.0e+00)
457.844 .... 1688 packets received, 7557 bps, 94.46%, Err 0 (0.0e+00)
460.009 .... 1696 packets received, 7557 bps, 94.46%, Err 0 (0.0e+00)
462.176 .... 1704 packets received, 7557 bps, 94.46%, Err 0 (0.0e+00)
464.337 .... 1712 packets received, 7557 bps, 94.47%, Err 0 (0.0e+00)
466.506 .... 1720 packets received, 7557 bps, 94.47%, Err 0 (0.0e+00)
468.671 .... 1728 packets received, 7557 bps, 94.47%, Err 0 (0.0e+00)
470.852 .... 1736 packets received, 7557 bps, 94.46%, Err 0 (0.0e+00)
473.032 .... 1744 packets received, 7557 bps, 94.46%, Err 0 (0.0e+00)
475.181 .... 1752 packets received, 7557 bps, 94.46%, Err 0 (0.0e+00)
477.342 .... 1760 packets received, 7557 bps, 94.47%, Err 0 (0.0e+00)
479.507 .... 1768 packets received, 7557 bps, 94.47%, Err 0 (0.0e+00)
481.693 .... 1776 packets received, 7557 bps, 94.46%, Err 0 (0.0e+00)
483.855 .... 1784 packets received, 7557 bps, 94.46%, Err 0 (0.0e+00)
486.040 .... 1792 packets received, 7557 bps, 94.46%, Err 0 (0.0e+00)
488.200 .... 1800 packets received, 7557 bps, 94.46%, Err 0 (0.0e+00)
490.349 .... 1808 packets received, 7557 bps, 94.47%, Err 0 (0.0e+00)
492.528 .... 1816 packets received, 7557 bps, 94.46%, Err 0 (0.0e+00)
494.684 .... 1824 packets received, 7557 bps, 94.47%, Err 0 (0.0e+00)
496.851 .... 1832 packets received, 7557 bps, 94.47%, Err 0 (0.0e+00)
499.050 .... 1840 packets received, 7557 bps, 94.46%, Err 0 (0.0e+00)
501.210 .... 1848 packets received, 7557 bps, 94.46%, Err 0 (0.0e+00)
503.360 .... 1856 packets received, 7557 bps, 94.47%, Err 0 (0.0e+00)
505.538 .... 1864 packets received, 7557 bps, 94.46%, Err 0 (0.0e+00)
507.686 .... 1872 packets received, 7557 bps, 94.47%, Err 0 (0.0e+00)
509.880 .... 1880 packets received, 7557 bps, 94.46%, Err 0 (0.0e+00)
512.057 .... 1888 packets received, 7557 bps, 94.46%, Err 0 (0.0e+00)
514.208 .... 1896 packets received, 7557 bps, 94.46%, Err 0 (0.0e+00)
516.388 .... 1904 packets received, 7557 bps, 94.46%, Err 0 (0.0e+00)
518.533 .... 1912 packets received, 7557 bps, 94.47%, Err 0 (0.0e+00)
520.698 .... 1920 packets received, 7557 bps, 94.47%, Err 0 (0.0e+00)
522.876 .... 1928 packets received, 7557 bps, 94.46%, Err 0 (0.0e+00)
525.038 .... 1936 packets received, 7557 bps, 94.47%, Err 0 (0.0e+00)
527.199 .... 1944 packets received, 7557 bps, 94.47%, Err 0 (0.0e+00)
529.361 .... 1952 packets received, 7557 bps, 94.47%, Err 0 (0.0e+00)
531.545 .... 1960 packets received, 7557 bps, 94.47%, Err 0 (0.0e+00)
533.697 .... 1968 packets received, 7557 bps, 94.47%, Err 0 (0.0e+00)
535.883 .... 1976 packets received, 7557 bps, 94.46%, Err 0 (0.0e+00)
538.053 .... 1984 packets received, 7557 bps, 94.46%, Err 0 (0.0e+00)
540.222 .... 1992 packets received, 7557 bps, 94.46%, Err 0 (0.0e+00)
542.371 .... 2000 packets received, 7557 bps, 94.47%, Err 0 (0.0e+00)
544.550 .... 2008 packets received, 7557 bps, 94.47%, Err 0 (0.0e+00)
546.727 .... 2016 packets received, 7557 bps, 94.46%, Err 0 (0.0e+00)
548.876 .... 2024 packets received, 7557 bps, 94.47%, Err 0 (0.0e+00)
551.062 .... 2032 packets received, 7557 bps, 94.46%, Err 0 (0.0e+00)
553.225 .... 2040 packets received, 7557 bps, 94.47%, Err 0 (0.0e+00)
555.391 .... 2048 packets received, 7557 bps, 94.47%, Err 0 (0.0e+00)
557.579 .... 2056 packets received, 7557 bps, 94.46%, Err 0 (0.0e+00)
559.714 .... 2064 packets received, 7557 bps, 94.47%, Err 0 (0.0e+00)
561.896 .... 2072 packets received, 7557 bps, 94.47%, Err 0 (0.0e+00)
564.059 .... 2080 packets received, 7557 bps, 94.47%, Err 0 (0.0e+00)
566.244 .... 2088 packets received, 7557 bps, 94.46%, Err 0 (0.0e+00)
568.393 .... 2096 packets received, 7557 bps, 94.47%, Err 0 (0.0e+00)
570.576 .... 2104 packets received, 7557 bps, 94.46%, Err 0 (0.0e+00)
572.725 .... 2112 packets received, 7557 bps, 94.47%, Err 0 (0.0e+00)
574.910 .... 2120 packets received, 7557 bps, 94.46%, Err 0 (0.0e+00)
577.071 .... 2128 packets received, 7557 bps, 94.47%, Err 0 (0.0e+00)
579.230 .... 2136 packets received, 7557 bps, 94.47%, Err 0 (0.0e+00)
581.431 .... 2144 packets received, 7557 bps, 94.46%, Err 0 (0.0e+00)
583.582 .... 2152 packets received, 7557 bps, 94.46%, Err 0 (0.0e+00)
585.755 .... 2160 packets received, 7557 bps, 94.46%, Err 0 (0.0e+00)
587.909 .... 2168 packets received, 7557 bps, 94.47%, Err 0 (0.0e+00)
590.091 .... 2176 packets received, 7557 bps, 94.46%, Err 0 (0.0e+00)
592.240 .... 2184 packets received, 7557 bps, 94.47%, Err 0 (0.0e+00)
594.423 .... 2192 packets received, 7557 bps, 94.46%, Err 0 (0.0e+00)
596.589 .... 2200 packets received, 7557 bps, 94.46%, Err 0 (0.0e+00)
598.762 .... 2208 packets received, 7557 bps, 94.46%, Err 0 (0.0e+00)
600.923 .... 2216 packets received, 7557 bps, 94.46%, Err 0 (0.0e+00)
603.090 .... 2224 packets received, 7557 bps, 94.47%, Err 0 (0.0e+00)
605.270 .... 2232 packets received, 7557 bps, 94.46%, Err 0 (0.0e+00)
607.432 .... 2240 packets received, 7557 bps, 94.46%, Err 0 (0.0e+00)
609.593 .... 2248 packets received, 7557 bps, 94.47%, Err 0 (0.0e+00)
611.767 .... 2256 packets received, 7557 bps, 94.46%, Err 0 (0.0e+00)
613.945 .... 2264 packets received, 7557 bps, 94.46%, Err 0 (0.0e+00)
616.094 .... 2272 packets received, 7557 bps, 94.47%, Err 0 (0.0e+00)
618.272 .... 2280 packets received, 7557 bps, 94.46%, Err 0 (0.0e+00)
620.429 .... 2288 packets received, 7557 bps, 94.47%, Err 0 (0.0e+00)
622.608 .... 2296 packets received, 7557 bps, 94.46%, Err 0 (0.0e+00)
624.777 .... 2304 packets received, 7557 bps, 94.46%, Err 0 (0.0e+00)
626.924 .... 2312 packets received, 7557 bps, 94.47%, Err 0 (0.0e+00)
629.120 .... 2320 packets received, 7557 bps, 94.46%, Err 0 (0.0e+00)
631.283 .... 2328 packets received, 7557 bps, 94.46%, Err 0 (0.0e+00)
633.445 .... 2336 packets received, 7557 bps, 94.46%, Err 0 (0.0e+00)
635.603 .... 2344 packets received, 7557 bps, 94.47%, Err 0 (0.0e+00)
637.780 .... 2352 packets received, 7557 bps, 94.46%, Err 0 (0.0e+00)
639.956 .... 2360 packets received, 7557 bps, 94.46%, Err 0 (0.0e+00)
642.105 .... 2368 packets received, 7557 bps, 94.47%, Err 0 (0.0e+00)
644.302 .... 2376 packets received, 7557 bps, 94.46%, Err 0 (0.0e+00)
646.450 .... 2384 packets received, 7557 bps, 94.47%, Err 0 (0.0e+00)
648.614 .... 2392 packets received, 7557 bps, 94.47%, Err 0 (0.0e+00)
650.793 .... 2400 packets received, 7557 bps, 94.46%, Err 0 (0.0e+00)
652.957 .... 2408 packets received, 7557 bps, 94.46%, Err 0 (0.0e+00)
655.127 .... 2416 packets received, 7557 bps, 94.46%, Err 0 (0.0e+00)
657.289 .... 2424 packets received, 7557 bps, 94.47%, Err 0 (0.0e+00)
659.444 .... 2432 packets received, 7557 bps, 94.47%, Err 0 (0.0e+00)
661.623 .... 2440 packets received, 7557 bps, 94.47%, Err 0 (0.0e+00)
663.791 .... 2448 packets received, 7557 bps, 94.47%, Err 0 (0.0e+00)
665.958 .... 2456 packets received, 7557 bps, 94.47%, Err 0 (0.0e+00)
668.150 .... 2464 packets received, 7557 bps, 94.46%, Err 0 (0.0e+00)
670.296 .... 2472 packets received, 7557 bps, 94.47%, Err 0 (0.0e+00)
672.472 .... 2480 packets received, 7557 bps, 94.46%, Err 0 (0.0e+00)
674.636 .... 2488 packets received, 7557 bps, 94.46%, Err 0 (0.0e+00)
676.805 .... 2496 packets received, 7557 bps, 94.46%, Err 0 (0.0e+00)
678.955 .... 2504 packets received, 7557 bps, 94.47%, Err 0 (0.0e+00)
681.136 .... 2512 packets received, 7557 bps, 94.47%, Err 0 (0.0e+00)
683.306 .... 2520 packets received, 7557 bps, 94.47%, Err 0 (0.0e+00)
685.476 .... 2528 packets received, 7557 bps, 94.46%, Err 0 (0.0e+00)
687.625 .... 2536 packets received, 7557 bps, 94.47%, Err 0 (0.0e+00)
689.808 .... 2544 packets received, 7557 bps, 94.47%, Err 0 (0.0e+00)
691.985 .... 2552 packets received, 7557 bps, 94.46%, Err 0 (0.0e+00)
694.146 .... 2560 packets received, 7557 bps, 94.47%, Err 0 (0.0e+00)
696.313 .... 2568 packets received, 7557 bps, 94.47%, Err 0 (0.0e+00)
698.479 .... 2576 packets received, 7557 bps, 94.47%, Err 0 (0.0e+00)
700.654 .... 2584 packets received, 7557 bps, 94.46%, Err 0 (0.0e+00)
702.814 .... 2592 packets received, 7557 bps, 94.47%, Err 0 (0.0e+00)
704.994 .... 2600 packets received, 7557 bps, 94.46%, Err 0 (0.0e+00)
707.162 .... 2608 packets received, 7557 bps, 94.46%, Err 0 (0.0e+00)
709.324 .... 2616 packets received, 7557 bps, 94.46%, Err 0 (0.0e+00)
711.480 .... 2624 packets received, 7557 bps, 94.47%, Err 0 (0.0e+00)
713.660 .... 2632 packets received, 7557 bps, 94.46%, Err 0 (0.0e+00)
715.829 .... 2640 packets received, 7557 bps, 94.46%, Err 0 (0.0e+00)
718.002 .... 2648 packets received, 7557 bps, 94.46%, Err 0 (0.0e+00)
720.160 .... 2656 packets received, 7557 bps, 94.47%, Err 0 (0.0e+00)
722.332 .... 2664 packets received, 7557 bps, 94.46%, Err 0 (0.0e+00)
724.511 .... 2672 packets received, 7557 bps, 94.46%, Err 0 (0.0e+00)
726.663 .... 2680 packets received, 7557 bps, 94.47%, Err 0 (0.0e+00)
728.854 .... 2688 packets received, 7557 bps, 94.46%, Err 0 (0.0e+00)
731.013 .... 2696 packets received, 7557 bps, 94.46%, Err 0 (0.0e+00)
733.156 .... 2704 packets received, 7557 bps, 94.47%, Err 0 (0.0e+00)
735.336 .... 2712 packets received, 7557 bps, 94.47%, Err 0 (0.0e+00)
737.516 .... 2720 packets received, 7557 bps, 94.46%, Err 0 (0.0e+00)
739.662 .... 2728 packets received, 7557 bps, 94.47%, Err 0 (0.0e+00)
741.825 .... 2736 packets received, 7557 bps, 94.47%, Err 0 (0.0e+00)
744.018 .... 2744 packets received, 7557 bps, 94.46%, Err 0 (0.0e+00)
746.187 .... 2752 packets received, 7557 bps, 94.46%, Err 0 (0.0e+00)
748.353 .... 2760 packets received, 7557 bps, 94.46%, Err 0 (0.0e+00)
750.517 .... 2768 packets received, 7557 bps, 94.46%, Err 0 (0.0e+00)
752.669 .... 2776 packets received, 7557 bps, 94.47%, Err 0 (0.0e+00)
754.847 .... 2784 packets received, 7557 bps, 94.47%, Err 0 (0.0e+00)
757.010 .... 2792 packets received, 7557 bps, 94.47%, Err 0 (0.0e+00)
759.192 .... 2800 packets received, 7557 bps, 94.46%, Err 0 (0.0e+00)
761.355 .... 2808 packets received, 7557 bps, 94.46%, Err 0 (0.0e+00)
763.522 .... 2816 packets received, 7557 bps, 94.47%, Err 0 (0.0e+00)
765.692 .... 2824 packets received, 7557 bps, 94.46%, Err 0 (0.0e+00)
767.855 .... 2832 packets received, 7557 bps, 94.47%, Err 0 (0.0e+00)
770.018 .... 2840 packets received, 7557 bps, 94.47%, Err 0 (0.0e+00)
772.206 .... 2848 packets received, 7557 bps, 94.46%, Err 0 (0.0e+00)
774.358 .... 2856 packets received, 7557 bps, 94.47%, Err 0 (0.0e+00)
776.528 .... 2864 packets received, 7557 bps, 94.47%, Err 0 (0.0e+00)
778.683 .... 2872 packets received, 7557 bps, 94.47%, Err 0 (0.0e+00)
780.852 .... 2880 packets received, 7557 bps, 94.47%, Err 0 (0.0e+00)
783.034 .... 2888 packets received, 7557 bps, 94.47%, Err 0 (0.0e+00)
785.212 .... 2896 packets received, 7557 bps, 94.46%, Err 0 (0.0e+00)
787.368 .... 2904 packets received, 7557 bps, 94.47%, Err 0 (0.0e+00)
789.542 .... 2912 packets received, 7557 bps, 94.46%, Err 0 (0.0e+00)
791.713 .... 2920 packets received, 7557 bps, 94.46%, Err 0 (0.0e+00)
793.865 .... 2928 packets received, 7557 bps, 94.47%, Err 0 (0.0e+00)
796.044 .... 2936 packets received, 7557 bps, 94.46%, Err 0 (0.0e+00)
798.209 .... 2944 packets received, 7557 bps, 94.47%, Err 0 (0.0e+00)
800.377 .... 2952 packets received, 7557 bps, 94.47%, Err 0 (0.0e+00)
802.539 .... 2960 packets received, 7557 bps, 94.47%, Err 0 (0.0e+00)
804.724 .... 2968 packets received, 7557 bps, 94.46%, Err 0 (0.0e+00)
806.890 .... 2976 packets received, 7557 bps, 94.46%, Err 0 (0.0e+00)
809.072 .... 2984 packets received, 7557 bps, 94.46%, Err 0 (0.0e+00)
811.228 .... 2992 packets received, 7557 bps, 94.46%, Err 0 (0.0e+00)
813.392 .... 3000 packets received, 7557 bps, 94.46%, Err 0 (0.0e+00)
815.576 .... 3008 packets received, 7557 bps, 94.46%, Err 0 (0.0e+00)
817.718 .... 3016 packets received, 7557 bps, 94.47%, Err 0 (0.0e+00)
819.895 .... 3024 packets received, 7557 bps, 94.46%, Err 0 (0.0e+00)
822.074 .... 3032 packets received, 7557 bps, 94.46%, Err 0 (0.0e+00)
824.224 .... 3040 packets received, 7557 bps, 94.47%, Err 0 (0.0e+00)
826.378 .... 3048 packets received, 7557 bps, 94.47%, Err 0 (0.0e+00)
828.559 .... 3056 packets received, 7557 bps, 94.47%, Err 0 (0.0e+00)
830.726 .... 3064 packets received, 7557 bps, 94.47%, Err 0 (0.0e+00)
832.905 .... 3072 packets received, 7557 bps, 94.46%, Err 0 (0.0e+00)
835.071 .... 3080 packets received, 7557 bps, 94.46%, Err 0 (0.0e+00)
837.233 .... 3088 packets received, 7557 bps, 94.47%, Err 0 (0.0e+00)
839.409 .... 3096 packets received, 7557 bps, 94.46%, Err 0 (0.0e+00)
841.573 .... 3104 packets received, 7557 bps, 94.46%, Err 0 (0.0e+00)
843.738 .... 3112 packets received, 7557 bps, 94.47%, Err 0 (0.0e+00)
845.903 .... 3120 packets received, 7557 bps, 94.47%, Err 0 (0.0e+00)
848.070 .... 3128 packets received, 7557 bps, 94.47%, Err 0 (0.0e+00)
850.249 .... 3136 packets received, 7557 bps, 94.46%, Err 0 (0.0e+00)
852.418 .... 3144 packets received, 7557 bps, 94.46%, Err 0 (0.0e+00)
854.581 .... 3152 packets received, 7557 bps, 94.46%, Err 0 (0.0e+00)
856.749 .... 3160 packets received, 7557 bps, 94.46%, Err 0 (0.0e+00)
858.900 .... 3168 packets received, 7557 bps, 94.47%, Err 0 (0.0e+00)
861.083 .... 3176 packets received, 7557 bps, 94.46%, Err 0 (0.0e+00)
863.262 .... 3184 packets received, 7557 bps, 94.46%, Err 0 (0.0e+00)
865.425 .... 3192 packets received, 7557 bps, 94.46%, Err 0 (0.0e+00)
867.591 .... 3200 packets received, 7557 bps, 94.46%, Err 0 (0.0e+00)
869.749 .... 3208 packets received, 7557 bps, 94.47%, Err 0 (0.0e+00)
871.924 .... 3216 packets received, 7557 bps, 94.46%, Err 0 (0.0e+00)
874.085 .... 3224 packets received, 7557 bps, 94.47%, Err 0 (0.0e+00)
876.262 .... 3232 packets received, 7557 bps, 94.46%, Err 0 (0.0e+00)
878.423 .... 3240 packets received, 7557 bps, 94.47%, Err 0 (0.0e+00)
880.599 .... 3248 packets received, 7557 bps, 94.46%, Err 0 (0.0e+00)
882.765 .... 3256 packets received, 7557 bps, 94.46%, Err 0 (0.0e+00)
884.937 .... 3264 packets received, 7557 bps, 94.46%, Err 0 (0.0e+00)
887.102 .... 3272 packets received, 7557 bps, 94.46%, Err 0 (0.0e+00)
889.250 .... 3280 packets received, 7557 bps, 94.47%, Err 0 (0.0e+00)
891.433 .... 3288 packets received, 7557 bps, 94.47%, Err 0 (0.0e+00)
893.597 .... 3296 packets received, 7557 bps, 94.47%, Err 0 (0.0e+00)
895.766 .... 3304 packets received, 7557 bps, 94.47%, Err 0 (0.0e+00)
897.931 .... 3312 packets received, 7557 bps, 94.47%, Err 0 (0.0e+00)
900.109 .... 3320 packets received, 7557 bps, 94.46%, Err 0 (0.0e+00)
902.256 .... 3328 packets received, 7557 bps, 94.47%, Err 0 (0.0e+00)
904.451 .... 3336 packets received, 7557 bps, 94.46%, Err 0 (0.0e+00)
906.618 .... 3344 packets received, 7557 bps, 94.46%, Err 0 (0.0e+00)
908.766 .... 3352 packets received, 7557 bps, 94.47%, Err 0 (0.0e+00)
910.926 .... 3360 packets received, 7557 bps, 94.47%, Err 0 (0.0e+00)
913.118 .... 3368 packets received, 7557 bps, 94.46%, Err 0 (0.0e+00)
915.287 .... 3376 packets received, 7557 bps, 94.46%, Err 0 (0.0e+00)
917.452 .... 3384 packets received, 7557 bps, 94.46%, Err 0 (0.0e+00)
919.606 .... 3392 packets received, 7557 bps, 94.47%, Err 0 (0.0e+00)
921.790 .... 3400 packets received, 7557 bps, 94.46%, Err 0 (0.0e+00)
923.958 .... 3408 packets received, 7557 bps, 94.46%, Err 0 (0.0e+00)
926.124 .... 3416 packets received, 7557 bps, 94.46%, Err 0 (0.0e+00)
928.292 .... 3424 packets received, 7557 bps, 94.46%, Err 0 (0.0e+00)
930.449 .... 3432 packets received, 7557 bps, 94.47%, Err 0 (0.0e+00)
932.629 .... 3440 packets received, 7557 bps, 94.46%, Err 0 (0.0e+00)
934.793 .... 3448 packets received, 7557 bps, 94.47%, Err 0 (0.0e+00)
936.963 .... 3456 packets received, 7557 bps, 94.46%, Err 0 (0.0e+00)
939.127 .... 3464 packets received, 7557 bps, 94.47%, Err 0 (0.0e+00)
941.306 .... 3472 packets received, 7557 bps, 94.46%, Err 0 (0.0e+00)
943.460 .... 3480 packets received, 7557 bps, 94.47%, Err 0 (0.0e+00)
945.625 .... 3488 packets received, 7557 bps, 94.47%, Err 0 (0.0e+00)
947.806 .... 3496 packets received, 7557 bps, 94.46%, Err 0 (0.0e+00)
949.957 .... 3504 packets received, 7557 bps, 94.47%, Err 0 (0.0e+00)
952.139 .... 3512 packets received, 7557 bps, 94.46%, Err 0 (0.0e+00)
954.310 .... 3520 packets received, 7557 bps, 94.46%, Err 0 (0.0e+00)
956.488 .... 3528 packets received, 7557 bps, 94.46%, Err 0 (0.0e+00)
958.634 .... 3536 packets received, 7557 bps, 94.47%, Err 0 (0.0e+00)
960.808 .... 3544 packets received, 7557 bps, 94.47%, Err 0 (0.0e+00)
963.001 .... 3552 packets received, 7557 bps, 94.46%, Err 0 (0.0e+00)
965.137 .... 3560 packets received, 7557 bps, 94.47%, Err 0 (0.0e+00)
967.317 .... 3568 packets received, 7557 bps, 94.46%, Err 0 (0.0e+00)
969.489 .... 3576 packets received, 7557 bps, 94.46%, Err 0 (0.0e+00)
971.658 .... 3584 packets received, 7557 bps, 94.46%, Err 0 (0.0e+00)
973.835 .... 3592 packets received, 7557 bps, 94.46%, Err 0 (0.0e+00)
975.975 .... 3600 packets received, 7557 bps, 94.47%, Err 0 (0.0e+00)
978.155 .... 3608 packets received, 7557 bps, 94.46%, Err 0 (0.0e+00)
980.319 .... 3616 packets received, 7557 bps, 94.47%, Err 0 (0.0e+00)
982.501 .... 3624 packets received, 7557 bps, 94.46%, Err 0 (0.0e+00)
984.667 .... 3632 packets received, 7557 bps, 94.46%, Err 0 (0.0e+00)
986.831 .... 3640 packets received, 7557 bps, 94.46%, Err 0 (0.0e+00)
989.001 .... 3648 packets received, 7557 bps, 94.46%, Err 0 (0.0e+00)
991.157 .... 3656 packets received, 7557 bps, 94.47%, Err 0 (0.0e+00)
993.328 .... 3664 packets received, 7557 bps, 94.47%, Err 0 (0.0e+00)
995.509 .... 3672 packets received, 7557 bps, 94.46%, Err 0 (0.0e+00)
997.674 .... 3680 packets received, 7557 bps, 94.46%, Err 0 (0.0e+00)
999.845 .... 3688 packets received, 7557 bps, 94.46%, Err 0 (0.0e+00)
1001.998 .... 3696 packets received, 7557 bps, 94.47%, Err 0 (0.0e+00)
1004.178 .... 3704 packets received, 7557 bps, 94.46%, Err 0 (0.0e+00)
1006.345 .... 3712 packets received, 7557 bps, 94.46%, Err 0 (0.0e+00)
1008.513 .... 3720 packets received, 7557 bps, 94.46%, Err 0 (0.0e+00)
1010.683 .... 3728 packets received, 7557 bps, 94.46%, Err 0 (0.0e+00)
1012.851 .... 3736 packets received, 7557 bps, 94.46%, Err 0 (0.0e+00)
1015.019 .... 3744 packets received, 7557 bps, 94.46%, Err 0 (0.0e+00)
1017.175 .... 3752 packets received, 7557 bps, 94.47%, Err 0 (0.0e+00)
1019.343 .... 3760 packets received, 7557 bps, 94.47%, Err 0 (0.0e+00)
1021.509 .... 3768 packets received, 7557 bps, 94.47%, Err 0 (0.0e+00)
1023.694 .... 3776 packets received, 7557 bps, 94.46%, Err 0 (0.0e+00)
1025.861 .... 3784 packets received, 7557 bps, 94.46%, Err 0 (0.0e+00)
1028.003 .... 3792 packets received, 7557 bps, 94.47%, Err 0 (0.0e+00)
1030.173 .... 3800 packets received, 7557 bps, 94.47%, Err 0 (0.0e+00)
1032.365 .... 3808 packets received, 7557 bps, 94.46%, Err 0 (0.0e+00)
1034.529 .... 3816 packets received, 7557 bps, 94.46%, Err 0 (0.0e+00)
1036.682 .... 3824 packets received, 7557 bps, 94.47%, Err 0 (0.0e+00)
1038.858 .... 3832 packets received, 7557 bps, 94.47%, Err 0 (0.0e+00)
1041.026 .... 3840 packets received, 7557 bps, 94.47%, Err 0 (0.0e+00)
1043.192 .... 3848 packets received, 7557 bps, 94.47%, Err 0 (0.0e+00)
1045.359 .... 3856 packets received, 7557 bps, 94.47%, Err 0 (0.0e+00)
1047.539 .... 3864 packets received, 7557 bps, 94.46%, Err 0 (0.0e+00)
1049.707 .... 3872 packets received, 7557 bps, 94.46%, Err 0 (0.0e+00)
1051.863 .... 3880 packets received, 7557 bps, 94.47%, Err 0 (0.0e+00)
1054.032 .... 3888 packets received, 7557 bps, 94.47%, Err 0 (0.0e+00)
1056.200 .... 3896 packets received, 7557 bps, 94.47%, Err 0 (0.0e+00)
1058.379 .... 3904 packets received, 7557 bps, 94.46%, Err 0 (0.0e+00)
1060.547 .... 3912 packets received, 7557 bps, 94.46%, Err 0 (0.0e+00)
1062.716 .... 3920 packets received, 7557 bps, 94.46%, Err 0 (0.0e+00)
1064.870 .... 3928 packets received, 7557 bps, 94.47%, Err 0 (0.0e+00)
1067.060 .... 3936 packets received, 7557 bps, 94.46%, Err 0 (0.0e+00)
1069.220 .... 3944 packets received, 7557 bps, 94.46%, Err 0 (0.0e+00)
1071.383 .... 3952 packets received, 7557 bps, 94.46%, Err 0 (0.0e+00)
1073.548 .... 3960 packets received, 7557 bps, 94.46%, Err 0 (0.0e+00)
1075.715 .... 3968 packets received, 7557 bps, 94.46%, Err 0 (0.0e+00)
1077.879 .... 3976 packets received, 7557 bps, 94.47%, Err 0 (0.0e+00)
1080.060 .... 3984 packets received, 7557 bps, 94.46%, Err 0 (0.0e+00)
1082.221 .... 3992 packets received, 7557 bps, 94.46%, Err 0 (0.0e+00)
1084.394 .... 4000 packets received, 7557 bps, 94.46%, Err 0 (0.0e+00)
1086.562 .... 4008 packets received, 7557 bps, 94.46%, Err 0 (0.0e+00)
1088.722 .... 4016 packets received, 7557 bps, 94.47%, Err 0 (0.0e+00)
1090.901 .... 4024 packets received, 7557 bps, 94.46%, Err 0 (0.0e+00)
1093.065 .... 4032 packets received, 7557 bps, 94.46%, Err 0 (0.0e+00)
1095.214 .... 4040 packets received, 7557 bps, 94.47%, Err 0 (0.0e+00)
1097.393 .... 4048 packets received, 7557 bps, 94.47%, Err 0 (0.0e+00)
1099.558 .... 4056 packets received, 7557 bps, 94.47%, Err 0 (0.0e+00)
1101.741 .... 4064 packets received, 7557 bps, 94.46%, Err 0 (0.0e+00)
1103.896 .... 4072 packets received, 7557 bps, 94.47%, Err 0 (0.0e+00)
1106.063 .... 4080 packets received, 7557 bps, 94.47%, Err 0 (0.0e+00)
1108.228 .... 4088 packets received, 7557 bps, 94.47%, Err 0 (0.0e+00)
1110.408 .... 4096 packets received, 7557 bps, 94.46%, Err 0 (0.0e+00)
1112.589 .... 4104 packets received, 7557 bps, 94.46%, Err 0 (0.0e+00)
1114.742 .... 4112 packets received, 7557 bps, 94.46%, Err 0 (0.0e+00)
1116.906 .... 4120 packets received, 7557 bps, 94.47%, Err 0 (0.0e+00)
1119.071 .... 4128 packets received, 7557 bps, 94.47%, Err 0 (0.0e+00)
1121.233 .... 4136 packets received, 7557 bps, 94.47%, Err 0 (0.0e+00)
1123.413 .... 4144 packets received, 7557 bps, 94.46%, Err 0 (0.0e+00)
1125.583 .... 4152 packets received, 7557 bps, 94.46%, Err 0 (0.0e+00)
1127.749 .... 4160 packets received, 7557 bps, 94.46%, Err 0 (0.0e+00)
1129.917 .... 4168 packets received, 7557 bps, 94.46%, Err 0 (0.0e+00)
1132.083 .... 4176 packets received, 7557 bps, 94.46%, Err 0 (0.0e+00)
1134.239 .... 4184 packets received, 7557 bps, 94.47%, Err 0 (0.0e+00)
1136.416 .... 4192 packets received, 7557 bps, 94.47%, Err 0 (0.0e+00)
1138.577 .... 4200 packets received, 7557 bps, 94.47%, Err 0 (0.0e+00)
1140.774 .... 4208 packets received, 7557 bps, 94.46%, Err 0 (0.0e+00)
1142.929 .... 4216 packets received, 7557 bps, 94.46%, Err 0 (0.0e+00)
1145.093 .... 4224 packets received, 7557 bps, 94.46%, Err 0 (0.0e+00)
1147.256 .... 4232 packets received, 7557 bps, 94.47%, Err 0 (0.0e+00)
1149.412 .... 4240 packets received, 7557 bps, 94.47%, Err 0 (0.0e+00)
1151.581 .... 4248 packets received, 7557 bps, 94.47%, Err 0 (0.0e+00)
1153.766 .... 4256 packets received, 7557 bps, 94.46%, Err 0 (0.0e+00)
1155.932 .... 4264 packets received, 7557 bps, 94.46%, Err 0 (0.0e+00)
1158.117 .... 4272 packets received, 7557 bps, 94.46%, Err 0 (0.0e+00)
1160.270 .... 4280 packets received, 7557 bps, 94.46%, Err 0 (0.0e+00)
1162.424 .... 4288 packets received, 7557 bps, 94.47%, Err 0 (0.0e+00)
1164.625 .... 4296 packets received, 7557 bps, 94.46%, Err 0 (0.0e+00)
1166.787 .... 4304 packets received, 7557 bps, 94.46%, Err 0 (0.0e+00)
1168.938 .... 4312 packets received, 7557 bps, 94.47%, Err 0 (0.0e+00)
1171.114 .... 4320 packets received, 7557 bps, 94.46%, Err 0 (0.0e+00)
1173.277 .... 4328 packets received, 7557 bps, 94.46%, Err 0 (0.0e+00)
1175.445 .... 4336 packets received, 7557 bps, 94.46%, Err 0 (0.0e+00)
1177.610 .... 4344 packets received, 7557 bps, 94.47%, Err 0 (0.0e+00)
1179.770 .... 4352 packets received, 7557 bps, 94.47%, Err 0 (0.0e+00)
1181.953 .... 4360 packets received, 7557 bps, 94.46%, Err 0 (0.0e+00)
1184.117 .... 4368 packets received, 7557 bps, 94.46%, Err 0 (0.0e+00)
1186.290 .... 4376 packets received, 7557 bps, 94.46%, Err 0 (0.0e+00)
1188.453 .... 4384 packets received, 7557 bps, 94.46%, Err 0 (0.0e+00)
1190.616 .... 4392 packets received, 7557 bps, 94.47%, Err 0 (0.0e+00)
1192.783 .... 4400 packets received, 7557 bps, 94.47%, Err 0 (0.0e+00)
1194.954 .... 4408 packets received, 7557 bps, 94.47%, Err 0 (0.0e+00)
1197.126 .... 4416 packets received, 7557 bps, 94.46%, Err 0 (0.0e+00)
1199.279 .... 4424 packets received, 7557 bps, 94.47%, Err 0 (0.0e+00)
1201.460 .... 4432 packets received, 7557 bps, 94.46%, Err 0 (0.0e+00)
1203.633 .... 4440 packets received, 7557 bps, 94.46%, Err 0 (0.0e+00)
1205.788 .... 4448 packets received, 7557 bps, 94.47%, Err 0 (0.0e+00)
1207.953 .... 4456 packets received, 7557 bps, 94.47%, Err 0 (0.0e+00)
1210.115 .... 4464 packets received, 7557 bps, 94.47%, Err 0 (0.0e+00)
1212.296 .... 4472 packets received, 7557 bps, 94.47%, Err 0 (0.0e+00)
1214.473 .... 4480 packets received, 7557 bps, 94.46%, Err 0 (0.0e+00)
1216.653 .... 4488 packets received, 7557 bps, 94.46%, Err 0 (0.0e+00)
1218.800 .... 4496 packets received, 7557 bps, 94.47%, Err 0 (0.0e+00)
1220.966 .... 4504 packets received, 7557 bps, 94.47%, Err 0 (0.0e+00)
1223.132 .... 4512 packets received, 7557 bps, 94.47%, Err 0 (0.0e+00)
1225.316 .... 4520 packets received, 7557 bps, 94.46%, Err 0 (0.0e+00)
1227.483 .... 4528 packets received, 7557 bps, 94.46%, Err 0 (0.0e+00)
1229.646 .... 4536 packets received, 7557 bps, 94.46%, Err 0 (0.0e+00)
1231.813 .... 4544 packets received, 7557 bps, 94.46%, Err 0 (0.0e+00)
1233.990 .... 4552 packets received, 7557 bps, 94.46%, Err 0 (0.0e+00)
1236.128 .... 4560 packets received, 7557 bps, 94.47%, Err 0 (0.0e+00)
1238.318 .... 4568 packets received, 7557 bps, 94.46%, Err 0 (0.0e+00)
1240.477 .... 4576 packets received, 7557 bps, 94.47%, Err 0 (0.0e+00)
1242.642 .... 4584 packets received, 7557 bps, 94.47%, Err 0 (0.0e+00)
1244.804 .... 4592 packets received, 7557 bps, 94.47%, Err 0 (0.0e+00)
1246.981 .... 4600 packets received, 7557 bps, 94.47%, Err 0 (0.0e+00)
1249.147 .... 4608 packets received, 7557 bps, 94.47%, Err 0 (0.0e+00)
1251.329 .... 4616 packets received, 7557 bps, 94.46%, Err 0 (0.0e+00)
1253.506 .... 4624 packets received, 7557 bps, 94.46%, Err 0 (0.0e+00)
1255.656 .... 4632 packets received, 7557 bps, 94.47%, Err 0 (0.0e+00)
1257.824 .... 4640 packets received, 7557 bps, 94.47%, Err 0 (0.0e+00)
1259.994 .... 4648 packets received, 7557 bps, 94.47%, Err 0 (0.0e+00)
1262.158 .... 4656 packets received, 7557 bps, 94.47%, Err 0 (0.0e+00)
1264.319 .... 4664 packets received, 7557 bps, 94.47%, Err 0 (0.0e+00)
1266.509 .... 4672 packets received, 7557 bps, 94.46%, Err 0 (0.0e+00)
1268.664 .... 4680 packets received, 7557 bps, 94.47%, Err 0 (0.0e+00)
1270.839 .... 4688 packets received, 7557 bps, 94.46%, Err 0 (0.0e+00)
1272.986 .... 4696 packets received, 7557 bps, 94.47%, Err 0 (0.0e+00)
1275.168 .... 4704 packets received, 7557 bps, 94.47%, Err 0 (0.0e+00)
1277.334 .... 4712 packets received, 7557 bps, 94.47%, Err 0 (0.0e+00)
1279.512 .... 4720 packets received, 7557 bps, 94.46%, Err 0 (0.0e+00)
1281.680 .... 4728 packets received, 7557 bps, 94.46%, Err 0 (0.0e+00)
1283.831 .... 4736 packets received, 7557 bps, 94.47%, Err 0 (0.0e+00)
1286.010 .... 4744 packets received, 7557 bps, 94.47%, Err 0 (0.0e+00)
1288.174 .... 4752 packets received, 7557 bps, 94.47%, Err 0 (0.0e+00)
1290.360 .... 4760 packets received, 7557 bps, 94.46%, Err 0 (0.0e+00)
1292.524 .... 4768 packets received, 7557 bps, 94.46%, Err 0 (0.0e+00)
1294.678 .... 4776 packets received, 7557 bps, 94.47%, Err 0 (0.0e+00)
1296.859 .... 4784 packets received, 7557 bps, 94.46%, Err 0 (0.0e+00)
1299.023 .... 4792 packets received, 7557 bps, 94.46%, Err 0 (0.0e+00)
1301.195 .... 4800 packets received, 7557 bps, 94.46%, Err 0 (0.0e+00)
1303.341 .... 4808 packets received, 7557 bps, 94.47%, Err 0 (0.0e+00)
1305.524 .... 4816 packets received, 7557 bps, 94.46%, Err 0 (0.0e+00)
1307.695 .... 4824 packets received, 7557 bps, 94.46%, Err 0 (0.0e+00)
1309.861 .... 4832 packets received, 7557 bps, 94.46%, Err 0 (0.0e+00)
1312.031 .... 4840 packets received, 7557 bps, 94.46%, Err 0 (0.0e+00)
1314.204 .... 4848 packets received, 7557 bps, 94.46%, Err 0 (0.0e+00)
1316.370 .... 4856 packets received, 7557 bps, 94.46%, Err 0 (0.0e+00)
1318.542 .... 4864 packets received, 7557 bps, 94.46%, Err 0 (0.0e+00)
1320.714 .... 4872 packets received, 7557 bps, 94.46%, Err 0 (0.0e+00)
1322.855 .... 4880 packets received, 7557 bps, 94.47%, Err 0 (0.0e+00)
1325.041 .... 4888 packets received, 7557 bps, 94.46%, Err 0 (0.0e+00)
1327.208 .... 4896 packets received, 7557 bps, 94.46%, Err 0 (0.0e+00)
1329.370 .... 4904 packets received, 7557 bps, 94.47%, Err 0 (0.0e+00)
1331.537 .... 4912 packets received, 7557 bps, 94.47%, Err 0 (0.0e+00)
1333.704 .... 4920 packets received, 7557 bps, 94.47%, Err 0 (0.0e+00)
1335.865 .... 4928 packets received, 7557 bps, 94.47%, Err 0 (0.0e+00)
1338.053 .... 4936 packets received, 7557 bps, 94.46%, Err 0 (0.0e+00)
1340.212 .... 4944 packets received, 7557 bps, 94.46%, Err 0 (0.0e+00)
1342.375 .... 4952 packets received, 7557 bps, 94.47%, Err 0 (0.0e+00)
1344.550 .... 4960 packets received, 7557 bps, 94.46%, Err 0 (0.0e+00)
1346.723 .... 4968 packets received, 7557 bps, 94.46%, Err 0 (0.0e+00)
1348.882 .... 4976 packets received, 7557 bps, 94.47%, Err 0 (0.0e+00)
1351.035 .... 4984 packets received, 7557 bps, 94.47%, Err 0 (0.0e+00)
1353.222 .... 4992 packets received, 7557 bps, 94.46%, Err 0 (0.0e+00)
1355.378 .... 5000 packets received, 7557 bps, 94.47%, Err 0 (0.0e+00)
1357.559 .... 5008 packets received, 7557 bps, 94.46%, Err 0 (0.0e+00)
1359.727 .... 5016 packets received, 7557 bps, 94.46%, Err 0 (0.0e+00)
1361.893 .... 5024 packets received, 7557 bps, 94.46%, Err 0 (0.0e+00)
1364.064 .... 5032 packets received, 7557 bps, 94.46%, Err 0 (0.0e+00)
1366.237 .... 5040 packets received, 7557 bps, 94.46%, Err 0 (0.0e+00)
1368.401 .... 5048 packets received, 7557 bps, 94.46%, Err 0 (0.0e+00)
1370.560 .... 5056 packets received, 7557 bps, 94.47%, Err 0 (0.0e+00)
1372.738 .... 5064 packets received, 7557 bps, 94.46%, Err 0 (0.0e+00)
1374.888 .... 5072 packets received, 7557 bps, 94.47%, Err 0 (0.0e+00)
1377.053 .... 5080 packets received, 7557 bps, 94.47%, Err 0 (0.0e+00)
1379.230 .... 5088 packets received, 7557 bps, 94.47%, Err 0 (0.0e+00)
1381.400 .... 5096 packets received, 7557 bps, 94.47%, Err 0 (0.0e+00)
1383.567 .... 5104 packets received, 7557 bps, 94.47%, Err 0 (0.0e+00)
1385.722 .... 5112 packets received, 7557 bps, 94.47%, Err 0 (0.0e+00)
1387.898 .... 5120 packets received, 7557 bps, 94.47%, Err 0 (0.0e+00)
1390.086 .... 5128 packets received, 7557 bps, 94.46%, Err 0 (0.0e+00)
1392.238 .... 5136 packets received, 7557 bps, 94.47%, Err 0 (0.0e+00)
1394.423 .... 5144 packets received, 7557 bps, 94.46%, Err 0 (0.0e+00)
1396.591 .... 5152 packets received, 7557 bps, 94.46%, Err 0 (0.0e+00)
1398.759 .... 5160 packets received, 7557 bps, 94.46%, Err 0 (0.0e+00)
1400.933 .... 5168 packets received, 7557 bps, 94.46%, Err 0 (0.0e+00)
1403.079 .... 5176 packets received, 7557 bps, 94.47%, Err 0 (0.0e+00)
1405.251 .... 5184 packets received, 7557 bps, 94.46%, Err 0 (0.0e+00)
1407.427 .... 5192 packets received, 7557 bps, 94.46%, Err 0 (0.0e+00)
1409.595 .... 5200 packets received, 7557 bps, 94.46%, Err 0 (0.0e+00)
1411.759 .... 5208 packets received, 7557 bps, 94.46%, Err 0 (0.0e+00)
1413.940 .... 5216 packets received, 7557 bps, 94.46%, Err 0 (0.0e+00)
1416.100 .... 5224 packets received, 7557 bps, 94.46%, Err 0 (0.0e+00)
1418.263 .... 5232 packets received, 7557 bps, 94.46%, Err 0 (0.0e+00)
1420.424 .... 5240 packets received, 7557 bps, 94.47%, Err 0 (0.0e+00)
1422.578 .... 5248 packets received, 7557 bps, 94.47%, Err 0 (0.0e+00)
1424.777 .... 5256 packets received, 7557 bps, 94.46%, Err 0 (0.0e+00)
1426.950 .... 5264 packets received, 7557 bps, 94.46%, Err 0 (0.0e+00)
1429.091 .... 5272 packets received, 7557 bps, 94.47%, Err 0 (0.0e+00)
1431.263 .... 5280 packets received, 7557 bps, 94.47%, Err 0 (0.0e+00)
1433.432 .... 5288 packets received, 7557 bps, 94.47%, Err 0 (0.0e+00)
1435.599 .... 5296 packets received, 7557 bps, 94.47%, Err 0 (0.0e+00)
1437.777 .... 5304 packets received, 7557 bps, 94.46%, Err 0 (0.0e+00)
1439.926 .... 5312 packets received, 7557 bps, 94.47%, Err 0 (0.0e+00)
1442.114 .... 5320 packets received, 7557 bps, 94.46%, Err 0 (0.0e+00)
1444.278 .... 5328 packets received, 7557 bps, 94.46%, Err 0 (0.0e+00)
1446.429 .... 5336 packets received, 7557 bps, 94.47%, Err 0 (0.0e+00)
1448.608 .... 5344 packets received, 7557 bps, 94.47%, Err 0 (0.0e+00)
1450.786 .... 5352 packets received, 7557 bps, 94.46%, Err 0 (0.0e+00)
1452.952 .... 5360 packets received, 7557 bps, 94.46%, Err 0 (0.0e+00)
1455.126 .... 5368 packets received, 7557 bps, 94.46%, Err 0 (0.0e+00)
1457.306 .... 5376 packets received, 7557 bps, 94.46%, Err 0 (0.0e+00)
1459.437 .... 5384 packets received, 7557 bps, 94.47%, Err 0 (0.0e+00)
1461.616 .... 5392 packets received, 7557 bps, 94.47%, Err 0 (0.0e+00)
1463.781 .... 5400 packets received, 7557 bps, 94.47%, Err 0 (0.0e+00)
1465.961 .... 5408 packets received, 7557 bps, 94.46%, Err 0 (0.0e+00)
1468.125 .... 5416 packets received, 7557 bps, 94.46%, Err 0 (0.0e+00)
1470.292 .... 5424 packets received, 7557 bps, 94.46%, Err 0 (0.0e+00)
1472.481 .... 5432 packets received, 7557 bps, 94.46%, Err 0 (0.0e+00)
1474.629 .... 5440 packets received, 7557 bps, 94.46%, Err 0 (0.0e+00)
1476.796 .... 5448 packets received, 7557 bps, 94.46%, Err 0 (0.0e+00)
1478.966 .... 5456 packets received, 7557 bps, 94.46%, Err 0 (0.0e+00)
1481.110 .... 5464 packets received, 7557 bps, 94.47%, Err 0 (0.0e+00)
1483.303 .... 5472 packets received, 7557 bps, 94.46%, Err 0 (0.0e+00)
1485.472 .... 5480 packets received, 7557 bps, 94.46%, Err 0 (0.0e+00)
1487.629 .... 5488 packets received, 7557 bps, 94.47%, Err 0 (0.0e+00)
1489.798 .... 5496 packets received, 7557 bps, 94.47%, Err 0 (0.0e+00)
1491.978 .... 5504 packets received, 7557 bps, 94.46%, Err 0 (0.0e+00)
1494.140 .... 5512 packets received, 7557 bps, 94.46%, Err 0 (0.0e+00)
1496.293 .... 5520 packets received, 7557 bps, 94.47%, Err 0 (0.0e+00)
1498.471 .... 5528 packets received, 7557 bps, 94.47%, Err 0 (0.0e+00)
1500.653 .... 5536 packets received, 7557 bps, 94.46%, Err 0 (0.0e+00)
1502.820 .... 5544 packets received, 7557 bps, 94.46%, Err 0 (0.0e+00)
1504.975 .... 5552 packets received, 7557 bps, 94.47%, Err 0 (0.0e+00)
1507.153 .... 5560 packets received, 7557 bps, 94.46%, Err 0 (0.0e+00)
1509.320 .... 5568 packets received, 7557 bps, 94.46%, Err 0 (0.0e+00)
1511.474 .... 5576 packets received, 7557 bps, 94.47%, Err 0 (0.0e+00)
1513.647 .... 5584 packets received, 7557 bps, 94.47%, Err 0 (0.0e+00)
1515.816 .... 5592 packets received, 7557 bps, 94.47%, Err 0 (0.0e+00)
1517.987 .... 5600 packets received, 7557 bps, 94.46%, Err 0 (0.0e+00)
1520.161 .... 5608 packets received, 7557 bps, 94.46%, Err 0 (0.0e+00)
1522.327 .... 5616 packets received, 7557 bps, 94.46%, Err 0 (0.0e+00)
1524.497 .... 5624 packets received, 7557 bps, 94.46%, Err 0 (0.0e+00)
1526.653 .... 5632 packets received, 7557 bps, 94.47%, Err 0 (0.0e+00)
1528.835 .... 5640 packets received, 7557 bps, 94.46%, Err 0 (0.0e+00)
1530.982 .... 5648 packets received, 7557 bps, 94.47%, Err 0 (0.0e+00)
1533.148 .... 5656 packets received, 7557 bps, 94.47%, Err 0 (0.0e+00)
1535.329 .... 5664 packets received, 7557 bps, 94.47%, Err 0 (0.0e+00)
1537.486 .... 5672 packets received, 7557 bps, 94.47%, Err 0 (0.0e+00)
1539.681 .... 5680 packets received, 7557 bps, 94.46%, Err 0 (0.0e+00)
1541.819 .... 5688 packets received, 7557 bps, 94.47%, Err 0 (0.0e+00)
1544.001 .... 5696 packets received, 7557 bps, 94.47%, Err 0 (0.0e+00)
1546.189 .... 5704 packets received, 7557 bps, 94.46%, Err 0 (0.0e+00)
1548.339 .... 5712 packets received, 7557 bps, 94.46%, Err 0 (0.0e+00)
1550.534 .... 5720 packets received, 7557 bps, 94.46%, Err 0 (0.0e+00)
1552.671 .... 5728 packets received, 7557 bps, 94.47%, Err 0 (0.0e+00)
1554.836 .... 5736 packets received, 7557 bps, 94.47%, Err 0 (0.0e+00)
1557.020 .... 5744 packets received, 7557 bps, 94.46%, Err 0 (0.0e+00)
1559.177 .... 5752 packets received, 7557 bps, 94.47%, Err 0 (0.0e+00)
1561.343 .... 5760 packets received, 7557 bps, 94.47%, Err 0 (0.0e+00)
1563.523 .... 5768 packets received, 7557 bps, 94.46%, Err 0 (0.0e+00)
1565.689 .... 5776 packets received, 7557 bps, 94.46%, Err 0 (0.0e+00)
1567.853 .... 5784 packets received, 7557 bps, 94.46%, Err 0 (0.0e+00)
1570.022 .... 5792 packets received, 7557 bps, 94.46%, Err 0 (0.0e+00)
1572.184 .... 5800 packets received, 7557 bps, 94.47%, Err 0 (0.0e+00)
1574.354 .... 5808 packets received, 7557 bps, 94.47%, Err 0 (0.0e+00)
1576.534 .... 5816 packets received, 7557 bps, 94.46%, Err 0 (0.0e+00)
1578.685 .... 5824 packets received, 7557 bps, 94.47%, Err 0 (0.0e+00)
1580.866 .... 5832 packets received, 7557 bps, 94.46%, Err 0 (0.0e+00)
1583.033 .... 5840 packets received, 7557 bps, 94.46%, Err 0 (0.0e+00)
1585.204 .... 5848 packets received, 7557 bps, 94.46%, Err 0 (0.0e+00)
1587.358 .... 5856 packets received, 7557 bps, 94.47%, Err 0 (0.0e+00)
1589.526 .... 5864 packets received, 7557 bps, 94.47%, Err 0 (0.0e+00)
1591.696 .... 5872 packets received, 7557 bps, 94.47%, Err 0 (0.0e+00)
1593.877 .... 5880 packets received, 7557 bps, 94.46%, Err 0 (0.0e+00)
1596.029 .... 5888 packets received, 7557 bps, 94.47%, Err 0 (0.0e+00)
1598.197 .... 5896 packets received, 7557 bps, 94.47%, Err 0 (0.0e+00)
1600.381 .... 5904 packets received, 7557 bps, 94.46%, Err 0 (0.0e+00)
1602.531 .... 5912 packets received, 7557 bps, 94.47%, Err 0 (0.0e+00)
1604.711 .... 5920 packets received, 7557 bps, 94.46%, Err 0 (0.0e+00)
1606.863 .... 5928 packets received, 7557 bps, 94.47%, Err 0 (0.0e+00)
1609.049 .... 5936 packets received, 7557 bps, 94.46%, Err 0 (0.0e+00)
1611.219 .... 5944 packets received, 7557 bps, 94.46%, Err 0 (0.0e+00)
1613.370 .... 5952 packets received, 7557 bps, 94.47%, Err 0 (0.0e+00)
1615.550 .... 5960 packets received, 7557 bps, 94.46%, Err 0 (0.0e+00)
1617.727 .... 5968 packets received, 7557 bps, 94.46%, Err 0 (0.0e+00)
1619.880 .... 5976 packets received, 7557 bps, 94.47%, Err 0 (0.0e+00)
1622.041 .... 5984 packets received, 7557 bps, 94.47%, Err 0 (0.0e+00)
1624.222 .... 5992 packets received, 7557 bps, 94.46%, Err 0 (0.0e+00)
1626.392 .... 6000 packets received, 7557 bps, 94.46%, Err 0 (0.0e+00)
1628.566 .... 6008 packets received, 7557 bps, 94.46%, Err 0 (0.0e+00)
1630.732 .... 6016 packets received, 7557 bps, 94.46%, Err 0 (0.0e+00)
1632.893 .... 6024 packets received, 7557 bps, 94.46%, Err 0 (0.0e+00)
1635.082 .... 6032 packets received, 7557 bps, 94.46%, Err 0 (0.0e+00)
1637.218 .... 6040 packets received, 7557 bps, 94.47%, Err 0 (0.0e+00)
1639.398 .... 6048 packets received, 7557 bps, 94.46%, Err 0 (0.0e+00)
1641.549 .... 6056 packets received, 7557 bps, 94.47%, Err 0 (0.0e+00)
1643.733 .... 6064 packets received, 7557 bps, 94.46%, Err 0 (0.0e+00)
1645.898 .... 6072 packets received, 7557 bps, 94.47%, Err 0 (0.0e+00)
1648.062 .... 6080 packets received, 7557 bps, 94.47%, Err 0 (0.0e+00)
1650.243 .... 6088 packets received, 7557 bps, 94.46%, Err 0 (0.0e+00)
1652.407 .... 6096 packets received, 7557 bps, 94.46%, Err 0 (0.0e+00)
1654.575 .... 6104 packets received, 7557 bps, 94.46%, Err 0 (0.0e+00)
1656.743 .... 6112 packets received, 7557 bps, 94.46%, Err 0 (0.0e+00)
1658.892 .... 6120 packets received, 7557 bps, 94.47%, Err 0 (0.0e+00)
1661.071 .... 6128 packets received, 7557 bps, 94.47%, Err 0 (0.0e+00)
1663.252 .... 6136 packets received, 7557 bps, 94.46%, Err 0 (0.0e+00)
1665.409 .... 6144 packets received, 7557 bps, 94.47%, Err 0 (0.0e+00)
1667.577 .... 6152 packets received, 7557 bps, 94.47%, Err 0 (0.0e+00)
1669.739 .... 6160 packets received, 7557 bps, 94.47%, Err 0 (0.0e+00)
1671.911 .... 6168 packets received, 7557 bps, 94.47%, Err 0 (0.0e+00)
1674.078 .... 6176 packets received, 7557 bps, 94.47%, Err 0 (0.0e+00)
1676.260 .... 6184 packets received, 7557 bps, 94.46%, Err 0 (0.0e+00)
1678.416 .... 6192 packets received, 7557 bps, 94.47%, Err 0 (0.0e+00)
1680.581 .... 6200 packets received, 7557 bps, 94.47%, Err 0 (0.0e+00)
1682.749 .... 6208 packets received, 7557 bps, 94.47%, Err 0 (0.0e+00)
1684.943 .... 6216 packets received, 7557 bps, 94.46%, Err 0 (0.0e+00)
1687.096 .... 6224 packets received, 7557 bps, 94.46%, Err 0 (0.0e+00)
1689.263 .... 6232 packets received, 7557 bps, 94.46%, Err 0 (0.0e+00)
1691.431 .... 6240 packets received, 7557 bps, 94.46%, Err 0 (0.0e+00)
1693.600 .... 6248 packets received, 7557 bps, 94.46%, Err 0 (0.0e+00)
1695.764 .... 6256 packets received, 7557 bps, 94.46%, Err 0 (0.0e+00)
1697.929 .... 6264 packets received, 7557 bps, 94.47%, Err 0 (0.0e+00)
1700.097 .... 6272 packets received, 7557 bps, 94.47%, Err 0 (0.0e+00)
1702.251 .... 6280 packets received, 7557 bps, 94.47%, Err 0 (0.0e+00)
1704.415 .... 6288 packets received, 7557 bps, 94.47%, Err 0 (0.0e+00)
1706.597 .... 6296 packets received, 7557 bps, 94.47%, Err 0 (0.0e+00)
1708.776 .... 6304 packets received, 7557 bps, 94.46%, Err 0 (0.0e+00)
1710.927 .... 6312 packets received, 7557 bps, 94.47%, Err 0 (0.0e+00)
1713.110 .... 6320 packets received, 7557 bps, 94.46%, Err 0 (0.0e+00)
1715.268 .... 6328 packets received, 7557 bps, 94.47%, Err 0 (0.0e+00)
1717.446 .... 6336 packets received, 7557 bps, 94.46%, Err 0 (0.0e+00)
1719.619 .... 6344 packets received, 7557 bps, 94.46%, Err 0 (0.0e+00)
1721.793 .... 6352 packets received, 7557 bps, 94.46%, Err 0 (0.0e+00)
1723.945 .... 6360 packets received, 7557 bps, 94.47%, Err 0 (0.0e+00)
1726.127 .... 6368 packets received, 7557 bps, 94.46%, Err 0 (0.0e+00)
1728.286 .... 6376 packets received, 7557 bps, 94.46%, Err 0 (0.0e+00)
1730.437 .... 6384 packets received, 7557 bps, 94.47%, Err 0 (0.0e+00)
1732.626 .... 6392 packets received, 7557 bps, 94.46%, Err 0 (0.0e+00)
1734.791 .... 6400 packets received, 7557 bps, 94.46%, Err 0 (0.0e+00)
1736.960 .... 6408 packets received, 7557 bps, 94.46%, Err 0 (0.0e+00)
1739.105 .... 6416 packets received, 7557 bps, 94.47%, Err 0 (0.0e+00)
1741.299 .... 6424 packets received, 7557 bps, 94.46%, Err 0 (0.0e+00)
1743.453 .... 6432 packets received, 7557 bps, 94.47%, Err 0 (0.0e+00)
1745.632 .... 6440 packets received, 7557 bps, 94.46%, Err 0 (0.0e+00)
1747.807 .... 6448 packets received, 7557 bps, 94.46%, Err 0 (0.0e+00)
1749.959 .... 6456 packets received, 7557 bps, 94.47%, Err 0 (0.0e+00)
1752.135 .... 6464 packets received, 7557 bps, 94.46%, Err 0 (0.0e+00)
1754.312 .... 6472 packets received, 7557 bps, 94.46%, Err 0 (0.0e+00)
1756.465 .... 6480 packets received, 7557 bps, 94.47%, Err 0 (0.0e+00)
1758.644 .... 6488 packets received, 7557 bps, 94.46%, Err 0 (0.0e+00)
1760.807 .... 6496 packets received, 7557 bps, 94.46%, Err 0 (0.0e+00)
1762.954 .... 6504 packets received, 7557 bps, 94.47%, Err 0 (0.0e+00)
1765.136 .... 6512 packets received, 7557 bps, 94.47%, Err 0 (0.0e+00)
1767.307 .... 6520 packets received, 7557 bps, 94.46%, Err 0 (0.0e+00)
1769.474 .... 6528 packets received, 7557 bps, 94.46%, Err 0 (0.0e+00)
1771.633 .... 6536 packets received, 7557 bps, 94.47%, Err 0 (0.0e+00)
1773.794 .... 6544 packets received, 7557 bps, 94.47%, Err 0 (0.0e+00)
1775.989 .... 6552 packets received, 7557 bps, 94.46%, Err 0 (0.0e+00)
1778.152 .... 6560 packets received, 7557 bps, 94.46%, Err 0 (0.0e+00)
1780.299 .... 6568 packets received, 7557 bps, 94.47%, Err 0 (0.0e+00)
1782.472 .... 6576 packets received, 7557 bps, 94.47%, Err 0 (0.0e+00)
1784.633 .... 6584 packets received, 7557 bps, 94.47%, Err 0 (0.0e+00)
1786.828 .... 6592 packets received, 7557 bps, 94.46%, Err 0 (0.0e+00)
1788.999 .... 6600 packets received, 7557 bps, 94.46%, Err 0 (0.0e+00)
1791.144 .... 6608 packets received, 7557 bps, 94.47%, Err 0 (0.0e+00)
1793.332 .... 6616 packets received, 7557 bps, 94.46%, Err 0 (0.0e+00)
1795.481 .... 6624 packets received, 7557 bps, 94.47%, Err 0 (0.0e+00)
1797.666 .... 6632 packets received, 7557 bps, 94.46%, Err 0 (0.0e+00)
1799.833 .... 6640 packets received, 7557 bps, 94.46%, Err 0 (0.0e+00)
1801.998 .... 6648 packets received, 7557 bps, 94.46%, Err 0 (0.0e+00)
1804.166 .... 6656 packets received, 7557 bps, 94.46%, Err 0 (0.0e+00)
1806.347 .... 6664 packets received, 7557 bps, 94.46%, Err 0 (0.0e+00)
1808.500 .... 6672 packets received, 7557 bps, 94.46%, Err 0 (0.0e+00)
1810.664 .... 6680 packets received, 7557 bps, 94.47%, Err 0 (0.0e+00)
1812.841 .... 6688 packets received, 7557 bps, 94.46%, Err 0 (0.0e+00)
1815.005 .... 6696 packets received, 7557 bps, 94.46%, Err 0 (0.0e+00)
1817.167 .... 6704 packets received, 7557 bps, 94.47%, Err 0 (0.0e+00)
1819.346 .... 6712 packets received, 7557 bps, 94.46%, Err 0 (0.0e+00)
1821.511 .... 6720 packets received, 7557 bps, 94.46%, Err 0 (0.0e+00)
1823.674 .... 6728 packets received, 7557 bps, 94.46%, Err 0 (0.0e+00)
1825.836 .... 6736 packets received, 7557 bps, 94.47%, Err 0 (0.0e+00)
1828.019 .... 6744 packets received, 7557 bps, 94.46%, Err 0 (0.0e+00)
1830.186 .... 6752 packets received, 7557 bps, 94.46%, Err 0 (0.0e+00)
1832.351 .... 6760 packets received, 7557 bps, 94.46%, Err 0 (0.0e+00)
1834.501 .... 6768 packets received, 7557 bps, 94.47%, Err 0 (0.0e+00)
1836.689 .... 6776 packets received, 7557 bps, 94.46%, Err 0 (0.0e+00)
1838.852 .... 6784 packets received, 7557 bps, 94.46%, Err 0 (0.0e+00)
1841.029 .... 6792 packets received, 7557 bps, 94.46%, Err 0 (0.0e+00)
1843.193 .... 6800 packets received, 7557 bps, 94.46%, Err 0 (0.0e+00)
1845.363 .... 6808 packets received, 7557 bps, 94.46%, Err 0 (0.0e+00)
1847.525 .... 6816 packets received, 7557 bps, 94.46%, Err 0 (0.0e+00)
1849.696 .... 6824 packets received, 7557 bps, 94.46%, Err 0 (0.0e+00)
1851.862 .... 6832 packets received, 7557 bps, 94.46%, Err 0 (0.0e+00)
1854.029 .... 6840 packets received, 7557 bps, 94.46%, Err 0 (0.0e+00)
1856.197 .... 6848 packets received, 7557 bps, 94.46%, Err 0 (0.0e+00)
1858.363 .... 6856 packets received, 7557 bps, 94.46%, Err 0 (0.0e+00)
1860.533 .... 6864 packets received, 7557 bps, 94.46%, Err 0 (0.0e+00)
1862.701 .... 6872 packets received, 7557 bps, 94.46%, Err 0 (0.0e+00)
1864.871 .... 6880 packets received, 7557 bps, 94.46%, Err 0 (0.0e+00)
1867.043 .... 6888 packets received, 7557 bps, 94.46%, Err 0 (0.0e+00)
1869.219 .... 6896 packets received, 7557 bps, 94.46%, Err 0 (0.0e+00)
1871.371 .... 6904 packets received, 7557 bps, 94.46%, Err 0 (0.0e+00)
1873.542 .... 6912 packets received, 7557 bps, 94.46%, Err 0 (0.0e+00)
1875.694 .... 6920 packets received, 7557 bps, 94.47%, Err 0 (0.0e+00)
1877.889 .... 6928 packets received, 7557 bps, 94.46%, Err 0 (0.0e+00)
1880.051 .... 6936 packets received, 7557 bps, 94.46%, Err 0 (0.0e+00)
1882.199 .... 6944 packets received, 7557 bps, 94.47%, Err 0 (0.0e+00)
1884.380 .... 6952 packets received, 7557 bps, 94.46%, Err 0 (0.0e+00)
1886.547 .... 6960 packets received, 7557 bps, 94.46%, Err 0 (0.0e+00)
1888.710 .... 6968 packets received, 7557 bps, 94.47%, Err 0 (0.0e+00)
1890.891 .... 6976 packets received, 7557 bps, 94.46%, Err 0 (0.0e+00)
1893.071 .... 6984 packets received, 7557 bps, 94.46%, Err 0 (0.0e+00)
1895.220 .... 6992 packets received, 7557 bps, 94.46%, Err 0 (0.0e+00)
1897.367 .... 7000 packets received, 7557 bps, 94.47%, Err 0 (0.0e+00)
1899.552 .... 7008 packets received, 7557 bps, 94.47%, Err 0 (0.0e+00)
1901.718 .... 7016 packets received, 7557 bps, 94.47%, Err 0 (0.0e+00)
1903.886 .... 7024 packets received, 7557 bps, 94.47%, Err 0 (0.0e+00)
1906.061 .... 7032 packets received, 7557 bps, 94.46%, Err 0 (0.0e+00)
1908.233 .... 7040 packets received, 7557 bps, 94.46%, Err 0 (0.0e+00)
1910.400 .... 7048 packets received, 7557 bps, 94.46%, Err 0 (0.0e+00)
1912.562 .... 7056 packets received, 7557 bps, 94.46%, Err 0 (0.0e+00)
1914.713 .... 7064 packets received, 7557 bps, 94.47%, Err 0 (0.0e+00)
1916.905 .... 7072 packets received, 7557 bps, 94.46%, Err 0 (0.0e+00)
1919.057 .... 7080 packets received, 7557 bps, 94.47%, Err 0 (0.0e+00)
1921.230 .... 7088 packets received, 7557 bps, 94.47%, Err 0 (0.0e+00)
1923.404 .... 7096 packets received, 7557 bps, 94.46%, Err 0 (0.0e+00)
1925.569 .... 7104 packets received, 7557 bps, 94.47%, Err 0 (0.0e+00)
1927.738 .... 7112 packets received, 7557 bps, 94.46%, Err 0 (0.0e+00)
1929.903 .... 7120 packets received, 7557 bps, 94.47%, Err 0 (0.0e+00)
1932.074 .... 7128 packets received, 7557 bps, 94.46%, Err 0 (0.0e+00)
1934.238 .... 7136 packets received, 7557 bps, 94.47%, Err 0 (0.0e+00)
1936.418 .... 7144 packets received, 7557 bps, 94.46%, Err 0 (0.0e+00)
1938.570 .... 7152 packets received, 7557 bps, 94.47%, Err 0 (0.0e+00)
1940.748 .... 7160 packets received, 7557 bps, 94.46%, Err 0 (0.0e+00)
1942.917 .... 7168 packets received, 7557 bps, 94.46%, Err 0 (0.0e+00)
1945.098 .... 7176 packets received, 7557 bps, 94.46%, Err 0 (0.0e+00)
1947.266 .... 7184 packets received, 7557 bps, 94.46%, Err 0 (0.0e+00)
1949.403 .... 7192 packets received, 7557 bps, 94.47%, Err 0 (0.0e+00)
1951.583 .... 7200 packets received, 7557 bps, 94.47%, Err 0 (0.0e+00)
1953.760 .... 7208 packets received, 7557 bps, 94.46%, Err 0 (0.0e+00)
1955.913 .... 7216 packets received, 7557 bps, 94.47%, Err 0 (0.0e+00)
1958.098 .... 7224 packets received, 7557 bps, 94.46%, Err 0 (0.0e+00)
1960.259 .... 7232 packets received, 7557 bps, 94.46%, Err 0 (0.0e+00)
1962.420 .... 7240 packets received, 7557 bps, 94.47%, Err 0 (0.0e+00)
1964.603 .... 7248 packets received, 7557 bps, 94.46%, Err 0 (0.0e+00)
1966.771 .... 7256 packets received, 7557 bps, 94.46%, Err 0 (0.0e+00)
1968.949 .... 7264 packets received, 7557 bps, 94.46%, Err 0 (0.0e+00)
1971.109 .... 7272 packets received, 7557 bps, 94.46%, Err 0 (0.0e+00)
1973.268 .... 7280 packets received, 7557 bps, 94.46%, Err 0 (0.0e+00)
1975.436 .... 7288 packets received, 7557 bps, 94.46%, Err 0 (0.0e+00)
1977.595 .... 7296 packets received, 7557 bps, 94.47%, Err 0 (0.0e+00)
1979.779 .... 7304 packets received, 7557 bps, 94.46%, Err 0 (0.0e+00)
1981.947 .... 7312 packets received, 7557 bps, 94.46%, Err 0 (0.0e+00)
1984.116 .... 7320 packets received, 7557 bps, 94.46%, Err 0 (0.0e+00)
1986.284 .... 7328 packets received, 7557 bps, 94.46%, Err 0 (0.0e+00)
1988.465 .... 7336 packets received, 7557 bps, 94.46%, Err 0 (0.0e+00)
1990.608 .... 7344 packets received, 7557 bps, 94.47%, Err 0 (0.0e+00)
1992.760 .... 7352 packets received, 7557 bps, 94.47%, Err 0 (0.0e+00)
1994.947 .... 7360 packets received, 7557 bps, 94.46%, Err 0 (0.0e+00)
1997.106 .... 7368 packets received, 7557 bps, 94.47%, Err 0 (0.0e+00)
1999.285 .... 7376 packets received, 7557 bps, 94.46%, Err 0 (0.0e+00)
2001.451 ...