000.000 =============================================================
000.000                     Station A                               
000.000 -------------------------------------------------------------
000.000 Protocol.lib, version 4.0, jiangyanjun0718@bupt.edu.cn
000.000 Channel: 8000 bps, 270 ms propagation delay, bit error rate 0
000.000 Log file "./au.log", TCP port 59144, debug mask 0x00
000.000 Station A is waiting for station B on TCP port 59144 ... Done.
000.155 New epoch: Thu Apr  6 22:17:04 2023
000.155 =================================================================
000.155 
000.155 Designed by Li Ruobin, build: Apr  6 2023  20:48:58
003.206 .... 7 packets received, 6472 bps, 80.90%, Err 0 (0.0e+00)
005.361 .... 15 packets received, 7030 bps, 87.87%, Err 0 (0.0e+00)
007.551 .... 23 packets received, 7180 bps, 89.76%, Err 0 (0.0e+00)
009.704 .... 31 packets received, 7287 bps, 91.08%, Err 0 (0.0e+00)
011.877 .... 39 packets received, 7337 bps, 91.71%, Err 0 (0.0e+00)
014.063 .... 47 packets received, 7364 bps, 92.04%, Err 0 (0.0e+00)
016.211 .... 55 packets received, 7401 bps, 92.51%, Err 0 (0.0e+00)
018.398 .... 63 packets received, 7412 bps, 92.65%, Err 0 (0.0e+00)
020.540 .... 71 packets received, 7438 bps, 92.98%, Err 0 (0.0e+00)
022.725 .... 79 packets received, 7444 bps, 93.05%, Err 0 (0.0e+00)
024.869 .... 87 packets received, 7462 bps, 93.27%, Err 0 (0.0e+00)
027.035 .... 95 packets received, 7470 bps, 93.38%, Err 0 (0.0e+00)
029.217 .... 103 packets received, 7473 bps, 93.42%, Err 0 (0.0e+00)
031.376 .... 111 packets received, 7482 bps, 93.52%, Err 0 (0.0e+00)
033.546 .... 119 packets received, 7486 bps, 93.58%, Err 0 (0.0e+00)
035.706 .... 127 packets received, 7492 bps, 93.65%, Err 0 (0.0e+00)
037.888 .... 135 packets received, 7493 bps, 93.67%, Err 0 (0.0e+00)
040.054 .... 143 packets received, 7497 bps, 93.72%, Err 0 (0.0e+00)
042.229 .... 151 packets received, 7499 bps, 93.74%, Err 0 (0.0e+00)
044.376 .... 159 packets received, 7506 bps, 93.82%, Err 0 (0.0e+00)
046.540 .... 167 packets received, 7509 bps, 93.86%, Err 0 (0.0e+00)
048.731 .... 175 packets received, 7507 bps, 93.84%, Err 0 (0.0e+00)
050.895 .... 183 packets received, 7510 bps, 93.88%, Err 0 (0.0e+00)
053.060 .... 191 packets received, 7512 bps, 93.91%, Err 0 (0.0e+00)
055.224 .... 199 packets received, 7515 bps, 93.94%, Err 0 (0.0e+00)
057.413 .... 207 packets received, 7514 bps, 93.92%, Err 0 (0.0e+00)
059.570 .... 215 packets received, 7517 bps, 93.96%, Err 0 (0.0e+00)
061.741 .... 223 packets received, 7518 bps, 93.97%, Err 0 (0.0e+00)
063.890 .... 231 packets received, 7521 bps, 94.02%, Err 0 (0.0e+00)
066.074 .... 239 packets received, 7521 bps, 94.01%, Err 0 (0.0e+00)
068.238 .... 247 packets received, 7522 bps, 94.03%, Err 0 (0.0e+00)
070.407 .... 255 packets received, 7523 bps, 94.04%, Err 0 (0.0e+00)
072.578 .... 263 packets received, 7524 bps, 94.05%, Err 0 (0.0e+00)
074.730 .... 271 packets received, 7527 bps, 94.08%, Err 0 (0.0e+00)
076.920 .... 279 packets received, 7525 bps, 94.07%, Err 0 (0.0e+00)
079.083 .... 287 packets received, 7527 bps, 94.08%, Err 0 (0.0e+00)
081.259 .... 295 packets received, 7527 bps, 94.08%, Err 0 (0.0e+00)
083.407 .... 303 packets received, 7529 bps, 94.12%, Err 0 (0.0e+00)
085.598 .... 311 packets received, 7528 bps, 94.10%, Err 0 (0.0e+00)
087.742 .... 319 packets received, 7531 bps, 94.14%, Err 0 (0.0e+00)
089.922 .... 327 packets received, 7531 bps, 94.13%, Err 0 (0.0e+00)
092.085 .... 335 packets received, 7532 bps, 94.14%, Err 0 (0.0e+00)
094.251 .... 343 packets received, 7532 bps, 94.15%, Err 0 (0.0e+00)
096.423 .... 351 packets received, 7533 bps, 94.16%, Err 0 (0.0e+00)
098.585 .... 359 packets received, 7534 bps, 94.17%, Err 0 (0.0e+00)
104.614 .... 367 packets received, 7253 bps, 90.67%, Err 0 (0.0e+00)
108.699 .... 368 packets received, 6997 bps, 87.47%, Err 0 (0.0e+00)
112.862 .... 369 packets received, 6755 bps, 84.44%, Err 0 (0.0e+00)
116.885 .... 370 packets received, 6538 bps, 81.73%, Err 0 (0.0e+00)
121.115 .... 371 packets received, 6325 bps, 79.06%, Err 0 (0.0e+00)
125.239 .... 372 packets received, 6132 bps, 76.65%, Err 0 (0.0e+00)
129.312 .... 373 packets received, 5953 bps, 74.41%, Err 0 (0.0e+00)
133.345 .... 374 packets received, 5787 bps, 72.34%, Err 0 (0.0e+00)
137.464 .... 375 packets received, 5627 bps, 70.34%, Err 0 (0.0e+00)
141.574 .... 376 packets received, 5478 bps, 68.47%, Err 0 (0.0e+00)
145.685 .... 377 packets received, 5336 bps, 66.70%, Err 0 (0.0e+00)
149.827 .... 378 packets received, 5201 bps, 65.02%, Err 0 (0.0e+00)
153.996 .... 379 packets received, 5073 bps, 63.41%, Err 0 (0.0e+00)
158.025 .... 380 packets received, 4956 bps, 61.95%, Err 0 (0.0e+00)
162.058 .... 381 packets received, 4844 bps, 60.56%, Err 0 (0.0e+00)
166.191 .... 382 packets received, 4736 bps, 59.20%, Err 0 (0.0e+00)
170.242 .... 383 packets received, 4634 bps, 57.93%, Err 0 (0.0e+00)
174.328 .... 384 packets received, 4537 bps, 56.71%, Err 0 (0.0e+00)
178.398 .... 385 packets received, 4444 bps, 55.56%, Err 0 (0.0e+00)
182.560 .... 386 packets received, 4354 bps, 54.42%, Err 0 (0.0e+00)
186.684 .... 387 packets received, 4268 bps, 53.35%, Err 0 (0.0e+00)
190.842 .... 388 packets received, 4186 bps, 52.32%, Err 0 (0.0e+00)
195.002 .... 389 packets received, 4106 bps, 51.33%, Err 0 (0.0e+00)
199.084 .... 390 packets received, 4032 bps, 50.40%, Err 0 (0.0e+00)
201.337 .... 394 packets received, 4028 bps, 50.34%, Err 0 (0.0e+00)
203.505 .... 402 packets received, 4065 bps, 50.82%, Err 0 (0.0e+00)
205.697 .... 410 packets received, 4102 bps, 51.27%, Err 0 (0.0e+00)
207.853 .... 418 packets received, 4138 bps, 51.73%, Err 0 (0.0e+00)
210.031 .... 426 packets received, 4174 bps, 52.17%, Err 0 (0.0e+00)
212.185 .... 434 packets received, 4209 bps, 52.61%, Err 0 (0.0e+00)
214.366 .... 442 packets received, 4242 bps, 53.03%, Err 0 (0.0e+00)
216.523 .... 450 packets received, 4276 bps, 53.45%, Err 0 (0.0e+00)
218.708 .... 458 packets received, 4308 bps, 53.85%, Err 0 (0.0e+00)
220.879 .... 466 packets received, 4340 bps, 54.25%, Err 0 (0.0e+00)
223.046 .... 474 packets received, 4372 bps, 54.65%, Err 0 (0.0e+00)
225.223 .... 482 packets received, 4402 bps, 55.03%, Err 0 (0.0e+00)
227.358 .... 490 packets received, 4433 bps, 55.41%, Err 0 (0.0e+00)
229.555 .... 498 packets received, 4462 bps, 55.78%, Err 0 (0.0e+00)
231.725 .... 506 packets received, 4491 bps, 56.14%, Err 0 (0.0e+00)
233.881 .... 514 packets received, 4520 bps, 56.50%, Err 0 (0.0e+00)
236.037 .... 522 packets received, 4548 bps, 56.85%, Err 0 (0.0e+00)
238.208 .... 530 packets received, 4576 bps, 57.20%, Err 0 (0.0e+00)
240.381 .... 538 packets received, 4603 bps, 57.53%, Err 0 (0.0e+00)
242.553 .... 546 packets received, 4629 bps, 57.86%, Err 0 (0.0e+00)
244.712 .... 554 packets received, 4655 bps, 58.19%, Err 0 (0.0e+00)
246.891 .... 562 packets received, 4681 bps, 58.51%, Err 0 (0.0e+00)
249.043 .... 570 packets received, 4706 bps, 58.83%, Err 0 (0.0e+00)
251.209 .... 578 packets received, 4731 bps, 59.14%, Err 0 (0.0e+00)
253.394 .... 586 packets received, 4755 bps, 59.44%, Err 0 (0.0e+00)
255.550 .... 594 packets received, 4779 bps, 59.74%, Err 0 (0.0e+00)
257.736 .... 602 packets received, 4802 bps, 60.03%, Err 0 (0.0e+00)
259.896 .... 610 packets received, 4825 bps, 60.32%, Err 0 (0.0e+00)
262.061 .... 618 packets received, 4848 bps, 60.60%, Err 0 (0.0e+00)
264.250 .... 626 packets received, 4870 bps, 60.87%, Err 0 (0.0e+00)
266.390 .... 634 packets received, 4892 bps, 61.15%, Err 0 (0.0e+00)
268.573 .... 642 packets received, 4914 bps, 61.42%, Err 0 (0.0e+00)
270.742 .... 650 packets received, 4935 bps, 61.69%, Err 0 (0.0e+00)
272.912 .... 658 packets received, 4956 bps, 61.95%, Err 0 (0.0e+00)
275.050 .... 666 packets received, 4977 bps, 62.21%, Err 0 (0.0e+00)
277.220 .... 674 packets received, 4997 bps, 62.46%, Err 0 (0.0e+00)
279.415 .... 682 packets received, 5017 bps, 62.71%, Err 0 (0.0e+00)
281.578 .... 690 packets received, 5036 bps, 62.95%, Err 0 (0.0e+00)
283.751 .... 698 packets received, 5056 bps, 63.19%, Err 0 (0.0e+00)
285.890 .... 706 packets received, 5075 bps, 63.44%, Err 0 (0.0e+00)
288.087 .... 714 packets received, 5093 bps, 63.67%, Err 0 (0.0e+00)
290.238 .... 722 packets received, 5112 bps, 63.90%, Err 0 (0.0e+00)
292.415 .... 730 packets received, 5130 bps, 64.13%, Err 0 (0.0e+00)
294.596 .... 738 packets received, 5148 bps, 64.35%, Err 0 (0.0e+00)
296.752 .... 746 packets received, 5166 bps, 64.57%, Err 0 (0.0e+00)
298.907 .... 754 packets received, 5183 bps, 64.79%, Err 0 (0.0e+00)
304.567 .... 761 packets received, 5134 bps, 64.17%, Err 0 (0.0e+00)
308.658 .... 762 packets received, 5072 bps, 63.40%, Err 0 (0.0e+00)
312.708 .... 763 packets received, 5013 bps, 62.66%, Err 0 (0.0e+00)
316.870 .... 764 packets received, 4953 bps, 61.92%, Err 0 (0.0e+00)
320.938 .... 765 packets received, 4897 bps, 61.21%, Err 0 (0.0e+00)
324.997 .... 766 packets received, 4842 bps, 60.52%, Err 0 (0.0e+00)
329.181 .... 767 packets received, 4786 bps, 59.83%, Err 0 (0.0e+00)
333.244 .... 768 packets received, 4734 bps, 59.17%, Err 0 (0.0e+00)
337.260 .... 769 packets received, 4683 bps, 58.54%, Err 0 (0.0e+00)
341.371 .... 770 packets received, 4633 bps, 57.91%, Err 0 (0.0e+00)
345.473 .... 771 packets received, 4584 bps, 57.30%, Err 0 (0.0e+00)
349.663 .... 772 packets received, 4535 bps, 56.68%, Err 0 (0.0e+00)
353.801 .... 773 packets received, 4487 bps, 56.09%, Err 0 (0.0e+00)
357.950 .... 774 packets received, 4441 bps, 55.51%, Err 0 (0.0e+00)
362.093 .... 775 packets received, 4395 bps, 54.94%, Err 0 (0.0e+00)
366.212 .... 776 packets received, 4351 bps, 54.39%, Err 0 (0.0e+00)
370.326 .... 777 packets received, 4309 bps, 53.86%, Err 0 (0.0e+00)
374.327 .... 778 packets received, 4268 bps, 53.35%, Err 0 (0.0e+00)
378.436 .... 779 packets received, 4227 bps, 52.84%, Err 0 (0.0e+00)
382.504 .... 780 packets received, 4187 bps, 52.34%, Err 0 (0.0e+00)
386.607 .... 781 packets received, 4148 bps, 51.85%, Err 0 (0.0e+00)
390.746 .... 782 packets received, 4109 bps, 51.36%, Err 0 (0.0e+00)
394.897 .... 783 packets received, 4071 bps, 50.89%, Err 0 (0.0e+00)
398.934 .... 784 packets received, 4035 bps, 50.44%, Err 0 (0.0e+00)
401.104 .... 787 packets received, 4028 bps, 50.35%, Err 0 (0.0e+00)
403.248 .... 795 packets received, 4048 bps, 50.59%, Err 0 (0.0e+00)
405.428 .... 803 packets received, 4066 bps, 50.83%, Err 0 (0.0e+00)
407.591 .... 811 packets received, 4085 bps, 51.06%, Err 0 (0.0e+00)
409.762 .... 819 packets received, 4103 bps, 51.29%, Err 0 (0.0e+00)
411.918 .... 827 packets received, 4122 bps, 51.52%, Err 0 (0.0e+00)
414.108 .... 835 packets received, 4139 bps, 51.74%, Err 0 (0.0e+00)
416.279 .... 843 packets received, 4157 bps, 51.97%, Err 0 (0.0e+00)
418.431 .... 851 packets received, 4175 bps, 52.19%, Err 0 (0.0e+00)
420.598 .... 859 packets received, 4193 bps, 52.41%, Err 0 (0.0e+00)
422.766 .... 867 packets received, 4210 bps, 52.62%, Err 0 (0.0e+00)
424.939 .... 875 packets received, 4227 bps, 52.84%, Err 0 (0.0e+00)
427.095 .... 883 packets received, 4244 bps, 53.05%, Err 0 (0.0e+00)
429.266 .... 891 packets received, 4261 bps, 53.26%, Err 0 (0.0e+00)
431.431 .... 899 packets received, 4277 bps, 53.47%, Err 0 (0.0e+00)
433.594 .... 907 packets received, 4294 bps, 53.67%, Err 0 (0.0e+00)
435.757 .... 915 packets received, 4310 bps, 53.88%, Err 0 (0.0e+00)
437.935 .... 923 packets received, 4326 bps, 54.08%, Err 0 (0.0e+00)
440.102 .... 931 packets received, 4342 bps, 54.28%, Err 0 (0.0e+00)
442.283 .... 939 packets received, 4358 bps, 54.47%, Err 0 (0.0e+00)
444.462 .... 947 packets received, 4373 bps, 54.67%, Err 0 (0.0e+00)
446.589 .... 955 packets received, 4389 bps, 54.87%, Err 0 (0.0e+00)
448.773 .... 963 packets received, 4404 bps, 55.06%, Err 0 (0.0e+00)
450.950 .... 971 packets received, 4420 bps, 55.24%, Err 0 (0.0e+00)
453.123 .... 979 packets received, 4435 bps, 55.43%, Err 0 (0.0e+00)
455.288 .... 987 packets received, 4449 bps, 55.62%, Err 0 (0.0e+00)
457.450 .... 995 packets received, 4464 bps, 55.80%, Err 0 (0.0e+00)
459.617 .... 1003 packets received, 4479 bps, 55.99%, Err 0 (0.0e+00)
461.788 .... 1011 packets received, 4493 bps, 56.17%, Err 0 (0.0e+00)
463.952 .... 1019 packets received, 4508 bps, 56.35%, Err 0 (0.0e+00)
466.113 .... 1027 packets received, 4522 bps, 56.53%, Err 0 (0.0e+00)
468.290 .... 1035 packets received, 4536 bps, 56.70%, Err 0 (0.0e+00)
470.466 .... 1043 packets received, 4550 bps, 56.87%, Err 0 (0.0e+00)
472.617 .... 1051 packets received, 4564 bps, 57.05%, Err 0 (0.0e+00)
474.778 .... 1059 packets received, 4578 bps, 57.22%, Err 0 (0.0e+00)
476.967 .... 1067 packets received, 4591 bps, 57.39%, Err 0 (0.0e+00)
479.140 .... 1075 packets received, 4604 bps, 57.56%, Err 0 (0.0e+00)
481.300 .... 1083 packets received, 4618 bps, 57.72%, Err 0 (0.0e+00)
483.476 .... 1091 packets received, 4631 bps, 57.89%, Err 0 (0.0e+00)
485.618 .... 1099 packets received, 4644 bps, 58.05%, Err 0 (0.0e+00)
487.798 .... 1107 packets received, 4657 bps, 58.21%, Err 0 (0.0e+00)
489.980 .... 1115 packets received, 4670 bps, 58.37%, Err 0 (0.0e+00)
492.131 .... 1123 packets received, 4683 bps, 58.53%, Err 0 (0.0e+00)
494.287 .... 1131 packets received, 4696 bps, 58.69%, Err 0 (0.0e+00)
496.471 .... 1139 packets received, 4708 bps, 58.85%, Err 0 (0.0e+00)
498.632 .... 1147 packets received, 4720 bps, 59.00%, Err 0 (0.0e+00)
504.675 .... 1155 packets received, 4696 bps, 58.70%, Err 0 (0.0e+00)
508.733 .... 1156 packets received, 4663 bps, 58.28%, Err 0 (0.0e+00)
512.930 .... 1157 packets received, 4629 bps, 57.86%, Err 0 (0.0e+00)
517.079 .... 1158 packets received, 4595 bps, 57.44%, Err 0 (0.0e+00)
521.140 .... 1159 packets received, 4563 bps, 57.04%, Err 0 (0.0e+00)
525.245 .... 1160 packets received, 4532 bps, 56.64%, Err 0 (0.0e+00)
529.426 .... 1161 packets received, 4500 bps, 56.24%, Err 0 (0.0e+00)
533.627 .... 1162 packets received, 4468 bps, 55.85%, Err 0 (0.0e+00)
537.800 .... 1163 packets received, 4437 bps, 55.46%, Err 0 (0.0e+00)
542.005 .... 1164 packets received, 4406 bps, 55.08%, Err 0 (0.0e+00)
546.101 .... 1165 packets received, 4377 bps, 54.71%, Err 0 (0.0e+00)
550.202 .... 1166 packets received, 4348 bps, 54.35%, Err 0 (0.0e+00)
554.303 .... 1167 packets received, 4319 bps, 53.99%, Err 0 (0.0e+00)
558.366 .... 1168 packets received, 4292 bps, 53.65%, Err 0 (0.0e+00)
562.453 .... 1169 packets received, 4264 bps, 53.30%, Err 0 (0.0e+00)
566.582 .... 1170 packets received, 4237 bps, 52.96%, Err 0 (0.0e+00)
570.701 .... 1171 packets received, 4210 bps, 52.62%, Err 0 (0.0e+00)
574.784 .... 1172 packets received, 4183 bps, 52.29%, Err 0 (0.0e+00)
578.909 .... 1173 packets received, 4157 bps, 51.96%, Err 0 (0.0e+00)
583.006 .... 1174 packets received, 4131 bps, 51.64%, Err 0 (0.0e+00)
587.124 .... 1175 packets received, 4106 bps, 51.32%, Err 0 (0.0e+00)
591.194 .... 1176 packets received, 4081 bps, 51.01%, Err 0 (0.0e+00)
595.318 .... 1177 packets received, 4056 bps, 50.70%, Err 0 (0.0e+00)
599.368 .... 1178 packets received, 4032 bps, 50.40%, Err 0 (0.0e+00)
601.627 .... 1183 packets received, 4034 bps, 50.42%, Err 0 (0.0e+00)
603.797 .... 1191 packets received, 4046 bps, 50.58%, Err 0 (0.0e+00)
605.964 .... 1199 packets received, 4059 bps, 50.74%, Err 0 (0.0e+00)
608.145 .... 1207 packets received, 4071 bps, 50.89%, Err 0 (0.0e+00)
610.273 .... 1215 packets received, 4084 bps, 51.05%, Err 0 (0.0e+00)
612.468 .... 1223 packets received, 4096 bps, 51.20%, Err 0 (0.0e+00)
614.639 .... 1231 packets received, 4108 bps, 51.35%, Err 0 (0.0e+00)
616.803 .... 1239 packets received, 4121 bps, 51.51%, Err 0 (0.0e+00)
618.973 .... 1247 packets received, 4133 bps, 51.66%, Err 0 (0.0e+00)
621.134 .... 1255 packets received, 4145 bps, 51.81%, Err 0 (0.0e+00)
623.309 .... 1263 packets received, 4156 bps, 51.96%, Err 0 (0.0e+00)
625.462 .... 1271 packets received, 4168 bps, 52.10%, Err 0 (0.0e+00)
627.641 .... 1279 packets received, 4180 bps, 52.25%, Err 0 (0.0e+00)
629.814 .... 1287 packets received, 4192 bps, 52.40%, Err 0 (0.0e+00)
631.968 .... 1295 packets received, 4203 bps, 52.54%, Err 0 (0.0e+00)
634.139 .... 1303 packets received, 4215 bps, 52.68%, Err 0 (0.0e+00)
636.323 .... 1311 packets received, 4226 bps, 52.83%, Err 0 (0.0e+00)
638.478 .... 1319 packets received, 4237 bps, 52.97%, Err 0 (0.0e+00)
640.646 .... 1327 packets received, 4249 bps, 53.11%, Err 0 (0.0e+00)
642.820 .... 1335 packets received, 4260 bps, 53.25%, Err 0 (0.0e+00)
644.990 .... 1343 packets received, 4271 bps, 53.39%, Err 0 (0.0e+00)
647.145 .... 1351 packets received, 4282 bps, 53.53%, Err 0 (0.0e+00)
649.313 .... 1359 packets received, 4293 bps, 53.66%, Err 0 (0.0e+00)
651.481 .... 1367 packets received, 4304 bps, 53.80%, Err 0 (0.0e+00)
653.661 .... 1375 packets received, 4315 bps, 53.93%, Err 0 (0.0e+00)
655.817 .... 1383 packets received, 4325 bps, 54.07%, Err 0 (0.0e+00)
657.992 .... 1391 packets received, 4336 bps, 54.20%, Err 0 (0.0e+00)
660.162 .... 1399 packets received, 4347 bps, 54.33%, Err 0 (0.0e+00)
662.339 .... 1407 packets received, 4357 bps, 54.46%, Err 0 (0.0e+00)
664.493 .... 1415 packets received, 4368 bps, 54.60%, Err 0 (0.0e+00)
666.661 .... 1423 packets received, 4378 bps, 54.73%, Err 0 (0.0e+00)
668.824 .... 1431 packets received, 4388 bps, 54.85%, Err 0 (0.0e+00)
670.999 .... 1439 packets received, 4399 bps, 54.98%, Err 0 (0.0e+00)
673.163 .... 1447 packets received, 4409 bps, 55.11%, Err 0 (0.0e+00)
675.318 .... 1455 packets received, 4419 bps, 55.24%, Err 0 (0.0e+00)
677.484 .... 1463 packets received, 4429 bps, 55.36%, Err 0 (0.0e+00)
679.668 .... 1471 packets received, 4439 bps, 55.49%, Err 0 (0.0e+00)
681.823 .... 1479 packets received, 4449 bps, 55.61%, Err 0 (0.0e+00)
683.994 .... 1487 packets received, 4459 bps, 55.74%, Err 0 (0.0e+00)
686.174 .... 1495 packets received, 4469 bps, 55.86%, Err 0 (0.0e+00)
688.349 .... 1503 packets received, 4478 bps, 55.98%, Err 0 (0.0e+00)
690.511 .... 1511 packets received, 4488 bps, 56.10%, Err 0 (0.0e+00)
692.695 .... 1519 packets received, 4497 bps, 56.22%, Err 0 (0.0e+00)
694.837 .... 1527 packets received, 4507 bps, 56.34%, Err 0 (0.0e+00)
697.010 .... 1535 packets received, 4517 bps, 56.46%, Err 0 (0.0e+00)
699.168 .... 1543 packets received, 4526 bps, 56.58%, Err 0 (0.0e+00)
704.659 .... 1549 packets received, 4508 bps, 56.35%, Err 0 (0.0e+00)
708.712 .... 1550 packets received, 4485 bps, 56.07%, Err 0 (0.0e+00)
712.828 .... 1551 packets received, 4462 bps, 55.78%, Err 0 (0.0e+00)
716.856 .... 1552 packets received, 4440 bps, 55.50%, Err 0 (0.0e+00)
720.901 .... 1553 packets received, 4418 bps, 55.22%, Err 0 (0.0e+00)
724.950 .... 1554 packets received, 4396 bps, 54.95%, Err 0 (0.0e+00)
729.158 .... 1555 packets received, 4374 bps, 54.67%, Err 0 (0.0e+00)
733.248 .... 1556 packets received, 4352 bps, 54.40%, Err 0 (0.0e+00)
737.300 .... 1557 packets received, 4331 bps, 54.13%, Err 0 (0.0e+00)
741.412 .... 1558 packets received, 4309 bps, 53.87%, Err 0 (0.0e+00)
745.533 .... 1559 packets received, 4288 bps, 53.60%, Err 0 (0.0e+00)
749.617 .... 1560 packets received, 4268 bps, 53.35%, Err 0 (0.0e+00)
753.803 .... 1561 packets received, 4247 bps, 53.08%, Err 0 (0.0e+00)
757.915 .... 1562 packets received, 4226 bps, 52.83%, Err 0 (0.0e+00)
761.939 .... 1563 packets received, 4207 bps, 52.58%, Err 0 (0.0e+00)
766.010 .... 1564 packets received, 4187 bps, 52.34%, Err 0 (0.0e+00)
770.047 .... 1565 packets received, 4168 bps, 52.10%, Err 0 (0.0e+00)
774.177 .... 1566 packets received, 4148 bps, 51.85%, Err 0 (0.0e+00)
778.227 .... 1567 packets received, 4129 bps, 51.61%, Err 0 (0.0e+00)
782.307 .... 1568 packets received, 4110 bps, 51.38%, Err 0 (0.0e+00)
786.425 .... 1569 packets received, 4091 bps, 51.14%, Err 0 (0.0e+00)
790.492 .... 1570 packets received, 4073 bps, 50.91%, Err 0 (0.0e+00)
794.715 .... 1571 packets received, 4054 bps, 50.67%, Err 0 (0.0e+00)
798.865 .... 1572 packets received, 4035 bps, 50.44%, Err 0 (0.0e+00)
801.072 .... 1575 packets received, 4032 bps, 50.39%, Err 0 (0.0e+00)
803.242 .... 1583 packets received, 4041 bps, 50.51%, Err 0 (0.0e+00)
805.427 .... 1591 packets received, 4050 bps, 50.63%, Err 0 (0.0e+00)
807.586 .... 1599 packets received, 4060 bps, 50.75%, Err 0 (0.0e+00)
809.747 .... 1607 packets received, 4069 bps, 50.87%, Err 0 (0.0e+00)
811.923 .... 1615 packets received, 4079 bps, 50.98%, Err 0 (0.0e+00)
814.096 .... 1623 packets received, 4088 bps, 51.10%, Err 0 (0.0e+00)
816.277 .... 1631 packets received, 4097 bps, 51.21%, Err 0 (0.0e+00)
818.417 .... 1639 packets received, 4106 bps, 51.33%, Err 0 (0.0e+00)
820.586 .... 1647 packets received, 4116 bps, 51.44%, Err 0 (0.0e+00)
822.744 .... 1655 packets received, 4125 bps, 51.56%, Err 0 (0.0e+00)
824.911 .... 1663 packets received, 4134 bps, 51.67%, Err 0 (0.0e+00)
827.095 .... 1671 packets received, 4143 bps, 51.78%, Err 0 (0.0e+00)
829.273 .... 1679 packets received, 4151 bps, 51.89%, Err 0 (0.0e+00)
831.450 .... 1687 packets received, 4160 bps, 52.00%, Err 0 (0.0e+00)
833.596 .... 1695 packets received, 4169 bps, 52.12%, Err 0 (0.0e+00)
835.752 .... 1703 packets received, 4178 bps, 52.23%, Err 0 (0.0e+00)
837.951 .... 1711 packets received, 4187 bps, 52.33%, Err 0 (0.0e+00)
840.103 .... 1719 packets received, 4196 bps, 52.44%, Err 0 (0.0e+00)
842.273 .... 1727 packets received, 4204 bps, 52.55%, Err 0 (0.0e+00)
844.428 .... 1735 packets received, 4213 bps, 52.66%, Err 0 (0.0e+00)
846.616 .... 1743 packets received, 4221 bps, 52.77%, Err 0 (0.0e+00)
848.777 .... 1751 packets received, 4230 bps, 52.87%, Err 0 (0.0e+00)
850.924 .... 1759 packets received, 4238 bps, 52.98%, Err 0 (0.0e+00)
853.123 .... 1767 packets received, 4247 bps, 53.08%, Err 0 (0.0e+00)
855.278 .... 1775 packets received, 4255 bps, 53.19%, Err 0 (0.0e+00)
857.458 .... 1783 packets received, 4264 bps, 53.29%, Err 0 (0.0e+00)
859.634 .... 1791 packets received, 4272 bps, 53.40%, Err 0 (0.0e+00)
861.781 .... 1799 packets received, 4280 bps, 53.50%, Err 0 (0.0e+00)
863.945 .... 1807 packets received, 4288 bps, 53.61%, Err 0 (0.0e+00)
866.111 .... 1815 packets received, 4297 bps, 53.71%, Err 0 (0.0e+00)
868.293 .... 1823 packets received, 4305 bps, 53.81%, Err 0 (0.0e+00)
870.473 .... 1831 packets received, 4313 bps, 53.91%, Err 0 (0.0e+00)
872.634 .... 1839 packets received, 4321 bps, 54.01%, Err 0 (0.0e+00)
874.802 .... 1847 packets received, 4329 bps, 54.11%, Err 0 (0.0e+00)
876.959 .... 1855 packets received, 4337 bps, 54.21%, Err 0 (0.0e+00)
879.123 .... 1863 packets received, 4345 bps, 54.31%, Err 0 (0.0e+00)
881.309 .... 1871 packets received, 4353 bps, 54.41%, Err 0 (0.0e+00)
883.479 .... 1879 packets received, 4361 bps, 54.51%, Err 0 (0.0e+00)
885.635 .... 1887 packets received, 4369 bps, 54.61%, Err 0 (0.0e+00)
887.794 .... 1895 packets received, 4376 bps, 54.70%, Err 0 (0.0e+00)
889.972 .... 1903 packets received, 4384 bps, 54.80%, Err 0 (0.0e+00)
892.159 .... 1911 packets received, 4392 bps, 54.90%, Err 0 (0.0e+00)
894.313 .... 1919 packets received, 4399 bps, 54.99%, Err 0 (0.0e+00)
896.481 .... 1927 packets received, 4407 bps, 55.09%, Err 0 (0.0e+00)
898.632 .... 1935 packets received, 4415 bps, 55.18%, Err 0 (0.0e+00)
904.566 .... 1943 packets received, 4404 bps, 55.05%, Err 0 (0.0e+00)
908.605 .... 1944 packets received, 4387 bps, 54.83%, Err 0 (0.0e+00)
912.751 .... 1945 packets received, 4369 bps, 54.61%, Err 0 (0.0e+00)
916.818 .... 1946 packets received, 4352 bps, 54.40%, Err 0 (0.0e+00)
920.963 .... 1947 packets received, 4334 bps, 54.18%, Err 0 (0.0e+00)
925.126 .... 1948 packets received, 4317 bps, 53.96%, Err 0 (0.0e+00)
929.254 .... 1949 packets received, 4300 bps, 53.75%, Err 0 (0.0e+00)
933.270 .... 1950 packets received, 4284 bps, 53.55%, Err 0 (0.0e+00)
937.331 .... 1951 packets received, 4267 bps, 53.34%, Err 0 (0.0e+00)
941.445 .... 1952 packets received, 4251 bps, 53.14%, Err 0 (0.0e+00)
945.499 .... 1953 packets received, 4235 bps, 52.93%, Err 0 (0.0e+00)
949.503 .... 1954 packets received, 4219 bps, 52.74%, Err 0 (0.0e+00)
953.565 .... 1955 packets received, 4203 bps, 52.54%, Err 0 (0.0e+00)
957.618 .... 1956 packets received, 4188 bps, 52.34%, Err 0 (0.0e+00)
961.682 .... 1957 packets received, 4172 bps, 52.15%, Err 0 (0.0e+00)
965.885 .... 1958 packets received, 4156 bps, 51.95%, Err 0 (0.0e+00)
969.958 .... 1959 packets received, 4141 bps, 51.76%, Err 0 (0.0e+00)
973.960 .... 1960 packets received, 4126 bps, 51.57%, Err 0 (0.0e+00)
977.985 .... 1961 packets received, 4111 bps, 51.38%, Err 0 (0.0e+00)
982.111 .... 1962 packets received, 4095 bps, 51.19%, Err 0 (0.0e+00)
986.189 .... 1963 packets received, 4081 bps, 51.01%, Err 0 (0.0e+00)
990.326 .... 1964 packets received, 4066 bps, 50.82%, Err 0 (0.0e+00)
994.438 .... 1965 packets received, 4051 bps, 50.64%, Err 0 (0.0e+00)
998.580 .... 1966 packets received, 4036 bps, 50.45%, Err 0 (0.0e+00)
1000.799 .... 1968 packets received, 4031 bps, 50.39%, Err 0 (0.0e+00)
1002.968 .... 1976 packets received, 4039 bps, 50.49%, Err 0 (0.0e+00)
1005.129 .... 1984 packets received, 4046 bps, 50.58%, Err 0 (0.0e+00)
1007.317 .... 1992 packets received, 4054 bps, 50.67%, Err 0 (0.0e+00)
1009.498 .... 2000 packets received, 4061 bps, 50.77%, Err 0 (0.0e+00)
1011.666 .... 2008 packets received, 4069 bps, 50.86%, Err 0 (0.0e+00)
1013.830 .... 2016 packets received, 4076 bps, 50.96%, Err 0 (0.0e+00)
1015.993 .... 2024 packets received, 4084 bps, 51.05%, Err 0 (0.0e+00)
1018.163 .... 2032 packets received, 4091 bps, 51.14%, Err 0 (0.0e+00)
1020.336 .... 2040 packets received, 4099 bps, 51.23%, Err 0 (0.0e+00)
1022.503 .... 2048 packets received, 4106 bps, 51.32%, Err 0 (0.0e+00)
1024.644 .... 2056 packets received, 4113 bps, 51.42%, Err 0 (0.0e+00)
1026.835 .... 2064 packets received, 4121 bps, 51.51%, Err 0 (0.0e+00)
1029.000 .... 2072 packets received, 4128 bps, 51.60%, Err 0 (0.0e+00)
1031.176 .... 2080 packets received, 4135 bps, 51.69%, Err 0 (0.0e+00)
1033.339 .... 2088 packets received, 4142 bps, 51.78%, Err 0 (0.0e+00)
1035.501 .... 2096 packets received, 4149 bps, 51.87%, Err 0 (0.0e+00)
1037.665 .... 2104 packets received, 4157 bps, 51.96%, Err 0 (0.0e+00)
1039.843 .... 2112 packets received, 4164 bps, 52.05%, Err 0 (0.0e+00)
1042.005 .... 2120 packets received, 4171 bps, 52.13%, Err 0 (0.0e+00)
1044.164 .... 2128 packets received, 4178 bps, 52.22%, Err 0 (0.0e+00)
1046.336 .... 2136 packets received, 4185 bps, 52.31%, Err 0 (0.0e+00)
1048.509 .... 2144 packets received, 4192 bps, 52.40%, Err 0 (0.0e+00)
1050.687 .... 2152 packets received, 4199 bps, 52.48%, Err 0 (0.0e+00)
1052.851 .... 2160 packets received, 4206 bps, 52.57%, Err 0 (0.0e+00)
1055.018 .... 2168 packets received, 4212 bps, 52.66%, Err 0 (0.0e+00)
1057.201 .... 2176 packets received, 4219 bps, 52.74%, Err 0 (0.0e+00)
1059.358 .... 2184 packets received, 4226 bps, 52.83%, Err 0 (0.0e+00)
1061.532 .... 2192 packets received, 4233 bps, 52.91%, Err 0 (0.0e+00)
1063.687 .... 2200 packets received, 4240 bps, 53.00%, Err 0 (0.0e+00)
1065.859 .... 2208 packets received, 4247 bps, 53.08%, Err 0 (0.0e+00)
1068.041 .... 2216 packets received, 4253 bps, 53.16%, Err 0 (0.0e+00)
1070.197 .... 2224 packets received, 4260 bps, 53.25%, Err 0 (0.0e+00)
1072.356 .... 2232 packets received, 4267 bps, 53.33%, Err 0 (0.0e+00)
1074.522 .... 2240 packets received, 4273 bps, 53.42%, Err 0 (0.0e+00)
1076.704 .... 2248 packets received, 4280 bps, 53.50%, Err 0 (0.0e+00)
1078.878 .... 2256 packets received, 4286 bps, 53.58%, Err 0 (0.0e+00)
1081.046 .... 2264 packets received, 4293 bps, 53.66%, Err 0 (0.0e+00)
1083.218 .... 2272 packets received, 4300 bps, 53.74%, Err 0 (0.0e+00)
1085.381 .... 2280 packets received, 4306 bps, 53.83%, Err 0 (0.0e+00)
1087.543 .... 2288 packets received, 4313 bps, 53.91%, Err 0 (0.0e+00)
1089.696 .... 2296 packets received, 4319 bps, 53.99%, Err 0 (0.0e+00)
1091.888 .... 2304 packets received, 4325 bps, 54.07%, Err 0 (0.0e+00)
1094.053 .... 2312 packets received, 4332 bps, 54.15%, Err 0 (0.0e+00)
1096.219 .... 2320 packets received, 4338 bps, 54.23%, Err 0 (0.0e+00)
1098.381 .... 2328 packets received, 4345 bps, 54.31%, Err 0 (0.0e+00)
1100.545 .... 2336 packets received, 4351 bps, 54.39%, Err 0 (0.0e+00)
1104.746 .... 2337 packets received, 4336 bps, 54.20%, Err 0 (0.0e+00)
1108.888 .... 2338 packets received, 4322 bps, 54.02%, Err 0 (0.0e+00)
1112.945 .... 2339 packets received, 4308 bps, 53.85%, Err 0 (0.0e+00)
1116.956 .... 2340 packets received, 4294 bps, 53.68%, Err 0 (0.0e+00)
1121.106 .... 2341 packets received, 4280 bps, 53.50%, Err 0 (0.0e+00)
1125.160 .... 2342 packets received, 4267 bps, 53.33%, Err 0 (0.0e+0