000.000 =============================================================
000.000                     Station B                               
000.000 -------------------------------------------------------------
000.000 Protocol.lib, version 4.0, jiangyanjun0718@bupt.edu.cn
000.000 Channel: 8000 bps, 270 ms propagation delay, bit error rate 1.0E-05
000.000 Log file "b.log", TCP port 59144, debug mask 0x00
000.000 Station B is connecting station A (TCP port 59144) ... Done.
000.599 New epoch: Fri Apr  7 20:00:25 2023
000.599 =================================================================
000.599 
000.599 Designed by Li Ruobin, build: Apr  6 2023  20:48:58
003.024 .... 8 packets received, 7674 bps, 95.93%, Err 0 (0.0e+00)
007.582 .... 15 packets received, 4590 bps, 57.37%, Err 2 (3.6e-05)
009.777 .... 23 packets received, 5300 bps, 66.25%, Err 2 (2.7e-05)
014.660 .... 31 packets received, 4610 bps, 57.63%, Err 2 (1.8e-05)
016.824 .... 39 packets received, 5012 bps, 62.65%, Err 2 (1.5e-05)
019.003 .... 47 packets received, 5314 bps, 66.42%, Err 2 (1.4e-05)
021.167 .... 55 packets received, 5555 bps, 69.43%, Err 2 (1.2e-05)
023.331 .... 63 packets received, 5749 bps, 71.87%, Err 2 (1.1e-05)
025.496 .... 71 packets received, 5909 bps, 73.87%, Err 2 (1.0e-05)
027.677 .... 79 packets received, 6040 bps, 75.50%, Err 2 (9.2e-06)
032.537 .... 87 packets received, 5630 bps, 70.37%, Err 4 (1.6e-05)
034.657 .... 95 packets received, 5762 bps, 72.02%, Err 4 (1.5e-05)
036.883 .... 103 packets received, 5861 bps, 73.26%, Err 4 (1.4e-05)
039.055 .... 111 packets received, 5956 bps, 74.45%, Err 4 (1.3e-05)
043.363 .... 117 packets received, 5641 bps, 70.52%, Err 6 (1.8e-05)
045.468 .... 125 packets received, 5743 bps, 71.78%, Err 6 (1.7e-05)
047.715 .... 133 packets received, 5817 bps, 72.71%, Err 6 (1.6e-05)
052.342 .... 137 packets received, 5453 bps, 68.16%, Err 6 (1.4e-05)
054.477 .... 145 packets received, 5542 bps, 69.27%, Err 6 (1.4e-05)
056.657 .... 153 packets received, 5619 bps, 70.23%, Err 6 (1.3e-05)
058.821 .... 161 packets received, 5692 bps, 71.15%, Err 6 (1.3e-05)
060.976 .... 169 packets received, 5760 bps, 72.00%, Err 6 (1.2e-05)
063.158 .... 177 packets received, 5821 bps, 72.77%, Err 6 (1.2e-05)
065.321 .... 185 packets received, 5880 bps, 73.50%, Err 6 (1.2e-05)
067.499 .... 193 packets received, 5934 bps, 74.18%, Err 6 (1.1e-05)
069.661 .... 201 packets received, 5986 bps, 74.82%, Err 6 (1.1e-05)
071.824 .... 209 packets received, 6034 bps, 75.43%, Err 6 (1.1e-05)
074.005 .... 217 packets received, 6078 bps, 75.98%, Err 6 (1.0e-05)
076.138 .... 225 packets received, 6124 bps, 76.55%, Err 6 (9.9e-06)
079.625 .... 228 packets received, 5931 bps, 74.13%, Err 8 (1.3e-05)
081.823 .... 236 packets received, 5972 bps, 74.65%, Err 8 (1.2e-05)
086.442 .... 243 packets received, 5817 bps, 72.71%, Err 8 (1.2e-05)
090.221 .... 247 packets received, 5663 bps, 70.78%, Err 9 (1.3e-05)
092.348 .... 255 packets received, 5710 bps, 71.38%, Err 9 (1.2e-05)
199.035 .... 257 packets received, 2656 bps, 33.20%, Err 17 (1.1e-05)
202.244 .... 258 packets received, 2624 bps, 32.80%, Err 17 (1.1e-05)
206.848 .... 265 packets received, 2635 bps, 32.94%, Err 19 (1.2e-05)
208.953 .... 273 packets received, 2687 bps, 33.59%, Err 19 (1.1e-05)
211.194 .... 281 packets received, 2736 bps, 34.21%, Err 19 (1.1e-05)
215.254 .... 286 packets received, 2732 bps, 34.15%, Err 20 (1.2e-05)
217.345 .... 294 packets received, 2782 bps, 34.77%, Err 20 (1.2e-05)
219.572 .... 302 packets received, 2828 bps, 35.35%, Err 20 (1.1e-05)
221.754 .... 310 packets received, 2875 bps, 35.93%, Err 20 (1.1e-05)
223.920 .... 318 packets received, 2920 bps, 36.50%, Err 20 (1.1e-05)
226.069 .... 326 packets received, 2965 bps, 37.06%, Err 20 (1.1e-05)
228.250 .... 334 packets received, 3009 bps, 37.61%, Err 20 (1.1e-05)
230.416 .... 342 packets received, 3052 bps, 38.14%, Err 20 (1.1e-05)
233.658 .... 344 packets received, 3027 bps, 37.83%, Err 20 (1.1e-05)
235.838 .... 352 packets received, 3068 bps, 38.35%, Err 20 (1.1e-05)
239.074 .... 354 packets received, 3044 bps, 38.05%, Err 20 (1.0e-05)
242.873 .... 358 packets received, 3030 bps, 37.87%, Err 21 (1.1e-05)
244.979 .... 366 packets received, 3071 bps, 38.39%, Err 21 (1.1e-05)
247.221 .... 374 packets received, 3109 bps, 38.87%, Err 21 (1.1e-05)
249.388 .... 382 packets received, 3148 bps, 39.35%, Err 21 (1.1e-05)
251.555 .... 390 packets received, 3186 bps, 39.83%, Err 21 (1.0e-05)
253.707 .... 398 packets received, 3224 bps, 40.30%, Err 21 (1.0e-05)
255.889 .... 406 packets received, 3261 bps, 40.76%, Err 21 (1.0e-05)
258.041 .... 414 packets received, 3297 bps, 41.21%, Err 21 (1.0e-05)
262.678 .... 421 packets received, 3294 bps, 41.17%, Err 21 (1.0e-05)
264.814 .... 429 packets received, 3329 bps, 41.61%, Err 21 (9.9e-06)
266.967 .... 437 packets received, 3364 bps, 42.04%, Err 21 (9.9e-06)
269.147 .... 445 packets received, 3397 bps, 42.47%, Err 21 (9.8e-06)
272.388 .... 447 packets received, 3372 bps, 42.15%, Err 21 (9.7e-06)
274.570 .... 455 packets received, 3405 bps, 42.56%, Err 21 (9.6e-06)
277.812 .... 457 packets received, 3380 bps, 42.25%, Err 21 (9.5e-06)
279.977 .... 465 packets received, 3412 bps, 42.65%, Err 21 (9.4e-06)
283.230 .... 467 packets received, 3387 bps, 42.34%, Err 21 (9.3e-06)
285.411 .... 475 packets received, 3419 bps, 42.74%, Err 21 (9.2e-06)
288.653 .... 477 packets received, 3395 bps, 42.43%, Err 21 (9.1e-06)
290.820 .... 485 packets received, 3426 bps, 42.82%, Err 22 (9.5e-06)
293.729 .... 486 packets received, 3399 bps, 42.49%, Err 22 (9.4e-06)
295.972 .... 494 packets received, 3429 bps, 42.86%, Err 22 (9.3e-06)
299.484 .... 497 packets received, 3409 bps, 42.61%, Err 22 (9.2e-06)
301.636 .... 505 packets received, 3439 bps, 42.99%, Err 22 (9.1e-06)
304.910 .... 507 packets received, 3415 bps, 42.69%, Err 23 (9.4e-06)
307.877 .... 508 packets received, 3389 bps, 42.36%, Err 23 (9.4e-06)
309.993 .... 516 packets received, 3419 bps, 42.74%, Err 23 (9.3e-06)
312.126 .... 524 packets received, 3448 bps, 43.10%, Err 23 (9.2e-06)
314.226 .... 532 packets received, 3477 bps, 43.47%, Err 23 (9.2e-06)
316.342 .... 540 packets received, 3506 bps, 43.82%, Err 23 (9.1e-06)
318.460 .... 548 packets received, 3534 bps, 44.18%, Err 23 (9.0e-06)
321.640 .... 550 packets received, 3512 bps, 43.90%, Err 24 (9.3e-06)
323.759 .... 558 packets received, 3539 bps, 44.24%, Err 24 (9.3e-06)
325.878 .... 566 packets received, 3567 bps, 44.58%, Err 24 (9.2e-06)
327.980 .... 574 packets received, 3594 bps, 44.92%, Err 24 (9.2e-06)
330.098 .... 582 packets received, 3621 bps, 45.26%, Err 24 (9.1e-06)
332.214 .... 590 packets received, 3647 bps, 45.59%, Err 24 (9.0e-06)
334.331 .... 598 packets received, 3673 bps, 45.91%, Err 24 (9.0e-06)
336.452 .... 606 packets received, 3699 bps, 46.23%, Err 24 (8.9e-06)
338.571 .... 614 packets received, 3724 bps, 46.55%, Err 24 (8.9e-06)
340.676 .... 622 packets received, 3749 bps, 46.86%, Err 24 (8.8e-06)
344.915 .... 628 packets received, 3739 bps, 46.73%, Err 25 (9.1e-06)
347.019 .... 636 packets received, 3763 bps, 47.04%, Err 25 (9.0e-06)
349.154 .... 644 packets received, 3787 bps, 47.34%, Err 25 (9.0e-06)
351.259 .... 652 packets received, 3811 bps, 47.64%, Err 25 (8.9e-06)
353.380 .... 660 packets received, 3835 bps, 47.93%, Err 25 (8.9e-06)
355.501 .... 668 packets received, 3858 bps, 48.22%, Err 25 (8.8e-06)
357.621 .... 676 packets received, 3881 bps, 48.51%, Err 25 (8.8e-06)
359.725 .... 684 packets received, 3904 bps, 48.80%, Err 25 (8.7e-06)
361.842 .... 692 packets received, 3926 bps, 49.08%, Err 25 (8.7e-06)
363.944 .... 700 packets received, 3949 bps, 49.36%, Err 25 (8.6e-06)
366.076 .... 708 packets received, 3971 bps, 49.63%, Err 25 (8.6e-06)
368.193 .... 716 packets received, 3992 bps, 49.90%, Err 25 (8.5e-06)
370.312 .... 724 packets received, 4014 bps, 50.17%, Err 25 (8.5e-06)
372.416 .... 732 packets received, 4035 bps, 50.44%, Err 25 (8.4e-06)
374.535 .... 740 packets received, 4056 bps, 50.70%, Err 25 (8.4e-06)
376.655 .... 748 packets received, 4077 bps, 50.96%, Err 25 (8.3e-06)
378.759 .... 756 packets received, 4097 bps, 51.22%, Err 25 (8.3e-06)
380.864 .... 764 packets received, 4118 bps, 51.47%, Err 25 (8.2e-06)
382.999 .... 772 packets received, 4138 bps, 51.72%, Err 26 (8.5e-06)
385.906 .... 773 packets received, 4112 bps, 51.40%, Err 26 (8.4e-06)
388.026 .... 781 packets received, 4132 bps, 51.64%, Err 26 (8.4e-06)
390.146 .... 789 packets received, 4151 bps, 51.89%, Err 26 (8.3e-06)
392.251 .... 797 packets received, 4171 bps, 52.13%, Err 26 (8.3e-06)
394.372 .... 805 packets received, 4190 bps, 52.37%, Err 26 (8.3e-06)
396.491 .... 813 packets received, 4209 bps, 52.61%, Err 26 (8.2e-06)
398.596 .... 821 packets received, 4228 bps, 52.85%, Err 27 (8.5e-06)
401.505 .... 822 packets received, 4202 bps, 52.53%, Err 28 (8.7e-06)
403.639 .... 830 packets received, 4221 bps, 52.76%, Err 28 (8.7e-06)
408.516 .... 837 packets received, 4205 bps, 52.57%, Err 30 (9.2e-06)
410.728 .... 845 packets received, 4223 bps, 52.78%, Err 30 (9.1e-06)
412.880 .... 853 packets received, 4240 bps, 53.00%, Err 30 (9.1e-06)
415.047 .... 861 packets received, 4258 bps, 53.22%, Err 30 (9.0e-06)
417.226 .... 869 packets received, 4275 bps, 53.43%, Err 30 (9.0e-06)
420.736 .... 872 packets received, 4254 bps, 53.17%, Err 30 (8.9e-06)
422.917 .... 880 packets received, 4270 bps, 53.38%, Err 30 (8.9e-06)
425.082 .... 888 packets received, 4287 bps, 53.59%, Err 30 (8.8e-06)
429.688 .... 895 packets received, 4275 bps, 53.43%, Err 31 (9.0e-06)
431.855 .... 903 packets received, 4291 bps, 53.64%, Err 31 (9.0e-06)
434.004 .... 911 packets received, 4308 bps, 53.85%, Err 31 (8.9e-06)
436.171 .... 919 packets received, 4324 bps, 54.05%, Err 31 (8.9e-06)
438.353 .... 927 packets received, 4340 bps, 54.25%, Err 31 (8.9e-06)
440.520 .... 935 packets received, 4356 bps, 54.45%, Err 31 (8.8e-06)
442.672 .... 943 packets received, 4372 bps, 54.64%, Err 31 (8.8e-06)
444.854 .... 951 packets received, 4387 bps, 54.84%, Err 31 (8.7e-06)
447.036 .... 959 packets received, 4402 bps, 55.03%, Err 31 (8.7e-06)
449.203 .... 967 packets received, 4417 bps, 55.22%, Err 31 (8.6e-06)
451.370 .... 975 packets received, 4433 bps, 55.41%, Err 31 (8.6e-06)
453.507 .... 983 packets received, 4448 bps, 55.60%, Err 31 (8.6e-06)
458.326 .... 991 packets received, 4437 bps, 55.46%, Err 33 (9.0e-06)
460.554 .... 999 packets received, 4451 bps, 55.64%, Err 33 (9.0e-06)
462.721 .... 1007 packets received, 4466 bps, 55.82%, Err 34 (9.2e-06)
464.889 .... 1015 packets received, 4480 bps, 56.00%, Err 34 (9.2e-06)
467.056 .... 1023 packets received, 4494 bps, 56.18%, Err 34 (9.1e-06)
469.223 .... 1031 packets received, 4509 bps, 56.36%, Err 34 (9.1e-06)
473.845 .... 1038 packets received, 4495 bps, 56.18%, Err 36 (9.5e-06)
475.967 .... 1046 packets received, 4509 bps, 56.36%, Err 36 (9.5e-06)
478.193 .... 1054 packets received, 4522 bps, 56.53%, Err 36 (9.4e-06)
482.512 .... 1058 packets received, 4499 bps, 56.24%, Err 37 (9.6e-06)
484.679 .... 1066 packets received, 4513 bps, 56.41%, Err 37 (9.6e-06)
488.739 .... 1071 packets received, 4496 bps, 56.20%, Err 38 (9.7e-06)
490.857 .... 1079 packets received, 4510 bps, 56.38%, Err 38 (9.7e-06)
493.068 .... 1087 packets received, 4523 bps, 56.54%, Err 38 (9.6e-06)
496.856 .... 1091 packets received, 4505 bps, 56.31%, Err 38 (9.6e-06)
499.038 .... 1099 packets received, 4518 bps, 56.48%, Err 38 (9.5e-06)
502.264 .... 1101 packets received, 4497 bps, 56.22%, Err 38 (9.5e-06)
506.535 .... 1107 packets received, 4484 bps, 56.05%, Err 39 (9.6e-06)
508.640 .... 1115 packets received, 4497 bps, 56.22%, Err 39 (9.6e-06)
512.603 .... 1120 packets received, 4483 bps, 56.03%, Err 41 (1.0e-05)
514.722 .... 1128 packets received, 4496 bps, 56.20%, Err 41 (1.0e-05)
516.841 .... 1136 packets received, 4509 bps, 56.36%, Err 41 (9.9e-06)
518.960 .... 1144 packets received, 4522 bps, 56.53%, Err 41 (9.9e-06)
521.064 .... 1152 packets received, 4536 bps, 56.69%, Err 41 (9.8e-06)
523.198 .... 1160 packets received, 4548 bps, 56.86%, Err 41 (9.8e-06)
527.680 .... 1167 packets received, 4537 bps, 56.71%, Err 42 (1.0e-05)
529.799 .... 1175 packets received, 4550 bps, 56.87%, Err 42 (9.9e-06)
531.918 .... 1183 packets received, 4562 bps, 57.03%, Err 42 (9.9e-06)
534.037 .... 1191 packets received, 4575 bps, 57.19%, Err 42 (9.8e-06)
536.140 .... 1199 packets received, 4588 bps, 57.35%, Err 42 (9.8e-06)
538.274 .... 1207 packets received, 4600 bps, 57.50%, Err 42 (9.8e-06)
540.378 .... 1215 packets received, 4612 bps, 57.65%, Err 42 (9.7e-06)
542.498 .... 1223 packets received, 4625 bps, 57.81%, Err 42 (9.7e-06)
544.618 .... 1231 packets received, 4637 bps, 57.96%, Err 42 (9.7e-06)
546.737 .... 1239 packets received, 4649 bps, 58.11%, Err 42 (9.6e-06)
548.842 .... 1247 packets received, 4661 bps, 58.26%, Err 42 (9.6e-06)
550.963 .... 1255 packets received, 4673 bps, 58.41%, Err 42 (9.5e-06)
553.081 .... 1263 packets received, 4684 bps, 58.55%, Err 42 (9.5e-06)
555.201 .... 1271 packets received, 4696 bps, 58.70%, Err 42 (9.5e-06)
557.305 .... 1279 packets received, 4708 bps, 58.85%, Err 42 (9.4e-06)
559.426 .... 1287 packets received, 4719 bps, 58.99%, Err 42 (9.4e-06)
561.546 .... 1295 packets received, 4730 bps, 59.13%, Err 42 (9.4e-06)
563.667 .... 1303 packets received, 4742 bps, 59.27%, Err 42 (9.3e-06)
565.771 .... 1311 packets received, 4753 bps, 59.41%, Err 42 (9.3e-06)
567.891 .... 1319 packets received, 4764 bps, 59.55%, Err 42 (9.3e-06)
571.329 .... 1322 packets received, 4746 bps, 59.33%, Err 43 (9.4e-06)
573.433 .... 1330 packets received, 4757 bps, 59.47%, Err 43 (9.4e-06)
575.552 .... 1338 packets received, 4768 bps, 59.61%, Err 43 (9.3e-06)
577.670 .... 1346 packets received, 4779 bps, 59.74%, Err 43 (9.3e-06)
579.789 .... 1354 packets received, 4790 bps, 59.88%, Err 43 (9.3e-06)
581.909 .... 1362 packets received, 4801 bps, 60.01%, Err 43 (9.2e-06)
584.016 .... 1370 packets received, 4812 bps, 60.14%, Err 43 (9.2e-06)
586.134 .... 1378 packets received, 4822 bps, 60.28%, Err 43 (9.2e-06)
588.252 .... 1386 packets received, 4833 bps, 60.41%, Err 43 (9.1e-06)
592.746 .... 1393 packets received, 4820 bps, 60.25%, Err 44 (9.3e-06)
594.851 .... 1401 packets received, 4831 bps, 60.38%, Err 44 (9.3e-06)
596.986 .... 1409 packets received, 4841 bps, 60.51%, Err 44 (9.2e-06)
601.196 .... 1415 packets received, 4827 bps, 60.34%, Err 45 (9.4e-06)
603.332 .... 1423 packets received, 4837 bps, 60.47%, Err 45 (9.3e-06)
605.556 .... 1431 packets received, 4847 bps, 60.58%, Err 45 (9.3e-06)
609.902 .... 1435 packets received, 4826 bps, 60.32%, Err 46 (9.4e-06)
612.054 .... 1443 packets received, 4835 bps, 60.44%, Err 47 (9.6e-06)
615.023 .... 1444 packets received, 4815 bps, 60.19%, Err 47 (9.6e-06)
619.918 .... 1448 packets received, 4791 bps, 59.88%, Err 48 (9.7e-06)
622.009 .... 1456 packets received, 4801 bps, 60.01%, Err 48 (9.7e-06)
626.418 .... 1458 packets received, 4774 bps, 59.67%, Err 50 (1.0e-05)
628.510 .... 1466 packets received, 4784 bps, 59.80%, Err 50 (1.0e-05)
634.277 .... 1474 packets received, 4766 bps, 59.58%, Err 50 (9.9e-06)
636.440 .... 1482 packets received, 4776 bps, 59.69%, Err 50 (9.8e-06)
638.602 .... 1490 packets received, 4785 bps, 59.81%, Err 50 (9.8e-06)
640.766 .... 1498 packets received, 4795 bps, 59.93%, Err 50 (9.8e-06)
642.929 .... 1506 packets received, 4804 bps, 60.05%, Err 50 (9.7e-06)
646.186 .... 1508 packets received, 4786 bps, 59.82%, Err 51 (9.9e-06)
648.292 .... 1516 packets received, 4796 bps, 59.95%, Err 52 (1.0e-05)
650.534 .... 1524 packets received, 4804 bps, 60.05%, Err 52 (1.0e-05)
652.685 .... 1532 packets received, 4814 bps, 60.17%, Err 52 (1.0e-05)
654.867 .... 1540 packets received, 4823 bps, 60.28%, Err 52 (9.9e-06)
657.034 .... 1548 packets received, 4832 bps, 60.40%, Err 52 (9.9e-06)
659.201 .... 1556 packets received, 4841 bps, 60.51%, Err 52 (9.9e-06)
664.066 .... 1564 packets received, 4830 bps, 60.37%, Err 54 (1.0e-05)
666.187 .... 1572 packets received, 4839 bps, 60.49%, Err 54 (1.0e-05)
668.400 .... 1580 packets received, 4848 bps, 60.60%, Err 54 (1.0e-05)
670.550 .... 1588 packets received, 4857 bps, 60.71%, Err 54 (1.0e-05)
672.714 .... 1596 packets received, 4865 bps, 60.82%, Err 54 (1.0e-05)
674.897 .... 1604 packets received, 4874 bps, 60.92%, Err 54 (1.0e-05)
677.053 .... 1612 packets received, 4883 bps, 61.03%, Err 54 (1.0e-05)
681.666 .... 1619 packets received, 4870 bps, 60.88%, Err 54 (9.9e-06)
683.831 .... 1627 packets received, 4879 bps, 60.99%, Err 54 (9.9e-06)
685.995 .... 1635 packets received, 4888 bps, 61.09%, Err 54 (9.8e-06)
688.160 .... 1643 packets received, 4896 bps, 61.20%, Err 54 (9.8e-06)
690.325 .... 1651 packets received, 4904 bps, 61.30%, Err 54 (9.8e-06)
692.490 .... 1659 packets received, 4913 bps, 61.41%, Err 54 (9.8e-06)
694.655 .... 1667 packets received, 4921 bps, 61.51%, Err 54 (9.7e-06)
699.531 .... 1675 packets received, 4910 bps, 61.38%, Err 55 (9.8e-06)
701.635 .... 1683 packets received, 4919 bps, 61.48%, Err 55 (9.8e-06)
703.861 .... 1691 packets received, 4926 bps, 61.58%, Err 55 (9.8e-06)
705.981 .... 1699 packets received, 4935 bps, 61.69%, Err 56 (9.9e-06)
708.888 .... 1700 packets received, 4918 bps, 61.47%, Err 56 (9.9e-06)
710.978 .... 1708 packets received, 4926 bps, 61.58%, Err 56 (9.9e-06)
713.128 .... 1716 packets received, 4934 bps, 61.68%, Err 56 (9.8e-06)
716.566 .... 1719 packets received, 4919 bps, 61.49%, Err 57 (1.0e-05)
721.865 .... 1725 packets received, 4900 bps, 61.25%, Err 58 (1.0e-05)
723.970 .... 1733 packets received, 4908 bps, 61.36%, Err 58 (1.0e-05)
726.090 .... 1741 packets received, 4917 bps, 61.46%, Err 58 (1.0e-05)
728.209 .... 1749 packets received, 4925 bps, 61.56%, Err 58 (1.0e-05)
730.330 .... 1757 packets received, 4933 bps, 61.66%, Err 58 (9.9e-06)
732.434 .... 1765 packets received, 4941 bps, 61.77%, Err 58 (9.9e-06)
734.555 .... 1773 packets received, 4949 bps, 61.87%, Err 58 (9.9e-06)
737.730 .... 1775 packets received, 4933 bps, 61.67%, Err 60 (1.0e-05)
739.839 .... 1783 packets received, 4942 bps, 61.77%, Err 60 (1.0e-05)
741.977 .... 1791 packets received, 4949 bps, 61.87%, Err 60 (1.0e-05)
744.086 .... 1799 packets received, 4957 bps, 61.97%, Err 60 (1.0e-05)
746.193 .... 1807 packets received, 4965 bps, 62.07%, Err 60 (1.0e-05)
748.314 .... 1815 packets received, 4973 bps, 62.17%, Err 60 (1.0e-05)
752.013 .... 1819 packets received, 4960 bps, 62.00%, Err 61 (1.0e-05)
754.133 .... 1827 packets received, 4967 bps, 62.09%, Err 61 (1.0e-05)
756.231 .... 1835 packets received, 4975 bps, 62.19%, Err 61 (1.0e-05)
758.347 .... 1843 packets received, 4983 bps, 62.29%, Err 61 (1.0e-05)
760.449 .... 1851 packets received, 4991 bps, 62.39%, Err 61 (1.0e-05)
763.896 .... 1854 packets received, 4976 bps, 62.20%, Err 62 (1.0e-05)
766.008 .... 1862 packets received, 4984 bps, 62.30%, Err 62 (1.0e-05)
768.135 .... 1870 packets received, 4992 bps, 62.39%, Err 62 (1.0e-05)
770.248 .... 1878 packets received, 4999 bps, 62.49%, Err 62 (1.0e-05)
772.379 .... 1886 packets received, 5007 bps, 62.58%, Err 62 (1.0e-05)
774.496 .... 1894 packets received, 5014 bps, 62.68%, Err 62 (1.0e-05)
776.608 .... 1902 packets received, 5022 bps, 62.77%, Err 62 (1.0e-05)
779.787 .... 1904 packets received, 5006 bps, 62.58%, Err 63 (1.0e-05)
781.866 .... 1912 packets received, 5014 bps, 62.67%, Err 63 (1.0e-05)
784.000 .... 1920 packets received, 5021 bps, 62.77%, Err 63 (1.0e-05)
787.718 .... 1924 packets received, 5008 bps, 62.60%, Err 64 (1.0e-05)
789.838 .... 1932 packets received, 5015 bps, 62.69%, Err 64 (1.0e-05)
791.947 .... 1940 packets received, 5023 bps, 62.78%, Err 64 (1.0e-05)
794.057 .... 1948 packets received, 5030 bps, 62.87%, Err 64 (1.0e-05)
796.179 .... 1956 packets received, 5037 bps, 62.96%, Err 64 (1.0e-05)
800.672 .... 1963 packets received, 5027 bps, 62.83%, Err 65 (1.0e-05)
802.775 .... 1971 packets received, 5034 bps, 62.92%, Err 65 (1.0e-05)
807.651 .... 1976 packets received, 5016 bps, 62.70%, Err 66 (1.0e-05)
809.877 .... 1984 packets received, 5023 bps, 62.78%, Err 66 (1.0e-05)
812.043 .... 1992 packets received, 5029 bps, 62.87%, Err 66 (1.0e-05)
814.209 .... 2000 packets received, 5036 bps, 62.95%, Err 66 (1.0e-05)
816.361 .... 2008 packets received, 5043 bps, 63.04%, Err 66 (1.0e-05)
818.542 .... 2016 packets received, 5050 bps, 63.12%, Err 66 (1.0e-05)
820.723 .... 2024 packets received, 5056 bps, 63.20%, Err 66 (1.0e-05)
822.889 .... 2032 packets received, 5063 bps, 63.28%, Err 66 (1.0e-05)
825.055 .... 2040 packets received, 5069 bps, 63.37%, Err 66 (1.0e-05)
827.206 .... 2048 packets received, 5076 bps, 63.45%, Err 66 (1.0e-05)
831.794 .... 2055 packets received, 5065 bps, 63.31%, Err 66 (9.9e-06)
833.976 .... 2063 packets received, 5072 bps, 63.39%, Err 66 (9.9e-06)
836.156 .... 2071 packets received, 5078 bps, 63.47%, Err 66 (9.9e-06)
838.290 .... 2079 packets received, 5085 bps, 63.56%, Err 66 (9.8e-06)
842.574 .... 2085 packets received, 5073 bps, 63.42%, Err 67 (9.9e-06)
849.398 .... 2088 packets received, 5040 bps, 63.00%, Err 70 (1.0e-05)
851.518 .... 2096 packets received, 5046 bps, 63.08%, Err 70 (1.0e-05)
855.377 .... 2099 packets received, 5031 bps, 62.88%, Err 70 (1.0e-05)
857.542 .... 2107 packets received, 5037 bps, 62.97%, Err 70 (1.0e-05)
860.790 .... 2109 packets received, 5023 bps, 62.79%, Err 70 (1.0e-05)
862.962 .... 2117 packets received, 5029 bps, 62.87%, Err 70 (1.0e-05)
866.216 .... 2119 packets received, 5015 bps, 62.69%, Err 70 (1.0e-05)
868.358 .... 2127 packets received, 5022 bps, 62.77%, Err 70 (1.0e-05)
871.632 .... 2129 packets received, 5007 bps, 62.59%, Err 70 (1.0e-05)
875.639 .... 2134 packets received, 4996 bps, 62.45%, Err 71 (1.0e-05)
877.867 .... 2142 packets received, 5002 bps, 62.53%, Err 71 (1.0e-05)
883.010 .... 2149 packets received, 4989 bps, 62.37%, Err 71 (1.0e-05)
885.175 .... 2157 packets received, 4996 bps, 62.44%, Err 71 (1.0e-05)
887.346 .... 2165 packets received, 5002 bps, 62.52%, Err 71 (1.0e-05)
891.135 .... 2169 packets received, 4990 bps, 62.37%, Err 72 (1.0e-05)
893.220 .... 2177 packets received, 4996 bps, 62.46%, Err 72 (1.0e-05)
896.563 .... 2179 packets received, 4982 bps, 62.28%, Err 72 (1.0e-05)
898.715 .... 2187 packets received, 4989 bps, 62.36%, Err 73 (1.0e-05)
901.699 .... 2188 packets received, 4974 bps, 62.18%, Err 73 (1.0e-05)
903.806 .... 2196 packets received, 4981 bps, 62.26%, Err 73 (1.0e-05)
905.937 .... 2204 packets received, 4987 bps, 62.34%, Err 73 (1.0e-05)
908.039 .... 2212 packets received, 4994 bps, 62.42%, Err 73 (1.0e-05)
910.135 .... 2220 packets received, 5000 bps, 62.50%, Err 73 (1.0e-05)
912.274 .... 2228 packets received, 5007 bps, 62.58%, Err 73 (1.0e-05)
914.377 .... 2236 packets received, 5013 bps, 62.66%, Err 73 (1.0e-05)
916.499 .... 2244 packets received, 5019 bps, 62.74%, Err 73 (1.0e-05)
918.629 .... 2252 packets received, 5025 bps, 62.82%, Err 73 (9.9e-06)
920.717 .... 2260 packets received, 5032 bps, 62.90%, Err 73 (9.9e-06)
922.860 .... 2268 packets received, 5038 bps, 62.97%, Err 73 (9.9e-06)
924.972 .... 2276 packets received, 5044 bps, 63.05%, Err 73 (9.9e-06)
927.068 .... 2284 packets received, 5050 bps, 63.13%, Err 73 (9.8e-06)
929.180 .... 2292 packets received, 5057 bps, 63.21%, Err 73 (9.8e-06)
931.309 .... 2300 packets received, 5063 bps, 63.28%, Err 73 (9.8e-06)
933.421 .... 2308 packets received, 5069 bps, 63.36%, Err 73 (9.8e-06)
935.524 .... 2316 packets received, 5075 bps, 63.44%, Err 73 (9.8e-06)
937.660 .... 2324 packets received, 5081 bps, 63.51%, Err 73 (9.7e-06)
942.150 .... 2331 packets received, 5072 bps, 63.40%, Err 75 (1.0e-05)
944.276 .... 2339 packets received, 5078 bps, 63.47%, Err 75 (9.9e-06)
946.407 .... 2347 packets received, 5084 bps, 63.55%, Err 75 (9.9e-06)
948.516 .... 2355 packets received, 5090 bps, 63.62%, Err 75 (9.9e-06)
950.640 .... 2363 packets received, 5095 bps, 63.69%, Err 75 (9.9e-06)
953.797 .... 2365 packets received, 5083 bps, 63.54%, Err 76 (1.0e-05)
955.918 .... 2373 packets received, 5089 bps, 63.61%, Err 76 (9.9e-06)
958.017 .... 2381 packets received, 5095 bps, 63.68%, Err 76 (9.9e-06)
960.135 .... 2389 packets received, 5101 bps, 63.76%, Err 76 (9.9e-06)
962.252 .... 2397 packets received, 5106 bps, 63.83%, Err 76 (9.9e-06)
964.375 .... 2405 packets received, 5112 bps, 63.90%, Err 77 (1.0e-05)
966.492 .... 2413 packets received, 5118 bps, 63.97%, Err 78 (1.0e-05)
969.396 .... 2414 packets received, 5105 bps, 63.81%, Err 78 (1.0e-05)
974.691 .... 2420 packets received, 5089 bps, 63.62%, Err 79 (1.0e-05)
976.789 .... 2428 packets received, 5095 bps, 63.69%, Err 79 (1.0e-05)
982.110 .... 2434 packets received, 5080 bps, 63.50%, Err 79 (1.0e-05)
984.240 .... 2442 packets received, 5086 bps, 63.57%, Err 79 (1.0e-05)
987.943 .... 2446 packets received, 5075 bps, 63.44%, Err 80 (1.0e-05)
990.051 .... 2454 packets received, 5081 bps, 63.51%, Err 80 (1.0e-05)
992.172 .... 2462 packets received, 5087 bps, 63.58%, Err 80 (1.0e-05)
994.253 .... 2470 packets received, 5092 bps, 63.65%, Err 81 (1.0e-05)
996.394 .... 2478 packets received, 5098 bps, 63.72%, Err 81 (1.0e-05)
998.511 .... 2486 packets received, 5103 bps, 63.79%, Err 81 (1.0e-05)
1000.621 .... 2494 packets received, 5109 bps, 63.86%, Err 81 (1.0e-05)
1002.792 .... 2502 packets received, 5114 bps, 63.93%, Err 81 (1.0e-05)
1004.929 .... 2510 packets received, 5120 bps, 64.00%, Err 81 (1.0e-05)
1007.116 .... 2518 packets received, 5125 bps, 64.06%, Err 81 (1.0e-05)
1010.364 .... 2520 packets received, 5113 bps, 63.91%, Err 81 (1.0e-05)
1012.534 .... 2528 packets received, 5118 bps, 63.97%, Err 81 (1.0e-05)
1014.702 .... 2536 packets received, 5123 bps, 64.04%, Err 81 (1.0e-05)
1016.854 .... 2544 packets received, 5128 bps, 64.10%, Err 81 (1.0e-05)
1019.036 .... 2552 packets received, 5133 bps, 64.17%, Err 81 (9.9e-06)
1021.189 .... 2560 packets received, 5139 bps, 64.23%, Err 81 (9.9e-06)
1023.371 .... 2568 packets received, 5144 bps, 64.30%, Err 81 (9.9e-06)
1025.539 .... 2576 packets received, 5149 bps, 64.36%, Err 81 (9.9e-06)
1027.708 .... 2584 packets received, 5154 bps, 64.42%, Err 81 (9.9e-06)
1030.653 .... 2585 packets received, 5141 bps, 64.26%, Err 81 (9.8e-06)
1035.268 .... 2592 packets received, 5132 bps, 64.15%, Err 82 (9.9e-06)
1037.383 .... 2600 packets received, 5137 bps, 64.22%, Err 82 (9.9e-06)
1042.308 .... 2606 packets received, 5125 bps, 64.06%, Err 82 (9.8e-06)
1044.484 .... 2614 packets received, 5130 bps, 64.12%, Err 82 (9.8e-06)
1047.734 .... 2616 packets received, 5118 bps, 63.97%, Err 82 (9.8e-06)
1049.892 .... 2624 packets received, 5123 bps, 64.04%, Err 82 (9.8e-06)
1053.138 .... 2626 packets received, 5111 bps, 63.89%, Err 82 (9.7e-06)
1055.293 .... 2634 packets received, 5116 bps, 63.95%, Err 82 (9.7e-06)
1058.534 .... 2636 packets received, 5104 bps, 63.80%, Err 82 (9.7e-06)
1060.721 .... 2644 packets received, 5109 bps, 63.87%, Err 82 (9.7e-06)
1066.652 .... 2646 packets received, 5085 bps, 63.56%, Err 84 (9.8e-06)
1068.789 .... 2654 packets received, 5090 bps, 63.62%, Err 84 (9.8e-06)
1072.102 .... 2656 packets received, 5078 bps, 63.47%, Err 85 (9.9e-06)
1074.258 .... 2664 packets received, 5083 bps, 63.54%, Err 85 (9.9e-06)
1077.502 .... 2666 packets received, 5071 bps, 63.39%, Err 86 (1.0e-05)
1079.672 .... 2674 packets received, 5076 bps, 63.46%, Err 86 (1.0e-05)
1082.920 .... 2676 packets received, 5065 bps, 63.31%, Err 86 (9.9e-06)
1085.098 .... 2684 packets received, 5070 bps, 63.37%, Err 86 (9.9e-06)
1088.333 .... 2686 packets received, 5059 bps, 63.23%, Err 86 (9.9e-06)
1090.518 .... 2694 packets received, 5063 bps, 63.29%, Err 86 (9.9e-06)
1093.764 .... 2696 packets received, 5052 bps, 63.15%, Err 86 (9.8e-06)
1098.363 .... 2703 packets received, 5044 bps, 63.05%, Err 88 (1.0e-05)
1100.463 .... 2711 packets received, 5049 bps, 63.12%, Err 88 (1.0e-05)
1102.659 .... 2719 packets received, 5054 bps, 63.18%, Err 88 (1.0e-05)
1104.780 .... 2727 packets received, 5059 bps, 63.24%, Err 88 (1.0e-05)
1106.895 .... 2735 packets received, 5064 bps, 63.31%, Err 89 (1.0e-05)
1109.024 .... 2743 packets received, 5069 bps, 63.37%, Err 89 (1.0e-05)
1112.184 .... 2745 packets received, 5059 bps, 63.23%, Err 90 (1.0e-05)
1114.301 .... 2753 packets received, 5064 bps, 63.30%, Err 90 (1.0e-05)
1116.409 .... 2761 packets received, 5069 bps, 63.36%, Err 90 (1.0e-05)
1118.541 .... 2769 packets received, 5074 bps, 63.42%, Err 90 (1.0e-05)
1120.647 .... 2777 packets received, 5079 bps, 63.49%, Err 90 (1.0e-05)
1122.765 .... 2785 packets received, 5084 bps, 63.55%, Err 91 (1.0e-05)
1124.852 .... 2793 packets received