000.000 =============================================================
000.000                     Station B                               
000.000 -------------------------------------------------------------
000.000 Protocol.lib, version 4.0, jiangyanjun0718@bupt.edu.cn
000.000 Channel: 8000 bps, 270 ms propagation delay, bit error rate 1.0E-04
000.000 Log file "bfber.log", TCP port 59144, debug mask 0x00
000.000 Station B is connecting station A (TCP port 59144) ... Done.
000.732 New epoch: Sat Apr  8 15:25:40 2023
000.732 =================================================================
000.732 
000.732 Designed by Li Ruobin, build: Apr  8 2023  15:23:45
003.964 .... 1 packets received, 693 bps, 8.66%, Err 3 (1.2e-04)
010.994 .... 3 packets received, 615 bps, 7.69%, Err 10 (1.2e-04)
013.091 .... 11 packets received, 1864 bps, 23.31%, Err 11 (1.1e-04)
020.925 .... 12 packets received, 1234 bps, 15.42%, Err 17 (1.1e-04)
032.554 .... 20 packets received, 1298 bps, 16.23%, Err 29 (1.1e-04)
034.637 .... 28 packets received, 1705 bps, 21.31%, Err 29 (1.1e-04)
043.892 .... 32 packets received, 1528 bps, 19.10%, Err 39 (1.1e-04)
048.195 .... 34 packets received, 1476 bps, 18.45%, Err 42 (1.1e-04)
050.291 .... 42 packets received, 1745 bps, 21.82%, Err 42 (1.1e-04)
063.313 .... 46 packets received, 1512 bps, 18.90%, Err 53 (1.1e-04)
073.295 .... 49 packets received, 1388 bps, 17.35%, Err 58 (1.0e-04)
079.277 .... 52 packets received, 1361 bps, 17.01%, Err 63 (1.0e-04)
084.358 .... 53 packets received, 1302 bps, 16.28%, Err 66 (9.9e-05)
091.121 .... 57 packets received, 1295 bps, 16.19%, Err 73 (1.0e-04)
096.766 .... 58 packets received, 1240 bps, 15.51%, Err 75 (9.8e-05)
102.732 .... 60 packets received, 1208 bps, 15.10%, Err 84 (1.0e-04)
107.646 .... 62 packets received, 1191 bps, 14.88%, Err 87 (1.0e-04)
113.998 .... 70 packets received, 1269 bps, 15.86%, Err 93 (1.0e-04)
123.246 .... 76 packets received, 1273 bps, 15.92%, Err 98 (1.0e-04)
127.536 .... 80 packets received, 1295 bps, 16.19%, Err 102 (1.0e-04)
135.660 .... 84 packets received, 1278 bps, 15.97%, Err 110 (1.0e-04)
137.756 .... 92 packets received, 1378 bps, 17.22%, Err 111 (1.0e-04)
141.781 .... 93 packets received, 1353 bps, 16.91%, Err 112 (9.9e-05)
146.112 .... 95 packets received, 1341 bps, 16.76%, Err 116 (1.0e-04)
151.002 .... 100 packets received, 1365 bps, 17.07%, Err 121 (1.0e-04)
159.364 .... 103 packets received, 1332 bps, 16.65%, Err 129 (1.0e-04)
163.931 .... 105 packets received, 1320 bps, 16.50%, Err 133 (1.0e-04)
169.881 .... 110 packets received, 1334 bps, 16.68%, Err 137 (1.0e-04)
175.035 .... 112 packets received, 1318 bps, 16.48%, Err 140 (1.0e-04)
180.102 .... 114 packets received, 1304 bps, 16.30%, Err 144 (1.0e-04)
188.749 .... 115 packets received, 1254 bps, 15.68%, Err 151 (1.0e-04)
193.842 .... 120 packets received, 1274 bps, 15.93%, Err 155 (1.0e-04)
199.042 .... 125 packets received, 1293 bps, 16.16%, Err 159 (1.0e-04)
203.307 .... 127 packets received, 1286 bps, 16.07%, Err 166 (1.0e-04)
208.209 .... 128 packets received, 1265 bps, 15.81%, Err 169 (1.0e-04)
213.288 .... 130 packets received, 1254 bps, 15.68%, Err 173 (1.0e-04)
224.590 .... 132 packets received, 1209 bps, 15.11%, Err 178 (9.9e-05)
226.720 .... 140 packets received, 1270 bps, 15.88%, Err 178 (9.8e-05)
232.764 .... 143 packets received, 1264 bps, 15.80%, Err 182 (9.8e-05)
237.945 .... 147 packets received, 1271 bps, 15.88%, Err 184 (9.7e-05)
242.469 .... 150 packets received, 1272 bps, 15.90%, Err 188 (9.7e-05)
247.293 .... 154 packets received, 1281 bps, 16.01%, Err 190 (9.6e-05)
252.734 .... 160 packets received, 1302 bps, 16.27%, Err 198 (9.8e-05)
258.665 .... 166 packets received, 1319 bps, 16.49%, Err 204 (9.9e-05)
265.672 .... 174 packets received, 1346 bps, 16.83%, Err 210 (9.9e-05)
267.795 .... 182 packets received, 1397 bps, 17.46%, Err 210 (9.8e-05)
269.907 .... 190 packets received, 1447 bps, 18.09%, Err 212 (9.8e-05)
273.213 .... 192 packets received, 1445 bps, 18.06%, Err 218 (1.0e-04)
277.491 .... 197 packets received, 1459 bps, 18.24%, Err 223 (1.0e-04)
282.892 .... 203 packets received, 1475 bps, 18.44%, Err 226 (1.0e-04)
287.789 .... 205 packets received, 1464 bps, 18.30%, Err 228 (9.9e-05)
292.334 .... 208 packets received, 1462 bps, 18.28%, Err 233 (1.0e-04)
294.457 .... 216 packets received, 1507 bps, 18.84%, Err 233 (9.9e-05)
296.669 .... 224 packets received, 1552 bps, 19.40%, Err 234 (9.9e-05)
300.172 .... 227 packets received, 1554 bps, 19.42%, Err 236 (9.9e-05)
305.041 .... 231 packets received, 1556 bps, 19.45%, Err 240 (9.9e-05)
309.090 .... 233 packets received, 1549 bps, 19.36%, Err 245 (9.9e-05)
311.199 .... 241 packets received, 1591 bps, 19.89%, Err 245 (9.9e-05)
315.495 .... 244 packets received, 1589 bps, 19.86%, Err 250 (9.9e-05)
320.427 .... 252 packets received, 1616 bps, 20.20%, Err 253 (9.9e-05)
325.856 .... 258 packets received, 1627 bps, 20.33%, Err 262 (1.0e-04)
333.098 .... 259 packets received, 1597 bps, 19.97%, Err 266 (1.0e-04)
337.693 .... 263 packets received, 1600 bps, 20.00%, Err 273 (1.0e-04)
342.595 .... 264 packets received, 1583 bps, 19.79%, Err 275 (1.0e-04)
348.168 .... 268 packets received, 1581 bps, 19.76%, Err 279 (1.0e-04)
354.177 .... 269 packets received, 1560 bps, 19.50%, Err 284 (1.0e-04)
356.289 .... 277 packets received, 1597 bps, 19.96%, Err 285 (1.0e-04)
361.767 .... 278 packets received, 1578 bps, 19.73%, Err 291 (1.0e-04)
371.176 .... 283 packets received, 1566 bps, 19.57%, Err 297 (1.0e-04)
377.928 .... 291 packets received, 1581 bps, 19.76%, Err 302 (1.0e-04)
383.014 .... 295 packets received, 1582 bps, 19.77%, Err 305 (1.0e-04)
393.541 .... 302 packets received, 1576 bps, 19.70%, Err 315 (1.0e-04)
399.514 .... 305 packets received, 1567 bps, 19.59%, Err 319 (1.0e-04)
405.370 .... 308 packets received, 1560 bps, 19.50%, Err 324 (1.0e-04)
412.442 .... 313 packets received, 1558 bps, 19.48%, Err 330 (1.0e-04)
414.552 .... 321 packets received, 1590 bps, 19.87%, Err 332 (1.0e-04)
434.153 .... 322 packets received, 1522 bps, 19.03%, Err 350 (1.0e-04)
438.868 .... 324 packets received, 1515 bps, 18.94%, Err 352 (1.0e-04)
444.563 .... 328 packets received, 1514 bps, 18.93%, Err 357 (1.0e-04)
449.159 .... 331 packets received, 1513 bps, 18.91%, Err 359 (1.0e-04)
453.965 .... 335 packets received, 1515 bps, 18.93%, Err 363 (1.0e-04)
459.404 .... 337 packets received, 1506 bps, 18.82%, Err 369 (1.0e-04)
468.824 .... 338 packets received, 1480 bps, 18.50%, Err 379 (1.0e-04)
479.900 .... 342 packets received, 1463 bps, 18.28%, Err 390 (1.0e-04)
486.557 .... 347 packets received, 1464 bps, 18.30%, Err 394 (1.0e-04)
488.679 .... 355 packets received, 1491 bps, 18.64%, Err 394 (1.0e-04)
494.155 .... 358 packets received, 1487 bps, 18.58%, Err 396 (1.0e-04)
496.246 .... 366 packets received, 1514 bps, 18.92%, Err 396 (1.0e-04)
501.953 .... 370 packets received, 1513 bps, 18.91%, Err 401 (1.0e-04)
506.552 .... 372 packets received, 1507 bps, 18.84%, Err 406 (1.0e-04)
510.340 .... 373 packets received, 1500 bps, 18.75%, Err 409 (1.0e-04)
524.935 .... 379 packets received, 1481 bps, 18.52%, Err 424 (1.0e-04)
529.474 .... 380 packets received, 1473 bps, 18.41%, Err 427 (1.0e-04)
540.559 .... 387 packets received, 1469 bps, 18.36%, Err 436 (1.0e-04)
547.198 .... 395 packets received, 1481 bps, 18.51%, Err 440 (1.0e-04)
558.893 .... 402 packets received, 1476 bps, 18.45%, Err 450 (1.0e-04)
569.651 .... 405 packets received, 1459 bps, 18.23%, Err 455 (1.0e-04)
575.272 .... 406 packets received, 1448 bps, 18.10%, Err 460 (1.0e-04)
582.342 .... 409 packets received, 1441 bps, 18.01%, Err 465 (1.0e-04)
589.545 .... 413 packets received, 1437 bps, 17.96%, Err 474 (1.0e-04)
597.220 .... 414 packets received, 1422 bps, 17.78%, Err 484 (1.0e-04)
604.666 .... 415 packets received, 1408 bps, 17.60%, Err 488 (1.0e-04)
606.780 .... 423 packets received, 1430 bps, 17.88%, Err 489 (1.0e-04)
608.894 .... 431 packets received, 1452 bps, 18.15%, Err 489 (1.0e-04)
611.036 .... 439 packets received, 1474 bps, 18.42%, Err 489 (1.0e-04)
619.937 .... 443 packets received, 1466 bps, 18.32%, Err 497 (1.0e-04)
623.135 .... 445 packets received, 1465 bps, 18.31%, Err 501 (1.0e-04)
626.088 .... 446 packets received, 1461 bps, 18.27%, Err 503 (1.0e-04)
634.191 .... 450 packets received, 1456 bps, 18.19%, Err 508 (1.0e-04)
639.307 .... 453 packets received, 1453 bps, 18.17%, Err 512 (1.0e-04)
645.720 .... 461 packets received, 1464 bps, 18.31%, Err 518 (1.0e-04)
650.663 .... 463 packets received, 1460 bps, 18.24%, Err 522 (1.0e-04)
652.793 .... 471 packets received, 1480 bps, 18.50%, Err 522 (1.0e-04)
660.898 .... 477 packets received, 1480 bps, 18.50%, Err 531 (1.0e-04)
664.391 .... 478 packets received, 1476 bps, 18.45%, Err 532 (1.0e-04)
670.085 .... 486 packets received, 1488 bps, 18.60%, Err 537 (1.0e-04)
673.580 .... 487 packets received, 1483 bps, 18.54%, Err 540 (1.0e-04)
677.113 .... 488 packets received, 1478 bps, 18.48%, Err 542 (1.0e-04)
680.342 .... 489 packets received, 1474 bps, 18.43%, Err 544 (1.0e-04)
683.557 .... 490 packets received, 1470 bps, 18.38%, Err 550 (1.0e-04)
688.422 .... 494 packets received, 1472 bps, 18.40%, Err 552 (1.0e-04)
690.538 .... 502 packets received, 1491 bps, 18.64%, Err 552 (1.0e-04)
694.903 .... 505 packets received, 1490 bps, 18.63%, Err 560 (1.0e-04)
705.164 .... 507 packets received, 1475 bps, 18.43%, Err 569 (1.0e-04)
707.260 .... 515 packets received, 1493 bps, 18.67%, Err 569 (1.0e-04)
711.858 .... 517 packets received, 1490 bps, 18.62%, Err 572 (1.0e-04)
717.265 .... 521 packets received, 1490 bps, 18.62%, Err 573 (1.0e-04)
722.695 .... 526 packets received, 1493 bps, 18.66%, Err 579 (1.0e-04)
729.162 .... 533 packets received, 1499 bps, 18.74%, Err 583 (1.0e-04)
733.756 .... 535 packets received, 1495 bps, 18.69%, Err 587 (1.0e-04)
738.601 .... 538 packets received, 1494 bps, 18.67%, Err 595 (1.0e-04)
740.710 .... 546 packets received, 1512 bps, 18.90%, Err 595 (1.0e-04)
745.344 .... 548 packets received, 1508 bps, 18.85%, Err 601 (1.0e-04)
747.483 .... 556 packets received, 1525 bps, 19.07%, Err 601 (1.0e-04)
749.673 .... 564 packets received, 1543 bps, 19.29%, Err 603 (1.0e-04)
753.997 .... 565 packets received, 1537 bps, 19.21%, Err 607 (1.0e-04)
756.956 .... 566 packets received, 1533 bps, 19.17%, Err 609 (1.0e-04)
762.068 .... 571 packets received, 1537 bps, 19.21%, Err 613 (1.0e-04)
766.922 .... 576 packets received, 1540 bps, 19.25%, Err 617 (1.0e-04)
772.083 .... 578 packets received, 1535 bps, 19.19%, Err 620 (1.0e-04)
780.974 .... 579 packets received, 1520 bps, 19.00%, Err 626 (1.0e-04)
785.315 .... 581 packets received, 1517 bps, 18.96%, Err 628 (1.0e-04)
790.406 .... 586 packets received, 1520 bps, 19.00%, Err 630 (1.0e-04)
792.514 .... 594 packets received, 1537 bps, 19.21%, Err 630 (9.9e-05)
797.695 .... 597 packets received, 1535 bps, 19.18%, Err 637 (1.0e-04)
802.867 .... 599 packets received, 1530 bps, 19.12%, Err 643 (1.0e-04)
821.537 .... 601 packets received, 1500 bps, 18.75%, Err 658 (1.0e-04)
823.584 .... 609 packets received, 1516 bps, 18.95%, Err 658 (1.0e-04)
829.772 .... 616 packets received, 1522 bps, 19.03%, Err 661 (1.0e-04)
832.007 .... 624 packets received, 1538 bps, 19.22%, Err 661 (9.9e-05)
835.994 .... 627 packets received, 1538 bps, 19.22%, Err 668 (1.0e-04)
841.167 .... 631 packets received, 1538 bps, 19.23%, Err 672 (1.0e-04)
845.488 .... 633 packets received, 1535 bps, 19.19%, Err 675 (1.0e-04)
849.280 .... 634 packets received, 1531 bps, 19.13%, Err 677 (1.0e-04)
858.452 .... 638 packets received, 1524 bps, 19.05%, Err 688 (1.0e-04)
872.436 .... 639 packets received, 1502 bps, 18.77%, Err 697 (1.0e-04)
878.420 .... 644 packets received, 1503 bps, 18.79%, Err 702 (1.0e-04)
884.913 .... 650 packets received, 1506 bps, 18.83%, Err 707 (1.0e-04)
889.505 .... 652 packets received, 1503 bps, 18.79%, Err 712 (1.0e-04)
903.206 .... 654 packets received, 1485 bps, 18.56%, Err 723 (1.0e-04)
909.672 .... 661 packets received, 1490 bps, 18.62%, Err 726 (1.0e-04)
915.088 .... 664 packets received, 1488 bps, 18.60%, Err 733 (1.0e-04)
921.498 .... 671 packets received, 1493 bps, 18.66%, Err 738 (1.0e-04)
926.976 .... 677 packets received, 1497 bps, 18.72%, Err 741 (1.0e-04)
931.252 .... 679 packets received, 1495 bps, 18.69%, Err 746 (1.0e-04)
937.241 .... 682 packets received, 1492 bps, 18.65%, Err 752 (1.0e-04)
942.325 .... 684 packets received, 1488 bps, 18.60%, Err 755 (1.0e-04)
944.423 .... 692 packets received, 1502 bps, 18.78%, Err 755 (1.0e-04)
949.653 .... 695 packets received, 1500 bps, 18.76%, Err 759 (1.0e-04)
955.021 .... 700 packets received, 1503 bps, 18.78%, Err 764 (1.0e-04)
964.448 .... 705 packets received, 1499 bps, 18.73%, Err 772 (1.0e-04)
970.624 .... 713 packets received, 1506 bps, 18.82%, Err 776 (1.0e-04)
975.281 .... 715 packets received, 1503 bps, 18.79%, Err 780 (1.0e-04)
979.316 .... 716 packets received, 1499 bps, 18.74%, Err 785 (1.0e-04)
985.528 .... 721 packets received, 1500 bps, 18.75%, Err 789 (1.0e-04)
994.463 .... 724 packets received, 1493 bps, 18.66%, Err 797 (1.0e-04)
999.835 .... 727 packets received, 1491 bps, 18.63%, Err 800 (1.0e-04)
1008.702 .... 728 packets received, 1480 bps, 18.49%, Err 808 (1.0e-04)
1025.406 .... 734 packets received, 1467 bps, 18.34%, Err 820 (1.0e-04)
1031.689 .... 736 packets received, 1462 bps, 18.28%, Err 824 (1.0e-04)
1038.072 .... 739 packets received, 1459 bps, 18.24%, Err 828 (1.0e-04)
1045.142 .... 740 packets received, 1451 bps, 18.14%, Err 836 (1.0e-04)
1051.849 .... 745 packets received, 1452 bps, 18.15%, Err 844 (1.0e-04)
1053.965 .... 753 packets received, 1465 bps, 18.31%, Err 844 (1.0e-04)
1056.096 .... 761 packets received, 1477 bps, 18.46%, Err 844 (1.0e-04)
1062.694 .... 765 packets received, 1476 bps, 18.45%, Err 846 (1.0e-04)
1064.869 .... 773 packets received, 1488 bps, 18.60%, Err 848 (1.0e-04)
1071.000 .... 775 packets received, 1483 bps, 18.54%, Err 855 (1.0e-04)
1074.314 .... 776 packets received, 1481 bps, 18.51%, Err 859 (1.0e-04)
1083.718 .... 781 packets received, 1477 bps, 18.47%, Err 867 (1.0e-04)
1088.577 .... 784 packets received, 1476 bps, 18.45%, Err 873 (1.0e-04)
1093.672 .... 790 packets received, 1481 bps, 18.51%, Err 875 (1.0e-04)
1095.878 .... 798 packets received, 1493 bps, 18.66%, Err 876 (1.0e-04)
1101.175 .... 802 packets received, 1493 bps, 18.66%, Err 879 (1.0e-04)
1103.408 .... 810 packets received, 1505 bps, 18.81%, Err 880 (1.0e-04)
1107.392 .... 811 packets received, 1501 bps, 18.77%, Err 884 (1.0e-04)
1117.438 .... 817 packets received, 1499 bps, 18.73%, Err 894 (1.0e-04)
1121.733 .... 818 packets received, 1495 bps, 18.69%, Err 897 (1.0e-04)
1123.855 .... 826 packets received, 1507 bps, 18.83%, Err 897 (1.0e-04)
1128.728 .... 829 packets received, 1506 bps, 18.82%, Err 901 (1.0e-04)
1132.574 .... 832 packets received, 1506 bps, 18.82%, Err 906 (1.0e-04)
1137.667 .... 840 packets received, 1513 bps, 18.92%, Err 914 (1.0e-04)
1141.731 .... 841 packets received, 1510 bps, 18.87%, Err 918 (1.0e-04)
1145.492 .... 842 packets received, 1507 bps, 18.83%, Err 921 (1.0e-04)
1147.617 .... 850 packets received, 1518 bps, 18.98%, Err 922 (1.0e-04)
1152.513 .... 855 packets received, 1521 bps, 19.01%, Err 924 (1.0e-04)
1158.108 .... 860 packets received, 1522 bps, 19.03%, Err 929 (1.0e-04)
1166.565 .... 861 packets received, 1513 bps, 18.91%, Err 933 (1.0e-04)
1171.091 .... 864 packets received, 1512 bps, 18.90%, Err 937 (1.0e-04)
1175.169 .... 865 packets received, 1509 bps, 18.86%, Err 938 (1.0e-04)
1184.874 .... 869 packets received, 1503 bps, 18.79%, Err 947 (1.0e-04)
1193.727 .... 870 packets received, 1494 bps, 18.67%, Err 957 (1.0e-04)
1198.899 .... 873 packets received, 1493 bps, 18.66%, Err 958 (1.0e-04)
1209.418 .... 877 packets received, 1486 bps, 18.58%, Err 968 (1.0e-04)
1211.532 .... 885 packets received, 1497 bps, 18.72%, Err 968 (1.0e-04)
1216.448 .... 890 packets received, 1500 bps, 18.75%, Err 973 (1.0e-04)
1221.244 .... 895 packets received, 1502 bps, 18.78%, Err 978 (1.0e-04)
1226.400 .... 896 packets received, 1497 bps, 18.72%, Err 981 (1.0e-04)
1230.705 .... 897 packets received, 1494 bps, 18.67%, Err 988 (1.0e-04)
1235.545 .... 900 packets received, 1493 bps, 18.66%, Err 990 (1.0e-04)
1237.658 .... 908 packets received, 1504 bps, 18.80%, Err 991 (1.0e-04)
1242.853 .... 912 packets received, 1504 bps, 18.80%, Err 995 (1.0e-04)
1245.029 .... 920 packets received, 1515 bps, 18.93%, Err 995 (1.0e-04)
1253.661 .... 922 packets received, 1507 bps, 18.84%, Err 1003 (1.0e-04)
1257.420 .... 926 packets received, 1509 bps, 18.87%, Err 1005 (1.0e-04)
1259.588 .... 934 packets received, 1520 bps, 19.00%, Err 1006 (1.0e-04)
1263.840 .... 936 packets received, 1518 bps, 18.97%, Err 1011 (1.0e-04)
1268.201 .... 942 packets received, 1522 bps, 19.03%, Err 1012 (1.0e-04)
1271.947 .... 946 packets received, 1524 bps, 19.05%, Err 1015 (1.0e-04)
1275.793 .... 949 packets received, 1525 bps, 19.06%, Err 1022 (1.0e-04)
1279.027 .... 950 packets received, 1522 bps, 19.03%, Err 1023 (1.0e-04)
1281.140 .... 958 packets received, 1533 bps, 19.16%, Err 1023 (1.0e-04)
1285.796 .... 965 packets received, 1538 bps, 19.23%, Err 1029 (1.0e-04)
1289.570 .... 967 packets received, 1537 bps, 19.21%, Err 1032 (1.0e-04)
1295.466 .... 973 packets received, 1539 bps, 19.24%, Err 1037 (1.0e-04)
1297.603 .... 981 packets received, 1550 bps, 19.37%, Err 1037 (1.0e-04)
1299.802 .... 989 packets received, 1560 bps, 19.49%, Err 1037 (1.0e-04)
1304.147 .... 991 packets received, 1557 bps, 19.47%, Err 1040 (1.0e-04)
1307.357 .... 993 packets received, 1557 bps, 19.46%, Err 1046 (1.0e-04)
1312.205 .... 996 packets received, 1556 bps, 19.45%, Err 1049 (1.0e-04)
1314.337 .... 1004 packets received, 1566 bps, 19.57%, Err 1050 (1.0e-04)
1325.719 .... 1010 packets received, 1561 bps, 19.52%, Err 1062 (1.0e-04)
1329.223 .... 1011 packets received, 1559 bps, 19.49%, Err 1064 (1.0e-04)
1333.790 .... 1016 packets received, 1561 bps, 19.52%, Err 1066 (1.0e-04)
1340.002 .... 1022 packets received, 1563 bps, 19.54%, Err 1072 (1.0e-04)
1344.895 .... 1023 packets received, 1559 bps, 19.49%, Err 1075 (1.0e-04)
1349.478 .... 1026 packets received, 1558 bps, 19.48%, Err 1079 (1.0e-04)
1359.452 .... 1031 packets received, 1554 bps, 19.43%, Err 1091 (1.0e-04)
1361.582 .... 1039 packets received, 1564 bps, 19.55%, Err 1091 (1.0e-04)
1363.678 .... 1047 packets received, 1574 bps, 19.67%, Err 1091 (1.0e-04)
1371.878 .... 1049 packets received, 1567 bps, 19.59%, Err 1098 (1.0e-04)
1373.976 .... 1057 packets received, 1577 bps, 19.71%, Err 1099 (1.0e-04)
1383.190 .... 1064 packets received, 1577 bps, 19.71%, Err 1112 (1.0e-04)
1387.218 .... 1065 packets received, 1573 bps, 19.67%, Err 1116 (1.0e-04)
1393.126 .... 1073 packets received, 1579 bps, 19.73%, Err 1121 (1.0e-04)
1395.328 .... 1081 packets received, 1588 bps, 19.85%, Err 1121 (1.0e-04)
1401.287 .... 1083 packets received, 1584 bps, 19.80%, Err 1126 (1.0e-04)
1404.504 .... 1085 packets received, 1583 bps, 19.79%, Err 1127 (1.0e-04)
1409.369 .... 1093 packets received, 1589 bps, 19.87%, Err 1130 (1.0e-04)
1411.544 .... 1101 packets received, 1599 bps, 19.98%, Err 1130 (1.0e-04)
1415.290 .... 1105 packets received, 1600 bps, 20.00%, Err 1132 (1.0e-04)
1418.543 .... 1106 packets received, 1598 bps, 19.97%, Err 1136 (1.0e-04)
1421.768 .... 1108 packets received, 1597 bps, 19.96%, Err 1138 (1.0e-04)
1423.923 .... 1116 packets received, 1606 bps, 20.08%, Err 1138 (1.0e-04)
1428.210 .... 1122 packets received, 1610 bps, 20.13%, Err 1145 (1.0e-04)
1433.089 .... 1130 packets received, 1616 bps, 20.20%, Err 1147 (1.0e-04)
1439.017 .... 1131 packets received, 1611 bps, 20.13%, Err 1151 (1.0e-04)
1443.313 .... 1136 packets received, 1613 bps, 20.16%, Err 1154 (1.0e-04)
1448.454 .... 1139 packets received, 1612 bps, 20.14%, Err 1158 (1.0e-04)
1453.599 .... 1142 packets received, 1610 bps, 20.13%, Err 1161 (1.0e-04)
1458.448 .... 1146 packets received, 1610 bps, 20.13%, Err 1166 (1.0e-04)
1463.861 .... 1149 packets received, 1609 bps, 20.11%, Err 1171 (1.0e-04)
1469.204 .... 1152 packets received, 1607 bps, 20.09%, Err 1175 (1.0e-04)
1475.717 .... 1158 packets received, 1608 bps, 20.10%, Err 1180 (1.0e-04)
1477.834 .... 1166 packets received, 1617 bps, 20.21%, Err 1180 (1.0e-04)
1483.197 .... 1170 packets received, 1617 bps, 20.21%, Err 1185 (1.0e-04)
1487.592 .... 1172 packets received, 1615 bps, 20.18%, Err 1188 (1.0e-04)
1489.698 .... 1180 packets received, 1623 bps, 20.29%, Err 1188 (1.0e-04)
1495.680 .... 1186 packets received, 1625 bps, 20.31%, Err 1196 (1.0e-04)
1500.811 .... 1189 packets received, 1624 bps, 20.29%, Err 1199 (1.0e-04)
1505.667 .... 1192 packets received, 1622 bps, 20.28%, Err 1201 (1.0e-04)
1511.599 .... 1196 packets received, 1621 bps, 20.27%, Err 1206 (1.0e-04)
1528.699 .... 1199 packets received, 1607 bps, 20.09%, Err 1222 (1.0e-04)
1535.391 .... 1205 packets received, 1608 bps, 20.10%, Err 1228 (1.0e-04)
1541.327 .... 1211 packets received, 1610 bps, 20.13%, Err 1235 (1.0e-04)
1545.618 .... 1213 packets received, 1608 bps, 20.10%, Err 1239 (1.0e-04)
1549.449 .... 1214 packets received, 1606 bps, 20.07%, Err 1240 (1.0e-04)
1553.717 .... 1217 packets received, 1605 bps, 20.07%, Err 1243 (1.0e-04)
1558.555 .... 1222 packets received, 1607 bps, 20.08%, Err 1250 (1.0e-04)
1563.988 .... 1227 packets received, 1608 bps, 20.10%, Err 1258 (1.0e-04)
1566.092 .... 1235 packets received, 1616 bps, 20.20%, Err 1258 (1.0e-04)
1568.304 .... 1243 packets received, 1624 bps, 20.30%, Err 1258 (1.0e-04)
1572.826 .... 1246 packets received, 1623 bps, 20.29%, Err 1261 (1.0e-04)
1572.872 TCP Disconnected.
