000.000 =============================================================
000.000                     Station A                               
000.000 -------------------------------------------------------------
000.000 Protocol.lib, version 4.0, jiangyanjun0718@bupt.edu.cn
000.000 Channel: 8000 bps, 270 ms propagation delay, bit error rate 1.0E-05
000.000 Log file "a.log", TCP port 59146, debug mask 0x00
000.000 Station A is waiting for station B on TCP port 59146 ... Done.
000.788 New epoch: Sat May 20 10:11:19 2023
000.788 =================================================================
000.788 
000.788 Designed by Li Ruobin, build: May 20 2023  02:25:18
003.407 .... 7 packets received, 6823 bps, 85.29%, Err 1 (5.3e-05)
005.525 .... 15 packets received, 7281 bps, 91.02%, Err 1 (2.8e-05)
007.661 .... 23 packets received, 7412 bps, 92.65%, Err 1 (1.9e-05)
009.782 .... 31 packets received, 7490 bps, 93.63%, Err 1 (1.4e-05)
011.865 .... 39 packets received, 7564 bps, 94.55%, Err 1 (1.2e-05)
014.006 .... 47 packets received, 7579 bps, 94.74%, Err 1 (9.6e-06)
016.090 .... 55 packets received, 7619 bps, 95.24%, Err 1 (8.3e-06)
018.234 .... 63 packets received, 7622 bps, 95.27%, Err 1 (7.3e-06)
020.340 .... 71 packets received, 7639 bps, 95.49%, Err 1 (6.5e-06)
022.440 .... 79 packets received, 7656 bps, 95.69%, Err 1 (5.8e-06)
024.540 .... 87 packets received, 7669 bps, 95.86%, Err 1 (5.3e-06)
026.659 .... 95 packets received, 7674 bps, 95.93%, Err 1 (4.9e-06)
028.792 .... 103 packets received, 7675 bps, 95.93%, Err 1 (4.5e-06)
030.891 .... 111 packets received, 7684 bps, 96.05%, Err 1 (4.2e-06)
033.017 .... 119 packets received, 7685 bps, 96.07%, Err 1 (3.9e-06)
035.124 .... 127 packets received, 7691 bps, 96.14%, Err 1 (3.7e-06)
037.261 .... 135 packets received, 7690 bps, 96.12%, Err 2 (6.9e-06)
039.359 .... 143 packets received, 7696 bps, 96.20%, Err 2 (6.5e-06)
041.469 .... 151 packets received, 7700 bps, 96.25%, Err 2 (6.2e-06)
043.591 .... 159 packets received, 7701 bps, 96.26%, Err 2 (5.9e-06)
045.687 .... 167 packets received, 7706 bps, 96.33%, Err 2 (5.6e-06)
047.812 .... 175 packets received, 7707 bps, 96.33%, Err 2 (5.3e-06)
049.918 .... 183 packets received, 7710 bps, 96.37%, Err 2 (5.1e-06)
052.022 .... 191 packets received, 7713 bps, 96.41%, Err 2 (4.9e-06)
054.159 .... 199 packets received, 7711 bps, 96.39%, Err 2 (4.7e-06)
056.256 .... 207 packets received, 7715 bps, 96.44%, Err 2 (4.5e-06)
058.376 .... 215 packets received, 7715 bps, 96.44%, Err 2 (4.4e-06)
060.493 .... 223 packets received, 7716 bps, 96.45%, Err 2 (4.2e-06)
062.608 .... 231 packets received, 7717 bps, 96.47%, Err 2 (4.1e-06)
064.722 .... 239 packets received, 7718 bps, 96.48%, Err 2 (3.9e-06)
066.826 .... 247 packets received, 7721 bps, 96.51%, Err 2 (3.8e-06)
068.943 .... 255 packets received, 7721 bps, 96.52%, Err 2 (3.7e-06)
071.040 .... 263 packets received, 7724 bps, 96.55%, Err 2 (3.6e-06)
073.176 .... 267 packets received, 7608 bps, 95.11%, Err 3 (5.2e-06)
075.303 .... 278 packets received, 7694 bps, 96.18%, Err 4 (6.7e-06)
077.418 .... 286 packets received, 7696 bps, 96.20%, Err 4 (6.5e-06)
079.523 .... 293 packets received, 7672 bps, 95.90%, Err 5 (8.0e-06)
081.624 .... 301 packets received, 7675 bps, 95.94%, Err 5 (7.8e-06)
083.725 .... 309 packets received, 7678 bps, 95.98%, Err 5 (7.6e-06)
085.831 .... 317 packets received, 7681 bps, 96.01%, Err 5 (7.4e-06)
087.945 .... 325 packets received, 7682 bps, 96.03%, Err 5 (7.2e-06)
090.057 .... 333 packets received, 7684 bps, 96.05%, Err 5 (7.0e-06)
092.168 .... 341 packets received, 7686 bps, 96.08%, Err 5 (6.9e-06)
094.304 .... 349 packets received, 7686 bps, 96.07%, Err 5 (6.7e-06)
096.941 .... 354 packets received, 7581 bps, 94.76%, Err 7 (9.1e-06)
099.057 .... 366 packets received, 7668 bps, 95.85%, Err 7 (8.9e-06)
104.526 .... 372 packets received, 7381 bps, 92.26%, Err 7 (8.8e-06)
108.662 .... 373 packets received, 7116 bps, 88.95%, Err 7 (8.8e-06)
112.684 .... 374 packets received, 6877 bps, 85.96%, Err 7 (8.8e-06)
116.796 .... 375 packets received, 6650 bps, 83.12%, Err 7 (8.7e-06)
120.850 .... 376 packets received, 6442 bps, 80.52%, Err 7 (8.7e-06)
124.907 .... 377 packets received, 6247 bps, 78.08%, Err 7 (8.7e-06)
128.978 .... 378 packets received, 6064 bps, 75.79%, Err 7 (8.6e-06)
133.041 .... 379 packets received, 5892 bps, 73.65%, Err 7 (8.6e-06)
137.089 .... 380 packets received, 5731 bps, 71.64%, Err 7 (8.6e-06)
141.146 .... 381 packets received, 5580 bps, 69.75%, Err 7 (8.6e-06)
145.200 .... 382 packets received, 5437 bps, 67.96%, Err 7 (8.5e-06)
149.283 .... 383 packets received, 5301 bps, 66.26%, Err 7 (8.5e-06)
153.419 .... 384 packets received, 5170 bps, 64.63%, Err 7 (8.5e-06)
157.501 .... 385 packets received, 5048 bps, 63.10%, Err 7 (8.5e-06)
161.560 .... 386 packets received, 4933 bps, 61.66%, Err 7 (8.4e-06)
165.707 .... 387 packets received, 4821 bps, 60.26%, Err 7 (8.4e-06)
169.804 .... 388 packets received, 4716 bps, 58.95%, Err 7 (8.4e-06)
173.919 .... 389 packets received, 4615 bps, 57.69%, Err 7 (8.4e-06)
177.995 .... 390 packets received, 4520 bps, 56.51%, Err 7 (8.4e-06)
182.137 .... 391 packets received, 4428 bps, 55.35%, Err 7 (8.3e-06)
186.138 .... 392 packets received, 4343 bps, 54.29%, Err 7 (8.3e-06)
190.204 .... 393 packets received, 4261 bps, 53.26%, Err 7 (8.3e-06)
194.341 .... 394 packets received, 4180 bps, 52.25%, Err 7 (8.3e-06)
198.451 .... 395 packets received, 4103 bps, 51.29%, Err 7 (8.2e-06)
200.551 .... 396 packets received, 4070 bps, 50.88%, Err 7 (8.2e-06)
202.647 .... 404 packets received, 4109 bps, 51.37%, Err 7 (8.0e-06)
204.784 .... 412 packets received, 4147 bps, 51.83%, Err 7 (7.9e-06)
206.879 .... 416 packets received, 4144 bps, 51.80%, Err 8 (8.8e-06)
209.002 .... 427 packets received, 4210 bps, 52.63%, Err 8 (8.7e-06)
211.113 .... 435 packets received, 4246 bps, 53.08%, Err 8 (8.5e-06)
213.219 .... 443 packets received, 4281 bps, 53.52%, Err 8 (8.4e-06)
215.334 .... 447 packets received, 4277 bps, 53.47%, Err 9 (9.3e-06)
217.443 .... 458 packets received, 4340 bps, 54.25%, Err 9 (9.1e-06)
219.545 .... 466 packets received, 4373 bps, 54.66%, Err 9 (8.9e-06)
221.652 .... 474 packets received, 4406 bps, 55.07%, Err 9 (8.8e-06)
223.777 .... 482 packets received, 4437 bps, 55.46%, Err 9 (8.7e-06)
225.886 .... 490 packets received, 4468 bps, 55.86%, Err 9 (8.5e-06)
228.012 .... 498 packets received, 4499 bps, 56.23%, Err 9 (8.4e-06)
230.107 .... 506 packets received, 4529 bps, 56.62%, Err 9 (8.2e-06)
232.228 .... 514 packets received, 4559 bps, 56.98%, Err 9 (8.1e-06)
234.328 .... 522 packets received, 4588 bps, 57.35%, Err 9 (8.0e-06)
236.450 .... 530 packets received, 4616 bps, 57.70%, Err 9 (7.9e-06)
239.077 .... 536 packets received, 4617 bps, 57.71%, Err 10 (8.6e-06)
241.199 .... 547 packets received, 4670 bps, 58.37%, Err 10 (8.5e-06)
243.321 .... 555 packets received, 4697 bps, 58.71%, Err 10 (8.4e-06)
245.431 .... 559 packets received, 4690 bps, 58.62%, Err 11 (9.1e-06)
247.553 .... 570 packets received, 4741 bps, 59.26%, Err 11 (8.9e-06)
249.661 .... 578 packets received, 4766 bps, 59.58%, Err 11 (8.8e-06)
251.743 .... 586 packets received, 4792 bps, 59.90%, Err 11 (8.7e-06)
254.405 .... 592 packets received, 4790 bps, 59.88%, Err 12 (9.3e-06)
256.517 .... 603 packets received, 4839 bps, 60.49%, Err 12 (9.2e-06)
258.623 .... 611 packets received, 4863 bps, 60.79%, Err 12 (9.1e-06)
260.724 .... 619 packets received, 4887 bps, 61.08%, Err 12 (9.0e-06)
262.852 .... 627 packets received, 4910 bps, 61.37%, Err 12 (8.9e-06)
264.969 .... 635 packets received, 4932 bps, 61.65%, Err 12 (8.8e-06)
267.085 .... 643 packets received, 4955 bps, 61.93%, Err 12 (8.7e-06)
269.198 .... 651 packets received, 4977 bps, 62.21%, Err 12 (8.5e-06)
271.293 .... 659 packets received, 4999 bps, 62.49%, Err 12 (8.4e-06)
273.405 .... 667 packets received, 5020 bps, 62.75%, Err 12 (8.3e-06)
275.527 .... 674 packets received, 5034 bps, 62.92%, Err 13 (8.9e-06)
277.645 .... 682 packets received, 5054 bps, 63.18%, Err 13 (8.8e-06)
279.745 .... 690 packets received, 5075 bps, 63.44%, Err 13 (8.7e-06)
281.862 .... 698 packets received, 5095 bps, 63.69%, Err 13 (8.6e-06)
284.528 .... 704 packets received, 5091 bps, 63.63%, Err 14 (9.2e-06)
286.616 .... 715 packets received, 5132 bps, 64.15%, Err 14 (9.1e-06)
288.764 .... 723 packets received, 5151 bps, 64.39%, Err 14 (9.0e-06)
290.855 .... 731 packets received, 5170 bps, 64.63%, Err 14 (8.9e-06)
292.989 .... 739 packets received, 5189 bps, 64.86%, Err 14 (8.8e-06)
295.063 .... 743 packets received, 5180 bps, 64.75%, Err 15 (9.3e-06)
297.198 .... 754 packets received, 5219 bps, 65.23%, Err 15 (9.2e-06)
299.305 .... 762 packets received, 5237 bps, 65.46%, Err 15 (9.1e-06)
304.489 .... 767 packets received, 5181 bps, 64.76%, Err 15 (9.1e-06)
308.610 .... 768 packets received, 5118 bps, 63.98%, Err 15 (9.1e-06)
312.649 .... 769 packets received, 5058 bps, 63.23%, Err 15 (9.0e-06)
316.762 .... 770 packets received, 4999 bps, 62.49%, Err 15 (9.0e-06)
320.811 .... 771 packets received, 4942 bps, 61.78%, Err 15 (9.0e-06)
324.881 .... 772 packets received, 4886 bps, 61.08%, Err 15 (9.0e-06)
329.002 .... 773 packets received, 4831 bps, 60.39%, Err 15 (9.0e-06)
333.214 .... 774 packets received, 4776 bps, 59.70%, Err 15 (9.0e-06)
337.244 .... 775 packets received, 4725 bps, 59.06%, Err 15 (9.0e-06)
341.312 .... 776 packets received, 4674 bps, 58.43%, Err 15 (9.0e-06)
345.450 .... 777 packets received, 4624 bps, 57.80%, Err 15 (8.9e-06)
349.474 .... 778 packets received, 4576 bps, 57.20%, Err 15 (8.9e-06)
353.549 .... 779 packets received, 4529 bps, 56.62%, Err 15 (8.9e-06)
357.650 .... 780 packets received, 4483 bps, 56.04%, Err 15 (8.9e-06)
361.798 .... 781 packets received, 4437 bps, 55.46%, Err 15 (8.9e-06)
365.919 .... 782 packets received, 4392 bps, 54.91%, Err 15 (8.9e-06)
370.034 .... 783 packets received, 4349 bps, 54.36%, Err 15 (8.9e-06)
374.094 .... 784 packets received, 4307 bps, 53.84%, Err 15 (8.9e-06)
378.207 .... 785 packets received, 4266 bps, 53.32%, Err 15 (8.8e-06)
382.356 .... 786 packets received, 4224 bps, 52.81%, Err 15 (8.8e-06)
386.424 .... 787 packets received, 4185 bps, 52.31%, Err 15 (8.8e-06)
390.500 .... 788 packets received, 4147 bps, 51.83%, Err 15 (8.8e-06)
394.519 .... 789 packets received, 4109 bps, 51.37%, Err 15 (8.8e-06)
398.568 .... 790 packets received, 4073 bps, 50.91%, Err 15 (8.8e-06)
400.807 .... 792 packets received, 4060 bps, 50.75%, Err 15 (8.7e-06)
402.910 .... 796 packets received, 4059 bps, 50.74%, Err 16 (9.2e-06)
405.029 .... 807 packets received, 4094 bps, 51.17%, Err 16 (9.2e-06)
407.143 .... 815 packets received, 4113 bps, 51.41%, Err 16 (9.1e-06)
409.259 .... 823 packets received, 4132 bps, 51.65%, Err 16 (9.0e-06)
411.357 .... 831 packets received, 4150 bps, 51.88%, Err 16 (8.9e-06)
413.484 .... 839 packets received, 4169 bps, 52.11%, Err 16 (8.8e-06)
415.591 .... 847 packets received, 4187 bps, 52.34%, Err 16 (8.7e-06)
417.710 .... 855 packets received, 4205 bps, 52.56%, Err 16 (8.6e-06)
419.838 .... 863 packets received, 4223 bps, 52.79%, Err 16 (8.6e-06)
422.742 .... 869 packets received, 4223 bps, 52.79%, Err 17 (9.0e-06)
424.885 .... 881 packets received, 4260 bps, 53.25%, Err 17 (8.9e-06)
427.019 .... 884 packets received, 4253 bps, 53.16%, Err 18 (9.4e-06)
429.111 .... 896 packets received, 4289 bps, 53.62%, Err 18 (9.3e-06)
431.236 .... 904 packets received, 4306 bps, 53.83%, Err 18 (9.2e-06)
433.867 .... 909 packets received, 4304 bps, 53.80%, Err 19 (9.6e-06)
435.966 .... 921 packets received, 4340 bps, 54.24%, Err 19 (9.5e-06)
438.102 .... 929 packets received, 4356 bps, 54.45%, Err 19 (9.4e-06)
441.541 .... 937 packets received, 4359 bps, 54.49%, Err 21 (1.0e-05)
443.653 .... 949 packets received, 4394 bps, 54.92%, Err 21 (1.0e-05)
445.755 .... 957 packets received, 4410 bps, 55.12%, Err 21 (1.0e-05)
447.865 .... 965 packets received, 4426 bps, 55.32%, Err 21 (1.0e-05)
449.972 .... 973 packets received, 4441 bps, 55.52%, Err 21 (1.0e-05)
452.630 .... 978 packets received, 4438 bps, 55.47%, Err 22 (1.0e-05)
454.742 .... 990 packets received, 4471 bps, 55.89%, Err 22 (1.0e-05)
456.876 .... 998 packets received, 4486 bps, 56.08%, Err 22 (1.0e-05)
458.957 .... 1006 packets received, 4502 bps, 56.27%, Err 22 (1.0e-05)
461.072 .... 1014 packets received, 4517 bps, 56.46%, Err 22 (1.0e-05)
463.178 .... 1022 packets received, 4532 bps, 56.65%, Err 22 (9.9e-06)
465.303 .... 1030 packets received, 4546 bps, 56.83%, Err 22 (9.9e-06)
467.410 .... 1038 packets received, 4561 bps, 57.01%, Err 22 (9.8e-06)
469.534 .... 1046 packets received, 4575 bps, 57.19%, Err 22 (9.7e-06)
471.651 .... 1054 packets received, 4589 bps, 57.37%, Err 22 (9.6e-06)
473.750 .... 1062 packets received, 4604 bps, 57.55%, Err 22 (9.6e-06)
475.862 .... 1070 packets received, 4618 bps, 57.72%, Err 22 (9.5e-06)
477.969 .... 1078 packets received, 4632 bps, 57.90%, Err 22 (9.4e-06)
480.107 .... 1086 packets received, 4645 bps, 58.07%, Err 22 (9.4e-06)
482.215 .... 1094 packets received, 4659 bps, 58.24%, Err 22 (9.3e-06)
484.326 .... 1102 packets received, 4672 bps, 58.41%, Err 22 (9.2e-06)
486.437 .... 1110 packets received, 4686 bps, 58.57%, Err 22 (9.2e-06)
488.533 .... 1118 packets received, 4699 bps, 58.74%, Err 22 (9.1e-06)
490.643 .... 1126 packets received, 4713 bps, 58.91%, Err 22 (9.0e-06)
493.292 .... 1131 packets received, 4708 bps, 58.85%, Err 23 (9.4e-06)
495.401 .... 1143 packets received, 4738 bps, 59.22%, Err 23 (9.3e-06)
497.548 .... 1151 packets received, 4750 bps, 59.38%, Err 23 (9.2e-06)
499.634 .... 1159 packets received, 4763 bps, 59.54%, Err 23 (9.2e-06)
504.537 .... 1163 packets received, 4733 bps, 59.16%, Err 23 (9.2e-06)
508.686 .... 1164 packets received, 4698 bps, 58.73%, Err 23 (9.1e-06)
512.775 .... 1165 packets received, 4665 bps, 58.31%, Err 23 (9.1e-06)
516.817 .... 1166 packets received, 4632 bps, 57.90%, Err 23 (9.1e-06)
521.036 .... 1167 packets received, 4599 bps, 57.48%, Err 23 (9.1e-06)
525.138 .... 1168 packets received, 4566 bps, 57.08%, Err 23 (9.1e-06)
529.260 .... 1169 packets received, 4535 bps, 56.68%, Err 23 (9.1e-06)
533.443 .... 1170 packets received, 4503 bps, 56.29%, Err 23 (9.1e-06)
537.559 .... 1171 packets received, 4472 bps, 55.90%, Err 23 (9.1e-06)
541.573 .... 1172 packets received, 4443 bps, 55.53%, Err 23 (9.1e-06)
545.816 .... 1173 packets received, 4412 bps, 55.15%, Err 23 (9.1e-06)
549.888 .... 1174 packets received, 4383 bps, 54.79%, Err 23 (9.1e-06)
553.940 .... 1175 packets received, 4354 bps, 54.43%, Err 23 (9.1e-06)
558.016 .... 1176 packets received, 4326 bps, 54.08%, Err 23 (9.0e-06)
562.141 .... 1177 packets received, 4298 bps, 53.73%, Err 23 (9.0e-06)
566.268 .... 1178 packets received, 4270 bps, 53.38%, Err 23 (9.0e-06)
570.382 .... 1179 packets received, 4243 bps, 53.04%, Err 23 (9.0e-06)
574.441 .... 1180 packets received, 4217 bps, 52.71%, Err 23 (9.0e-06)
578.562 .... 1181 packets received, 4190 bps, 52.37%, Err 23 (9.0e-06)
582.650 .... 1182 packets received, 4164 bps, 52.05%, Err 23 (9.0e-06)
586.745 .... 1183 packets received, 4138 bps, 51.73%, Err 23 (9.0e-06)
590.902 .... 1184 packets received, 4113 bps, 51.41%, Err 23 (9.0e-06)
594.984 .... 1185 packets received, 4088 bps, 51.10%, Err 23 (9.0e-06)
599.152 .... 1186 packets received, 4063 bps, 50.78%, Err 23 (9.0e-06)
601.309 .... 1190 packets received, 4062 bps, 50.77%, Err 23 (8.9e-06)
603.454 .... 1197 packets received, 4071 bps, 50.89%, Err 24 (9.2e-06)
605.550 .... 1205 packets received, 4084 bps, 51.05%, Err 24 (9.2e-06)
607.675 .... 1213 packets received, 4097 bps, 51.21%, Err 24 (9.1e-06)
609.781 .... 1221 packets received, 4110 bps, 51.37%, Err 24 (9.1e-06)
611.884 .... 1229 packets received, 4122 bps, 51.53%, Err 24 (9.0e-06)
614.018 .... 1237 packets received, 4135 bps, 51.68%, Err 24 (9.0e-06)
616.148 .... 1245 packets received, 4147 bps, 51.84%, Err 24 (8.9e-06)
618.256 .... 1253 packets received, 4159 bps, 51.99%, Err 24 (8.8e-06)
620.391 .... 1261 packets received, 4172 bps, 52.14%, Err 24 (8.8e-06)
622.512 .... 1269 packets received, 4184 bps, 52.30%, Err 24 (8.7e-06)
624.647 .... 1277 packets received, 4196 bps, 52.45%, Err 24 (8.7e-06)
626.752 .... 1285 packets received, 4208 bps, 52.60%, Err 24 (8.6e-06)
628.892 .... 1293 packets received, 4219 bps, 52.74%, Err 24 (8.6e-06)
631.028 .... 1301 packets received, 4231 bps, 52.89%, Err 24 (8.5e-06)
633.162 .... 1309 packets received, 4243 bps, 53.03%, Err 24 (8.5e-06)
635.280 .... 1317 packets received, 4254 bps, 53.18%, Err 24 (8.4e-06)
637.414 .... 1325 packets received, 4266 bps, 53.32%, Err 24 (8.4e-06)
639.522 .... 1333 packets received, 4278 bps, 53.47%, Err 24 (8.3e-06)
641.891 .... 1338 packets received, 4278 bps, 53.47%, Err 25 (8.6e-06)
643.994 .... 1349 packets received, 4299 bps, 53.73%, Err 25 (8.6e-06)
646.096 .... 1357 packets received, 4310 bps, 53.88%, Err 25 (8.5e-06)
648.216 .... 1364 packets received, 4318 bps, 53.98%, Err 26 (8.8e-06)
650.332 .... 1372 packets received, 4329 bps, 54.12%, Err 26 (8.8e-06)
652.439 .... 1380 packets received, 4340 bps, 54.26%, Err 26 (8.7e-06)
654.592 .... 1388 packets received, 4351 bps, 54.39%, Err 26 (8.7e-06)
656.699 .... 1391 packets received, 4347 bps, 54.33%, Err 28 (9.3e-06)
659.355 .... 1402 packets received, 4363 bps, 54.54%, Err 28 (9.2e-06)
661.476 .... 1407 packets received, 4365 bps, 54.56%, Err 28 (9.2e-06)
663.595 .... 1413 packets received, 4369 bps, 54.62%, Err 28 (9.1e-06)
665.997 .... 1417 packets received, 4366 bps, 54.57%, Err 30 (9.7e-06)
668.119 .... 1427 packets received, 4383 bps, 54.78%, Err 30 (9.6e-06)
670.225 .... 1431 packets received, 4381 bps, 54.77%, Err 31 (9.9e-06)
672.360 .... 1442 packets received, 4401 bps, 55.01%, Err 31 (9.9e-06)
674.482 .... 1450 packets received, 4411 bps, 55.14%, Err 31 (9.8e-06)
676.608 .... 1458 packets received, 4422 bps, 55.27%, Err 32 (1.0e-05)
678.732 .... 1465 packets received, 4429 bps, 55.36%, Err 32 (1.0e-05)
680.853 .... 1473 packets received, 4439 bps, 55.49%, Err 33 (1.0e-05)
682.975 .... 1481 packets received, 4450 bps, 55.62%, Err 33 (1.0e-05)
685.101 .... 1489 packets received, 4460 bps, 55.75%, Err 33 (1.0e-05)
687.223 .... 1497 packets received, 4470 bps, 55.87%, Err 33 (1.0e-05)
689.362 .... 1505 packets received, 4480 bps, 56.00%, Err 33 (1.0e-05)
691.760 .... 1510 packets received, 4479 bps, 55.99%, Err 34 (1.0e-05)
693.871 .... 1521 packets received, 4498 bps, 56.22%, Err 34 (1.0e-05)
695.985 .... 1529 packets received, 4508 bps, 56.35%, Err 34 (1.0e-05)
698.140 .... 1537 packets received, 4517 bps, 56.47%, Err 34 (1.0e-05)
700.265 .... 1545 packets received, 4527 bps, 56.59%, Err 34 (1.0e-05)
704.630 .... 1547 packets received, 4505 bps, 56.31%, Err 34 (1.0e-05)
708.661 .... 1548 packets received, 4482 bps, 56.02%, Err 34 (1.0e-05)
713.593 .... 1549 packets received, 4454 bps, 55.67%, Err 35 (1.0e-05)
716.742 .... 1550 packets received, 4437 bps, 55.46%, Err 35 (1.0e-05)
720.840 .... 1551 packets received, 4415 bps, 55.18%, Err 35 (1.0e-05)
724.904 .... 1552 packets received, 4393 bps, 54.91%, Err 35 (1.0e-05)
728.983 .... 1553 packets received, 4371 bps, 54.64%, Err 35 (1.0e-05)
733.148 .... 1554 packets received, 4349 bps, 54.36%, Err 35 (1.0e-05)
737.315 .... 1555 packets received, 4327 bps, 54.09%, Err 35 (1.0e-05)
741.402 .... 1556 packets received, 4306 bps, 53.82%, Err 35 (1.0e-05)
745.479 .... 1557 packets received, 4285 bps, 53.56%, Err 35 (1.0e-05)
749.571 .... 1558 packets received, 4264 bps, 53.30%, Err 35 (1.0e-05)
753.616 .... 1559 packets received, 4244 bps, 53.05%, Err 35 (1.0e-05)
757.803 .... 1560 packets received, 4223 bps, 52.79%, Err 35 (1.0e-05)
761.851 .... 1561 packets received, 4203 bps, 52.54%, Err 35 (1.0e-05)
765.880 .... 1562 packets received, 4184 bps, 52.30%, Err 35 (1.0e-05)
769.983 .... 1563 packets received, 4164 bps, 52.05%, Err 35 (1.0e-05)
774.074 .... 1564 packets received, 4145 bps, 51.81%, Err 35 (1.0e-05)
778.089 .... 1565 packets received, 4126 bps, 51.58%, Err 35 (1.0e-05)
782.146 .... 1566 packets received, 4107 bps, 51.34%, Err 35 (1.0e-05)
786.282 .... 1567 packets received, 4088 bps, 51.10%, Err 35 (1.0e-05)
790.354 .... 1568 packets received, 4070 bps, 50.87%, Err 35 (1.0e-05)
794.448 .... 1569 packets received, 4051 bps, 50.64%, Err 35 (1.0e-05)
798.474 .... 1570 packets received, 4033 bps, 50.42%, Err 35 (1.0e-05)
800.525 .... 1571 packets received, 4026 bps, 50.32%, Err 35 (1.0e-05)
802.650 .... 1579 packets received, 4035 bps, 50.44%, Err 35 (1.0e-05)
804.745 .... 1587 packets received, 4045 bps, 50.57%, Err 35 (1.0e-05)
806.863 .... 1595 packets received, 4055 bps, 50.69%, Err 35 (1.0e-05)
808.983 .... 1603 packets received, 4065 bps, 50.81%, Err 35 (1.0e-05)
811.093 .... 1611 packets received, 4074 bps, 50.93%, Err 35 (9.9e-06)
813.207 .... 1619 packets received, 4084 bps, 51.05%, Err 35 (9.9e-06)
815.322 .... 1627 packets received, 4093 bps, 51.17%, Err 35 (9.9e-06)
817.418 .... 1635 packets received, 4103 bps, 51.29%, Err 35 (9.8e-06)
819.546 .... 1642 packets received, 4110 bps, 51.37%, Err 36 (1.0e-05)
821.663 .... 1650 packets received, 4119 bps, 51.49%, Err 36 (1.0e-05)
823.754 .... 1658 packets received, 4129 bps, 51.61%, Err 36 (9.9e-06)
825.890 .... 1666 packets received, 4138 bps, 51.72%, Err 36 (9.9e-06)
827.983 .... 1674 packets received, 4147 bps, 51.84%, Err 37 (1.0e-05)
830.092 .... 1681 packets received, 4154 bps, 51.92%, Err 37 (1.0e-05)
832.493 .... 1686 packets received, 4154 bps, 51.93%, Err 38 (1.0e-05)
834.865 .... 1694 packets received, 4162 bps, 52.03%, Err 39 (1.1e-05)
836.986 .... 1705 packets received, 4178 bps, 52.23%, Err 39 (1.0e-05)
839.090 .... 1713 packets received, 4188 bps, 52.34%, Err 39 (1.0e-05)
841.207 .... 1721 packets received, 4196 bps, 52.46%, Err 39 (1.0e-05)
843.300 .... 1729 packets received, 4205 bps, 52.57%, Err 40 (1.1e-05)
845.421 .... 1737 packets received, 4214 bps, 52.68%, Err 40 (1.1e-05)
847.545 .... 1745 packets received, 4223 bps, 52.79%, Err 40 (1.0e-05)
849.637 .... 1753 packets received, 4232 bps, 52.90%, Err 40 (1.0e-05)
851.774 .... 1761 packets received, 4241 bps, 53.01%, Err 40 (1.0e-05)
853.887 .... 1769 packets received, 4249 bps, 53.12%, Err 40 (1.0e-05)
855.996 .... 1777 packets received, 4258 bps, 53.23%, Err 40 (1.0e-05)
858.117 .... 1785 packets received, 4267 bps, 53.33%, Err 40 (1.0e-05)
860.210 .... 1793 packets received, 4275 bps, 53.44%, Err 40 (1.0e-05)
862.326 .... 1801 packets received, 4284 bps, 53.55%, Err 40 (1.0e-05)
864.440 .... 1809 packets received, 4292 bps, 53.65%, Err 40 (1.0e-05)
866.537 .... 1817 packets received, 4301 bps, 53.76%, Err 40 (1.0e-05)
868.656 .... 1825 packets received, 4309 bps, 53.87%, Err 40 (1.0e-05)
870.777 .... 1833 packets received, 4318 bps, 53.97%, Err 40 (1.0e-05)
872.897 .... 1841 packets received, 4326 bps, 54.07%, Err 40 (1.0e-05)
875.257 .... 1846 packets received, 4326 bps, 54.07%, Err 41 (1.0e-05)
877.385 .... 1857 packets received, 4341 bps, 54.26%, Err 41 (1.0e-05)
879.492 .... 1864 packets received, 4347 bps, 54.34%, Err 42 (1.0e-05)
881.606 .... 1872 packets received, 4355 bps, 54.44%, Err 43 (1.1e-05)
883.711 .... 1879 packets received, 4361 bps, 54.51%, Err 43 (1.0e-05)
885.821 .... 1887 packets received, 4369 bps, 54.61%, Err 43 (1.0e-05)
887.929 .... 1895 packets received, 4377 bps, 54.72%, Err 43 (1.0e-05)
890.039 .... 1903 packets received, 4385 bps, 54.82%, Err 43 (1.0e-05)
892.176 .... 1911 packets received, 4393 bps, 54.91%, Err 43 (1.0e-05)
894.270 .... 1919 packets received, 4401 bps, 55.01%, Err 43 (1.0e-05)
896.398 .... 1927 packets received, 4409 bps, 55.11%, Err 43 (1.0e-05)
898.502 .... 1935 packets received, 4417 bps, 55.21%, Err 43 (1.0e-05)
904.385 .... 1943 packets received, 4406 bps, 55.08%, Err 43 (1.0e-05)
908.459 .... 1944 packets received, 4389 bps, 54.86%, Err 43 (1.0e-05)
912.538 .... 1945 packets received, 4371 bps, 54.64%, Err 43 (1.0e-05)
916.738 .... 1946 packets received, 4354 bps, 54.42%, Err 43 (1.0e-05)
920.830 .... 1947 packets received, 4336 bps, 54.21%, Err 43 (1.0e-05)
924.951 .... 1948 packets received, 4319 bps, 53.99%, Err 43 (1.0e-05)
929.078 .... 1949 packets received, 4302 bps, 53.78%, Err 43 (1.0e-05)
934.076 .... 1950 packets received, 4281 bps, 53.52%, Err 44 (1.0e-05)
937.325 .... 1951 packets received, 4269 bps, 53.36%, Err 44 (1.0e-05)
941.417 .... 1952 packets received, 4252 bps, 53.15%, Err 44 (1.0e-05)
945.566 .... 1953 packets received, 4236 bps, 52.95%, Err 44 (1.0e-05)
949.684 .... 1954 packets received, 4220 bps, 52.75%, Err 44 (1.0e-05)
953.765 .... 1955 packets received, 4204 bps, 52.55%, Err 44 (1.0e-05)
957.883 .... 1956 packets received, 4188 bps, 52.35%, Err 44 (1.0e-05)
961.948 .... 1957 packets received, 4172 bps, 52.15%, Err 44 (1.0e-05)
966.037 .... 1958 packets received, 4157 bps, 51.96%, Err 44 (1.0e-05)
970.210 .... 1959 packets received, 4141 bps, 51.76%, Err 44 (1.0e-05)
974.401 .... 1960 packets received, 4125 bps, 51.56%, Err 44 (1.0e-05)
978.485 .... 1961 packets received, 4110 bps, 51.37%, Err 44 (1.0e-05)
982.621 .... 1962 packets received, 4095 bps, 51.18%, Err 44 (1.0e-05)
986.704 .... 1963 packets received, 4080 bps, 51.00%, Err 44 (1.0e-05)
990.726 .... 1964 packets received, 4065 bps, 50.82%, Err 44 (1.0e-05)
994.772 .... 1965 packets received, 4051 bps, 50.63%, Err 44 (1.0e-05)
998.978 .... 1966 packets received, 4036 bps, 50.45%, Err 44 (1.0e-05)
1001.050 .... 1969 packets received, 4034 bps, 50.42%, Err 44 (1.0e-05)
1003.179 .... 1977 packets received, 4041 bps, 50.52%, Err 44 (1.0e-05)
1005.286 .... 1985 packets received, 4049 bps, 50.61%, Err 44 (1.0e-05)
1007.405 .... 1993 packets received, 4057 bps, 50.71%, Err 44 (1.0e-05)
1009.517 .... 2001 packets received, 4065 bps, 50.81%, Err 44 (1.0e-05)
1011.623 .... 2005 packets received, 4064 bps, 50.80%, Err 45 (1.0e-05)
1013.740 .... 2016 packets received, 4078 bps, 50.98%, Err 45 (1.0e-05)
1015.838 .... 2024 packets received, 4086 bps, 51.07%, Err 45 (1.0e-05)
1018.495 .... 2030 packets received, 4087 bps, 51.09%, Err 46 (1.0e-05)
1020.627 .... 2041 packets received, 4101 bps, 51.26%, Err 46 (1.0e-05)
1022.713 .... 2049 packets received, 4108 bps, 51.36%, Err 46 (1.0e-05)
1024.831 .... 2057 packets received, 4116 bps, 51.45%, Err 46 (1.0e-05)
1026.949 .... 2065 packets received, 4123 bps, 51.54%, Err 47 (1.0e-05)
1029.055 .... 2073 packets received, 4131 bps, 51.64%, Err 47 (1.0e-05)
1031.187 .... 2081 packets received, 4138 bps, 51.73%, Err 47 (1.0e-05)
1033.275 .... 2089 packets received, 4146 bps, 51.82%, Err 48 (1.1e-05)
1035.408 .... 2096 packets received, 4151 bps, 51.89%, Err 48 (1.0e-05)
1037.524 .... 2104 packets received, 4158 bps, 51.98%, Err 48 (1.0e-05)
1039.619 .... 2112 packets received, 4166 bps, 52.07%, Err 48 (1.0e-05)
1042.787 .... 2120 packets received, 4169 bps, 52.11%, Err 49 (1.1e-05)
1044.901 .... 2131 packets received, 4182 bps, 52.27%, Err 49 (1.1e-05)
1047.012 .... 2139 packets received, 4189 bps, 52.37%, Err 49 (1.1e-05)
1049.148 .... 2147 packets received, 4196 bps, 52.45%, Err 49 (1.0e-05)
1051.240 .... 2155 packets received, 4204 bps, 52.54%, Err 49 (1.0e-05)
1053.381 .... 2163 packets received, 4211 bps, 52.63%, Err 49 (1.0e-05)
1055.509 .... 2171 packets received, 4218 bps, 52.72%, Err 49 (1.0e-05)
1057.605 .... 2179 packets received, 4225 bps, 52.81%, Err 49 (1.0e-05)
1059.745 .... 2186 packets received, 4230 bps, 52.87%, Err 50 (1.0e-05)
1061.854 .... 2194 packets received, 4237 bps, 52.96%, Err 50 (1.0e-05)
1063.948 .... 2202 packets received, 4244 bps, 53.05%, Err 50 (1.0e-05)
1066.055 .... 2210 packets received, 4251 bps, 53.14%, Err 50 (1.0e-05)
1068.182 .... 2218 packets received, 4258 bps, 53.22%, Err 50 (1.0e-05)
1070.295 .... 2222 packets received, 4257 bps, 53.21%, Err 51 (1.1e-05)
1072.404 .... 2233 packets received, 4270 bps, 53.37%, Err 51 (1.0e-05)
1074.504 .... 2241 packets received, 4277 bps, 53.46%, Err 51 (1.0e-05)
1076.641 .... 2249 packets received, 4283 bps, 53.54%, Err 51 (1.0e-05)
1078.729 .... 2257 packets received, 4290 bps, 53.63%, Err 51 (1.0e-05)
1080.857 .... 2265 packets received, 4297 bps, 53.71%, Err 51 (1.0e-05)
1082.968 .... 2273 packets received, 4304 bps, 53.80%, Err 51 (1.0e-05)
1085.604 .... 2279 packets received, 4305 bps, 53.81%, Err 52 (1.0e-05)
1087.714 .... 2290 packets received, 4317 bps, 53.96%, Err 52 (1.0e-05)
1089.835 .... 2298 packets received, 4324 bps, 54.04%, Err 52 (1.0e-05)
1091.958 .... 2305 packets received, 4328 bps, 54.10%, Err 53 (1.1e-05)
1094.064 .... 2313 packets received, 4335 bps, 54.19%, Err 53 (1.1e-05)
1096.202 .... 2321 packets received, 4341 bps, 54.27%, Err 53 (1.0e-05)
1098.312 .... 2329 packets received, 4348 bps, 54.35%, Err 53 (1.0e-05)
1100.419 .... 2337 packets received, 4355 bps, 54.43%, Err 53 (1.0e-05)
1104.472 .... 2338 packets received, 4340 bps, 54.26%, Err 53 (1.0e-05)
1108.578 .... 2339 packets received, 4326 bps, 54.08%, Err 53 (1.0e-05)
1112.745 .... 2340 packets received, 4312 bps, 53.90%, Err 53 (1.0e-05)
1116.824 .... 2341 packets received, 4298 bps, 53.72%, Err 53 (1.0e-05)
1121.007 .... 2342 packets received, 4284 bps, 53.55%, Err 53 (1.0e-05)
1125.113 .... 2343 packets received, 4270 bps, 53.37%, Err 53 (1.0e-05)
1129.300 .... 2344 packets received, 4256 bps, 53.20%, Err 53 (1.0e-05)
1133.387 .... 2345 packets received, 4242 bps, 53.03%, Err 53 (1.0e-05)
1137.511 .... 2346 packets received, 4229 bps, 52.86%, Err 53 (1.0e-05)
1141.544 .... 2347 packets received, 4215 bps, 52.69%, Err 53 (1.0e-05)
1145.619 .... 2348 packets received, 4202 bps, 52.53%, Err 53 (1.0e-05)
1149.797 .... 2349 packets received, 4189 bps, 52.36%, Err 53 (1.0e-05)
1153.930 .... 2350 packets received, 4176 bps, 52.19%, Err 53 (1.0e-05)
1158.026 .... 2351 packets received, 4163 bps, 52.03%, Err 53 (1.0e-05)
1162.133 .... 2352 packets received, 4150 bps, 51.87%, Err 53 (1.0e-05)
1166.295 .... 2353 packets received, 4136 bps, 51.71%, Err 53 (1.0e-05)
1171.242 .... 2354 packets received, 4121 bps, 51.51%, Err 54 (1.1e-05)
1174.469 .... 2355 packets received, 4111 bps, 51.39%, Err 54 (1.1e-05)
1178.644 .... 2356 packets received, 4098 bps, 51.23%, Err 54 (1.1e-05)
1182.765 .... 2357 packets received, 4086 bps, 51.07%, Err 54 (1.1e-05)
1186.920 .... 2358 packets received, 4073 bps, 50.91%, Err 54 (1.0e-05)
1190.975 .... 2359 packets received, 4061 bps, 50.76%, Err 54 (1.0e-05)
1195.070 .... 2360 packets received, 4049 bps, 50.61%, Err 54 (1.0e-05)
1199.289 .... 2361 packets received, 4036 bps, 50.45%, Err 54 (1.0e-05)
1201.335 .... 2365 packets received, 4036 bps, 50.45%, Err 54 (1.0e-05)
1203.432 .... 2373 packets received, 4043 bps, 50.53%, Err 54 (1.0e-05)
1205.542 .... 2381 packets received, 4049 bps, 50.62%, Err 54 (1.0e-05)
1207.679 .... 2384 packets received, 4047 bps, 50.59%, Err 55 (1.1e-05)
1209.784 .... 2396 packets received, 4060 bps, 50.76%, Err 55 (1.1e-05)
1211.876 .... 2404 packets received, 4067 bps, 50.84%, Err 55 (1.0e-05)
1214.015 .... 2412 packets received, 4073 bps, 50.92%, Err 55 (1.0e-05)
1216.123 .... 2420 packets received, 4080 bps, 51.00%, Err 55 (1.0e-05)
1218.229 .... 2428 packets received, 4086 bps, 51.08%, Err 55 (1.0e-05)
1220.359 .... 2436 packets received, 4092 bps, 51.16%, Err 55 (1.0e-05)
1222.714 .... 2440 packets received, 4091 bps, 51.14%, Err 56 (1.1e-05)
1224.833 .... 2452 packets received, 4104 bps, 51.30%, Err 56 (1.0e-05)
1228.265 .... 2460 packets received, 4106 bps, 51.33%, Err 57 (1.1e-05)
1230.397 .... 2472 packets received, 4119 bps, 51.49%, Err 57 (1.1e-05)
1232.486 .... 2480 packets received, 4125 bps, 51.57%, Err 57 (1.1e-05)
1234.622 .... 2488 packets received, 4131 bps, 51.64%, Err 57 (1.1e-05)
1236.710 .... 2496 packets received, 4138 bps, 51.72%, Err 57 (1.0e-05)
1238.833 .... 2504 packets received, 4144 bps, 51.80%, Err 57 (1.0e-05)
1240.955 .... 2511 packets received, 4148 bps, 51.85%, Err 58 (1.1e-05)
1243.067 .... 2519 packets received, 4155 bps, 51.93%, Err 58 (1.1e-05)
1245.161 .... 2527 packets received, 4161 bps, 52.01%, Err 58 (1.1e-05)
1247.296 .... 2535 packets received, 4167 bps, 52.08%, Err 58 (1.0e-05)
1249.398 .... 2543 packets received, 4173 bps, 52.16%, Err 58 (1.0e-05)
1251.493 .... 2551 packets received, 4179 bps, 52.24%, Err 58 (1.0e-05)
1253.604 .... 2559 packets received, 4185 bps, 52.31%, Err 58 (1.0e-05)
1255.718 .... 2567 packets received, 4191 bps, 52.39%, Err 58 (1.0e-05)
1257.834 .... 2575 packets received, 4197 bps, 52.46%, Err 59 (1.1e-05)
1259.975 .... 2582 packets received, 4201 bps, 52.52%, Err 59 (1.0e-05)
1262.073 .... 2590 packets received, 4207 bps, 52.59%, Err 59 (1.0e-05)
1264.194 .... 2598 packets received, 4213 bps, 52.66%, Err 59 (1.0e-05)
1266.318 .... 2606 packets received, 4219 bps, 52.74%, Err 59 (1.0e-05)
1268.456 .... 2613 packets received, 4223 bps, 52.79%, Err 60 (1.1e-05)
1270.582 .... 2621 packets received, 4229 bps, 52.86%, Err 60 (1.0e-05)
1272.697 .... 2629 packets received, 4235 bps, 52.94%, Err 60 (1.0e-05)
1275.610 .... 2636 packets received, 4236 bps, 52.96%, Err 61 (1.1e-05)
1277.733 .... 2647 packets received, 4247 bps, 53.09%, Err 61 (1.1e-05)
1279.873 .... 2655 packets received, 4253 bps, 53.16%, Err 61 (1.1e-05)
1281.978 .... 2662 packets received, 4257 bps, 53.21%, Err 62 (1.1e-05)
1284.109 .... 2670 packets received, 4263 bps, 53.28%, Err 62 (1.1e-05)
1286.215 .... 2678 packets received, 4268 bps, 53.36%, Err 62 (1.1e-05)
1288.341 .... 2686 packets received, 4274 bps, 53.43%, Err 62 (1.1e-05)
1290.434 .... 2694 packets received, 4280 bps, 53.50%, Err 62 (1.1e-05)
1292.549 .... 2702 packets received, 4286 bps, 53.57%, Err 62 (1.1e-05)
1294.641 .... 2710 packets received, 4291 bps, 53.64%, Err 62 (1.0e-05)
1296.763 .... 2718 packets received, 4297 bps, 53.71%, Err 62 (1.0e-05)
1298.885 .... 2726 packets received, 4303 bps, 53.78%, Err 62 (1.0e-05)
1304.557 .... 2733 packets received, 4295 bps, 53.68%, Err 62 (1.0e-05)
1308.705 .... 2734 packets received, 4283 bps, 53.53%, Err 62 (1.0e-05)
1312.761 .... 2735 packets received, 4271 bps, 53.39%, Err 62 (1.0e-05)
1316.984 .... 2736 packets received, 4259 bps, 53.24%, Err 62 (1.0e-05)
1321.081 .... 2737 packets received, 4247 bps, 53.09%, Err 62 (1.0e-05)
1325.242 .... 2738 packets received, 4235 bps, 52.94%, Err 62 (1.0e-05)
1329.362 .... 2739 packets received, 4224 bps, 52.80%, Err 62 (1.0e-05)
1333.523 .... 2740 packets received, 4212 bps, 52.65%, Err 62 (1.0e-05)
1337.642 .... 2741 packets received, 4201 bps, 52.51%, Err 62 (1.0e-05)
1341.717 .... 2742 packets received, 4189 bps, 52.37%, Err 62 (1.0e-05)
1345.893 .... 2743 packets received, 4178 bps, 52.22%, Err 62 (1.0e-05)
1349.966 .... 2744 packets received, 4167 bps, 52.09%, Err 62 (1.0e-05)
1354.015 .... 2745 packets received, 4156 bps, 51.95%, Err 62 (1.0e-05)
1358.104 .... 2746 packets received, 4145 bps, 51.81%, Err 62 (1.0e-05)
1362.205 .... 2747 packets received, 4134 bps, 51.67%, Err 62 (1.0e-05)
1366.354 .... 2748 packets received, 4123 bps, 51.54%, Err 62 (1.0e-05)
1370.400 .... 2749 packets received, 4112 bps, 51.40%, Err 62 (1.0e-05)
1374.552 .... 2750 packets received, 4101 bps, 51.27%, Err 62 (1.0e-05)
1378.704 .... 2751 packets received, 4090 bps, 51.13%, Err 62 (1.0e-05)
1382.762 .... 2752 packets received, 4080 bps, 51.00%, Err 62 (1.0e-05)
1386.787 .... 2753 packets received, 4069 bps, 50.87%, Err 62 (1.0e-05)
1390.852 .... 2754 packets received, 4059 bps, 50.74%, Err 62 (1.0e-05)
1395.001 .... 2755 packets received, 4048 bps, 50.61%, Err 62 (1.0e-05)
1399.113 .... 2756 packets received, 4038 bps, 50.47%, Err 62 (1.0e-05)
1401.338 .... 2760 packets received, 4037 bps, 50.47%, Err 62 (1.0e-05)
1403.442 .... 2768 packets received, 4043 bps, 50.54%, Err 62 (1.0e-05)
1405.568 .... 2776 packets received, 4049 bps, 50.61%, Err 62 (1.0e-05)
1407.675 .... 2784 packets received, 4054 bps, 50.68%, Err 62 (1.0e-05)
1409.772 .... 2792 packets received, 4060 bps, 50.75%, Err 62 (1.0e-05)
1411.890 .... 2800 packets received, 4065 bps, 50.82%, Err 62 (1.0e-05)
1414.011 .... 2808 packets received, 4071 bps, 50.88%, Err 62 (1.0e-05)
1416.117 .... 2816 packets received, 4076 bps, 50.95%, Err 62 (1.0e-05)
1418.236 .... 2824 packets received, 4082 bps, 51.02%, Err 62 (1.0e-05)
1420.858 .... 2830 packets received, 4083 bps, 51.04%, Err 63 (1.0e-05)
1422.990 .... 2841 packets received, 4093 bps, 51.16%, Err 63 (1.0e-05)
1425.108 .... 2845 packets received, 4092 bps, 51.15%, Err 64 (1.0e-05)
1427.201 .... 2856 packets received, 4102 bps, 51.28%, Err 64 (1.0e-05)
1429.320 .... 2864 packets received, 4107 bps, 51.34%, Err 64 (1.0e-05)
1431.444 .... 2872 packets received, 4113 bps, 51.41%, Err 64 (1.0e-05)
1433.534 .... 2880 packets received, 4118 bps, 51.48%, Err 64 (1.0e-05)
1435.658 .... 2888 packets received, 4124 bps, 51.54%, Err 64 (1.0e-05)
1437.781 .... 2896 packets received, 4129 bps, 51.61%, Err 64 (1.0e-05)
1439.873 .... 2903 packets received, 4133 bps, 51.66%, Err 65 (1.0e-05)
1442.010 .... 2911 packets received, 4138 bps, 51.73%, Err 65 (1.0e-05)
1444.100 .... 2919 packets received, 4143 bps, 51.79%, Err 65 (1.0e-05)
1446.207 .... 2927 packets received, 4149 bps, 51.86%, Err 65 (1.0e-05)
1448.327 .... 2935 packets received, 4154 bps, 51.92%, Err 65 (1.0e-05)
1450.453 .... 2943 packets received, 4159 bps, 51.99%, Err 65 (1.0e-05)
1452.555 .... 2951 packets received, 4164 bps, 52.06%, Err 65 (1.0e-05)
1454.680 .... 2959 packets received, 4170 bps, 52.12%, Err 65 (1.0e-05)
1456.788 .... 2967 packets received, 4175 bps, 52.19%, Err 65 (1.0e-05)
1458.893 .... 2975 packets received, 4180 bps, 52.25%, Err 66 (1.0e-05)
1461.026 .... 2982 packets received, 4184 bps, 52.30%, Err 66 (1.0e-05)
1464.180 .... 2990 packets received, 4186 bps, 52.32%, Err 67 (1.0e-05)
1466.305 .... 3001 packets received, 4195 bps, 52.44%, Err 67 (1.0e-05)
1468.412 .... 3009 packets received, 4200 bps, 52.50%, Err 67 (1.0e-05)
1470.532 .... 3017 packets received, 4205 bps, 52.57%, Err 67 (1.0e-05)
1472.652 .... 3025 packets received, 4211 bps, 52.63%, Err 67 (1.0e-05)
1474.759 .... 3033 packets received, 4216 bps, 52.70%, Err 67 (1.0e-05)
1476.868 .... 3041 packets received, 4221 bps, 52.76%, Err 67 (1.0e-05)
1478.983 .... 3049 packets received, 4226 bps, 52.82%, Err 67 (1.0e-05)
1481.071 .... 3057 packets received, 4231 bps, 52.89%, Err 67 (1.0e-05)
1483.207 .... 3065 packets received, 4236 bps, 52.95%, Err 67 (1.0e-05)
1485.314 .... 3073 packets received, 4241 bps, 53.01%, Err 67 (1.0e-05)
1487.451 .... 3081 packets received, 4246 bps, 53.07%, Err 67 (1.0e-05)
1489.545 .... 3089 packets received, 4251 bps, 53.14%, Err 67 (1.0e-05)
1491.665 .... 3097 packets received, 4256 bps, 53.20%, Err 68 (1.0e-05)
1493.769 .... 3105 packets received, 4261 bps, 53.26%, Err 68 (1.0e-05)
1495.887 .... 3113 packets received, 4266 bps, 53.32%, Err 68 (1.0e-05)
1497.973 .... 3121 packets received, 4271 bps, 53.38%, Err 68 (1.0e-05)
1500.135 .... 3129 packets received, 4275 bps, 53.44%, Err 68 (1.0e-05)
1504.414 .... 3131 packets received, 4266 bps, 53.33%, Err 68 (1.0e-05)
1508.441 .... 3132 packets received, 4256 bps, 53.20%, Err 68 (1.0e-05)
1512.472 .... 3133 packets received, 4246 bps, 53.07%, Err 68 (1.0e-05)
1516.624 .... 3134 packets received, 4236 bps, 52.95%, Err 68 (1.0e-05)
1520.697 .... 3135 packets received, 4226 bps, 52.82%, Err 68 (1.0e-05)
1524.806 .... 3136 packets received, 4216 bps, 52.70%, Err 68 (1.0e-05)
1528.923 .... 3137 packets received, 4206 bps, 52.57%, Err 68 (1.0e-05)
1533.085 .... 3138 packets received, 4196 bps, 52.44%, Err 68 (1.0e-05)
1537.163 .... 3139 packets received, 4186 bps, 52.32%, Err 68 (1.0e-05)
1541.235 .... 3140 packets received, 4176 bps, 52.20%, Err 68 (1.0e-05)
1545.366 .... 3141 packets received, 4166 bps, 52.08%, Err 68 (9.9e-06)
1549.441 .... 3142 packets received, 4156 bps, 51.96%, Err 68 (9.9e-06)
1553.569 .... 3143 packets received, 4147 bps, 51.83%, Err 68 (9.9e-06)
1557.744 .... 3144 packets received, 4137 bps, 51.71%, Err 68 (9.9e-06)
1561.985 .... 3145 packets received, 4127 bps, 51.59%, Err 68 (9.9e-06)
1566.082 .... 3146 packets received, 4118 bps, 51.47%, Err 68 (9.9e-06)
1570.268 .... 3147 packets received, 4108 bps, 51.35%, Err 68 (9.9e-06)
1574.331 .... 3148 packets received, 4099 bps, 51.23%, Err 68 (9.9e-06)
1578.363 .... 3149 packets received, 4089 bps, 51.12%, Err 68 (9.9e-06)
1582.435 .... 3150 packets received, 4080 bps, 51.00%, Err 68 (9.9e-06)
1586.564 .... 3151 packets received, 4071 bps, 50.88%, Err 68 (9.9e-06)
1590.604 .... 3152 packets received, 4062 bps, 50.77%, Err 68 (9.9e-06)
1594.672 .... 3153 packets received, 4053 bps, 50.66%, Err 68 (9.9e-06)
1598.882 .... 3154 packets received, 4043 bps, 50.54%, Err 68 (9.9e-06)
1601.065 .... 3157 packets received, 4042 bps, 50.52%, Err 68 (9.9e-06)
1603.158 .... 3165 packets received, 4047 bps, 50.58%, Err 68 (9.9e-06)
1605.268 .... 3173 packets received, 4051 bps, 50.64%, Err 68 (9.8e-06)
1607.402 .... 3181 packets received, 4056 bps, 50.70%, Err 68 (9.8e-06)
1609.527 .... 3189 packets received, 4061 bps, 50.76%, Err 68 (9.8e-06)
1611.879 .... 3194 packets received, 4061 bps, 50.77%, Err 69 (9.9e-06)
1613.985 .... 3205 packets received, 4070 bps, 50.88%, Err 69 (9.9e-06)
1616.132 .... 3213 packets received, 4075 bps, 50.94%, Err 69 (9.9e-06)
1618.220 .... 3221 packets received, 4080 bps, 51.00%, Err 69 (9.8e-06)
1620.348 .... 3229 packets received, 4085 bps, 51.06%, Err 69 (9.8e-06)
1622.454 .... 3237 packets received, 4089 bps, 51.12%, Err 69 (9.8e-06)
1624.560 .... 3245 packets received, 4094 bps, 51.18%, Err 69 (9.8e-06)
1626.671 .... 3253 packets received, 4099 bps, 51.24%, Err 69 (9.7e-06)
1628.791 .... 3261 packets received, 4104 bps, 51.29%, Err 69 (9.7e-06)
1630.912 .... 3269 packets received, 4108 bps, 51.35%, Err 69 (9.7e-06)
1633.030 .... 3277 packets received, 4113 bps, 51.41%, Err 69 (9.7e-06)
1635.125 .... 3285 packets received, 4118 bps, 51.47%, Err 69 (9.7e-06)
1637.266 .... 3293 packets received, 4122 bps, 51.53%, Err 69 (9.6e-06)
1639.374 .... 3301 packets received, 4127 bps, 51.59%, Err 69 (9.6e-06)
1642.004 .... 3306 packets received, 4127 bps, 51.58%, Err 70 (9.7e-06)
1644.114 .... 3318 packets received, 4136 bps, 51.70%, Err 70 (9.7e-06)
1646.223 .... 3325 packets received, 4140 bps, 51.75%, Err 71 (9.8e-06)
1648.349 .... 3333 packets received, 4144 bps, 51.80%, Err 71 (9.8e-06)
1650.465 .... 3341 packets received, 4149 bps, 51.86%, Err 71 (9.8e-06)
1652.572 .... 3349 packets received, 4154 bps, 51.92%, Err 71 (9.7e-06)
1654.695 .... 3357 packets received, 4158 bps, 51.98%, Err 71 (9.7e-06)
1656.818 .... 3365 packets received, 4163 bps, 52.03%, Err 71 (9.7e-06)
1658.922 .... 3368 packets received, 4161 bps, 52.01%, Err 73 (9.9e-06)
1661.807 .... 3376 packets received, 4164 bps, 52.05%, Err 74 (1.0e-05)
1664.190 .... 3388 packets received, 4173 bps, 52.16%, Err 74 (1.0e-05)
1666.310 .... 3394 packets received, 4175 bps, 52.18%, Err 74 (1.0e-05)
1668.433 .... 3400 packets received, 4177 bps, 52.21%, Err 75 (1.0e-05)
1670.552 .... 3406 packets received, 4179 bps, 52.24%, Err 75 (1.0e-05)
1672.657 .... 3412 packets received, 4181 bps, 52.26%, Err 75 (1.0e-05)
1674.753 .... 3418 packets received, 4183 bps, 52.29%, Err 75 (1.0e-05)
1676.870 .... 3424 packets received, 4185 bps, 52.31%, Err 76 (1.0e-05)
1678.976 .... 3430 packets received, 4187 bps, 52.34%, Err 76 (1.0e-05)
1681.093 .... 3436 packets received, 4189 bps, 52.36%, Err 76 (1.0e-05)
1683.209 .... 3442 packets received, 4191 bps, 52.39%, Err 76 (1.0e-05)
1685.589 .... 3446 packets received, 4190 bps, 52.38%, Err 77 (1.0e-05)
1687.708 .... 3456 packets received, 4197 bps, 52.46%, Err 77 (1.0e-05)
1689.797 .... 3464 packets received, 4202 bps, 52.52%, Err 77 (1.0e-05)
1691.921 .... 3472 packets received, 4206 bps, 52.57%, Err 77 (1.0e-05)
1694.038 .... 3480 packets received, 4210 bps, 52.63%, Err 77 (1.0e-05)
1696.150 .... 3488 packets received, 4215 bps, 52.68%, Err 77 (1.0e-05)
1698.265 .... 3496 packets received, 4219 bps, 52.74%, Err 77 (1.0e-05)
1700.632 .... 3501 packets received, 4219 bps, 52.74%, Err 78 (1.0e-05)
1704.375 .... 3505 packets received, 4215 bps, 52.69%, Err 78 (1.0e-05)
1708.547 .... 3506 packets received, 4206 bps, 52.57%, Err 78 (1.0e-05)
1712.619 .... 3507 packets received, 4197 bps, 52.46%, Err 78 (1.0e-05)
1716.739 .... 3508 packets received, 4188 bps, 52.35%, Err 78 (1.0e-05)
1720.855 .... 3509 packets received, 4179 bps, 52.24%, Err 78 (1.0e-05)
1724.933 .... 3510 packets received, 4171 bps, 52.13%, Err 78 (1.0e-05)
1729.111 .... 3511 packets received, 4162 bps, 52.02%, Err 78 (1.0e-05)
1733.258 .... 3512 packets received, 4153 bps, 51.91%, Err 78 (1.0e-05)
1737.293 .... 3513 packets received, 4144 bps, 51.80%, Err 78 (1.0e-05)
1741.379 .... 3514 packets received, 4136 bps, 51.70%, Err 78 (1.0e-05)
1745.461 .... 3515 packets received, 4127 bps, 51.59%, Err 78 (1.0e-05)
1749.548 .... 3516 packets received, 4119 bps, 51.49%, Err 78 (1.0e-05)
1753.678 .... 3517 packets received, 4110 bps, 51.38%, Err 78 (1.0e-05)
1757.786 .... 3518 packets received, 4102 bps, 51.27%, Err 78 (1.0e-05)
1761.803 .... 3519 packets received, 4094 bps, 51.17%, Err 78 (1.0e-05)
1765.841 .... 3520 packets received, 4085 bps, 51.07%, Err 78 (1.0e-05)
1769.964 .... 3521 packets received, 4077 bps, 50.96%, Err 78 (1.0e-05)
1773.984 .... 3522 packets received, 4069 bps, 50.86%, Err 78 (1.0e-05)
1778.032 .... 3523 packets received, 4061 bps, 50.76%, Err 78 (1.0e-05)
1782.085 .... 3524 packets received, 4053 bps, 50.66%, Err 78 (1.0e-05)
1786.264 .... 3525 packets received, 4044 bps, 50.56%, Err 78 (1.0e-05)
1790.409 .... 3526 packets received, 4036 bps, 50.45%, Err 78 (1.0e-05)
1794.631 .... 3527 packets received, 4028 bps, 50.35%, Err 78 (1.0e-05)
1798.815 .... 3528 packets received, 4020 bps, 50.25%, Err 78 (1.0e-05)
1801.062 .... 3531 packets received, 4018 bps, 50.23%, Err 78 (1.0e-05)
1803.169 .... 3539 packets received, 4022 bps, 50.28%, Err 78 (1.0e-05)
1805.273 .... 3547 packets received, 4027 bps, 50.34%, Err 78 (1.0e-05)
1807.405 .... 3555 packets received, 4031 bps, 50.39%, Err 78 (1.0e-05)
1809.509 .... 3563 packets received, 4036 bps, 50.44%, Err 78 (1.0e-05)
1811.628 .... 3571 packets received, 4040 bps, 50.50%, Err 78 (1.0e-05)
1813.713 .... 3579 packets received, 4044 bps, 50.55%, Err 78 (1.0e-05)
1815.831 .... 3587 packets received, 4049 bps, 50.61%, Err 78 (9.9e-06)
1817.941 .... 3595 packets received, 4053 bps, 50.66%, Err 78 (9.9e-06)
1820.063 .... 3603 packets received, 4057 bps, 50.71%, Err 78 (9.9e-06)
1822.187 .... 3611 packets received, 4061 bps, 50.77%, Err 78 (9.9e-06)
1824.286 .... 3619 packets received, 4066 bps, 50.82%, Err 78 (9.8e-06)
1826.394 .... 3627 packets received, 4070 bps, 50.87%, Err 78 (9.8e-06)
1828.513 .... 3635 packets received, 4074 bps, 50.93%, Err 78 (9.8e-06)
1830.634 .... 3643 packets received, 4078 bps, 50.98%, Err 78 (9.8e-06)
1832.753 .... 3651 packets received, 4083 bps, 51.03%, Err 78 (9.8e-06)
1834.870 .... 3659 packets received, 4087 bps, 51.09%, Err 78 (9.7e-06)
1836.973 .... 3663 packets received, 4087 bps, 51.08%, Err 79 (9.8e-06)
1839.080 .... 3674 packets received, 4094 bps, 51.18%, Err 79 (9.8e-06)
1841.187 .... 3682 packets received, 4098 bps, 51.23%, Err 79 (9.8e-06)
1843.317 .... 3690 packets received, 4103 bps, 51.28%, Err 79 (9.8e-06)
1845.421 .... 3694 packets received, 4102 bps, 51.28%, Err 80 (9.9e-06)
1847.545 .... 3705 packets received, 4110 bps, 51.37%, Err 80 (9.9e-06)
1849.636 .... 3713 packets received, 4114 bps, 51.43%, Err 80 (9.8e-06)
1851.772 .... 3721 packets received, 4118 bps, 51.48%, Err 80 (9.8e-06)
1854.930 .... 3729 packets received, 4120 bps, 51.50%, Err 81 (9.9e-06)
1857.056 .... 3740 packets received, 4127 bps, 51.59%, Err 81 (9.9e-06)
1859.151 .... 3748 packets received, 4132 bps, 51.65%, Err 81 (9.9e-06)
1861.270 .... 3756 packets received, 4136 bps, 51.70%, Err 81 (9.9e-06)
1863.378 .... 3764 packets received, 4140 bps, 51.75%, Err 81 (9.8e-06)
1866.541 .... 3772 packets received, 4142 bps, 51.77%, Err 84 (1.0e-05)
1868.648 .... 3774 packets received, 4139 bps, 51.74%, Err 84 (1.0e-05)
1870.787 .... 3785 packets received, 4146 bps, 51.83%, Err 84 (1.0e-05)
1872.881 .... 3793 packets received, 4151 bps, 51.88%, Err 84 (1.0e-05)
1875.012 .... 3801 packets received, 4155 bps, 51.93%, Err 84 (1.0e-05)
1877.105 .... 3809 packets received, 4159 bps, 51.98%, Err 84 (1.0e-05)
1879.233 .... 3817 packets received, 4163 bps, 52.03%, Err 84 (1.0e-05)
1881.341 .... 3825 packets received, 4167 bps, 52.08%, Err 84 (1.0e-05)
1883.471 .... 3833 packets received, 4171 bps, 52.13%, Err 84 (1.0e-05)
1885.561 .... 3841 packets received, 4175 bps, 52.18%, Err 84 (1.0e-05)
1887.697 .... 3849 packets received, 4179 bps, 52.23%, Err 84 (1.0e-05)
1889.801 .... 3857 packets received, 4183 bps, 52.28%, Err 84 (9.9e-06)
1891.907 .... 3865 packets received, 4187 bps, 52.33%, Err 84 (9.9e-06)
1894.017 .... 3873 packets received, 4191 bps, 52.38%, Err 84 (9.9e-06)
1896.149 .... 3877 packets received, 4190 bps, 52.38%, Err 85 (1.0e-05)
1898.264 .... 3888 packets received, 4198 bps, 52.47%, Err 85 (1.0e-05)
1900.388 .... 3896 packets received, 4202 bps, 52.52%, Err 85 (1.0e-05)
1904.418 .... 3897 packets received, 4194 bps, 52.42%, Err 85 (1.0e-05)
1908.560 .... 3898 packets received, 4186 bps, 52.32%, Err 85 (1.0e-05)
1912.620 .... 3899 packets received, 4178 bps, 52.22%, Err 85 (1.0e-05)
1916.772 .... 3900 packets received, 4170 bps, 52.12%, Err 85 (1.0e-05)
1920.924 .... 3901 packets received, 4162 bps, 52.02%, Err 85 (1.0e-05)
1924.996 .... 3902 packets received, 4154 bps, 51.93%, Err 85 (9.9e-06)
1929.145 .... 3903 packets received, 4146 bps, 51.83%, Err 85 (9.9e-06)
1933.222 .... 3904 packets received, 4139 bps, 51.73%, Err 85 (9.9e-06)
1937.401 .... 3905 packets received, 4131 bps, 51.63%, Err 85 (9.9e-06)
1941.508 .... 3906 packets received, 4123 bps, 51.54%, Err 85 (9.9e-06)
1945.703 .... 3907 packets received, 4115 bps, 51.44%, Err 85 (9.9e-06)
1949.687 .... 3908 packets received, 4108 bps, 51.35%, Err 85 (9.9e-06)
1953.801 .... 3909 packets received, 4100 bps, 51.25%, Err 85 (9.9e-06)
1957.840 .... 3910 packets received, 4093 bps, 51.16%, Err 85 (9.9e-06)
1961.957 .... 3911 packets received, 4085 bps, 51.07%, Err 85 (9.9e-06)
1966.078 .... 3912 packets received, 4078 bps, 50.97%, Err 85 (9.9e-06)
1970.231 .... 3913 packets received, 4070 bps, 50.88%, Err 85 (9.9e-06)
1974.364 .... 3914 packets received, 4063 bps, 50.78%, Err 85 (9.9e-06)
1978.415 .... 3915 packets received, 4055 bps, 50.69%, Err 85 (9.9e-06)
1982.457 .... 3916 packets received, 4048 bps, 50.60%, Err 85 (9.9e-06)
1986.493 .... 3917 packets received, 4041 bps, 50.51%, Err 85 (9.9e-06)
1990.661 .... 3918 packets received, 4034 bps, 50.42%, Err 85 (9.9e-06)
1994.752 .... 3919 packets received, 4026 bps, 50.33%, Err 85 (9.9e-06)
1998.804 .... 3920 packets received, 4019 bps, 50.24%, Err 85 (9.9e-06)
2001.068 .... 3923 packets received, 4018 bps, 50.22%, Err 85 (9.9e-06)
2003.180 .... 3931 packets received, 4022 bps, 50.27%, Err 85 (9.9e-06)
2005.303 .... 3939 packets received, 4025 bps, 50.32%, Err 85 (9.8e-06)
2007.454 .... 3947 packets received, 4029 bps, 50.37%, Err 85 (9.8e-06)
2009.556 .... 3955 packets received, 4033 bps, 50.42%, Err 85 (9.8e-06)
2011.675 .... 3963 packets received, 4037 bps, 50.46%, Err 85 (9.8e-06)
2013.808 .... 3971 packets received, 4041 bps, 50.51%, Err 85 (9.8e-06)
2015.927 .... 3978 packets received, 4044 bps, 50.55%, Err 86 (9.9e-06)
2018.047 .... 3986 packets received, 4048 bps, 50.60%, Err 86 (9.8e-06)
2020.180 .... 3994 packets received, 4052 bps, 50.65%, Err 86 (9.8e-06)
2022.287 .... 4002 packets received, 4056 bps, 50.69%, Err 86 (9.8e-06)
2024.422 .... 4010 packets received, 4059 bps, 50.74%, Err 87 (9.9e-06)
2026.498 .... 4017 packets received, 4062 bps, 50.78%, Err 87 (9.9e-06)
2028.618 .... 4025 packets received, 4066 bps, 50.83%, Err 87 (9.9e-06)
2030.724 .... 4032 packets received, 4069 bps, 50.86%, Err 88 (1.0e-05)
2032.860 .... 4040 packets received, 4073 bps, 50.91%, Err 89 (1.0e-05)
2035.754 .... 4046 packets received, 4073 bps, 50.91%, Err 90 (1.0e-05)
2037.890 .... 4057 packets received, 4080 bps, 51.00%, Err 90 (1.0e-05)
2041.036 .... 4065 packets received, 4081 bps, 51.02%, Err 91 (1.0e-05)
2043.156 .... 4076 packets received, 4088 bps, 51.10%, Err 91 (1.0e-05)
2045.263 .... 4083 packets received, 4091 bps, 51.14%, Err 92 (1.0e-05)
2047.370 .... 4091 packets received, 4095 bps, 51.19%, Err 92 (1.0e-05)
2050.290 .... 4098 packets received, 4096 bps, 51.20%, Err 94 (1.0e-05)
2052.415 .... 4109 packets received, 4103 bps, 51.28%, Err 94 (1.0e-05)
2054.499 .... 4117 packets received, 4107 bps, 51.33%, Err 94 (1.0e-05)
2056.893 .... 4122 packets received, 4107 bps, 51.33%, Err 95 (1.1e-05)
2058.998 .... 4133 packets received, 4114 bps, 51.42%, Err 95 (1.0e-05)
2061.102 .... 4141 packets received, 4117 bps, 51.47%, Err 95 (1.0e-05)
2063.247 .... 4149 packets received, 4121 bps, 51.51%, Err 95 (1.0e-05)
2065.337 .... 4157 packets received, 4125 bps, 51.56%, Err 95 (1.0e-05)
2067.450 .... 4165 packets received, 4128 bps, 51.61%, Err 95 (1.0e-05)
2069.581 .... 4173 packets received, 4132 bps, 51.65%, Err 95 (1.0e-05)
2071.697 .... 4181 packets received, 4136 bps, 51.70%, Err 95 (1.0e-05)
2073.795 .... 4189 packets received, 4140 bps, 51.74%, Err 95 (1.0e-05)
2075.916 .... 4197 packets received, 4143 bps, 51.79%, Err 95 (1.0e-05)
2078.017 .... 4205 packets received, 4147 bps, 51.84%, Err 95 (1.0e-05)
2080.157 .... 4213 packets received, 4150 bps, 51.88%, Err 95 (1.0e-05)
2082.245 .... 4221 packets received, 4154 bps, 51.93%, Err 95 (1.0e-05)
2084.354 .... 4229 packets received, 4158 bps, 51.97%, Err 95 (1.0e-05)
2086.478 .... 4237 packets received, 4161 bps, 52.02%, Err 95 (1.0e-05)
2088.598 .... 4245 packets received, 4165 bps, 52.06%, Err 95 (1.0e-05)
2090.702 .... 4253 packets received, 4169 bps, 52.11%, Err 95 (1.0e-05)
2093.066 .... 4258 packets received, 4169 bps, 52.11%, Err 97 (1.0e-05)
2095.201 .... 4268 packets received, 4174 bps, 52.18%, Err 97 (1.0e-05)
2097.301 .... 4274 packets received, 4176 bps, 52.20%, Err 97 (1.0e-05)
2099.686 .... 4278 packets received, 4175 bps, 52.19%, Err 98 (1.0e-05)
2104.498 .... 4284 packets received, 4172 bps, 52.14%, Err 98 (1.0e-05)
2108.706 .... 4285 packets received, 4164 bps, 52.05%, Err 98 (1.0e-05)
2112.791 .... 4286 packets received, 4157 bps, 51.96%, Err 98 (1.0e-05)
2116.788 .... 4287 packets received, 4150 bps, 51.88%, Err 98 (1.0e-05)
2120.872 .... 4288 packets received, 4143 bps, 51.79%, Err 98 (1.0e-05)
2125.094 .... 4289 packets received, 4136 bps, 51.70%, Err 98 (1.0e-05)
2129.172 .... 4290 packets received, 4129 bps, 51.61%, Err 98 (1.0e-05)
2133.249 .... 4291 packets received, 4122 bps, 51.53%, Err 98 (1.0e-05)
2137.274 .... 4292 packets received, 4115 bps, 51.44%, Err 98 (1.0e-05)
2141.349 .... 4293 packets received, 4108 bps, 51.35%, Err 98 (1.0e-05)
2145.446 .... 4294 packets received, 4101 bps, 51.27%, Err 98 (1.0e-05)
2149.467 .... 4295 packets received, 4095 bps, 51.18%, Err 98 (1.0e-05)
2153.549 .... 4296 packets received, 4088 bps, 51.10%, Err 98 (1.0e-05)
2157.674 .... 4297 packets received, 4081 bps, 51.01%, Err 98 (1.0e-05)
2161.819 .... 4298 packets received, 4074 bps, 50.93%, Err 98 (1.0e-05)
2165.954 .... 4299 packets received, 4067 bps, 50.84%, Err 98 (1.0e-05)
2170.079 .... 4300 packets received, 4061 bps, 50.76%, Err 98 (1.0e-05)
2174.192 .... 4301 packets received, 4054 bps, 50.67%, Err 98 (1.0e-05)
2179.333 .... 4302 packets received, 4045 bps, 50.56%, Err 99 (1.0e-05)
2182.436 .... 4303 packets received, 4040 bps, 50.50%, Err 99 (1.0e-05)
2186.503 .... 4304 packets received, 4034 bps, 50.42%, Err 99 (1.0e-05)
2190.575 .... 4305 packets received, 4027 bps, 50.34%, Err 99 (1.0e-05)
2194.616 .... 4306 packets received, 4021 bps, 50.26%, Err 99 (1.0e-05)
2198.660 .... 4307 packets received, 4014 bps, 50.18%, Err 99 (1.0e-05)
2200.797 .... 4309 packets received, 4012 bps, 50.15%, Err 99 (1.0e-05)
2202.910 .... 4317 packets received, 4016 bps, 50.20%, Err 99 (1.0e-05)
2205.016 .... 4324 packets received, 4018 bps, 50.23%, Err 100 (1.1e-05)
2207.122 .... 4332 packets received, 4022 bps, 50.28%, Err 100 (1.1e-05)
2209.240 .... 4340 packets received, 4026 bps, 50.32%, Err 100 (1.0e-05)
2211.351 .... 4348 packets received, 4029 bps, 50.36%, Err 100 (1.0e-05)
2213.454 .... 4356 packets received, 4033 bps, 50.41%, Err 100 (1.0e-05)
2215.594 .... 4364 packets received, 4036 bps, 50.45%, Err 100 (1.0e-05)
2217.680 .... 4372 packets received, 4040 bps, 50.50%, Err 100 (1.0e-05)
2219.816 .... 4380 packets received, 4043 bps, 50.54%, Err 100 (1.0e-05)
2221.928 .... 4388 packets received, 4047 bps, 50.59%, Err 100 (1.0e-05)
2224.021 .... 4396 packets received, 4050 bps, 50.63%, Err 100 (1.0e-05)
2226.131 .... 4404 packets received, 4054 bps, 50.67%, Err 100 (1.0e-05)
2228.235 .... 4412 packets received, 4058 bps, 50.72%, Err 100 (1.0e-05)
2230.356 .... 4420 packets received, 4061 bps, 50.76%, Err 100 (1.0e-05)
2232.481 .... 4428 packets received, 4064 bps, 50.81%, Err 101 (1.0e-05)
2234.604 .... 4436 packets received, 4068 bps, 50.85%, Err 101 (1.0e-05)
2236.695 .... 4444 packets received, 4071 bps, 50.89%, Err 101 (1.0e-05)
2238.814 .... 4452 packets received, 4075 bps, 50.94%, Err 101 (1.0e-05)
2240.940 .... 4460 packets received, 4078 bps, 50.98%, Err 101 (1.0e-05)
2244.085 .... 4468 packets received, 4080 bps, 51.00%, Err 102 (1.0e-05)
2246.204 .... 4479 packets received, 4086 bps, 51.08%, Err 103 (1.0e-05)
2248.314 .... 4487 packets received, 4090 bps, 51.12%, Err 103 (1.0e-05)
2250.422 .... 4495 packets received, 4093 bps, 51.16%, Err 103 (1.0e-05)
2252.560 .... 4503 packets received, 4096 bps, 51.21%, Err 103 (1.0e-05)
2254.650 .... 4511 packets received, 4100 bps, 51.25%, Err 103 (1.0e-05)
2256.770 .... 4519 packets received, 4103 bps, 51.29%, Err 103 (1.0e-05)
2259.666 .... 4526 packets received, 4104 bps, 51.31%, Err 104 (1.0e-05)
2261.785 .... 4537 packets received, 4111 bps, 51.38%, Err 104 (1.0e-05)
2263.921 .... 4545 packets received, 4114 bps, 51.42%, Err 104 (1.0e-05)
2266.043 .... 4553 packets received, 4117 bps, 51.47%, Err 104 (1.0e-05)
2268.151 .... 4561 packets received, 4121 bps, 51.51%, Err 104 (1.0e-05)
2270.257 .... 4569 packets received, 4124 bps, 51.55%, Err 105 (1.0e-05)
2272.378 .... 4577 packets received, 4127 bps, 51.59%, Err 105 (1.0e-05)
2274.477 .... 4585 packets received, 4131 bps, 51.64%, Err 105 (1.0e-05)
2276.596 .... 4593 packets received, 4134 bps, 51.68%, Err 105 (1.0e-05)
2278.726 .... 4601 packets received, 4138 bps, 51.72%, Err 105 (1.0e-05)
2280.830 .... 4609 packets received, 4141 bps, 51.76%, Err 105 (1.0e-05)
2282.940 .... 4617 packets received, 4144 bps, 51.80%, Err 105 (1.0e-05)
2285.060 .... 4625 packets received, 4148 bps, 51.84%, Err 105 (1.0e-05)
2287.150 .... 4633 packets received, 4151 bps, 51.89%, Err 105 (1.0e-05)
2289.272 .... 4641 packets received, 4154 bps, 51.93%, Err 105 (1.0e-05)
2291.372 .... 4649 packets received, 4158 bps, 51.97%, Err 105 (1.0e-05)
2293.495 .... 4657 packets received, 4161 bps, 52.01%, Err 105 (1.0e-05)
2295.613 .... 4665 packets received, 4164 bps, 52.05%, Err 105 (1.0e-05)
2297.717 .... 4673 packets received, 4168 bps, 52.09%, Err 105 (1.0e-05)
2299.840 .... 4681 packets received, 4171 bps, 52.13%, Err 105 (1.0e-05)
2304.558 .... 4684 packets received, 4165 bps, 52.06%, Err 105 (1.0e-05)
2308.709 .... 4685 packets received, 4158 bps, 51.98%, Err 105 (1.0e-05)
2312.791 .... 4686 packets received, 4152 bps, 51.90%, Err 105 (1.0e-05)
2316.868 .... 4687 packets received, 4145 bps, 51.82%, Err 105 (1.0e-05)
2320.987 .... 4688 packets received, 4139 bps, 51.74%, Err 105 (1.0e-05)
2325.046 .... 4689 packets received, 4133 bps, 51.66%, Err 105 (1.0e-05)
2329.154 .... 4690 packets received, 4126 bps, 51.58%, Err 105 (1.0e-05)
2333.290 .... 4691 packets received, 4120 bps, 51.50%, Err 105 (1.0e-05)
2337.491 .... 4692 packets received, 4113 bps, 51.42%, Err 105 (1.0e-05)
2341.510 .... 4693 packets received, 4107 bps, 51.34%, Err 105 (1.0e-05)
2345.612 .... 4694 packets received, 4101 bps, 51.26%, Err 105 (1.0e-05)
2349.691 .... 4695 packets received, 4094 bps, 51.18%, Err 105 (1.0e-05)
2353.748 .... 4696 packets received, 4088 bps, 51.10%, Err 105 (1.0e-05)
2357.877 .... 4697 packets received, 4082 bps, 51.02%, Err 105 (1.0e-05)
2361.886 .... 4698 packets received, 4076 bps, 50.95%, Err 105 (1.0e-05)
2365.929 .... 4699 packets received, 4070 bps, 50.87%, Err 105 (1.0e-05)
2370.102 .... 4700 packets received, 4063 bps, 50.79%, Err 105 (1.0e-05)
2374.147 .... 4701 packets received, 4057 bps, 50.72%, Err 105 (1.0e-05)
2378.270 .... 4702 packets received, 4051 bps, 50.64%, Err 105 (1.0e-05)
2382.418 .... 4703 packets received, 4045 bps, 50.56%, Err 105 (1.0e-05)
2386.474 .... 4704 packets received, 4039 bps, 50.49%, Err 105 (1.0e-05)
2390.532 .... 4705 packets received, 4033 bps, 50.41%, Err 105 (1.0e-05)
2394.600 .... 4706 packets received, 4027 bps, 50.34%, Err 105 (1.0e-05)
2398.726 .... 4707 packets received, 4021 bps, 50.26%, Err 105 (1.0e-05)
2400.815 .... 4709 packets received, 4019 bps, 50.24%, Err 105 (1.0e-05)
2402.922 .... 4717 packets received, 4022 bps, 50.28%, Err 106 (1.0e-05)
2405.029 .... 4725 packets received, 4026 bps, 50.32%, Err 106 (1.0e-05)
2407.132 .... 4733 packets received, 4029 bps, 50.36%, Err 106 (1.0e-05)
2409.249 .... 4741 packets received, 4032 bps, 50.40%, Err 106 (1.0e-05)
2411.384 .... 4749 packets received, 4036 bps, 50.44%, Err 106 (1.0e-05)
2413.503 .... 4757 packets received, 4039 bps, 50.48%, Err 106 (1.0e-05)
2415.608 .... 4765 packets received, 4042 bps, 50.53%, Err 106 (1.0e-05)
2417.716 .... 4773 packets received, 4045 bps, 50.57%, Err 106 (1.0e-05)
2419.836 .... 4780 packets received, 4048 bps, 50.60%, Err 107 (1.0e-05)
2421.941 .... 4788 packets received, 4051 bps, 50.64%, Err 107 (1.0e-05)
2424.057 .... 4796 packets received, 4054 bps, 50.68%, Err 107 (1.0e-05)
2426.177 .... 4804 packets received, 4057 bps, 50.72%, Err 107 (1.0e-05)
2428.296 .... 4812 packets received, 4061 bps, 50.76%, Err 107 (1.0e-05)
2430.652 .... 4817 packets received, 4061 bps, 50.76%, Err 108 (1.0e-05)
2432.788 .... 4828 packets received, 4067 bps, 50.83%, Err 108 (1.0e-05)
2434.879 .... 4836 packets received, 4070 bps, 50.87%, Err 108 (1.0e-05)
2437.016 .... 4844 packets received, 4073 bps, 50.91%, Err 108 (1.0e-05)
2439.112 .... 4852 packets received, 4076 bps, 50.95%, Err 108 (1.0e-05)
2441.237 .... 4860 packets received, 4079 bps, 50.99%, Err 108 (1.0e-05)
2443.343 .... 4868 packets received, 4083 bps, 51.03%, Err 108 (1.0e-05)
2445.457 .... 4876 packets received, 4086 bps, 51.07%, Err 108 (1.0e-05)
2447.565 .... 4884 packets received, 4089 bps, 51.11%, Err 108 (1.0e-05)
2449.688 .... 4892 packets received, 4092 bps, 51.15%, Err 108 (1.0e-05)
2451.793 .... 4900 packets received, 4095 bps, 51.19%, Err 108 (1.0e-05)
2453.911 .... 4908 packets received, 4098 bps, 51.23%, Err 108 (1.0e-05)
2456.016 .... 4916 packets received, 4101 bps, 51.27%, Err 108 (1.0e-05)
2458.150 .... 4924 packets received, 4105 bps, 51.31%, Err 108 (1.0e-05)
2460.257 .... 4932 packets received, 4108 bps, 51.35%, Err 108 (1.0e-05)
2462.373 .... 4940 packets received, 4111 bps, 51.39%, Err 108 (1.0e-05)
2465.290 .... 4947 packets received, 4112 bps, 51.40%, Err 109 (1.0e-05)
2467.392 .... 4958 packets received, 4117 bps, 51.47%, Err 109 (1.0e-05)
2469.513 .... 4966 packets received, 4121 bps, 51.51%, Err 109 (1.0e-05)
2471.613 .... 4974 packets received, 4124 bps, 51.55%, Err 109 (1.0e-05)
2473.753 .... 4982 packets received, 4127 bps, 51.58%, Err 109 (1.0e-05)
2475.847 .... 4990 packets received, 4130 bps, 51.62%, Err 109 (1.0e-05)
2477.951 .... 4998 packets received, 4133 bps, 51.66%, Err 109 (1.0e-05)
2480.071 .... 5006 packets received, 4136 bps, 51.70%, Err 109 (1.0e-05)
2482.177 .... 5014 packets received, 4139 bps, 51.74%, Err 109 (9.9e-06)
2484.298 .... 5022 packets received, 4142 bps, 51.78%, Err 109 (9.9e-06)
2486.430 .... 5030 packets received, 4145 bps, 51.82%, Err 109 (9.9e-06)
2488.554 .... 5038 packets received, 4148 bps, 51.85%, Err 109 (9.9e-06)
2490.633 .... 5046 packets received, 4151 bps, 51.89%, Err 109 (9.9e-06)
2493.280 .... 5052 packets received, 4152 bps, 51.90%, Err 110 (1.0e-05)
2495.403 .... 5063 packets received, 4157 bps, 51.97%, Err 110 (9.9e-06)
2497.526 .... 5071 packets received, 4160 bps, 52.01%, Err 110 (9.9e-06)
2499.631 .... 5079 packets received, 4164 bps, 52.04%, Err 110 (9.9e-06)
2504.502 .... 5083 packets received, 4159 bps, 51.98%, Err 110 (9.9e-06)
2508.548 .... 5084 packets received, 4153 bps, 51.91%, Err 110 (9.9e-06)
2512.624 .... 5085 packets received, 4147 bps, 51.84%, Err 110 (9.9e-06)
2516.765 .... 5086 packets received, 4141 bps, 51.76%, Err 110 (9.9e-06)
2520.780 .... 5087 packets received, 4135 bps, 51.69%, Err 110 (9.9e-06)
2524.934 .... 5088 packets received, 4129 bps, 51.61%, Err 110 (9.9e-06)
2529.183 .... 5089 packets received, 4123 bps, 51.54%, Err 110 (9.9e-06)
2533.221 .... 5090 packets received, 4117 bps, 51.46%, Err 110 (9.9e-06)
2537.275 .... 5091 packets received, 4111 bps, 51.39%, Err 110 (9.9e-06)
2541.389 .... 5092 packets received, 4106 bps, 51.32%, Err 110 (9.9e-06)
2545.495 .... 5093 packets received, 4100 bps, 51.25%, Err 110 (9.9e-06)
2549.563 .... 5094 packets received, 4094 bps, 51.17%, Err 110 (9.9e-06)
2553.694 .... 5095 packets received, 4088 bps, 51.10%, Err 110 (9.9e-06)
2557.793 .... 5096 packets received, 4082 bps, 51.03%, Err 110 (9.9e-06)
2561.919 .... 5097 packets received, 4077 bps, 50.96%, Err 110 (9.9e-06)
2566.059 .... 5098 packets received, 4071 bps, 50.89%, Err 110 (9.9e-06)
2570.177 .... 5099 packets received, 4065 bps, 50.81%, Err 110 (9.9e-06)
2574.246 .... 5100 packets received, 4059 bps, 50.74%, Err 110 (9.9e-06)
2578.397 .... 5101 packets received, 4054 bps, 50.67%, Err 110 (9.9e-06)
2582.569 .... 5102 packets received, 4048 bps, 50.60%, Err 110 (9.9e-06)
2586.597 .... 5103 packets received, 4042 bps, 50.53%, Err 110 (9.9e-06)
2590.686 .... 5104 packets received, 4037 bps, 50.46%, Err 110 (9.9e-06)
2594.799 .... 5105 packets received, 4031 bps, 50.39%, Err 110 (9.9e-06)
2598.937 .... 5106 packets received, 4026 bps, 50.32%, Err 110 (9.8e-06)
2601.076 .... 5109 packets received, 4025 bps, 50.31%, Err 110 (9.8e-06)
2603.169 .... 5117 packets received, 4028 bps, 50.35%, Err 110 (9.8e-06)
2605.277 .... 5125 packets received, 4031 bps, 50.38%, Err 111 (9.9e-06)
2607.390 .... 5133 packets received, 4034 bps, 50.42%, Err 111 (9.9e-06)
2609.524 .... 5141 packets received, 4037 bps, 50.46%, Err 112 (1.0e-05)
2612.413 .... 5143 packets received, 4034 bps, 50.42%, Err 113 (1.0e-05)
2614.533 .... 5154 packets received, 4039 bps, 50.49%, Err 113 (1.0e-05)
2616.653 .... 5159 packets received, 4040 bps, 50.50%, Err 113 (1.0e-05)
2619.024 .... 5164 packets received, 4040 bps, 50.50%, Err 113 (1.0e-05)
2621.150 .... 5168 packets received, 4040 bps, 50.50%, Err 113 (1.0e-05)
2623.251 .... 5172 packets received, 4040 bps, 50.50%, Err 113 (1.0e-05)
2625.372 .... 5176 packets received, 4040 bps, 50.50%, Err 113 (9.9e-06)
2627.479 .... 5180 packets received, 4040 bps, 50.49%, Err 113 (9.9e-06)
2629.586 .... 5184 packets received, 4039 bps, 50.49%, Err 113 (9.9e-06)
2631.694 .... 5188 packets received, 4039 bps, 50.49%, Err 113 (9.9e-06)
2633.830 .... 5192 packets received, 4039 bps, 50.49%, Err 113 (9.9e-06)
2635.935 .... 5196 packets received, 4039 bps, 50.49%, Err 113 (9.9e-06)
2638.042 .... 5201 packets received, 4040 bps, 50.50%, Err 113 (9.8e-06)
2640.412 .... 5206 packets received, 4040 bps, 50.50%, Err 113 (9.8e-06)
2642.545 .... 5211 packets received, 4041 bps, 50.51%, Err 113 (9.8e-06)
2644.648 .... 5217 packets received, 4042 bps, 50.53%, Err 113 (9.8e-06)
2646.758 .... 5223 packets received, 4043 bps, 50.54%, Err 113 (9.8e-06)
2648.880 .... 5229 packets received, 4045 bps, 50.56%, Err 113 (9.8e-06)
2650.976 .... 5235 packets received, 4046 bps, 50.58%, Err 113 (9.8e-06)
2653.390 .... 5239 packets received, 4046 bps, 50.57%, Err 114 (9.8e-06)
2655.470 .... 5249 packets received, 4050 bps, 50.63%, Err 114 (9.8e-06)
2657.605 .... 5257 packets received, 4053 bps, 50.66%, Err 114 (9.8e-06)
2659.710 .... 5265 packets received, 4056 bps, 50.70%, Err 114 (9.8e-06)
2661.827 .... 5273 packets received, 4059 bps, 50.74%, Err 114 (9.8e-06)
2663.942 .... 5281 packets received, 4062 bps, 50.77%, Err 114 (9.8e-06)
2666.065 .... 5289 packets received, 4065 bps, 50.81%, Err 114 (9.7e-06)
2668.171 .... 5297 packets received, 4068 bps, 50.85%, Err 114 (9.7e-06)
2670.264 .... 5305 packets received, 4071 bps, 50.88%, Err 114 (9.7e-06)
2672.395 .... 5313 packets received, 4074 bps, 50.92%, Err 114 (9.7e-06)
2674.502 .... 5321 packets received, 4077 bps, 50.96%, Err 114 (9.7e-06)
2676.627 .... 5329 packets received, 4079 bps, 50.99%, Err 114 (9.7e-06)
2679.771 .... 5337 packets received, 4081 bps, 51.01%, Err 115 (9.7e-06)
2681.909 .... 5348 packets received, 4086 bps, 51.07%, Err 115 (9.7e-06)
2684.016 .... 5356 packets received, 4089 bps, 51.11%, Err 115 (9.7e-06)
2687.192 .... 5364 packets received, 4090 bps, 51.13%, Err 116 (9.8e-06)
2689.284 .... 5375 packets received, 4095 bps, 51.19%, Err 116 (9.8e-06)
2691.406 .... 5383 packets received, 4098 bps, 51.23%, Err 116 (9.7e-06)
2693.529 .... 5391 packets received, 4101 bps, 51.26%, Err 116 (9.7e-06)
2695.638 .... 5399 packets received, 4104 bps, 51.30%, Err 116 (9.7e-06)
2697.745 .... 5407 packets received, 4107 bps, 51.33%, Err 116 (9.7e-06)
2699.854 .... 5415 packets received, 4110 bps, 51.37%, Err 116 (9.7e-06)
2704.410 .... 5418 packets received, 4105 bps, 51.31%, Err 116 (9.7e-06)
2708.496 .... 5419 packets received, 4099 bps, 51.24%, Err 116 (9.7e-06)
2712.600 .... 5420 packets received, 4094 bps, 51.18%, Err 116 (9.7e-06)
2716.656 .... 5421 packets received, 4089 bps, 51.11%, Err 116 (9.7e-06)
2720.807 .... 5422 packets received, 4083 bps, 51.04%, Err 116 (9.7e-06)
2724.955 .... 5423 packets received, 4078 bps, 50.97%, Err 116 (9.7e-06)
2729.090 .... 5424 packets received, 4072 bps, 50.90%, Err 116 (9.7e-06)
2733.274 .... 5425 packets received, 4067 bps, 50.84%, Err 116 (9.7e-06)
2737.377 .... 5426 packets received, 4061 bps, 50.77%, Err 116 (9.7e-06)
2741.537 .... 5427 packets received, 4056 bps, 50.70%, Err 116 (9.7e-06)
2745.592 .... 5428 packets received, 4051 bps, 50.63%, Err 116 (9.7e-06)
2749.665 .... 5429 packets received, 4046 bps, 50.57%, Err 116 (9.7e-06)
2753.818 .... 5430 packets received, 4040 bps, 50.50%, Err 116 (9.7e-06)
2757.929 .... 5431 packets received, 4035 bps, 50.44%, Err 116 (9.7e-06)
2762.050 .... 5432 packets received, 4030 bps, 50.37%, Err 116 (9.7e-06)
2766.042 .... 5433 packets received, 4025 bps, 50.31%, Err 116 (9.7e-06)
2770.136 .... 5434 packets received, 4019 bps, 50.24%, Err 116 (9.7e-06)
2774.177 .... 5435 packets received, 4014 bps, 50.18%, Err 116 (9.7e-06)
2778.349 .... 5436 packets received, 4009 bps, 50.11%, Err 116 (9.7e-06)
2782.562 .... 5437 packets received, 4004 bps, 50.04%, Err 116 (9.7e-06)
2786.668 .... 5438 packets received, 3998 bps, 49.98%, Err 116 (9.7e-06)
2790.739 .... 5439 packets received, 3993 bps, 49.92%, Err 116 (9.6e-06)
2794.842 .... 5440 packets received, 3988 bps, 49.85%, Err 116 (9.6e-06)
2798.888 .... 5441 packets received, 3983 bps, 49.79%, Err 116 (9.6e-06)
2801.078 .... 5444 packets received, 3982 bps, 49.78%, Err 116 (9.6e-06)
2803.459 .... 5448 packets received, 3982 bps, 49.77%, Err 117 (9.7e-06)
2805.553 .... 5460 packets received, 3988 bps, 49.84%, Err 117 (9.7e-06)
2807.663 .... 5468 packets received, 3990 bps, 49.88%, Err 117 (9.7e-06)
2810.865 .... 5475 packets received, 3991 bps, 49.89%, Err 119 (9.8e-06)
2813.469 .... 5485 packets received, 3995 bps, 49.93%, Err 120 (9.9e-06)
2815.593 .... 5490 packets received, 3995 bps, 49.94%, Err 120 (9.9e-06)
2817.719 .... 5496 packets received, 3997 bps, 49.96%, Err 120 (9.9e-06)
2819.811 .... 5499 packets received, 3996 bps, 49.95%, Err 121 (9.9e-06)
2821.920 .... 5509 packets received, 4000 bps, 50.00%, Err 121 (9.9e-06)
2824.050 .... 5517 packets received, 4003 bps, 50.03%, Err 121 (9.9e-06)
2826.150 .... 5525 packets received, 4006 bps, 50.07%, Err 121 (9.9e-06)
2828.265 .... 5533 packets received, 4008 bps, 50.11%, Err 121 (9.9e-06)
2830.390 .... 5541 packets received, 4011 bps, 50.14%, Err 121 (9.9e-06)
2833.023 .... 5547 packets received, 4012 bps, 50.15%, Err 122 (9.9e-06)
2835.120 .... 5558 packets received, 4017 bps, 50.21%, Err 122 (9.9e-06)
2837.234 .... 5562 packets received, 4017 bps, 50.21%, Err 124 (1.0e-05)
2839.347 .... 5573 packets received, 4022 bps, 50.27%, Err 124 (1.0e-05)
2841.458 .... 5581 packets received, 4024 bps, 50.30%, Err 124 (1.0e-05)
2843.595 .... 5589 packets received, 4027 bps, 50.34%, Err 124 (1.0e-05)
2845.700 .... 5597 packets received, 4030 bps, 50.37%, Err 124 (1.0e-05)
2847.793 .... 5605 packets received, 4033 bps, 50.41%, Err 124 (1.0e-05)
2849.931 .... 5613 packets received, 4035 bps, 50.44%, Err 124 (1.0e-05)
2852.042 .... 5621 packets received, 4038 bps, 50.48%, Err 124 (1.0e-05)
2854.144 .... 5629 packets received, 4041 bps, 50.51%, Err 124 (1.0e-05)
2856.270 .... 5637 packets received, 4044 bps, 50.55%, Err 124 (9.9e-06)
2858.388 .... 5645 packets received, 4046 bps, 50.58%, Err 125 (1.0e-05)
2862.613 .... 5646 packets received, 4041 bps, 50.51%, Err 126 (1.0e-05)
2864.715 .... 5659 packets received, 4047 bps, 50.59%, Err 126 (1.0e-05)
2866.842 .... 5667 packets received, 4050 bps, 50.63%, Err 126 (1.0e-05)
2868.951 .... 5675 packets received, 4053 bps, 50.66%, Err 126 (1.0e-05)
2871.074 .... 5683 packets received, 4056 bps, 50.70%, Err 126 (1.0e-05)
2873.197 .... 5691 packets received, 4058 bps, 50.73%, Err 126 (1.0e-05)
2875.303 .... 5699 packets received, 4061 bps, 50.76%, Err 126 (1.0e-05)
2877.405 .... 5707 packets received, 4064 bps, 50.80%, Err 126 (1.0e-05)
2879.499 .... 5715 packets received, 4067 bps, 50.83%, Err 126 (1.0e-05)
2881.607 .... 5723 packets received, 4069 bps, 50.87%, Err 126 (9.9e-06)
2883.745 .... 5731 packets received, 4072 bps, 50.90%, Err 126 (9.9e-06)
2885.850 .... 5739 packets received, 4075 bps, 50.93%, Err 127 (1.0e-05)
2887.967 .... 5746 packets received, 4077 bps, 50.96%, Err 127 (1.0e-05)
2890.075 .... 5754 packets received, 4079 bps, 50.99%, Err 127 (1.0e-05)
2892.197 .... 5762 packets received, 4082 bps, 51.02%, Err 127 (9.9e-06)
2894.303 .... 5770 packets received, 4085 bps, 51.06%, Err 127 (9.9e-06)
2896.397 .... 5778 packets received, 4087 bps, 51.09%, Err 127 (9.9e-06)
2898.515 .... 5786 packets received, 4090 bps, 51.13%, Err 128 (1.0e-05)
2904.447 .... 5793 packets received, 4087 bps, 51.08%, Err 128 (1.0e-05)
2909.417 .... 5794 packets received, 4080 bps, 51.00%, Err 129 (1.0e-05)
2912.594 .... 5795 packets received, 4077 bps, 50.96%, Err 129 (1.0e-05)
2916.788 .... 5796 packets received, 4071 bps, 50.89%, Err 129 (1.0e-05)
2920.847 .... 5797 packets received, 4066 bps, 50.83%, Err 129 (1.0e-05)
2924.979 .... 5798 packets received, 4061 bps, 50.77%, Err 129 (1.0e-05)
2929.068 .... 5799 packets received, 4056 bps, 50.71%, Err 129 (1.0e-05)
2933.121 .... 5800 packets received, 4052 bps, 50.64%, Err 129 (1.0e-05)
2937.197 .... 5801 packets received, 4047 bps, 50.58%, Err 129 (1.0e-05)
2941.410 .... 5802 packets received, 4042 bps, 50.52%, Err 129 (1.0e-05)
2945.530 .... 5803 packets received, 4037 bps, 50.46%, Err 129 (1.0e-05)
2949.633 .... 5804 packets received, 4032 bps, 50.40%, Err 129 (1.0e-05)
2953.700 .... 5805 packets received, 4027 bps, 50.33%, Err 129 (1.0e-05)
2957.874 .... 5806 packets received, 4022 bps, 50.27%, Err 129 (1.0e-05)
2961.951 .... 5807 packets received, 4017 bps, 50.21%, Err 129 (1.0e-05)
2966.016 .... 5808 packets received, 4012 bps, 50.15%, Err 129 (1.0e-05)
2970.155 .... 5809 packets received, 4007 bps, 50.09%, Err 129 (1.0e-05)
2974.258 .... 5810 packets received, 4002 bps, 50.03%, Err 129 (1.0e-05)
2978.308 .... 5811 packets received, 3998 bps, 49.97%, Err 129 (1.0e-05)
2982.490 .... 5812 packets received, 3993 bps, 49.91%, Err 129 (1.0e-05)
2986.623 .... 5813 packets received, 3988 bps, 49.85%, Err 129 (1.0e-05)
2990.737 .... 5814 packets received, 3983 bps, 49.79%, Err 129 (1.0e-05)
2994.859 .... 5815 packets received, 3978 bps, 49.73%, Err 129 (1.0e-05)
2998.942 .... 5816 packets received, 3974 bps, 49.67%, Err 129 (1.0e-05)
3001.061 .... 5819 packets received, 3973 bps, 49.66%, Err 129 (1.0e-05)
3003.168 .... 5827 packets received, 3975 bps, 49.69%, Err 129 (1.0e-05)
3005.291 .... 5835 packets received, 3978 bps, 49.73%, Err 129 (1.0e-05)
3007.396 .... 5843 packets received, 3981 bps, 49.76%, Err 129 (1.0e-05)
3009.531 .... 5851 packets received, 3983 bps, 49.79%, Err 130 (1.0e-05)
3011.647 .... 5859 packets received, 3986 bps, 49.83%, Err 130 (1.0e-05)
3013.770 .... 5867 packets received, 3989 bps, 49.86%, Err 130 (1.0e-05)
3016.387 .... 5872 packets received, 3989 bps, 49.86%, Err 132 (1.0e-05)
3018.504 .... 5883 packets received, 3993 bps, 49.92%, Err 132 (1.0e-05)
3020.626 .... 5889 packets received, 3994 bps, 49.93%, Err 132 (1.0e-05)
3022.721 .... 5895 packets received, 3996 bps, 49.95%, Err 132 (1.0e-05)
3025.119 .... 5902 packets received, 3997 bps, 49.97%, Err 132 (1.0e-05)
3027.209 .... 5909 packets received, 3999 bps, 49.99%, Err 132 (1.0e-05)
3029.347 .... 5915 packets received, 4001 bps, 50.01%, Err 132 (1.0e-05)
3031.723 .... 5922 packets received, 4002 bps, 50.03%, Err 132 (1.0e-05)
3034.608 .... 5928 packets received, 4002 bps, 50.03%, Err 133 (1.0e-05)
3036.737 .... 5938 packets received, 4006 bps, 50.08%, Err 133 (1.0e-05)
3039.641 .... 5945 packets received, 4007 bps, 50.09%, Err 134 (1.0e-05)
3041.747 .... 5956 packets received, 4012 bps, 50.15%, Err 134 (1.0e-05)
3043.873 .... 5964 packets received, 4014 bps, 50.18%, Err 134 (1.0e-05)
3045.973 .... 5972 packets received, 4017 bps, 50.21%, Err 134 (1.0e-05)
3048.082 .... 5980 packets received, 4020 bps, 50.25%, Err 134 (1.0e-05)
3051.271 .... 5988 packets received, 4021 bps, 50.26%, Err 135 (1.0e-05)
3053.396 .... 5999 packets received, 4025 bps, 50.32%, Err 135 (1.0e-05)
3056.288 .... 6006 packets received, 4026 bps, 50.33%, Err 136 (1.0e-05)
3058.395 .... 6017 packets received, 4031 bps, 50.39%, Err 136 (1.0e-05)
3060.499 .... 6025 packets received, 4033 bps, 50.42%, Err 136 (1.0e-05)
3062.623 .... 6033 packets received, 4036 bps, 50.45%, Err 136 (1.0e-05)
3064.739 .... 6041 packets received, 4039 bps, 50.48%, Err 136 (1.0e-05)
3066.843 .... 6049 packets received, 4041 bps, 50.51%, Err 136 (1.0e-05)
3068.949 .... 6057 packets received, 4044 bps, 50.55%, Err 136 (1.0e-05)
3071.060 .... 6065 packets received, 4046 bps, 50.58%, Err 136 (1.0e-05)
3073.179 .... 6073 packets received, 4049 bps, 50.61%, Err 136 (1.0e-05)
3075.290 .... 6081 packets received, 4051 bps, 50.64%, Err 136 (1.0e-05)
3077.382 .... 6089 packets received, 4054 bps, 50.67%, Err 136 (1.0e-05)
3079.510 .... 6097 packets received, 4056 bps, 50.71%, Err 137 (1.0e-05)
3081.631 .... 6105 packets received, 4059 bps, 50.74%, Err 138 (1.0e-05)
3083.746 .... 6112 packets received, 4061 bps, 50.76%, Err 139 (1.0e-05)
3085.857 .... 6119 packets received, 4063 bps, 50.78%, Err 139 (1.0e-05)
3087.963 .... 6127 packets received, 4065 bps, 50.82%, Err 139 (1.0e-05)
3090.087 .... 6135 packets received, 4068 bps, 50.85%, Err 139 (1.0e-05)
3092.193 .... 6143 packets received, 4070 bps, 50.88%, Err 139 (1.0e-05)
3094.325 .... 6151 packets received, 4073 bps, 50.91%, Err 139 (1.0e-05)
3096.418 .... 6159 packets received, 4075 bps, 50.94%, Err 139 (1.0e-05)
3098.541 .... 6167 packets received, 4078 bps, 50.97%, Err 139 (1.0e-05)
3104.460 .... 6175 packets received, 4075 bps, 50.94%, Err 139 (1.0e-05)
3108.640 .... 6176 packets received, 4071 bps, 50.88%, Err 139 (1.0e-05)
3112.732 .... 6177 packets received, 4066 bps, 50.82%, Err 139 (1.0e-05)
3116.838 .... 6178 packets received, 4061 bps, 50.76%, Err 139 (1.0e-05)
3120.909 .... 6179 packets received, 4056 bps, 50.71%, Err 139 (1.0e-05)
3125.061 .... 6180 packets received, 4052 bps, 50.65%, Err 139 (1.0e-05)
3129.211 .... 6181 packets received, 4047 bps, 50.59%, Err 139 (1.0e-05)
3133.394 .... 6182 packets received, 4042 bps, 50.53%, Err 139 (1.0e-05)
3137.517 .... 6183 packets received, 4038 bps, 50.47%, Err 139 (1.0e-05)
3141.620 .... 6184 packets received, 4033 bps, 50.41%, Err 139 (1.0e-05)
3145.725 .... 6185 packets received, 4028 bps, 50.35%, Err 139 (1.0e-05)
3149.877 .... 6186 packets received, 4024 bps, 50.30%, Err 139 (1.0e-05)
3153.970 .... 6187 packets received, 4019 bps, 50.24%, Err 139 (1.0e-05)
3158.004 .... 6188 packets received, 4015 bps, 50.18%, Err 139 (1.0e-05)
3162.061 .... 6189 packets received, 4010 bps, 50.13%, Err 139 (1.0e-05)
3166.223 .... 6190 packets received, 4006 bps, 50.07%, Err 139 (1.0e-05)
3170.247 .... 6191 packets received, 4001 bps, 50.01%, Err 139 (1.0e-05)
3174.348 .... 6192 packets received, 3997 bps, 49.96%, Err 139 (1.0e-05)
3178.479 .... 6193 packets received, 3992 bps, 49.90%, Err 139 (1.0e-05)
3182.624 .... 6194 packets received, 3987 bps, 49.84%, Err 139 (1.0e-05)
3186.712 .... 6195 packets received, 3983 bps, 49.79%, Err 139 (1.0e-05)
3190.707 .... 6196 packets received, 3979 bps, 49.73%, Err 139 (1.0e-05)
3194.787 .... 6197 packets received, 3974 bps, 49.68%, Err 139 (1.0e-05)
3198.927 .... 6198 packets received, 3970 bps, 49.62%, Err 139 (1.0e-05)
3201.046 .... 6201 packets received, 3969 bps, 49.61%, Err 139 (1.0e-05)
3203.158 .... 6209 packets received, 3971 bps, 49.64%, Err 139 (1.0e-05)
3205.264 .... 6217 packets received, 3974 bps, 49.67%, Err 139 (1.0e-05)
3207.401 .... 6225 packets received, 3976 bps, 49.71%, Err 139 (1.0e-05)
3209.502 .... 6233 packets received, 3979 bps, 49.74%, Err 139 (1.0e-05)
3211.605 .... 6241 packets received, 3981 bps, 49.77%, Err 139 (1.0e-05)
3213.724 .... 6249 packets received, 3984 bps, 49.80%, Err 139 (1.0e-05)
3216.366 .... 6255 packets received, 3984 bps, 49.81%, Err 140 (1.0e-05)
3218.503 .... 6266 packets received, 3989 bps, 49.86%, Err 140 (1.0e-05)
3220.614 .... 6274 packets received, 3991 bps, 49.89%, Err 140 (1.0e-05)
3223.778 .... 6282 packets received, 3992 bps, 49.91%, Err 141 (1.0e-05)
3225.883 .... 6293 packets received, 3997 bps, 49.96%, Err 141 (1.0e-05)
3227.991 .... 6301 packets received, 3999 bps, 49.99%, Err 141 (1.0e-05)
3230.116 .... 6309 packets received, 4002 bps, 50.02%, Err 141 (1.0e-05)
3232.235 .... 6317 packets received, 4004 bps, 50.05%, Err 141 (1.0e-05)
3234.352 .... 6325 packets received, 4007 bps, 50.08%, Err 141 (1.0e-05)
3236.454 .... 6333 packets received, 4009 bps, 50.11%, Err 141 (1.0e-05)
3238.579 .... 6341 packets received, 4012 bps, 50.14%, Err 141 (1.0e-05)
3240.701 .... 6349 packets received, 4014 bps, 50.17%, Err 141 (1.0e-05)
3242.776 .... 6357 packets received, 4016 bps, 50.21%, Err 141 (1.0e-05)
3244.907 .... 6365 packets received, 4019 bps, 50.24%, Err 141 (1.0e-05)
3247.038 .... 6373 packets received, 4021 bps, 50.27%, Err 141 (1.0e-05)
3249.130 .... 6381 packets received, 4024 bps, 50.30%, Err 141 (1.0e-05)
3251.265 .... 6389 packets received, 4026 bps, 50.33%, Err 141 (1.0e-05)
3253.373 .... 6397 packets received, 4029 bps, 50.36%, Err 141 (9.9e-06)
3255.468 .... 6405 packets received, 4031 bps, 50.39%, Err 141 (9.9e-06)
3257.577 .... 6413 packets received, 4033 bps, 50.42%, Err 141 (9.9e-06)
3259.705 .... 6417 packets received, 4033 bps, 50.42%, Err 142 (1.0e-05)
3261.808 .... 6428 packets received, 4038 bps, 50.47%, Err 142 (1.0e-05)
3263.913 .... 6436 packets received, 4040 bps, 50.50%, Err 142 (1.0e-05)
3266.041 .... 6444 packets received, 4042 bps, 50.53%, Err 142 (9.9e-06)
3268.147 .... 6451 packets received, 4044 bps, 50.55%, Err 143 (1.0e-05)
3271.045 .... 6458 packets received, 4045 bps, 50.56%, Err 144 (1.0e-05)
3273.153 .... 6469 packets received, 4049 bps, 50.62%, Err 145 (1.0e-05)
3275.289 .... 6477 packets received, 4052 bps, 50.65%, Err 146 (1.0e-05)
3277.392 .... 6484 packets received, 4053 bps, 50.67%, Err 146 (1.0e-05)
3279.518 .... 6492 packets received, 4056 bps, 50.70%, Err 146 (1.0e-05)
3281.623 .... 6500 packets received, 4058 bps, 50.73%, Err 146 (1.0e-05)
3283.745 .... 6508 packets received, 4061 bps, 50.76%, Err 146 (1.0e-05)
3285.833 .... 6516 packets received, 4063 bps, 50.79%, Err 146 (1.0e-05)
3287.943 .... 6524 packets received, 4065 bps, 50.82%, Err 146 (1.0e-05)
3290.082 .... 6532 packets received, 4068 bps, 50.85%, Err 147 (1.0e-05)
3292.170 .... 6540 packets received, 4070 bps, 50.88%, Err 147 (1.0e-05)
3294.302 .... 6548 packets received, 4072 bps, 50.90%, Err 147 (1.0e-05)
3296.398 .... 6556 packets received, 4075 bps, 50.93%, Err 147 (1.0e-05)
3298.518 .... 6564 packets received, 4077 bps, 50.96%, Err 147 (1.0e-05)
3304.401 .... 6571 packets received, 4074 bps, 50.93%, Err 148 (1.0e-05)
3308.537 .... 6572 packets received, 4070 bps, 50.87%, Err 148 (1.0e-05)
3312.778 .... 6573 packets received, 4065 bps, 50.81%, Err 148 (1.0e-05)
3316.788 .... 6574 packets received, 4061 bps, 50.76%, Err 148 (1.0e-05)
3320.860 .... 6575 packets received, 4056 bps, 50.71%, Err 148 (1.0e-05)
3324.961 .... 6576 packets received, 4052 bps, 50.65%, Err 148 (1.0e-05)
3329.101 .... 6577 packets received, 4048 bps, 50.60%, Err 148 (1.0e-05)
3333.149 .... 6578 packets received, 4043 bps, 50.54%, Err 148 (1.0e-05)
3337.323 .... 6579 packets received, 4039 bps, 50.49%, Err 148 (1.0e-05)
3341.402 .... 6580 packets received, 4035 bps, 50.43%, Err 148 (1.0e-05)
3345.496 .... 6581 packets received, 4030 bps, 50.38%, Err 148 (1.0e-05)
3349.610 .... 6582 packets received, 4026 bps, 50.32%, Err 148 (1.0e-05)
3353.778 .... 6583 packets received, 4022 bps, 50.27%, Err 148 (1.0e-05)
3357.910 .... 6584 packets received, 4017 bps, 50.21%, Err 148 (1.0e-05)
3362.032 .... 6585 packets received, 4013 bps, 50.16%, Err 148 (1.0e-05)
3366.239 .... 6586 packets received, 4008 bps, 50.11%, Err 148 (1.0e-05)
3370.251 .... 6587 packets received, 4004 bps, 50.05%, Err 148 (1.0e-05)
3375.300 .... 6588 packets received, 3999 bps, 49.99%, Err 149 (1.0e-05)
3378.433 .... 6589 packets received, 3996 bps, 49.95%, Err 149 (1.0e-05)
3382.563 .... 6590 packets received, 3992 bps, 49.89%, Err 149 (1.0e-05)
3386.702 .... 6591 packets received, 3987 bps, 49.84%, Err 149 (1.0e-05)
3390.780 .... 6592 packets received, 3983 bps, 49.79%, Err 149 (1.0e-05)
3394.876 .... 6593 packets received, 3979 bps, 49.74%, Err 149 (1.0e-05)
3398.929 .... 6594 packets received, 3975 bps, 49.68%, Err 149 (1.0e-05)
3401.063 .... 6597 packets received, 3974 bps, 49.68%, Err 149 (1.0e-05)
3403.192 .... 6605 packets received, 3976 bps, 49.70%, Err 149 (1.0e-05)
3405.281 .... 6613 packets received, 3979 bps, 49.73%, Err 149 (1.0e-05)
3407.404 .... 6621 packets received, 3981 bps, 49.76%, Err 149 (1.0e-05)
3409.540 .... 6629 packets received, 3983 bps, 49.79%, Err 149 (1.0e-05)
3411.648 .... 6636 packets received, 3985 bps, 49.81%, Err 150 (1.0e-05)
3413.741 .... 6644 packets received, 3987 bps, 49.84%, Err 150 (1.0e-05)
3415.881 .... 6652 packets received, 3990 bps, 49.87%, Err 150 (1.0e-05)
3417.988 .... 6660 packets received, 3992 bps, 49.90%, Err 150 (1.0e-05)
3420.099 .... 6668 packets received, 3994 bps, 49.93%, Err 150 (1.0e-05)
3422.213 .... 6676 packets received, 3997 bps, 49.96%, Err 150 (1.0e-05)
3424.313 .... 6684 packets received, 3999 bps, 49.99%, Err 150 (1.0e-05)
3426.432 .... 6692 packets received, 4001 bps, 50.02%, Err 150 (1.0e-05)
3428.548 .... 6700 packets received, 4004 bps, 50.05%, Err 151 (1.0e-05)
3430.660 .... 6708 packets received, 4006 bps, 50.07%, Err 151 (1.0e-05)
3432.761 .... 6716 packets received, 4008 bps, 50.10%, Err 151 (1.0e-05)
3434.897 .... 6724 packets received, 4011 bps, 50.13%, Err 151 (1.0e-05)
3436.999 .... 6732 packets received, 4013 bps, 50.16%, Err 151 (1.0e-05)
3439.131 .... 6740 packets received, 4015 bps, 50.19%, Err 151 (1.0e-05)
3441.206 .... 6748 packets received, 4018 bps, 50.22%, Err 151 (1.0e-05)
3443.333 .... 6756 packets received, 4020 bps, 50.25%, Err 151 (1.0e-05)
3446.252 .... 6760 packets received, 4019 bps, 50.23%, Err 154 (1.0e-05)
3448.879 .... 6770 packets received, 4022 bps, 50.27%, Err 154 (1.0e-05)
3450.986 .... 6776 packets received, 4023 bps, 50.28%, Err 154 (1.0e-05)
3453.104 .... 6782 packets received, 4024 bps, 50.30%, Err 154 (1.0e-05)
3455.227 .... 6788 packets received, 4025 bps, 50.31%, Err 154 (1.0e-05)
3457.347 .... 6794 packets received, 4026 bps, 50.33%, Err 154 (1.0e-05)
3459.447 .... 6800 packets received, 4027 bps, 50.34%, Err 154 (1.0e-05)
3461.565 .... 6806 packets received, 4028 bps, 50.35%, Err 154 (1.0e-05)
3463.696 .... 6812 packets received, 4029 bps, 50.37%, Err 154 (1.0e-05)
3465.802 .... 6818 packets received, 4030 bps, 50.38%, Err 154 (1.0e-05)
3467.905 .... 6824 packets received, 4031 bps, 50.39%, Err 154 (1.0e-05)
3470.024 .... 6830 packets received, 4033 bps, 50.41%, Err 154 (1.0e-05)
3472.119 .... 6836 packets received, 4034 bps, 50.42%, Err 155 (1.0e-05)
3474.241 .... 6843 packets received, 4035 bps, 50.44%, Err 155 (1.0e-05)
3476.623 .... 6846 packets received, 4034 bps, 50.43%, Err 157 (1.0e-05)
3479.284 .... 6856 packets received, 4037 bps, 50.46%, Err 157 (1.0e-05)
3481.395 .... 6860 packets received, 4037 bps, 50.46%, Err 157 (1.0e-05)
3483.806 .... 6867 packets received, 4038 bps, 50.48%, Err 157 (1.0e-05)
3485.916 .... 6874 packets received, 4040 bps, 50.50%, Err 157 (1.0e-05)
3488.028 .... 6880 packets received, 4041 bps, 50.51%, Err 157 (1.0e-05)
3490.433 .... 6887 packets received, 4042 bps, 50.53%, Err 157 (1.0e-05)
3492.556 .... 6894 packets received, 4044 bps, 50.55%, Err 157 (1.0e-05)
3494.662 .... 6900 packets received, 4045 bps, 50.56%, Err 157 (1.0e-05)
3497.075 .... 6907 packets received, 4046 bps, 50.58%, Err 157 (1.0e-05)
3499.183 .... 6914 packets received, 4048 bps, 50.60%, Err 157 (1.0e-05)
3504.577 .... 6919 packets received, 4045 bps, 50.56%, Err 158 (1.0e-05)
3508.604 .... 6920 packets received, 4041 bps, 50.51%, Err 158 (1.0e-05)
3512.704 .... 6921 packets received, 4037 bps, 50.46%, Err 158 (1.0e-05)
3516.781 .... 6922 packets received, 4033 bps, 50.41%, Err 158 (1.0e-05)
3520.821 .... 6923 packets received, 4028 bps, 50.36%, Err 158 (1.0e-05)
3524.892 .... 6924 packets received, 4024 bps, 50.31%, Err 158 (1.0e-05)
3528.926 .... 6925 packets received, 4020 bps, 50.25%, Err 158 (1.0e-05)
3533.027 .... 6926 packets received, 4016 bps, 50.20%, Err 158 (1.0e-05)
3537.159 .... 6927 packets received, 4012 bps, 50.15%, Err 158 (1.0e-05)
3541.268 .... 6928 packets received, 4008 bps, 50.10%, Err 158 (1.0e-05)
3545.377 .... 6929 packets received, 4004 bps, 50.05%, Err 158 (1.0e-05)
3549.501 .... 6930 packets received, 4000 bps, 50.00%, Err 158 (1.0e-05)
3553.609 .... 6931 packets received, 3996 bps, 49.95%, Err 158 (1.0e-05)
3557.647 .... 6932 packets received, 3992 bps, 49.90%, Err 158 (1.0e-05)
3561.701 .... 6933 packets received, 3988 bps, 49.85%, Err 158 (1.0e-05)
3565.737 .... 6934 packets received, 3984 bps, 49.80%, Err 158 (1.0e-05)
3569.832 .... 6935 packets received, 3980 bps, 49.75%, Err 158 (1.0e-05)
3573.965 .... 6936 packets received, 3976 bps, 49.70%, Err 158 (1.0e-05)
3578.132 .... 6937 packets received, 3972 bps, 49.65%, Err 158 (1.0e-05)
3582.182 .... 6938 packets received, 3968 bps, 49.60%, Err 158 (1.0e-05)
3586.257 .... 6939 packets received, 3964 bps, 49.55%, Err 158 (1.0e-05)
3590.389 .... 6940 packets received, 3960 bps, 49.50%, Err 158 (1.0e-05)
3594.447 .... 6941 packets received, 3956 bps, 49.45%, Err 158 (1.0e-05)
3598.518 .... 6942 packets received, 3952 bps, 49.40%, Err 158 (1.0e-05)
3600.530 .... 6943 packets received, 3951 bps, 49.38%, Err 158 (1.0e-05)
3602.646 .... 6951 packets received, 3953 bps, 49.41%, Err 158 (1.0e-05)
3604.753 .... 6959 packets received, 3955 bps, 49.44%, Err 158 (1.0e-05)
3606.861 .... 6967 packets received, 3957 bps, 49.47%, Err 158 (1.0e-05)
3608.993 .... 6971 packets received, 3957 bps, 49.47%, Err 159 (1.0e-05)
3611.086 .... 6982 packets received, 3961 bps, 49.52%, Err 159 (1.0e-05)
3613.215 .... 6990 packets received, 3963 bps, 49.54%, Err 160 (1.0e-05)
3615.320 .... 6997 packets received, 3965 bps, 49.56%, Err 160 (1.0e-05)
3617.430 .... 7005 packets received, 3967 bps, 49.59%, Err 160 (1.0e-05)
3619.552 .... 7013 packets received, 3969 bps, 49.62%, Err 160 (1.0e-05)
3621.663 .... 7021 packets received, 3972 bps, 49.65%, Err 160 (1.0e-05)
3623.772 .... 7029 packets received, 3974 bps, 49.67%, Err 160 (1.0e-05)
3625.893 .... 7037 packets received, 3976 bps, 49.70%, Err 160 (1.0e-05)
3628.021 .... 7045 packets received, 3978 bps, 49.73%, Err 160 (1.0e-05)
3630.118 .... 7053 packets received, 3981 bps, 49.76%, Err 160 (1.0e-05)
3632.766 .... 7059 packets received, 3981 bps, 49.76%, Err 161 (1.0e-05)
3634.879 .... 7070 packets received, 3985 bps, 49.81%, Err 161 (1.0e-05)
3636.999 .... 7078 packets received, 3987 bps, 49.84%, Err 161 (1.0e-05)
3639.105 .... 7086 packets received, 3989 bps, 49.87%, Err 161 (1.0e-05)
3641.494 .... 7091 packets received, 3989 bps, 49.87%, Err 162 (1.0e-05)
3643.580 .... 7101 packets received, 3993 bps, 49.91%, Err 163 (1.0e-05)
3645.695 .... 7109 packets received, 3995 bps, 49.94%, Err 163 (1.0e-05)
3647.812 .... 7117 packets received, 3997 bps, 49.96%, Err 163 (1.0e-05)
3649.922 .... 7125 packets received, 3999 bps, 49.99%, Err 163 (1.0e-05)
3652.034 .... 7133 packets received, 4001 bps, 50.02%, Err 163 (1.0e-05)
3654.159 .... 7141 packets received, 4004 bps, 50.05%, Err 163 (1.0e-05)
3656.258 .... 7149 packets received, 4006 bps, 50.07%, Err 163 (1.0e-05)
3658.375 .... 7157 packets received, 4008 bps, 50.10%, Err 163 (1.0e-05)
3660.492 .... 7165 packets received, 4010 bps, 50.13%, Err 164 (1.0e-05)
3662.634 .... 7173 packets received, 4012 bps, 50.15%, Err 164 (1.0e-05)
3664.722 .... 7181 packets received, 4014 bps, 50.18%, Err 164 (1.0e-05)
3666.838 .... 7189 packets received, 4017 bps, 50.21%, Err 164 (1.0e-05)
3668.953 .... 7197 packets received, 4019 bps, 50.23%, Err 164 (1.0e-05)
3671.058 .... 7205 packets received, 4021 bps, 50.26%, Err 164 (1.0e-05)
3673.181 .... 7213 packets received, 4023 bps, 50.29%, Err 164 (1.0e-05)
3675.294 .... 7221 packets received, 4025 bps, 50.32%, Err 164 (1.0e-05)
3677.377 .... 7229 packets received, 4027 bps, 50.34%, Err 164 (1.0e-05)
3679.510 .... 7237 packets received, 4030 bps, 50.37%, Err 164 (1.0e-05)
3681.872 .... 7242 packets received, 4030 bps, 50.37%, Err 165 (1.0e-05)
3684.012 .... 7253 packets received, 4033 bps, 50.42%, Err 165 (1.0e-05)
3686.089 .... 7261 packets received, 4036 bps, 50.45%, Err 165 (1.0e-05)
3688.237 .... 7269 packets received, 4038 bps, 50.47%, Err 165 (1.0e-05)
3690.332 .... 7277 packets received, 4040 bps, 50.50%, Err 165 (1.0e-05)
3692.453 .... 7285 packets received, 4042 bps, 50.53%, Err 165 (1.0e-05)
3694.555 .... 7292 packets received, 4044 bps, 50.54%, Err 166 (1.0e-05)
3696.668 .... 7300 packets received, 4046 bps, 50.57%, Err 166 (1.0e-05)
3698.800 .... 7308 packets received, 4048 bps, 50.60%, Err 167 (1.0e-05)
3704.431 .... 7314 packets received, 4045 bps, 50.56%, Err 167 (1.0e-05)
3708.573 .... 7315 packets received, 4041 bps, 50.51%, Err 167 (1.0e-05)
3712.554 .... 7316 packets received, 4037 bps, 50.47%, Err 167 (1.0e-05)
3716.608 .... 7317 packets received, 4033 bps, 50.42%, Err 167 (1.0e-05)
3720.726 .... 7318 packets received, 4029 bps, 50.37%, Err 167 (1.0e-05)
3724.852 .... 7319 packets received, 4026 bps, 50.32%, Err 167 (1.0e-05)
3728.900 .... 7320 packets received, 4022 bps, 50.27%, Err 167 (1.0e-05)
3733.035 .... 7321 packets received, 4018 bps, 50.22%, Err 167 (1.0e-05)
3737.147 .... 7322 packets received, 4014 bps, 50.17%, Err 167 (1.0e-05)
3741.197 .... 7323 packets received, 4010 bps, 50.13%, Err 167 (1.0e-05)
3745.424 .... 7324 packets received, 4006 bps, 50.08%, Err 167 (1.0e-05)
3749.526 .... 7325 packets received, 4002 bps, 50.03%, Err 167 (1.0e-05)
3753.557 .... 7326 packets received, 3999 bps, 49.98%, Err 167 (1.0e-05)
3757.683 .... 7327 packets received, 3995 bps, 49.93%, Err 167 (1.0e-05)
3761.770 .... 7328 packets received, 3991 bps, 49.89%, Err 167 (1.0e-05)
3766.707 .... 7329 packets received, 3986 bps, 49.83%, Err 168 (1.0e-05)
3769.869 .... 7330 packets received, 3983 bps, 49.79%, Err 168 (1.0e-05)
3773.998 .... 7331 packets received, 3980 bps, 49.75%, Err 168 (1.0e-05)
3777.829 TCP disconnected.
