000.000 =============================================================
000.000                     Station A                               
000.000 -------------------------------------------------------------
000.000 Protocol.lib, version 4.0, jiangyanjun0718@bupt.edu.cn
000.000 Channel: 8000 bps, 270 ms propagation delay, bit error rate 1.0E-04
000.000 Log file "afber.log", TCP port 59149, debug mask 0x00
000.000 Station A is waiting for station B on TCP port 59149 ... Done.
000.652 New epoch: Sat May 20 17:50:05 2023
000.652 =================================================================
000.652 
000.652 Designed by Li Ruobin, build: May 20 2023  02:25:18
004.493 .... 7 packets received, 4488 bps, 56.11%, Err 4 (1.5e-04)
007.433 .... 16 packets received, 5342 bps, 66.78%, Err 8 (1.6e-04)
009.824 .... 23 packets received, 5525 bps, 69.07%, Err 9 (1.3e-04)
012.473 .... 32 packets received, 5865 bps, 73.31%, Err 10 (1.1e-04)
015.656 .... 42 packets received, 5991 bps, 74.89%, Err 12 (1.0e-04)
017.763 .... 53 packets received, 6593 bps, 82.41%, Err 13 (9.7e-05)
019.876 .... 61 packets received, 6725 bps, 84.06%, Err 14 (9.3e-05)
027.022 .... 62 packets received, 4936 bps, 61.70%, Err 23 (1.1e-04)
030.218 .... 75 packets received, 5311 bps, 66.39%, Err 25 (1.1e-04)
033.390 .... 85 packets received, 5425 bps, 67.81%, Err 27 (1.0e-04)
039.458 .... 94 packets received, 5045 bps, 63.06%, Err 34 (1.1e-04)
041.587 .... 106 packets received, 5388 bps, 67.36%, Err 34 (1.0e-04)
043.715 .... 111 packets received, 5359 bps, 66.99%, Err 34 (1.0e-04)
046.383 .... 115 packets received, 5224 bps, 65.30%, Err 37 (1.0e-04)
049.023 .... 120 packets received, 5150 bps, 64.37%, Err 41 (1.1e-04)
051.914 .... 128 packets received, 5179 bps, 64.74%, Err 43 (1.1e-04)
054.582 .... 134 packets received, 5150 bps, 64.38%, Err 45 (1.1e-04)
056.729 .... 145 packets received, 5357 bps, 66.97%, Err 45 (1.0e-04)
058.833 .... 152 packets received, 5411 bps, 67.63%, Err 46 (1.0e-04)
060.961 .... 156 packets received, 5355 bps, 66.94%, Err 47 (9.8e-05)
063.890 .... 162 packets received, 5301 bps, 66.26%, Err 51 (1.0e-04)
067.310 .... 173 packets received, 5367 bps, 67.09%, Err 57 (1.1e-04)
069.963 .... 178 packets received, 5309 bps, 66.36%, Err 60 (1.1e-04)
072.596 .... 186 packets received, 5343 bps, 66.79%, Err 62 (1.1e-04)
074.718 .... 195 packets received, 5439 bps, 67.99%, Err 63 (1.1e-04)
080.822 .... 201 packets received, 5176 bps, 64.71%, Err 67 (1.0e-04)
083.739 .... 213 packets received, 5291 bps, 66.14%, Err 68 (1.0e-04)
085.856 .... 223 packets received, 5401 bps, 67.51%, Err 69 (1.0e-04)
088.263 .... 228 packets received, 5369 bps, 67.12%, Err 73 (1.0e-04)
090.383 .... 238 packets received, 5472 bps, 68.39%, Err 73 (1.0e-04)
093.304 .... 245 packets received, 5454 bps, 68.17%, Err 74 (1.0e-04)
096.233 .... 253 packets received, 5458 bps, 68.22%, Err 76 (1.0e-04)
098.348 .... 261 packets received, 5508 bps, 68.85%, Err 77 (9.9e-05)
100.475 .... 272 packets received, 5617 bps, 70.21%, Err 77 (9.7e-05)
104.498 .... 273 packets received, 5418 bps, 67.72%, Err 77 (9.7e-05)
109.513 .... 274 packets received, 5186 bps, 64.82%, Err 78 (9.7e-05)
112.741 .... 275 packets received, 5054 bps, 63.17%, Err 78 (9.7e-05)
117.708 .... 276 packets received, 4856 bps, 60.70%, Err 79 (9.8e-05)
120.884 .... 277 packets received, 4744 bps, 59.30%, Err 79 (9.8e-05)
126.154 .... 278 packets received, 4560 bps, 57.00%, Err 80 (9.8e-05)
131.672 .... 279 packets received, 4383 bps, 54.78%, Err 81 (9.9e-05)
138.342 .... 281 packets received, 4199 bps, 52.49%, Err 82 (9.9e-05)
142.288 .... 282 packets received, 4096 bps, 51.20%, Err 83 (1.0e-04)
145.493 .... 283 packets received, 4019 bps, 50.24%, Err 83 (1.0e-04)
149.588 .... 284 packets received, 3922 bps, 49.03%, Err 83 (9.9e-05)
154.442 .... 285 packets received, 3811 bps, 47.64%, Err 84 (1.0e-04)
161.189 .... 286 packets received, 3663 bps, 45.79%, Err 86 (1.0e-04)
165.970 .... 288 packets received, 3582 bps, 44.77%, Err 86 (1.0e-04)
170.058 .... 289 packets received, 3507 bps, 43.84%, Err 87 (1.0e-04)
176.701 .... 290 packets received, 3386 bps, 42.33%, Err 88 (1.0e-04)
182.360 .... 292 packets received, 3303 bps, 41.29%, Err 88 (1.0e-04)
186.442 .... 293 packets received, 3241 bps, 40.51%, Err 88 (1.0e-04)
190.564 .... 294 packets received, 3181 bps, 39.77%, Err 88 (1.0e-04)
194.733 .... 295 packets received, 3123 bps, 39.04%, Err 88 (1.0e-04)
198.855 .... 296 packets received, 3069 bps, 38.36%, Err 88 (1.0e-04)
201.070 .... 299 packets received, 3065 bps, 38.32%, Err 88 (1.0e-04)
204.249 .... 306 packets received, 3088 bps, 38.60%, Err 90 (9.9e-05)
206.351 .... 313 packets received, 3126 bps, 39.08%, Err 91 (9.8e-05)
209.268 .... 323 packets received, 3181 bps, 39.76%, Err 93 (9.8e-05)
212.697 .... 333 packets received, 3226 bps, 40.33%, Err 97 (9.9e-05)
217.724 .... 338 packets received, 3198 bps, 39.98%, Err 102 (1.0e-04)
222.487 .... 349 packets received, 3231 bps, 40.39%, Err 106 (1.0e-04)
224.623 .... 361 packets received, 3311 bps, 41.38%, Err 108 (1.0e-04)
226.719 .... 368 packets received, 3343 bps, 41.79%, Err 109 (1.0e-04)
229.365 .... 373 packets received, 3349 bps, 41.87%, Err 112 (1.0e-04)
231.769 .... 377 packets received, 3350 bps, 41.88%, Err 114 (1.0e-04)
234.409 .... 385 packets received, 3382 bps, 42.28%, Err 117 (1.0e-04)
237.070 .... 389 packets received, 3379 bps, 42.24%, Err 120 (1.0e-04)
241.321 .... 393 packets received, 3353 bps, 41.92%, Err 123 (1.0e-04)
246.083 .... 394 packets received, 3296 bps, 41.21%, Err 127 (1.0e-04)
248.463 .... 405 packets received, 3356 bps, 41.95%, Err 129 (1.0e-04)
250.583 .... 412 packets received, 3385 bps, 42.31%, Err 130 (1.0e-04)
252.713 .... 419 packets received, 3413 bps, 42.66%, Err 131 (1.0e-04)
254.835 .... 427 packets received, 3449 bps, 43.11%, Err 132 (1.0e-04)
257.479 .... 432 packets received, 3454 bps, 43.17%, Err 135 (1.0e-04)
260.414 .... 436 packets received, 3446 bps, 43.08%, Err 137 (1.0e-04)
262.766 .... 444 packets received, 3478 bps, 43.47%, Err 137 (1.0e-04)
265.153 .... 449 packets received, 3485 bps, 43.56%, Err 140 (1.0e-04)
267.799 .... 453 packets received, 3481 bps, 43.52%, Err 142 (1.0e-04)
270.455 .... 459 packets received, 3493 bps, 43.66%, Err 147 (1.0e-04)
273.615 .... 463 packets received, 3482 bps, 43.53%, Err 151 (1.0e-04)
275.992 .... 471 packets received, 3512 bps, 43.89%, Err 153 (1.0e-04)
279.170 .... 477 packets received, 3516 bps, 43.95%, Err 157 (1.0e-04)
281.295 .... 486 packets received, 3555 bps, 44.43%, Err 158 (1.0e-04)
283.394 .... 493 packets received, 3579 bps, 44.74%, Err 159 (1.0e-04)
285.532 .... 501 packets received, 3610 bps, 45.12%, Err 159 (1.0e-04)
289.753 .... 503 packets received, 3571 bps, 44.64%, Err 164 (1.0e-04)
292.155 .... 513 packets received, 3612 bps, 45.15%, Err 166 (1.0e-04)
294.269 .... 517 packets received, 3614 bps, 45.18%, Err 168 (1.0e-04)
297.194 .... 521 packets received, 3606 bps, 45.08%, Err 169 (1.0e-04)
299.319 .... 531 packets received, 3649 bps, 45.61%, Err 169 (1.0e-04)
305.328 .... 536 packets received, 3611 bps, 45.13%, Err 173 (1.0e-04)
308.478 .... 537 packets received, 3580 bps, 44.75%, Err 173 (1.0e-04)
312.540 .... 538 packets received, 3540 bps, 44.25%, Err 173 (1.0e-04)
316.653 .... 539 packets received, 3500 bps, 43.76%, Err 173 (1.0e-04)
320.707 .... 540 packets received, 3462 bps, 43.28%, Err 173 (1.0e-04)
324.841 .... 541 packets received, 3424 bps, 42.81%, Err 173 (1.0e-04)
328.937 .... 542 packets received, 3388 bps, 42.35%, Err 173 (1.0e-04)
333.098 .... 543 packets received, 3352 bps, 41.90%, Err 173 (1.0e-04)
337.219 .... 544 packets received, 3317 bps, 41.46%, Err 173 (1.0e-04)
341.402 .... 545 packets received, 3282 bps, 41.02%, Err 173 (1.0e-04)
345.571 .... 546 packets received, 3248 bps, 40.60%, Err 173 (1.0e-04)
349.685 .... 547 packets received, 3216 bps, 40.19%, Err 173 (1.0e-04)
353.750 .... 548 packets received, 3184 bps, 39.80%, Err 173 (1.0e-04)
357.793 .... 549 packets received, 3154 bps, 39.42%, Err 173 (1.0e-04)
361.882 .... 550 packets received, 3124 bps, 39.05%, Err 173 (1.0e-04)
365.945 .... 551 packets received, 3095 bps, 38.68%, Err 173 (1.0e-04)
371.596 .... 552 packets received, 3053 bps, 38.16%, Err 175 (1.0e-04)
375.049 .... 553 packets received, 3030 bps, 37.88%, Err 176 (1.0e-04)
378.265 .... 554 packets received, 3010 bps, 37.62%, Err 176 (1.0e-04)
382.313 .... 555 packets received, 2983 bps, 37.29%, Err 176 (1.0e-04)
386.505 .... 556 packets received, 2956 bps, 36.95%, Err 176 (1.0e-04)
390.521 .... 557 packets received, 2931 bps, 36.64%, Err 176 (1.0e-04)
394.558 .... 558 packets received, 2906 bps, 36.32%, Err 176 (1.0e-04)
399.613 .... 559 packets received, 2874 bps, 35.93%, Err 177 (1.0e-04)
402.388 .... 563 packets received, 2875 bps, 35.93%, Err 180 (1.0e-04)
406.650 .... 566 packets received, 2860 bps, 35.75%, Err 186 (1.0e-04)
409.819 .... 577 packets received, 2893 bps, 36.16%, Err 189 (1.0e-04)
414.087 .... 579 packets received, 2873 bps, 35.91%, Err 197 (1.1e-04)
416.205 .... 591 packets received, 2917 bps, 36.47%, Err 198 (1.1e-04)
418.332 .... 597 packets received, 2932 bps, 36.65%, Err 202 (1.1e-04)
420.444 .... 604 packets received, 2951 bps, 36.89%, Err 204 (1.1e-04)
422.554 .... 611 packets received, 2970 bps, 37.13%, Err 205 (1.1e-04)
428.661 .... 617 packets received, 2957 bps, 36.96%, Err 213 (1.1e-04)
430.786 .... 628 packets received, 2995 bps, 37.43%, Err 215 (1.1e-04)
432.927 .... 636 packets received, 3018 bps, 37.72%, Err 215 (1.1e-04)
435.551 .... 642 packets received, 3028 bps, 37.85%, Err 216 (1.1e-04)
438.748 .... 653 packets received, 3057 bps, 38.21%, Err 217 (1.1e-04)
441.926 .... 660 packets received, 3068 bps, 38.35%, Err 219 (1.1e-04)
444.048 .... 671 packets received, 3104 bps, 38.80%, Err 220 (1.0e-04)
446.706 .... 676 packets received, 3108 bps, 38.85%, Err 221 (1.0e-04)
448.830 .... 686 packets received, 3139 bps, 39.24%, Err 222 (1.0e-04)
451.752 .... 692 packets received, 3146 bps, 39.33%, Err 223 (1.0e-04)
453.874 .... 699 packets received, 3163 bps, 39.54%, Err 226 (1.0e-04)
456.530 .... 705 packets received, 3172 bps, 39.65%, Err 228 (1.0e-04)
458.647 .... 716 packets received, 3206 bps, 40.08%, Err 230 (1.0e-04)
461.543 .... 719 packets received, 3199 bps, 39.99%, Err 233 (1.0e-04)
463.916 .... 726 packets received, 3214 bps, 40.17%, Err 233 (1.0e-04)
466.034 .... 733 packets received, 3230 bps, 40.38%, Err 233 (1.0e-04)
468.162 .... 739 packets received, 3242 bps, 40.52%, Err 233 (1.0e-04)
470.256 .... 745 packets received, 3254 bps, 40.67%, Err 235 (1.0e-04)
472.905 .... 747 packets received, 3244 bps, 40.55%, Err 238 (1.0e-04)
475.021 .... 756 packets received, 3268 bps, 40.85%, Err 239 (1.0e-04)
477.155 .... 762 packets received, 3280 bps, 40.99%, Err 241 (1.0e-04)
479.797 .... 768 packets received, 3287 bps, 41.09%, Err 243 (1.0e-04)
482.437 .... 777 packets received, 3307 bps, 41.34%, Err 244 (1.0e-04)
485.610 .... 784 packets received, 3315 bps, 41.44%, Err 246 (1.0e-04)
487.728 .... 795 packets received, 3347 bps, 41.84%, Err 246 (1.0e-04)
489.868 .... 803 packets received, 3366 bps, 42.08%, Err 246 (1.0e-04)
492.535 .... 809 packets received, 3373 bps, 42.16%, Err 247 (9.9e-05)
494.652 .... 819 packets received, 3400 bps, 42.50%, Err 249 (1.0e-04)
499.155 .... 821 packets received, 3377 bps, 42.22%, Err 255 (1.0e-04)
501.521 .... 831 packets received, 3402 bps, 42.53%, Err 256 (1.0e-04)
507.087 .... 833 packets received, 3373 bps, 42.16%, Err 257 (1.0e-04)
511.124 .... 834 packets received, 3350 bps, 41.88%, Err 257 (1.0e-04)
515.278 .... 835 packets received, 3327 bps, 41.59%, Err 257 (1.0e-04)
519.360 .... 836 packets received, 3305 bps, 41.31%, Err 257 (1.0e-04)
523.442 .... 837 packets received, 3283 bps, 41.04%, Err 257 (1.0e-04)
528.579 .... 838 packets received, 3255 bps, 40.69%, Err 259 (1.0e-04)
531.665 .... 839 packets received, 3240 bps, 40.50%, Err 259 (1.0e-04)
535.726 .... 840 packets received, 3219 bps, 40.24%, Err 259 (1.0e-04)
540.747 .... 841 packets received, 3193 bps, 39.91%, Err 260 (1.0e-04)
543.917 .... 842 packets received, 3178 bps, 39.72%, Err 260 (1.0e-04)
548.001 .... 843 packets received, 3158 bps, 39.47%, Err 260 (1.0e-04)
552.158 .... 844 packets received, 3138 bps, 39.22%, Err 260 (1.0e-04)
556.267 .... 845 packets received, 3118 bps, 38.98%, Err 260 (1.0e-04)
560.392 .... 846 packets received, 3099 bps, 38.74%, Err 260 (1.0e-04)
564.486 .... 847 packets received, 3080 bps, 38.50%, Err 260 (1.0e-04)
569.523 .... 848 packets received, 3056 bps, 38.20%, Err 261 (1.0e-04)
572.730 .... 849 packets received, 3043 bps, 38.04%, Err 261 (1.0e-04)
578.504 .... 850 packets received, 3016 bps, 37.70%, Err 262 (1.0e-04)
580.971 .... 851 packets received, 3007 bps, 37.58%, Err 262 (1.0e-04)
585.091 .... 852 packets received, 2989 bps, 37.36%, Err 262 (1.0e-04)
589.145 .... 853 packets received, 2972 bps, 37.15%, Err 262 (1.0e-04)
593.380 .... 854 packets received, 2954 bps, 36.92%, Err 262 (1.0e-04)
597.473 .... 855 packets received, 2937 bps, 36.71%, Err 262 (1.0e-04)
601.610 .... 856 packets received, 2920 bps, 36.50%, Err 264 (1.0e-04)
604.244 .... 865 packets received, 2938 bps, 36.73%, Err 265 (1.0e-04)
609.299 .... 872 packets received, 2937 bps, 36.72%, Err 269 (1.0e-04)
612.192 .... 884 packets received, 2964 bps, 37.04%, Err 272 (1.0e-04)
614.856 .... 890 packets received, 2971 bps, 37.13%, Err 275 (1.0e-04)
617.769 .... 898 packets received, 2983 bps, 37.29%, Err 277 (1.0e-04)
619.885 .... 905 packets received, 2996 bps, 37.45%, Err 278 (1.0e-04)
622.525 .... 909 packets received, 2997 bps, 37.46%, Err 280 (1.0e-04)
625.434 .... 919 packets received, 3016 bps, 37.69%, Err 284 (1.0e-04)
627.546 .... 923 packets received, 3018 bps, 37.73%, Err 285 (1.0e-04)
629.676 .... 933 packets received, 3041 bps, 38.01%, Err 287 (1.0e-04)
632.570 .... 937 packets received, 3040 bps, 38.00%, Err 290 (1.0e-04)
634.730 .... 940 packets received, 3039 bps, 37.99%, Err 292 (1.0e-04)
640.010 .... 944 packets received, 3027 bps, 37.84%, Err 297 (1.0e-04)
642.938 .... 956 packets received, 3051 bps, 38.14%, Err 299 (1.0e-04)
647.415 .... 957 packets received, 3033 bps, 37.92%, Err 301 (1.0e-04)
651.935 .... 968 packets received, 3047 bps, 38.09%, Err 304 (1.0e-04)
654.815 .... 978 packets received, 3065 bps, 38.31%, Err 306 (1.0e-04)
657.206 .... 982 packets received, 3066 bps, 38.33%, Err 308 (1.0e-04)
659.323 .... 993 packets received, 3091 bps, 38.63%, Err 309 (1.0e-04)
661.457 .... 997 packets received, 3093 bps, 38.66%, Err 310 (1.0e-04)
663.569 .... 1001 packets received, 3095 bps, 38.69%, Err 312 (1.0e-04)
665.970 .... 1006 packets received, 3100 bps, 38.75%, Err 313 (9.9e-05)
668.076 .... 1012 packets received, 3108 bps, 38.85%, Err 313 (9.9e-05)
672.596 .... 1015 packets received, 3097 bps, 38.71%, Err 322 (1.0e-04)
674.972 .... 1025 packets received, 3116 bps, 38.95%, Err 324 (1.0e-04)
677.100 .... 1031 packets received, 3124 bps, 39.06%, Err 325 (1.0e-04)
679.203 .... 1038 packets received, 3136 bps, 39.20%, Err 327 (1.0e-04)
681.586 .... 1043 packets received, 3140 bps, 39.25%, Err 329 (1.0e-04)
685.574 .... 1044 packets received, 3125 bps, 39.06%, Err 335 (1.0e-04)
687.713 .... 1055 packets received, 3148 bps, 39.35%, Err 336 (1.0e-04)
690.872 .... 1062 packets received, 3154 bps, 39.43%, Err 339 (1.0e-04)
693.794 .... 1070 packets received, 3164 bps, 39.56%, Err 342 (1.0e-04)
696.707 .... 1080 packets received, 3181 bps, 39.76%, Err 343 (1.0e-04)
698.807 .... 1083 packets received, 3180 bps, 39.75%, Err 345 (1.0e-04)
701.433 .... 1089 packets received, 3185 bps, 39.82%, Err 346 (1.0e-04)
706.923 .... 1093 packets received, 3172 bps, 39.65%, Err 349 (1.0e-04)
709.607 .... 1094 packets received, 3163 bps, 39.54%, Err 350 (1.0e-04)
712.731 .... 1095 packets received, 3152 bps, 39.40%, Err 350 (1.0e-04)
716.824 .... 1096 packets received, 3137 bps, 39.21%, Err 350 (1.0e-04)
721.779 .... 1097 packets received, 3118 bps, 38.98%, Err 351 (1.0e-04)
725.045 .... 1098 packets received, 3107 bps, 38.84%, Err 351 (1.0e-04)
729.224 .... 1099 packets received, 3092 bps, 38.65%, Err 351 (1.0e-04)
733.333 .... 1100 packets received, 3077 bps, 38.47%, Err 351 (1.0e-04)
737.452 .... 1101 packets received, 3063 bps, 38.29%, Err 351 (1.0e-04)
741.534 .... 1102 packets received, 3049 bps, 38.11%, Err 351 (1.0e-04)
746.578 .... 1103 packets received, 3031 bps, 37.89%, Err 352 (1.0e-04)
749.723 .... 1104 packets received, 3021 bps, 37.76%, Err 352 (1.0e-04)
753.804 .... 1105 packets received, 3007 bps, 37.59%, Err 352 (1.0e-04)
758.996 .... 1106 packets received, 2989 bps, 37.37%, Err 353 (1.0e-04)
761.919 .... 1107 packets received, 2981 bps, 37.26%, Err 353 (1.0e-04)
766.095 .... 1108 packets received, 2967 bps, 37.09%, Err 353 (1.0e-04)
770.127 .... 1109 packets received, 2954 bps, 36.93%, Err 353 (1.0e-04)
774.230 .... 1110 packets received, 2941 bps, 36.76%, Err 353 (1.0e-04)
778.318 .... 1111 packets received, 2928 bps, 36.60%, Err 353 (1.0e-04)
782.363 .... 1112 packets received, 2916 bps, 36.45%, Err 353 (1.0e-04)
786.620 .... 1113 packets received, 2903 bps, 36.28%, Err 354 (1.0e-04)
790.659 .... 1114 packets received, 2890 bps, 36.13%, Err 354 (1.0e-04)
794.771 .... 1115 packets received, 2878 bps, 35.97%, Err 354 (1.0e-04)
798.824 .... 1116 packets received, 2866 bps, 35.82%, Err 354 (1.0e-04)
802.129 .... 1119 packets received, 2862 bps, 35.77%, Err 356 (1.0e-04)
810.315 .... 1126 packets received, 2850 bps, 35.63%, Err 365 (1.0e-04)
812.429 .... 1137 packets received, 2871 bps, 35.88%, Err 368 (1.0e-04)
814.556 .... 1145 packets received, 2883 bps, 36.04%, Err 369 (1.0e-04)
816.674 .... 1153 packets received, 2896 bps, 36.20%, Err 369 (1.0e-04)
818.805 .... 1161 packets received, 2909 bps, 36.36%, Err 370 (1.0e-04)
820.932 .... 1168 packets received, 2918 bps, 36.48%, Err 371 (1.0e-04)
823.053 .... 1172 packets received, 2921 bps, 36.51%, Err 373 (1.0e-04)
825.152 .... 1182 packets received, 2938 bps, 36.73%, Err 373 (1.0e-04)
827.292 .... 1190 packets received, 2951 bps, 36.88%, Err 374 (1.0e-04)
829.941 .... 1196 packets received, 2956 bps, 36.95%, Err 375 (1.0e-04)
832.058 .... 1206 packets received, 2973 bps, 37.16%, Err 376 (1.0e-04)
834.701 .... 1211 packets received, 2976 bps, 37.20%, Err 378 (1.0e-04)
837.629 .... 1221 packets received, 2990 bps, 37.37%, Err 382 (1.0e-04)
844.780 .... 1223 packets received, 2969 bps, 37.12%, Err 391 (1.0e-04)
846.887 .... 1236 packets received, 2994 bps, 37.42%, Err 392 (1.0e-04)
849.560 .... 1242 packets received, 2999 bps, 37.48%, Err 394 (1.0e-04)
855.130 .... 1251 packets received, 3001 bps, 37.51%, Err 398 (1.0e-04)
857.250 .... 1263 packets received, 3022 bps, 37.77%, Err 398 (1.0e-04)
859.365 .... 1271 packets received, 3034 bps, 37.92%, Err 398 (1.0e-04)
861.486 .... 1279 packets received, 3045 bps, 38.06%, Err 399 (1.0e-04)
863.607 .... 1287 packets received, 3057 bps, 38.21%, Err 401 (1.0e-04)
865.703 .... 1291 packets received, 3059 bps, 38.23%, Err 403 (1.0e-04)
868.376 .... 1297 packets received, 3063 bps, 38.29%, Err 407 (1.0e-04)
871.019 .... 1304 packets received, 3071 bps, 38.38%, Err 414 (1.0e-04)
873.660 .... 1306 packets received, 3066 bps, 38.33%, Err 418 (1.0e-04)
875.790 .... 1311 packets received, 3070 bps, 38.38%, Err 419 (1.0e-04)
877.918 .... 1318 packets received, 3079 bps, 38.49%, Err 419 (1.0e-04)
880.282 .... 1322 packets received, 3080 bps, 38.50%, Err 420 (1.0e-04)
882.687 .... 1331 packets received, 3093 bps, 38.66%, Err 421 (1.0e-04)
884.800 .... 1340 packets received, 3106 bps, 38.83%, Err 421 (1.0e-04)
887.453 .... 1346 packets received, 3111 bps, 38.88%, Err 424 (1.0e-04)
890.095 .... 1356 packets received, 3125 bps, 39.06%, Err 427 (1.0e-04)
892.211 .... 1362 packets received, 3131 bps, 39.14%, Err 427 (1.0e-04)
895.388 .... 1368 packets received, 3134 bps, 39.17%, Err 429 (1.0e-04)
900.985 .... 1379 packets received, 3139 bps, 39.24%, Err 432 (1.0e-04)
903.973 .... 1389 packets received, 3151 bps, 39.39%, Err 433 (1.0e-04)
908.028 .... 1390 packets received, 3140 bps, 39.24%, Err 433 (1.0e-04)
912.083 .... 1391 packets received, 3128 bps, 39.10%, Err 433 (1.0e-04)
916.198 .... 1392 packets received, 3116 bps, 38.95%, Err 433 (1.0e-04)
920.364 .... 1393 packets received, 3104 bps, 38.80%, Err 433 (1.0e-04)
924.465 .... 1394 packets received, 3093 bps, 38.66%, Err 433 (1.0e-04)
928.477 .... 1395 packets received, 3081 bps, 38.52%, Err 433 (1.0e-04)
932.566 .... 1396 packets received, 3070 bps, 38.38%, Err 433 (1.0e-04)
937.498 .... 1397 packets received, 3056 bps, 38.20%, Err 434 (1.0e-04)
940.658 .... 1398 packets received, 3048 bps, 38.10%, Err 434 (1.0e-04)
944.792 .... 1399 packets received, 3037 bps, 37.96%, Err 434 (1.0e-04)
948.821 .... 1400 packets received, 3026 bps, 37.82%, Err 434 (1.0e-04)
952.873 .... 1401 packets received, 3015 bps, 37.69%, Err 434 (1.0e-04)
956.932 .... 1402 packets received, 3005 bps, 37.56%, Err 434 (1.0e-04)
961.225 .... 1403 packets received, 2993 bps, 37.42%, Err 434 (1.0e-04)
966.527 .... 1404 packets received, 2979 bps, 37.24%, Err 436 (1.0e-04)
970.487 .... 1405 packets received, 2969 bps, 37.11%, Err 438 (1.0e-04)
973.601 .... 1406 packets received, 2962 bps, 37.02%, Err 438 (1.0e-04)
977.670 .... 1407 packets received, 2951 bps, 36.89%, Err 438 (1.0e-04)
981.742 .... 1408 packets received, 2941 bps, 36.76%, Err 438 (1.0e-04)
989.135 .... 1409 packets received, 2921 bps, 36.51%, Err 440 (1.0e-04)
995.055 .... 1411 packets received, 2908 bps, 36.35%, Err 441 (1.0e-04)
999.029 .... 1412 packets received, 2898 bps, 36.23%, Err 442 (1.0e-04)
1001.606 .... 1413 packets received, 2893 bps, 36.16%, Err 444 (1.0e-04)
1004.253 .... 1418 packets received, 2896 bps, 36.19%, Err 445 (1.0e-04)
1006.388 .... 1429 packets received, 2912 bps, 36.40%, Err 445 (1.0e-04)
1009.300 .... 1434 packets received, 2914 bps, 36.42%, Err 447 (1.0e-04)
1011.407 .... 1444 packets received, 2928 bps, 36.60%, Err 447 (1.0e-04)
1013.797 .... 1448 packets received, 2929 bps, 36.61%, Err 451 (1.0e-04)
1015.923 .... 1457 packets received, 2941 bps, 36.76%, Err 451 (1.0e-04)
1019.111 .... 1460 packets received, 2938 bps, 36.72%, Err 455 (1.0e-04)
1021.226 .... 1466 packets received, 2944 bps, 36.80%, Err 457 (1.0e-04)
1023.881 .... 1471 packets received, 2946 bps, 36.83%, Err 459 (1.0e-04)
1025.981 .... 1482 packets received, 2962 bps, 37.03%, Err 460 (1.0e-04)
1029.180 .... 1485 packets received, 2959 bps, 36.98%, Err 463 (1.0e-04)
1031.830 .... 1494 packets received, 2969 bps, 37.11%, Err 466 (1.0e-04)
1033.949 .... 1498 packets received, 2971 bps, 37.14%, Err 468 (1.0e-04)
1036.083 .... 1509 packets received, 2987 bps, 37.33%, Err 468 (1.0e-04)
1043.498 .... 1511 packets received, 2969 bps, 37.12%, Err 475 (1.0e-04)
1045.605 .... 1523 packets received, 2987 bps, 37.33%, Err 477 (1.0e-04)
1048.275 .... 1529 packets received, 2991 bps, 37.39%, Err 481 (1.0e-04)
1050.374 .... 1531 packets received, 2989 bps, 37.36%, Err 484 (1.0e-04)
1052.526 .... 1541 packets received, 3002 bps, 37.53%, Err 484 (1.0e-04)
1054.632 .... 1547 packets received, 3008 bps, 37.60%, Err 485 (1.0e-04)
1056.744 .... 1553 packets received, 3013 bps, 37.67%, Err 485 (1.0e-04)
1059.676 .... 1559 packets received, 3017 bps, 37.71%, Err 487 (1.0e-04)
1062.865 .... 1567 packets received, 3023 bps, 37.79%, Err 489 (1.0e-04)
1068.695 .... 1575 packets received, 3022 bps, 37.77%, Err 494 (1.0e-04)
1070.804 .... 1587 packets received, 3039 bps, 37.99%, Err 497 (1.0e-04)
1072.924 .... 1592 packets received, 3042 bps, 38.03%, Err 498 (1.0e-04)
1077.969 .... 1595 packets received, 3034 bps, 37.92%, Err 502 (1.0e-04)
1080.082 .... 1604 packets received, 3045 bps, 38.06%, Err 504 (1.0e-04)
1083.277 .... 1610 packets received, 3047 bps, 38.09%, Err 509 (1.0e-04)
1085.917 .... 1616 packets received, 3051 bps, 38.14%, Err 510 (1.0e-04)
1088.043 .... 1628 packets received, 3068 bps, 38.35%, Err 510 (1.0e-04)
1091.242 .... 1632 packets received, 3067 bps, 38.33%, Err 515 (1.0e-04)
1093.352 .... 1636 packets received, 3068 bps, 38.35%, Err 517 (1.0e-04)
1095.462 .... 1642 packets received, 3073 bps, 38.42%, Err 518 (1.0e-04)
1097.840 .... 1649 packets received, 3080 bps, 38.50%, Err 519 (1.0e-04)
1100.240 .... 1656 packets received, 3086 bps, 38.58%, Err 520 (1.0e-04)
1104.628 .... 1658 packets received, 3078 bps, 38.47%, Err 520 (1.0e-04)
1109.566 .... 1659 packets received, 3066 bps, 38.32%, Err 521 (1.0e-04)
1112.803 .... 1660 packets received, 3059 bps, 38.23%, Err 521 (1.0e-04)
1116.896 .... 1661 packets received, 3049 bps, 38.12%, Err 521 (1.0e-04)
1121.012 .... 1662 packets received, 3040 bps, 38.00%, Err 521 (1.0e-04)
1125.108 .... 1663 packets received, 3031 bps, 37.88%, Err 521 (1.0e-04)
1132.706 .... 1664 packets received, 3012 bps, 37.65%, Err 524 (1.0e-04)
1137.528 .... 1666 packets received, 3003 bps, 37.54%, Err 524 (1.0e-04)
1141.585 .... 1667 packets received, 2994 bps, 37.42%, Err 524 (1.0e-04)
1145.667 .... 1668 packets received, 2985 bps, 37.31%, Err 524 (1.0e-04)
1149.730 .... 1669 packets received, 2976 bps, 37.20%, Err 524 (1.0e-04)
1153.742 .... 1670 packets received, 2968 bps, 37.10%, Err 524 (1.0e-04)
1157.753 .... 1671 packets received, 2959 bps, 36.99%, Err 524 (1.0e-04)
1162.920 .... 1672 packets received, 2948 bps, 36.85%, Err 526 (1.0e-04)
1165.972 .... 1673 packets received, 2942 bps, 36.77%, Err 526 (1.0e-04)
1170.042 .... 1674 packets received, 2933 bps, 36.67%, Err 526 (1.0e-04)
1176.672 .... 1675 packets received, 2919 bps, 36.48%, Err 528 (1.0e-04)
1182.353 .... 1677 packets received, 2908 bps, 36.35%, Err 528 (1.0e-04)
1186.394 .... 1678 packets received, 2900 bps, 36.25%, Err 528 (1.0e-04)
1190.526 .... 1679 packets received, 2891 bps, 36.14%, Err 528 (1.0e-04)
1194.633 .... 1680 packets received, 2883 bps, 36.04%, Err 528 (1.0e-04)
1198.675 .... 1681 packets received, 2875 bps, 35.94%, Err 528 (1.0e-04)
1200.797 .... 1683 packets received, 2874 bps, 35.92%, Err 528 (1.0e-04)
1202.938 .... 1691 packets received, 2882 bps, 36.03%, Err 528 (1.0e-04)
1205.859 .... 1698 packets received, 2887 bps, 36.09%, Err 531 (1.0e-04)
1210.090 .... 1700 packets received, 2880 bps, 36.00%, Err 536 (1.0e-04)
1215.103 .... 1710 packets received, 2885 bps, 36.07%, Err 541 (1.0e-04)
1217.524 .... 1722 packets received, 2900 bps, 36.25%, Err 543 (1.0e-04)
1220.672 .... 1728 packets received, 2902 bps, 36.28%, Err 546 (1.0e-04)
1223.072 .... 1731 packets received, 2902 bps, 36.27%, Err 548 (1.0e-04)
1225.462 .... 1739 packets received, 2909 bps, 36.37%, Err 549 (1.0e-04)
1227.573 .... 1743 packets received, 2911 bps, 36.39%, Err 551 (1.0e-04)
1229.958 .... 1750 packets received, 2917 bps, 36.46%, Err 552 (1.0e-04)
1232.086 .... 1761 packets received, 2930 bps, 36.63%, Err 553 (1.0e-04)
1235.247 .... 1763 packets received, 2926 bps, 36.58%, Err 556 (1.0e-04)
1240.257 .... 1772 packets received, 2929 bps, 36.61%, Err 559 (1.0e-04)
1242.394 .... 1784 packets received, 2944 bps, 36.80%, Err 560 (1.0e-04)
1244.518 .... 1788 packets received, 2945 bps, 36.82%, Err 563 (1.0e-04)
1247.168 .... 1796 packets received, 2952 bps, 36.90%, Err 564 (1.0e-04)
1249.271 .... 1805 packets received, 2962 bps, 37.03%, Err 564 (1.0e-04)
1251.403 .... 1809 packets received, 2964 bps, 37.05%, Err 566 (1.0e-04)
1254.578 .... 1819 packets received, 2972 bps, 37.16%, Err 569 (1.0e-04)
1259.061 .... 1820 packets received, 2963 bps, 37.04%, Err 574 (1.0e-04)
1263.573 .... 1831 packets received, 2971 bps, 37.13%, Err 577 (1.0e-04)
1265.701 .... 1842 packets received, 2984 bps, 37.29%, Err 579 (1.0e-04)
1273.672 .... 1846 packets received, 2971 bps, 37.14%, Err 586 (1.0e-04)
1275.787 .... 1860 packets received, 2989 bps, 37.36%, Err 587 (1.0e-04)
1277.900 .... 1864 packets received, 2990 bps, 37.38%, Err 589 (1.0e-04)
1282.953 .... 1871 packets received, 2990 bps, 37.37%, Err 592 (1.0e-04)
1285.050 .... 1884 packets received, 3006 bps, 37.57%, Err 594 (1.0e-04)
1287.164 .... 1891 packets received, 3012 bps, 37.65%, Err 595 (1.0e-04)
1293.005 .... 1898 packets received, 3009 bps, 37.62%, Err 600 (1.0e-04)
1295.116 .... 1909 packets received, 3022 bps, 37.77%, Err 602 (1.0e-04)
1297.248 .... 1914 packets received, 3025 bps, 37.81%, Err 602 (1.0e-04)
1299.353 .... 1920 packets received, 3029 bps, 37.87%, Err 602 (9.9e-05)
1307.102 .... 1924 packets received, 3018 bps, 37.72%, Err 603 (9.9e-05)
1312.920 .... 1926 packets received, 3007 bps, 37.59%, Err 603 (9.9e-05)
1317.927 .... 1927 packets received, 2997 bps, 37.47%, Err 604 (9.9e-05)
1321.299 .... 1928 packets received, 2991 bps, 37.39%, Err 604 (9.9e-05)
1325.422 .... 1929 packets received, 2984 bps, 37.29%, Err 604 (9.9e-05)
1329.470 .... 1930 packets received, 2976 bps, 37.20%, Err 604 (9.9e-05)
1333.531 .... 1931 packets received, 2968 bps, 37.11%, Err 604 (9.9e-05)
1337.615 .... 1932 packets received, 2961 bps, 37.01%, Err 604 (9.9e-05)
1341.708 .... 1933 packets received, 2953 bps, 36.92%, Err 604 (9.9e-05)
1346.710 .... 1934 packets received, 2944 bps, 36.80%, Err 605 (9.9e-05)
1350.006 .... 1935 packets received, 2938 bps, 36.73%, Err 606 (9.9e-05)
1354.138 .... 1936 packets received, 2931 bps, 36.64%, Err 606 (9.9e-05)
1358.280 .... 1937 packets received, 2923 bps, 36.54%, Err 606 (9.9e-05)
1362.323 .... 1938 packets received, 2916 bps, 36.45%, Err 606 (9.9e-05)
1366.443 .... 1939 packets received, 2909 bps, 36.36%, Err 606 (9.9e-05)
1370.639 .... 1940 packets received, 2901 bps, 36.27%, Err 606 (9.9e-05)
1375.772 .... 1941 packets received, 2892 bps, 36.15%, Err 607 (9.9e-05)
1379.737 .... 1942 packets received, 2885 bps, 36.07%, Err 608 (9.9e-05)
1382.981 .... 1943 packets received, 2880 bps, 36.00%, Err 608 (9.9e-05)
1390.426 .... 1944 packets received, 2866 bps, 35.83%, Err 611 (1.0e-04)
1395.266 .... 1946 packets received, 2859 bps, 35.74%, Err 611 (1.0e-04)
1399.323 .... 1947 packets received, 2852 bps, 35.65%, Err 611 (1.0e-04)
1401.343 .... 1951 packets received, 2854 bps, 35.67%, Err 611 (9.9e-05)
1405.846 .... 1953 packets received, 2848 bps, 35.60%, Err 618 (1.0e-04)
1407.971 .... 1964 packets received, 2859 bps, 35.74%, Err 621 (1.0e-04)
1410.079 .... 1969 packets received, 2862 bps, 35.78%, Err 621 (1.0e-04)
1415.644 .... 1974 packets received, 2858 bps, 35.73%, Err 625 (1.0e-04)
1420.416 .... 1982 packets received, 2860 bps, 35.75%, Err 632 (1.0e-04)
1423.343 .... 1992 packets received, 2869 bps, 35.86%, Err 633 (1.0e-04)
1426.259 .... 1997 packets received, 2870 bps, 35.88%, Err 635 (1.0e-04)
1433.673 .... 1998 packets received, 2857 bps, 35.71%, Err 641 (1.0e-04)
1435.798 .... 2010 packets received, 2870 bps, 35.87%, Err 641 (1.0e-04)
1439.242 .... 2015 packets received, 2870 bps, 35.87%, Err 646 (1.0e-04)
1441.347 .... 2020 packets received, 2873 bps, 35.91%, Err 647 (1.0e-04)
1443.467 .... 2026 packets received, 2877 bps, 35.96%, Err 649 (1.0e-04)
1446.928 .... 2029 packets received, 2874 bps, 35.93%, Err 654 (1.0e-04)
1449.847 .... 2039 packets received, 2883 bps, 36.03%, Err 656 (1.0e-04)
1451.969 .... 2041 packets received, 2881 bps, 36.02%, Err 659 (1.0e-04)
1454.068 .... 2052 packets received, 2893 bps, 36.16%, Err 660 (1.0e-04)
1456.722 .... 2057 packets received, 2895 bps, 36.18%, Err 660 (1.0e-04)
1459.630 .... 2063 packets received, 2897 bps, 36.21%, Err 664 (1.0e-04)
1461.753 .... 2072 packets received, 2906 bps, 36.32%, Err 664 (1.0e-04)
1463.864 .... 2076 packets received, 2907 bps, 36.34%, Err 665 (1.0e-04)
1465.975 .... 2086 packets received, 2917 bps, 36.46%, Err 665 (1.0e-04)
1470.474 .... 2088 packets received, 2911 bps, 36.38%, Err 668 (1.0e-04)
1472.600 .... 2099 packets received, 2922 bps, 36.52%, Err 671 (1.0e-04)
1474.721 .... 2107 packets received, 2929 bps, 36.61%, Err 671 (1.0e-04)
1476.835 .... 2115 packets received, 2936 bps, 36.69%, Err 671 (9.9e-05)
1480.015 .... 2121 packets received, 2938 bps, 36.72%, Err 674 (9.9e-05)
1483.180 .... 2128 packets received, 2941 bps, 36.76%, Err 678 (1.0e-04)
1485.284 .... 2136 packets received, 2948 bps, 36.85%, Err 679 (1.0e-04)
1487.952 .... 2138 packets received, 2945 bps, 36.82%, Err 684 (1.0e-04)
1492.175 .... 2140 packets received, 2940 bps, 36.75%, Err 688 (1.0e-04)
1494.288 .... 2149 packets received, 2948 bps, 36.85%, Err 688 (1.0e-04)
1496.425 .... 2155 packets received, 2952 bps, 36.90%, Err 689 (1.0e-04)
1498.549 .... 2161 packets received, 2956 bps, 36.95%, Err 690 (1.0e-04)
1503.130 .... 2164 packets received, 2951 bps, 36.89%, Err 695 (1.0e-04)
1508.332 .... 2169 packets received, 2948 bps, 36.84%, Err 695 (1.0e-04)
1512.426 .... 2170 packets received, 2941 bps, 36.76%, Err 695 (1.0e-04)
1516.524 .... 2171 packets received, 2934 bps, 36.68%, Err 695 (1.0e-04)
1520.606 .... 2172 packets received, 2928 bps, 36.60%, Err 695 (1.0e-04)
1524.755 .... 2173 packets received, 2921 bps, 36.51%, Err 695 (1.0e-04)
1528.815 .... 2174 packets received, 2915 bps, 36.43%, Err 696 (1.0e-04)
1532.977 .... 2175 packets received, 2908 bps, 36.35%, Err 697 (1.0e-04)
1537.979 .... 2176 packets received, 2900 bps, 36.25%, Err 698 (1.0e-04)
1541.278 .... 2177 packets received, 2895 bps, 36.19%, Err 698 (1.0e-04)
1545.521 .... 2178 packets received, 2889 bps, 36.11%, Err 698 (1.0e-04)
1550.655 .... 2179 packets received, 2880 bps, 36.00%, Err 699 (1.0e-04)
1553.693 .... 2180 packets received, 2876 bps, 35.95%, Err 699 (1.0e-04)
1557.838 .... 2181 packets received, 2870 bps, 35.87%, Err 699 (1.0e-04)
1563.342 .... 2182 packets received, 2861 bps, 35.76%, Err 700 (1.0e-04)
1566.144 .... 2183 packets received, 2857 bps, 35.71%, Err 700 (1.0e-04)
1570.333 .... 2184 packets received, 2851 bps, 35.63%, Err 700 (1.0e-04)
1574.509 .... 2185 packets received, 2844 bps, 35.56%, Err 700 (1.0e-04)
1578.581 .... 2186 packets received, 2838 bps, 35.48%, Err 700 (1.0e-04)
1582.604 .... 2187 packets received, 2832 bps, 35.41%, Err 700 (1.0e-04)
1586.730 .... 2188 packets received, 2826 bps, 35.33%, Err 700 (1.0e-04)
1590.792 .... 2189 packets received, 2820 bps, 35.26%, Err 700 (1.0e-04)
1594.879 .... 2190 packets received, 2814 bps, 35.18%, Err 700 (1.0e-04)
1599.074 .... 2191 packets received, 2808 bps, 35.10%, Err 700 (1.0e-04)
1601.336 .... 2195 packets received, 2810 bps, 35.12%, Err 700 (1.0e-04)
1609.021 .... 2197 packets received, 2799 bps, 34.98%, Err 712 (1.0e-04)
1611.131 .... 2209 packets received, 2810 bps, 35.13%, Err 713 (1.0e-04)
1613.276 .... 2216 packets received, 2815 bps, 35.19%, Err 714 (1.0e-04)
1615.356 .... 2224 packets received, 2822 bps, 35.27%, Err 714 (1.0e-04)
1617.500 .... 2231 packets received, 2827 bps, 35.34%, Err 715 (1.0e-04)
1619.602 .... 2234 packets received, 2827 bps, 35.34%, Err 717 (1.0e-04)
1622.010 .... 2242 packets received, 2833 bps, 35.41%, Err 719 (1.0e-04)
1625.200 .... 2248 packets received, 2835 bps, 35.44%, Err 723 (1.0e-04)
1627.562 .... 2254 packets received, 2839 bps, 35.48%, Err 724 (1.0e-04)
1629.681 .... 2261 packets received, 2844 bps, 35.55%, Err 725 (1.0e-04)
1632.082 .... 2268 packets received, 2848 bps, 35.60%, Err 727 (1.0e-04)
1634.210 .... 2275 packets received, 2853 bps, 35.67%, Err 727 (1.0e-04)
1636.335 .... 2281 packets received, 2857 bps, 35.71%, Err 727 (1.0e-04)
1638.453 .... 2284 packets received, 2857 bps, 35.71%, Err 728 (9.9e-05)
1641.917 .... 2290 packets received, 2859 bps, 35.73%, Err 730 (9.9e-05)
1644.013 .... 2301 packets received, 2869 bps, 35.86%, Err 732 (9.9e-05)
1646.147 .... 2304 packets received, 2869 bps, 35.86%, Err 733 (9.9e-05)
1649.060 .... 2313 packets received, 2875 bps, 35.94%, Err 736 (9.9e-05)
1654.082 .... 2315 packets received, 2869 bps, 35.86%, Err 743 (1.0e-04)
1656.206 .... 2327 packets received, 2880 bps, 36.00%, Err 745 (1.0e-04)
1658.582 .... 2331 packets received, 2881 bps, 36.01%, Err 746 (1.0e-04)
1660.968 .... 2338 packets received, 2885 bps, 36.06%, Err 752 (1.0e-04)
1664.666 .... 2346 packets received, 2888 bps, 36.11%, Err 757 (1.0e-04)
1666.795 .... 2354 packets received, 2895 bps, 36.18%, Err 758 (1.0e-04)
1668.921 .... 2362 packets received, 2901 bps, 36.26%, Err 759 (1.0e-04)
1671.035 .... 2365 packets received, 2901 bps, 36.26%, Err 762 (1.0e-04)
1673.418 .... 2369 packets received, 2902 bps, 36.27%, Err 764 (1.0e-04)
1675.794 .... 2379 packets received, 2910 bps, 36.37%, Err 765 (1.0e-04)
1677.913 .... 2382 packets received, 2910 bps, 36.37%, Err 766 (1.0e-04)
1680.032 .... 2393 packets received, 2919 bps, 36.49%, Err 766 (1.0e-04)
1683.224 .... 2400 packets received, 2922 bps, 36.53%, Err 770 (1.0e-04)
1685.598 .... 2404 packets received, 2923 bps, 36.54%, Err 771 (1.0e-04)
1687.730 .... 2413 packets received, 2930 bps, 36.63%, Err 775 (1.0e-04)
1690.118 .... 2420 packets received, 2935 bps, 36.68%, Err 776 (1.0e-04)
1695.143 .... 2423 packets received, 2930 bps, 36.62%, Err 778 (1.0e-04)
1699.660 .... 2434 packets received, 2935 bps, 36.69%, Err 784 (1.0e-04)
1702.029 .... 2442 packets received, 2941 bps, 36.76%, Err 785 (1.0e-04)
1707.696 .... 2445 packets received, 2934 bps, 36.68%, Err 785 (1.0e-04)
1711.890 .... 2446 packets received, 2928 bps, 36.61%, Err 785 (1.0e-04)
1716.024 .... 2447 packets received, 2923 bps, 36.53%, Err 785 (1.0e-04)
1720.116 .... 2448 packets received, 2917 bps, 36.46%, Err 785 (1.0e-04)
1724.195 .... 2449 packets received, 2911 bps, 36.39%, Err 785 (1.0e-04)
1728.379 .... 2450 packets received, 2905 bps, 36.32%, Err 785 (1.0e-04)
1733.478 .... 2451 packets received, 2898 bps, 36.22%, Err 786 (1.0e-04)
1736.608 .... 2452 packets received, 2894 bps, 36.17%, Err 786 (1.0e-04)
1740.693 .... 2453 packets received, 2888 bps, 36.10%, Err 786 (1.0e-04)
1744.751 .... 2454 packets received, 2883 bps, 36.03%, Err 786 (1.0e-04)
1748.951 .... 2455 packets received, 2877 bps, 35.96%, Err 786 (1.0e-04)
1753.020 .... 2456 packets received, 2871 bps, 35.89%, Err 786 (1.0e-04)
1757.126 .... 2457 packets received, 2866 bps, 35.82%, Err 786 (1.0e-04)
1761.156 .... 2458 packets received, 2860 bps, 35.76%, Err 786 (1.0e-04)
1765.346 .... 2459 packets received, 2855 bps, 35.69%, Err 787 (1.0e-04)
1769.376 .... 2460 packets received, 2849 bps, 35.62%, Err 787 (1.0e-04)
1773.529 .... 2461 packets received, 2844 bps, 35.55%, Err 787 (1.0e-04)
1777.548 .... 2462 packets received, 2839 bps, 35.48%, Err 787 (1.0e-04)
1782.597 .... 2463 packets received, 2832 bps, 35.40%, Err 788 (1.0e-04)
1786.831 .... 2464 packets received, 2826 bps, 35.33%, Err 789 (1.0e-04)
1790.780 .... 2465 packets received, 2821 bps, 35.26%, Err 790 (1.0e-04)
1793.835 .... 2466 packets received, 2817 bps, 35.22%, Err 790 (1.0e-04)
1798.046 .... 2467 packets received, 2812 bps, 35.15%, Err 790 (1.0e-04)
1800.535 .... 2468 packets received, 2809 bps, 35.12%, Err 791 (1.0e-04)
1803.445 .... 2471 packets received, 2808 bps, 35.10%, Err 794 (1.0e-04)
1805.578 .... 2482 packets received, 2817 bps, 35.22%, Err 797 (1.0e-04)
1811.686 .... 2486 packets received, 2812 bps, 35.15%, Err 802 (1.0e-04)
1813.792 .... 2498 packets received, 2823 bps, 35.28%, Err 802 (1.0e-04)
1815.909 .... 2505 packets received, 2827 bps, 35.34%, Err 803 (1.0e-04)
1818.017 .... 2512 packets received, 2832 bps, 35.40%, Err 805 (1.0e-04)
1820.143 .... 2519 packets received, 2836 bps, 35.45%, Err 807 (1.0e-04)
1824.652 .... 2520 packets received, 2830 bps, 35.38%, Err 811 (1.0e-04)
1826.784 .... 2531 packets received, 2840 bps, 35.49%, Err 812 (1.0e-04)
1828.893 .... 2537 packets received, 2843 bps, 35.54%, Err 813 (1.0e-04)
1831.021 .... 2543 packets received, 2846 bps, 35.58%, Err 814 (1.0e-04)
1833.152 .... 2550 packets received, 2851 bps, 35.64%, Err 814 (1.0e-04)
1835.258 .... 2552 packets received, 2850 bps, 35.62%, Err 817 (1.0e-04)
1838.453 .... 2557 packets received, 2850 bps, 35.63%, Err 821 (1.0e-04)
1841.896 .... 2564 packets received, 2853 bps, 35.66%, Err 826 (1.0e-04)
1844.816 .... 2572 packets received, 2857 bps, 35.72%, Err 828 (1.0e-04)
1846.931 .... 2584 packets received, 2867 bps, 35.84%, Err 828 (1.0e-04)
1850.107 .... 2590 packets received, 2869 bps, 35.86%, Err 830 (1.0e-04)
1855.662 .... 2600 packets received, 2871 bps, 35.89%, Err 836 (1.0e-04)
1857.775 .... 2607 packets received, 2876 bps, 35.95%, Err 837 (1.0e-04)
1859.916 .... 2613 packets received, 2879 bps, 35.99%, Err 837 (1.0e-04)
1862.842 .... 2618 packets received, 2880 bps, 36.00%, Err 840 (1.0e-04)
1866.275 .... 2625 packets received, 2883 bps, 36.03%, Err 845 (1.0e-04)
1870.812 .... 2630 packets received, 2881 bps, 36.01%, Err 848 (1.0e-04)
1872.933 .... 2641 packets received, 2890 bps, 36.12%, Err 850 (1.0e-04)
1875.061 .... 2649 packets received, 2895 bps, 36.19%, Err 851 (1.0e-04)
1880.352 .... 2652 packets received, 2890 bps, 36.13%, Err 854 (1.0e-04)
1882.480 .... 2664 packets received, 2900 bps, 36.25%, Err 857 (1.0e-04)
1884.613 .... 2671 packets received, 2905 bps, 36.31%, Err 857 (1.0e-04)
1887.527 .... 2674 packets received, 2903 bps, 36.29%, Err 861 (1.0e-04)
1890.155 .... 2681 packets received, 2907 bps, 36.34%, Err 864 (1.0e-04)
1893.073 .... 2689 packets received, 2911 bps, 36.39%, Err 865 (1.0e-04)
1895.201 .... 2695 packets received, 2914 bps, 36.43%, Err 867 (1.0e-04)
1898.100 .... 2706 packets received, 2922 bps, 36.52%, Err 868 (1.0e-04)
1900.210 .... 2717 packets received, 2930 bps, 36.63%, Err 870 (1.0e-04)
1904.544 .... 2719 packets received, 2926 bps, 36.57%, Err 871 (1.0e-04)
1908.713 .... 2720 packets received, 2920 bps, 36.51%, Err 872 (1.0e-04)
1912.819 .... 2721 packets received, 2915 bps, 36.44%, Err 872 (1.0e-04)
1916.872 .... 2722 packets received, 2910 bps, 36.38%, Err 872 (1.0e-04)
1920.900 .... 2723 packets received, 2905 bps, 36.31%, Err 872 (1.0e-04)
1925.836 .... 2724 packets received, 2899 bps, 36.23%, Err 874 (1.0e-04)
1929.077 .... 2725 packets received, 2895 bps, 36.19%, Err 874 (1.0e-04)
1933.110 .... 2726 packets received, 2890 bps, 36.12%, Err 874 (1.0e-04)
1937.285 .... 2727 packets received, 2885 bps, 36.06%, Err 874 (1.0e-04)
1941.471 .... 2728 packets received, 2880 bps, 36.00%, Err 874 (1.0e-04)
1945.598 .... 2729 packets received, 2875 bps, 35.93%, Err 874 (1.0e-04)
1950.616 .... 2730 packets received, 2868 bps, 35.85%, Err 875 (1.0e-04)
1953.772 .... 2731 packets received, 2865 bps, 35.81%, Err 875 (1.0e-04)
1957.893 .... 2732 packets received, 2860 bps, 35.75%, Err 875 (1.0e-04)
1961.975 .... 2733 packets received, 2855 bps, 35.68%, Err 875 (1.0e-04)
1966.998 .... 2734 packets received, 2848 bps, 35.61%, Err 876 (1.0e-04)
1970.202 .... 2735 packets received, 2845 bps, 35.56%, Err 876 (1.0e-04)
1974.327 .... 2736 packets received, 2840 bps, 35.50%, Err 876 (1.0e-04)
1979.420 .... 2737 packets received, 2834 bps, 35.42%, Err 877 (1.0e-04)
1982.526 .... 2738 packets received, 2830 bps, 35.38%, Err 877 (1.0e-04)
1986.577 .... 2739 packets received, 2826 bps, 35.32%, Err 877 (1.0e-04)
1990.713 .... 2740 packets received, 2821 bps, 35.26%, Err 877 (1.0e-04)
1995.811 .... 2741 packets received, 2815 bps, 35.18%, Err 878 (1.0e-04)
1998.899 .... 2742 packets received, 2811 bps, 35.14%, Err 879 (1.0e-04)
2002.398 .... 2745 packets received, 2809 bps, 35.12%, Err 881 (1.0e-04)
2005.836 .... 2753 packets received, 2813 bps, 35.16%, Err 885 (1.0e-04)
2008.761 .... 2763 packets received, 2819 bps, 35.23%, Err 886 (1.0e-04)
2011.678 .... 2769 packets received, 2821 bps, 35.26%, Err 887 (1.0e-04)
2015.390 .... 2777 packets received, 2824 bps, 35.30%, Err 890 (1.0e-04)
2017.500 .... 2787 packets received, 2831 bps, 35.39%, Err 891 (1.0e-04)
2019.642 .... 2789 packets received, 2830 bps, 35.37%, Err 894 (1.0e-04)
2025.751 .... 2798 packets received, 2831 bps, 35.38%, Err 899 (1.0e-04)
2027.069 TCP disconnected.
