000.000 =============================================================
000.000                     Station A                               
000.000 -------------------------------------------------------------
000.000 Protocol.lib, version 4.0, jiangyanjun0718@bupt.edu.cn
000.000 Channel: 8000 bps, 270 ms propagation delay, bit error rate 0
000.000 Log file "afu.log", TCP port 59147, debug mask 0x00
000.000 Station A is waiting for station B on TCP port 59147 ... Done.
000.906 New epoch: Sat May 20 17:50:41 2023
000.906 =================================================================
000.906 
000.906 Designed by Li Ruobin, build: May 20 2023  02:25:18
003.292 .... 8 packets received, 7750 bps, 96.88%, Err 0 (0.0e+00)
005.404 .... 16 packets received, 7754 bps, 96.92%, Err 0 (0.0e+00)
007.532 .... 24 packets received, 7736 bps, 96.69%, Err 0 (0.0e+00)
009.622 .... 32 packets received, 7761 bps, 97.02%, Err 0 (0.0e+00)
011.733 .... 40 packets received, 7761 bps, 97.02%, Err 0 (0.0e+00)
013.845 .... 48 packets received, 7761 bps, 97.01%, Err 0 (0.0e+00)
015.983 .... 56 packets received, 7747 bps, 96.83%, Err 0 (0.0e+00)
018.082 .... 64 packets received, 7754 bps, 96.92%, Err 0 (0.0e+00)
020.178 .... 72 packets received, 7761 bps, 97.01%, Err 0 (0.0e+00)
022.299 .... 80 packets received, 7757 bps, 96.97%, Err 0 (0.0e+00)
024.411 .... 88 packets received, 7757 bps, 96.97%, Err 0 (0.0e+00)
026.524 .... 96 packets received, 7757 bps, 96.96%, Err 0 (0.0e+00)
028.644 .... 104 packets received, 7755 bps, 96.93%, Err 0 (0.0e+00)
030.758 .... 112 packets received, 7754 bps, 96.93%, Err 0 (0.0e+00)
032.862 .... 120 packets received, 7757 bps, 96.96%, Err 0 (0.0e+00)
034.994 .... 128 packets received, 7752 bps, 96.90%, Err 0 (0.0e+00)
037.085 .... 136 packets received, 7757 bps, 96.96%, Err 0 (0.0e+00)
039.212 .... 144 packets received, 7754 bps, 96.92%, Err 0 (0.0e+00)
041.304 .... 152 packets received, 7758 bps, 96.97%, Err 0 (0.0e+00)
043.435 .... 160 packets received, 7754 bps, 96.93%, Err 0 (0.0e+00)
045.533 .... 168 packets received, 7757 bps, 96.96%, Err 0 (0.0e+00)
047.640 .... 176 packets received, 7758 bps, 96.97%, Err 0 (0.0e+00)
049.774 .... 184 packets received, 7754 bps, 96.93%, Err 0 (0.0e+00)
051.877 .... 192 packets received, 7756 bps, 96.95%, Err 0 (0.0e+00)
053.971 .... 200 packets received, 7759 bps, 96.98%, Err 0 (0.0e+00)
056.090 .... 208 packets received, 7758 bps, 96.97%, Err 0 (0.0e+00)
058.196 .... 216 packets received, 7758 bps, 96.98%, Err 0 (0.0e+00)
060.330 .... 224 packets received, 7755 bps, 96.94%, Err 0 (0.0e+00)
062.437 .... 232 packets received, 7756 bps, 96.95%, Err 0 (0.0e+00)
064.549 .... 240 packets received, 7756 bps, 96.95%, Err 0 (0.0e+00)
066.659 .... 248 packets received, 7757 bps, 96.96%, Err 0 (0.0e+00)
068.773 .... 256 packets received, 7756 bps, 96.95%, Err 0 (0.0e+00)
070.880 .... 264 packets received, 7757 bps, 96.96%, Err 0 (0.0e+00)
073.004 .... 272 packets received, 7756 bps, 96.95%, Err 0 (0.0e+00)
075.103 .... 280 packets received, 7757 bps, 96.96%, Err 0 (0.0e+00)
077.220 .... 288 packets received, 7757 bps, 96.96%, Err 0 (0.0e+00)
079.332 .... 296 packets received, 7757 bps, 96.96%, Err 0 (0.0e+00)
081.430 .... 304 packets received, 7758 bps, 96.97%, Err 0 (0.0e+00)
083.554 .... 312 packets received, 7757 bps, 96.96%, Err 0 (0.0e+00)
085.657 .... 320 packets received, 7758 bps, 96.97%, Err 0 (0.0e+00)
087.772 .... 328 packets received, 7757 bps, 96.97%, Err 0 (0.0e+00)
089.896 .... 336 packets received, 7756 bps, 96.95%, Err 0 (0.0e+00)
092.002 .... 344 packets received, 7757 bps, 96.96%, Err 0 (0.0e+00)
094.103 .... 352 packets received, 7758 bps, 96.97%, Err 0 (0.0e+00)
096.221 .... 360 packets received, 7757 bps, 96.97%, Err 0 (0.0e+00)
098.328 .... 368 packets received, 7758 bps, 96.97%, Err 0 (0.0e+00)
100.444 .... 376 packets received, 7757 bps, 96.97%, Err 0 (0.0e+00)
102.572 .... 384 packets received, 7756 bps, 96.95%, Err 0 (0.0e+00)
104.687 .... 392 packets received, 7756 bps, 96.95%, Err 0 (0.0e+00)
106.781 .... 400 packets received, 7757 bps, 96.97%, Err 0 (0.0e+00)
108.887 .... 408 packets received, 7758 bps, 96.97%, Err 0 (0.0e+00)
110.997 .... 416 packets received, 7758 bps, 96.97%, Err 0 (0.0e+00)
113.136 .... 424 packets received, 7756 bps, 96.95%, Err 0 (0.0e+00)
115.247 .... 432 packets received, 7756 bps, 96.95%, Err 0 (0.0e+00)
117.335 .... 440 packets received, 7758 bps, 96.97%, Err 0 (0.0e+00)
119.449 .... 448 packets received, 7758 bps, 96.97%, Err 0 (0.0e+00)
121.576 .... 456 packets received, 7757 bps, 96.96%, Err 0 (0.0e+00)
123.680 .... 464 packets received, 7757 bps, 96.96%, Err 0 (0.0e+00)
125.788 .... 472 packets received, 7757 bps, 96.97%, Err 0 (0.0e+00)
127.907 .... 480 packets received, 7757 bps, 96.96%, Err 0 (0.0e+00)
130.019 .... 488 packets received, 7757 bps, 96.96%, Err 0 (0.0e+00)
132.123 .... 496 packets received, 7758 bps, 96.97%, Err 0 (0.0e+00)
134.250 .... 504 packets received, 7757 bps, 96.96%, Err 0 (0.0e+00)
136.364 .... 512 packets received, 7757 bps, 96.96%, Err 0 (0.0e+00)
138.456 .... 520 packets received, 7758 bps, 96.97%, Err 0 (0.0e+00)
140.588 .... 528 packets received, 7757 bps, 96.96%, Err 0 (0.0e+00)
142.687 .... 536 packets received, 7757 bps, 96.97%, Err 0 (0.0e+00)
144.811 .... 544 packets received, 7757 bps, 96.96%, Err 0 (0.0e+00)
146.910 .... 552 packets received, 7757 bps, 96.97%, Err 0 (0.0e+00)
149.023 .... 560 packets received, 7757 bps, 96.97%, Err 0 (0.0e+00)
151.144 .... 568 packets received, 7757 bps, 96.96%, Err 0 (0.0e+00)
153.254 .... 576 packets received, 7757 bps, 96.96%, Err 0 (0.0e+00)
155.352 .... 584 packets received, 7758 bps, 96.97%, Err 0 (0.0e+00)
157.482 .... 592 packets received, 7757 bps, 96.96%, Err 0 (0.0e+00)
159.590 .... 600 packets received, 7757 bps, 96.96%, Err 0 (0.0e+00)
161.697 .... 608 packets received, 7757 bps, 96.97%, Err 0 (0.0e+00)
163.816 .... 616 packets received, 7757 bps, 96.96%, Err 0 (0.0e+00)
165.920 .... 624 packets received, 7757 bps, 96.97%, Err 0 (0.0e+00)
168.024 .... 632 packets received, 7758 bps, 96.97%, Err 0 (0.0e+00)
170.138 .... 640 packets received, 7758 bps, 96.97%, Err 0 (0.0e+00)
172.267 .... 648 packets received, 7757 bps, 96.96%, Err 0 (0.0e+00)
174.373 .... 656 packets received, 7757 bps, 96.96%, Err 0 (0.0e+00)
176.489 .... 664 packets received, 7757 bps, 96.96%, Err 0 (0.0e+00)
178.579 .... 672 packets received, 7758 bps, 96.97%, Err 0 (0.0e+00)
180.711 .... 680 packets received, 7757 bps, 96.96%, Err 0 (0.0e+00)
182.809 .... 688 packets received, 7758 bps, 96.97%, Err 0 (0.0e+00)
184.929 .... 696 packets received, 7757 bps, 96.97%, Err 0 (0.0e+00)
187.033 .... 704 packets received, 7758 bps, 96.97%, Err 0 (0.0e+00)
189.143 .... 712 packets received, 7758 bps, 96.97%, Err 0 (0.0e+00)
191.253 .... 720 packets received, 7758 bps, 96.97%, Err 0 (0.0e+00)
193.385 .... 728 packets received, 7757 bps, 96.96%, Err 0 (0.0e+00)
195.490 .... 736 packets received, 7757 bps, 96.97%, Err 0 (0.0e+00)
197.609 .... 744 packets received, 7757 bps, 96.96%, Err 0 (0.0e+00)
199.702 .... 752 packets received, 7758 bps, 96.97%, Err 0 (0.0e+00)
201.831 .... 760 packets received, 7757 bps, 96.96%, Err 0 (0.0e+00)
203.935 .... 768 packets received, 7757 bps, 96.97%, Err 0 (0.0e+00)
206.044 .... 776 packets received, 7758 bps, 96.97%, Err 0 (0.0e+00)
208.163 .... 784 packets received, 7757 bps, 96.97%, Err 0 (0.0e+00)
210.266 .... 792 packets received, 7758 bps, 96.97%, Err 0 (0.0e+00)
212.375 .... 800 packets received, 7758 bps, 96.97%, Err 0 (0.0e+00)
214.492 .... 808 packets received, 7758 bps, 96.97%, Err 0 (0.0e+00)
216.613 .... 816 packets received, 7757 bps, 96.96%, Err 0 (0.0e+00)
218.721 .... 824 packets received, 7757 bps, 96.97%, Err 0 (0.0e+00)
220.822 .... 832 packets received, 7758 bps, 96.97%, Err 0 (0.0e+00)
222.937 .... 840 packets received, 7758 bps, 96.97%, Err 0 (0.0e+00)
225.063 .... 848 packets received, 7757 bps, 96.96%, Err 0 (0.0e+00)
227.165 .... 856 packets received, 7757 bps, 96.97%, Err 0 (0.0e+00)
229.304 .... 864 packets received, 7757 bps, 96.96%, Err 0 (0.0e+00)
231.390 .... 872 packets received, 7757 bps, 96.97%, Err 0 (0.0e+00)
233.507 .... 880 packets received, 7757 bps, 96.97%, Err 0 (0.0e+00)
235.617 .... 888 packets received, 7757 bps, 96.97%, Err 0 (0.0e+00)
237.723 .... 896 packets received, 7758 bps, 96.97%, Err 0 (0.0e+00)
239.833 .... 904 packets received, 7758 bps, 96.97%, Err 0 (0.0e+00)
241.953 .... 912 packets received, 7757 bps, 96.97%, Err 0 (0.0e+00)
244.064 .... 920 packets received, 7757 bps, 96.97%, Err 0 (0.0e+00)
246.176 .... 928 packets received, 7757 bps, 96.97%, Err 0 (0.0e+00)
248.283 .... 936 packets received, 7758 bps, 96.97%, Err 0 (0.0e+00)
250.411 .... 944 packets received, 7757 bps, 96.96%, Err 0 (0.0e+00)
252.518 .... 952 packets received, 7757 bps, 96.97%, Err 0 (0.0e+00)
254.637 .... 960 packets received, 7757 bps, 96.96%, Err 0 (0.0e+00)
256.730 .... 968 packets received, 7758 bps, 96.97%, Err 0 (0.0e+00)
258.846 .... 976 packets received, 7757 bps, 96.97%, Err 0 (0.0e+00)
260.946 .... 984 packets received, 7758 bps, 96.97%, Err 0 (0.0e+00)
263.090 .... 992 packets received, 7757 bps, 96.96%, Err 0 (0.0e+00)
265.186 .... 1000 packets received, 7757 bps, 96.97%, Err 0 (0.0e+00)
267.306 .... 1008 packets received, 7757 bps, 96.96%, Err 0 (0.0e+00)
269.396 .... 1016 packets received, 7758 bps, 96.97%, Err 0 (0.0e+00)
271.512 .... 1024 packets received, 7758 bps, 96.97%, Err 0 (0.0e+00)
273.638 .... 1032 packets received, 7757 bps, 96.97%, Err 0 (0.0e+00)
275.743 .... 1040 packets received, 7757 bps, 96.97%, Err 0 (0.0e+00)
277.853 .... 1048 packets received, 7757 bps, 96.97%, Err 0 (0.0e+00)
279.969 .... 1056 packets received, 7757 bps, 96.97%, Err 0 (0.0e+00)
282.084 .... 1064 packets received, 7757 bps, 96.97%, Err 0 (0.0e+00)
284.201 .... 1072 packets received, 7757 bps, 96.96%, Err 0 (0.0e+00)
286.309 .... 1080 packets received, 7757 bps, 96.97%, Err 0 (0.0e+00)
288.436 .... 1088 packets received, 7757 bps, 96.96%, Err 0 (0.0e+00)
290.522 .... 1096 packets received, 7758 bps, 96.97%, Err 0 (0.0e+00)
292.645 .... 1104 packets received, 7757 bps, 96.97%, Err 0 (0.0e+00)
294.760 .... 1112 packets received, 7757 bps, 96.97%, Err 0 (0.0e+00)
296.870 .... 1120 packets received, 7757 bps, 96.97%, Err 0 (0.0e+00)
298.992 .... 1128 packets received, 7757 bps, 96.96%, Err 0 (0.0e+00)
301.096 .... 1136 packets received, 7757 bps, 96.97%, Err 0 (0.0e+00)
303.204 .... 1144 packets received, 7757 bps, 96.97%, Err 0 (0.0e+00)
305.313 .... 1152 packets received, 7757 bps, 96.97%, Err 0 (0.0e+00)
307.425 .... 1160 packets received, 7757 bps, 96.97%, Err 0 (0.0e+00)
309.548 .... 1168 packets received, 7757 bps, 96.96%, Err 0 (0.0e+00)
311.652 .... 1176 packets received, 7757 bps, 96.97%, Err 0 (0.0e+00)
313.779 .... 1184 packets received, 7757 bps, 96.96%, Err 0 (0.0e+00)
315.863 .... 1192 packets received, 7758 bps, 96.97%, Err 0 (0.0e+00)
317.990 .... 1200 packets received, 7757 bps, 96.97%, Err 0 (0.0e+00)
320.101 .... 1208 packets received, 7757 bps, 96.97%, Err 0 (0.0e+00)
322.216 .... 1216 packets received, 7757 bps, 96.97%, Err 0 (0.0e+00)
324.318 .... 1224 packets received, 7757 bps, 96.97%, Err 0 (0.0e+00)
326.444 .... 1232 packets received, 7757 bps, 96.96%, Err 0 (0.0e+00)
328.547 .... 1240 packets received, 7757 bps, 96.97%, Err 0 (0.0e+00)
330.660 .... 1248 packets received, 7757 bps, 96.97%, Err 0 (0.0e+00)
332.774 .... 1256 packets received, 7757 bps, 96.97%, Err 0 (0.0e+00)
334.879 .... 1264 packets received, 7757 bps, 96.97%, Err 0 (0.0e+00)
337.002 .... 1272 packets received, 7757 bps, 96.97%, Err 0 (0.0e+00)
339.114 .... 1280 packets received, 7757 bps, 96.97%, Err 0 (0.0e+00)
341.216 .... 1288 packets received, 7757 bps, 96.97%, Err 0 (0.0e+00)
343.327 .... 1296 packets received, 7757 bps, 96.97%, Err 0 (0.0e+00)
345.444 .... 1304 packets received, 7757 bps, 96.97%, Err 0 (0.0e+00)
347.563 .... 1312 packets received, 7757 bps, 96.96%, Err 0 (0.0e+00)
349.657 .... 1320 packets received, 7758 bps, 96.97%, Err 0 (0.0e+00)
351.767 .... 1328 packets received, 7758 bps, 96.97%, Err 0 (0.0e+00)
353.895 .... 1336 packets received, 7757 bps, 96.97%, Err 0 (0.0e+00)
356.003 .... 1344 packets received, 7757 bps, 96.97%, Err 0 (0.0e+00)
358.108 .... 1352 packets received, 7758 bps, 96.97%, Err 0 (0.0e+00)
360.224 .... 1360 packets received, 7757 bps, 96.97%, Err 0 (0.0e+00)
362.347 .... 1368 packets received, 7757 bps, 96.97%, Err 0 (0.0e+00)
364.451 .... 1376 packets received, 7757 bps, 96.97%, Err 0 (0.0e+00)
366.549 .... 1384 packets received, 7758 bps, 96.97%, Err 0 (0.0e+00)
368.680 .... 1392 packets received, 7757 bps, 96.97%, Err 0 (0.0e+00)
370.789 .... 1400 packets received, 7757 bps, 96.97%, Err 0 (0.0e+00)
372.893 .... 1408 packets received, 7758 bps, 96.97%, Err 0 (0.0e+00)
375.008 .... 1416 packets received, 7757 bps, 96.97%, Err 0 (0.0e+00)
377.137 .... 1424 packets received, 7757 bps, 96.96%, Err 0 (0.0e+00)
379.223 .... 1432 packets received, 7758 bps, 96.97%, Err 0 (0.0e+00)
381.336 .... 1440 packets received, 7758 bps, 96.97%, Err 0 (0.0e+00)
383.453 .... 1448 packets received, 7758 bps, 96.97%, Err 0 (0.0e+00)
385.579 .... 1456 packets received, 7757 bps, 96.97%, Err 0 (0.0e+00)
387.689 .... 1464 packets received, 7757 bps, 96.97%, Err 0 (0.0e+00)
389.787 .... 1472 packets received, 7758 bps, 96.97%, Err 0 (0.0e+00)
391.902 .... 1480 packets received, 7757 bps, 96.97%, Err 0 (0.0e+00)
394.014 .... 1488 packets received, 7757 bps, 96.97%, Err 0 (0.0e+00)
396.135 .... 1496 packets received, 7757 bps, 96.97%, Err 0 (0.0e+00)
398.234 .... 1504 packets received, 7758 bps, 96.97%, Err 0 (0.0e+00)
400.360 .... 1512 packets received, 7757 bps, 96.97%, Err 0 (0.0e+00)
402.461 .... 1520 packets received, 7758 bps, 96.97%, Err 0 (0.0e+00)
404.577 .... 1528 packets received, 7757 bps, 96.97%, Err 0 (0.0e+00)
406.687 .... 1536 packets received, 7757 bps, 96.97%, Err 0 (0.0e+00)
408.816 .... 1544 packets received, 7757 bps, 96.96%, Err 0 (0.0e+00)
410.921 .... 1552 packets received, 7757 bps, 96.97%, Err 0 (0.0e+00)
413.029 .... 1560 packets received, 7757 bps, 96.97%, Err 0 (0.0e+00)
415.152 .... 1568 packets received, 7757 bps, 96.96%, Err 0 (0.0e+00)
417.248 .... 1576 packets received, 7757 bps, 96.97%, Err 0 (0.0e+00)
419.354 .... 1584 packets received, 7758 bps, 96.97%, Err 0 (0.0e+00)
421.491 .... 1592 packets received, 7757 bps, 96.96%, Err 0 (0.0e+00)
423.575 .... 1600 packets received, 7758 bps, 96.97%, Err 0 (0.0e+00)
425.709 .... 1608 packets received, 7757 bps, 96.97%, Err 0 (0.0e+00)
427.813 .... 1616 packets received, 7757 bps, 96.97%, Err 0 (0.0e+00)
429.934 .... 1624 packets received, 7757 bps, 96.97%, Err 0 (0.0e+00)
432.033 .... 1632 packets received, 7757 bps, 96.97%, Err 0 (0.0e+00)
434.158 .... 1640 packets received, 7757 bps, 96.97%, Err 0 (0.0e+00)
436.275 .... 1648 packets received, 7757 bps, 96.96%, Err 0 (0.0e+00)
438.377 .... 1656 packets received, 7757 bps, 96.97%, Err 0 (0.0e+00)
440.489 .... 1664 packets received, 7757 bps, 96.97%, Err 0 (0.0e+00)
442.605 .... 1672 packets received, 7757 bps, 96.97%, Err 0 (0.0e+00)
444.720 .... 1680 packets received, 7757 bps, 96.96%, Err 0 (0.0e+00)
446.810 .... 1688 packets received, 7758 bps, 96.97%, Err 0 (0.0e+00)
448.933 .... 1696 packets received, 7757 bps, 96.97%, Err 0 (0.0e+00)
451.055 .... 1704 packets received, 7757 bps, 96.97%, Err 0 (0.0e+00)
453.147 .... 1712 packets received, 7758 bps, 96.97%, Err 0 (0.0e+00)
455.275 .... 1720 packets received, 7757 bps, 96.97%, Err 0 (0.0e+00)
457.371 .... 1728 packets received, 7758 bps, 96.97%, Err 0 (0.0e+00)
459.494 .... 1736 packets received, 7757 bps, 96.97%, Err 0 (0.0e+00)
461.601 .... 1744 packets received, 7757 bps, 96.97%, Err 0 (0.0e+00)
463.706 .... 1752 packets received, 7758 bps, 96.97%, Err 0 (0.0e+00)
465.829 .... 1760 packets received, 7757 bps, 96.97%, Err 0 (0.0e+00)
467.932 .... 1768 packets received, 7758 bps, 96.97%, Err 0 (0.0e+00)
470.051 .... 1776 packets received, 7757 bps, 96.97%, Err 0 (0.0e+00)
472.185 .... 1784 packets received, 7757 bps, 96.96%, Err 0 (0.0e+00)
474.281 .... 1792 packets received, 7757 bps, 96.97%, Err 0 (0.0e+00)
476.386 .... 1800 packets received, 7757 bps, 96.97%, Err 0 (0.0e+00)
478.504 .... 1808 packets received, 7757 bps, 96.97%, Err 0 (0.0e+00)
480.617 .... 1816 packets received, 7757 bps, 96.97%, Err 0 (0.0e+00)
482.715 .... 1824 packets received, 7758 bps, 96.97%, Err 0 (0.0e+00)
484.858 .... 1832 packets received, 7757 bps, 96.96%, Err 0 (0.0e+00)
486.940 .... 1840 packets received, 7758 bps, 96.97%, Err 0 (0.0e+00)
489.047 .... 1848 packets received, 7758 bps, 96.97%, Err 0 (0.0e+00)
491.171 .... 1856 packets received, 7757 bps, 96.97%, Err 0 (0.0e+00)
493.282 .... 1864 packets received, 7757 bps, 96.97%, Err 0 (0.0e+00)
495.408 .... 1872 packets received, 7757 bps, 96.97%, Err 0 (0.0e+00)
497.519 .... 1880 packets received, 7757 bps, 96.97%, Err 0 (0.0e+00)
499.615 .... 1888 packets received, 7757 bps, 96.97%, Err 0 (0.0e+00)
501.735 .... 1896 packets received, 7757 bps, 96.97%, Err 0 (0.0e+00)
503.839 .... 1904 packets received, 7757 bps, 96.97%, Err 0 (0.0e+00)
505.945 .... 1912 packets received, 7758 bps, 96.97%, Err 0 (0.0e+00)
508.074 .... 1920 packets received, 7757 bps, 96.97%, Err 0 (0.0e+00)
510.183 .... 1928 packets received, 7757 bps, 96.97%, Err 0 (0.0e+00)
512.282 .... 1936 packets received, 7758 bps, 96.97%, Err 0 (0.0e+00)
514.391 .... 1944 packets received, 7758 bps, 96.97%, Err 0 (0.0e+00)
516.505 .... 1952 packets received, 7758 bps, 96.97%, Err 0 (0.0e+00)
518.621 .... 1960 packets received, 7758 bps, 96.97%, Err 0 (0.0e+00)
520.747 .... 1968 packets received, 7757 bps, 96.97%, Err 0 (0.0e+00)
522.839 .... 1976 packets received, 7758 bps, 96.97%, Err 0 (0.0e+00)
524.978 .... 1984 packets received, 7757 bps, 96.97%, Err 0 (0.0e+00)
527.074 .... 1992 packets received, 7757 bps, 96.97%, Err 0 (0.0e+00)
529.183 .... 2000 packets received, 7758 bps, 96.97%, Err 0 (0.0e+00)
531.306 .... 2008 packets received, 7757 bps, 96.97%, Err 0 (0.0e+00)
533.413 .... 2016 packets received, 7757 bps, 96.97%, Err 0 (0.0e+00)
535.522 .... 2024 packets received, 7757 bps, 96.97%, Err 0 (0.0e+00)
537.641 .... 2032 packets received, 7757 bps, 96.97%, Err 0 (0.0e+00)
539.747 .... 2040 packets received, 7757 bps, 96.97%, Err 0 (0.0e+00)
541.860 .... 2048 packets received, 7757 bps, 96.97%, Err 0 (0.0e+00)
543.967 .... 2056 packets received, 7758 bps, 96.97%, Err 0 (0.0e+00)
546.083 .... 2064 packets received, 7757 bps, 96.97%, Err 0 (0.0e+00)
548.194 .... 2072 packets received, 7757 bps, 96.97%, Err 0 (0.0e+00)
550.294 .... 2080 packets received, 7758 bps, 96.97%, Err 0 (0.0e+00)
552.426 .... 2088 packets received, 7757 bps, 96.97%, Err 0 (0.0e+00)
554.536 .... 2096 packets received, 7757 bps, 96.97%, Err 0 (0.0e+00)
556.647 .... 2104 packets received, 7757 bps, 96.97%, Err 0 (0.0e+00)
558.749 .... 2112 packets received, 7758 bps, 96.97%, Err 0 (0.0e+00)
560.869 .... 2120 packets received, 7757 bps, 96.97%, Err 0 (0.0e+00)
562.979 .... 2128 packets received, 7757 bps, 96.97%, Err 0 (0.0e+00)
565.081 .... 2136 packets received, 7758 bps, 96.97%, Err 0 (0.0e+00)
567.206 .... 2144 packets received, 7757 bps, 96.97%, Err 0 (0.0e+00)
569.321 .... 2152 packets received, 7757 bps, 96.97%, Err 0 (0.0e+00)
571.427 .... 2160 packets received, 7757 bps, 96.97%, Err 0 (0.0e+00)
573.541 .... 2168 packets received, 7757 bps, 96.97%, Err 0 (0.0e+00)
575.664 .... 2176 packets received, 7757 bps, 96.97%, Err 0 (0.0e+00)
577.765 .... 2184 packets received, 7757 bps, 96.97%, Err 0 (0.0e+00)
579.878 .... 2192 packets received, 7757 bps, 96.97%, Err 0 (0.0e+00)
581.992 .... 2200 packets received, 7757 bps, 96.97%, Err 0 (0.0e+00)
584.094 .... 2208 packets received, 7758 bps, 96.97%, Err 0 (0.0e+00)
586.208 .... 2216 packets received, 7757 bps, 96.97%, Err 0 (0.0e+00)
588.321 .... 2224 packets received, 7757 bps, 96.97%, Err 0 (0.0e+00)
590.427 .... 2232 packets received, 7758 bps, 96.97%, Err 0 (0.0e+00)
592.552 .... 2240 packets received, 7757 bps, 96.97%, Err 0 (0.0e+00)
594.658 .... 2248 packets received, 7757 bps, 96.97%, Err 0 (0.0e+00)
596.772 .... 2256 packets received, 7757 bps, 96.97%, Err 0 (0.0e+00)
598.894 .... 2264 packets received, 7757 bps, 96.97%, Err 0 (0.0e+00)
600.980 .... 2272 packets received, 7758 bps, 96.97%, Err 0 (0.0e+00)
603.109 .... 2280 packets received, 7757 bps, 96.97%, Err 0 (0.0e+00)
605.211 .... 2288 packets received, 7758 bps, 96.97%, Err 0 (0.0e+00)
607.338 .... 2296 packets received, 7757 bps, 96.97%, Err 0 (0.0e+00)
609.435 .... 2304 packets received, 7758 bps, 96.97%, Err 0 (0.0e+00)
611.568 .... 2312 packets received, 7757 bps, 96.97%, Err 0 (0.0e+00)
613.679 .... 2320 packets received, 7757 bps, 96.97%, Err 0 (0.0e+00)
615.774 .... 2328 packets received, 7758 bps, 96.97%, Err 0 (0.0e+00)
617.888 .... 2336 packets received, 7758 bps, 96.97%, Err 0 (0.0e+00)
619.993 .... 2344 packets received, 7758 bps, 96.97%, Err 0 (0.0e+00)
622.115 .... 2352 packets received, 7757 bps, 96.97%, Err 0 (0.0e+00)
624.221 .... 2360 packets received, 7758 bps, 96.97%, Err 0 (0.0e+00)
626.349 .... 2368 packets received, 7757 bps, 96.97%, Err 0 (0.0e+00)
628.458 .... 2376 packets received, 7757 bps, 96.97%, Err 0 (0.0e+00)
630.556 .... 2384 packets received, 7758 bps, 96.97%, Err 0 (0.0e+00)
632.669 .... 2392 packets received, 7758 bps, 96.97%, Err 0 (0.0e+00)
634.793 .... 2400 packets received, 7757 bps, 96.97%, Err 0 (0.0e+00)
636.908 .... 2408 packets received, 7757 bps, 96.97%, Err 0 (0.0e+00)
639.006 .... 2416 packets received, 7758 bps, 96.97%, Err 0 (0.0e+00)
641.126 .... 2424 packets received, 7757 bps, 96.97%, Err 0 (0.0e+00)
643.225 .... 2432 packets received, 7758 bps, 96.97%, Err 0 (0.0e+00)
645.345 .... 2440 packets received, 7757 bps, 96.97%, Err 0 (0.0e+00)
647.456 .... 2448 packets received, 7758 bps, 96.97%, Err 0 (0.0e+00)
649.578 .... 2456 packets received, 7757 bps, 96.97%, Err 0 (0.0e+00)
651.689 .... 2464 packets received, 7757 bps, 96.97%, Err 0 (0.0e+00)
653.782 .... 2472 packets received, 7758 bps, 96.97%, Err 0 (0.0e+00)
655.913 .... 2480 packets received, 7757 bps, 96.97%, Err 0 (0.0e+00)
658.022 .... 2488 packets received, 7757 bps, 96.97%, Err 0 (0.0e+00)
660.139 .... 2496 packets received, 7757 bps, 96.97%, Err 0 (0.0e+00)
662.242 .... 2504 packets received, 7757 bps, 96.97%, Err 0 (0.0e+00)
664.356 .... 2512 packets received, 7757 bps, 96.97%, Err 0 (0.0e+00)
666.480 .... 2520 packets received, 7757 bps, 96.97%, Err 0 (0.0e+00)
668.595 .... 2528 packets received, 7757 bps, 96.97%, Err 0 (0.0e+00)
670.681 .... 2536 packets received, 7758 bps, 96.97%, Err 0 (0.0e+00)
672.815 .... 2544 packets received, 7757 bps, 96.97%, Err 0 (0.0e+00)
674.915 .... 2552 packets received, 7757 bps, 96.97%, Err 0 (0.0e+00)
677.029 .... 2560 packets received, 7757 bps, 96.97%, Err 0 (0.0e+00)
679.139 .... 2568 packets received, 7757 bps, 96.97%, Err 0 (0.0e+00)
681.243 .... 2576 packets received, 7758 bps, 96.97%, Err 0 (0.0e+00)
683.366 .... 2584 packets received, 7757 bps, 96.97%, Err 0 (0.0e+00)
685.484 .... 2592 packets received, 7757 bps, 96.97%, Err 0 (0.0e+00)
687.594 .... 2600 packets received, 7757 bps, 96.97%, Err 0 (0.0e+00)
689.693 .... 2608 packets received, 7758 bps, 96.97%, Err 0 (0.0e+00)
691.810 .... 2616 packets received, 7757 bps, 96.97%, Err 0 (0.0e+00)
693.922 .... 2624 packets received, 7757 bps, 96.97%, Err 0 (0.0e+00)
696.033 .... 2632 packets received, 7757 bps, 96.97%, Err 0 (0.0e+00)
698.150 .... 2640 packets received, 7757 bps, 96.97%, Err 0 (0.0e+00)
700.257 .... 2648 packets received, 7757 bps, 96.97%, Err 0 (0.0e+00)
702.382 .... 2656 packets received, 7757 bps, 96.97%, Err 0 (0.0e+00)
704.497 .... 2664 packets received, 7757 bps, 96.97%, Err 0 (0.0e+00)
706.581 .... 2672 packets received, 7758 bps, 96.97%, Err 0 (0.0e+00)
708.707 .... 2680 packets received, 7757 bps, 96.97%, Err 0 (0.0e+00)
710.810 .... 2688 packets received, 7758 bps, 96.97%, Err 0 (0.0e+00)
712.954 .... 2696 packets received, 7757 bps, 96.97%, Err 0 (0.0e+00)
715.041 .... 2704 packets received, 7757 bps, 96.97%, Err 0 (0.0e+00)
717.139 .... 2712 packets received, 7758 bps, 96.97%, Err 0 (0.0e+00)
719.274 .... 2720 packets received, 7757 bps, 96.97%, Err 0 (0.0e+00)
721.385 .... 2728 packets received, 7757 bps, 96.97%, Err 0 (0.0e+00)
723.500 .... 2736 packets received, 7757 bps, 96.97%, Err 0 (0.0e+00)
725.603 .... 2744 packets received, 7757 bps, 96.97%, Err 0 (0.0e+00)
727.739 .... 2752 packets received, 7757 bps, 96.97%, Err 0 (0.0e+00)
729.826 .... 2760 packets received, 7757 bps, 96.97%, Err 0 (0.0e+00)
731.926 .... 2768 packets received, 7758 bps, 96.97%, Err 0 (0.0e+00)
734.047 .... 2776 packets received, 7758 bps, 96.97%, Err 0 (0.0e+00)
736.174 .... 2784 packets received, 7757 bps, 96.97%, Err 0 (0.0e+00)
738.279 .... 2792 packets received, 7757 bps, 96.97%, Err 0 (0.0e+00)
740.380 .... 2800 packets received, 7758 bps, 96.97%, Err 0 (0.0e+00)
742.483 .... 2808 packets received, 7758 bps, 96.97%, Err 0 (0.0e+00)
744.609 .... 2816 packets received, 7758 bps, 96.97%, Err 0 (0.0e+00)
746.720 .... 2824 packets received, 7758 bps, 96.97%, Err 0 (0.0e+00)
748.823 .... 2832 packets received, 7758 bps, 96.97%, Err 0 (0.0e+00)
750.951 .... 2840 packets received, 7757 bps, 96.97%, Err 0 (0.0e+00)
753.075 .... 2848 packets received, 7757 bps, 96.97%, Err 0 (0.0e+00)
755.174 .... 2856 packets received, 7757 bps, 96.97%, Err 0 (0.0e+00)
757.275 .... 2864 packets received, 7758 bps, 96.97%, Err 0 (0.0e+00)
759.401 .... 2872 packets received, 7757 bps, 96.97%, Err 0 (0.0e+00)
761.514 .... 2880 packets received, 7757 bps, 96.97%, Err 0 (0.0e+00)
763.608 .... 2888 packets received, 7758 bps, 96.97%, Err 0 (0.0e+00)
765.724 .... 2896 packets received, 7758 bps, 96.97%, Err 0 (0.0e+00)
767.841 .... 2904 packets received, 7758 bps, 96.97%, Err 0 (0.0e+00)
769.958 .... 2912 packets received, 7757 bps, 96.97%, Err 0 (0.0e+00)
772.075 .... 2920 packets received, 7757 bps, 96.97%, Err 0 (0.0e+00)
774.179 .... 2928 packets received, 7757 bps, 96.97%, Err 0 (0.0e+00)
776.302 .... 2936 packets received, 7757 bps, 96.97%, Err 0 (0.0e+00)
778.408 .... 2944 packets received, 7757 bps, 96.97%, Err 0 (0.0e+00)
780.513 .... 2952 packets received, 7758 bps, 96.97%, Err 0 (0.0e+00)
782.623 .... 2960 packets received, 7758 bps, 96.97%, Err 0 (0.0e+00)
784.741 .... 2968 packets received, 7757 bps, 96.97%, Err 0 (0.0e+00)
786.854 .... 2976 packets received, 7757 bps, 96.97%, Err 0 (0.0e+00)
788.965 .... 2984 packets received, 7757 bps, 96.97%, Err 0 (0.0e+00)
791.075 .... 2992 packets received, 7757 bps, 96.97%, Err 0 (0.0e+00)
793.183 .... 3000 packets received, 7758 bps, 96.97%, Err 0 (0.0e+00)
795.298 .... 3008 packets received, 7757 bps, 96.97%, Err 0 (0.0e+00)
797.421 .... 3016 packets received, 7757 bps, 96.97%, Err 0 (0.0e+00)
799.521 .... 3024 packets received, 7758 bps, 96.97%, Err 0 (0.0e+00)
801.626 .... 3032 packets received, 7758 bps, 96.97%, Err 0 (0.0e+00)
803.735 .... 3040 packets received, 7758 bps, 96.97%, Err 0 (0.0e+00)
805.843 .... 3048 packets received, 7758 bps, 96.97%, Err 0 (0.0e+00)
807.963 .... 3056 packets received, 7758 bps, 96.97%, Err 0 (0.0e+00)
810.080 .... 3064 packets received, 7758 bps, 96.97%, Err 0 (0.0e+00)
812.200 .... 3072 packets received, 7757 bps, 96.97%, Err 0 (0.0e+00)
814.305 .... 3080 packets received, 7758 bps, 96.97%, Err 0 (0.0e+00)
816.422 .... 3088 packets received, 7757 bps, 96.97%, Err 0 (0.0e+00)
818.529 .... 3096 packets received, 7758 bps, 96.97%, Err 0 (0.0e+00)
820.639 .... 3104 packets received, 7758 bps, 96.97%, Err 0 (0.0e+00)
822.766 .... 3112 packets received, 7757 bps, 96.97%, Err 0 (0.0e+00)
824.863 .... 3120 packets received, 7758 bps, 96.97%, Err 0 (0.0e+00)
826.983 .... 3128 packets received, 7757 bps, 96.97%, Err 0 (0.0e+00)
829.098 .... 3136 packets received, 7757 bps, 96.97%, Err 0 (0.0e+00)
831.214 .... 3144 packets received, 7757 bps, 96.97%, Err 0 (0.0e+00)
833.323 .... 3152 packets received, 7757 bps, 96.97%, Err 0 (0.0e+00)
835.434 .... 3160 packets received, 7757 bps, 96.97%, Err 0 (0.0e+00)
837.541 .... 3168 packets received, 7757 bps, 96.97%, Err 0 (0.0e+00)
839.653 .... 3176 packets received, 7757 bps, 96.97%, Err 0 (0.0e+00)
841.765 .... 3184 packets received, 7757 bps, 96.97%, Err 0 (0.0e+00)
843.867 .... 3192 packets received, 7758 bps, 96.97%, Err 0 (0.0e+00)
845.987 .... 3200 packets received, 7757 bps, 96.97%, Err 0 (0.0e+00)
848.099 .... 3208 packets received, 7757 bps, 96.97%, Err 0 (0.0e+00)
850.199 .... 3216 packets received, 7758 bps, 96.97%, Err 0 (0.0e+00)
852.309 .... 3224 packets received, 7758 bps, 96.97%, Err 0 (0.0e+00)
854.440 .... 3232 packets received, 7757 bps, 96.97%, Err 0 (0.0e+00)
856.551 .... 3240 packets received, 7757 bps, 96.97%, Err 0 (0.0e+00)
858.676 .... 3248 packets received, 7757 bps, 96.97%, Err 0 (0.0e+00)
860.773 .... 3256 packets received, 7757 bps, 96.97%, Err 0 (0.0e+00)
862.886 .... 3264 packets received, 7757 bps, 96.97%, Err 0 (0.0e+00)
864.998 .... 3272 packets received, 7757 bps, 96.97%, Err 0 (0.0e+00)
867.097 .... 3280 packets received, 7758 bps, 96.97%, Err 0 (0.0e+00)
869.212 .... 3288 packets received, 7758 bps, 96.97%, Err 0 (0.0e+00)
871.319 .... 3296 packets received, 7758 bps, 96.97%, Err 0 (0.0e+00)
873.435 .... 3304 packets received, 7758 bps, 96.97%, Err 0 (0.0e+00)
875.549 .... 3312 packets received, 7758 bps, 96.97%, Err 0 (0.0e+00)
877.665 .... 3320 packets received, 7758 bps, 96.97%, Err 0 (0.0e+00)
879.782 .... 3328 packets received, 7757 bps, 96.97%, Err 0 (0.0e+00)
881.904 .... 3336 packets received, 7757 bps, 96.97%, Err 0 (0.0e+00)
884.000 .... 3344 packets received, 7758 bps, 96.97%, Err 0 (0.0e+00)
886.117 .... 3352 packets received, 7757 bps, 96.97%, Err 0 (0.0e+00)
888.233 .... 3360 packets received, 7757 bps, 96.97%, Err 0 (0.0e+00)
890.343 .... 3368 packets received, 7757 bps, 96.97%, Err 0 (0.0e+00)
892.450 .... 3376 packets received, 7758 bps, 96.97%, Err 0 (0.0e+00)
894.563 .... 3384 packets received, 7757 bps, 96.97%, Err 0 (0.0e+00)
896.665 .... 3392 packets received, 7758 bps, 96.97%, Err 0 (0.0e+00)
898.791 .... 3400 packets received, 7757 bps, 96.97%, Err 0 (0.0e+00)
900.899 .... 3408 packets received, 7757 bps, 96.97%, Err 0 (0.0e+00)
903.007 .... 3416 packets received, 7758 bps, 96.97%, Err 0 (0.0e+00)
905.130 .... 3424 packets received, 7757 bps, 96.97%, Err 0 (0.0e+00)
907.250 .... 3432 packets received, 7757 bps, 96.97%, Err 0 (0.0e+00)
909.336 .... 3440 packets received, 7758 bps, 96.97%, Err 0 (0.0e+00)
911.452 .... 3448 packets received, 7758 bps, 96.97%, Err 0 (0.0e+00)
913.584 .... 3456 packets received, 7757 bps, 96.97%, Err 0 (0.0e+00)
915.688 .... 3464 packets received, 7757 bps, 96.97%, Err 0 (0.0e+00)
917.795 .... 3472 packets received, 7757 bps, 96.97%, Err 0 (0.0e+00)
919.912 .... 3480 packets received, 7757 bps, 96.97%, Err 0 (0.0e+00)
922.015 .... 3488 packets received, 7758 bps, 96.97%, Err 0 (0.0e+00)
924.127 .... 3496 packets received, 7758 bps, 96.97%, Err 0 (0.0e+00)
926.242 .... 3504 packets received, 7758 bps, 96.97%, Err 0 (0.0e+00)
928.349 .... 3512 packets received, 7758 bps, 96.97%, Err 0 (0.0e+00)
930.479 .... 3520 packets received, 7757 bps, 96.97%, Err 0 (0.0e+00)
932.572 .... 3528 packets received, 7758 bps, 96.97%, Err 0 (0.0e+00)
934.701 .... 3536 packets received, 7757 bps, 96.97%, Err 0 (0.0e+00)
936.809 .... 3544 packets received, 7757 bps, 96.97%, Err 0 (0.0e+00)
938.908 .... 3552 packets received, 7758 bps, 96.97%, Err 0 (0.0e+00)
941.030 .... 3560 packets received, 7757 bps, 96.97%, Err 0 (0.0e+00)
943.129 .... 3568 packets received, 7758 bps, 96.97%, Err 0 (0.0e+00)
945.264 .... 3576 packets received, 7757 bps, 96.97%, Err 0 (0.0e+00)
947.358 .... 3584 packets received, 7758 bps, 96.97%, Err 0 (0.0e+00)
949.477 .... 3592 packets received, 7757 bps, 96.97%, Err 0 (0.0e+00)
951.585 .... 3600 packets received, 7758 bps, 96.97%, Err 0 (0.0e+00)
953.691 .... 3608 packets received, 7758 bps, 96.97%, Err 0 (0.0e+00)
955.823 .... 3616 packets received, 7757 bps, 96.97%, Err 0 (0.0e+00)
957.935 .... 3624 packets received, 7757 bps, 96.97%, Err 0 (0.0e+00)
960.044 .... 3632 packets received, 7757 bps, 96.97%, Err 0 (0.0e+00)
962.156 .... 3640 packets received, 7757 bps, 96.97%, Err 0 (0.0e+00)
964.256 .... 3648 packets received, 7758 bps, 96.97%, Err 0 (0.0e+00)
966.364 .... 3656 packets received, 7758 bps, 96.97%, Err 0 (0.0e+00)
968.475 .... 3664 packets received, 7758 bps, 96.97%, Err 0 (0.0e+00)
970.588 .... 3672 packets received, 7758 bps, 96.97%, Err 0 (0.0e+00)
972.703 .... 3680 packets received, 7758 bps, 96.97%, Err 0 (0.0e+00)
974.810 .... 3688 packets received, 7758 bps, 96.97%, Err 0 (0.0e+00)
976.939 .... 3696 packets received, 7757 bps, 96.97%, Err 0 (0.0e+00)
979.050 .... 3704 packets received, 7757 bps, 96.97%, Err 0 (0.0e+00)
981.155 .... 3712 packets received, 7758 bps, 96.97%, Err 0 (0.0e+00)
983.274 .... 3720 packets received, 7757 bps, 96.97%, Err 0 (0.0e+00)
985.375 .... 3728 packets received, 7758 bps, 96.97%, Err 0 (0.0e+00)
987.476 .... 3736 packets received, 7758 bps, 96.97%, Err 0 (0.0e+00)
989.603 .... 3744 packets received, 7758 bps, 96.97%, Err 0 (0.0e+00)
991.715 .... 3752 packets received, 7758 bps, 96.97%, Err 0 (0.0e+00)
993.815 .... 3760 packets received, 7758 bps, 96.97%, Err 0 (0.0e+00)
995.948 .... 3768 packets received, 7757 bps, 96.97%, Err 0 (0.0e+00)
998.051 .... 3776 packets received, 7758 bps, 96.97%, Err 0 (0.0e+00)
1000.159 .... 3784 packets received, 7758 bps, 96.97%, Err 0 (0.0e+00)
1002.268 .... 3792 packets received, 7758 bps, 96.97%, Err 0 (0.0e+00)
1004.389 .... 3800 packets received, 7757 bps, 96.97%, Err 0 (0.0e+00)
1006.505 .... 3808 packets received, 7757 bps, 96.97%, Err 0 (0.0e+00)
1008.615 .... 3816 packets received, 7757 bps, 96.97%, Err 0 (0.0e+00)
1010.732 .... 3824 packets received, 7757 bps, 96.97%, Err 0 (0.0e+00)
1012.832 .... 3832 packets received, 7758 bps, 96.97%, Err 0 (0.0e+00)
1014.951 .... 3840 packets received, 7757 bps, 96.97%, Err 0 (0.0e+00)
1017.054 .... 3848 packets received, 7758 bps, 96.97%, Err 0 (0.0e+00)
1019.170 .... 3856 packets received, 7758 bps, 96.97%, Err 0 (0.0e+00)
1021.288 .... 3864 packets received, 7757 bps, 96.97%, Err 0 (0.0e+00)
1023.382 .... 3872 packets received, 7758 bps, 96.97%, Err 0 (0.0e+00)
1025.504 .... 3880 packets received, 7758 bps, 96.97%, Err 0 (0.0e+00)
1027.618 .... 3888 packets received, 7758 bps, 96.97%, Err 0 (0.0e+00)
1029.740 .... 3896 packets received, 7757 bps, 96.97%, Err 0 (0.0e+00)
1031.837 .... 3904 packets received, 7758 bps, 96.97%, Err 0 (0.0e+00)
1033.957 .... 3912 packets received, 7757 bps, 96.97%, Err 0 (0.0e+00)
1036.066 .... 3920 packets received, 7758 bps, 96.97%, Err 0 (0.0e+00)
1038.180 .... 3928 packets received, 7758 bps, 96.97%, Err 0 (0.0e+00)
1040.298 .... 3936 packets received, 7757 bps, 96.97%, Err 0 (0.0e+00)
1042.397 .... 3944 packets received, 7758 bps, 96.97%, Err 0 (0.0e+00)
1044.517 .... 3952 packets received, 7757 bps, 96.97%, Err 0 (0.0e+00)
1046.613 .... 3960 packets received, 7758 bps, 96.97%, Err 0 (0.0e+00)
1048.734 .... 3968 packets received, 7758 bps, 96.97%, Err 0 (0.0e+00)
1050.843 .... 3976 packets received, 7758 bps, 96.97%, Err 0 (0.0e+00)
1052.963 .... 3984 packets received, 7758 bps, 96.97%, Err 0 (0.0e+00)
1055.065 .... 3992 packets received, 7758 bps, 96.97%, Err 0 (0.0e+00)
1057.191 .... 4000 packets received, 7757 bps, 96.97%, Err 0 (0.0e+00)
1059.288 .... 4008 packets received, 7758 bps, 96.97%, Err 0 (0.0e+00)
1061.422 .... 4016 packets received, 7757 bps, 96.97%, Err 0 (0.0e+00)
1063.520 .... 4024 packets received, 7758 bps, 96.97%, Err 0 (0.0e+00)
1065.631 .... 4032 packets received, 7758 bps, 96.97%, Err 0 (0.0e+00)
1067.737 .... 4040 packets received, 7758 bps, 96.97%, Err 0 (0.0e+00)
1069.857 .... 4048 packets received, 7758 bps, 96.97%, Err 0 (0.0e+00)
1071.979 .... 4056 packets received, 7757 bps, 96.97%, Err 0 (0.0e+00)
1074.093 .... 4064 packets received, 7757 bps, 96.97%, Err 0 (0.0e+00)
1076.187 .... 4072 packets received, 7758 bps, 96.97%, Err 0 (0.0e+00)
1078.301 .... 4080 packets received, 7758 bps, 96.97%, Err 0 (0.0e+00)
1080.420 .... 4088 packets received, 7758 bps, 96.97%, Err 0 (0.0e+00)
1082.537 .... 4096 packets received, 7757 bps, 96.97%, Err 0 (0.0e+00)
1084.643 .... 4104 packets received, 7758 bps, 96.97%, Err 0 (0.0e+00)
1086.745 .... 4112 packets received, 7758 bps, 96.97%, Err 0 (0.0e+00)
1088.856 .... 4120 packets received, 7758 bps, 96.97%, Err 0 (0.0e+00)
1090.993 .... 4128 packets received, 7757 bps, 96.97%, Err 0 (0.0e+00)
1093.098 .... 4136 packets received, 7757 bps, 96.97%, Err 0 (0.0e+00)
1095.217 .... 4144 packets received, 7757 bps, 96.97%, Err 0 (0.0e+00)
1097.308 .... 4152 packets received, 7758 bps, 96.97%, Err 0 (0.0e+00)
1099.424 .... 4160 packets received, 7758 bps, 96.97%, Err 0 (0.0e+00)
1101.544 .... 4168 packets received, 7757 bps, 96.97%, Err 0 (0.0e+00)
1103.653 .... 4176 packets received, 7757 bps, 96.97%, Err 0 (0.0e+00)
1105.767 .... 4184 packets received, 7757 bps, 96.97%, Err 0 (0.0e+00)
1107.873 .... 4192 packets received, 7758 bps, 96.97%, Err 0 (0.0e+00)
1109.983 .... 4200 packets received, 7758 bps, 96.97%, Err 0 (0.0e+00)
1112.112 .... 4208 packets received, 7757 bps, 96.97%, Err 0 (0.0e+00)
1114.214 .... 4216 packets received, 7757 bps, 96.97%, Err 0 (0.0e+00)
1116.322 .... 4224 packets received, 7758 bps, 96.97%, Err 0 (0.0e+00)
1118.434 .... 4232 packets received, 7758 bps, 96.97%, Err 0 (0.0e+00)
1120.546 .... 4240 packets received, 7758 bps, 96.97%, Err 0 (0.0e+00)
1122.662 .... 4248 packets received, 7757 bps, 96.97%, Err 0 (0.0e+00)
1124.768 .... 4256 packets received, 7758 bps, 96.97%, Err 0 (0.0e+00)
1126.881 .... 4264 packets received, 7758 bps, 96.97%, Err 0 (0.0e+00)
1128.988 .... 4272 packets received, 7758 bps, 96.97%, Err 0 (0.0e+00)
1131.090 .... 4280 packets received, 7758 bps, 96.97%, Err 0 (0.0e+00)
1133.211 .... 4288 packets received, 7758 bps, 96.97%, Err 0 (0.0e+00)
1135.322 .... 4296 packets received, 7758 bps, 96.97%, Err 0 (0.0e+00)
1137.452 .... 4304 packets received, 7757 bps, 96.97%, Err 0 (0.0e+00)
1139.553 .... 4312 packets received, 7758 bps, 96.97%, Err 0 (0.0e+00)
1141.669 .... 4320 packets received, 7758 bps, 96.97%, Err 0 (0.0e+00)
1143.764 .... 4328 packets received, 7758 bps, 96.97%, Err 0 (0.0e+00)
1145.881 .... 4336 packets received, 7758 bps, 96.97%, Err 0 (0.0e+00)
1148.002 .... 4344 packets received, 7758 bps, 96.97%, Err 0 (0.0e+00)
1150.110 .... 4352 packets received, 7758 bps, 96.97%, Err 0 (0.0e+00)
1152.219 .... 4360 packets received, 7758 bps, 96.97%, Err 0 (0.0e+00)
1154.340 .... 4368 packets received, 7758 bps, 96.97%, Err 0 (0.0e+00)
1156.459 .... 4376 packets received, 7757 bps, 96.97%, Err 0 (0.0e+00)
1158.561 .... 4384 packets received, 7758 bps, 96.97%, Err 0 (0.0e+00)
1160.682 .... 4392 packets received, 7757 bps, 96.97%, Err 0 (0.0e+00)
1162.780 .... 4400 packets received, 7758 bps, 96.97%, Err 0 (0.0e+00)
1164.895 .... 4408 packets received, 7758 bps, 96.97%, Err 0 (0.0e+00)
1167.005 .... 4416 packets received, 7758 bps, 96.97%, Err 0 (0.0e+00)
1169.127 .... 4424 packets received, 7757 bps, 96.97%, Err 0 (0.0e+00)
1171.242 .... 4432 packets received, 7757 bps, 96.97%, Err 0 (0.0e+00)
1173.353 .... 4440 packets received, 7757 bps, 96.97%, Err 0 (0.0e+00)
1175.459 .... 4448 packets received, 7758 bps, 96.97%, Err 0 (0.0e+00)
1177.573 .... 4456 packets received, 7758 bps, 96.97%, Err 0 (0.0e+00)
1179.690 .... 4464 packets received, 7757 bps, 96.97%, Err 0 (0.0e+00)
1181.789 .... 4472 packets received, 7758 bps, 96.97%, Err 0 (0.0e+00)
1183.903 .... 4480 packets received, 7758 bps, 96.97%, Err 0 (0.0e+00)
1186.019 .... 4488 packets received, 7758 bps, 96.97%, Err 0 (0.0e+00)
1188.134 .... 4496 packets received, 7757 bps, 96.97%, Err 0 (0.0e+00)
1190.249 .... 4504 packets received, 7757 bps, 96.97%, Err 0 (0.0e+00)
1192.357 .... 4512 packets received, 7758 bps, 96.97%, Err 0 (0.0e+00)
1194.473 .... 4520 packets received, 7757 bps, 96.97%, Err 0 (0.0e+00)
1196.574 .... 4528 packets received, 7758 bps, 96.97%, Err 0 (0.0e+00)
1198.685 .... 4536 packets received, 7758 bps, 96.97%, Err 0 (0.0e+00)
1200.806 .... 4544 packets received, 7757 bps, 96.97%, Err 0 (0.0e+00)
1202.913 .... 4552 packets received, 7758 bps, 96.97%, Err 0 (0.0e+00)
1205.030 .... 4560 packets received, 7757 bps, 96.97%, Err 0 (0.0e+00)
1207.136 .... 4568 packets received, 7758 bps, 96.97%, Err 0 (0.0e+00)
1209.248 .... 4576 packets received, 7758 bps, 96.97%, Err 0 (0.0e+00)
1211.362 .... 4584 packets received, 7758 bps, 96.97%, Err 0 (0.0e+00)
1213.486 .... 4592 packets received, 7757 bps, 96.97%, Err 0 (0.0e+00)
1215.582 .... 4600 packets received, 7758 bps, 96.97%, Err 0 (0.0e+00)
1217.707 .... 4608 packets received, 7757 bps, 96.97%, Err 0 (0.0e+00)
1219.802 .... 4616 packets received, 7758 bps, 96.97%, Err 0 (0.0e+00)
1221.924 .... 4624 packets received, 7758 bps, 96.97%, Err 0 (0.0e+00)
1224.042 .... 4632 packets received, 7757 bps, 96.97%, Err 0 (0.0e+00)
1226.153 .... 4640 packets received, 7757 bps, 96.97%, Err 0 (0.0e+00)
1228.261 .... 4648 packets received, 7758 bps, 96.97%, Err 0 (0.0e+00)
1230.382 .... 4656 packets received, 7757 bps, 96.97%, Err 0 (0.0e+00)
1232.479 .... 4664 packets received, 7758 bps, 96.97%, Err 0 (0.0e+00)
1234.588 .... 4672 packets received, 7758 bps, 96.97%, Err 0 (0.0e+00)
1236.709 .... 4680 packets received, 7758 bps, 96.97%, Err 0 (0.0e+00)
1238.818 .... 4688 packets received, 7758 bps, 96.97%, Err 0 (0.0e+00)
1240.919 .... 4696 packets received, 7758 bps, 96.97%, Err 0 (0.0e+00)
1243.035 .... 4704 packets received, 7758 bps, 96.97%, Err 0 (0.0e+00)
1245.140 .... 4712 packets received, 7758 bps, 96.97%, Err 0 (0.0e+00)
1247.253 .... 4720 packets received, 7758 bps, 96.97%, Err 0 (0.0e+00)
1249.392 .... 4728 packets received, 7757 bps, 96.97%, Err 0 (0.0e+00)
1251.491 .... 4736 packets received, 7758 bps, 96.97%, Err 0 (0.0e+00)
1253.605 .... 4744 packets received, 7758 bps, 96.97%, Err 0 (0.0e+00)
1255.711 .... 4752 packets received, 7758 bps, 96.97%, Err 0 (0.0e+00)
1257.848 .... 4760 packets received, 7757 bps, 96.97%, Err 0 (0.0e+00)
1259.940 .... 4768 packets received, 7758 bps, 96.97%, Err 0 (0.0e+00)
1262.043 .... 4776 packets received, 7758 bps, 96.97%, Err 0 (0.0e+00)
1264.161 .... 4784 packets received, 7758 bps, 96.97%, Err 0 (0.0e+00)
1266.277 .... 4792 packets received, 7758 bps, 96.97%, Err 0 (0.0e+00)
1268.401 .... 4800 packets received, 7757 bps, 96.97%, Err 0 (0.0e+00)
1270.498 .... 4808 packets received, 7758 bps, 96.97%, Err 0 (0.0e+00)
1272.615 .... 4816 packets received, 7757 bps, 96.97%, Err 0 (0.0e+00)
1274.711 .... 4824 packets received, 7758 bps, 96.97%, Err 0 (0.0e+00)
1276.837 .... 4832 packets received, 7758 bps, 96.97%, Err 0 (0.0e+00)
1278.948 .... 4840 packets received, 7758 bps, 96.97%, Err 0 (0.0e+00)
1281.072 .... 4848 packets received, 7757 bps, 96.97%, Err 0 (0.0e+00)
1283.173 .... 4856 packets received, 7758 bps, 96.97%, Err 0 (0.0e+00)
1285.290 .... 4864 packets received, 7757 bps, 96.97%, Err 0 (0.0e+00)
1287.397 .... 4872 packets received, 7758 bps, 96.97%, Err 0 (0.0e+00)
1289.506 .... 4880 packets received, 7758 bps, 96.97%, Err 0 (0.0e+00)
1291.623 .... 4888 packets received, 7757 bps, 96.97%, Err 0 (0.0e+00)
1293.736 .... 4896 packets received, 7757 bps, 96.97%, Err 0 (0.0e+00)
1295.844 .... 4904 packets received, 7758 bps, 96.97%, Err 0 (0.0e+00)
1297.958 .... 4912 packets received, 7758 bps, 96.97%, Err 0 (0.0e+00)
1300.077 .... 4920 packets received, 7757 bps, 96.97%, Err 0 (0.0e+00)
1302.174 .... 4928 packets received, 7758 bps, 96.97%, Err 0 (0.0e+00)
1304.285 .... 4936 packets received, 7758 bps, 96.97%, Err 0 (0.0e+00)
1306.387 .... 4944 packets received, 7758 bps, 96.97%, Err 0 (0.0e+00)
1308.521 .... 4952 packets received, 7757 bps, 96.97%, Err 0 (0.0e+00)
1310.632 .... 4960 packets received, 7757 bps, 96.97%, Err 0 (0.0e+00)
1312.728 .... 4968 packets received, 7758 bps, 96.97%, Err 0 (0.0e+00)
1314.845 .... 4976 packets received, 7758 bps, 96.97%, Err 0 (0.0e+00)
1316.965 .... 4984 packets received, 7758 bps, 96.97%, Err 0 (0.0e+00)
1319.067 .... 4992 packets received, 7758 bps, 96.97%, Err 0 (0.0e+00)
1321.178 .... 5000 packets received, 7758 bps, 96.97%, Err 0 (0.0e+00)
1323.294 .... 5008 packets received, 7758 bps, 96.97%, Err 0 (0.0e+00)
1325.416 .... 5016 packets received, 7757 bps, 96.97%, Err 0 (0.0e+00)
1327.515 .... 5024 packets received, 7758 bps, 96.97%, Err 0 (0.0e+00)
1329.640 .... 5032 packets received, 7757 bps, 96.97%, Err 0 (0.0e+00)
1331.738 .... 5040 packets received, 7758 bps, 96.97%, Err 0 (0.0e+00)
1333.870 .... 5048 packets received, 7757 bps, 96.97%, Err 0 (0.0e+00)
1335.963 .... 5056 packets received, 7758 bps, 96.97%, Err 0 (0.0e+00)
1338.079 .... 5064 packets received, 7758 bps, 96.97%, Err 0 (0.0e+00)
1340.206 .... 5072 packets received, 7757 bps, 96.97%, Err 0 (0.0e+00)
1342.309 .... 5080 packets received, 7758 bps, 96.97%, Err 0 (0.0e+00)
1344.418 .... 5088 packets received, 7758 bps, 96.97%, Err 0 (0.0e+00)
1346.532 .... 5096 packets received, 7758 bps, 96.97%, Err 0 (0.0e+00)
1348.645 .... 5104 packets received, 7758 bps, 96.97%, Err 0 (0.0e+00)
1350.759 .... 5112 packets received, 7758 bps, 96.97%, Err 0 (0.0e+00)
1352.878 .... 5120 packets received, 7757 bps, 96.97%, Err 0 (0.0e+00)
1354.976 .... 5128 packets received, 7758 bps, 96.97%, Err 0 (0.0e+00)
1357.086 .... 5136 packets received, 7758 bps, 96.97%, Err 0 (0.0e+00)
1359.203 .... 5144 packets received, 7758 bps, 96.97%, Err 0 (0.0e+00)
1361.315 .... 5152 packets received, 7758 bps, 96.97%, Err 0 (0.0e+00)
1363.439 .... 5160 packets received, 7757 bps, 96.97%, Err 0 (0.0e+00)
1365.552 .... 5168 packets received, 7757 bps, 96.97%, Err 0 (0.0e+00)
1367.661 .... 5176 packets received, 7757 bps, 96.97%, Err 0 (0.0e+00)
1369.763 .... 5184 packets received, 7758 bps, 96.97%, Err 0 (0.0e+00)
1371.880 .... 5192 packets received, 7757 bps, 96.97%, Err 0 (0.0e+00)
1373.995 .... 5200 packets received, 7757 bps, 96.97%, Err 0 (0.0e+00)
1376.096 .... 5208 packets received, 7758 bps, 96.97%, Err 0 (0.0e+00)
1378.213 .... 5216 packets received, 7758 bps, 96.97%, Err 0 (0.0e+00)
1380.319 .... 5224 packets received, 7758 bps, 96.97%, Err 0 (0.0e+00)
1382.427 .... 5232 packets received, 7758 bps, 96.97%, Err 0 (0.0e+00)
1384.550 .... 5240 packets received, 7758 bps, 96.97%, Err 0 (0.0e+00)
1386.665 .... 5248 packets received, 7757 bps, 96.97%, Err 0 (0.0e+00)
1388.777 .... 5256 packets received, 7757 bps, 96.97%, Err 0 (0.0e+00)
1390.887 .... 5264 packets received, 7758 bps, 96.97%, Err 0 (0.0e+00)
1393.012 .... 5272 packets received, 7757 bps, 96.97%, Err 0 (0.0e+00)
1395.096 .... 5280 packets received, 7758 bps, 96.97%, Err 0 (0.0e+00)
1397.221 .... 5288 packets received, 7758 bps, 96.97%, Err 0 (0.0e+00)
1399.337 .... 5296 packets received, 7757 bps, 96.97%, Err 0 (0.0e+00)
1401.456 .... 5304 packets received, 7757 bps, 96.97%, Err 0 (0.0e+00)
1403.537 .... 5312 packets received, 7758 bps, 96.97%, Err 0 (0.0e+00)
1405.673 .... 5320 packets received, 7757 bps, 96.97%, Err 0 (0.0e+00)
1407.775 .... 5328 packets received, 7758 bps, 96.97%, Err 0 (0.0e+00)
1409.876 .... 5336 packets received, 7758 bps, 96.97%, Err 0 (0.0e+00)
1412.019 .... 5344 packets received, 7757 bps, 96.97%, Err 0 (0.0e+00)
1414.121 .... 5352 packets received, 7757 bps, 96.97%, Err 0 (0.0e+00)
1416.222 .... 5360 packets received, 7758 bps, 96.97%, Err 0 (0.0e+00)
1418.344 .... 5368 packets received, 7757 bps, 96.97%, Err 0 (0.0e+00)
1420.456 .... 5376 packets received, 7757 bps, 96.97%, Err 0 (0.0e+00)
1422.547 .... 5384 packets received, 7758 bps, 96.97%, Err 0 (0.0e+00)
1424.674 .... 5392 packets received, 7758 bps, 96.97%, Err 0 (0.0e+00)
1426.803 .... 5400 packets received, 7757 bps, 96.97%, Err 0 (0.0e+00)
1428.900 .... 5408 packets received, 7758 bps, 96.97%, Err 0 (0.0e+00)
1430.999 .... 5416 packets received, 7758 bps, 96.97%, Err 0 (0.0e+00)
1433.140 .... 5424 packets received, 7757 bps, 96.97%, Err 0 (0.0e+00)
1435.248 .... 5432 packets received, 7757 bps, 96.97%, Err 0 (0.0e+00)
1437.349 .... 5440 packets received, 7758 bps, 96.97%, Err 0 (0.0e+00)
1439.472 .... 5448 packets received, 7757 bps, 96.97%, Err 0 (0.0e+00)
1441.569 .... 5456 packets received, 7758 bps, 96.97%, Err 0 (0.0e+00)
1443.689 .... 5464 packets received, 7757 bps, 96.97%, Err 0 (0.0e+00)
1445.810 .... 5472 packets received, 7757 bps, 96.97%, Err 0 (0.0e+00)
1447.909 .... 5480 packets received, 7758 bps, 96.97%, Err 0 (0.0e+00)
1450.037 .... 5488 packets received, 7757 bps, 96.97%, Err 0 (0.0e+00)
1452.153 .... 5496 packets received, 7757 bps, 96.97%, Err 0 (0.0e+00)
1454.239 .... 5504 packets received, 7758 bps, 96.97%, Err 0 (0.0e+00)
1456.353 .... 5512 packets received, 7758 bps, 96.97%, Err 0 (0.0e+00)
1458.477 .... 5520 packets received, 7757 bps, 96.97%, Err 0 (0.0e+00)
1460.590 .... 5528 packets received, 7757 bps, 96.97%, Err 0 (0.0e+00)
1462.709 .... 5536 packets received, 7757 bps, 96.97%, Err 0 (0.0e+00)
1464.818 .... 5544 packets received, 7757 bps, 96.97%, Err 0 (0.0e+00)
1466.925 .... 5552 packets received, 7757 bps, 96.97%, Err 0 (0.0e+00)
1469.019 .... 5560 packets received, 7758 bps, 96.97%, Err 0 (0.0e+00)
1471.141 .... 5568 packets received, 7758 bps, 96.97%, Err 0 (0.0e+00)
1473.247 .... 5576 packets received, 7758 bps, 96.97%, Err 0 (0.0e+00)
1475.374 .... 5584 packets received, 7757 bps, 96.97%, Err 0 (0.0e+00)
1477.484 .... 5592 packets received, 7757 bps, 96.97%, Err 0 (0.0e+00)
1479.592 .... 5600 packets received, 7758 bps, 96.97%, Err 0 (0.0e+00)
1481.711 .... 5608 packets received, 7757 bps, 96.97%, Err 0 (0.0e+00)
1483.813 .... 5616 packets received, 7758 bps, 96.97%, Err 0 (0.0e+00)
1485.935 .... 5624 packets received, 7757 bps, 96.97%, Err 0 (0.0e+00)
1488.035 .... 5632 packets received, 7758 bps, 96.97%, Err 0 (0.0e+00)
1490.136 .... 5640 packets received, 7758 bps, 96.97%, Err 0 (0.0e+00)
1492.262 .... 5648 packets received, 7758 bps, 96.97%, Err 0 (0.0e+00)
1494.377 .... 5656 packets received, 7757 bps, 96.97%, Err 0 (0.0e+00)
1496.501 .... 5664 packets received, 7757 bps, 96.97%, Err 0 (0.0e+00)
1498.599 .... 5672 packets received, 7758 bps, 96.97%, Err 0 (0.0e+00)
1500.704 .... 5680 packets received, 7758 bps, 96.97%, Err 0 (0.0e+00)
1502.812 .... 5688 packets received, 7758 bps, 96.97%, Err 0 (0.0e+00)
1504.927 .... 5696 packets received, 7758 bps, 96.97%, Err 0 (0.0e+00)
1507.052 .... 5704 packets received, 7757 bps, 96.97%, Err 0 (0.0e+00)
1509.138 .... 5712 packets received, 7758 bps, 96.97%, Err 0 (0.0e+00)
1511.268 .... 5720 packets received, 7758 bps, 96.97%, Err 0 (0.0e+00)
1513.383 .... 5728 packets received, 7758 bps, 96.97%, Err 0 (0.0e+00)
1515.480 .... 5736 packets received, 7758 bps, 96.97%, Err 0 (0.0e+00)
1517.599 .... 5744 packets received, 7758 bps, 96.97%, Err 0 (0.0e+00)
1519.702 .... 5752 packets received, 7758 bps, 96.97%, Err 0 (0.0e+00)
1521.821 .... 5760 packets received, 7758 bps, 96.97%, Err 0 (0.0e+00)
1523.925 .... 5768 packets received, 7758 bps, 96.97%, Err 0 (0.0e+00)
1526.046 .... 5776 packets received, 7758 bps, 96.97%, Err 0 (0.0e+00)
1528.157 .... 5784 packets received, 7758 bps, 96.97%, Err 0 (0.0e+00)
1530.273 .... 5792 packets received, 7758 bps, 96.97%, Err 0 (0.0e+00)
1532.382 .... 5800 packets received, 7758 bps, 96.97%, Err 0 (0.0e+00)
1534.485 .... 5808 packets received, 7758 bps, 96.97%, Err 0 (0.0e+00)
1536.619 .... 5816 packets received, 7757 bps, 96.97%, Err 0 (0.0e+00)
1538.728 .... 5824 packets received, 7758 bps, 96.97%, Err 0 (0.0e+00)
1540.838 .... 5832 packets received, 7758 bps, 96.97%, Err 0 (0.0e+00)
1542.938 .... 5840 packets received, 7758 bps, 96.97%, Err 0 (0.0e+00)
1545.070 .... 5848 packets received, 7757 bps, 96.97%, Err 0 (0.0e+00)
1547.179 .... 5856 packets received, 7757 bps, 96.97%, Err 0 (0.0e+00)
1549.287 .... 5864 packets received, 7758 bps, 96.97%, Err 0 (0.0e+00)
1551.387 .... 5872 packets received, 7758 bps, 96.97%, Err 0 (0.0e+00)
1553.507 .... 5880 packets received, 7758 bps, 96.97%, Err 0 (0.0e+00)
1555.611 .... 5888 packets received, 7758 bps, 96.97%, Err 0 (0.0e+00)
1557.722 .... 5896 packets received, 7758 bps, 96.97%, Err 0 (0.0e+00)
1559.835 .... 5904 packets received, 7758 bps, 96.97%, Err 0 (0.0e+00)
1561.951 .... 5912 packets received, 7758 bps, 96.97%, Err 0 (0.0e+00)
1564.063 .... 5920 packets received, 7758 bps, 96.97%, Err 0 (0.0e+00)
1566.172 .... 5928 packets received, 7758 bps, 96.97%, Err 0 (0.0e+00)
1568.297 .... 5936 packets received, 7758 bps, 96.97%, Err 0 (0.0e+00)
1570.404 .... 5944 packets received, 7758 bps, 96.97%, Err 0 (0.0e+00)
1572.524 .... 5952 packets received, 7757 bps, 96.97%, Err 0 (0.0e+00)
1574.624 .... 5960 packets received, 7758 bps, 96.97%, Err 0 (0.0e+00)
1576.739 .... 5968 packets received, 7758 bps, 96.97%, Err 0 (0.0e+00)
1578.847 .... 5976 packets received, 7758 bps, 96.97%, Err 0 (0.0e+00)
1580.968 .... 5984 packets received, 7758 bps, 96.97%, Err 0 (0.0e+00)
1583.091 .... 5992 packets received, 7757 bps, 96.97%, Err 0 (0.0e+00)
1585.193 .... 6000 packets received, 7758 bps, 96.97%, Err 0 (0.0e+00)
1587.305 .... 6008 packets received, 7758 bps, 96.97%, Err 0 (0.0e+00)
1589.408 .... 6016 packets received, 7758 bps, 96.97%, Err 0 (0.0e+00)
1591.529 .... 6024 packets received, 7758 bps, 96.97%, Err 0 (0.0e+00)
1593.632 .... 6032 packets received, 7758 bps, 96.97%, Err 0 (0.0e+00)
1595.734 .... 6040 packets received, 7758 bps, 96.97%, Err 0 (0.0e+00)
1597.843 .... 6048 packets received, 7758 bps, 96.97%, Err 0 (0.0e+00)
1599.985 .... 6056 packets received, 7757 bps, 96.97%, Err 0 (0.0e+00)
1602.083 .... 6064 packets received, 7758 bps, 96.97%, Err 0 (0.0e+00)
1604.200 .... 6072 packets received, 7758 bps, 96.97%, Err 0 (0.0e+00)
1606.307 .... 6080 packets received, 7758 bps, 96.97%, Err 0 (0.0e+00)
1608.414 .... 6088 packets received, 7758 bps, 96.97%, Err 0 (0.0e+00)
1610.520 .... 6096 packets received, 7758 bps, 96.97%, Err 0 (0.0e+00)
1612.648 .... 6104 packets received, 7758 bps, 96.97%, Err 0 (0.0e+00)
1614.753 .... 6112 packets received, 7758 bps, 96.97%, Err 0 (0.0e+00)
1616.878 .... 6120 packets received, 7757 bps, 96.97%, Err 0 (0.0e+00)
1618.973 .... 6128 packets received, 7758 bps, 96.97%, Err 0 (0.0e+00)
1621.078 .... 6136 packets received, 7758 bps, 96.97%, Err 0 (0.0e+00)
1623.209 .... 6144 packets received, 7758 bps, 96.97%, Err 0 (0.0e+00)
1625.314 .... 6152 packets received, 7758 bps, 96.97%, Err 0 (0.0e+00)
1627.428 .... 6160 packets received, 7758 bps, 96.97%, Err 0 (0.0e+00)
1629.536 .... 6168 packets received, 7758 bps, 96.97%, Err 0 (0.0e+00)
1631.646 .... 6176 packets received, 7758 bps, 96.97%, Err 0 (0.0e+00)
1633.756 .... 6184 packets received, 7758 bps, 96.97%, Err 0 (0.0e+00)
1635.861 .... 6192 packets received, 7758 bps, 96.97%, Err 0 (0.0e+00)
1637.983 .... 6200 packets received, 7758 bps, 96.97%, Err 0 (0.0e+00)
1640.091 .... 6208 packets received, 7758 bps, 96.97%, Err 0 (0.0e+00)
1642.224 .... 6216 packets received, 7757 bps, 96.97%, Err 0 (0.0e+00)
1644.329 .... 6224 packets received, 7758 bps, 96.97%, Err 0 (0.0e+00)
1646.442 .... 6232 packets received, 7758 bps, 96.97%, Err 0 (0.0e+00)
1648.551 .... 6240 packets received, 7758 bps, 96.97%, Err 0 (0.0e+00)
1650.683 .... 6248 packets received, 7757 bps, 96.97%, Err 0 (0.0e+00)
1652.772 .... 6256 packets received, 7758 bps, 96.97%, Err 0 (0.0e+00)
1654.898 .... 6264 packets received, 7757 bps, 96.97%, Err 0 (0.0e+00)
1656.988 .... 6272 packets received, 7758 bps, 96.97%, Err 0 (0.0e+00)
1659.104 .... 6280 packets received, 7758 bps, 96.97%, Err 0 (0.0e+00)
1661.208 .... 6288 packets received, 7758 bps, 96.97%, Err 0 (0.0e+00)
1663.326 .... 6296 packets received, 7758 bps, 96.97%, Err 0 (0.0e+00)
1665.448 .... 6304 packets received, 7758 bps, 96.97%, Err 0 (0.0e+00)
1667.543 .... 6312 packets received, 7758 bps, 96.97%, Err 0 (0.0e+00)
1669.666 .... 6320 packets received, 7758 bps, 96.97%, Err 0 (0.0e+00)
1671.793 .... 6328 packets received, 7757 bps, 96.97%, Err 0 (0.0e+00)
1673.901 .... 6336 packets received, 7757 bps, 96.97%, Err 0 (0.0e+00)
1676.002 .... 6344 packets received, 7758 bps, 96.97%, Err 0 (0.0e+00)
1678.115 .... 6352 packets received, 7758 bps, 96.97%, Err 0 (0.0e+00)
1680.238 .... 6360 packets received, 7757 bps, 96.97%, Err 0 (0.0e+00)
1682.344 .... 6368 packets received, 7758 bps, 96.97%, Err 0 (0.0e+00)
1684.445 .... 6376 packets received, 7758 bps, 96.97%, Err 0 (0.0e+00)
1686.575 .... 6384 packets received, 7757 bps, 96.97%, Err 0 (0.0e+00)
1688.660 .... 6392 packets received, 7758 bps, 96.97%, Err 0 (0.0e+00)
1690.789 .... 6400 packets received, 7758 bps, 96.97%, Err 0 (0.0e+00)
1692.890 .... 6408 packets received, 7758 bps, 96.97%, Err 0 (0.0e+00)
1695.006 .... 6416 packets received, 7758 bps, 96.97%, Err 0 (0.0e+00)
1697.116 .... 6424 packets received, 7758 bps, 96.97%, Err 0 (0.0e+00)
1699.235 .... 6432 packets received, 7758 bps, 96.97%, Err 0 (0.0e+00)
1701.347 .... 6440 packets received, 7758 bps, 96.97%, Err 0 (0.0e+00)
1703.462 .... 6448 packets received, 7758 bps, 96.97%, Err 0 (0.0e+00)
1705.562 .... 6456 packets received, 7758 bps, 96.97%, Err 0 (0.0e+00)
1707.677 .... 6464 packets received, 7758 bps, 96.97%, Err 0 (0.0e+00)
1709.800 .... 6472 packets received, 7758 bps, 96.97%, Err 0 (0.0e+00)
1711.901 .... 6480 packets received, 7758 bps, 96.97%, Err 0 (0.0e+00)
1714.020 .... 6488 packets received, 7758 bps, 96.97%, Err 0 (0.0e+00)
1716.126 .... 6496 packets received, 7758 bps, 96.97%, Err 0 (0.0e+00)
1718.245 .... 6504 packets received, 7758 bps, 96.97%, Err 0 (0.0e+00)
1720.343 .... 6512 packets received, 7758 bps, 96.97%, Err 0 (0.0e+00)
1722.471 .... 6520 packets received, 7758 bps, 96.97%, Err 0 (0.0e+00)
1724.576 .... 6528 packets received, 7758 bps, 96.97%, Err 0 (0.0e+00)
1726.696 .... 6536 packets received, 7758 bps, 96.97%, Err 0 (0.0e+00)
1728.794 .... 6544 packets received, 7758 bps, 96.97%, Err 0 (0.0e+00)
1730.903 .... 6552 packets received, 7758 bps, 96.97%, Err 0 (0.0e+00)
1733.033 .... 6560 packets received, 7758 bps, 96.97%, Err 0 (0.0e+00)
1735.139 .... 6568 packets received, 7758 bps, 96.97%, Err 0 (0.0e+00)
1737.256 .... 6576 packets received, 7758 bps, 96.97%, Err 0 (0.0e+00)
1739.376 .... 6584 packets received, 7757 bps, 96.97%, Err 0 (0.0e+00)
1741.471 .... 6592 packets received, 7758 bps, 96.97%, Err 0 (0.0e+00)
1743.600 .... 6600 packets received, 7757 bps, 96.97%, Err 0 (0.0e+00)
1745.695 .... 6608 packets received, 7758 bps, 96.97%, Err 0 (0.0e+00)
1747.809 .... 6616 packets received, 7758 bps, 96.97%, Err 0 (0.0e+00)
1749.906 .... 6624 packets received, 7758 bps, 96.97%, Err 0 (0.0e+00)
1752.039 .... 6632 packets received, 7758 bps, 96.97%, Err 0 (0.0e+00)
1754.157 .... 6640 packets received, 7757 bps, 96.97%, Err 0 (0.0e+00)
1756.267 .... 6648 packets received, 7758 bps, 96.97%, Err 0 (0.0e+00)
1758.376 .... 6656 packets received, 7758 bps, 96.97%, Err 0 (0.0e+00)
1760.491 .... 6664 packets received, 7758 bps, 96.97%, Err 0 (0.0e+00)
1762.595 .... 6672 packets received, 7758 bps, 96.97%, Err 0 (0.0e+00)
1764.728 .... 6680 packets received, 7757 bps, 96.97%, Err 0 (0.0e+00)
1766.822 .... 6688 packets received, 7758 bps, 96.97%, Err 0 (0.0e+00)
1768.941 .... 6696 packets received, 7757 bps, 96.97%, Err 0 (0.0e+00)
1771.049 .... 6704 packets received, 7758 bps, 96.97%, Err 0 (0.0e+00)
1773.160 .... 6712 packets received, 7758 bps, 96.97%, Err 0 (0.0e+00)
1775.277 .... 6720 packets received, 7757 bps, 96.97%, Err 0 (0.0e+00)
1777.374 .... 6728 packets received, 7758 bps, 96.97%, Err 0 (0.0e+00)
1779.496 .... 6736 packets received, 7758 bps, 96.97%, Err 0 (0.0e+00)
1781.594 .... 6744 packets received, 7758 bps, 96.97%, Err 0 (0.0e+00)
1783.712 .... 6752 packets received, 7758 bps, 96.97%, Err 0 (0.0e+00)
1785.820 .... 6760 packets received, 7758 bps, 96.97%, Err 0 (0.0e+00)
1787.931 .... 6768 packets received, 7758 bps, 96.97%, Err 0 (0.0e+00)
1790.070 .... 6776 packets received, 7757 bps, 96.97%, Err 0 (0.0e+00)
1792.154 .... 6784 packets received, 7758 bps, 96.97%, Err 0 (0.0e+00)
1794.280 .... 6792 packets received, 7758 bps, 96.97%, Err 0 (0.0e+00)
1796.380 .... 6800 packets received, 7758 bps, 96.97%, Err 0 (0.0e+00)
1798.505 .... 6808 packets received, 7758 bps, 96.97%, Err 0 (0.0e+00)
1800.608 .... 6816 packets received, 7758 bps, 96.97%, Err 0 (0.0e+00)
1802.713 .... 6824 packets received, 7758 bps, 96.97%, Err 0 (0.0e+00)
1804.828 .... 6832 packets received, 7758 bps, 96.97%, Err 0 (0.0e+00)
1806.937 .... 6840 packets received, 7758 bps, 96.97%, Err 0 (0.0e+00)
1809.064 .... 6848 packets received, 7758 bps, 96.97%, Err 0 (0.0e+00)
1811.169 .... 6856 packets received, 7758 bps, 96.97%, Err 0 (0.0e+00)
1813.273 .... 6864 packets received, 7758 bps, 96.97%, Err 0 (0.0e+00)
1815.395 .... 6872 packets received, 7758 bps, 96.97%, Err 0 (0.0e+00)
1817.507 .... 6880 packets received, 7758 bps, 96.97%, Err 0 (0.0e+00)
1819.605 .... 6888 packets received, 7758 bps, 96.97%, Err 0 (0.0e+00)
1821.736 .... 6896 packets received, 7758 bps, 96.97%, Err 0 (0.0e+00)
1823.847 .... 6904 packets received, 7758 bps, 96.97%, Err 0 (0.0e+00)
1825.964 .... 6912 packets received, 7757 bps, 96.97%, Err 0 (0.0e+00)
1828.062 .... 6920 packets received, 7758 bps, 96.97%, Err 0 (0.0e+00)
1830.180 .... 6928 packets received, 7758 bps, 96.97%, Err 0 (0.0e+00)
1832.294 .... 6936 packets received, 7758 bps, 96.97%, Err 0 (0.0e+00)
1834.420 .... 6944 packets received, 7757 bps, 96.97%, Err 0 (0.0e+00)
1836.525 .... 6952 packets received, 7757 bps, 96.97%, Err 0 (0.0e+00)
1838.615 .... 6960 packets received, 7758 bps, 96.97%, Err 0 (0.0e+00)
1840.743 .... 6968 packets received, 7758 bps, 96.97%, Err 0 (0.0e+00)
1842.841 .... 6976 packets received, 7758 bps, 96.97%, Err 0 (0.0e+00)
1844.958 .... 6984 packets received, 7758 bps, 96.97%, Err 0 (0.0e+00)
1847.084 .... 6992 packets received, 7758 bps, 96.97%, Err 0 (0.0e+00)
1849.194 .... 7000 packets received, 7758 bps, 96.97%, Err 0 (0.0e+00)
1851.308 .... 7008 packets received, 7758 bps, 96.97%, Err 0 (0.0e+00)
1853.422 .... 7016 packets received, 7757 bps, 96.97%, Err 0 (0.0e+00)
1855.515 .... 7024 packets received, 7758 bps, 96.97%, Err 0 (0.0e+00)
1857.626 .... 7032 packets received, 7758 bps, 96.97%, Err 0 (0.0e+00)
1859.742 .... 7040 packets received, 7758 bps, 96.97%, Err 0 (0.0e+00)
1861.865 .... 7048 packets received, 7758 bps, 96.97%, Err 0 (0.0e+00)
1863.978 .... 7056 packets received, 7758 bps, 96.97%, Err 0 (0.0e+00)
1866.072 .... 7064 packets received, 7758 bps, 96.97%, Err 0 (0.0e+00)
1868.192 .... 7072 packets received, 7758 bps, 96.97%, Err 0 (0.0e+00)
1870.328 .... 7080 packets received, 7757 bps, 96.97%, Err 0 (0.0e+00)
1872.421 .... 7088 packets received, 7758 bps, 96.97%, Err 0 (0.0e+00)
1874.549 .... 7096 packets received, 7757 bps, 96.97%, Err 0 (0.0e+00)
1876.655 .... 7104 packets received, 7757 bps, 96.97%, Err 0 (0.0e+00)
1878.750 .... 7112 packets received, 7758 bps, 96.97%, Err 0 (0.0e+00)
1880.874 .... 7120 packets received, 7758 bps, 96.97%, Err 0 (0.0e+00)
1882.967 .... 7128 packets received, 7758 bps, 96.97%, Err 0 (0.0e+00)
1885.107 .... 7136 packets received, 7757 bps, 96.97%, Err 0 (0.0e+00)
1887.192 .... 7144 packets received, 7758 bps, 96.97%, Err 0 (0.0e+00)
1889.318 .... 7152 packets received, 7758 bps, 96.97%, Err 0 (0.0e+00)
1891.431 .... 7160 packets received, 7758 bps, 96.97%, Err 0 (0.0e+00)
1893.527 .... 7168 packets received, 7758 bps, 96.97%, Err 0 (0.0e+00)
1895.659 .... 7176 packets received, 7758 bps, 96.97%, Err 0 (0.0e+00)
1897.778 .... 7184 packets received, 7757 bps, 96.97%, Err 0 (0.0e+00)
1899.868 .... 7192 packets received, 7758 bps, 96.97%, Err 0 (0.0e+00)
1901.996 .... 7200 packets received, 7758 bps, 96.97%, Err 0 (0.0e+00)
1904.101 .... 7208 packets received, 7758 bps, 96.97%, Err 0 (0.0e+00)
1906.210 .... 7216 packets received, 7758 bps, 96.97%, Err 0 (0.0e+00)
1908.327 .... 7224 packets received, 7758 bps, 96.97%, Err 0 (0.0e+00)
1910.442 .... 7232 packets received, 7758 bps, 96.97%, Err 0 (0.0e+00)
1912.560 .... 7240 packets received, 7757 bps, 96.97%, Err 0 (0.0e+00)
1914.649 .... 7248 packets received, 7758 bps, 96.97%, Err 0 (0.0e+00)
1916.778 .... 7256 packets received, 7758 bps, 96.97%, Err 0 (0.0e+00)
1918.884 .... 7264 packets received, 7758 bps, 96.97%, Err 0 (0.0e+00)
1920.994 .... 7272 packets received, 7758 bps, 96.97%, Err 0 (0.0e+00)
1923.107 .... 7280 packets received, 7758 bps, 96.97%, Err 0 (0.0e+00)
1925.207 .... 7288 packets received, 7758 bps, 96.97%, Err 0 (0.0e+00)
1927.340 .... 7296 packets received, 7758 bps, 96.97%, Err 0 (0.0e+00)
1929.433 .... 7304 packets received, 7758 bps, 96.97%, Err 0 (0.0e+00)
1931.549 .... 7312 packets received, 7758 bps, 96.97%, Err 0 (0.0e+00)
1933.659 .... 7320 packets received, 7758 bps, 96.97%, Err 0 (0.0e+00)
1935.777 .... 7328 packets received, 7758 bps, 96.97%, Err 0 (0.0e+00)
1937.898 .... 7336 packets received, 7758 bps, 96.97%, Err 0 (0.0e+00)
1940.003 .... 7344 packets received, 7758 bps, 96.97%, Err 0 (0.0e+00)
1942.116 .... 7352 packets received, 7758 bps, 96.97%, Err 0 (0.0e+00)
1944.225 .... 7360 packets received, 7758 bps, 96.97%, Err 0 (0.0e+00)
1946.339 .... 7368 packets received, 7758 bps, 96.97%, Err 0 (0.0e+00)
1948.458 .... 7376 packets received, 7758 bps, 96.97%, Err 0 (0.0e+00)
1950.573 .... 7384 packets received, 7758 bps, 96.97%, Err 0 (0.0e+00)
1952.680 .... 7392 packets received, 7758 bps, 96.97%, Err 0 (0.0e+00)
1954.776 .... 7400 packets received, 7758 bps, 96.97%, Err 0 (0.0e+00)
1956.900 .... 7408 packets received, 7758 bps, 96.97%, Err 0 (0.0e+00)
1959.014 .... 7416 packets received, 7758 bps, 96.97%, Err 0 (0.0e+00)
1961.121 .... 7424 packets received, 7758 bps, 96.97%, Err 0 (0.0e+00)
1963.227 .... 7432 packets received, 7758 bps, 96.97%, Err 0 (0.0e+00)
1965.354 .... 7440 packets received, 7758 bps, 96.97%, Err 0 (0.0e+00)
1967.460 .... 7448 packets received, 7758 bps, 96.97%, Err 0 (0.0e+00)
1969.572 .... 7456 packets received, 7758 bps, 96.97%, Err 0 (0.0e+00)
1971.685 .... 7464 packets received, 7758 bps, 96.97%, Err 0 (0.0e+00)
1973.807 .... 7472 packets received, 7757 bps, 96.97%, Err 0 (0.0e+00)
1975.896 .... 7480 packets received, 7758 bps, 96.97%, Err 0 (0.0e+00)
1978.027 .... 7488 packets received, 7758 bps, 96.97%, Err 0 (0.0e+00)
1980.129 .... 7496 packets received, 7758 bps, 96.97%, Err 0 (0.0e+00)
1982.242 .... 7504 packets received, 7758 bps, 96.97%, Err 0 (0.0e+00)
1984.353 .... 7512 packets received, 7758 bps, 96.97%, Err 0 (0.0e+00)
1986.461 .... 7520 packets received, 7758 bps, 96.97%, Err 0 (0.0e+00)
1987.369 TCP Disconnected.
