000.000 =============================================================
000.000                     Station A                               
000.000 -------------------------------------------------------------
000.000 Protocol.lib, version 4.0, jiangyanjun0718@bupt.edu.cn
000.000 Channel: 8000 bps, 270 ms propagation delay, bit error rate 0
000.000 Log file "au.log", TCP port 59145, debug mask 0x07
000.000 Station A is waiting for station B on TCP port 59145 ... Done.
000.319 New epoch: Sat May 20 17:34:03 2023
000.319 =================================================================
000.319 
000.319 Designed by Li Ruobin, build: May 20 2023  02:25:18
000.319 Send DATA SEQ:0 ACK:127 ID:10000
000.319 Start 0 timer
000.319 Change Sender's window,lower edge:0,upper edge:0
000.563 Send DATA SEQ:1 ACK:127 ID:10001
000.563 Start 1 timer
000.563 Change Sender's window,lower edge:0,upper edge:1
000.827 Send DATA SEQ:2 ACK:127 ID:10002
000.827 Start 2 timer
000.827 Change Sender's window,lower edge:0,upper edge:2
001.102 Send DATA SEQ:3 ACK:127 ID:10003
001.103 Start 3 timer
001.103 Change Sender's window,lower edge:0,upper edge:3
001.351 Send DATA SEQ:4 ACK:127 ID:10004
001.351 Start 4 timer
001.351 Change Sender's window,lower edge:0,upper edge:4
001.567 Recv DATA SEQ:0 ACK:0 ID:20000
001.567 in_buf[0] full of date ID:20000
001.567 Put Packet in_buf[0]
001.567 Change Receiver's window,lower edge:1,upper edge:64
001.567 Stop 0 timer
001.567 Change Sender's window,lower edge:1,upper edge:4
001.615 Send DATA SEQ:5 ACK:0 ID:10005
001.615 Start 5 timer
001.615 Change Sender's window,lower edge:1,upper edge:5
001.845 Recv DATA SEQ:1 ACK:1 ID:20001
001.845 in_buf[1] full of date ID:20001
001.845 Put Packet in_buf[1]
001.845 Change Receiver's window,lower edge:2,upper edge:65
001.845 Stop 1 timer
001.845 Change Sender's window,lower edge:2,upper edge:5
001.894 Send DATA SEQ:6 ACK:1 ID:10006
001.895 Start 6 timer
001.895 Change Sender's window,lower edge:2,upper edge:6
002.109 Recv DATA SEQ:2 ACK:2 ID:20002
002.109 in_buf[2] full of date ID:20002
002.109 Put Packet in_buf[2]
002.109 Change Receiver's window,lower edge:3,upper edge:66
002.109 Stop 2 timer
002.109 Change Sender's window,lower edge:3,upper edge:6
002.159 Send DATA SEQ:7 ACK:2 ID:10007
002.159 Start 7 timer
002.159 Change Sender's window,lower edge:3,upper edge:7
002.356 Recv DATA SEQ:3 ACK:3 ID:20003
002.356 in_buf[3] full of date ID:20003
002.356 Put Packet in_buf[3]
002.356 Change Receiver's window,lower edge:4,upper edge:67
002.356 Stop 3 timer
002.356 Change Sender's window,lower edge:4,upper edge:7
002.422 Send DATA SEQ:8 ACK:3 ID:10008
002.422 Start 8 timer
002.422 Change Sender's window,lower edge:4,upper edge:8
002.620 Recv DATA SEQ:4 ACK:4 ID:20004
002.620 in_buf[4] full of date ID:20004
002.620 Put Packet in_buf[4]
002.620 Change Receiver's window,lower edge:5,upper edge:68
002.620 Stop 4 timer
002.620 Change Sender's window,lower edge:5,upper edge:8
002.686 Send DATA SEQ:9 ACK:4 ID:10009
002.686 Start 9 timer
002.686 Change Sender's window,lower edge:5,upper edge:9
002.885 Recv DATA SEQ:5 ACK:5 ID:20005
002.885 in_buf[5] full of date ID:20005
002.885 Put Packet in_buf[5]
002.885 Change Receiver's window,lower edge:6,upper edge:69
002.885 Stop 5 timer
002.885 Change Sender's window,lower edge:6,upper edge:9
002.950 Send DATA SEQ:10 ACK:5 ID:10010
002.950 Start 10 timer
002.950 Change Sender's window,lower edge:6,upper edge:10
003.160 Recv DATA SEQ:6 ACK:6 ID:20006
003.160 in_buf[6] full of date ID:20006
003.160 Put Packet in_buf[6]
003.160 Change Receiver's window,lower edge:7,upper edge:70
003.160 Stop 6 timer
003.160 Change Sender's window,lower edge:7,upper edge:10
003.210 Send DATA SEQ:11 ACK:6 ID:10011
003.210 Start 11 timer
003.210 Change Sender's window,lower edge:7,upper edge:11
003.424 Recv DATA SEQ:7 ACK:7 ID:20007
003.424 in_buf[7] full of date ID:20007
003.424 Put Packet in_buf[7]
003.424 .... 8 packets received, 7717 bps, 96.47%, Err 0 (0.0e+00)
003.424 Change Receiver's window,lower edge:8,upper edge:71
003.424 Stop 7 timer
003.424 Change Sender's window,lower edge:8,upper edge:11
003.474 Send DATA SEQ:12 ACK:7 ID:10012
003.474 Start 12 timer
003.474 Change Sender's window,lower edge:8,upper edge:12
003.688 Recv DATA SEQ:8 ACK:8 ID:20008
003.688 in_buf[8] full of date ID:20008
003.688 Put Packet in_buf[8]
003.688 Change Receiver's window,lower edge:9,upper edge:72
003.688 Stop 8 timer
003.688 Change Sender's window,lower edge:9,upper edge:12
003.738 Send DATA SEQ:13 ACK:8 ID:10013
003.738 Start 13 timer
003.738 Change Sender's window,lower edge:9,upper edge:13
003.954 Recv DATA SEQ:9 ACK:9 ID:20009
003.954 in_buf[9] full of date ID:20009
003.954 Put Packet in_buf[9]
003.954 Change Receiver's window,lower edge:10,upper edge:73
003.954 Stop 9 timer
003.954 Change Sender's window,lower edge:10,upper edge:13
004.004 Send DATA SEQ:14 ACK:9 ID:10014
004.004 Start 14 timer
004.004 Change Sender's window,lower edge:10,upper edge:14
004.221 Recv DATA SEQ:10 ACK:10 ID:20010
004.221 in_buf[10] full of date ID:20010
004.222 Put Packet in_buf[10]
004.222 Change Receiver's window,lower edge:11,upper edge:74
004.222 Stop 10 timer
004.222 Change Sender's window,lower edge:11,upper edge:14
004.271 Send DATA SEQ:15 ACK:10 ID:10015
004.271 Start 15 timer
004.271 Change Sender's window,lower edge:11,upper edge:15
004.471 Recv DATA SEQ:11 ACK:11 ID:20011
004.471 in_buf[11] full of date ID:20011
004.471 Put Packet in_buf[11]
004.471 Change Receiver's window,lower edge:12,upper edge:75
004.471 Stop 11 timer
004.471 Change Sender's window,lower edge:12,upper edge:15
004.520 Send DATA SEQ:16 ACK:11 ID:10016
004.520 Start 16 timer
004.520 Change Sender's window,lower edge:12,upper edge:16
004.737 Recv DATA SEQ:12 ACK:12 ID:20012
004.737 in_buf[12] full of date ID:20012
004.737 Put Packet in_buf[12]
004.737 Change Receiver's window,lower edge:13,upper edge:76
004.737 Stop 12 timer
004.737 Change Sender's window,lower edge:13,upper edge:16
004.786 Send DATA SEQ:17 ACK:12 ID:10017
004.786 Start 17 timer
004.786 Change Sender's window,lower edge:13,upper edge:17
005.001 Recv DATA SEQ:13 ACK:13 ID:20013
005.001 in_buf[13] full of date ID:20013
005.001 Put Packet in_buf[13]
005.001 Change Receiver's window,lower edge:14,upper edge:77
005.001 Stop 13 timer
005.001 Change Sender's window,lower edge:14,upper edge:17
005.051 Send DATA SEQ:18 ACK:13 ID:10018
005.051 Start 18 timer
005.051 Change Sender's window,lower edge:14,upper edge:18
005.275 Recv DATA SEQ:14 ACK:14 ID:20014
005.275 in_buf[14] full of date ID:20014
005.275 Put Packet in_buf[14]
005.275 Change Receiver's window,lower edge:15,upper edge:78
005.275 Stop 14 timer
005.275 Change Sender's window,lower edge:15,upper edge:18
005.325 Send DATA SEQ:19 ACK:14 ID:10019
005.325 Start 19 timer
005.325 Change Sender's window,lower edge:15,upper edge:19
005.540 Recv DATA SEQ:15 ACK:15 ID:20015
005.540 in_buf[15] full of date ID:20015
005.540 Put Packet in_buf[15]
005.540 .... 16 packets received, 7730 bps, 96.63%, Err 0 (0.0e+00)
005.540 Change Receiver's window,lower edge:16,upper edge:79
005.540 Stop 15 timer
005.540 Change Sender's window,lower edge:16,upper edge:19
005.590 Send DATA SEQ:20 ACK:15 ID:10020
005.590 Start 20 timer
005.590 Change Sender's window,lower edge:16,upper edge:20
005.788 Recv DATA SEQ:16 ACK:16 ID:20016
005.788 in_buf[16] full of date ID:20016
005.788 Put Packet in_buf[16]
005.788 Change Receiver's window,lower edge:17,upper edge:80
005.788 Stop 16 timer
005.788 Change Sender's window,lower edge:17,upper edge:20
005.854 Send DATA SEQ:21 ACK:16 ID:10021
005.854 Start 21 timer
005.854 Change Sender's window,lower edge:17,upper edge:21
006.051 Recv DATA SEQ:17 ACK:17 ID:20017
006.051 in_buf[17] full of date ID:20017
006.051 Put Packet in_buf[17]
006.051 Change Receiver's window,lower edge:18,upper edge:81
006.051 Stop 17 timer
006.051 Change Sender's window,lower edge:18,upper edge:21
006.116 Send DATA SEQ:22 ACK:17 ID:10022
006.116 Start 22 timer
006.116 Change Sender's window,lower edge:18,upper edge:22
006.314 Recv DATA SEQ:18 ACK:18 ID:20018
006.314 in_buf[18] full of date ID:20018
006.314 Put Packet in_buf[18]
006.314 Change Receiver's window,lower edge:19,upper edge:82
006.314 Stop 18 timer
006.314 Change Sender's window,lower edge:19,upper edge:22
006.380 Send DATA SEQ:23 ACK:18 ID:10023
006.380 Start 23 timer
006.380 Change Sender's window,lower edge:19,upper edge:23
006.595 Recv DATA SEQ:19 ACK:19 ID:20019
006.595 in_buf[19] full of date ID:20019
006.595 Put Packet in_buf[19]
006.595 Change Receiver's window,lower edge:20,upper edge:83
006.595 Stop 19 timer
006.595 Change Sender's window,lower edge:20,upper edge:23
006.645 Send DATA SEQ:24 ACK:19 ID:10024
006.646 Start 24 timer
006.646 Change Sender's window,lower edge:20,upper edge:24
006.843 Recv DATA SEQ:20 ACK:20 ID:20020
006.843 in_buf[20] full of date ID:20020
006.843 Put Packet in_buf[20]
006.843 Change Receiver's window,lower edge:21,upper edge:84
006.843 Stop 20 timer
006.843 Change Sender's window,lower edge:21,upper edge:24
006.909 Send DATA SEQ:25 ACK:20 ID:10025
006.909 Start 25 timer
006.909 Change Sender's window,lower edge:21,upper edge:25
007.106 Recv DATA SEQ:21 ACK:21 ID:20021
007.107 in_buf[21] full of date ID:20021
007.107 Put Packet in_buf[21]
007.107 Change Receiver's window,lower edge:22,upper edge:85
007.107 Stop 21 timer
007.107 Change Sender's window,lower edge:22,upper edge:25
007.171 Send DATA SEQ:26 ACK:21 ID:10026
007.171 Start 26 timer
007.171 Change Sender's window,lower edge:22,upper edge:26
007.380 Recv DATA SEQ:22 ACK:22 ID:20022
007.380 in_buf[22] full of date ID:20022
007.380 Put Packet in_buf[22]
007.380 Change Receiver's window,lower edge:23,upper edge:86
007.380 Stop 22 timer
007.380 Change Sender's window,lower edge:23,upper edge:26
007.430 Send DATA SEQ:27 ACK:22 ID:10027
007.430 Start 27 timer
007.430 Change Sender's window,lower edge:23,upper edge:27
007.660 Recv DATA SEQ:23 ACK:23 ID:20023
007.660 in_buf[23] full of date ID:20023
007.660 Put Packet in_buf[23]
007.660 .... 24 packets received, 7730 bps, 96.62%, Err 0 (0.0e+00)
007.660 Change Receiver's window,lower edge:24,upper edge:87
007.660 Stop 23 timer
007.660 Change Sender's window,lower edge:24,upper edge:27
007.693 Send DATA SEQ:28 ACK:23 ID:10028
007.693 Start 28 timer
007.693 Change Sender's window,lower edge:24,upper edge:28
007.908 Recv DATA SEQ:24 ACK:24 ID:20024
007.908 in_buf[24] full of date ID:20024
007.908 Put Packet in_buf[24]
007.908 Change Receiver's window,lower edge:25,upper edge:88
007.908 Stop 24 timer
007.908 Change Sender's window,lower edge:25,upper edge:28
007.957 Send DATA SEQ:29 ACK:24 ID:10029
007.957 Start 29 timer
007.957 Change Sender's window,lower edge:25,upper edge:29
008.171 Recv DATA SEQ:25 ACK:25 ID:20025
008.171 in_buf[25] full of date ID:20025
008.171 Put Packet in_buf[25]
008.171 Change Receiver's window,lower edge:26,upper edge:89
008.171 Stop 25 timer
008.171 Change Sender's window,lower edge:26,upper edge:29
008.221 Send DATA SEQ:30 ACK:25 ID:10030
008.221 Start 30 timer
008.221 Change Sender's window,lower edge:26,upper edge:30
008.436 Recv DATA SEQ:26 ACK:26 ID:20026
008.436 in_buf[26] full of date ID:20026
008.436 Put Packet in_buf[26]
008.436 Change Receiver's window,lower edge:27,upper edge:90
008.436 Stop 26 timer
008.436 Change Sender's window,lower edge:27,upper edge:30
008.486 Send DATA SEQ:31 ACK:26 ID:10031
008.486 Start 31 timer
008.486 Change Sender's window,lower edge:27,upper edge:31
008.700 Recv DATA SEQ:27 ACK:27 ID:20027
008.700 in_buf[27] full of date ID:20027
008.700 Put Packet in_buf[27]
008.700 Change Receiver's window,lower edge:28,upper edge:91
008.700 Stop 27 timer
008.700 Change Sender's window,lower edge:28,upper edge:31
008.750 Send DATA SEQ:32 ACK:27 ID:10032
008.750 Start 32 timer
008.750 Change Sender's window,lower edge:28,upper edge:32
008.964 Recv DATA SEQ:28 ACK:28 ID:20028
008.965 in_buf[28] full of date ID:20028
008.965 Put Packet in_buf[28]
008.965 Change Receiver's window,lower edge:29,upper edge:92
008.965 Stop 28 timer
008.965 Change Sender's window,lower edge:29,upper edge:32
009.014 Send DATA SEQ:33 ACK:28 ID:10033
009.014 Start 33 timer
009.014 Change Sender's window,lower edge:29,upper edge:33
009.226 Recv DATA SEQ:29 ACK:29 ID:20029
009.227 in_buf[29] full of date ID:20029
009.227 Put Packet in_buf[29]
009.227 Change Receiver's window,lower edge:30,upper edge:93
009.227 Stop 29 timer
009.227 Change Sender's window,lower edge:30,upper edge:33
009.276 Send DATA SEQ:34 ACK:29 ID:10034
009.276 Start 34 timer
009.276 Change Sender's window,lower edge:30,upper edge:34
009.491 Recv DATA SEQ:30 ACK:30 ID:20030
009.491 in_buf[30] full of date ID:20030
009.491 Put Packet in_buf[30]
009.491 Change Receiver's window,lower edge:31,upper edge:94
009.491 Stop 30 timer
009.491 Change Sender's window,lower edge:31,upper edge:34
009.540 Send DATA SEQ:35 ACK:30 ID:10035
009.540 Start 35 timer
009.540 Change Sender's window,lower edge:31,upper edge:35
009.754 Recv DATA SEQ:31 ACK:31 ID:20031
009.754 in_buf[31] full of date ID:20031
009.754 Put Packet in_buf[31]
009.754 .... 32 packets received, 7753 bps, 96.91%, Err 0 (0.0e+00)
009.754 Change Receiver's window,lower edge:32,upper edge:95
009.754 Stop 31 timer
009.754 Change Sender's window,lower edge:32,upper edge:35
009.804 Send DATA SEQ:36 ACK:31 ID:10036
009.804 Start 36 timer
009.804 Change Sender's window,lower edge:32,upper edge:36
010.018 Recv DATA SEQ:32 ACK:32 ID:20032
010.019 in_buf[32] full of date ID:20032
010.019 Put Packet in_buf[32]
010.019 Change Receiver's window,lower edge:33,upper edge:96
010.019 Stop 32 timer
010.019 Change Sender's window,lower edge:33,upper edge:36
010.067 Send DATA SEQ:37 ACK:32 ID:10037
010.067 Start 37 timer
010.067 Change Sender's window,lower edge:33,upper edge:37
010.279 Recv DATA SEQ:33 ACK:33 ID:20033
010.280 in_buf[33] full of date ID:20033
010.280 Put Packet in_buf[33]
010.280 Change Receiver's window,lower edge:34,upper edge:97
010.280 Stop 33 timer
010.280 Change Sender's window,lower edge:34,upper edge:37
010.329 Send DATA SEQ:38 ACK:33 ID:10038
010.329 Start 38 timer
010.329 Change Sender's window,lower edge:34,upper edge:38
010.545 Recv DATA SEQ:34 ACK:34 ID:20034
010.545 in_buf[34] full of date ID:20034
010.545 Put Packet in_buf[34]
010.545 Change Receiver's window,lower edge:35,upper edge:98
010.545 Stop 34 timer
010.545 Change Sender's window,lower edge:35,upper edge:38
010.595 Send DATA SEQ:39 ACK:34 ID:10039
010.595 Start 39 timer
010.595 Change Sender's window,lower edge:35,upper edge:39
010.809 Recv DATA SEQ:35 ACK:35 ID:20035
010.809 in_buf[35] full of date ID:20035
010.809 Put Packet in_buf[35]
010.809 Change Receiver's window,lower edge:36,upper edge:99
010.809 Stop 35 timer
010.809 Change Sender's window,lower edge:36,upper edge:39
010.859 Send DATA SEQ:40 ACK:35 ID:10040
010.859 Start 40 timer
010.859 Change Sender's window,lower edge:36,upper edge:40
011.073 Recv DATA SEQ:36 ACK:36 ID:20036
011.073 in_buf[36] full of date ID:20036
011.073 Put Packet in_buf[36]
011.073 Change Receiver's window,lower edge:37,upper edge:100
011.073 Stop 36 timer
011.073 Change Sender's window,lower edge:37,upper edge:40
011.123 Send DATA SEQ:41 ACK:36 ID:10041
011.123 Start 41 timer
011.123 Change Sender's window,lower edge:37,upper edge:41
011.339 Recv DATA SEQ:37 ACK:37 ID:20037
011.339 in_buf[37] full of date ID:20037
011.339 Put Packet in_buf[37]
011.339 Change Receiver's window,lower edge:38,upper edge:101
011.339 Stop 37 timer
011.339 Change Sender's window,lower edge:38,upper edge:41
011.388 Send DATA SEQ:42 ACK:37 ID:10042
011.388 Start 42 timer
011.388 Change Sender's window,lower edge:38,upper edge:42
011.611 Recv DATA SEQ:38 ACK:38 ID:20038
011.611 in_buf[38] full of date ID:20038
011.611 Put Packet in_buf[38]
011.611 Change Receiver's window,lower edge:39,upper edge:102
011.611 Stop 38 timer
011.611 Change Sender's window,lower edge:39,upper edge:42
011.659 Send DATA SEQ:43 ACK:38 ID:10043
011.659 Start 43 timer
011.659 Change Sender's window,lower edge:39,upper edge:43
011.857 Recv DATA SEQ:39 ACK:39 ID:20039
011.857 in_buf[39] full of date ID:20039
011.857 Put Packet in_buf[39]
011.858 .... 40 packets received, 7761 bps, 97.01%, Err 0 (0.0e+00)
011.858 Change Receiver's window,lower edge:40,upper edge:103
011.858 Stop 39 timer
011.858 Change Sender's window,lower edge:40,upper edge:43
011.923 Send DATA SEQ:44 ACK:39 ID:10044
011.924 Start 44 timer
011.924 Change Sender's window,lower edge:40,upper edge:44
012.136 Recv DATA SEQ:40 ACK:40 ID:20040
012.136 in_buf[40] full of date ID:20040
012.136 Put Packet in_buf[40]
012.136 Change Receiver's window,lower edge:41,upper edge:104
012.136 Stop 40 timer
012.136 Change Sender's window,lower edge:41,upper edge:44
012.186 Send DATA SEQ:45 ACK:40 ID:10045
012.186 Start 45 timer
012.186 Change Sender's window,lower edge:41,upper edge:45
012.400 Recv DATA SEQ:41 ACK:41 ID:20041
012.400 in_buf[41] full of date ID:20041
012.400 Put Packet in_buf[41]
012.400 Change Receiver's window,lower edge:42,upper edge:105
012.400 Stop 41 timer
012.400 Change Sender's window,lower edge:42,upper edge:45
012.450 Send DATA SEQ:46 ACK:41 ID:10046
012.450 Start 46 timer
012.450 Change Sender's window,lower edge:42,upper edge:46
012.664 Recv DATA SEQ:42 ACK:42 ID:20042
012.664 in_buf[42] full of date ID:20042
012.664 Put Packet in_buf[42]
012.664 Change Receiver's window,lower edge:43,upper edge:106
012.664 Stop 42 timer
012.664 Change Sender's window,lower edge:43,upper edge:46
012.713 Send DATA SEQ:47 ACK:42 ID:10047
012.713 Start 47 timer
012.713 Change Sender's window,lower edge:43,upper edge:47
012.928 Recv DATA SEQ:43 ACK:43 ID:20043
012.928 in_buf[43] full of date ID:20043
012.928 Put Packet in_buf[43]
012.928 Change Receiver's window,lower edge:44,upper edge:107
012.928 Stop 43 timer
012.928 Change Sender's window,lower edge:44,upper edge:47
012.976 Send DATA SEQ:48 ACK:43 ID:10048
012.976 Start 48 timer
012.976 Change Sender's window,lower edge:44,upper edge:48
013.190 Recv DATA SEQ:44 ACK:44 ID:20044
013.190 in_buf[44] full of date ID:20044
013.190 Put Packet in_buf[44]
013.190 Change Receiver's window,lower edge:45,upper edge:108
013.190 Stop 44 timer
013.190 Change Sender's window,lower edge:45,upper edge:48
013.240 Send DATA SEQ:49 ACK:44 ID:10049
013.240 Start 49 timer
013.240 Change Sender's window,lower edge:45,upper edge:49
013.454 Recv DATA SEQ:45 ACK:45 ID:20045
013.454 in_buf[45] full of date ID:20045
013.454 Put Packet in_buf[45]
013.454 Change Receiver's window,lower edge:46,upper edge:109
013.454 Stop 45 timer
013.454 Change Sender's window,lower edge:46,upper edge:49
013.504 Send DATA SEQ:50 ACK:45 ID:10050
013.504 Start 50 timer
013.504 Change Sender's window,lower edge:46,upper edge:50
013.728 Recv DATA SEQ:46 ACK:46 ID:20046
013.728 in_buf[46] full of date ID:20046
013.728 Put Packet in_buf[46]
013.728 Change Receiver's window,lower edge:47,upper edge:110
013.728 Stop 46 timer
013.728 Change Sender's window,lower edge:47,upper edge:50
013.761 Send DATA SEQ:51 ACK:46 ID:10051
013.761 Start 51 timer
013.761 Change Sender's window,lower edge:47,upper edge:51
014.007 Recv DATA SEQ:47 ACK:47 ID:20047
014.007 in_buf[47] full of date ID:20047
014.007 Put Packet in_buf[47]
014.007 .... 48 packets received, 7737 bps, 96.71%, Err 0 (0.0e+00)
014.007 Change Receiver's window,lower edge:48,upper edge:111
014.007 Stop 47 timer
014.007 Change Sender's window,lower edge:48,upper edge:51
014.023 Send DATA SEQ:52 ACK:47 ID:10052
014.024 Start 52 timer
014.024 Change Sender's window,lower edge:48,upper edge:52
014.255 Recv DATA SEQ:48 ACK:48 ID:20048
014.255 in_buf[48] full of date ID:20048
014.255 Put Packet in_buf[48]
014.255 Change Receiver's window,lower edge:49,upper edge:112
014.255 Stop 48 timer
014.255 Change Sender's window,lower edge:49,upper edge:52
014.288 Send DATA SEQ:53 ACK:48 ID:10053
014.288 Start 53 timer
014.288 Change Sender's window,lower edge:49,upper edge:53
014.519 Recv DATA SEQ:49 ACK:49 ID:20049
014.519 in_buf[49] full of date ID:20049
014.519 Put Packet in_buf[49]
014.519 Change Receiver's window,lower edge:50,upper edge:113
014.520 Stop 49 timer
014.520 Change Sender's window,lower edge:50,upper edge:53
014.553 Send DATA SEQ:54 ACK:49 ID:10054
014.553 Start 54 timer
014.553 Change Sender's window,lower edge:50,upper edge:54
014.780 Recv DATA SEQ:50 ACK:50 ID:20050
014.780 in_buf[50] full of date ID:20050
014.781 Put Packet in_buf[50]
014.781 Change Receiver's window,lower edge:51,upper edge:114
014.781 Stop 50 timer
014.781 Change Sender's window,lower edge:51,upper edge:54
014.830 Send DATA SEQ:55 ACK:50 ID:10055
014.830 Start 55 timer
014.830 Change Sender's window,lower edge:51,upper edge:55
015.043 Recv DATA SEQ:51 ACK:51 ID:20051
015.043 in_buf[51] full of date ID:20051
015.043 Put Packet in_buf[51]
015.043 Change Receiver's window,lower edge:52,upper edge:115
015.043 Stop 51 timer
015.043 Change Sender's window,lower edge:52,upper edge:55
015.093 Send DATA SEQ:56 ACK:51 ID:10056
015.093 Start 56 timer
015.093 Change Sender's window,lower edge:52,upper edge:56
015.307 Recv DATA SEQ:52 ACK:52 ID:20052
015.307 in_buf[52] full of date ID:20052
015.307 Put Packet in_buf[52]
015.307 Change Receiver's window,lower edge:53,upper edge:116
015.307 Stop 52 timer
015.307 Change Sender's window,lower edge:53,upper edge:56
015.357 Send DATA SEQ:57 ACK:52 ID:10057
015.357 Start 57 timer
015.357 Change Sender's window,lower edge:53,upper edge:57
015.571 Recv DATA SEQ:53 ACK:53 ID:20053
015.571 in_buf[53] full of date ID:20053
015.571 Put Packet in_buf[53]
015.571 Change Receiver's window,lower edge:54,upper edge:117
015.571 Stop 53 timer
015.571 Change Sender's window,lower edge:54,upper edge:57
015.620 Send DATA SEQ:58 ACK:53 ID:10058
015.620 Start 58 timer
015.620 Change Sender's window,lower edge:54,upper edge:58
015.832 Recv DATA SEQ:54 ACK:54 ID:20054
015.832 in_buf[54] full of date ID:20054
015.832 Put Packet in_buf[54]
015.832 Change Receiver's window,lower edge:55,upper edge:118
015.832 Stop 54 timer
015.832 Change Sender's window,lower edge:55,upper edge:58
015.881 Send DATA SEQ:59 ACK:54 ID:10059
015.881 Start 59 timer
015.881 Change Sender's window,lower edge:55,upper edge:59
016.078 Recv DATA SEQ:55 ACK:55 ID:20055
016.078 in_buf[55] full of date ID:20055
016.078 Put Packet in_buf[55]
016.078 .... 56 packets received, 7761 bps, 97.02%, Err 0 (0.0e+00)
016.078 Change Receiver's window,lower edge:56,upper edge:119
016.078 Stop 55 timer
016.078 Change Sender's window,lower edge:56,upper edge:59
016.143 Send DATA SEQ:60 ACK:55 ID:10060
016.143 Start 60 timer
016.143 Change Sender's window,lower edge:56,upper edge:60
016.339 Recv DATA SEQ:56 ACK:56 ID:20056
016.339 in_buf[56] full of date ID:20056
016.339 Put Packet in_buf[56]
016.339 Change Receiver's window,lower edge:57,upper edge:120
016.339 Stop 56 timer
016.339 Change Sender's window,lower edge:57,upper edge:60
016.405 Send DATA SEQ:61 ACK:56 ID:10061
016.405 Start 61 timer
016.405 Change Sender's window,lower edge:57,upper edge:61
016.619 Recv DATA SEQ:57 ACK:57 ID:20057
016.620 in_buf[57] full of date ID:20057
016.620 Put Packet in_buf[57]
016.620 Change Receiver's window,lower edge:58,upper edge:121
016.620 Stop 57 timer
016.620 Change Sender's window,lower edge:58,upper edge:61
016.669 Send DATA SEQ:62 ACK:57 ID:10062
016.669 Start 62 timer
016.669 Change Sender's window,lower edge:58,upper edge:62
016.882 Recv DATA SEQ:58 ACK:58 ID:20058
016.882 in_buf[58] full of date ID:20058
016.882 Put Packet in_buf[58]
016.882 Change Receiver's window,lower edge:59,upper edge:122
016.882 Stop 58 timer
016.882 Change Sender's window,lower edge:59,upper edge:62
016.931 Send DATA SEQ:63 ACK:58 ID:10063
016.932 Start 63 timer
016.932 Change Sender's window,lower edge:59,upper edge:63
017.143 Recv DATA SEQ:59 ACK:59 ID:20059
017.143 in_buf[59] full of date ID:20059
017.143 Put Packet in_buf[59]
017.143 Change Receiver's window,lower edge:60,upper edge:123
017.143 Stop 59 timer
017.143 Change Sender's window,lower edge:60,upper edge:63
017.193 Send DATA SEQ:64 ACK:59 ID:10064
017.193 Start 64 timer
017.193 Change Sender's window,lower edge:60,upper edge:64
017.422 Recv DATA SEQ:60 ACK:60 ID:20060
017.422 in_buf[60] full of date ID:20060
017.422 Put Packet in_buf[60]
017.422 Change Receiver's window,lower edge:61,upper edge:124
017.422 Stop 60 timer
017.422 Change Sender's window,lower edge:61,upper edge:64
017.471 Send DATA SEQ:65 ACK:60 ID:10065
017.471 Start 65 timer
017.471 Change Sender's window,lower edge:61,upper edge:65
017.667 Recv DATA SEQ:61 ACK:61 ID:20061
017.667 in_buf[61] full of date ID:20061
017.667 Put Packet in_buf[61]
017.667 Change Receiver's window,lower edge:62,upper edge:125
017.667 Stop 61 timer
017.667 Change Sender's window,lower edge:62,upper edge:65
017.732 Send DATA SEQ:66 ACK:61 ID:10066
017.732 Start 66 timer
017.733 Change Sender's window,lower edge:62,upper edge:66
017.939 Recv DATA SEQ:62 ACK:62 ID:20062
017.939 in_buf[62] full of date ID:20062
017.939 Put Packet in_buf[62]
017.939 Change Receiver's window,lower edge:63,upper edge:126
017.939 Stop 62 timer
017.939 Change Sender's window,lower edge:63,upper edge:66
017.988 Send DATA SEQ:67 ACK:62 ID:10067
017.988 Start 67 timer
017.988 Change Sender's window,lower edge:63,upper edge:67
018.218 Recv DATA SEQ:63 ACK:63 ID:20063
018.218 in_buf[63] full of date ID:20063
018.218 Put Packet in_buf[63]
018.218 .... 64 packets received, 7748 bps, 96.85%, Err 0 (0.0e+00)
018.218 Change Receiver's window,lower edge:64,upper edge:127
018.218 Stop 63 timer
018.218 Change Sender's window,lower edge:64,upper edge:67
018.251 Send DATA SEQ:68 ACK:63 ID:10068
018.251 Start 68 timer
018.251 Change Sender's window,lower edge:64,upper edge:68
018.463 Recv DATA SEQ:64 ACK:64 ID:20064
018.464 in_buf[0] full of date ID:20064
018.464 Put Packet in_buf[0]
018.464 Change Receiver's window,lower edge:65,upper edge:0
018.464 Stop 64 timer
018.464 Change Sender's window,lower edge:65,upper edge:68
018.512 Send DATA SEQ:69 ACK:64 ID:10069
018.512 Start 69 timer
018.512 Change Sender's window,lower edge:65,upper edge:69
018.726 Recv DATA SEQ:65 ACK:65 ID:20065
018.726 in_buf[1] full of date ID:20065
018.726 Put Packet in_buf[1]
018.726 Change Receiver's window,lower edge:66,upper edge:1
018.726 Stop 65 timer
018.726 Change Sender's window,lower edge:66,upper edge:69
018.776 Send DATA SEQ:70 ACK:65 ID:10070
018.776 Start 70 timer
018.776 Change Sender's window,lower edge:66,upper edge:70
018.989 Recv DATA SEQ:66 ACK:66 ID:20066
018.989 in_buf[2] full of date ID:20066
018.989 Put Packet in_buf[2]
018.989 Change Receiver's window,lower edge:67,upper edge:2
018.989 Stop 66 timer
018.989 Change Sender's window,lower edge:67,upper edge:70
019.055 Send DATA SEQ:71 ACK:66 ID:10071
019.055 Start 71 timer
019.055 Change Sender's window,lower edge:67,upper edge:71
019.253 Recv DATA SEQ:67 ACK:67 ID:20067
019.253 in_buf[3] full of date ID:20067
019.253 Put Packet in_buf[3]
019.253 Change Receiver's window,lower edge:68,upper edge:3
019.253 Stop 67 timer
019.253 Change Sender's window,lower edge:68,upper edge:71
019.317 Send DATA SEQ:72 ACK:67 ID:10072
019.317 Start 72 timer
019.317 Change Sender's window,lower edge:68,upper edge:72
019.514 Recv DATA SEQ:68 ACK:68 ID:20068
019.514 in_buf[4] full of date ID:20068
019.514 Put Packet in_buf[4]
019.514 Change Receiver's window,lower edge:69,upper edge:4
019.514 Stop 68 timer
019.514 Change Sender's window,lower edge:69,upper edge:72
019.580 Send DATA SEQ:73 ACK:68 ID:10073
019.580 Start 73 timer
019.580 Change Sender's window,lower edge:69,upper edge:73
019.777 Recv DATA SEQ:69 ACK:69 ID:20069
019.777 in_buf[5] full of date ID:20069
019.777 Put Packet in_buf[5]
019.777 Change Receiver's window,lower edge:70,upper edge:5
019.777 Stop 69 timer
019.777 Change Sender's window,lower edge:70,upper edge:73
019.842 Send DATA SEQ:74 ACK:69 ID:10074
019.842 Start 74 timer
019.842 Change Sender's window,lower edge:70,upper edge:74
020.049 Recv DATA SEQ:70 ACK:70 ID:20070
020.049 in_buf[6] full of date ID:20070
020.049 Put Packet in_buf[6]
020.049 Change Receiver's window,lower edge:71,upper edge:6
020.049 Stop 70 timer
020.049 Change Sender's window,lower edge:71,upper edge:74
020.099 Send DATA SEQ:75 ACK:70 ID:10075
020.099 Start 75 timer
020.099 Change Sender's window,lower edge:71,upper edge:75
020.329 Recv DATA SEQ:71 ACK:71 ID:20071
020.329 in_buf[7] full of date ID:20071
020.329 Put Packet in_buf[7]
020.329 .... 72 packets received, 7749 bps, 96.87%, Err 0 (0.0e+00)
020.329 Change Receiver's window,lower edge:72,upper edge:7
020.330 Stop 71 timer
020.330 Change Sender's window,lower edge:72,upper edge:75
020.363 Send DATA SEQ:76 ACK:71 ID:10076
020.363 Start 76 timer
020.363 Change Sender's window,lower edge:72,upper edge:76
020.576 Recv DATA SEQ:72 ACK:72 ID:20072
020.577 in_buf[8] full of date ID:20072
020.577 Put Packet in_buf[8]
020.577 Change Receiver's window,lower edge:73,upper edge:8
020.577 Stop 72 timer
020.577 Change Sender's window,lower edge:73,upper edge:76
020.626 Send DATA SEQ:77 ACK:72 ID:10077
020.626 Start 77 timer
020.626 Change Sender's window,lower edge:73,upper edge:77
020.842 Recv DATA SEQ:73 ACK:73 ID:20073
020.843 in_buf[9] full of date ID:20073
020.843 Put Packet in_buf[9]
020.843 Change Receiver's window,lower edge:74,upper edge:9
020.843 Stop 73 timer
020.843 Change Sender's window,lower edge:74,upper edge:77
020.892 Send DATA SEQ:78 ACK:73 ID:10078
020.892 Start 78 timer
020.892 Change Sender's window,lower edge:74,upper edge:78
021.106 Recv DATA SEQ:74 ACK:74 ID:20074
021.106 in_buf[10] full of date ID:20074
021.106 Put Packet in_buf[10]
021.106 Change Receiver's window,lower edge:75,upper edge:10
021.106 Stop 74 timer
021.106 Change Sender's window,lower edge:75,upper edge:78
021.155 Send DATA SEQ:79 ACK:74 ID:10079
021.156 Start 79 timer
021.156 Change Sender's window,lower edge:75,upper edge:79
021.371 Recv DATA SEQ:75 ACK:75 ID:20075
021.371 in_buf[11] full of date ID:20075
021.371 Put Packet in_buf[11]
021.371 Change Receiver's window,lower edge:76,upper edge:11
021.371 Stop 75 timer
021.371 Change Sender's window,lower edge:76,upper edge:79
021.420 Send DATA SEQ:80 ACK:75 ID:10080
021.421 Start 80 timer
021.421 Change Sender's window,lower edge:76,upper edge:80
021.638 Recv DATA SEQ:76 ACK:76 ID:20076
021.638 in_buf[12] full of date ID:20076
021.638 Put Packet in_buf[12]
021.638 Change Receiver's window,lower edge:77,upper edge:12
021.638 Stop 76 timer
021.638 Change Sender's window,lower edge:77,upper edge:80
021.687 Send DATA SEQ:81 ACK:76 ID:10081
021.688 Start 81 timer
021.688 Change Sender's window,lower edge:77,upper edge:81
021.905 Recv DATA SEQ:77 ACK:77 ID:20077
021.905 in_buf[13] full of date ID:20077
021.905 Put Packet in_buf[13]
021.905 Change Receiver's window,lower edge:78,upper edge:13
021.905 Stop 77 timer
021.905 Change Sender's window,lower edge:78,upper edge:81
021.954 Send DATA SEQ:82 ACK:77 ID:10082
021.954 Start 82 timer
021.954 Change Sender's window,lower edge:78,upper edge:82
022.181 Recv DATA SEQ:78 ACK:78 ID:20078
022.181 in_buf[14] full of date ID:20078
022.181 Put Packet in_buf[14]
022.181 Change Receiver's window,lower edge:79,upper edge:14
022.181 Stop 78 timer
022.181 Change Sender's window,lower edge:79,upper edge:82
022.214 Send DATA SEQ:83 ACK:78 ID:10083
022.214 Start 83 timer
022.214 Change Sender's window,lower edge:79,upper edge:83
022.431 Recv DATA SEQ:79 ACK:79 ID:20079
022.431 in_buf[15] full of date ID:20079
022.431 Put Packet in_buf[15]
022.431 .... 80 packets received, 7754 bps, 96.92%, Err 0 (0.0e+00)
022.431 Change Receiver's window,lower edge:80,upper edge:15
022.431 Stop 79 timer
022.431 Change Sender's window,lower edge:80,upper edge:83
022.481 Send DATA SEQ:84 ACK:79 ID:10084
022.481 Start 84 timer
022.481 Change Sender's window,lower edge:80,upper edge:84
022.697 Recv DATA SEQ:80 ACK:80 ID:20080
022.697 in_buf[16] full of date ID:20080
022.697 Put Packet in_buf[16]
022.697 Change Receiver's window,lower edge:81,upper edge:16
022.697 Stop 80 timer
022.697 Change Sender's window,lower edge:81,upper edge:84
022.746 Send DATA SEQ:85 ACK:80 ID:10085
022.746 Start 85 timer
022.746 Change Sender's window,lower edge:81,upper edge:85
022.962 Recv DATA SEQ:81 ACK:81 ID:20081
022.962 in_buf[17] full of date ID:20081
022.962 Put Packet in_buf[17]
022.962 Change Receiver's window,lower edge:82,upper edge:17
022.962 Stop 81 timer
022.962 Change Sender's window,lower edge:82,upper edge:85
023.012 Send DATA SEQ:86 ACK:81 ID:10086
023.012 Start 86 timer
023.012 Change Sender's window,lower edge:82,upper edge:86
023.225 Recv DATA SEQ:82 ACK:82 ID:20082
023.225 in_buf[18] full of date ID:20082
023.225 Put Packet in_buf[18]
023.225 Change Receiver's window,lower edge:83,upper edge:18
023.225 Stop 82 timer
023.225 Change Sender's window,lower edge:83,upper edge:86
023.275 Send DATA SEQ:87 ACK:82 ID:10087
023.275 Start 87 timer
023.275 Change Sender's window,lower edge:83,upper edge:87
023.472 Recv DATA SEQ:83 ACK:83 ID:20083
023.472 in_buf[19] full of date ID:20083
023.472 Put Packet in_buf[19]
023.472 Change Receiver's window,lower edge:84,upper edge:19
023.472 Stop 83 timer
023.472 Change Sender's window,lower edge:84,upper edge:87
023.539 Send DATA SEQ:88 ACK:83 ID:10088
023.539 Start 88 timer
023.539 Change Sender's window,lower edge:84,upper edge:88
023.738 Recv DATA SEQ:84 ACK:84 ID:20084
023.739 in_buf[20] full of date ID:20084
023.739 Put Packet in_buf[20]
023.739 Change Receiver's window,lower edge:85,upper edge:20
023.739 Stop 84 timer
023.739 Change Sender's window,lower edge:85,upper edge:88
023.805 Send DATA SEQ:89 ACK:84 ID:10089
023.805 Start 89 timer
023.805 Change Sender's window,lower edge:85,upper edge:89
024.020 Recv DATA SEQ:85 ACK:85 ID:20085
024.020 in_buf[21] full of date ID:20085
024.020 Put Packet in_buf[21]
024.020 Change Receiver's window,lower edge:86,upper edge:21
024.020 Stop 85 timer
024.020 Change Sender's window,lower edge:86,upper edge:89
024.069 Send DATA SEQ:90 ACK:85 ID:10090
024.069 Start 90 timer
024.069 Change Sender's window,lower edge:86,upper edge:90
024.284 Recv DATA SEQ:86 ACK:86 ID:20086
024.285 in_buf[22] full of date ID:20086
024.285 Put Packet in_buf[22]
024.285 Change Receiver's window,lower edge:87,upper edge:22
024.285 Stop 86 timer
024.285 Change Sender's window,lower edge:87,upper edge:90
024.333 Send DATA SEQ:91 ACK:86 ID:10091
024.333 Start 91 timer
024.333 Change Sender's window,lower edge:87,upper edge:91
024.547 Recv DATA SEQ:87 ACK:87 ID:20087
024.547 in_buf[23] full of date ID:20087
024.547 Put Packet in_buf[23]
024.547 .... 88 packets received, 7753 bps, 96.91%, Err 0 (0.0e+00)
024.547 Change Receiver's window,lower edge:88,upper edge:23
024.547 Stop 87 timer
024.547 Change Sender's window,lower edge:88,upper edge:91
024.596 Send DATA SEQ:92 ACK:87 ID:10092
024.596 Start 92 timer
024.596 Change Sender's window,lower edge:88,upper edge:92
024.814 Recv DATA SEQ:88 ACK:88 ID:20088
024.814 in_buf[24] full of date ID:20088
024.814 Put Packet in_buf[24]
024.814 Change Receiver's window,lower edge:89,upper edge:24
024.814 Stop 88 timer
024.814 Change Sender's window,lower edge:89,upper edge:92
024.847 Send DATA SEQ:93 ACK:88 ID:10093
024.847 Start 93 timer
024.847 Change Sender's window,lower edge:89,upper edge:93
025.081 Recv DATA SEQ:89 ACK:89 ID:20089
025.081 in_buf[25] full of date ID:20089
025.081 Put Packet in_buf[25]
025.081 Change Receiver's window,lower edge:90,upper edge:25
025.081 Stop 89 timer
025.081 Change Sender's window,lower edge:90,upper edge:93
025.113 Send DATA SEQ:94 ACK:89 ID:10094
025.113 Start 94 timer
025.113 Change Sender's window,lower edge:90,upper edge:94
025.326 Recv DATA SEQ:90 ACK:90 ID:20090
025.326 in_buf[26] full of date ID:20090
025.326 Put Packet in_buf[26]
025.326 Change Receiver's window,lower edge:91,upper edge:26
025.326 Stop 90 timer
025.326 Change Sender's window,lower edge:91,upper edge:94
025.375 Send DATA SEQ:95 ACK:90 ID:10095
025.375 Start 95 timer
025.375 Change Sender's window,lower edge:91,upper edge:95
025.590 Recv DATA SEQ:91 ACK:91 ID:20091
025.590 in_buf[27] full of date ID:20091
025.590 Put Packet in_buf[27]
025.590 Change Receiver's window,lower edge:92,upper edge:27
025.590 Stop 91 timer
025.590 Change Sender's window,lower edge:92,upper edge:95
025.639 Send DATA SEQ:96 ACK:91 ID:10096
025.639 Start 96 timer
025.639 Change Sender's window,lower edge:92,upper edge:96
025.871 Recv DATA SEQ:92 ACK:92 ID:20092
025.871 in_buf[28] full of date ID:20092
025.871 Put Packet in_buf[28]
025.871 Change Receiver's window,lower edge:93,upper edge:28
025.871 Stop 92 timer
025.871 Change Sender's window,lower edge:93,upper edge:96
025.905 Send DATA SEQ:97 ACK:92 ID:10097
025.905 Start 97 timer
025.905 Change Sender's window,lower edge:93,upper edge:97
026.119 Recv DATA SEQ:93 ACK:93 ID:20093
026.119 in_buf[29] full of date ID:20093
026.119 Put Packet in_buf[29]
026.119 Change Receiver's window,lower edge:94,upper edge:29
026.119 Stop 93 timer
026.119 Change Sender's window,lower edge:94,upper edge:97
026.168 Send DATA SEQ:98 ACK:93 ID:10098
026.169 Start 98 timer
026.169 Change Sender's window,lower edge:94,upper edge:98
026.393 Recv DATA SEQ:94 ACK:94 ID:20094
026.393 in_buf[30] full of date ID:20094
026.393 Put Packet in_buf[30]
026.393 Change Receiver's window,lower edge:95,upper edge:30
026.393 Stop 94 timer
026.393 Change Sender's window,lower edge:95,upper edge:98
026.442 Send DATA SEQ:99 ACK:94 ID:10099
026.442 Start 99 timer
026.442 Change Sender's window,lower edge:95,upper edge:99
026.658 Recv DATA SEQ:95 ACK:95 ID:20095
026.658 in_buf[31] full of date ID:20095
026.658 Put Packet in_buf[31]
026.658 .... 96 packets received, 7754 bps, 96.92%, Err 0 (0.0e+00)
026.658 Change Receiver's window,lower edge:96,upper edge:31
026.658 Stop 95 timer
026.658 Change Sender's window,lower edge:96,upper edge:99
026.707 Send DATA SEQ:100 ACK:95 ID:10100
026.707 Start 100 timer
026.707 Change Sender's window,lower edge:96,upper edge:100
026.922 Recv DATA SEQ:96 ACK:96 ID:20096
026.922 in_buf[32] full of date ID:20096
026.922 Put Packet in_buf[32]
026.922 Change Receiver's window,lower edge:97,upper edge:32
026.922 Stop 96 timer
026.922 Change Sender's window,lower edge:97,upper edge:100
026.973 Send DATA SEQ:101 ACK:96 ID:10101
026.973 Start 101 timer
026.973 Change Sender's window,lower edge:97,upper edge:101
027.173 Recv DATA SEQ:97 ACK:97 ID:20097
027.173 in_buf[33] full of date ID:20097
027.173 Put Packet in_buf[33]
027.173 Change Receiver's window,lower edge:98,upper edge:33
027.173 Stop 97 timer
027.173 Change Sender's window,lower edge:98,upper edge:101
027.224 Send DATA SEQ:102 ACK:97 ID:10102
027.224 Start 102 timer
027.224 Change Sender's window,lower edge:98,upper edge:102
027.455 Recv DATA SEQ:98 ACK:98 ID:20098
027.455 in_buf[34] full of date ID:20098
027.455 Put Packet in_buf[34]
027.455 Change Receiver's window,lower edge:99,upper edge:34
027.455 Stop 98 timer
027.455 Change Sender's window,lower edge:99,upper edge:102
027.488 Send DATA SEQ:103 ACK:98 ID:10103
027.488 Start 103 timer
027.488 Change Sender's window,lower edge:99,upper edge:103
027.704 Recv DATA SEQ:99 ACK:99 ID:20099
027.704 in_buf[35] full of date ID:20099
027.704 Put Packet in_buf[35]
027.704 Change Receiver's window,lower edge:100,upper edge:35
027.704 Stop 99 timer
027.704 Change Sender's window,lower edge:100,upper edge:103
027.754 Send DATA SEQ:104 ACK:99 ID:10104
027.754 Start 104 timer
027.754 Change Sender's window,lower edge:100,upper edge:104
027.770 TCP Disconnected.
