000.000 =============================================================
000.000                     Station B                               
000.000 -------------------------------------------------------------
000.000 Protocol.lib, version 4.0, jiangyanjun0718@bupt.edu.cn
000.000 Channel: 8000 bps, 270 ms propagation delay, bit error rate 1.0E-05
000.000 Log file "bf.log", TCP port 59144, debug mask 0x00
000.000 Station B is connecting station A (TCP port 59144) ... Done.
000.933 New epoch: Fri Apr 14 10:14:17 2023
000.933 =================================================================
000.933 
000.933 Designed by Li Ruobin, build: Apr 13 2023  17:16:51
003.333 .... 8 packets received, 7663 bps, 95.79%, Err 0 (0.0e+00)
005.433 .... 16 packets received, 7732 bps, 96.65%, Err 1 (2.8e-05)
008.609 .... 21 packets received, 5801 bps, 72.51%, Err 2 (3.3e-05)
010.708 .... 33 packets received, 7104 bps, 88.80%, Err 2 (2.6e-05)
012.826 .... 39 packets received, 6867 bps, 85.84%, Err 2 (2.1e-05)
014.931 .... 45 packets received, 6709 bps, 83.87%, Err 2 (1.8e-05)
017.058 .... 51 packets received, 6584 bps, 82.30%, Err 2 (1.6e-05)
019.173 .... 57 packets received, 6493 bps, 81.17%, Err 2 (1.4e-05)
021.290 .... 63 packets received, 6421 bps, 80.26%, Err 2 (1.2e-05)
023.389 .... 69 packets received, 6367 bps, 79.59%, Err 2 (1.1e-05)
025.515 .... 75 packets received, 6316 bps, 78.95%, Err 2 (1.0e-05)
027.614 .... 81 packets received, 6279 bps, 78.49%, Err 2 (9.4e-06)
029.723 .... 87 packets received, 6246 bps, 78.07%, Err 2 (8.7e-06)
031.856 .... 93 packets received, 6212 bps, 77.65%, Err 2 (8.1e-06)
034.759 .... 98 packets received, 5980 bps, 74.75%, Err 4 (1.5e-05)
036.874 .... 109 packets received, 6257 bps, 78.21%, Err 4 (1.4e-05)
038.983 .... 117 packets received, 6341 bps, 79.26%, Err 4 (1.3e-05)
041.077 .... 125 packets received, 6419 bps, 80.24%, Err 4 (1.2e-05)
043.194 .... 133 packets received, 6485 bps, 81.07%, Err 4 (1.2e-05)
045.303 .... 141 packets received, 6547 bps, 81.84%, Err 4 (1.1e-05)
047.410 .... 148 packets received, 6559 bps, 81.98%, Err 5 (1.3e-05)
049.545 .... 155 packets received, 6565 bps, 82.07%, Err 6 (1.5e-05)
051.644 .... 163 packets received, 6617 bps, 82.71%, Err 6 (1.5e-05)
053.772 .... 170 packets received, 6622 bps, 82.77%, Err 7 (1.7e-05)
055.896 .... 178 packets received, 6664 bps, 83.30%, Err 7 (1.6e-05)
057.995 .... 186 packets received, 6706 bps, 83.83%, Err 7 (1.5e-05)
060.114 .... 194 packets received, 6743 bps, 84.29%, Err 7 (1.5e-05)
062.221 .... 202 packets received, 6779 bps, 84.74%, Err 7 (1.4e-05)
064.339 .... 210 packets received, 6811 bps, 85.14%, Err 7 (1.4e-05)
066.443 .... 218 packets received, 6843 bps, 85.53%, Err 7 (1.3e-05)
068.581 .... 226 packets received, 6869 bps, 85.86%, Err 7 (1.3e-05)
070.670 .... 234 packets received, 6898 bps, 86.22%, Err 7 (1.3e-05)
072.779 .... 242 packets received, 6924 bps, 86.54%, Err 7 (1.2e-05)
074.908 .... 250 packets received, 6946 bps, 86.82%, Err 7 (1.2e-05)
077.012 .... 258 packets received, 6969 bps, 87.12%, Err 7 (1.2e-05)
079.149 .... 266 packets received, 6988 bps, 87.35%, Err 7 (1.1e-05)
081.253 .... 274 packets received, 7009 bps, 87.62%, Err 7 (1.1e-05)
083.356 .... 282 packets received, 7029 bps, 87.87%, Err 7 (1.1e-05)
085.465 .... 290 packets received, 7048 bps, 88.10%, Err 7 (1.0e-05)
088.641 .... 294 packets received, 6886 bps, 86.07%, Err 9 (1.3e-05)
090.752 .... 305 packets received, 6975 bps, 87.18%, Err 9 (1.3e-05)
092.847 .... 311 packets received, 6949 bps, 86.87%, Err 9 (1.2e-05)
094.972 .... 317 packets received, 6923 bps, 86.54%, Err 9 (1.2e-05)
097.083 .... 323 packets received, 6899 bps, 86.23%, Err 9 (1.2e-05)
099.181 .... 329 packets received, 6876 bps, 85.96%, Err 10 (1.3e-05)
101.315 .... 337 packets received, 6893 bps, 86.17%, Err 10 (1.2e-05)
103.433 .... 345 packets received, 6911 bps, 86.39%, Err 10 (1.2e-05)
105.530 .... 353 packets received, 6929 bps, 86.61%, Err 10 (1.2e-05)
107.649 .... 361 packets received, 6945 bps, 86.81%, Err 10 (1.2e-05)
109.774 .... 369 packets received, 6960 bps, 87.00%, Err 10 (1.1e-05)
111.883 .... 377 packets received, 6975 bps, 87.19%, Err 10 (1.1e-05)
113.999 .... 385 packets received, 6990 bps, 87.37%, Err 10 (1.1e-05)
116.107 .... 393 packets received, 7004 bps, 87.55%, Err 10 (1.1e-05)
118.196 .... 401 packets received, 7019 bps, 87.74%, Err 10 (1.1e-05)
120.306 .... 409 packets received, 7032 bps, 87.90%, Err 10 (1.0e-05)
122.438 .... 417 packets received, 7044 bps, 88.05%, Err 10 (1.0e-05)
124.552 .... 425 packets received, 7056 bps, 88.20%, Err 10 (1.0e-05)
127.970 .... 433 packets received, 6995 bps, 87.44%, Err 11 (1.1e-05)
130.095 .... 445 packets received, 7070 bps, 88.38%, Err 11 (1.1e-05)
132.218 .... 453 packets received, 7081 bps, 88.51%, Err 11 (1.0e-05)
134.316 .... 461 packets received, 7092 bps, 88.65%, Err 11 (1.0e-05)
136.438 .... 469 packets received, 7102 bps, 88.78%, Err 11 (1.0e-05)
138.562 .... 477 packets received, 7112 bps, 88.89%, Err 11 (1.0e-05)
140.647 .... 485 packets received, 7123 bps, 89.03%, Err 11 (9.8e-06)
142.760 .... 493 packets received, 7132 bps, 89.15%, Err 11 (9.7e-06)
145.943 .... 501 packets received, 7089 bps, 88.61%, Err 12 (1.0e-05)
148.061 .... 512 packets received, 7140 bps, 89.25%, Err 12 (1.0e-05)
150.162 .... 520 packets received, 7149 bps, 89.36%, Err 12 (1.0e-05)
152.276 .... 528 packets received, 7157 bps, 89.47%, Err 12 (9.9e-06)
154.383 .... 536 packets received, 7166 bps, 89.57%, Err 12 (9.8e-06)
156.510 .... 544 packets received, 7173 bps, 89.67%, Err 12 (9.6e-06)
158.639 .... 552 packets received, 7180 bps, 89.75%, Err 12 (9.5e-06)
160.727 .... 560 packets received, 7189 bps, 89.86%, Err 13 (1.0e-05)
162.846 .... 567 packets received, 7183 bps, 89.79%, Err 13 (1.0e-05)
164.949 .... 575 packets received, 7191 bps, 89.89%, Err 13 (9.9e-06)
167.060 .... 583 packets received, 7199 bps, 89.98%, Err 13 (9.8e-06)
169.176 .... 591 packets received, 7205 bps, 90.07%, Err 13 (9.7e-06)
171.316 .... 599 packets received, 7211 bps, 90.14%, Err 13 (9.5e-06)
173.428 .... 607 packets received, 7218 bps, 90.22%, Err 13 (9.4e-06)
175.512 .... 615 packets received, 7225 bps, 90.32%, Err 13 (9.3e-06)
177.626 .... 623 packets received, 7232 bps, 90.40%, Err 13 (9.2e-06)
180.552 .... 630 packets received, 7194 bps, 89.92%, Err 14 (9.7e-06)
182.648 .... 641 packets received, 7235 bps, 90.43%, Err 14 (9.6e-06)
184.753 .... 649 packets received, 7241 bps, 90.51%, Err 14 (9.5e-06)
186.866 .... 657 packets received, 7247 bps, 90.59%, Err 14 (9.4e-06)
188.987 .... 664 packets received, 7241 bps, 90.52%, Err 16 (1.1e-05)
191.109 .... 672 packets received, 7247 bps, 90.58%, Err 16 (1.1e-05)
193.240 .... 680 packets received, 7252 bps, 90.65%, Err 16 (1.0e-05)
195.351 .... 684 packets received, 7215 bps, 90.19%, Err 17 (1.1e-05)
197.466 .... 695 packets received, 7252 bps, 90.65%, Err 17 (1.1e-05)
199.576 .... 703 packets received, 7258 bps, 90.72%, Err 17 (1.1e-05)
201.681 .... 711 packets received, 7263 bps, 90.79%, Err 17 (1.1e-05)
203.788 .... 719 packets received, 7268 bps, 90.85%, Err 18 (1.1e-05)
205.921 .... 727 packets received, 7273 bps, 90.91%, Err 18 (1.1e-05)
208.036 .... 735 packets received, 7277 bps, 90.97%, Err 18 (1.1e-05)
210.414 .... 740 packets received, 7244 bps, 90.55%, Err 19 (1.1e-05)
212.544 .... 751 packets received, 7277 bps, 90.97%, Err 19 (1.1e-05)
214.675 .... 759 packets received, 7281 bps, 91.02%, Err 19 (1.1e-05)
216.799 .... 767 packets received, 7286 bps, 91.07%, Err 19 (1.1e-05)
218.899 .... 775 packets received, 7291 bps, 91.13%, Err 20 (1.1e-05)
221.016 .... 783 packets received, 7295 bps, 91.19%, Err 20 (1.1e-05)
223.118 .... 791 packets received, 7300 bps, 91.25%, Err 20 (1.1e-05)
225.233 .... 799 packets received, 7304 bps, 91.30%, Err 20 (1.1e-05)
227.369 .... 807 packets received, 7307 bps, 91.34%, Err 20 (1.1e-05)
229.461 .... 815 packets received, 7312 bps, 91.40%, Err 20 (1.1e-05)
231.578 .... 819 packets received, 7281 bps, 91.01%, Err 21 (1.1e-05)
233.686 .... 830 packets received, 7311 bps, 91.39%, Err 21 (1.1e-05)
235.797 .... 838 packets received, 7315 bps, 91.44%, Err 21 (1.1e-05)
237.923 .... 846 packets received, 7319 bps, 91.49%, Err 21 (1.1e-05)
240.022 .... 854 packets received, 7323 bps, 91.54%, Err 21 (1.1e-05)
242.153 .... 862 packets received, 7326 bps, 91.58%, Err 21 (1.1e-05)
244.270 .... 870 packets received, 7330 bps, 91.63%, Err 21 (1.1e-05)
246.372 .... 878 packets received, 7334 bps, 91.68%, Err 21 (1.1e-05)
248.488 .... 886 packets received, 7338 bps, 91.72%, Err 21 (1.1e-05)
250.586 .... 894 packets received, 7342 bps, 91.77%, Err 21 (1.1e-05)
253.496 .... 901 packets received, 7314 bps, 91.42%, Err 22 (1.1e-05)
255.622 .... 911 packets received, 7333 bps, 91.66%, Err 23 (1.1e-05)
257.722 .... 919 packets received, 7337 bps, 91.71%, Err 23 (1.1e-05)
259.845 .... 926 packets received, 7332 bps, 91.65%, Err 24 (1.2e-05)
261.958 .... 934 packets received, 7336 bps, 91.69%, Err 24 (1.1e-05)
264.063 .... 942 packets received, 7339 bps, 91.74%, Err 24 (1.1e-05)
266.171 .... 950 packets received, 7343 bps, 91.78%, Err 24 (1.1e-05)
268.280 .... 958 packets received, 7346 bps, 91.82%, Err 24 (1.1e-05)
270.396 .... 966 packets received, 7349 bps, 91.86%, Err 24 (1.1e-05)
272.525 .... 974 packets received, 7352 bps, 91.90%, Err 24 (1.1e-05)
274.901 .... 979 packets received, 7325 bps, 91.57%, Err 25 (1.1e-05)
277.002 .... 990 packets received, 7351 bps, 91.89%, Err 25 (1.1e-05)
279.124 .... 998 packets received, 7354 bps, 91.93%, Err 25 (1.1e-05)
281.241 .... 1006 packets received, 7357 bps, 91.96%, Err 25 (1.1e-05)
283.336 .... 1014 packets received, 7360 bps, 92.01%, Err 25 (1.1e-05)
285.458 .... 1022 packets received, 7363 bps, 92.04%, Err 25 (1.1e-05)
287.578 .... 1030 packets received, 7366 bps, 92.07%, Err 25 (1.1e-05)
289.697 .... 1038 packets received, 7368 bps, 92.11%, Err 25 (1.1e-05)
292.344 .... 1044 packets received, 7344 bps, 91.80%, Err 26 (1.1e-05)
294.441 .... 1055 packets received, 7368 bps, 92.10%, Err 26 (1.1e-05)
296.551 .... 1063 packets received, 7371 bps, 92.14%, Err 26 (1.1e-05)
298.676 .... 1071 packets received, 7373 bps, 92.17%, Err 26 (1.1e-05)
300.787 .... 1079 packets received, 7376 bps, 92.20%, Err 26 (1.1e-05)
302.888 .... 1087 packets received, 7379 bps, 92.24%, Err 26 (1.1e-05)
304.994 .... 1095 packets received, 7382 bps, 92.27%, Err 26 (1.1e-05)
307.118 .... 1103 packets received, 7384 bps, 92.30%, Err 26 (1.1e-05)
309.249 .... 1111 packets received, 7386 bps, 92.33%, Err 26 (1.1e-05)
311.365 .... 1119 packets received, 7389 bps, 92.36%, Err 26 (1.0e-05)
313.477 .... 1127 packets received, 7391 bps, 92.39%, Err 26 (1.0e-05)
315.616 .... 1135 packets received, 7393 bps, 92.41%, Err 26 (1.0e-05)
317.756 .... 1143 packets received, 7395 bps, 92.43%, Err 26 (1.0e-05)
319.866 .... 1151 packets received, 7397 bps, 92.46%, Err 26 (1.0e-05)
321.999 .... 1159 packets received, 7399 bps, 92.49%, Err 26 (1.0e-05)
324.133 .... 1163 packets received, 7375 bps, 92.19%, Err 27 (1.0e-05)
326.794 .... 1172 packets received, 7372 bps, 92.15%, Err 28 (1.1e-05)
328.912 .... 1183 packets received, 7393 bps, 92.41%, Err 28 (1.1e-05)
331.309 .... 1188 packets received, 7370 bps, 92.13%, Err 29 (1.1e-05)
333.431 .... 1199 packets received, 7391 bps, 92.39%, Err 29 (1.1e-05)
335.535 .... 1207 packets received, 7393 bps, 92.42%, Err 29 (1.1e-05)
337.651 .... 1215 packets received, 7396 bps, 92.45%, Err 29 (1.1e-05)
339.773 .... 1223 packets received, 7398 bps, 92.47%, Err 29 (1.1e-05)
341.902 .... 1231 packets received, 7400 bps, 92.49%, Err 29 (1.1e-05)
343.997 .... 1239 packets received, 7402 bps, 92.53%, Err 29 (1.1e-05)
346.121 .... 1247 packets received, 7404 bps, 92.55%, Err 29 (1.1e-05)
348.226 .... 1255 packets received, 7406 bps, 92.58%, Err 29 (1.0e-05)
350.354 .... 1263 packets received, 7408 bps, 92.60%, Err 29 (1.0e-05)
352.720 .... 1267 packets received, 7382 bps, 92.27%, Err 30 (1.1e-05)
354.839 .... 1279 packets received, 7407 bps, 92.59%, Err 30 (1.1e-05)
356.956 .... 1287 packets received, 7409 bps, 92.61%, Err 30 (1.1e-05)
359.055 .... 1295 packets received, 7411 bps, 92.64%, Err 30 (1.0e-05)
361.175 .... 1303 packets received, 7413 bps, 92.66%, Err 30 (1.0e-05)
363.286 .... 1311 packets received, 7415 bps, 92.69%, Err 30 (1.0e-05)
365.415 .... 1319 packets received, 7417 bps, 92.71%, Err 30 (1.0e-05)
367.555 .... 1327 packets received, 7418 bps, 92.73%, Err 30 (1.0e-05)
369.700 .... 1335 packets received, 7419 bps, 92.74%, Err 30 (1.0e-05)
371.822 .... 1342 packets received, 7416 bps, 92.69%, Err 31 (1.0e-05)
373.996 .... 1350 packets received, 7416 bps, 92.70%, Err 31 (1.0e-05)
376.124 .... 1358 packets received, 7418 bps, 92.72%, Err 31 (1.0e-05)
378.245 .... 1366 packets received, 7420 bps, 92.75%, Err 31 (1.0e-05)
380.367 .... 1374 packets received, 7421 bps, 92.77%, Err 31 (1.0e-05)
382.452 .... 1382 packets received, 7424 bps, 92.80%, Err 31 (1.0e-05)
384.590 .... 1390 packets received, 7425 bps, 92.81%, Err 31 (1.0e-05)
386.689 .... 1398 packets received, 7427 bps, 92.84%, Err 31 (1.0e-05)
388.813 .... 1406 packets received, 7429 bps, 92.86%, Err 31 (1.0e-05)
390.914 .... 1413 packets received, 7425 bps, 92.82%, Err 32 (1.0e-05)
393.030 .... 1421 packets received, 7427 bps, 92.84%, Err 32 (1.0e-05)
395.143 .... 1429 packets received, 7429 bps, 92.86%, Err 32 (1.0e-05)
397.240 .... 1437 packets received, 7431 bps, 92.89%, Err 32 (1.0e-05)
399.366 .... 1445 packets received, 7432 bps, 92.90%, Err 32 (1.0e-05)
401.482 .... 1453 packets received, 7434 bps, 92.93%, Err 32 (1.0e-05)
403.580 .... 1461 packets received, 7436 bps, 92.95%, Err 32 (9.9e-06)
405.704 .... 1469 packets received, 7437 bps, 92.97%, Err 32 (9.9e-06)
407.811 .... 1477 packets received, 7439 bps, 92.99%, Err 32 (9.8e-06)
409.921 .... 1485 packets received, 7441 bps, 93.01%, Err 32 (9.8e-06)
412.020 .... 1493 packets received, 7443 bps, 93.03%, Err 32 (9.7e-06)
414.138 .... 1501 packets received, 7444 bps, 93.05%, Err 32 (9.7e-06)
416.246 .... 1509 packets received, 7446 bps, 93.07%, Err 32 (9.6e-06)
421.285 .... 1513 packets received, 7376 bps, 92.20%, Err 35 (1.0e-05)
423.386 .... 1526 packets received, 7402 bps, 92.53%, Err 35 (1.0e-05)
425.512 .... 1534 packets received, 7404 bps, 92.55%, Err 35 (1.0e-05)
427.624 .... 1541 packets received, 7401 bps, 92.51%, Err 36 (1.1e-05)
429.729 .... 1549 packets received, 7403 bps, 92.54%, Err 36 (1.0e-05)
431.865 .... 1557 packets received, 7404 bps, 92.55%, Err 36 (1.0e-05)
433.957 .... 1565 packets received, 7406 bps, 92.58%, Err 36 (1.0e-05)
436.060 .... 1573 packets received, 7408 bps, 92.60%, Err 36 (1.0e-05)
438.176 .... 1581 packets received, 7410 bps, 92.62%, Err 36 (1.0e-05)
440.295 .... 1589 packets received, 7411 bps, 92.64%, Err 36 (1.0e-05)
442.394 .... 1597 packets received, 7413 bps, 92.66%, Err 36 (1.0e-05)
444.505 .... 1605 packets received, 7415 bps, 92.68%, Err 36 (1.0e-05)
446.644 .... 1613 packets received, 7416 bps, 92.70%, Err 36 (1.0e-05)
448.747 .... 1621 packets received, 7418 bps, 92.72%, Err 36 (1.0e-05)
450.878 .... 1629 packets received, 7419 bps, 92.74%, Err 36 (1.0e-05)
452.970 .... 1637 packets received, 7421 bps, 92.76%, Err 36 (1.0e-05)
455.077 .... 1644 packets received, 7418 bps, 92.73%, Err 37 (1.0e-05)
457.209 .... 1652 packets received, 7419 bps, 92.74%, Err 37 (1.0e-05)
459.302 .... 1660 packets received, 7421 bps, 92.76%, Err 37 (1.0e-05)
461.423 .... 1668 packets received, 7423 bps, 92.78%, Err 37 (1.0e-05)
463.558 .... 1676 packets received, 7424 bps, 92.80%, Err 37 (1.0e-05)
465.653 .... 1683 packets received, 7421 bps, 92.76%, Err 38 (1.0e-05)
467.759 .... 1691 packets received, 7423 bps, 92.78%, Err 38 (1.0e-05)
469.879 .... 1699 packets received, 7424 bps, 92.80%, Err 38 (1.0e-05)
471.999 .... 1707 packets received, 7425 bps, 92.82%, Err 38 (1.0e-05)
474.121 .... 1715 packets received, 7427 bps, 92.83%, Err 38 (1.0e-05)
476.212 .... 1723 packets received, 7429 bps, 92.86%, Err 38 (1.0e-05)
478.322 .... 1731 packets received, 7430 bps, 92.88%, Err 38 (1.0e-05)
480.447 .... 1739 packets received, 7431 bps, 92.89%, Err 38 (9.9e-06)
482.557 .... 1747 packets received, 7433 bps, 92.91%, Err 38 (9.9e-06)
484.665 .... 1755 packets received, 7434 bps, 92.93%, Err 38 (9.8e-06)
486.786 .... 1763 packets received, 7436 bps, 92.94%, Err 38 (9.8e-06)
488.877 .... 1771 packets received, 7437 bps, 92.97%, Err 38 (9.7e-06)
491.004 .... 1779 packets received, 7438 bps, 92.98%, Err 38 (9.7e-06)
493.104 .... 1787 packets received, 7440 bps, 93.00%, Err 38 (9.7e-06)
495.221 .... 1795 packets received, 7441 bps, 93.02%, Err 38 (9.6e-06)
497.338 .... 1803 packets received, 7442 bps, 93.03%, Err 38 (9.6e-06)
499.456 .... 1811 packets received, 7444 bps, 93.05%, Err 38 (9.5e-06)
501.573 .... 1819 packets received, 7445 bps, 93.06%, Err 38 (9.5e-06)
503.673 .... 1826 packets received, 7442 bps, 93.03%, Err 39 (9.7e-06)
505.791 .... 1834 packets received, 7444 bps, 93.05%, Err 39 (9.7e-06)
507.910 .... 1842 packets received, 7445 bps, 93.06%, Err 39 (9.6e-06)
510.008 .... 1850 packets received, 7446 bps, 93.08%, Err 39 (9.6e-06)
512.126 .... 1858 packets received, 7448 bps, 93.09%, Err 39 (9.5e-06)
514.257 .... 1866 packets received, 7449 bps, 93.11%, Err 39 (9.5e-06)
516.369 .... 1874 packets received, 7450 bps, 93.12%, Err 39 (9.5e-06)
518.470 .... 1881 packets received, 7447 bps, 93.09%, Err 40 (9.7e-06)
520.599 .... 1889 packets received, 7448 bps, 93.10%, Err 40 (9.6e-06)
522.713 .... 1897 packets received, 7450 bps, 93.12%, Err 40 (9.6e-06)
524.830 .... 1905 packets received, 7451 bps, 93.13%, Err 40 (9.5e-06)
526.978 .... 1913 packets received, 7451 bps, 93.14%, Err 40 (9.5e-06)
529.075 .... 1921 packets received, 7453 bps, 93.16%, Err 40 (9.5e-06)
531.207 .... 1929 packets received, 7454 bps, 93.17%, Err 40 (9.4e-06)
533.326 .... 1936 packets received, 7451 bps, 93.14%, Err 41 (9.6e-06)
535.429 .... 1944 packets received, 7452 bps, 93.15%, Err 41 (9.6e-06)
537.544 .... 1952 packets received, 7454 bps, 93.17%, Err 41 (9.6e-06)
539.644 .... 1960 packets received, 7455 bps, 93.19%, Err 41 (9.5e-06)
541.760 .... 1968 packets received, 7456 bps, 93.20%, Err 41 (9.5e-06)
543.886 .... 1976 packets received, 7457 bps, 93.21%, Err 41 (9.4e-06)
546.527 .... 1982 packets received, 7443 bps, 93.04%, Err 42 (9.6e-06)
548.646 .... 1993 packets received, 7456 bps, 93.20%, Err 42 (9.6e-06)
550.749 .... 2001 packets received, 7457 bps, 93.21%, Err 42 (9.5e-06)
552.865 .... 2009 packets received, 7458 bps, 93.23%, Err 42 (9.5e-06)
554.985 .... 2016 packets received, 7455 bps, 93.19%, Err 43 (9.7e-06)
557.101 .... 2023 packets received, 7453 bps, 93.16%, Err 44 (9.9e-06)
559.206 .... 2031 packets received, 7454 bps, 93.18%, Err 44 (9.9e-06)
561.849 .... 2037 packets received, 7441 bps, 93.01%, Err 45 (1.0e-05)
563.953 .... 2047 packets received, 7449 bps, 93.12%, Err 46 (1.0e-05)
566.067 .... 2055 packets received, 7451 bps, 93.13%, Err 46 (1.0e-05)
568.203 .... 2063 packets received, 7451 bps, 93.14%, Err 46 (1.0e-05)
570.308 .... 2071 packets received, 7453 bps, 93.16%, Err 47 (1.0e-05)
572.410 .... 2079 packets received, 7454 bps, 93.17%, Err 47 (1.0e-05)
574.527 .... 2087 packets received, 7455 bps, 93.19%, Err 47 (1.0e-05)
576.642 .... 2095 packets received, 7456 bps, 93.20%, Err 47 (1.0e-05)
578.746 .... 2103 packets received, 7457 bps, 93.22%, Err 47 (1.0e-05)
580.869 .... 2111 packets received, 7458 bps, 93.23%, Err 48 (1.0e-05)
582.967 .... 2118 packets received, 7456 bps, 93.20%, Err 48 (1.0e-05)
585.082 .... 2125 packets received, 7453 bps, 93.17%, Err 49 (1.0e-05)
587.198 .... 2133 packets received, 7455 bps, 93.18%, Err 49 (1.0e-05)
589.584 .... 2138 packets received, 7442 bps, 93.02%, Err 50 (1.1e-05)
591.702 .... 2149 packets received, 7453 bps, 93.16%, Err 50 (1.1e-05)
593.818 .... 2157 packets received, 7454 bps, 93.18%, Err 50 (1.1e-05)
595.903 .... 2165 packets received, 7456 bps, 93.20%, Err 50 (1.1e-05)
598.018 .... 2173 packets received, 7457 bps, 93.21%, Err 50 (1.0e-05)
600.140 .... 2181 packets received, 7458 bps, 93.22%, Err 50 (1.0e-05)
602.258 .... 2189 packets received, 7459 bps, 93.23%, Err 50 (1.0e-05)
604.369 .... 2197 packets received, 7460 bps, 93.25%, Err 50 (1.0e-05)
606.485 .... 2205 packets received, 7461 bps, 93.26%, Err 50 (1.0e-05)
608.607 .... 2213 packets received, 7462 bps, 93.27%, Err 50 (1.0e-05)
610.725 .... 2220 packets received, 7459 bps, 93.24%, Err 51 (1.0e-05)
612.828 .... 2228 packets received, 7460 bps, 93.25%, Err 51 (1.0e-05)
614.952 .... 2236 packets received, 7461 bps, 93.26%, Err 51 (1.0e-05)
617.043 .... 2244 packets received, 7462 bps, 93.28%, Err 51 (1.0e-05)
619.157 .... 2252 packets received, 7463 bps, 93.29%, Err 51 (1.0e-05)
622.337 .... 2260 packets received, 7452 bps, 93.14%, Err 52 (1.0e-05)
624.467 .... 2271 packets received, 7462 bps, 93.28%, Err 52 (1.0e-05)
626.584 .... 2279 packets received, 7463 bps, 93.29%, Err 52 (1.0e-05)
628.699 .... 2287 packets received, 7464 bps, 93.30%, Err 52 (1.0e-05)
630.796 .... 2295 packets received, 7465 bps, 93.32%, Err 52 (1.0e-05)
632.921 .... 2303 packets received, 7466 bps, 93.33%, Err 52 (1.0e-05)
635.021 .... 2311 packets received, 7467 bps, 93.34%, Err 52 (1.0e-05)
637.154 .... 2319 packets received, 7468 bps, 93.35%, Err 52 (1.0e-05)
639.253 .... 2327 packets received, 7469 bps, 93.36%, Err 52 (1.0e-05)
641.356 .... 2335 packets received, 7470 bps, 93.38%, Err 52 (1.0e-05)
643.486 .... 2342 packets received, 7468 bps, 93.35%, Err 53 (1.0e-05)
645.594 .... 2350 packets received, 7469 bps, 93.36%, Err 54 (1.0e-05)
647.727 .... 2357 packets received, 7466 bps, 93.33%, Err 54 (1.0e-05)
649.829 .... 2365 packets received, 7467 bps, 93.34%, Err 54 (1.0e-05)
651.932 .... 2373 packets received, 7468 bps, 93.35%, Err 54 (1.0e-05)
654.057 .... 2381 packets received, 7469 bps, 93.36%, Err 54 (1.0e-05)
656.174 .... 2389 packets received, 7470 bps, 93.37%, Err 54 (1.0e-05)
658.277 .... 2397 packets received, 7471 bps, 93.39%, Err 54 (1.0e-05)
660.391 .... 2405 packets received, 7472 bps, 93.40%, Err 54 (1.0e-05)
662.486 .... 2413 packets received, 7473 bps, 93.41%, Err 54 (1.0e-05)
664.604 .... 2421 packets received, 7474 bps, 93.42%, Err 54 (1.0e-05)
666.719 .... 2429 packets received, 7475 bps, 93.43%, Err 54 (1.0e-05)
668.834 .... 2437 packets received, 7476 bps, 93.44%, Err 54 (1.0e-05)
670.933 .... 2445 packets received, 7477 bps, 93.46%, Err 54 (1.0e-05)
673.048 .... 2453 packets received, 7477 bps, 93.47%, Err 54 (1.0e-05)
675.179 .... 2461 packets received, 7478 bps, 93.48%, Err 54 (1.0e-05)
677.280 .... 2469 packets received, 7479 bps, 93.49%, Err 54 (1.0e-05)
679.382 .... 2477 packets received, 7480 bps, 93.50%, Err 54 (9.9e-06)
681.494 .... 2485 packets received, 7481 bps, 93.51%, Err 54 (9.9e-06)
683.608 .... 2493 packets received, 7482 bps, 93.52%, Err 54 (9.9e-06)
685.724 .... 2501 packets received, 7483 bps, 93.53%, Err 54 (9.9e-06)
687.864 .... 2509 packets received, 7483 bps, 93.54%, Err 54 (9.8e-06)
689.948 .... 2517 packets received, 7484 bps, 93.55%, Err 55 (1.0e-05)
692.064 .... 2525 packets received, 7485 bps, 93.56%, Err 55 (9.9e-06)
694.177 .... 2533 packets received, 7486 bps, 93.57%, Err 55 (9.9e-06)
696.294 .... 2541 packets received, 7487 bps, 93.58%, Err 55 (9.9e-06)
698.407 .... 2549 packets received, 7487 bps, 93.59%, Err 55 (9.9e-06)
700.509 .... 2557 packets received, 7488 bps, 93.60%, Err 55 (9.8e-06)
702.641 .... 2565 packets received, 7489 bps, 93.61%, Err 55 (9.8e-06)
704.750 .... 2573 packets received, 7490 bps, 93.62%, Err 55 (9.8e-06)
706.849 .... 2581 packets received, 7491 bps, 93.63%, Err 55 (9.7e-06)
708.961 .... 2589 packets received, 7492 bps, 93.64%, Err 55 (9.7e-06)
711.080 .... 2597 packets received, 7492 bps, 93.65%, Err 55 (9.7e-06)
713.209 .... 2605 packets received, 7493 bps, 93.66%, Err 55 (9.7e-06)
715.318 .... 2613 packets received, 7494 bps, 93.67%, Err 55 (9.6e-06)
717.439 .... 2621 packets received, 7494 bps, 93.68%, Err 55 (9.6e-06)
719.550 .... 2629 packets received, 7495 bps, 93.69%, Err 55 (9.6e-06)
721.661 .... 2637 packets received, 7496 bps, 93.70%, Err 55 (9.5e-06)
723.762 .... 2645 packets received, 7497 bps, 93.71%, Err 55 (9.5e-06)
725.876 .... 2653 packets received, 7498 bps, 93.72%, Err 55 (9.5e-06)
727.983 .... 2661 packets received, 7498 bps, 93.73%, Err 56 (9.6e-06)
730.627 .... 2665 packets received, 7482 bps, 93.53%, Err 57 (9.8e-06)
732.750 .... 2677 packets received, 7494 bps, 93.68%, Err 57 (9.7e-06)
734.856 .... 2685 packets received, 7495 bps, 93.69%, Err 57 (9.7e-06)
736.968 .... 2693 packets received, 7496 bps, 93.70%, Err 57 (9.7e-06)
739.095 .... 2701 packets received, 7496 bps, 93.71%, Err 57 (9.7e-06)
741.207 .... 2708 packets received, 7494 bps, 93.68%, Err 58 (9.8e-06)
743.328 .... 2716 packets received, 7495 bps, 93.69%, Err 58 (9.8e-06)
745.418 .... 2724 packets received, 7496 bps, 93.70%, Err 58 (9.7e-06)
747.549 .... 2732 packets received, 7497 bps, 93.71%, Err 58 (9.7e-06)
749.653 .... 2740 packets received, 7497 bps, 93.72%, Err 58 (9.7e-06)
751.766 .... 2747 packets received, 7495 bps, 93.69%, Err 59 (9.8e-06)
753.887 .... 2755 packets received, 7496 bps, 93.70%, Err 59 (9.8e-06)
756.010 .... 2763 packets received, 7497 bps, 93.71%, Err 59 (9.8e-06)
758.118 .... 2771 packets received, 7497 bps, 93.72%, Err 59 (9.7e-06)
760.230 .... 2779 packets received, 7498 bps, 93.73%, Err 59 (9.7e-06)
762.327 .... 2787 packets received, 7499 bps, 93.74%, Err 59 (9.7e-06)
764.438 .... 2795 packets received, 7500 bps, 93.75%, Err 59 (9.7e-06)
766.552 .... 2803 packets received, 7500 bps, 93.76%, Err 59 (9.6e-06)
768.668 .... 2811 packets received, 7501 bps, 93.76%, Err 59 (9.6e-06)
770.786 .... 2819 packets received, 7502 bps, 93.77%, Err 59 (9.6e-06)
772.898 .... 2827 packets received, 7502 bps, 93.78%, Err 59 (9.6e-06)
775.014 .... 2835 packets received, 7503 bps, 93.79%, Err 59 (9.5e-06)
777.115 .... 2842 packets received, 7501 bps, 93.77%, Err 60 (9.7e-06)
779.232 .... 2850 packets received, 7502 bps, 93.77%, Err 60 (9.6e-06)
781.359 .... 2858 packets received, 7503 bps, 93.78%, Err 60 (9.6e-06)
783.463 .... 2865 packets received, 7501 bps, 93.76%, Err 61 (9.7e-06)
785.587 .... 2873 packets received, 7501 bps, 93.77%, Err 62 (9.9e-06)
788.211 .... 2878 packets received, 7489 bps, 93.62%, Err 63 (1.0e-05)
790.332 .... 2889 packets received, 7498 bps, 93.72%, Err 63 (1.0e-05)
792.449 .... 2897 packets received, 7498 bps, 93.73%, Err 63 (9.9e-06)
794.551 .... 2905 packets received, 7499 bps, 93.74%, Err 63 (9.9e-06)
796.650 .... 2912 packets received, 7497 bps, 93.72%, Err 64 (1.0e-05)
799.291 .... 2918 packets received, 7488 bps, 93.60%, Err 65 (1.0e-05)
801.702 .... 2926 packets received, 7486 bps, 93.57%, Err 66 (1.0e-05)
803.798 .... 2937 packets received, 7494 bps, 93.68%, Err 66 (1.0e-05)
805.899 .... 2945 packets received, 7495 bps, 93.69%, Err 66 (1.0e-05)
808.028 .... 2953 packets received, 7496 bps, 93.70%, Err 66 (1.0e-05)
810.146 .... 2961 packets received, 7496 bps, 93.70%, Err 66 (1.0e-05)
812.497 .... 2966 packets received, 7487 bps, 93.59%, Err 67 (1.0e-05)
814.613 .... 2977 packets received, 7495 bps, 93.69%, Err 67 (1.0e-05)
816.726 .... 2985 packets received, 7496 bps, 93.70%, Err 67 (1.0e-05)
818.855 .... 2993 packets received, 7497 bps, 93.71%, Err 67 (1.0e-05)
820.967 .... 3001 packets received, 7497 bps, 93.72%, Err 67 (1.0e-05)
823.080 .... 3009 packets received, 7498 bps, 93.72%, Err 67 (1.0e-05)
825.213 .... 3017 packets received, 7498 bps, 93.73%, Err 67 (1.0e-05)
827.310 .... 3025 packets received, 7499 bps, 93.74%, Err 68 (1.0e-05)
829.423 .... 3033 packets received, 7500 bps, 93.75%, Err 68 (1.0e-05)
831.537 .... 3041 packets received, 7500 bps, 93.76%, Err 68 (1.0e-05)
833.634 .... 3049 packets received, 7501 bps, 93.77%, Err 68 (1.0e-05)
835.763 .... 3057 packets received, 7502 bps, 93.77%, Err 68 (1.0e-05)
837.854 .... 3065 packets received, 7503 bps, 93.78%, Err 68 (1.0e-05)
839.991 .... 3073 packets received, 7503 bps, 93.79%, Err 68 (1.0e-05)
842.099 .... 3081 packets received, 7504 bps, 93.80%, Err 68 (1.0e-05)
844.214 .... 3089 packets received, 7504 bps, 93.80%, Err 68 (1.0e-05)
846.341 .... 3097 packets received, 7505 bps, 93.81%, Err 68 (1.0e-05)
848.431 .... 3105 packets received, 7506 bps, 93.82%, Err 68 (1.0e-05)
850.557 .... 3113 packets received, 7506 bps, 93.83%, Err 68 (1.0e-05)
852.654 .... 3121 packets received, 7507 bps, 93.84%, Err 68 (1.0e-05)
854.776 .... 3129 packets received, 7507 bps, 93.84%, Err 68 (1.0e-05)
856.877 .... 3137 packets received, 7508 bps, 93.85%, Err 68 (9.9e-06)
859.012 .... 3145 packets received, 7509 bps, 93.86%, Err 69 (1.0e-05)
861.115 .... 3153 packets received, 7509 bps, 93.87%, Err 69 (1.0e-05)
863.209 .... 3161 packets received, 7510 bps, 93.88%, Err 69 (1.0e-05)
865.333 .... 3169 packets received, 7511 bps, 93.88%, Err 69 (1.0e-05)
867.446 .... 3176 packets received, 7509 bps, 93.86%, Err 70 (1.0e-05)
869.569 .... 3184 packets received, 7509 bps, 93.87%, Err 70 (1.0e-05)
871.666 .... 3192 packets received, 7510 bps, 93.87%, Err 70 (1.0e-05)
873.803 .... 3200 packets received, 7510 bps, 93.88%, Err 70 (1.0e-05)
875.927 .... 3208 packets received, 7511 bps, 93.89%, Err 70 (1.0e-05)
878.033 .... 3216 packets received, 7511 bps, 93.89%, Err 71 (1.0e-05)
880.678 .... 3222 packets received, 7503 bps, 93.79%, Err 72 (1.0e-05)
882.775 .... 3233 packets received, 7511 bps, 93.88%, Err 72 (1.0e-05)
884.905 .... 3241 packets received, 7511 bps, 93.89%, Err 72 (1.0e-05)
887.001 .... 3249 packets received, 7512 bps, 93.90%, Err 72 (1.0e-05)
889.106 .... 3257 packets received, 7512 bps, 93.90%, Err 72 (1.0e-05)
891.235 .... 3265 packets received, 7513 bps, 93.91%, Err 72 (1.0e-05)
893.357 .... 3273 packets received, 7513 bps, 93.92%, Err 72 (1.0e-05)
895.462 .... 3281 packets received, 7514 bps, 93.92%, Err 72 (1.0e-05)
897.578 .... 3289 packets received, 7515 bps, 93.93%, Err 72 (1.0e-05)
899.686 .... 3297 packets received, 7515 bps, 93.94%, Err 72 (1.0e-05)
902.051 .... 3302 packets received, 7507 bps, 93.83%, Err 73 (1.0e-05)
904.166 .... 3313 packets received, 7514 bps, 93.93%, Err 73 (1.0e-05)
906.308 .... 3321 packets received, 7514 bps, 93.93%, Err 73 (1.0e-05)
908.387 .... 3329 packets received, 7515 bps, 93.94%, Err 73 (1.0e-05)
910.519 .... 3337 packets received, 7516 bps, 93.95%, Err 73 (1.0e-05)
912.635 .... 3345 packets received, 7516 bps, 93.95%, Err 73 (1.0e-05)
914.747 .... 3353 packets received, 7517 bps, 93.96%, Err 73 (1.0e-05)
916.851 .... 3361 packets received, 7517 bps, 93.97%, Err 74 (1.0e-05)
920.034 .... 3369 packets received, 7509 bps, 93.86%, Err 75 (1.0e-05)
922.132 .... 3379 packets received, 7514 bps, 93.93%, Err 76 (1.0e-05)
924.268 .... 3387 packets received, 7515 bps, 93.93%, Err 76 (1.0e-05)
926.385 .... 3395 packets received, 7515 bps, 93.94%, Err 76 (1.0e-05)
929.535 .... 3402 packets received, 7505 bps, 93.81%, Err 77 (1.0e-05)
931.639 .... 3414 packets received, 7515 bps, 93.93%, Err 77 (1.0e-05)
933.759 .... 3422 packets received, 7515 bps, 93.94%, Err 77 (1.0e-05)
935.870 .... 3430 packets received, 7516 bps, 93.94%, Err 77 (1.0e-05)
937.997 .... 3438 packets received, 7516 bps, 93.95%, Err 77 (1.0e-05)
940.099 .... 3446 packets received, 7517 bps, 93.96%, Err 77 (1.0e-05)
942.217 .... 3454 packets received, 7517 bps, 93.96%, Err 77 (1.0e-05)
944.319 .... 3462 packets received, 7518 bps, 93.97%, Err 77 (1.0e-05)
946.444 .... 3470 packets received, 7518 bps, 93.98%, Err 77 (1.0e-05)
948.560 .... 3478 packets received, 7519 bps, 93.98%, Err 77 (1.0e-05)
950.920 .... 3483 packets received, 7511 bps, 93.88%, Err 78 (1.0e-05)
953.037 .... 3494 packets received, 7518 bps, 93.97%, Err 78 (1.0e-05)
955.164 .... 3502 packets received, 7518 bps, 93.98%, Err 78 (1.0e-05)
957.256 .... 3510 packets received, 7519 bps, 93.99%, Err 78 (1.0e-05)
959.373 .... 3518 packets received, 7519 bps, 93.99%, Err 78 (1.0e-05)
961.488 .... 3526 packets received, 7520 bps, 94.00%, Err 78 (1.0e-05)
963.585 .... 3534 packets received, 7520 bps, 94.01%, Err 78 (1.0e-05)
966.498 .... 3541 packets received, 7513 bps, 93.91%, Err 79 (1.0e-05)
968.606 .... 3552 packets received, 7520 bps, 93.99%, Err 79 (1.0e-05)
970.736 .... 3560 packets received, 7520 bps, 94.00%, Err 79 (1.0e-05)
972.842 .... 3568 packets received, 7520 bps, 94.01%, Err 79 (1.0e-05)
974.949 .... 3576 packets received, 7521 bps, 94.01%, Err 79 (1.0e-05)
977.073 .... 3584 packets received, 7521 bps, 94.02%, Err 79 (1.0e-05)
979.166 .... 3592 packets received, 7522 bps, 94.03%, Err 79 (1.0e-05)
981.290 .... 3600 packets received, 7523 bps, 94.03%, Err 79 (1.0e-05)
983.396 .... 3608 packets received, 7523 bps, 94.04%, Err 79 (1.0e-05)
985.511 .... 3616 packets received, 7524 bps, 94.04%, Err 79 (1.0e-05)
987.624 .... 3624 packets received, 7524 bps, 94.05%, Err 79 (1.0e-05)
989.748 .... 3632 packets received, 7524 bps, 94.06%, Err 79 (1.0e-05)
991.860 .... 3640 packets received, 7525 bps, 94.06%, Err 79 (1.0e-05)
993.971 .... 3648 packets received, 7525 bps, 94.07%, Err 79 (9.9e-06)
996.076 .... 3656 packets received, 7526 bps, 94.08%, Err 79 (9.9e-06)
998.186 .... 3660 packets received, 7518 bps, 93.98%, Err 80 (1.0e-05)
1000.300 .... 3671 packets received, 7525 bps, 94.06%, Err 80 (1.0e-05)
1002.425 .... 3679 packets received, 7525 bps, 94.07%, Err 80 (1.0e-05)
1005.330 .... 3686 packets received, 7518 bps, 93.97%, Err 81 (1.0e-05)
1007.447 .... 3697 packets received, 7524 bps, 94.06%, Err 81 (1.0e-05)
1009.550 .... 3705 packets received, 7525 bps, 94.06%, Err 81 (1.0e-05)
1011.666 .... 3713 packets received, 7525 bps, 94.07%, Err 81 (1.0e-05)
1013.782 .... 3721 packets received, 7526 bps, 94.07%, Err 82 (1.0e-05)
1015.877 .... 3728 packets received, 7524 bps, 94.06%, Err 82 (1.0e-05)
1018.003 .... 3736 packets received, 7525 bps, 94.06%, Err 82 (1.0e-05)
1020.127 .... 3744 packets received, 7525 bps, 94.07%, Err 82 (1.0e-05)
1022.220 .... 3752 packets received, 7526 bps, 94.07%, Err 82 (1.0e-05)
1024.342 .... 3760 packets received, 7526 bps, 94.08%, Err 82 (1.0e-05)
1026.460 .... 3768 packets received, 7527 bps, 94.08%, Err 82 (1.0e-05)
1028.578 .... 3776 packets received, 7527 bps, 94.09%, Err 82 (1.0e-05)
1030.669 .... 3784 packets received, 7528 bps, 94.10%, Err 82 (1.0e-05)
1032.782 .... 3792 packets received, 7528 bps, 94.10%, Err 82 (9.9e-06)
1034.909 .... 3800 packets received, 7529 bps, 94.11%, Err 82 (9.9e-06)
1037.004 .... 3808 packets received, 7529 bps, 94.11%, Err 82 (9.9e-06)
1039.140 .... 3816 packets received, 7529 bps, 94.12%, Err 82 (9.9e-06)
1041.253 .... 3824 packets received, 7530 bps, 94.12%, Err 82 (9.9e-06)
1043.334 .... 3832 packets received, 7531 bps, 94.13%, Err 82 (9.8e-06)
1045.461 .... 3840 packets received, 7531 bps, 94.14%, Err 82 (9.8e-06)
1047.593 .... 3848 packets received, 7531 bps, 94.14%, Err 82 (9.8e-06)
1049.686 .... 3856 packets received, 7532 bps, 94.15%, Err 82 (9.8e-06)
1051.811 .... 3864 packets received, 7532 bps, 94.15%, Err 82 (9.8e-06)
1053.928 .... 3872 packets received, 7533 bps, 94.16%, Err 82 (9.7e-06)
1056.050 .... 3880 packets received, 7533 bps, 94.16%, Err 82 (9.7e-06)
1058.137 .... 3888 packets received, 7534 bps, 94.17%, Err 82 (9.7e-06)
1060.274 .... 3896 packets received, 7534 bps, 94.17%, Err 82 (9.7e-06)
1062.376 .... 3904 packets received, 7534 bps, 94.18%, Err 82 (9.7e-06)
1064.478 .... 3912 packets received, 7535 bps, 94.19%, Err 82 (9.6e-06)
1066.595 .... 3920 packets received, 7535 bps, 94.19%, Err 82 (9.6e-06)
1068.709 .... 3928 packets received, 7536 bps, 94.20%, Err 83 (9.7e-06)
1070.826 .... 3936 packets received, 7536 bps, 94.20%, Err 83 (9.7e-06)
1072.940 .... 3944 packets received, 7537 bps, 94.21%, Err 83 (9.7e-06)
1075.046 .... 3952 packets received, 7537 bps, 94.21%, Err 83 (9.7e-06)
1077.179 .... 3960 packets received, 7537 bps, 94.22%, Err 84 (9.8e-06)
1079.269 .... 3968 packets received, 7538 bps, 94.22%, Err 84 (9.7e-06)
1081.381 .... 3976 packets received, 7538 bps, 94.23%, Err 84 (9.7e-06)
1083.513 .... 3984 packets received, 7539 bps, 94.23%, Err 85 (9.8e-06)
1085.631 .... 3992 packets received, 7539 bps, 94.24%, Err 85 (9.8e-06)
1087.749 .... 4000 packets received, 7539 bps, 94.24%, Err 85 (9.8e-06)
1089.847 .... 4008 packets received, 7540 bps, 94.25%, Err 85 (9.8e-06)
1091.979 .... 4016 packets received, 7540 bps, 94.25%, Err 85 (9.7e-06)
1094.080 .... 4024 packets received, 7541 bps, 94.26%, Err 85 (9.7e-06)
1096.706 .... 4029 packets received, 7532 bps, 94.15%, Err 86 (9.8e-06)
1098.818 .... 4040 packets received, 7538 bps, 94.23%, Err 87 (9.9e-06)
1100.963 .... 4048 packets received, 7538 bps, 94.23%, Err 87 (9.9e-06)
1103.066 .... 4056 packets received, 7539 bps, 94.23%, Err 87 (9.9e-06)
1105.170 .... 4064 packets received, 7539 bps, 94.24%, Err 87 (9.8e-06)
1107.275 .... 4072 packets received, 7540 bps, 94.25%, Err 87 (9.8e-06)
1109.387 .... 4080 packets received, 7540 bps, 94.25%, Err 87 (9.8e-06)
1111.517 .... 4088 packets received, 7540 bps, 94.25%, Err 87 (9.8e-06)
1113.627 .... 4096 packets received, 7541 bps, 94.26%, Err 87 (9.8e-06)
1115.722 .... 4104 packets received, 7541 bps, 94.27%, Err 87 (9.8e-06)
1117.861 .... 4112 packets received, 7542 bps, 94.27%, Err 87 (9.7e-06)
1121.294 .... 4120 packets received, 7533 bps, 94.16%, Err 88 (9.8e-06)
1123.405 .... 4132 packets received, 7541 bps, 94.26%, Err 88 (9.8e-06)
1125.509 .... 4140 packets received, 7541 bps, 94.27%, Err 88 (9.8e-06)
1128.406 .... 4146 packets received, 7533 bps, 94.16%, Err 89 (9.9e-06)
1130.526 .... 4158 packets received, 7540 bps, 94.25%, Err 89 (9.8e-06)
1132.626 .... 4166 packets received, 7541 bps, 94.26%, Err 89 (9.8e-06)
1134.739 .... 4174 packets received, 7541 bps, 94.27%, Err 89 (9.8e-06)
1139.226 .... 4176 packets received, 7515 bps, 93.94%, Err 92 (1.0e-05)
1141.351 .... 4189 packets received, 7524 bps, 94.06%, Err 92 (1.0e-05)
1143.455 .... 4197 packets received, 7525 bps, 94.06%, Err 92 (1.0e-05)
1145.565 .... 4205 packets received, 7525 bps, 94.07%, Err 92 (1.0e-05)
1147.685 .... 4213 packets received, 7526 bps, 94.07%, Err 92 (1.0e-05)
1149.783 .... 4221 packets received, 7526 bps, 94.08%, Err 92 (1.0e-05)
1151.909 .... 4229 packets received, 7527 bps, 94.08%, Err 92 (1.0e-05)
1154.009 .... 4237 packets received, 7527 bps, 94.09%, Err 92 (1.0e-05)
1156.145 .... 4245 packets received, 7527 bps, 94.09%, Err 92 (1.0e-05)
1158.245 .... 4253 packets received, 7528 bps, 94.10%, Err 92 (9.9e-06)
1160.358 .... 4261 packets received, 7528 bps, 94.10%, Err 92 (9.9e-06)
1162.471 .... 4269 packets received, 7529 bps, 94.11%, Err 92 (9.9e-06)
1164.851 .... 4274 packets received, 7522 bps, 94.03%, Err 93 (1.0e-05)
1166.951 .... 4285 packets received, 7528 bps, 94.10%, Err 93 (1.0e-05)
1169.074 .... 4293 packets received, 7528 bps, 94.10%, Err 93 (1.0e-05)
1171.195 .... 4301 packets received, 7529 bps, 94.11%, Err 93 (9.9e-06)
1173.298 .... 4309 packets received, 7529 bps, 94.11%, Err 93 (9.9e-06)
1175.409 .... 4317 packets received, 7529 bps, 94.12%, Err 93 (9.9e-06)
1177.520 .... 4325 packets received, 7530 bps, 94.12%, Err 93 (9.9e-06)
1179.656 .... 4333 packets received, 7530 bps, 94.13%, Err 93 (9.9e-06)
1182.284 .... 4338 packets received, 7522 bps, 94.03%, Err 94 (9.9e-06)
1184.394 .... 4350 packets received, 7529 bps, 94.12%, Err 94 (9.9e-06)
1186.509 .... 4357 packets received, 7528 bps, 94.10%, Err 95 (1.0e-05)
1188.627 .... 4365 packets received, 7528 bps, 94.11%, Err 95 (1.0e-05)
1190.748 .... 4369 packets received, 7522 bps, 94.02%, Err 96 (1.0e-05)
1192.855 .... 4380 packets received, 7528 bps, 94.09%, Err 96 (1.0e-05)
1194.972 .... 4388 packets received, 7528 bps, 94.10%, Err 96 (1.0e-05)
1197.078 .... 4396 packets received, 7528 bps, 94.10%, Err 96 (1.0e-05)
1199.232 .... 4404 packets received, 7528 bps, 94.11%, Err 96 (1.0e-05)
1201.334 .... 4412 packets received, 7529 bps, 94.11%, Err 96 (1.0e-05)
1203.420 .... 4419 packets received, 7528 bps, 94.10%, Err 97 (1.0e-05)
1205.536 .... 4427 packets received, 7528 bps, 94.10%, Err 97 (1.0e-05)
1207.645 .... 4435 packets received, 7529 bps, 94.11%, Err 97 (1.0e-05)
1209.774 .... 4442 packets received, 7527 bps, 94.09%, Err 98 (1.0e-05)
1212.420 .... 4448 packets received, 7521 bps, 94.01%, Err 99 (1.0e-05)
1214.517 .... 4459 packets received, 7526 bps, 94.08%, Err 99 (1.0e-05)
1217.700 .... 4467 packets received, 7520 bps, 94.00%, Err 100 (1.0e-05)
1219.799 .... 4478 packets received, 7526 bps, 94.07%, Err 100 (1.0e-05)
1221.927 .... 4486 packets received, 7526 bps, 94.08%, Err 100 (1.0e-05)
1224.020 .... 4494 packets received, 7527 bps, 94.08%, Err 100 (1.0e-05)
1226.154 .... 4502 packets received, 7527 bps, 94.09%, Err 100 (1.0e-05)
1228.257 .... 4510 packets received, 7527 bps, 94.09%, Err 100 (1.0e-05)
1230.396 .... 4518 packets received, 7528 bps, 94.09%, Err 100 (1.0e-05)
1232.529 .... 4526 packets received, 7528 bp