000.000 =============================================================
000.000                     Station B                               
000.000 -------------------------------------------------------------
000.000 Protocol.lib, version 4.0, jiangyanjun0718@bupt.edu.cn
000.000 Channel: 8000 bps, 270 ms propagation delay, bit error rate 1.0E-04
000.000 Log file "bfber.log", TCP port 59149, debug mask 0x00
000.000 Station B is connecting station A (TCP port 59149) ... Done.
000.652 New epoch: Sat May 20 17:50:05 2023
000.652 =================================================================
000.652 
000.652 Designed by Li Ruobin, build: May 20 2023  02:25:18
003.602 .... 4 packets received, 3072 bps, 38.40%, Err 3 (1.3e-04)
006.243 .... 12 packets received, 4630 bps, 57.87%, Err 7 (1.6e-04)
008.615 .... 16 packets received, 4267 bps, 53.33%, Err 9 (1.4e-04)
010.735 .... 23 packets received, 4807 bps, 60.08%, Err 9 (1.1e-04)
013.909 .... 27 packets received, 4262 bps, 53.28%, Err 12 (1.1e-04)
018.161 .... 33 packets received, 3923 bps, 49.04%, Err 16 (1.1e-04)
020.273 .... 45 packets received, 4766 bps, 59.57%, Err 18 (1.1e-04)
023.425 .... 51 packets received, 4644 bps, 58.05%, Err 22 (1.2e-04)
026.871 .... 61 packets received, 4817 bps, 60.21%, Err 24 (1.1e-04)
029.007 .... 69 packets received, 5034 bps, 62.92%, Err 24 (1.1e-04)
037.479 .... 76 packets received, 4259 bps, 53.24%, Err 35 (1.2e-04)
039.590 .... 87 packets received, 4609 bps, 57.62%, Err 37 (1.2e-04)
041.971 .... 94 packets received, 4691 bps, 58.64%, Err 37 (1.1e-04)
044.102 .... 100 packets received, 4744 bps, 59.30%, Err 38 (1.1e-04)
049.663 .... 105 packets received, 4413 bps, 55.16%, Err 46 (1.2e-04)
052.086 .... 115 packets received, 4604 bps, 57.56%, Err 47 (1.1e-04)
054.186 .... 123 packets received, 4731 bps, 59.13%, Err 47 (1.1e-04)
056.310 .... 129 packets received, 4771 bps, 59.64%, Err 47 (1.1e-04)
058.428 .... 132 packets received, 4702 bps, 58.78%, Err 50 (1.1e-04)
060.536 .... 141 packets received, 4845 bps, 60.56%, Err 50 (1.0e-04)
067.708 .... 146 packets received, 4478 bps, 55.97%, Err 55 (1.0e-04)
071.666 .... 156 packets received, 4517 bps, 56.46%, Err 57 (1.0e-04)
074.071 .... 166 packets received, 4648 bps, 58.11%, Err 58 (9.9e-05)
076.166 .... 170 packets received, 4628 bps, 57.85%, Err 61 (1.0e-04)
078.831 .... 176 packets received, 4627 bps, 57.84%, Err 62 (9.9e-05)
082.268 .... 187 packets received, 4709 bps, 58.86%, Err 66 (1.0e-04)
084.937 .... 190 packets received, 4632 bps, 57.90%, Err 72 (1.1e-04)
087.019 .... 198 packets received, 4711 bps, 58.88%, Err 73 (1.1e-04)
089.152 .... 204 packets received, 4736 bps, 59.20%, Err 73 (1.0e-04)
091.270 .... 210 packets received, 4761 bps, 59.51%, Err 74 (1.0e-04)
093.387 .... 216 packets received, 4785 bps, 59.81%, Err 74 (1.0e-04)
095.774 .... 220 packets received, 4751 bps, 59.38%, Err 77 (1.0e-04)
097.908 .... 229 packets received, 4836 bps, 60.45%, Err 79 (1.0e-04)
100.017 .... 235 packets received, 4857 bps, 60.72%, Err 79 (9.9e-05)
102.660 .... 239 packets received, 4812 bps, 60.15%, Err 81 (9.9e-05)
105.553 .... 246 packets received, 4816 bps, 60.20%, Err 83 (9.9e-05)
107.949 .... 258 packets received, 4938 bps, 61.72%, Err 83 (9.7e-05)
110.041 .... 264 packets received, 4955 bps, 61.94%, Err 86 (9.8e-05)
112.937 .... 268 packets received, 4900 bps, 61.26%, Err 90 (1.0e-04)
115.612 .... 273 packets received, 4875 bps, 60.94%, Err 94 (1.0e-04)
117.725 .... 280 packets received, 4910 bps, 61.38%, Err 97 (1.0e-04)
125.113 .... 282 packets received, 4651 bps, 58.14%, Err 104 (1.0e-04)
130.131 .... 294 packets received, 4660 bps, 58.26%, Err 108 (1.0e-04)
133.043 .... 306 packets received, 4744 bps, 59.30%, Err 110 (1.0e-04)
135.949 .... 315 packets received, 4778 bps, 59.73%, Err 113 (1.0e-04)
140.191 .... 317 packets received, 4662 bps, 58.28%, Err 116 (1.0e-04)
142.819 .... 329 packets received, 4749 bps, 59.36%, Err 117 (1.0e-04)
146.003 .... 340 packets received, 4800 bps, 60.00%, Err 118 (1.0e-04)
148.115 .... 351 packets received, 4884 bps, 61.05%, Err 119 (1.0e-04)
150.226 .... 359 packets received, 4925 bps, 61.56%, Err 120 (1.0e-04)
152.330 .... 367 packets received, 4965 bps, 62.06%, Err 121 (1.0e-04)
154.443 .... 375 packets received, 5003 bps, 62.54%, Err 121 (9.8e-05)
156.552 .... 383 packets received, 5040 bps, 63.01%, Err 122 (9.8e-05)
158.686 .... 391 packets received, 5076 bps, 63.45%, Err 122 (9.7e-05)
170.589 .... 395 packets received, 4768 bps, 59.60%, Err 137 (1.0e-04)
174.800 .... 406 packets received, 4782 bps, 59.78%, Err 139 (1.0e-04)
177.451 .... 418 packets received, 4850 bps, 60.62%, Err 139 (9.8e-05)
181.135 .... 424 packets received, 4819 bps, 60.24%, Err 141 (9.8e-05)
186.160 .... 428 packets received, 4732 bps, 59.15%, Err 147 (9.9e-05)
189.323 .... 435 packets received, 4729 bps, 59.11%, Err 148 (9.8e-05)
192.237 .... 443 packets received, 4743 bps, 59.28%, Err 151 (9.9e-05)
194.856 .... 452 packets received, 4774 bps, 59.67%, Err 155 (1.0e-04)
197.490 .... 455 packets received, 4741 bps, 59.26%, Err 160 (1.0e-04)
199.619 .... 459 packets received, 4731 bps, 59.14%, Err 161 (1.0e-04)
201.714 .... 462 packets received, 4713 bps, 58.91%, Err 163 (1.0e-04)
204.649 .... 471 packets received, 4735 bps, 59.19%, Err 164 (1.0e-04)
206.771 .... 482 packets received, 4796 bps, 59.95%, Err 165 (1.0e-04)
213.905 .... 483 packets received, 4645 bps, 58.06%, Err 174 (1.0e-04)
216.032 .... 497 packets received, 4732 bps, 59.15%, Err 174 (1.0e-04)
218.150 .... 505 packets received, 4761 bps, 59.52%, Err 175 (1.0e-04)
220.262 .... 513 packets received, 4790 bps, 59.88%, Err 176 (1.0e-04)
222.917 .... 516 packets received, 4761 bps, 59.51%, Err 178 (1.0e-04)
227.168 .... 522 packets received, 4725 bps, 59.07%, Err 181 (1.0e-04)
229.808 .... 534 packets received, 4778 bps, 59.73%, Err 183 (1.0e-04)
231.918 .... 537 packets received, 4761 bps, 59.52%, Err 185 (1.0e-04)
234.844 .... 545 packets received, 4772 bps, 59.65%, Err 187 (1.0e-04)
237.487 .... 551 packets received, 4770 bps, 59.63%, Err 190 (1.0e-04)
240.945 .... 560 packets received, 4778 bps, 59.73%, Err 192 (1.0e-04)
243.313 .... 564 packets received, 4766 bps, 59.57%, Err 194 (1.0e-04)
247.545 .... 566 packets received, 4700 bps, 58.76%, Err 200 (1.0e-04)
249.664 .... 578 packets received, 4759 bps, 59.49%, Err 200 (1.0e-04)
252.857 .... 583 packets received, 4739 bps, 59.24%, Err 202 (1.0e-04)
258.403 .... 588 packets received, 4677 bps, 58.46%, Err 207 (1.0e-04)
260.534 .... 601 packets received, 4741 bps, 59.27%, Err 210 (1.0e-04)
262.667 .... 609 packets received, 4765 bps, 59.57%, Err 210 (1.0e-04)
264.775 .... 616 packets received, 4782 bps, 59.77%, Err 211 (1.0e-04)
267.163 .... 621 packets received, 4777 bps, 59.71%, Err 212 (9.9e-05)
275.125 .... 627 packets received, 4683 bps, 58.54%, Err 221 (1.0e-04)
277.234 .... 640 packets received, 4744 bps, 59.30%, Err 221 (1.0e-04)
279.370 .... 647 packets received, 4759 bps, 59.49%, Err 223 (1.0e-04)
284.393 .... 651 packets received, 4704 bps, 58.79%, Err 230 (1.0e-04)
286.518 .... 660 packets received, 4733 bps, 59.16%, Err 233 (1.0e-04)
288.900 .... 665 packets received, 4729 bps, 59.12%, Err 235 (1.0e-04)
295.282 .... 674 packets received, 4690 bps, 58.62%, Err 240 (1.0e-04)
297.407 .... 686 packets received, 4739 bps, 59.24%, Err 241 (1.0e-04)
299.805 .... 690 packets received, 4728 bps, 59.10%, Err 243 (1.0e-04)
302.969 .... 695 packets received, 4713 bps, 58.91%, Err 247 (1.0e-04)
306.140 .... 703 packets received, 4717 bps, 58.97%, Err 252 (1.0e-04)
308.260 .... 711 packets received, 4738 bps, 59.23%, Err 254 (1.0e-04)
310.374 .... 718 packets received, 4752 bps, 59.40%, Err 255 (1.0e-04)
312.488 .... 726 packets received, 4772 bps, 59.65%, Err 256 (1.0e-04)
314.603 .... 733 packets received, 4786 bps, 59.82%, Err 257 (1.0e-04)
317.756 .... 740 packets received, 4784 bps, 59.79%, Err 262 (1.0e-04)
320.142 .... 743 packets received, 4767 bps, 59.59%, Err 266 (1.0e-04)
322.513 .... 749 packets received, 4770 bps, 59.63%, Err 271 (1.1e-04)
325.140 .... 755 packets received, 4769 bps, 59.62%, Err 274 (1.1e-04)
327.280 .... 766 packets received, 4807 bps, 60.09%, Err 274 (1.0e-04)
332.805 .... 772 packets received, 4764 bps, 59.55%, Err 278 (1.0e-04)
340.194 .... 783 packets received, 4727 bps, 59.08%, Err 282 (1.0e-04)
342.335 .... 795 packets received, 4769 bps, 59.61%, Err 284 (1.0e-04)
344.446 .... 802 packets received, 4781 bps, 59.77%, Err 284 (1.0e-04)
349.450 .... 806 packets received, 4736 bps, 59.20%, Err 287 (1.0e-04)
351.559 .... 819 packets received, 4784 bps, 59.80%, Err 291 (1.0e-04)
355.248 .... 826 packets received, 4774 bps, 59.68%, Err 294 (1.0e-04)
358.416 .... 836 packets received, 4789 bps, 59.87%, Err 295 (1.0e-04)
364.233 .... 840 packets received, 4735 bps, 59.19%, Err 302 (1.0e-04)
368.964 .... 850 packets received, 4730 bps, 59.13%, Err 307 (1.0e-04)
371.355 .... 859 packets received, 4749 bps, 59.37%, Err 310 (1.0e-04)
373.462 .... 864 packets received, 4750 bps, 59.37%, Err 312 (1.0e-04)
375.577 .... 870 packets received, 4756 bps, 59.45%, Err 312 (1.0e-04)
377.704 .... 875 packets received, 4756 bps, 59.45%, Err 315 (1.0e-04)
379.820 .... 883 packets received, 4773 bps, 59.66%, Err 316 (1.0e-04)
381.919 .... 890 packets received, 4784 bps, 59.80%, Err 316 (1.0e-04)
390.358 .... 895 packets received, 4707 bps, 58.84%, Err 319 (1.0e-04)
395.388 .... 906 packets received, 4704 bps, 58.80%, Err 330 (1.0e-04)
398.027 .... 915 packets received, 4719 bps, 58.99%, Err 333 (1.0e-04)
400.155 .... 917 packets received, 4704 bps, 58.80%, Err 334 (1.0e-04)
402.785 .... 928 packets received, 4729 bps, 59.12%, Err 334 (1.0e-04)
404.910 .... 933 packets received, 4730 bps, 59.12%, Err 336 (1.0e-04)
407.834 .... 935 packets received, 4706 bps, 58.83%, Err 338 (1.0e-04)
409.953 .... 947 packets received, 4742 bps, 59.27%, Err 339 (1.0e-04)
412.082 .... 953 packets received, 4747 bps, 59.34%, Err 339 (1.0e-04)
414.187 .... 959 packets received, 4753 bps, 59.41%, Err 340 (1.0e-04)
416.315 .... 965 packets received, 4758 bps, 59.47%, Err 341 (1.0e-04)
421.874 .... 970 packets received, 4719 bps, 58.99%, Err 348 (1.0e-04)
423.999 .... 980 packets received, 4744 bps, 59.30%, Err 349 (1.0e-04)
427.189 .... 985 packets received, 4733 bps, 59.16%, Err 354 (1.0e-04)
430.612 .... 994 packets received, 4738 bps, 59.22%, Err 356 (1.0e-04)
433.259 .... 996 packets received, 4718 bps, 58.98%, Err 358 (1.0e-04)
435.382 .... 1007 packets received, 4747 bps, 59.34%, Err 361 (1.0e-04)
438.016 .... 1011 packets received, 4737 bps, 59.21%, Err 362 (1.0e-04)
440.153 .... 1022 packets received, 4765 bps, 59.57%, Err 365 (1.0e-04)
442.781 .... 1024 packets received, 4746 bps, 59.33%, Err 366 (1.0e-04)
445.709 .... 1034 packets received, 4761 bps, 59.51%, Err 369 (1.0e-04)
448.363 .... 1044 packets received, 4779 bps, 59.73%, Err 369 (1.0e-04)
450.488 .... 1050 packets received, 4783 bps, 59.79%, Err 370 (1.0e-04)
453.121 .... 1054 packets received, 4774 bps, 59.67%, Err 373 (1.0e-04)
455.259 .... 1065 packets received, 4801 bps, 60.01%, Err 373 (1.0e-04)
457.373 .... 1072 packets received, 4810 bps, 60.12%, Err 374 (1.0e-04)
459.491 .... 1079 packets received, 4819 bps, 60.24%, Err 375 (1.0e-04)
461.626 .... 1087 packets received, 4832 bps, 60.40%, Err 375 (1.0e-04)
463.751 .... 1094 packets received, 4841 bps, 60.51%, Err 376 (1.0e-04)
465.868 .... 1102 packets received, 4854 bps, 60.68%, Err 376 (1.0e-04)
467.988 .... 1109 packets received, 4863 bps, 60.79%, Err 377 (1.0e-04)
470.125 .... 1117 packets received, 4876 bps, 60.95%, Err 377 (1.0e-04)
472.229 .... 1125 packets received, 4889 bps, 61.11%, Err 377 (1.0e-04)
474.341 .... 1129 packets received, 4884 bps, 61.05%, Err 378 (1.0e-04)
476.488 .... 1139 packets received, 4905 bps, 61.31%, Err 380 (1.0e-04)
481.785 .... 1144 packets received, 4872 bps, 60.91%, Err 387 (1.0e-04)
484.975 .... 1155 packets received, 4887 bps, 61.09%, Err 391 (1.0e-04)
487.352 .... 1158 packets received, 4876 bps, 60.95%, Err 392 (1.0e-04)
490.254 .... 1166 packets received, 4880 bps, 61.00%, Err 395 (1.0e-04)
492.638 .... 1170 packets received, 4873 bps, 60.91%, Err 398 (1.0e-04)
495.550 .... 1178 packets received, 4878 bps, 60.97%, Err 399 (1.0e-04)
497.670 .... 1188 packets received, 4898 bps, 61.23%, Err 400 (1.0e-04)
499.766 .... 1196 packets received, 4910 bps, 61.38%, Err 400 (1.0e-04)
501.906 .... 1204 packets received, 4922 bps, 61.53%, Err 400 (1.0e-04)
504.033 .... 1211 packets received, 4930 bps, 61.62%, Err 401 (1.0e-04)
506.665 .... 1217 packets received, 4928 bps, 61.60%, Err 404 (1.0e-04)
509.029 .... 1220 packets received, 4918 bps, 61.47%, Err 406 (1.0e-04)
511.156 .... 1227 packets received, 4925 bps, 61.56%, Err 407 (1.0e-04)
514.325 .... 1233 packets received, 4919 bps, 61.48%, Err 411 (1.0e-04)
516.984 .... 1238 packets received, 4913 bps, 61.41%, Err 416 (1.0e-04)
519.342 .... 1243 packets received, 4911 bps, 61.38%, Err 417 (1.0e-04)
521.719 .... 1251 packets received, 4920 bps, 61.49%, Err 420 (1.0e-04)
523.830 .... 1257 packets received, 4923 bps, 61.54%, Err 421 (1.0e-04)
526.471 .... 1262 packets received, 4918 bps, 61.47%, Err 422 (1.0e-04)
528.608 .... 1272 packets received, 4937 bps, 61.71%, Err 422 (1.0e-04)
536.245 .... 1275 packets received, 4878 bps, 60.97%, Err 429 (1.0e-04)
538.364 .... 1289 packets received, 4912 bps, 61.40%, Err 430 (1.0e-04)
540.482 .... 1296 packets received, 4919 bps, 61.49%, Err 431 (1.0e-04)
545.487 .... 1300 packets received, 4889 bps, 61.11%, Err 437 (1.0e-04)
547.613 .... 1311 packets received, 4911 bps, 61.39%, Err 440 (1.0e-04)
549.986 .... 1314 packets received, 4901 bps, 61.27%, Err 441 (1.0e-04)
552.094 .... 1322 packets received, 4912 bps, 61.40%, Err 443 (1.0e-04)
554.192 .... 1329 packets received, 4920 bps, 61.49%, Err 445 (1.0e-04)
556.314 .... 1337 packets received, 4930 bps, 61.63%, Err 446 (1.0e-04)
558.420 .... 1345 packets received, 4941 bps, 61.76%, Err 447 (1.0e-04)
561.075 .... 1349 packets received, 4932 bps, 61.65%, Err 449 (1.0e-04)
563.715 .... 1355 packets received, 4931 bps, 61.64%, Err 452 (1.0e-04)
565.827 .... 1363 packets received, 4942 bps, 61.77%, Err 452 (1.0e-04)
570.573 .... 1365 packets received, 4908 bps, 61.34%, Err 457 (1.0e-04)
575.319 .... 1374 packets received, 4899 bps, 61.24%, Err 462 (1.0e-04)
577.438 .... 1382 packets received, 4909 bps, 61.37%, Err 465 (1.0e-04)
579.553 .... 1388 packets received, 4913 bps, 61.41%, Err 467 (1.0e-04)
581.672 .... 1394 packets received, 4916 bps, 61.45%, Err 467 (1.0e-04)
590.906 .... 1400 packets received, 4860 bps, 60.75%, Err 477 (1.0e-04)
594.868 .... 1414 packets received, 4876 bps, 60.95%, Err 480 (1.0e-04)
598.042 .... 1424 packets received, 4884 bps, 61.05%, Err 480 (1.0e-04)
600.157 .... 1428 packets received, 4881 bps, 61.01%, Err 482 (1.0e-04)
602.801 .... 1436 packets received, 4886 bps, 61.08%, Err 484 (1.0e-04)
605.696 .... 1443 packets received, 4887 bps, 61.08%, Err 488 (1.0e-04)
608.359 .... 1451 packets received, 4892 bps, 61.15%, Err 491 (1.0e-04)
611.525 .... 1461 packets received, 4900 bps, 61.25%, Err 496 (1.0e-04)
614.178 .... 1466 packets received, 4896 bps, 61.20%, Err 498 (1.0e-04)
622.688 .... 1472 packets received, 4849 bps, 60.61%, Err 502 (1.0e-04)
624.803 .... 1486 packets received, 4878 bps, 60.98%, Err 503 (1.0e-04)
626.920 .... 1493 packets received, 4885 bps, 61.06%, Err 505 (1.0e-04)
631.678 .... 1496 packets received, 4857 bps, 60.72%, Err 509 (1.0e-04)
633.805 .... 1507 packets received, 4877 bps, 60.96%, Err 510 (1.0e-04)
635.933 .... 1513 packets received, 4880 bps, 61.00%, Err 511 (1.0e-04)
641.770 .... 1519 packets received, 4854 bps, 60.68%, Err 514 (1.0e-04)
647.046 .... 1530 packets received, 4850 bps, 60.62%, Err 520 (1.0e-04)
650.223 .... 1539 packets received, 4854 bps, 60.68%, Err 524 (1.0e-04)
654.996 .... 1543 packets received, 4831 bps, 60.39%, Err 527 (1.0e-04)
657.116 .... 1555 packets received, 4853 bps, 60.67%, Err 528 (1.0e-04)
660.288 .... 1562 packets received, 4852 bps, 60.65%, Err 533 (1.0e-04)
662.439 .... 1565 packets received, 4845 bps, 60.57%, Err 534 (1.0e-04)
664.844 .... 1572 packets received, 4849 bps, 60.62%, Err 534 (1.0e-04)
667.228 .... 1576 packets received, 4844 bps, 60.55%, Err 535 (1.0e-04)
670.165 .... 1585 packets received, 4850 bps, 60.63%, Err 537 (1.0e-04)
673.605 .... 1596 packets received, 4859 bps, 60.74%, Err 540 (1.0e-04)
679.434 .... 1601 packets received, 4833 bps, 60.41%, Err 543 (1.0e-04)
681.541 .... 1614 packets received, 4857 bps, 60.71%, Err 544 (1.0e-04)
684.708 .... 1618 packets received, 4846 bps, 60.58%, Err 546 (1.0e-04)
687.912 .... 1630 packets received, 4859 bps, 60.74%, Err 547 (9.9e-05)
690.831 .... 1636 packets received, 4857 bps, 60.71%, Err 551 (1.0e-04)
696.396 .... 1642 packets received, 4835 bps, 60.44%, Err 559 (1.0e-04)
698.786 .... 1652 packets received, 4848 bps, 60.60%, Err 562 (1.0e-04)
701.420 .... 1655 packets received, 4839 bps, 60.48%, Err 564 (1.0e-04)
703.552 .... 1664 packets received, 4850 bps, 60.63%, Err 566 (1.0e-04)
705.649 .... 1674 packets received, 4865 bps, 60.81%, Err 569 (1.0e-04)
707.761 .... 1681 packets received, 4871 bps, 60.88%, Err 569 (1.0e-04)
709.904 .... 1689 packets received, 4879 bps, 60.99%, Err 569 (1.0e-04)
712.013 .... 1696 packets received, 4885 bps, 61.06%, Err 570 (1.0e-04)
714.113 .... 1704 packets received, 4893 bps, 61.17%, Err 570 (1.0e-04)
717.013 .... 1711 packets received, 4894 bps, 61.17%, Err 571 (1.0e-04)
720.190 .... 1719 packets received, 4895 bps, 61.18%, Err 575 (1.0e-04)
722.826 .... 1725 packets received, 4894 bps, 61.17%, Err 576 (1.0e-04)
727.058 .... 1730 packets received, 4879 bps, 60.99%, Err 580 (1.0e-04)
731.546 .... 1741 packets received, 4880 bps, 61.00%, Err 583 (1.0e-04)
734.709 .... 1751 packets received, 4887 bps, 61.09%, Err 585 (1.0e-04)
740.779 .... 1755 packets received, 4858 bps, 60.73%, Err 591 (1.0e-04)
743.688 .... 1766 packets received, 4869 bps, 60.87%, Err 598 (1.0e-04)
746.053 .... 1776 packets received, 4881 bps, 61.02%, Err 598 (1.0e-04)
748.192 .... 1781 packets received, 4881 bps, 61.01%, Err 599 (1.0e-04)
750.287 .... 1788 packets received, 4887 bps, 61.08%, Err 601 (1.0e-04)
752.412 .... 1796 packets received, 4895 bps, 61.18%, Err 601 (1.0e-04)
754.788 .... 1801 packets received, 4893 bps, 61.16%, Err 604 (1.0e-04)
761.929 .... 1802 packets received, 4850 bps, 60.62%, Err 612 (1.0e-04)
764.823 .... 1815 packets received, 4866 bps, 60.83%, Err 613 (1.0e-04)
769.311 .... 1820 packets received, 4851 bps, 60.64%, Err 622 (1.0e-04)
771.948 .... 1831 packets received, 4864 bps, 60.79%, Err 624 (1.0e-04)
774.585 .... 1834 packets received, 4855 bps, 60.69%, Err 625 (1.0e-04)
776.980 .... 1843 packets received, 4864 bps, 60.80%, Err 626 (1.0e-04)
779.083 .... 1854 packets received, 4880 bps, 60.99%, Err 626 (1.0e-04)
781.734 .... 1860 packets received, 4879 bps, 60.98%, Err 628 (1.0e-04)
783.846 .... 1871 packets received, 4894 bps, 61.18%, Err 629 (1.0e-04)
786.985 .... 1878 packets received, 4893 bps, 61.16%, Err 630 (1.0e-04)
789.898 .... 1884 packets received, 4891 bps, 61.13%, Err 635 (1.0e-04)
794.656 .... 1889 packets received, 4874 bps, 60.93%, Err 639 (1.0e-04)
797.303 .... 1900 packets received, 4886 bps, 61.08%, Err 639 (1.0e-04)
799.410 .... 1908 packets received, 4894 bps, 61.17%, Err 639 (1.0e-04)
801.790 .... 1913 packets received, 4892 bps, 61.15%, Err 642 (1.0e-04)
804.434 .... 1920 packets received, 4894 bps, 61.17%, Err 643 (1.0e-04)
806.559 .... 1929 packets received, 4904 bps, 61.30%, Err 644 (1.0e-04)
808.669 .... 1937 packets received, 4911 bps, 61.39%, Err 646 (1.0e-04)
813.177 .... 1938 packets received, 4887 bps, 61.08%, Err 653 (1.0e-04)
815.282 .... 1950 packets received, 4904 bps, 61.30%, Err 654 (1.0e-04)
817.386 .... 1955 packets received, 4904 bps, 61.30%, Err 654 (1.0e-04)
819.778 .... 1959 packets received, 4900 bps, 61.25%, Err 656 (1.0e-04)
822.139 .... 1966 packets received, 4903 bps, 61.29%, Err 657 (1.0e-04)
824.789 .... 1975 packets received, 4910 bps, 61.37%, Err 662 (1.0e-04)
827.452 .... 1977 packets received, 4899 bps, 61.23%, Err 663 (1.0e-04)
833.259 .... 1987 packets received, 4889 bps, 61.11%, Err 670 (1.0e-04)
835.383 .... 1999 packets received, 4906 bps, 61.33%, Err 675 (1.0e-04)
837.765 .... 2003 packets received, 4902 bps, 61.28%, Err 677 (1.0e-04)
839.900 .... 2012 packets received, 4911 bps, 61.39%, Err 678 (1.0e-04)
842.787 .... 2017 packets received, 4907 bps, 61.34%, Err 679 (1.0e-04)
844.896 .... 2028 packets received, 4921 bps, 61.52%, Err 680 (1.0e-04)
847.035 .... 2034 packets received, 4923 bps, 61.54%, Err 680 (1.0e-04)
849.941 .... 2038 packets received, 4916 bps, 61.45%, Err 685 (1.0e-04)
852.587 .... 2043 packets received, 4913 bps, 61.41%, Err 686 (1.0e-04)
854.704 .... 2054 packets received, 4927 bps, 61.59%, Err 686 (1.0e-04)
856.816 .... 2062 packets received, 4934 bps, 61.68%, Err 686 (1.0e-04)
859.191 .... 2067 packets received, 4932 bps, 61.65%, Err 689 (1.0e-04)
861.319 .... 2077 packets received, 4944 bps, 61.80%, Err 689 (1.0e-04)
863.691 .... 2082 packets received, 4942 bps, 61.78%, Err 691 (1.0e-04)
866.337 .... 2092 packets received, 4951 bps, 61.88%, Err 692 (1.0e-04)
868.442 .... 2098 packets received, 4953 bps, 61.91%, Err 694 (1.0e-04)
871.117 .... 2101 packets received, 4945 bps, 61.81%, Err 696 (1.0e-04)
873.225 .... 2112 packets received, 4959 bps, 61.98%, Err 696 (1.0e-04)
878.787 .... 2117 packets received, 4939 bps, 61.74%, Err 704 (1.0e-04)
881.712 .... 2128 packets received, 4948 bps, 61.85%, Err 707 (1.0e-04)
883.835 .... 2131 packets received, 4943 bps, 61.79%, Err 710 (1.0e-04)
887.010 .... 2141 packets received, 4949 bps, 61.86%, Err 713 (1.0e-04)
893.109 .... 2151 packets received, 4938 bps, 61.72%, Err 717 (1.0e-04)
895.756 .... 2158 packets received, 4939 bps, 61.74%, Err 719 (1.0e-04)
897.883 .... 2169 packets received, 4952 bps, 61.91%, Err 719 (1.0e-04)
900.522 .... 2175 packets received, 4952 bps, 61.90%, Err 720 (1.0e-04)
905.278 .... 2182 packets received, 4941 bps, 61.77%, Err 724 (1.0e-04)
907.383 .... 2194 packets received, 4957 bps, 61.96%, Err 725 (1.0e-04)
909.513 .... 2201 packets received, 4961 bps, 62.02%, Err 726 (1.0e-04)
912.135 .... 2207 packets received, 4960 bps, 62.01%, Err 731 (1.0e-04)
914.262 .... 2217 packets received, 4971 bps, 62.14%, Err 731 (1.0e-04)
917.412 .... 2223 packets received, 4968 bps, 62.10%, Err 734 (1.0e-04)
920.057 .... 2231 packets received, 4971 bps, 62.14%, Err 736 (1.0e-04)
922.433 .... 2240 packets received, 4978 bps, 62.23%, Err 737 (1.0e-04)
924.539 .... 2246 packets received, 4980 bps, 62.25%, Err 737 (1.0e-04)
929.287 .... 2249 packets received, 4961 bps, 62.02%, Err 742 (1.0e-04)
933.789 .... 2260 packets received, 4962 bps, 62.02%, Err 746 (1.0e-04)
936.155 .... 2269 packets received, 4969 bps, 62.11%, Err 748 (1.0e-04)
939.327 .... 2278 packets received, 4972 bps, 62.15%, Err 750 (1.0e-04)
941.970 .... 2282 packets received, 4966 bps, 62.08%, Err 751 (1.0e-04)
944.091 .... 2292 packets received, 4977 bps, 62.21%, Err 754 (1.0e-04)
946.734 .... 2296 packets received, 4972 bps, 62.15%, Err 755 (1.0e-04)
948.837 .... 2307 packets received, 4984 bps, 62.31%, Err 757 (1.0e-04)
951.743 .... 2313 packets received, 4982 bps, 62.28%, Err 759 (1.0e-04)
953.847 .... 2320 packets received, 4986 bps, 62.33%, Err 762 (1.0e-04)
956.502 .... 2322 packets received, 4977 bps, 62.21%, Err 765 (1.0e-04)
958.605 .... 2331 packets received, 4985 bps, 62.31%, Err 766 (1.0e-04)
962.567 .... 2337 packets received, 4977 bps, 62.21%, Err 770 (1.0e-04)
964.680 .... 2343 packets received, 4979 bps, 62.24%, Err 772 (1.0e-04)
966.803 .... 2348 packets received, 4979 bps, 62.23%, Err 774 (1.0e-04)
969.717 .... 2354 packets received, 4976 bps, 62.20%, Err 776 (1.0e-04)
975.779 .... 2363 packets received, 4964 bps, 62.05%, Err 785 (1.0e-04)
978.162 .... 2373 packets received, 4973 bps, 62.16%, Err 789 (1.0e-04)
980.543 .... 2375 packets received, 4965 bps, 62.07%, Err 791 (1.0e-04)
983.171 .... 2383 packets received, 4969 bps, 62.11%, Err 796 (1.0e-04)
985.274 .... 2389 packets received, 4971 bps, 62.13%, Err 797 (1.0e-04)
987.935 .... 2397 packets received, 4974 bps, 62.17%, Err 797 (1.0e-04)
990.052 .... 2403 packets received, 4975 bps, 62.19%, Err 798 (1.0e-04)
992.163 .... 2409 packets received, 4977 bps, 62.22%, Err 798 (1.0e-04)
994.266 .... 2415 packets received, 4979 bps, 62.24%, Err 800 (1.0e-04)
999.573 .... 2419 packets received, 4961 bps, 62.01%, Err 803 (1.0e-04)
1002.726 .... 2432 packets received, 4972 bps, 62.15%, Err 807 (1.0e-04)
1005.383 .... 2438 packets received, 4971 bps, 62.14%, Err 810 (1.0e-04)
1008.043 .... 2443 packets received, 4968 bps, 62.10%, Err 811 (1.0e-04)
1010.448 .... 2452 packets received, 4974 bps, 62.18%, Err 812 (1.0e-04)
1013.630 .... 2460 packets received, 4975 bps, 62.19%, Err 815 (1.0e-04)
1018.934 .... 2468 packets received, 4965 bps, 62.06%, Err 819 (1.0e-04)
1024.779 .... 2478 packets received, 4957 bps, 61.96%, Err 825 (1.0e-04)
1027.684 .... 2489 packets received, 4965 bps, 62.06%, Err 829 (1.0e-04)
1029.803 .... 2495 packets received, 4966 bps, 62.08%, Err 829 (1.0e-04)
1032.972 .... 2501 packets received, 4963 bps, 62.04%, Err 831 (1.0e-04)
1036.150 .... 2509 packets received, 4964 bps, 62.05%, Err 834 (1.0e-04)
1038.805 .... 2517 packets received, 4967 bps, 62.08%, Err 835 (1.0e-04)
1040.929 .... 2527 packets received, 4976 bps, 62.20%, Err 835 (1.0e-04)
1043.037 .... 2533 packets received, 4978 bps, 62.23%, Err 837 (1.0e-04)
1045.158 .... 2541 packets received, 4984 bps, 62.29%, Err 837 (1.0e-04)
1047.523 .... 2546 packets received, 4982 bps, 62.28%, Err 838 (1.0e-04)
1049.652 .... 2556 packets received, 4992 bps, 62.39%, Err 840 (1.0e-04)
1052.313 .... 2560 packets received, 4987 bps, 62.33%, Err 844 (1.0e-04)
1054.438 .... 2563 packets received, 4982 bps, 62.28%, Err 845 (1.0e-04)
1056.811 .... 2570 packets received, 4985 bps, 62.31%, Err 846 (1.0e-04)
1059.743 .... 2576 packets received, 4983 bps, 62.28%, Err 851 (1.0e-04)
1062.122 .... 2579 packets received, 4977 bps, 62.22%, Err 854 (1.0e-04)
1064.506 .... 2586 packets received, 4980 bps, 62.24%, Err 856 (1.0e-04)
1067.165 .... 2589 packets received, 4973 bps, 62.16%, Err 858 (1.0e-04)
1070.605 .... 2598 packets received, 4974 bps, 62.18%, Err 862 (1.0e-04)
1073.792 .... 2608 packets received, 4978 bps, 62.23%, Err 865 (1.0e-04)
1076.439 .... 2610 packets received, 4970 bps, 62.13%, Err 865 (1.0e-04)
1078.558 .... 2620 packets received, 4979 bps, 62.24%, Err 865 (1.0e-04)
1080.952 .... 2627 packets received, 4981 bps, 62.27%, Err 865 (1.0e-04)
1085.998 .... 2631 packets received, 4966 bps, 62.07%, Err 872 (1.0e-04)
1093.946 .... 2641 packets received, 4949 bps, 61.86%, Err 878 (1.0e-04)
1098.723 .... 2652 packets received, 4947 bps, 61.84%, Err 881 (1.0e-04)
1101.648 .... 2662 packets received, 4953 bps, 61.91%, Err 883 (1.0e-04)
1103.768 .... 2665 packets received, 4949 bps, 61.86%, Err 884 (1.0e-04)
1105.883 .... 2675 packets received, 4958 bps, 61.98%, Err 884 (1.0e-04)
1108.503 .... 2681 packets received, 4957 bps, 61.97%, Err 885 (1.0e-04)
1110.618 .... 2688 packets received, 4961 bps, 62.01%, Err 886 (1.0e-04)
1117.772 .... 2692 packets received, 4936 bps, 61.71%, Err 895 (1.0e-04)
1120.933 .... 2706 packets received, 4948 bps, 61.85%, Err 896 (1.0e-04)
1123.029 .... 2712 packets received, 4950 bps, 61.87%, Err 898 (1.0e-04)
1126.471 .... 2718 packets received, 4946 bps, 61.82%, Err 899 (1.0e-04)
1128.587 .... 2728 packets received, 4954 bps, 61.93%, Err 902 (1.0e-04)
1131.495 .... 2732 packets received, 4949 bps, 61.86%, Err 903 (1.0e-04)
1134.388 .... 2739 packets received, 4949 bps, 61.86%, Err 906 (1.0e-04)
1137.046 .... 2746 packets received, 4950 bps, 61.88%, Err 910 (1.0e-04)
1139.669 .... 2752 packets received, 4949 bps, 61.87%, Err 910 (1.0e-04)
1142.045 .... 2760 packets received, 4953 bps, 61.92%, Err 910 (1.0e-04)
1144.168 .... 2764 packets received, 4951 bps, 61.89%, Err 912 (1.0e-04)
1146.282 .... 2768 packets received, 4949 bps, 61.87%, Err 914 (1.0e-04)
1148.374 .... 2772 packets received, 4948 bps, 61.84%, Err 914 (1.0e-04)
1150.505 .... 2776 packets received, 4946 bps, 61.82%, Err 916 (1.0e-04)
1156.319 .... 2781 packets received, 4930 bps, 61.62%, Err 926 (1.0e-04)
1158.415 .... 2792 packets received, 4940 bps, 61.75%, Err 928 (1.0e-04)
1160.523 .... 2800 packets received, 4945 bps, 61.82%, Err 928 (1.0e-04)
1162.937 .... 2805 packets received, 4944 bps, 61.80%, Err 931 (1.0e-04)
1165.285 .... 2808 packets received, 4939 bps, 61.74%, Err 932 (1.0e-04)
1170.320 .... 2815 packets received, 4930 bps, 61.63%, Err 938 (1.0e-04)
1175.073 .... 2826 packets received, 4929 bps, 61.62%, Err 941 (1.0e-04)
1177.469 .... 2836 packets received, 4937 bps, 61.71%, Err 941 (1.0e-04)
1179.564 .... 2840 packets received, 4935 bps, 61.69%, Err 944 (1.0e-04)
1181.654 .... 2842 packets received, 4930 bps, 61.62%, Err 945 (1.0e-04)
1183.784 .... 2852 packets received, 4938 bps, 61.72%, Err 947 (1.0e-04)
1185.891 .... 2858 packets received, 4940 bps, 61.74%, Err 947 (1.0e-04)
1191.181 .... 2862 packets received, 4925 bps, 61.56%, Err 951 (1.0e-04)
1196.193 .... 2873 packets received, 4923 bps, 61.53%, Err 954 (1.0e-04)
1199.102 .... 2885 packets received, 4931 bps, 61.64%, Err 958 (1.0e-04)
1201.743 .... 2889 packets received, 4927 bps, 61.59%, Err 960 (1.0e-04)
1203.851 .... 2895 packets received, 4929 bps, 61.61%, Err 961 (1.0e-04)
1205.971 .... 2901 packets received, 4930 bps, 61.63%, Err 964 (1.0e-04)
1210.717 .... 2903 packets received, 4914 bps, 61.43%, Err 970 (1.0e-04)
1213.123 .... 2914 packets received, 4923 bps, 61.54%, Err 971 (1.0e-04)
1216.546 .... 2922 packets received, 4923 bps, 61.54%, Err 973 (1.0e-04)
1219.199 .... 2928 packets received, 4922 bps, 61.53%, Err 975 (1.0e-04)
1221.860 .... 2937 packets received, 4927 bps, 61.58%, Err 979 (1.0e-04)
1225.847 .... 2940 packets received, 4916 bps, 61.44%, Err 981 (1.0e-04)
1228.738 .... 2951 packets received, 4922 bps, 61.53%, Err 985 (1.0e-04)
1232.988 .... 2953 packets received, 4909 bps, 61.36%, Err 990 (1.0e-04)
1236.176 .... 2964 packets received, 4914 bps, 61.43%, Err 992 (1.0e-04)
1238.285 .... 2972 packets received, 4919 bps, 61.49%, Err 992 (1.0e-04)
1240.404 .... 2980 packets received, 4924 bps, 61.55%, Err 992 (1.0e-04)
1243.573 .... 2985 packets received, 4920 bps, 61.49%, Err 995 (1.0e-04)
1246.492 .... 2995 packets received, 4925 bps, 61.56%, Err 996 (1.0e-04)
1249.396 .... 3005 packets received, 4929 bps, 61.62%, Err 999 (1.0e-04)
1257.875 .... 3010 packets received, 4904 bps, 61.30%, Err 1006 (1.0e-04)
1261.838 .... 3021 packets received, 4907 bps, 61.34%, Err 1011 (1.0e-04)
1264.471 .... 3029 packets received, 4910 bps, 61.37%, Err 1012 (1.0e-04)
1267.409 .... 3034 packets received, 4906 bps, 61.33%, Err 1013 (1.0e-04)
1269.512 .... 3040 packets received, 4908 bps, 61.35%, Err 1015 (1.0e-04)
1272.679 .... 3046 packets received, 4905 bps, 61.32%, Err 1019 (1.0e-04)
1275.052 .... 3051 packets received, 4904 bps, 61.30%, Err 1020 (1.0e-04)
1278.240 .... 3060 packets received, 4906 bps, 61.33%, Err 1025 (1.0e-04)
1280.879 .... 3063 packets received, 4901 bps, 61.26%, Err 1026 (1.0e-04)
1287.495 .... 3068 packets received, 4884 bps, 61.05%, Err 1036 (1.0e-04)
1290.422 .... 3080 packets received, 4892 bps, 61.15%, Err 1039 (1.0e-04)
1292.510 .... 3087 packets received, 4895 bps, 61.19%, Err 1041 (1.0e-04)
1296.768 .... 3088 packets received, 4880 bps, 61.01%, Err 1043 (1.0e-04)
1298.901 .... 3101 packets received, 4893 bps, 61.16%, Err 1045 (1.0e-04)
1301.022 .... 3109 packets received, 4898 bps, 61.22%, Err 1045 (1.0e-04)
1303.143 .... 3116 packets received, 4901 bps, 61.26%, Err 1046 (1.0e-04)
1306.319 .... 3124 packets received, 4901 bps, 61.27%, Err 1048 (1.0e-04)
1313.435 .... 3127 packets received, 4879 bps, 60.99%, Err 1052 (1.0e-04)
1315.549 .... 3140 packets received, 4892 bps, 61.15%, Err 1053 (1.0e-04)
1321.091 .... 3143 packets received, 4876 bps, 60.95%, Err 1060 (1.0e-04)
1323.206 .... 3155 packets received, 4887 bps, 61.08%, Err 1061 (1.0e-04)
1325.587 .... 3160 packets received, 4886 bps, 61.07%, Err 1063 (1.0e-04)
1328.479 .... 3169 packets received, 4889 bps, 61.11%, Err 1066 (1.0e-04)
1331.661 .... 3179 packets received, 4893 bps, 61.16%, Err 1068 (1.0e-04)
1335.898 .... 3180 packets received, 4879 bps, 60.98%, Err 1070 (1.0e-04)
1338.008 .... 3192 packets received, 4889 bps, 61.11%, Err 1071 (1.0e-04)
1340.122 .... 3196 packets received, 4888 bps, 61.10%, Err 1074 (1.0e-04)
1343.279 .... 3206 packets received, 4891 bps, 61.14%, Err 1075 (1.0e-04)
1347.249 .... 3215 packets received, 4891 bps, 61.13%, Err 1078 (1.0e-04)
1350.425 .... 3225 packets received, 4894 bps, 61.18%, Err 1081 (1.0e-04)
1353.062 .... 3227 packets received, 4888 bps, 61.10%, Err 1086 (1.0e-04)
1355.178 .... 3232 packets received, 4888 bps, 61.10%, Err 1087 (1.0e-04)
1357.536 .... 3237 packets received, 4887 bps, 61.08%, Err 1089 (1.0e-04)
1359.674 .... 3238 packets received, 4881 bps, 61.01%, Err 1090 (1.0e-04)
1361.750 .... 3248 packets received, 4888 bps, 61.10%, Err 1090 (1.0e-04)
1364.662 .... 3251 packets received, 4882 bps, 61.03%, Err 1094 (1.0e-04)
1367.296 .... 3260 packets received, 4886 bps, 61.08%, Err 1096 (1.0e-04)
1369.687 .... 3263 packets received, 4882 bps, 61.03%, Err 1096 (1.0e-04)
1371.798 .... 3267 packets received, 4881 bps, 61.01%, Err 1097 (1.0e-04)
1373.898 .... 3277 packets received, 4888 bps, 61.10%, Err 1098 (1.0e-04)
1376.043 .... 3285 packets received, 4892 bps, 61.16%, Err 1098 (1.0e-04)
1378.939 .... 3288 packets received, 4887 bps, 61.08%, Err 1101 (1.0e-04)
1381.309 .... 3297 packets received, 4892 bps, 61.15%, Err 1105 (1.0e-04)
1383.684 .... 3302 packets received, 4891 bps, 61.13%, Err 1106 (1.0e-04)
1385.814 .... 3309 packets received, 4893 bps, 61.17%, Err 1111 (1.0e-04)
1388.458 .... 3313 packets received, 4890 bps, 61.13%, Err 1113 (1.0e-04)
1390.563 .... 3321 packets received, 4894 bps, 61.18%, Err 1113 (1.0e-04)
1393.718 .... 3329 packets received, 4895 bps, 61.19%, Err 1115 (1.0e-04)
1399.278 .... 3335 packets received, 4884 bps, 61.06%, Err 1120 (1.0e-04)
1402.159 .... 3345 packets received, 4889 bps, 61.11%, Err 1123 (1.0e-04)
1405.335 .... 3354 packets received, 4891 bps, 61.14%, Err 1125 (1.0e-04)
1408.812 .... 3363 packets received, 4892 bps, 61.15%, Err 1126 (1.0e-04)
1414.392 .... 3370 packets received, 4883 bps, 61.04%, Err 1130 (1.0e-04)
1416.482 .... 3381 packets received, 4892 bps, 61.14%, Err 1133 (1.0e-04)
1418.600 .... 3387 packets received, 4893 bps, 61.16%, Err 1134 (1.0e-04)
1422.300 .... 3389 packets received, 4883 bps, 61.04%, Err 1137 (1.0e-04)
1424.433 .... 3398 packets received, 4889 bps, 61.11%, Err 1139 (1.0e-04)
1427.342 .... 3403 packets received, 4886 bps, 61.07%, Err 1141 (1.0e-04)
1433.410 .... 3410 packets received, 4875 bps, 60.94%, Err 1147 (1.0e-04)
1435.534 .... 3421 packets received, 4884 bps, 61.05%, Err 1148 (1.0e-04)
1438.726 .... 3424 packets received, 4877 bps, 60.96%, Err 1151 (1.0e-04)
1441.380 .... 3434 packets received, 4882 bps, 61.03%, Err 1152 (1.0e-04)
1443.500 .... 3437 packets received, 4879 bps, 60.99%, Err 1153 (1.0e-04)
1446.945 .... 3448 packets received, 4883 bps, 61.04%, Err 1158 (1.0e-04)
1453.315 .... 3450 packets received, 4865 bps, 60.81%, Err 1163 (1.0e-04)
1455.424 .... 3460 packets received, 4872 bps, 60.90%, Err 1165 (1.0e-04)
1460.470 .... 3462 packets received, 4858 bps, 60.72%, Err 1171 (1.0e-04)
1462.599 .... 3474 packets received, 4868 bps, 60.84%, Err 1173 (1.0e-04)
1464.992 .... 3479 packets received, 4867 bps, 60.83%, Err 1176 (1.0e-04)
1471.302 .... 3488 packets received, 4858 bps, 60.73%, Err 1180 (1.0e-04)
1474.249 .... 3499 packets received, 4864 bps, 60.80%, Err 1180 (1.0e-04)
1476.883 .... 3505 packets received, 4863 bps, 60.79%, Err 1181 (1.0e-04)
1484.315 .... 3512 packets received, 4849 bps, 60.61%, Err 1185 (1.0e-04)
1486.414 .... 3525 packets received, 4860 bps, 60.75%, Err 1185 (1.0e-04)
1492.254 .... 3529 packets received, 4846 bps, 60.58%, Err 1194 (1.0e-04)
1494.369 .... 3540 packets received, 4855 bps, 60.68%, Err 1195 (1.0e-04)
1496.510 .... 3543 packets received, 4852 bps, 60.65%, Err 1197 (1.0e-04)
1498.644 .... 3549 packets received, 4853 bps, 60.66%, Err 1198 (1.0e-04)
1500.730 .... 3555 packets received, 4854 bps, 60.68%, Err 1200 (1.0e-04)
1503.394 .... 3560 packets received, 4853 bps, 60.66%, Err 1203 (1.0e-04)
1506.556 .... 3570 packets received, 4856 bps, 60.70%, Err 1206 (1.0e-04)
1509.715 .... 3578 packets received, 4857 bps, 60.71%, Err 1207 (1.0e-04)
1512.101 .... 3586 packets received, 4860 bps, 60.75%, Err 1209 (1.0e-04)
1514.740 .... 3592 packets received, 4860 bps, 60.74%, Err 1211 (1.0e-04)
1517.104 .... 3601 packets received, 4864 bps, 60.80%, Err 1212 (1.0e-04)
1519.229 .... 3604 packets received, 4861 bps, 60.77%, Err 1214 (1.0e-04)
1521.320 .... 3613 packets received, 4867 bps, 60.84%, Err 1215 (1.0e-04)
1524.498 .... 3621 packets received, 4867 bps, 60.84%, Err 1218 (1.0e-04)
1527.156 .... 3627 packets received, 4867 bps, 60.84%, Err 1220 (1.0e-04)
1530.326 .... 3639 packets received, 4873 bps, 60.91%, Err 1223 (1.0e-04)
1533.240 .... 3648 packets received, 4876 bps, 60.95%, Err 1224 (1.0e-04)
1535.599 .... 3656 packets received, 4879 bps, 60.99%, Err 1226 (1.0e-04)
1538.255 .... 3661 packets received, 4877 bps, 60.96%, Err 1229 (1.0e-04)
1540.354 .... 3670 packets received, 4882 bps, 61.03%, Err 1230 (1.0e-04)
1545.915 .... 3676 packets received, 4873 bps, 60.91%, Err 1237 (1.0e-04)
1550.658 .... 3685 packets received, 4870 bps, 60.87%, Err 1241 (1.0e-04)
1552.787 .... 3695 packets received, 4876 bps, 60.95%, Err 1242 (1.0e-04)
1555.158 .... 3700 packets received, 4875 bps, 60.94%, Err 1244 (1.0e-04)
1557.265 .... 3710 packets received, 4882 bps, 61.03%, Err 1246 (1.0e-04)
1561.497 .... 3711 packets received, 4870 bps, 60.88%, Err 1248 (1.0e-04)
1564.684 .... 3722 packets received, 4875 bps, 60.93%, Err 1250 (1.0e-04)
1567.586 .... 3728 packets received, 4873 bps, 60.92%, Err 1252 (1.0e-04)
1570.211 .... 3733 packets received, 4872 bps, 60.90%, Err 1254 (1.0e-04)
1572.325 .... 3741 packets received, 4876 bps, 60.95%, Err 1256 (1.0e-04)
1574.692 .... 3745 packets received, 4874 bps, 60.92%, Err 1258 (1.0e-04)
1576.823 .... 3754 packets received, 4879 bps, 60.98%, Err 1261 (1.0e-04)
1582.896 .... 3761 packets received, 4869 bps, 60.86%, Err 1265 (1.0e-04)
1586.049 .... 3773 packets received, 4875 bps, 60.93%, Err 1268 (1.0e-04)
1588.174 .... 3774 packets received, 4870 bps, 60.87%, Err 1272 (1.0e-04)
1590.548 .... 3782 packets received, 4873 bps, 60.91%, Err 1274 (1.0e-04)
1593.441 .... 3788 packets received, 4871 bps, 60.89%, Err 1276 (1.0e-04)
1596.094 .... 3796 packets received, 4874 bps, 60.92%, Err 1278 (1.0e-04)
1603.211 .... 3798 packets received, 4855 bps, 60.68%, Err 1287 (1.0e-04)
1605.329 .... 3810 packets received, 4863 bps, 60.79%, Err 1289 (1.0e-04)
1608.509 .... 3814 packets received, 4859 bps, 60.74%, Err 1291 (1.0e-04)
1614.854 .... 3824 packets received, 4853 bps, 60.66%, Err 1298 (1.0e-04)
1616.976 .... 3836 packets received, 4861 bps, 60.77%, Err 1298 (1.0e-04)
1619.106 .... 3843 packets received, 4864 bps, 60.80%, Err 1298 (1.0e-04)
1621.208 .... 3849 packets received, 4865 bps, 60.81%, Err 1299 (1.0e-04)
1623.610 .... 3856 packets received, 4867 bps, 60.83%, Err 1299 (1.0e-04)
1625.720 .... 3859 packets received, 4864 bps, 60.80%, Err 1300 (1.0e-04)
1627.855 .... 3864 packets received, 4864 bps, 60.80%, Err 1302 (1.0e-04)
1630.760 .... 3870 packets received, 4863 bps, 60.79%, Err 1303 (1.0e-04)
1634.225 .... 3877 packets received, 4861 bps, 60.77%, Err 1307 (1.0e-04)
1636.348 .... 3883 packets received, 4863 bps, 60.78%, Err 1309 (1.0e-04)
1638.981 .... 3894 packets received, 4869 bps, 60.86%, Err 1310 (1.0e-04)
1641.635 .... 3897 packets received, 4864 bps, 60.81%, Err 1313 (1.0e-04)
1647.734 .... 3906 packets received, 4858 bps, 60.72%, Err 1321 (1.0e-04)
1650.906 .... 3917 packets received, 4862 bps, 60.77%, Err 1321 (1.0e-04)
1654.350 .... 3922 packets received, 4858 bps, 60.72%, Err 1324 (1.0e-04)
1659.116 .... 3926 packets received, 4849 bps, 60.61%, Err 1327 (1.0e-04)
1661.239 .... 3937 packets received, 4856 bps, 60.70%, Err 1328 (1.0e-04)
1663.630 .... 3941 packets received, 4854 bps, 60.68%, Err 1332 (1.0e-04)
1666.534 .... 3946 packets received, 4852 bps, 60.65%, Err 1333 (1.0e-04)
1669.985 .... 3954 packets received, 4852 bps, 60.65%, Err 1337 (1.0e-04)
1674.465 .... 3957 packets received, 4842 bps, 60.53%, Err 1339 (1.0e-04)
1677.946 .... 3970 packets received, 4848 bps, 60.60%, Err 1342 (1.0e-04)
1680.049 .... 3981 packets received, 4856 bps, 60.69%, Err 1343 (1.0e-04)
1682.162 .... 3984 packets received, 4853 bps, 60.66%, Err 1345 (1.0e-04)
1685.352 .... 3991 packets received, 4852 bps, 60.66%, Err 1348 (1.0e-04)
1688.271 .... 3998 packets received, 4853 bps, 60.66%, Err 1350 (1.0e-04)
1690.380 .... 4002 packets received, 4851 bps, 60.64%, Err 1351 (1.0e-04)
1692.759 .... 4008 packets received, 4852 bps, 60.65%, Err 1354 (1.0e-04)
1697.266 .... 4009 packets received, 4840 bps, 60.50%, Err 1359 (1.0e-04)
1699.631 .... 4019 packets received, 4845 bps, 60.57%, Err 1359 (1.0e-04)
1703.347 .... 4026 packets received, 4843 bps, 60.54%, Err 1362 (1.0e-04)
1705.480 .... 4038 packets received, 4852 bps, 60.65%, Err 1362 (1.0e-04)
1710.241 .... 4041 packets received, 4842 bps, 60.52%, Err 1367 (1.0e-04)
1712.369 .... 4051 packets received, 4848 bps, 60.60%, Err 1371 (1.0e-04)
1714.988 .... 4055 packets received, 4845 bps, 60.56%, Err 1373 (1.0e-04)
1719.213 .... 4057 packets received, 4836 bps, 60.44%, Err 1376 (1.0e-04)
1722.377 .... 4069 packets received, 4841 bps, 60.51%, Err 1377 (1.0e-04)
1725.036 .... 4077 packets received, 4843 bps, 60.54%, Err 1381 (1.0e-04)
1729.248 .... 4078 packets received, 4832 bps, 60.40%, Err 1384 (1.0e-04)
1733.215 .... 4089 packets received, 4834 bps, 60.43%, Err 1387 (1.0e-04)
1736.103 .... 4099 packets received, 4838 bps, 60.48%, Err 1390 (1.0e-04)
1738.752 .... 4105 packets received, 4838 bps, 60.47%, Err 1392 (1.0e-04)
1740.873 .... 4116 packets received, 4845 bps, 60.56%, Err 1393 (1.0e-04)
1742.975 .... 4123 packets received, 4847 bps, 60.59%, Err 1394 (1.0e-04)
1745.081 .... 4130 packets received, 4850 bps, 60.62%, Err 1394 (1.0e-04)
1748.260 .... 4138 packets received, 4850 bps, 60.63%, Err 1396 (1.0e-04)
1750.365 .... 4148 packets received, 4856 bps, 60.70%, Err 1397 (1.0e-04)
1752.477 .... 4156 packets received, 4859 bps, 60.74%, Err 1397 (1.0e-04)
1755.384 .... 4159 packets received, 4855 bps, 60.69%, Err 1401 (1.0e-04)
1757.773 .... 4165 packets received, 4855 bps, 60.69%, Err 1404 (1.0e-04)
1759.877 .... 4168 packets received, 4853 bps, 60.66%, Err 1405 (1.0e-04)
1764.349 .... 4172 packets received, 4845 bps, 60.57%, Err 1410 (1.0e-04)
1770.440 .... 4183 packets received, 4841 bps, 60.52%, Err 1418 (1.0e-04)
1775.185 .... 4186 packets received, 4832 bps, 60.40%, Err 1421 (1.0e-04)
1777.305 .... 4200 packets received, 4842 bps, 60.53%, Err 1422 (1.0e-04)
1780.213 .... 4206 packets received, 4841 bps, 60.52%, Err 1423 (1.0e-04)
1782.327 .... 4217 packets received, 4848 bps, 60.60%, Err 1424 (1.0e-04)
1784.441 .... 4224 packets received, 4850 bps, 60.63%, Err 1424 (1.0e-04)
1786.816 .... 4229 packets received, 4850 bps, 60.62%, Err 1428 (1.0e-04)
1789.469 .... 4234 packets received, 4848 bps, 60.60%, Err 1431 (1.0e-04)
1792.118 .... 4243 packets received, 4851 bps, 60.64%, Err 1433 (1.0e-04)
1796.593 .... 4248 packets received, 4845 bps, 60.56%, Err 1437 (1.0e-04)
1798.724 .... 4259 packets received, 4852 bps, 60.65%, Err 1439 (1.0e-04)
1800.815 .... 4267 packets received, 4855 bps, 60.69%, Err 1440 (1.0e-04)
1802.956 .... 4271 packets received, 4854 bps, 60.67%, Err 1443 (1.0e-04)
1805.861 .... 4275 packets received, 4851 bps, 60.63%, Err 1445 (1.0e-04)
1808.256 .... 4283 packets received, 4853 bps, 60.67%, Err 1446 (1.0e-04)
1810.655 .... 4287 packets received, 4851 bps, 60.64%, Err 1448 (1.0e-04)
1812.743 .... 4298 packets received, 4858 bps, 60.73%, Err 1448 (1.0e-04)
1814.879 .... 4302 packets received, 4857 bps, 60.71%, Err 1450 (1.0e-04)
1817.275 .... 4306 packets received, 4855 bps, 60.69%, Err 1453 (1.0e-04)
1819.908 .... 4316 packets received, 4859 bps, 60.74%, Err 1456 (1.0e-04)
1822.021 .... 4321 packets received, 4859 bps, 60.74%, Err 1456 (1.0e-04)
1825.729 .... 4324 packets received, 4853 bps, 60.66%, Err 1461 (1.0e-04)
1828.109 .... 4332 packets received, 4856 bps, 60.69%, Err 1462 (1.0e-04)
1830.249 .... 4338 packets received, 4857 bps, 60.71%, Err 1463 (1.0e-04)
1834.745 .... 4339 packets received, 4846 bps, 60.57%, Err 1468 (1.0e-04)
1838.208 .... 4350 packets received, 4849 bps, 60.61%, Err 1471 (1.0e-04)
1840.326 .... 4355 packets received, 4849 bps, 60.61%, Err 1475 (1.0e-04)
1843.486 .... 4363 packets received, 4849 bps, 60.62%, Err 1477 (1.0e-04)
1850.904 .... 4366 packets received, 4833 bps, 60.42%, Err 1485 (1.0e-04)
1853.018 .... 4378 packets received, 4841 bps, 60.51%, Err 1485 (1.0e-04)
1856.453 .... 4382 packets received, 4837 bps, 60.46%, Err 1489 (1.0e-04)
1859.383 .... 4389 packets received, 4837 bps, 60.46%, Err 1490 (1.0e-04)
1862.037 .... 4394 packets received, 4835 bps, 60.44%, Err 1492 (1.0e-04)
1865.224 .... 4400 packets received, 4834 bps, 60.42%, Err 1494 (1.0e-04)
1867.359 .... 4410 packets received, 4839 bps, 60.49%, Err 1498 (1.0e-04)
1869.714 .... 4413 packets received, 4836 bps, 60.45%, Err 1500 (1.0e-04)
1871.841 .... 4422 packets received, 4841 bps, 60.51%, Err 1500 (1.0e-04)
1873.959 .... 4425 packets received, 4838 bps, 60.48%, Err 1501 (1.0e-04)
1876.868 .... 4430 packets received, 4836 bps, 60.45%, Err 1503 (1.0e-04)
1879.785 .... 4438 packets received, 4838 bps, 60.47%, Err 1504 (1.0e-04)
1881.899 .... 4446 packets received, 4841 bps, 60.51%, Err 1508 (1.0e-04)
1884.811 .... 4450 packets received, 4838 bps, 60.47%, Err 1510 (1.0e-04)
1886.927 .... 4461 packets received, 4844 bps, 60.55%, Err 1511 (1.0e-04)
1889.070 .... 4469 packets received, 4847 bps, 60.59%, Err 1511 (1.0e-04)
1891.448 .... 4474 packets received, 4847 bps, 60.58%, Err 1513 (1.0e-04)
1893.574 .... 4481 packets received, 4849 bps, 60.61%, Err 1514 (1.0e-04)
1895.693 .... 4492 packets received, 4855 bps, 60.69%, Err 1515 (1.0e-04)
1897.805 .... 4500 packets received, 4859 bps, 60.73%, Err 1516 (1.0e-04)
1899.914 .... 4507 packets received, 4861 bps, 60.76%, Err 1517 (1.0e-04)
1903.082 .... 4512 packets received, 4858 bps, 60.72%, Err 1518 (1.0e-04)
1905.216 .... 4523 packets received, 4864 bps, 60.80%, Err 1519 (1.0e-04)
1910.751 .... 4525 packets received, 4852 bps, 60.66%, Err 1528 (1.0e-04)
1912.868 .... 4537 packets received, 4860 bps, 60.75%, Err 1531 (1.0e-04)
1915.780 .... 4540 packets received, 4856 bps, 60.70%, Err 1535 (1.0e-04)
1918.417 .... 4548 packets received, 4858 bps, 60.72%, Err 1536 (1.0e-04)
1921.307 .... 4557 packets received, 4860 bps, 60.75%, Err 1538 (1.0e-04)
1923.439 .... 4568 packets received, 4866 bps, 60.83%, Err 1538 (1.0e-04)
1926.353 .... 4575 packets received, 4866 bps, 60.83%, Err 1540 (1.0e-04)
1928.980 .... 4582 packets received, 4867 bps, 60.84%, Err 1542 (1.0e-04)
1931.092 .... 4590 packets received, 4870 bps, 60.88%, Err 1543 (1.0e-04)
1938.744 .... 4596 packets received, 4857 bps, 60.72%, Err 1551 (1.0e-04)
1940.878 .... 4610 packets received, 4867 bps, 60.83%, Err 1552 (1.0e-04)
1943.768 .... 4617 packets received, 4867 bps, 60.84%, Err 1554 (1.0e-04)
1946.934 .... 4626 packets received, 4868 bps, 60.86%, Err 1557 (1.0e-04)
1949.030 .... 4637 packets received, 4875 bps, 60.94%, Err 1558 (1.0e-04)
1951.154 .... 4638 packets received, 4871 bps, 60.88%, Err 1558 (1.0e-04)
1953.271 .... 4649 packets received, 4877 bps, 60.96%, Err 1560 (1.0e-04)
1955.391 .... 4657 packets received, 4880 bps, 61.00%, Err 1561 (1.0e-04)
1960.913 .... 4659 packets received, 4868 bps, 60.85%, Err 1571 (1.0e-04)
1963.828 .... 4670 packets received, 4872 bps, 60.91%, Err 1573 (1.0e-04)
1966.205 .... 4677 packets received, 4874 bps, 60.92%, Err 1575 (1.0e-04)
1968.855 .... 4687 packets received, 4878 bps, 60.97%, Err 1575 (1.0e-04)
1970.969 .... 4690 packets received, 4876 bps, 60.95%, Err 1577 (1.0e-04)
1973.070 .... 4700 packets received, 4881 bps, 61.01%, Err 1577 (1.0e-04)
1976.245 .... 4708 packets received, 4881 bps, 61.02%, Err 1578 (1.0e-04)
1981.006 .... 4714 packets received, 4876 bps, 60.95%, Err 1582 (1.0e-04)
1983.109 .... 4725 packets received, 4882 bps, 61.02%, Err 1585 (1.0e-04)
1985.770 .... 4729 packets received, 4879 bps, 60.99%, Err 1588 (1.0e-04)
1987.858 .... 4740 packets received, 4886 bps, 61.07%, Err 1589 (1.0e-04)
1993.160 .... 4743 packets received, 4876 bps, 60.95%, Err 1594 (1.0e-04)
1995.260 .... 4756 packets received, 4884 bps, 61.05%, Err 1595 (1.0e-04)
1997.382 .... 4763 packets received, 4886 bps, 61.07%, Err 1598 (1.0e-04)
2000.280 .... 4768 packets received, 4884 bps, 61.05%, Err 1601 (1.0e-04)
2005.