000.000 =============================================================
000.000                     Station B                               
000.000 -------------------------------------------------------------
000.000 Protocol.lib, version 4.0, jiangyanjun0718@bupt.edu.cn
000.000 Channel: 8000 bps, 270 ms propagation delay, bit error rate 0
000.000 Log file "bfu.log", TCP port 59147, debug mask 0x00
000.000 Station B is connecting station A (TCP port 59147) ... Done.
000.906 New epoch: Sat May 20 17:50:41 2023
000.906 =================================================================
000.906 
000.906 Designed by Li Ruobin, build: May 20 2023  02:25:18
003.316 .... 8 packets received, 7670 bps, 95.88%, Err 0 (0.0e+00)
005.408 .... 16 packets received, 7750 bps, 96.88%, Err 0 (0.0e+00)
007.530 .... 24 packets received, 7740 bps, 96.76%, Err 0 (0.0e+00)
009.639 .... 32 packets received, 7747 bps, 96.84%, Err 0 (0.0e+00)
011.756 .... 40 packets received, 7746 bps, 96.82%, Err 0 (0.0e+00)
013.871 .... 48 packets received, 7746 bps, 96.82%, Err 0 (0.0e+00)
015.973 .... 56 packets received, 7753 bps, 96.91%, Err 0 (0.0e+00)
018.073 .... 64 packets received, 7759 bps, 96.99%, Err 0 (0.0e+00)
020.196 .... 72 packets received, 7754 bps, 96.93%, Err 0 (0.0e+00)
022.312 .... 80 packets received, 7753 bps, 96.91%, Err 0 (0.0e+00)
024.435 .... 88 packets received, 7750 bps, 96.87%, Err 0 (0.0e+00)
026.543 .... 96 packets received, 7752 bps, 96.90%, Err 0 (0.0e+00)
028.649 .... 104 packets received, 7754 bps, 96.92%, Err 0 (0.0e+00)
030.756 .... 112 packets received, 7755 bps, 96.94%, Err 0 (0.0e+00)
032.864 .... 120 packets received, 7757 bps, 96.96%, Err 0 (0.0e+00)
034.974 .... 128 packets received, 7757 bps, 96.96%, Err 0 (0.0e+00)
037.094 .... 136 packets received, 7755 bps, 96.94%, Err 0 (0.0e+00)
039.194 .... 144 packets received, 7758 bps, 96.97%, Err 0 (0.0e+00)
041.322 .... 152 packets received, 7755 bps, 96.94%, Err 0 (0.0e+00)
043.424 .... 160 packets received, 7757 bps, 96.96%, Err 0 (0.0e+00)
045.549 .... 168 packets received, 7755 bps, 96.93%, Err 0 (0.0e+00)
047.650 .... 176 packets received, 7757 bps, 96.96%, Err 0 (0.0e+00)
049.757 .... 184 packets received, 7757 bps, 96.97%, Err 0 (0.0e+00)
051.882 .... 192 packets received, 7755 bps, 96.94%, Err 0 (0.0e+00)
053.987 .... 200 packets received, 7757 bps, 96.96%, Err 0 (0.0e+00)
056.105 .... 208 packets received, 7756 bps, 96.95%, Err 0 (0.0e+00)
058.212 .... 216 packets received, 7756 bps, 96.96%, Err 0 (0.0e+00)
060.329 .... 224 packets received, 7756 bps, 96.95%, Err 0 (0.0e+00)
062.426 .... 232 packets received, 7758 bps, 96.97%, Err 0 (0.0e+00)
064.536 .... 240 packets received, 7758 bps, 96.98%, Err 0 (0.0e+00)
066.642 .... 248 packets received, 7759 bps, 96.98%, Err 0 (0.0e+00)
068.762 .... 256 packets received, 7758 bps, 96.97%, Err 0 (0.0e+00)
070.885 .... 264 packets received, 7757 bps, 96.96%, Err 0 (0.0e+00)
072.992 .... 272 packets received, 7757 bps, 96.96%, Err 0 (0.0e+00)
075.117 .... 280 packets received, 7756 bps, 96.95%, Err 0 (0.0e+00)
077.206 .... 288 packets received, 7758 bps, 96.98%, Err 0 (0.0e+00)
079.335 .... 296 packets received, 7756 bps, 96.96%, Err 0 (0.0e+00)
081.443 .... 304 packets received, 7757 bps, 96.96%, Err 0 (0.0e+00)
083.546 .... 312 packets received, 7758 bps, 96.97%, Err 0 (0.0e+00)
085.666 .... 320 packets received, 7757 bps, 96.96%, Err 0 (0.0e+00)
087.787 .... 328 packets received, 7756 bps, 96.95%, Err 0 (0.0e+00)
089.882 .... 336 packets received, 7758 bps, 96.97%, Err 0 (0.0e+00)
091.989 .... 344 packets received, 7758 bps, 96.98%, Err 0 (0.0e+00)
094.116 .... 352 packets received, 7757 bps, 96.96%, Err 0 (0.0e+00)
096.233 .... 360 packets received, 7757 bps, 96.96%, Err 0 (0.0e+00)
098.340 .... 368 packets received, 7757 bps, 96.96%, Err 0 (0.0e+00)
100.452 .... 376 packets received, 7757 bps, 96.96%, Err 0 (0.0e+00)
102.567 .... 384 packets received, 7757 bps, 96.96%, Err 0 (0.0e+00)
104.666 .... 392 packets received, 7758 bps, 96.97%, Err 0 (0.0e+00)
106.797 .... 400 packets received, 7756 bps, 96.95%, Err 0 (0.0e+00)
108.901 .... 408 packets received, 7757 bps, 96.96%, Err 0 (0.0e+00)
111.013 .... 416 packets received, 7757 bps, 96.96%, Err 0 (0.0e+00)
113.120 .... 424 packets received, 7757 bps, 96.97%, Err 0 (0.0e+00)
115.231 .... 432 packets received, 7757 bps, 96.97%, Err 0 (0.0e+00)
117.353 .... 440 packets received, 7757 bps, 96.96%, Err 0 (0.0e+00)
119.459 .... 448 packets received, 7757 bps, 96.96%, Err 0 (0.0e+00)
121.576 .... 456 packets received, 7757 bps, 96.96%, Err 0 (0.0e+00)
123.687 .... 464 packets received, 7757 bps, 96.96%, Err 0 (0.0e+00)
125.799 .... 472 packets received, 7757 bps, 96.96%, Err 0 (0.0e+00)
127.895 .... 480 packets received, 7758 bps, 96.97%, Err 0 (0.0e+00)
130.018 .... 488 packets received, 7757 bps, 96.97%, Err 0 (0.0e+00)
132.139 .... 496 packets received, 7757 bps, 96.96%, Err 0 (0.0e+00)
134.234 .... 504 packets received, 7758 bps, 96.97%, Err 0 (0.0e+00)
136.349 .... 512 packets received, 7758 bps, 96.97%, Err 0 (0.0e+00)
138.473 .... 520 packets received, 7757 bps, 96.96%, Err 0 (0.0e+00)
140.572 .... 528 packets received, 7758 bps, 96.97%, Err 0 (0.0e+00)
142.703 .... 536 packets received, 7757 bps, 96.96%, Err 0 (0.0e+00)
144.798 .... 544 packets received, 7757 bps, 96.97%, Err 0 (0.0e+00)
146.921 .... 552 packets received, 7757 bps, 96.96%, Err 0 (0.0e+00)
149.034 .... 560 packets received, 7757 bps, 96.96%, Err 0 (0.0e+00)
151.130 .... 568 packets received, 7758 bps, 96.97%, Err 0 (0.0e+00)
153.240 .... 576 packets received, 7758 bps, 96.97%, Err 0 (0.0e+00)
155.367 .... 584 packets received, 7757 bps, 96.96%, Err 0 (0.0e+00)
157.463 .... 592 packets received, 7758 bps, 96.97%, Err 0 (0.0e+00)
159.590 .... 600 packets received, 7757 bps, 96.96%, Err 0 (0.0e+00)
161.689 .... 608 packets received, 7758 bps, 96.97%, Err 0 (0.0e+00)
163.817 .... 616 packets received, 7757 bps, 96.96%, Err 0 (0.0e+00)
165.930 .... 624 packets received, 7757 bps, 96.96%, Err 0 (0.0e+00)
168.034 .... 632 packets received, 7757 bps, 96.97%, Err 0 (0.0e+00)
170.147 .... 640 packets received, 7757 bps, 96.97%, Err 0 (0.0e+00)
172.256 .... 648 packets received, 7757 bps, 96.97%, Err 0 (0.0e+00)
174.367 .... 656 packets received, 7757 bps, 96.97%, Err 0 (0.0e+00)
176.485 .... 664 packets received, 7757 bps, 96.96%, Err 0 (0.0e+00)
178.594 .... 672 packets received, 7757 bps, 96.97%, Err 0 (0.0e+00)
180.703 .... 680 packets received, 7757 bps, 96.97%, Err 0 (0.0e+00)
182.820 .... 688 packets received, 7757 bps, 96.97%, Err 0 (0.0e+00)
184.937 .... 696 packets received, 7757 bps, 96.96%, Err 0 (0.0e+00)
187.058 .... 704 packets received, 7757 bps, 96.96%, Err 0 (0.0e+00)
189.158 .... 712 packets received, 7757 bps, 96.96%, Err 0 (0.0e+00)
191.279 .... 720 packets received, 7757 bps, 96.96%, Err 0 (0.0e+00)
193.373 .... 728 packets received, 7758 bps, 96.97%, Err 0 (0.0e+00)
195.504 .... 736 packets received, 7757 bps, 96.96%, Err 0 (0.0e+00)
197.600 .... 744 packets received, 7757 bps, 96.97%, Err 0 (0.0e+00)
199.714 .... 752 packets received, 7757 bps, 96.97%, Err 0 (0.0e+00)
201.823 .... 760 packets received, 7757 bps, 96.97%, Err 0 (0.0e+00)
203.947 .... 768 packets received, 7757 bps, 96.96%, Err 0 (0.0e+00)
206.059 .... 776 packets received, 7757 bps, 96.96%, Err 0 (0.0e+00)
208.150 .... 784 packets received, 7758 bps, 96.97%, Err 0 (0.0e+00)
210.293 .... 792 packets received, 7757 bps, 96.96%, Err 0 (0.0e+00)
212.390 .... 800 packets received, 7757 bps, 96.97%, Err 0 (0.0e+00)
214.502 .... 808 packets received, 7757 bps, 96.97%, Err 0 (0.0e+00)
216.602 .... 816 packets received, 7758 bps, 96.97%, Err 0 (0.0e+00)
218.729 .... 824 packets received, 7757 bps, 96.96%, Err 0 (0.0e+00)
220.837 .... 832 packets received, 7757 bps, 96.97%, Err 0 (0.0e+00)
222.947 .... 840 packets received, 7757 bps, 96.97%, Err 0 (0.0e+00)
225.045 .... 848 packets received, 7758 bps, 96.97%, Err 0 (0.0e+00)
227.181 .... 856 packets received, 7757 bps, 96.96%, Err 0 (0.0e+00)
229.276 .... 864 packets received, 7758 bps, 96.97%, Err 0 (0.0e+00)
231.394 .... 872 packets received, 7757 bps, 96.97%, Err 0 (0.0e+00)
233.489 .... 880 packets received, 7758 bps, 96.97%, Err 0 (0.0e+00)
235.619 .... 888 packets received, 7757 bps, 96.97%, Err 0 (0.0e+00)
237.734 .... 896 packets received, 7757 bps, 96.97%, Err 0 (0.0e+00)
239.848 .... 904 packets received, 7757 bps, 96.96%, Err 0 (0.0e+00)
241.967 .... 912 packets received, 7757 bps, 96.96%, Err 0 (0.0e+00)
244.078 .... 920 packets received, 7757 bps, 96.96%, Err 0 (0.0e+00)
246.182 .... 928 packets received, 7757 bps, 96.97%, Err 0 (0.0e+00)
248.295 .... 936 packets received, 7757 bps, 96.97%, Err 0 (0.0e+00)
250.399 .... 944 packets received, 7757 bps, 96.97%, Err 0 (0.0e+00)
252.504 .... 952 packets received, 7758 bps, 96.97%, Err 0 (0.0e+00)
254.623 .... 960 packets received, 7757 bps, 96.97%, Err 0 (0.0e+00)
256.739 .... 968 packets received, 7757 bps, 96.97%, Err 0 (0.0e+00)
258.855 .... 976 packets received, 7757 bps, 96.97%, Err 0 (0.0e+00)
260.964 .... 984 packets received, 7757 bps, 96.97%, Err 0 (0.0e+00)
263.074 .... 992 packets received, 7757 bps, 96.97%, Err 0 (0.0e+00)
265.193 .... 1000 packets received, 7757 bps, 96.96%, Err 0 (0.0e+00)
267.296 .... 1008 packets received, 7757 bps, 96.97%, Err 0 (0.0e+00)
269.410 .... 1016 packets received, 7757 bps, 96.97%, Err 0 (0.0e+00)
271.528 .... 1024 packets received, 7757 bps, 96.97%, Err 0 (0.0e+00)
273.621 .... 1032 packets received, 7758 bps, 96.97%, Err 0 (0.0e+00)
275.751 .... 1040 packets received, 7757 bps, 96.97%, Err 0 (0.0e+00)
277.857 .... 1048 packets received, 7757 bps, 96.97%, Err 0 (0.0e+00)
279.981 .... 1056 packets received, 7757 bps, 96.96%, Err 0 (0.0e+00)
282.093 .... 1064 packets received, 7757 bps, 96.96%, Err 0 (0.0e+00)
284.183 .... 1072 packets received, 7758 bps, 96.97%, Err 0 (0.0e+00)
286.323 .... 1080 packets received, 7757 bps, 96.96%, Err 0 (0.0e+00)
288.421 .... 1088 packets received, 7757 bps, 96.97%, Err 0 (0.0e+00)
290.538 .... 1096 packets received, 7757 bps, 96.97%, Err 0 (0.0e+00)
292.640 .... 1104 packets received, 7757 bps, 96.97%, Err 0 (0.0e+00)
294.745 .... 1112 packets received, 7758 bps, 96.97%, Err 0 (0.0e+00)
296.858 .... 1120 packets received, 7758 bps, 96.97%, Err 0 (0.0e+00)
298.977 .... 1128 packets received, 7757 bps, 96.97%, Err 0 (0.0e+00)
301.081 .... 1136 packets received, 7758 bps, 96.97%, Err 0 (0.0e+00)
303.193 .... 1144 packets received, 7758 bps, 96.97%, Err 0 (0.0e+00)
305.327 .... 1152 packets received, 7757 bps, 96.96%, Err 0 (0.0e+00)
307.435 .... 1160 packets received, 7757 bps, 96.96%, Err 0 (0.0e+00)
309.534 .... 1168 packets received, 7758 bps, 96.97%, Err 0 (0.0e+00)
311.648 .... 1176 packets received, 7757 bps, 96.97%, Err 0 (0.0e+00)
313.752 .... 1184 packets received, 7758 bps, 96.97%, Err 0 (0.0e+00)
315.885 .... 1192 packets received, 7757 bps, 96.96%, Err 0 (0.0e+00)
317.977 .... 1200 packets received, 7758 bps, 96.97%, Err 0 (0.0e+00)
320.087 .... 1208 packets received, 7758 bps, 96.97%, Err 0 (0.0e+00)
322.214 .... 1216 packets received, 7757 bps, 96.97%, Err 0 (0.0e+00)
324.329 .... 1224 packets received, 7757 bps, 96.97%, Err 0 (0.0e+00)
326.429 .... 1232 packets received, 7758 bps, 96.97%, Err 0 (0.0e+00)
328.549 .... 1240 packets received, 7757 bps, 96.97%, Err 0 (0.0e+00)
330.666 .... 1248 packets received, 7757 bps, 96.97%, Err 0 (0.0e+00)
332.765 .... 1256 packets received, 7758 bps, 96.97%, Err 0 (0.0e+00)
334.884 .... 1264 packets received, 7757 bps, 96.97%, Err 0 (0.0e+00)
336.988 .... 1272 packets received, 7758 bps, 96.97%, Err 0 (0.0e+00)
339.096 .... 1280 packets received, 7758 bps, 96.97%, Err 0 (0.0e+00)
341.226 .... 1288 packets received, 7757 bps, 96.97%, Err 0 (0.0e+00)
343.345 .... 1296 packets received, 7757 bps, 96.96%, Err 0 (0.0e+00)
345.428 .... 1304 packets received, 7758 bps, 96.97%, Err 0 (0.0e+00)
347.549 .... 1312 packets received, 7758 bps, 96.97%, Err 0 (0.0e+00)
349.672 .... 1320 packets received, 7757 bps, 96.97%, Err 0 (0.0e+00)
351.782 .... 1328 packets received, 7757 bps, 96.97%, Err 0 (0.0e+00)
353.888 .... 1336 packets received, 7757 bps, 96.97%, Err 0 (0.0e+00)
356.005 .... 1344 packets received, 7757 bps, 96.97%, Err 0 (0.0e+00)
358.115 .... 1352 packets received, 7757 bps, 96.97%, Err 0 (0.0e+00)
360.230 .... 1360 packets received, 7757 bps, 96.97%, Err 0 (0.0e+00)
362.333 .... 1368 packets received, 7758 bps, 96.97%, Err 0 (0.0e+00)
364.445 .... 1376 packets received, 7758 bps, 96.97%, Err 0 (0.0e+00)
366.574 .... 1384 packets received, 7757 bps, 96.96%, Err 0 (0.0e+00)
368.663 .... 1392 packets received, 7758 bps, 96.97%, Err 0 (0.0e+00)
370.775 .... 1400 packets received, 7758 bps, 96.97%, Err 0 (0.0e+00)
372.910 .... 1408 packets received, 7757 bps, 96.97%, Err 0 (0.0e+00)
375.013 .... 1416 packets received, 7757 bps, 96.97%, Err 0 (0.0e+00)
377.121 .... 1424 packets received, 7757 bps, 96.97%, Err 0 (0.0e+00)
379.239 .... 1432 packets received, 7757 bps, 96.97%, Err 0 (0.0e+00)
381.351 .... 1440 packets received, 7757 bps, 96.97%, Err 0 (0.0e+00)
383.461 .... 1448 packets received, 7757 bps, 96.97%, Err 0 (0.0e+00)
385.563 .... 1456 packets received, 7758 bps, 96.97%, Err 0 (0.0e+00)
387.680 .... 1464 packets received, 7757 bps, 96.97%, Err 0 (0.0e+00)
389.804 .... 1472 packets received, 7757 bps, 96.97%, Err 0 (0.0e+00)
391.904 .... 1480 packets received, 7757 bps, 96.97%, Err 0 (0.0e+00)
394.018 .... 1488 packets received, 7757 bps, 96.97%, Err 0 (0.0e+00)
396.128 .... 1496 packets received, 7757 bps, 96.97%, Err 0 (0.0e+00)
398.243 .... 1504 packets received, 7757 bps, 96.97%, Err 0 (0.0e+00)
400.360 .... 1512 packets received, 7757 bps, 96.97%, Err 0 (0.0e+00)
402.467 .... 1520 packets received, 7757 bps, 96.97%, Err 0 (0.0e+00)
404.583 .... 1528 packets received, 7757 bps, 96.97%, Err 0 (0.0e+00)
406.693 .... 1536 packets received, 7757 bps, 96.97%, Err 0 (0.0e+00)
408.798 .... 1544 packets received, 7758 bps, 96.97%, Err 0 (0.0e+00)
410.909 .... 1552 packets received, 7758 bps, 96.97%, Err 0 (0.0e+00)
413.033 .... 1560 packets received, 7757 bps, 96.97%, Err 0 (0.0e+00)
415.135 .... 1568 packets received, 7758 bps, 96.97%, Err 0 (0.0e+00)
417.253 .... 1576 packets received, 7757 bps, 96.97%, Err 0 (0.0e+00)
419.365 .... 1584 packets received, 7757 bps, 96.97%, Err 0 (0.0e+00)
421.474 .... 1592 packets received, 7757 bps, 96.97%, Err 0 (0.0e+00)
423.587 .... 1600 packets received, 7757 bps, 96.97%, Err 0 (0.0e+00)
425.694 .... 1608 packets received, 7758 bps, 96.97%, Err 0 (0.0e+00)
427.797 .... 1616 packets received, 7758 bps, 96.97%, Err 0 (0.0e+00)
429.920 .... 1624 packets received, 7758 bps, 96.97%, Err 0 (0.0e+00)
432.048 .... 1632 packets received, 7757 bps, 96.97%, Err 0 (0.0e+00)
434.148 .... 1640 packets received, 7757 bps, 96.97%, Err 0 (0.0e+00)
436.258 .... 1648 packets received, 7757 bps, 96.97%, Err 0 (0.0e+00)
438.359 .... 1656 packets received, 7758 bps, 96.97%, Err 0 (0.0e+00)
440.489 .... 1664 packets received, 7757 bps, 96.97%, Err 0 (0.0e+00)
442.594 .... 1672 packets received, 7757 bps, 96.97%, Err 0 (0.0e+00)
444.700 .... 1680 packets received, 7758 bps, 96.97%, Err 0 (0.0e+00)
446.818 .... 1688 packets received, 7757 bps, 96.97%, Err 0 (0.0e+00)
448.919 .... 1696 packets received, 7758 bps, 96.97%, Err 0 (0.0e+00)
451.040 .... 1704 packets received, 7758 bps, 96.97%, Err 0 (0.0e+00)
453.163 .... 1712 packets received, 7757 bps, 96.97%, Err 0 (0.0e+00)
455.260 .... 1720 packets received, 7758 bps, 96.97%, Err 0 (0.0e+00)
457.383 .... 1728 packets received, 7757 bps, 96.97%, Err 0 (0.0e+00)
459.488 .... 1736 packets received, 7758 bps, 96.97%, Err 0 (0.0e+00)
461.602 .... 1744 packets received, 7757 bps, 96.97%, Err 0 (0.0e+00)
463.720 .... 1752 packets received, 7757 bps, 96.97%, Err 0 (0.0e+00)
465.815 .... 1760 packets received, 7758 bps, 96.97%, Err 0 (0.0e+00)
467.944 .... 1768 packets received, 7757 bps, 96.97%, Err 0 (0.0e+00)
470.060 .... 1776 packets received, 7757 bps, 96.97%, Err 0 (0.0e+00)
472.156 .... 1784 packets received, 7758 bps, 96.97%, Err 0 (0.0e+00)
474.267 .... 1792 packets received, 7758 bps, 96.97%, Err 0 (0.0e+00)
476.394 .... 1800 packets received, 7757 bps, 96.97%, Err 0 (0.0e+00)
478.488 .... 1808 packets received, 7758 bps, 96.97%, Err 0 (0.0e+00)
480.603 .... 1816 packets received, 7758 bps, 96.97%, Err 0 (0.0e+00)
482.728 .... 1824 packets received, 7757 bps, 96.97%, Err 0 (0.0e+00)
484.830 .... 1832 packets received, 7758 bps, 96.97%, Err 0 (0.0e+00)
486.946 .... 1840 packets received, 7757 bps, 96.97%, Err 0 (0.0e+00)
489.067 .... 1848 packets received, 7757 bps, 96.97%, Err 0 (0.0e+00)
491.161 .... 1856 packets received, 7758 bps, 96.97%, Err 0 (0.0e+00)
493.298 .... 1864 packets received, 7757 bps, 96.97%, Err 0 (0.0e+00)
495.398 .... 1872 packets received, 7757 bps, 96.97%, Err 0 (0.0e+00)
497.506 .... 1880 packets received, 7757 bps, 96.97%, Err 0 (0.0e+00)
499.630 .... 1888 packets received, 7757 bps, 96.97%, Err 0 (0.0e+00)
501.722 .... 1896 packets received, 7758 bps, 96.97%, Err 0 (0.0e+00)
503.855 .... 1904 packets received, 7757 bps, 96.97%, Err 0 (0.0e+00)
505.959 .... 1912 packets received, 7757 bps, 96.97%, Err 0 (0.0e+00)
508.062 .... 1920 packets received, 7758 bps, 96.97%, Err 0 (0.0e+00)
510.168 .... 1928 packets received, 7758 bps, 96.97%, Err 0 (0.0e+00)
512.297 .... 1936 packets received, 7757 bps, 96.97%, Err 0 (0.0e+00)
514.403 .... 1944 packets received, 7757 bps, 96.97%, Err 0 (0.0e+00)
516.517 .... 1952 packets received, 7757 bps, 96.97%, Err 0 (0.0e+00)
518.625 .... 1960 packets received, 7758 bps, 96.97%, Err 0 (0.0e+00)
520.735 .... 1968 packets received, 7758 bps, 96.97%, Err 0 (0.0e+00)
522.857 .... 1976 packets received, 7757 bps, 96.97%, Err 0 (0.0e+00)
524.961 .... 1984 packets received, 7758 bps, 96.97%, Err 0 (0.0e+00)
527.067 .... 1992 packets received, 7758 bps, 96.97%, Err 0 (0.0e+00)
529.200 .... 2000 packets received, 7757 bps, 96.97%, Err 0 (0.0e+00)
531.289 .... 2008 packets received, 7758 bps, 96.97%, Err 0 (0.0e+00)
533.408 .... 2016 packets received, 7758 bps, 96.97%, Err 0 (0.0e+00)
535.532 .... 2024 packets received, 7757 bps, 96.97%, Err 0 (0.0e+00)
537.629 .... 2032 packets received, 7758 bps, 96.97%, Err 0 (0.0e+00)
539.753 .... 2040 packets received, 7757 bps, 96.97%, Err 0 (0.0e+00)
541.855 .... 2048 packets received, 7758 bps, 96.97%, Err 0 (0.0e+00)
543.977 .... 2056 packets received, 7757 bps, 96.97%, Err 0 (0.0e+00)
546.080 .... 2064 packets received, 7758 bps, 96.97%, Err 0 (0.0e+00)
548.216 .... 2072 packets received, 7757 bps, 96.96%, Err 0 (0.0e+00)
550.307 .... 2080 packets received, 7757 bps, 96.97%, Err 0 (0.0e+00)
552.442 .... 2088 packets received, 7757 bps, 96.96%, Err 0 (0.0e+00)
554.546 .... 2096 packets received, 7757 bps, 96.97%, Err 0 (0.0e+00)
556.648 .... 2104 packets received, 7757 bps, 96.97%, Err 0 (0.0e+00)
558.757 .... 2112 packets received, 7757 bps, 96.97%, Err 0 (0.0e+00)
560.876 .... 2120 packets received, 7757 bps, 96.97%, Err 0 (0.0e+00)
562.974 .... 2128 packets received, 7758 bps, 96.97%, Err 0 (0.0e+00)
565.095 .... 2136 packets received, 7757 bps, 96.97%, Err 0 (0.0e+00)
567.197 .... 2144 packets received, 7758 bps, 96.97%, Err 0 (0.0e+00)
569.311 .... 2152 packets received, 7758 bps, 96.97%, Err 0 (0.0e+00)
571.435 .... 2160 packets received, 7757 bps, 96.97%, Err 0 (0.0e+00)
573.540 .... 2168 packets received, 7757 bps, 96.97%, Err 0 (0.0e+00)
575.647 .... 2176 packets received, 7758 bps, 96.97%, Err 0 (0.0e+00)
577.754 .... 2184 packets received, 7758 bps, 96.97%, Err 0 (0.0e+00)
579.868 .... 2192 packets received, 7758 bps, 96.97%, Err 0 (0.0e+00)
581.983 .... 2200 packets received, 7758 bps, 96.97%, Err 0 (0.0e+00)
584.105 .... 2208 packets received, 7757 bps, 96.97%, Err 0 (0.0e+00)
586.210 .... 2216 packets received, 7757 bps, 96.97%, Err 0 (0.0e+00)
588.334 .... 2224 packets received, 7757 bps, 96.97%, Err 0 (0.0e+00)
590.436 .... 2232 packets received, 7757 bps, 96.97%, Err 0 (0.0e+00)
592.551 .... 2240 packets received, 7757 bps, 96.97%, Err 0 (0.0e+00)
594.640 .... 2248 packets received, 7758 bps, 96.97%, Err 0 (0.0e+00)
596.773 .... 2256 packets received, 7757 bps, 96.97%, Err 0 (0.0e+00)
598.880 .... 2264 packets received, 7758 bps, 96.97%, Err 0 (0.0e+00)
600.994 .... 2272 packets received, 7757 bps, 96.97%, Err 0 (0.0e+00)
603.100 .... 2280 packets received, 7758 bps, 96.97%, Err 0 (0.0e+00)
605.225 .... 2288 packets received, 7757 bps, 96.97%, Err 0 (0.0e+00)
607.328 .... 2296 packets received, 7758 bps, 96.97%, Err 0 (0.0e+00)
609.449 .... 2304 packets received, 7757 bps, 96.97%, Err 0 (0.0e+00)
611.542 .... 2312 packets received, 7758 bps, 96.97%, Err 0 (0.0e+00)
613.663 .... 2320 packets received, 7758 bps, 96.97%, Err 0 (0.0e+00)
615.789 .... 2328 packets received, 7757 bps, 96.97%, Err 0 (0.0e+00)
617.898 .... 2336 packets received, 7757 bps, 96.97%, Err 0 (0.0e+00)
620.004 .... 2344 packets received, 7757 bps, 96.97%, Err 0 (0.0e+00)
622.102 .... 2352 packets received, 7758 bps, 96.97%, Err 0 (0.0e+00)
624.238 .... 2360 packets received, 7757 bps, 96.97%, Err 0 (0.0e+00)
626.349 .... 2368 packets received, 7757 bps, 96.97%, Err 0 (0.0e+00)
628.452 .... 2376 packets received, 7757 bps, 96.97%, Err 0 (0.0e+00)
630.566 .... 2384 packets received, 7757 bps, 96.97%, Err 0 (0.0e+00)
632.678 .... 2392 packets received, 7757 bps, 96.97%, Err 0 (0.0e+00)
634.789 .... 2400 packets received, 7757 bps, 96.97%, Err 0 (0.0e+00)
636.908 .... 2408 packets received, 7757 bps, 96.97%, Err 0 (0.0e+00)
639.018 .... 2416 packets received, 7757 bps, 96.97%, Err 0 (0.0e+00)
641.112 .... 2424 packets received, 7758 bps, 96.97%, Err 0 (0.0e+00)
643.241 .... 2432 packets received, 7757 bps, 96.97%, Err 0 (0.0e+00)
645.335 .... 2440 packets received, 7758 bps, 96.97%, Err 0 (0.0e+00)
647.466 .... 2448 packets received, 7757 bps, 96.97%, Err 0 (0.0e+00)
649.572 .... 2456 packets received, 7757 bps, 96.97%, Err 0 (0.0e+00)
651.677 .... 2464 packets received, 7758 bps, 96.97%, Err 0 (0.0e+00)
653.799 .... 2472 packets received, 7757 bps, 96.97%, Err 0 (0.0e+00)
655.906 .... 2480 packets received, 7758 bps, 96.97%, Err 0 (0.0e+00)
658.026 .... 2488 packets received, 7757 bps, 96.97%, Err 0 (0.0e+00)
660.123 .... 2496 packets received, 7758 bps, 96.97%, Err 0 (0.0e+00)
662.241 .... 2504 packets received, 7758 bps, 96.97%, Err 0 (0.0e+00)
664.356 .... 2512 packets received, 7757 bps, 96.97%, Err 0 (0.0e+00)
666.475 .... 2520 packets received, 7757 bps, 96.97%, Err 0 (0.0e+00)
668.579 .... 2528 packets received, 7757 bps, 96.97%, Err 0 (0.0e+00)
670.691 .... 2536 packets received, 7757 bps, 96.97%, Err 0 (0.0e+00)
672.791 .... 2544 packets received, 7758 bps, 96.97%, Err 0 (0.0e+00)
674.904 .... 2552 packets received, 7758 bps, 96.97%, Err 0 (0.0e+00)
677.025 .... 2560 packets received, 7758 bps, 96.97%, Err 0 (0.0e+00)
679.142 .... 2568 packets received, 7757 bps, 96.97%, Err 0 (0.0e+00)
681.253 .... 2576 packets received, 7757 bps, 96.97%, Err 0 (0.0e+00)
683.364 .... 2584 packets received, 7757 bps, 96.97%, Err 0 (0.0e+00)
685.473 .... 2592 packets received, 7758 bps, 96.97%, Err 0 (0.0e+00)
687.580 .... 2600 packets received, 7758 bps, 96.97%, Err 0 (0.0e+00)
689.720 .... 2608 packets received, 7757 bps, 96.97%, Err 0 (0.0e+00)
691.807 .... 2616 packets received, 7758 bps, 96.97%, Err 0 (0.0e+00)
693.923 .... 2624 packets received, 7757 bps, 96.97%, Err 0 (0.0e+00)
696.034 .... 2632 packets received, 7758 bps, 96.97%, Err 0 (0.0e+00)
698.146 .... 2640 packets received, 7758 bps, 96.97%, Err 0 (0.0e+00)
700.267 .... 2648 packets received, 7757 bps, 96.97%, Err 0 (0.0e+00)
702.370 .... 2656 packets received, 7758 bps, 96.97%, Err 0 (0.0e+00)
704.484 .... 2664 packets received, 7757 bps, 96.97%, Err 0 (0.0e+00)
706.598 .... 2672 packets received, 7757 bps, 96.97%, Err 0 (0.0e+00)
708.716 .... 2680 packets received, 7757 bps, 96.97%, Err 0 (0.0e+00)
710.826 .... 2688 packets received, 7757 bps, 96.97%, Err 0 (0.0e+00)
712.938 .... 2696 packets received, 7757 bps, 96.97%, Err 0 (0.0e+00)
715.065 .... 2704 packets received, 7757 bps, 96.97%, Err 0 (0.0e+00)
717.165 .... 2712 packets received, 7757 bps, 96.97%, Err 0 (0.0e+00)
719.270 .... 2720 packets received, 7757 bps, 96.97%, Err 0 (0.0e+00)
721.383 .... 2728 packets received, 7757 bps, 96.97%, Err 0 (0.0e+00)
723.498 .... 2736 packets received, 7757 bps, 96.97%, Err 0 (0.0e+00)
725.601 .... 2744 packets received, 7758 bps, 96.97%, Err 0 (0.0e+00)
727.722 .... 2752 packets received, 7757 bps, 96.97%, Err 0 (0.0e+00)
729.812 .... 2760 packets received, 7758 bps, 96.97%, Err 0 (0.0e+00)
731.948 .... 2768 packets received, 7757 bps, 96.97%, Err 0 (0.0e+00)
734.049 .... 2776 packets received, 7758 bps, 96.97%, Err 0 (0.0e+00)
736.174 .... 2784 packets received, 7757 bps, 96.97%, Err 0 (0.0e+00)
738.268 .... 2792 packets received, 7758 bps, 96.97%, Err 0 (0.0e+00)
740.395 .... 2800 packets received, 7757 bps, 96.97%, Err 0 (0.0e+00)
742.503 .... 2808 packets received, 7757 bps, 96.97%, Err 0 (0.0e+00)
744.616 .... 2816 packets received, 7757 bps, 96.97%, Err 0 (0.0e+00)
746.734 .... 2824 packets received, 7757 bps, 96.97%, Err 0 (0.0e+00)
748.839 .... 2832 packets received, 7757 bps, 96.97%, Err 0 (0.0e+00)
750.937 .... 2840 packets received, 7758 bps, 96.97%, Err 0 (0.0e+00)
753.056 .... 2848 packets received, 7758 bps, 96.97%, Err 0 (0.0e+00)
755.156 .... 2856 packets received, 7758 bps, 96.97%, Err 0 (0.0e+00)
757.291 .... 2864 packets received, 7757 bps, 96.97%, Err 0 (0.0e+00)
759.387 .... 2872 packets received, 7758 bps, 96.97%, Err 0 (0.0e+00)
761.501 .... 2880 packets received, 7758 bps, 96.97%, Err 0 (0.0e+00)
763.624 .... 2888 packets received, 7757 bps, 96.97%, Err 0 (0.0e+00)
765.739 .... 2896 packets received, 7757 bps, 96.97%, Err 0 (0.0e+00)
767.858 .... 2904 packets received, 7757 bps, 96.97%, Err 0 (0.0e+00)
769.947 .... 2912 packets received, 7758 bps, 96.97%, Err 0 (0.0e+00)
772.063 .... 2920 packets received, 7758 bps, 96.97%, Err 0 (0.0e+00)
774.190 .... 2928 packets received, 7757 bps, 96.97%, Err 0 (0.0e+00)
776.287 .... 2936 packets received, 7758 bps, 96.97%, Err 0 (0.0e+00)
778.395 .... 2944 packets received, 7758 bps, 96.97%, Err 0 (0.0e+00)
780.520 .... 2952 packets received, 7757 bps, 96.97%, Err 0 (0.0e+00)
782.636 .... 2960 packets received, 7757 bps, 96.97%, Err 0 (0.0e+00)
784.741 .... 2968 packets received, 7757 bps, 96.97%, Err 0 (0.0e+00)
786.854 .... 2976 packets received, 7757 bps, 96.97%, Err 0 (0.0e+00)
788.971 .... 2984 packets received, 7757 bps, 96.97%, Err 0 (0.0e+00)
791.060 .... 2992 packets received, 7758 bps, 96.97%, Err 0 (0.0e+00)
793.202 .... 3000 packets received, 7757 bps, 96.97%, Err 0 (0.0e+00)
795.312 .... 3008 packets received, 7757 bps, 96.97%, Err 0 (0.0e+00)
797.408 .... 3016 packets received, 7758 bps, 96.97%, Err 0 (0.0e+00)
799.529 .... 3024 packets received, 7757 bps, 96.97%, Err 0 (0.0e+00)
801.643 .... 3032 packets received, 7757 bps, 96.97%, Err 0 (0.0e+00)
803.748 .... 3040 packets received, 7757 bps, 96.97%, Err 0 (0.0e+00)
805.859 .... 3048 packets received, 7758 bps, 96.97%, Err 0 (0.0e+00)
807.976 .... 3056 packets received, 7757 bps, 96.97%, Err 0 (0.0e+00)
810.079 .... 3064 packets received, 7758 bps, 96.97%, Err 0 (0.0e+00)
812.185 .... 3072 packets received, 7758 bps, 96.97%, Err 0 (0.0e+00)
814.312 .... 3080 packets received, 7757 bps, 96.97%, Err 0 (0.0e+00)
816.421 .... 3088 packets received, 7757 bps, 96.97%, Err 0 (0.0e+00)
818.539 .... 3096 packets received, 7757 bps, 96.97%, Err 0 (0.0e+00)
820.652 .... 3104 packets received, 7757 bps, 96.97%, Err 0 (0.0e+00)
822.761 .... 3112 packets received, 7757 bps, 96.97%, Err 0 (0.0e+00)
824.873 .... 3120 packets received, 7757 bps, 96.97%, Err 0 (0.0e+00)
826.967 .... 3128 packets received, 7758 bps, 96.97%, Err 0 (0.0e+00)
829.092 .... 3136 packets received, 7758 bps, 96.97%, Err 0 (0.0e+00)
831.200 .... 3144 packets received, 7758 bps, 96.97%, Err 0 (0.0e+00)
833.312 .... 3152 packets received, 7758 bps, 96.97%, Err 0 (0.0e+00)
835.418 .... 3160 packets received, 7758 bps, 96.97%, Err 0 (0.0e+00)
837.528 .... 3168 packets received, 7758 bps, 96.97%, Err 0 (0.0e+00)
839.665 .... 3176 packets received, 7757 bps, 96.97%, Err 0 (0.0e+00)
841.756 .... 3184 packets received, 7758 bps, 96.97%, Err 0 (0.0e+00)
843.881 .... 3192 packets received, 7757 bps, 96.97%, Err 0 (0.0e+00)
845.987 .... 3200 packets received, 7758 bps, 96.97%, Err 0 (0.0e+00)
848.083 .... 3208 packets received, 7758 bps, 96.97%, Err 0 (0.0e+00)
850.210 .... 3216 packets received, 7758 bps, 96.97%, Err 0 (0.0e+00)
852.326 .... 3224 packets received, 7757 bps, 96.97%, Err 0 (0.0e+00)
854.434 .... 3232 packets received, 7758 bps, 96.97%, Err 0 (0.0e+00)
856.534 .... 3240 packets received, 7758 bps, 96.97%, Err 0 (0.0e+00)
858.660 .... 3248 packets received, 7758 bps, 96.97%, Err 0 (0.0e+00)
860.773 .... 3256 packets received, 7757 bps, 96.97%, Err 0 (0.0e+00)
862.897 .... 3264 packets received, 7757 bps, 96.97%, Err 0 (0.0e+00)
864.988 .... 3272 packets received, 7758 bps, 96.97%, Err 0 (0.0e+00)
867.109 .... 3280 packets received, 7757 bps, 96.97%, Err 0 (0.0e+00)
869.226 .... 3288 packets received, 7757 bps, 96.97%, Err 0 (0.0e+00)
871.332 .... 3296 packets received, 7758 bps, 96.97%, Err 0 (0.0e+00)
873.450 .... 3304 packets received, 7757 bps, 96.97%, Err 0 (0.0e+00)
875.560 .... 3312 packets received, 7757 bps, 96.97%, Err 0 (0.0e+00)
877.669 .... 3320 packets received, 7757 bps, 96.97%, Err 0 (0.0e+00)
879.787 .... 3328 packets received, 7757 bps, 96.97%, Err 0 (0.0e+00)
881.892 .... 3336 packets received, 7758 bps, 96.97%, Err 0 (0.0e+00)
884.009 .... 3344 packets received, 7757 bps, 96.97%, Err 0 (0.0e+00)
886.110 .... 3352 packets received, 7758 bps, 96.97%, Err 0 (0.0e+00)
888.215 .... 3360 packets received, 7758 bps, 96.97%, Err 0 (0.0e+00)
890.342 .... 3368 packets received, 7757 bps, 96.97%, Err 0 (0.0e+00)
892.465 .... 3376 packets received, 7757 bps, 96.97%, Err 0 (0.0e+00)
894.580 .... 3384 packets received, 7757 bps, 96.97%, Err 0 (0.0e+00)
896.681 .... 3392 packets received, 7757 bps, 96.97%, Err 0 (0.0e+00)
898.784 .... 3400 packets received, 7758 bps, 96.97%, Err 0 (0.0e+00)
900.907 .... 3408 packets received, 7757 bps, 96.97%, Err 0 (0.0e+00)
903.024 .... 3416 packets received, 7757 bps, 96.97%, Err 0 (0.0e+00)
905.124 .... 3424 packets received, 7758 bps, 96.97%, Err 0 (0.0e+00)
907.236 .... 3432 packets received, 7758 bps, 96.97%, Err 0 (0.0e+00)
909.349 .... 3440 packets received, 7757 bps, 96.97%, Err 0 (0.0e+00)
911.463 .... 3448 packets received, 7757 bps, 96.97%, Err 0 (0.0e+00)
913.570 .... 3456 packets received, 7758 bps, 96.97%, Err 0 (0.0e+00)
915.679 .... 3464 packets received, 7758 bps, 96.97%, Err 0 (0.0e+00)
917.787 .... 3472 packets received, 7758 bps, 96.97%, Err 0 (0.0e+00)
919.917 .... 3480 packets received, 7757 bps, 96.97%, Err 0 (0.0e+00)
922.031 .... 3488 packets received, 7757 bps, 96.97%, Err 0 (0.0e+00)
924.134 .... 3496 packets received, 7757 bps, 96.97%, Err 0 (0.0e+00)
926.227 .... 3504 packets received, 7758 bps, 96.97%, Err 0 (0.0e+00)
928.365 .... 3512 packets received, 7757 bps, 96.97%, Err 0 (0.0e+00)
930.465 .... 3520 packets received, 7758 bps, 96.97%, Err 0 (0.0e+00)
932.579 .... 3528 packets received, 7758 bps, 96.97%, Err 0 (0.0e+00)
934.685 .... 3536 packets received, 7758 bps, 96.97%, Err 0 (0.0e+00)
936.793 .... 3544 packets received, 7758 bps, 96.97%, Err 0 (0.0e+00)
938.920 .... 3552 packets received, 7757 bps, 96.97%, Err 0 (0.0e+00)
941.015 .... 3560 packets received, 7758 bps, 96.97%, Err 0 (0.0e+00)
943.145 .... 3568 packets received, 7757 bps, 96.97%, Err 0 (0.0e+00)
945.247 .... 3576 packets received, 7758 bps, 96.97%, Err 0 (0.0e+00)
947.365 .... 3584 packets received, 7758 bps, 96.97%, Err 0 (0.0e+00)
949.477 .... 3592 packets received, 7758 bps, 96.97%, Err 0 (0.0e+00)
951.592 .... 3600 packets received, 7757 bps, 96.97%, Err 0 (0.0e+00)
953.691 .... 3608 packets received, 7758 bps, 96.97%, Err 0 (0.0e+00)
955.809 .... 3616 packets received, 7758 bps, 96.97%, Err 0 (0.0e+00)
957.918 .... 3624 packets received, 7758 bps, 96.97%, Err 0 (0.0e+00)
960.030 .... 3632 packets received, 7758 bps, 96.97%, Err 0 (0.0e+00)
962.143 .... 3640 packets received, 7758 bps, 96.97%, Err 0 (0.0e+00)
964.272 .... 3648 packets received, 7757 bps, 96.97%, Err 0 (0.0e+00)
966.374 .... 3656 packets received, 7757 bps, 96.97%, Err 0 (0.0e+00)
968.495 .... 3664 packets received, 7757 bps, 96.97%, Err 0 (0.0e+00)
970.600 .... 3672 packets received, 7757 bps, 96.97%, Err 0 (0.0e+00)
972.713 .... 3680 packets received, 7757 bps, 96.97%, Err 0 (0.0e+00)
974.826 .... 3688 packets received, 7757 bps, 96.97%, Err 0 (0.0e+00)
976.940 .... 3696 packets received, 7757 bps, 96.97%, Err 0 (0.0e+00)
979.036 .... 3704 packets received, 7758 bps, 96.97%, Err 0 (0.0e+00)
981.145 .... 3712 packets received, 7758 bps, 96.97%, Err 0 (0.0e+00)
983.274 .... 3720 packets received, 7757 bps, 96.97%, Err 0 (0.0e+00)
985.391 .... 3728 packets received, 7757 bps, 96.97%, Err 0 (0.0e+00)
987.490 .... 3736 packets received, 7758 bps, 96.97%, Err 0 (0.0e+00)
989.594 .... 3744 packets received, 7758 bps, 96.97%, Err 0 (0.0e+00)
991.699 .... 3752 packets received, 7758 bps, 96.97%, Err 0 (0.0e+00)
993.845 .... 3760 packets received, 7757 bps, 96.97%, Err 0 (0.0e+00)
995.936 .... 3768 packets received, 7758 bps, 96.97%, Err 0 (0.0e+00)
998.041 .... 3776 packets received, 7758 bps, 96.97%, Err 0 (0.0e+00)
1000.164 .... 3784 packets received, 7758 bps, 96.97%, Err 0 (0.0e+00)
1002.278 .... 3792 packets received, 7757 bps, 96.97%, Err 0 (0.0e+00)
1004.383 .... 3800 packets received, 7758 bps, 96.97%, Err 0 (0.0e+00)
1006.505 .... 3808 packets received, 7757 bps, 96.97%, Err 0 (0.0e+00)
1008.600 .... 3816 packets received, 7758 bps, 96.97%, Err 0 (0.0e+00)
1010.718 .... 3824 packets received, 7758 bps, 96.97%, Err 0 (0.0e+00)
1012.845 .... 3832 packets received, 7757 bps, 96.97%, Err 0 (0.0e+00)
1014.938 .... 3840 packets received, 7758 bps, 96.97%, Err 0 (0.0e+00)
1017.062 .... 3848 packets received, 7757 bps, 96.97%, Err 0 (0.0e+00)
1019.165 .... 3856 packets received, 7758 bps, 96.97%, Err 0 (0.0e+00)
1021.281 .... 3864 packets received, 7758 bps, 96.97%, Err 0 (0.0e+00)
1023.398 .... 3872 packets received, 7757 bps, 96.97%, Err 0 (0.0e+00)
1025.495 .... 3880 packets received, 7758 bps, 96.97%, Err 0 (0.0e+00)
1027.629 .... 3888 packets received, 7757 bps, 96.97%, Err 0 (0.0e+00)
1029.740 .... 3896 packets received, 7757 bps, 96.97%, Err 0 (0.0e+00)
1031.843 .... 3904 packets received, 7758 bps, 96.97%, Err 0 (0.0e+00)
1033.957 .... 3912 packets received, 7758 bps, 96.97%, Err 0 (0.0e+00)
1036.077 .... 3920 packets received, 7757 bps, 96.97%, Err 0 (0.0e+00)
1038.169 .... 3928 packets received, 7758 bps, 96.97%, Err 0 (0.0e+00)
1040.286 .... 3936 packets received, 7758 bps, 96.97%, Err 0 (0.0e+00)
1042.397 .... 3944 packets received, 7758 bps, 96.97%, Err 0 (0.0e+00)
1044.533 .... 3952 packets received, 7757 bps, 96.97%, Err 0 (0.0e+00)
1046.631 .... 3960 packets received, 7757 bps, 96.97%, Err 0 (0.0e+00)
1048.747 .... 3968 packets received, 7757 bps, 96.97%, Err 0 (0.0e+00)
1050.862 .... 3976 packets received, 7757 bps, 96.97%, Err 0 (0.0e+00)
1052.955 .... 3984 packets received, 7758 bps, 96.97%, Err 0 (0.0e+00)
1055.080 .... 3992 packets received, 7757 bps, 96.97%, Err 0 (0.0e+00)
1057.191 .... 4000 packets received, 7757 bps, 96.97%, Err 0 (0.0e+00)
1059.300 .... 4008 packets received, 7758 bps, 96.97%, Err 0 (0.0e+00)
1061.409 .... 4016 packets received, 7758 bps, 96.97%, Err 0 (0.0e+00)
1063.520 .... 4024 packets received, 7758 bps, 96.97%, Err 0 (0.0e+00)
1065.648 .... 4032 packets received, 7757 bps, 96.97%, Err 0 (0.0e+00)
1067.747 .... 4040 packets received, 7758 bps, 96.97%, Err 0 (0.0e+00)
1069.848 .... 4048 packets received, 7758 bps, 96.97%, Err 0 (0.0e+00)
1071.963 .... 4056 packets received, 7758 bps, 96.97%, Err 0 (0.0e+00)
1074.077 .... 4064 packets received, 7758 bps, 96.97%, Err 0 (0.0e+00)
1076.195 .... 4072 packets received, 7758 bps, 96.97%, Err 0 (0.0e+00)
1078.310 .... 4080 packets received, 7758 bps, 96.97%, Err 0 (0.0e+00)
1080.410 .... 4088 packets received, 7758 bps, 96.97%, Err 0 (0.0e+00)
1082.528 .... 4096 packets received, 7758 bps, 96.97%, Err 0 (0.0e+00)
1084.649 .... 4104 packets received, 7757 bps, 96.97%, Err 0 (0.0e+00)
1086.762 .... 4112 packets received, 7757 bps, 96.97%, Err 0 (0.0e+00)
1088.882 .... 4120 packets received, 7757 bps, 96.97%, Err 0 (0.0e+00)
1090.976 .... 4128 packets received, 7758 bps, 96.97%, Err 0 (0.0e+00)
1093.087 .... 4136 packets received, 7758 bps, 96.97%, Err 0 (0.0e+00)
1095.201 .... 4144 packets received, 7758 bps, 96.97%, Err 0 (0.0e+00)
1097.322 .... 4152 packets received, 7757 bps, 96.97%, Err 0 (0.0e+00)
1099.427 .... 4160 packets received, 7758 bps, 96.97%, Err 0 (0.0e+00)
1101.530 .... 4168 packets received, 7758 bps, 96.97%, Err 0 (0.0e+00)
1103.652 .... 4176 packets received, 7758 bps, 96.97%, Err 0 (0.0e+00)
1105.765 .... 4184 packets received, 7758 bps, 96.97%, Err 0 (0.0e+00)
1107.857 .... 4192 packets received, 7758 bps, 96.97%, Err 0 (0.0e+00)
1110.006 .... 4200 packets received, 7757 bps, 96.97%, Err 0 (0.0e+00)
1112.097 .... 4208 packets received, 7758 bps, 96.97%, Err 0 (0.0e+00)
1114.203 .... 4216 packets received, 7758 bps, 96.97%, Err 0 (0.0e+00)
1116.310 .... 4224 packets received, 7758 bps, 96.97%, Err 0 (0.0e+00)
1118.418 .... 4232 packets received, 7758 bps, 96.97%, Err 0 (0.0e+00)
1120.534 .... 4240 packets received, 7758 bps, 96.97%, Err 0 (0.0e+00)
1122.651 .... 4248 packets received, 7758 bps, 96.97%, Err 0 (0.0e+00)
1124.767 .... 4256 packets received, 7758 bps, 96.97%, Err 0 (0.0e+00)
1126.895 .... 4264 packets received, 7757 bps, 96.97%, Err 0 (0.0e+00)
1128.995 .... 4272 packets received, 7758 bps, 96.97%, Err 0 (0.0e+00)
1131.107 .... 4280 packets received, 7758 bps, 96.97%, Err 0 (0.0e+00)
1133.220 .... 4288 packets received, 7758 bps, 96.97%, Err 0 (0.0e+00)
1135.338 .... 4296 packets received, 7757 bps, 96.97%, Err 0 (0.0e+00)
1137.442 .... 4304 packets received, 7758 bps, 96.97%, Err 0 (0.0e+00)
1139.563 .... 4312 packets received, 7757 bps, 96.97%, Err 0 (0.0e+00)
1141.661 .... 4320 packets received, 7758 bps, 96.97%, Err 0 (0.0e+00)
1143.779 .... 4328 packets received, 7758 bps, 96.97%, Err 0 (0.0e+00)
1145.893 .... 4336 packets received, 7758 bps, 96.97%, Err 0 (0.0e+00)
1147.998 .... 4344 packets received, 7758 bps, 96.97%, Err 0 (0.0e+00)
1150.122 .... 4352 packets received, 7757 bps, 96.97%, Err 0 (0.0e+00)
1152.233 .... 4360 packets received, 7757 bps, 96.97%, Err 0 (0.0e+00)
1154.330 .... 4368 packets received, 7758 bps, 96.97%, Err 0 (0.0e+00)
1156.451 .... 4376 packets received, 7758 bps, 96.97%, Err 0 (0.0e+00)
1158.557 .... 4384 packets received, 7758 bps, 96.97%, Err 0 (0.0e+00)
1160.670 .... 4392 packets received, 7758 bps, 96.97%, Err 0 (0.0e+00)
1162.791 .... 4400 packets received, 7758 bps, 96.97%, Err 0 (0.0e+00)
1164.901 .... 4408 packets received, 7758 bps, 96.97%, Err 0 (0.0e+00)
1167.014 .... 4416 packets received, 7758 bps, 96.97%, Err 0 (0.0e+00)
1169.112 .... 4424 packets received, 7758 bps, 96.97%, Err 0 (0.0e+00)
1171.237 .... 4432 packets received, 7758 bps, 96.97%, Err 0 (0.0e+00)
1173.350 .... 4440 packets received, 7758 bps, 96.97%, Err 0 (0.0e+00)
1175.448 .... 4448 packets received, 7758 bps, 96.97%, Err 0 (0.0e+00)
1177.565 .... 4456 packets received, 7758 bps, 96.97%, Err 0 (0.0e+00)
1179.678 .... 4464 packets received, 7758 bps, 96.97%, Err 0 (0.0e+00)
1181.814 .... 4472 packets received, 7757 bps, 96.97%, Err 0 (0.0e+00)
1183.914 .... 4480 packets received, 7757 bps, 96.97%, Err 0 (0.0e+00)
1186.017 .... 4488 packets received, 7758 bps, 96.97%, Err 0 (0.0e+00)
1188.126 .... 4496 packets received, 7758 bps, 96.97%, Err 0 (0.0e+00)
1190.236 .... 4504 packets received, 7758 bps, 96.97%, Err 0 (0.0e+00)
1192.351 .... 4512 packets received, 7758 bps, 96.97%, Err 0 (0.0e+00)
1194.461 .... 4520 packets received, 7758 bps, 96.97%, Err 0 (0.0e+00)
1196.583 .... 4528 packets received, 7758 bps, 96.97%, Err 0 (0.0e+00)
1198.693 .... 4536 packets received, 7758 bps, 96.97%, Err 0 (0.0e+00)
1200.791 .... 4544 packets received, 7758 bps, 96.97%, Err 0 (0.0e+00)
1202.927 .... 4552 packets received, 7757 bps, 96.97%, Err 0 (0.0e+00)
1205.022 .... 4560 packets received, 7758 bps, 96.97%, Err 0 (0.0e+00)
1207.150 .... 4568 packets received, 7757 bps, 96.97%, Err 0 (0.0e+00)
1209.253 .... 4576 packets received, 7758 bps, 96.97%, Err 0 (0.0e+00)
1211.351 .... 4584 packets received, 7758 bps, 96.97%, Err 0 (0.0e+00)
1213.466 .... 4592 packets received, 7758 bps, 96.97%, Err 0 (0.0e+00)
1215.584 .... 4600 packets received, 7758 bps, 96.97%, Err 0 (0.0e+00)
1217.694 .... 4608 packets received, 7758 bps, 96.97%, Err 0 (0.0e+00)
1219.813 .... 4616 packets received, 7758 bps, 96.97%, Err 0 (0.0e+00)
1221.913 .... 4624 packets received, 7758 bps, 96.97%, Err 0 (0.0e+00)
1224.028 .... 4632 packets received, 7758 bps, 96.97%, Err 0 (0.0e+00)
1226.143 .... 4640 packets received, 7758 bps, 96.97%, Err 0 (0.0e+00)
1228.261 .... 4648 packets received, 7758 bps, 96.97%, Err 0 (0.0e+00)
1230.366 .... 4656 packets received, 7758 bps, 96.97%, Err 0 (0.0e+00)
1232.492 .... 4664 packets received, 7757 bps, 96.97%, Err 0 (0.0e+00)
1234.603 .... 4672 packets received, 7757 bps, 96.97%, Err 0 (0.0e+00)
1236.699 .... 4680 packets received, 7758 bps, 96.97%, Err 0 (0.0e+00)
1238.804 .... 4688 packets received, 7758 bps, 96.97%, Err 0 (0.0e+00)
1240.930 .... 4696 packets received, 7758 bps, 96.97%, Err 0 (0.0e+00)
1243.050 .... 4704 packets received, 7757 bps, 96.97%, Err 0 (0.0e+00)
1245.155 .... 4712 packets received, 7758 bps, 96.97%, Err 0 (0.0e+00)
1247.266 .... 4720 packets received, 7758 bps, 96.97%, Err 0 (0.0e+00)
1249.375 .... 4728 packets received, 7758 bps, 96.97%, Err 0 (0.0e+00)
1251.481 .... 4736 packets received, 7758 bps, 96.97%, Err 0 (0.0e+00)
1253.598 .... 4744 packets received, 7758 bps, 96.97%, Err 0 (0.0e+00)
1255.725 .... 4752 packets received, 7757 bps, 96.97%, Err 0 (0.0e+00)
1257.821 .... 4760 packets received, 7758 bps, 96.97%, Err 0 (0.0e+00)
1259.928 .... 4768 packets received, 7758 bps, 96.97%, Err 0 (0.0e+00)
1262.050 .... 4776 packets received, 7758 bps, 96.97%, Err 0 (0.0e+00)
1264.178 .... 4784 packets received, 7757 bps, 96.97%, Err 0 (0.0e+00)
1266.266 .... 4792 packets received, 7758 bps, 96.97%, Err 0 (0.0e+00)
1268.386 .... 4800 packets received, 7758 bps, 96.97%, Err 0 (0.0e+00)
1270.493 .... 4808 packets received, 7758 bps, 96.97%, Err 0 (0.0e+00)
1272.606 .... 4816 packets received, 7758 bps, 96.97%, Err 0 (0.0e+00)
1274.728 .... 4824 packets received, 7758 bps, 96.97%, Err 0 (0.0e+00)
1276.822 .... 4832 packets received, 7758 bps, 96.97%, Err 0 (0.0e+00)
1278.942 .... 4840 packets received, 7758 bps, 96.97%, Err 0 (0.0e+00)
1281.068 .... 4848 packets received, 7757 bps, 96.97%, Err 0 (0.0e+00)
1283.158 .... 4856 packets received, 7758 bps, 96.97%, Err 0 (0.0e+00)
1285.284 .... 4864 packets received, 7758 bps, 96.97%, Err 0 (0.0e+00)
1287.389 .... 4872 packets received, 7758 bps, 96.97%, Err 0 (0.0e+00)
1289.498 .... 4880 packets received, 7758 bps, 96.97%, Err 0 (0.0e+00)
1291.610 .... 4888 packets received, 7758 bps, 96.97%, Err 0 (0.0e+00)
1293.727 .... 4896 packets received, 7758 bps, 96.97%, Err 0 (0.0e+00)
1295.841 .... 4904 packets received, 7758 bps, 96.97%, Err 0 (0.0e+00)
1297.949 .... 4912 packets received, 7758 bps, 96.97%, Err 0 (0.0e+00)
1300.065 .... 4920 packets received, 7758 bps, 96.97%, Err 0 (0.0e+00)
1302.186 .... 4928 packets received, 7757 bps, 96.97%, Err 0 (0.0e+00)
1304.290 .... 4936 packets received, 7758 bps, 96.97%, Err 0 (0.0e+00)
1306.404 .... 4944 packets received, 7758 bps, 96.97%, Err 0 (0.0e+00)
1308.509 .... 4952 packets received, 7758 bps, 96.97%, Err 0 (0.0e+00)
1310.616 .... 4960 packets received, 7758 bps, 96.97%, Err 0 (0.0e+00)
1312.743 .... 4968 packets received, 7758 bps, 96.97%, Err 0 (0.0e+00)
1314.855 .... 4976 packets received, 7758 bps, 96.97%, Err 0 (0.0e+00)
1316.951 .... 4984 packets received, 7758 bps, 96.97%, Err 0 (0.0e+00)
1319.073 .... 4992 packets received, 7758 bps, 96.97%, Err 0 (0.0e+00)
1321.194 .... 5000 packets received, 7757 bps, 96.97%, Err 0 (0.0e+00)
1323.304 .... 5008 packets received, 7758 bps, 96.97%, Err 0 (0.0e+00)
1325.401 .... 5016 packets received, 7758 bps, 96.97%, Err 0 (0.0e+00)
1327.525 .... 5024 packets received, 7758 bps, 96.97%, Err 0 (0.0e+00)
1329.639 .... 5032 packets received, 7758 bps, 96.97%, Err 0 (0.0e+00)
1331.747 .... 5040 packets received, 7758 bps, 96.97%, Err 0 (0.0e+00)
1333.854 .... 5048 packets received, 7758 bps, 96.97%, Err 0 (0.0e+00)
1335.979 .... 5056 packets received, 7757 bps, 96.97%, Err 0 (0.0e+00)
1338.081 .... 5064 packets received, 7758 bps, 96.97%, Err 0 (0.0e+00)
1340.196 .... 5072 packets received, 7758 bps, 96.97%, Err 0 (0.0e+00)
1342.307 .... 5080 packets received, 7758 bps, 96.97%, Err 0 (0.0e+00)
1344.435 .... 5088 packets received, 7757 bps, 96.97%, Err 0 (0.0e+00)
1346.544 .... 5096 packets received, 7757 bps, 96.97%, Err 0 (0.0e+00)
1348.639 .... 5104 packets received, 7758 bps, 96.97%, Err 0 (0.0e+00)
1350.753 .... 5112 packets received, 7758 bps, 96.97%, Err 0 (0.0e+00)
1352.864 .... 5120 packets received, 7758 bps, 96.97%, Err 0 (0.0e+00)
1354.983 .... 5128 packets received, 7758 bps, 96.97%, Err 0 (0.0e+00)
1357.101 .... 5136 packets received, 7757 bps, 96.97%, Err 0 (0.0e+00)
1359.193 .... 5144 packets received, 7758 bps, 96.97%, Err 0 (0.0e+00)
1361.305 .... 5152 packets received, 7758 bps, 96.97%, Err 0 (0.0e+00)
1363.419 .... 5160 packets received, 7758 bps, 96.97%, Err 0 (0.0e+00)
1365.536 .... 5168 packets received, 7758 bps, 96.97%, Err 0 (0.0e+00)
1367.655 .... 5176 packets received, 7758 bps, 96.97%, Err 0 (0.0e+00)
1369.763 .... 5184 packets received, 7758 bps, 96.97%, Err 0 (0.0e+00)
1371.870 .... 5192 packets received, 7758 bps, 96.97%, Err 0 (0.0e+00)
1373.995 .... 5200 packets received, 7757 bps, 96.97%, Err 0 (0.0e+00)
1376.101 .... 5208 packets received, 7758 bps, 96.97%, Err 0 (0.0e+00)
1378.209 .... 5216 packets received, 7758 bps, 96.97%, Err 0 (0.0e+00)
1380.307 .... 5224 packets received, 7758 bps, 96.97%, Err 0 (0.0e+00)
1382.435 .... 5232 packets received, 7758 bps, 96.97%, Err 0 (0.0e+00)
1384.532 .... 5240 packets received, 7758 bps, 96.97%, Err 0 (0.0e+00)
1386.667 .... 5248 packets received, 7757 bps, 96.97%, Err 0 (0.0e+00)
1388.777 .... 5256 packets received, 7758 bps, 96.97%, Err 0 (0.0e+00)
1390.884 .... 5264 packets received, 7758 bps, 96.97%, Err 0 (0.0e+00)
1392.985 .... 5272 packets received, 7758 bps, 96.97%, Err 0 (0.0e+00)
1395.110 .... 5280 packets received, 7758 bps, 96.97%, Err 0 (0.0e+00)
1397.212 .... 5288 packets received, 7758 bps, 96.97%, Err 0 (0.0e+00)
1399.335 .... 5296 packets received, 7758 bps, 96.97%, Err 0 (0.0e+00)
1401.428 .... 5304 packets received, 7758 bps, 96.97%, Err 0 (0.0e+00)
1403.553 .... 5312 packets received, 7758 bps, 96.97%, Err 0 (0.0e+00)
1405.662 .... 5320 packets received, 7758 bps, 96.97%, Err 0 (0.0e+00)
1407.787 .... 5328 packets received, 7757 bps, 96.97%, Err 0 (0.0e+00)
1409.895 .... 5336 packets received, 7758 bps, 96.97%, Err 0 (0.0e+00)
1411.996 .... 5344 packets received, 7758 bps, 96.97%, Err 0 (0.0e+00)
1414.123 .... 5352 packets received, 7757 bps, 96.97%, Err 0 (0.0e+00)
1416.238 .... 5360 packets received, 7757 bps, 96.97%, Err 0 (0.0e+00)
1418.346 .... 5368 packets received, 7757 bps, 96.97%, Err 0 (0.0e+00)
1420.456 .... 5376 packets received, 7758 bps, 96.97%, Err 0 (0.0e+00)
1422.568 .... 5384 packets received, 7758 bps, 96.97%, Err 0 (0.0e+00)
1424.669 .... 5392 packets received, 7758 bps, 96.97%, Err 0 (0.0e+00)
1426.780 .... 5400 packets received, 7758 bps, 96.97%, Err 0 (0.0e+00)
1428.904 .... 5408 packets received, 7758 bps, 96.97%, Err 0 (0.0e+00)
1431.015 .... 5416 packets received, 7758 bps, 96.97%, Err 0 (0.0e+00)
1433.111 .... 5424 packets received, 7758 bps, 96.97%, Err 0 (0.0e+00)
1435.220 .... 5432 packets received, 7758 bps, 96.97%, Err 0 (0.0e+00)
1437.334 .... 5440 packets received, 7758 bps, 96.97%, Err 0 (0.0e+00)
1439.444 .... 5448 packets received, 7758 bps, 96.97%, Err 0 (0.0e+00)
1441.558 .... 5456 packets received, 7758 bps, 96.97%, Err 0 (0.0e+00)
1443.694 .... 5464 packets received, 7757 bps, 96.97%, Err 0 (0.0e+00)
1445.783 .... 5472 packets received, 7758 bps, 96.97%, Err 0 (0.0e+00)
1447.915 .... 5480 packets received, 7757 bps, 96.97%, Err 0 (0.0e+00)
1450.031 .... 5488 packets received, 7757 bps, 96.97%, Err 0 (0.0e+00)
1452.144 .... 5496 packets received, 7757 bps, 96.97%, Err 0 (0.0e+00)
1454.243 .... 5504 packets received, 7758 bps, 96.97%, Err 0 (0.0e+00)
1456.355 .... 5512 packets received, 7758 bps, 96.97%, Err 0 (0.0e+00)
1458.466 .... 5520 packets received, 7758 bps, 96.97%, Err 0 (0.0e+00)
1460.586 .... 5528 packets received, 7758 bps, 96.97%, Err 0 (0.0e+00)
1462.691 .... 5536 packets received, 7758 bps, 96.97%, Err 0 (0.0e+00)
1464.810 .... 5544 packets received, 7758 bps, 96.97%, Err 0 (0.0e+00)
1466.918 .... 5552 packets received, 7758 bps, 96.97%, Err 0 (0.0e+00)
1469.046 .... 5560 packets received, 7757 bps, 96.97%, Err 0 (0.0e+00)
1471.142 .... 5568 packets received, 7758 bps, 96.97%, Err 0 (0.0e+00)
1473.247 .... 5576 packets received, 7758 bps, 96.97%, Err 0 (0.0e+00)
1475.360 .... 5584 packets received, 7758 bps, 96.97%, Err 0 (0.0e+00)
1477.486 .... 5592 packets received, 7757 bps, 96.97%, Err 0 (0.0e+00)
1479.575 .... 5600 packets received, 7758 bps, 96.97%, Err 0 (0.0e+00)
1481.697 .... 5608 packets received, 7758 bps, 96.97%, Err 0 (0.0e+00)
1483.809 .... 5616 packets received, 7758 bps, 96.97%, Err 0 (0.0e+00)
1485.913 .... 5624 packets received, 7758 bps, 96.97%, Err 0 (0.0e+00)
1488.026 .... 5632 packets received, 7758 bps, 96.97%, Err 0 (0.0e+00)
1490.155 .... 5640 packets received, 7757 bps, 96.97%, Err 0 (0.0e+00)
1492.248 .... 5648 packets received, 7758 bps, 96.97%, Err 0 (0.0e+00)
1494.360 .... 5656 packets received, 7758 bps, 96.97%, Err 0 (0.0e+00)
1496.483 .... 5664 packets received, 7758 bps, 96.97%, Err 0 (0.0e+00)
1498.597 .... 5672 packets received, 7758 bps, 96.97%, Err 0 (0.0e+00)
1500.704 .... 5680 packets received, 7758 bps, 96.97%, Err 0 (0.0e+00)
1502.828 .... 5688 packets received, 7757 bps, 96.97%, Err 0 (0.0e+00)
1504.935 .... 5696 packets received, 7758 bps, 96.97%, Err 0 (0.0e+00)
1507.041 .... 5704 packets received, 7758 bps, 96.97%, Err 0 (0.0e+00)
1509.156 .... 5712 packets received, 7758 bps, 96.97%, Err 0 (0.0e+00)
1511.254 .... 5720 packets received, 7758 bps, 96.97%, Err 0 (0.0e+00)
1513.371 .... 5728 packets received, 7758 bps, 96.97%, Err 0 (0.0e+00)
1515.496 .... 5736 packets received, 7758 bps, 96.97%, Err 0 (0.0e+00)
1517.602 .... 5744 packets received, 7758 bps, 96.97%, Err 0 (0.0e+00)
1519.716 .... 5752 packets received, 7758 bps, 96.97%, Err 0 (0.0e+00)
1521.835 .... 5760 packets received, 7757 bps, 96.97%, Err 0 (0.0e+00)
1523.938 .... 5768 packets received, 7758 bps, 96.97%, Err 0 (0.0e+00)
1526.052 .... 5776 packets received, 7758 bps, 96.97%, Err 0 (0.0e+00)
1528.167 .... 5784 packets received, 7758 bps, 96.97%, Err 0 (0.0e+00)
1530.277 .... 5792 packets received, 7758 bps, 96.97%, Err 0 (0.0e+00)
1532.389 .... 5800 packets received, 7758 bps, 96.97%, Err 0 (0.0e+00)
1534.498 .... 5808 packets received, 7758 bps, 96.97%, Err 0 (0.0e+00)
1536.629 .... 5816 packets received, 7757 bps, 96.97%, Err 0 (0.0e+00)
1538.712 .... 5824 packets received, 7758 bps, 96.97%, Err 0 (0.0e+00)
1540.842 .... 5832 packets received, 7758 bps, 96.97%, Err 0 (0.0e+00)
1542.955 .... 5840 packets received, 7758 bps, 96.97%, Err 0 (0.0e+00)
1545.056 .... 5848 packets received, 7758 bps, 96.97%, Err 0 (0.0e+00)
1547.180 .... 5856 packets received, 7757 bps, 96.97%, Err 0 (0.0e+00)
1549.278 .... 5864 packets received, 7758 bps, 96.97%, Err 0 (0.0e+00)
1551.403 .... 5872 packets received, 7758 bps, 96.97%, Err 0 (0.0e+00)
1553.503 .... 5880 packets received, 7758 bps, 96.97%, Err 0 (0.0e+00)
1555.624 .... 5888 packets received, 7758 bps, 96.97%, Err 0 (0.0e+00)
1557.736 .... 5896 packets received, 7758 bps, 96.97%, Err 0 (0.0e+00)
1559.847 .... 5904 packets received, 7758 bps, 96.97%, Err 0 (0.0e+00)
1561.960 .... 5912 packets received, 7758 bps, 96.97%, Err 0 (0.0e+00)
1564.076 .... 5920 packets received, 7757 bps, 96.97%, Err 0 (0.0e+00)
1566.182 .... 5928 packets received, 7758 bps, 96.97%, Err 0 (0.0e+00)
1568.285 .... 5936 packets received, 7758 bps, 96.97%, Err 0 (0.0e+00)
1570.396 .... 5944 packets received, 7758 bps, 96.97%, Err 0 (0.0e+00)
1572.510 .... 5952 packets received, 7758 bps, 96.97%, Err 0 (0.0e+00)
1574.624 .... 5960 packets received, 7758 bps, 96.97%, Err 0 (0.0e+00)
1576.752 .... 5968 packets received, 7757 bps, 96.97%, Err 0 (0.0e+00)
1578.856 .... 5976 packets received, 7758 bps, 96.97%, Err 0 (0.0e+00)
1580.968 .... 5984 packets received, 7758 bps, 96.97%, Err 0 (0.0e+00)
1583.074 .... 5992 packets received, 7758 bps, 96.97%, Err 0 (0.0e+00)
1585.175 .... 6000 packets received, 7758 bps, 96.97%, Err 0 (0.0e+00)
1587.292 .... 6008 packets received, 7758 bps, 96.97%, Err 0 (0.0e+00)
1589.407 .... 6016 packets received, 7758 bps, 96.97%, Err 0 (0.0e+00)
1591.510 .... 6024 packets received, 7758 bps, 96.97%, Err 0 (0.0e+00)
1593.640 .... 6032 packets received, 7758 bps, 96.97%, Err 0 (0.0e+00)
1595.749 .... 6040 packets received, 7758 bps, 96.97%, Err 0 (0.0e+00)
1597.861 .... 6048 packets received, 7758 bps, 96.97%, Err 0 (0.0e+00)
1599.969 .... 6056 packets received, 7758 bps, 96.97%, Err 0 (0.0e+00)
1602.095 .... 6064 packets received, 7757 bps, 96.97%, Err 0 (0.0e+00)
1604.188 .... 6072 packets received, 7758 bps, 96.97%, Err 0 (0.0e+00)
1606.312 .... 6080 packets received, 7758 bps, 96.97%, Err 0 (0.0e+00)
1608.431 .... 6088 packets received, 7757 bps, 96.97%, Err 0 (0.0e+00)
1610.532 .... 6096 packets received, 7758 bps, 96.97%, Err 0 (0.0e+00)
1612.637 .... 6104 packets received, 7758 bps, 96.97%, Err 0 (0.0e+00)
1614.760 .... 6112 packets received, 7758 bps, 96.97%, Err 0 (0.0e+00)
1616.866 .... 6120 packets received, 7758 bps, 96.97%, Err 0 (0.0e+00)
1618.981 .... 6128 packets received, 7758 bps, 96.97%, Err 0 (0.0e+00)
1621.093 .... 6136 packets received, 7758 bps, 96.97%, Err 0 (0.0e+00)
1623.200 .... 6144 packets received, 7758 bps, 96.97%, Err 0 (0.0e+00)
1625.326 .... 6152 packets received, 7757 bps, 96.97%, Err 0 (0.0e+00)
1627.409 .... 6160 packets received, 7758 bps, 96.97%, Err 0 (0.0e+00)
1629.542 .... 6168 packets received, 7758 bps, 96.97%, Err 0 (0.0e+00)
1631.655 .... 6176 packets received, 7758 bps, 96.97%, Err 0 (0.0e+00)
1633.768 .... 6184 packets received, 7758 bps, 96.97%, Err 0 (0.0e+00)
1635.876 .... 6192 packets received, 7758 bps, 96.97%, Err 0 (0.0e+00)
1637.999 .... 6200 packets received, 7757 bps, 96.97%, Err 0 (0.0e+00)
1640.098 .... 6208 packets received, 7758 bps, 96.97%, Err 0 (0.0e+00)
1642.211 .... 6216 packets received, 7758 bps, 96.97%, Err 0 (0.0e+00)
1644.319 .... 6224 packets received, 7758 bps, 96.97%, Err 0 (0.0e+00)
1646.428 .... 6232 packets received, 7758 bps, 96.97%, Err 0 (0.0e+00)
1648.539 .... 6240 packets received, 7758 bps, 96.97%, Err 0 (0.0e+00)
1650.654 .... 6248 packets received, 7758 bps, 96.97%, Err 0 (0.0e+00)
1652.759 .... 6256 packets received, 7758 bps, 96.97%, Err 0 (0.0e+00)
1654.883 .... 6264 packets received, 7758 bps, 96.97%, Err 0 (0.0e+00)
1657.006 .... 6272 packets received, 7757 bps, 96.97%, Err 0 (0.0e+00)
1659.120 .... 6280 packets received, 7757 bps, 96.97%, Err 0 (0.0e+00)
1661.222 .... 6288 packets received, 7758 bps, 96.97%, Err 0 (0.0e+00)
1663.344 .... 6296 packets received, 7757 bps, 96.97%, Err 0 (0.0e+00)
1665.439 .... 6304 packets received, 7758 bps, 96.97%, Err 0 (0.0e+00)
1667.557 .... 6312 packets received, 7758 bps, 96.97%, Err 0 (0.0e+00)
1669.665 .... 6320 packets received, 7758 bps, 96.97%, Err 0 (0.0e+00)
1671.771 .... 6328 packets received, 7758 bps, 96.97%, Err 0 (0.0e+00)
1673.884 .... 6336 packets received, 7758 bps, 96.97%, Err 0 (0.0e+00)
1676.004 .... 6344 packets received, 7758 bps, 96.97%, Err 0 (0.0e+00)
1678.100 .... 6352 packets received, 7758 bps, 96.97%, Err 0 (0.0e+00)
1680.226 .... 6360 packets received, 7758 bps, 96.97%, Err 0 (0.0e+00)
1682.335 .... 6368 packets received, 7758 bps, 96.97%, Err 0 (0.0e+00)
1684.460 .... 6376 packets received, 7758 bps, 96.97%, Err 0 (0.0e+00)
1686.559 .... 6384 packets received, 7758 bps, 96.97%, Err 0 (0.0e+00)
1688.674 .... 6392 packets received, 7758 bps, 96.97%, Err 0 (0.0e+00)
1690.772 .... 6400 packets received, 7758 bps, 96.97%, Err 0 (0.0e+00)
1692.904 .... 6408 packets received, 7758 bps, 96.97%, Err 0 (0.0e+00)
1695.018 .... 6416 packets received, 7758 bps, 96.97%, Err 0 (0.0e+00)
1697.124 .... 6424 packets received, 7758 bps, 96.97%, Err 0 (0.0e+00)
1699.232 .... 6432 packets received, 7758 bps, 96.97%, Err 0 (0.0e+00)
1701.330 .... 6440 packets received, 7758 bps, 96.97%, Err 0 (0.0e+00)
1703.446 .... 6448 packets received, 7758 bps, 96.97%, Err 0 (0.0e+00)
1705.571 .... 6456 packets received, 7758 bps, 96.97%, Err 0 (0.0e+00)
1707.684 .... 6464 packets received, 7758 bps, 96.97%, Err 0 (0.0e+00)
1709.789 .... 6472 packets received, 7758 bps, 96.97%, Err 0 (0.0e+00)
1711.915 .... 6480 packets received, 7758 bps, 96.97%, Err 0 (0.0e+00)
1714.017 .... 6488 packets received, 7758 bps, 96.97%, Err 0 (0.0e+00)
1716.133 .... 6496 packets received, 7758 bps, 96.97%, Err 0 (0.0e+00)
1718.236 .... 6504 packets received, 7758 bps, 96.97%, Err 0 (0.0e+00)
1720.360 .... 6512 packets received, 7758 bps, 96.97%, Err 0 (0.0e+00)
1722.463 .... 6520 packets received, 7758 bps, 96.97%, Err 0 (0.0e+00)
1724.582 .... 6528 packets received, 7758 bps, 96.97%, Err 0 (0.0e+00)
1726.678 .... 6536 packets received, 7758 bps, 96.97%, Err 0 (0.0e+00)
1728.810 .... 6544 packets received, 7758 bps, 96.97%, Err 0 (0.0e+00)
1730.918 .... 6552 packets received, 7758 bps, 96.97%, Err 0 (0.0e+00)
1733.031 .... 6560 packets received, 7758 bps, 96.97%, Err 0 (0.0e+00)
1735.127 .... 6568 packets received, 7758 bps, 96.97%, Err 0 (0.0e+00)
1737.242 .... 6576 packets received, 7758 bps, 96.97%, Err 0 (0.0e+00)
1739.360 .... 6584 packets received, 7758 bps, 96.97%, Err 0 (0.0e+00)
1741.461 .... 6592 packets received, 7758 bps, 96.97%, Err 0 (0.0e+00)
1743.583 .... 6600 packets received, 7758 bps, 96.97%, Err 0 (0.0e+00)
1745.711 .... 6608 packets received, 7757 bps, 96.97%, Err 0 (0.0e+00)
1747.812 .... 6616 packets received, 7758 bps, 96.97%, Err 0 (0.0e+00)
1749.924 .... 6624 packets received, 7758 bps, 96.97%, Err 0 (0.0e+00)
1752.024 .... 6632 packets received, 7758 bps, 96.97%, Err 0 (0.0e+00)
1754.147 .... 6640 packets received, 7758 bps, 96.97%, Err 0 (0.0e+00)
1756.258 .... 6648 packets received, 7758 bps, 96.97%, Err 0 (0.0e+00)
1758.375 .... 6656 packets received, 7758 bps, 96.97%, Err 0 (0.0e+00)
1760.478 .... 6664 packets received, 7758 bps, 96.97%, Err 0 (0.0e+00)
1762.579 .... 6672 packets received, 7758 bps, 96.97%, Err 0 (0.0e+00)
1764.701 .... 6680 packets received, 7758 bps, 96.97%, Err 0 (0.0e+00)
1766.815 .... 6688 packets received, 7758 bps, 96.97%, Err 0 (0.0e+00)
1768.924 .... 6696 packets received, 7758 bps, 96.97%, Err 0 (0.0e+00)
1771.037 .... 6704 packets received, 7758 bps, 96.97%, Err 0 (0.0e+00)
1773.145 .... 6712 packets received, 7758 bps, 96.97%, Err 0 (0.0e+00)
1775.265 .... 6720 packets received, 7758 bps, 96.97%, Err 0 (0.0e+00)
1777.389 .... 6728 packets received, 7758 bps, 96.97%, Err 0 (0.0e+00)
1779.485 .... 6736 packets received, 7758 bps, 96.97%, Err 0 (0.0e+00)
1781.605 .... 6744 packets received, 7758 bps, 96.97%, Err 0 (0.0e+00)
1783.711 .... 6752 packets received, 7758 bps, 96.97%, Err 0 (0.0e+00)
1785.831 .... 6760 packets received, 7758 bps, 96.97%, Err 0 (0.0e+00)
1787.944 .... 6768 packets received, 7758 bps, 96.97%, Err 0 (0.0e+00)
1790.041 .... 6776 packets received, 7758 bps, 96.97%, Err 0 (0.0e+00)
1792.167 .... 6784 packets received, 7758 bps, 96.97%, Err 0 (0.0e+00)
1794.265 .... 6792 packets received, 7758 bps, 96.97%, Err 0 (0.0e+00)
1796.389 .... 6800 packets received, 7758 bps, 96.97%, Err 0 (0.0e+00)
1798.507 .... 6808 packets received, 7758 bps, 96.97%, Err 0 (0.0e+00)
1800.595 .... 6816 packets received, 7758 bps, 96.97%, Err 0 (0.0e+00)
1802.722 .... 6824 packets received, 7758 bps, 96.97%, Err 0 (0.0e+00)
1804.845 .... 6832 packets received, 7758 bps, 96.97%, Err 0 (0.0e+00)
1806.950 .... 6840 packets received, 7758 bps, 96.97%, Err 0 (0.0e+00)
1809.058 .... 6848 packets received, 7758 bps, 96.97%, Err 0 (0.0e+00)
1811.154 .... 6856 packets received, 7758 bps, 96.97%, Err 0 (0.0e+00)
1813.288 .... 6864 packets received, 7758 bps, 96.97%, Err 0 (0.0e+00)
1815.409 .... 6872 packets received, 7757 bps, 96.97%, Err 0 (0.0e+00)
1817.499 .... 6880 packets received, 7758 bps, 96.97%, Err 0 (0.0e+00)
1819.623 .... 6888 packets received, 7758 bps, 96.97%, Err 0 (0.0e+00)
1821.723 .... 6896 packets received, 7758 bps, 96.97%, Err 0 (0.0e+00)
1823.841 .... 6904 packets received, 7758 bps, 96.97%, Err 0 (0.0e+00)
1825.949 .... 6912 packets received, 7758 bps, 96.97%, Err 0 (0.0e+00)
1828.079 .... 6920 packets received, 7757 bps, 96.97%, Err 0 (0.0e+00)
1830.173 .... 6928 packets received, 7758 bps, 96.97%, Err 0 (0.0e+00)
1832.294 .... 6936 packets received, 7758 bps, 96.97%, Err 0 (0.0e+00)
1834.402 .... 6944 packets received, 7758 bps, 96.97%, Err 0 (0.0e+00)
1836.513 .... 6952 packets received, 7758 bps, 96.97%, Err 0 (0.0e+00)
1838.630 .... 6960 packets received, 7758 bps, 96.97%, Err 0 (0.0e+00)
1840.732 .... 6968 packets received, 7758 bps, 96.97%, Err 0 (0.0e+00)
1842.852 .... 6976 packets received, 7758 bps, 96.97%, Err 0 (0.0e+00)
1844.978 .... 6984 packets received, 7757 bps, 96.97%, Err 0 (0.0e+00)
1847.074 .... 6992 packets received, 7758 bps, 96.97%, Err 0 (0.0e+00)
1849.179 .... 7000 packets received, 7758 bps, 96.97%, Err 0 (0.0e+00)
1851.300 .... 7008 packets received, 7758 bps, 96.97%, Err 0 (0.0e+00)
1853.407 .... 7016 packets received, 7758 bps, 96.97%, Err 0 (0.0e+00)
1855.525 .... 7024 packets received, 7758 bps, 96.97%, Err 0 (0.0e+00)
1857.642 .... 7032 packets received, 7758 bps, 96.97%, Err 0 (0.0e+00)
1859.743 .... 7040 packets received, 7758 bps, 96.97%, Err 0 (0.0e+00)
1861.857 .... 7048 packets received, 7758 bps, 96.97%, Err 0 (0.0e+00)
1863.970 .... 7056 packets received, 7758 bps, 96.97%, Err 0 (0.0e+00)
1866.087 .... 7064 packets received, 7758 bps, 96.97%, Err 0 (0.0e+00)
1868.195 .... 7072 packets received, 7758 bps, 96.97%, Err 0 (0.0e+00)
1870.306 .... 7080 packets received, 7758 bps, 96.97%, Err 0 (0.0e+00)
1872.419 .... 7088 packets received, 7758 bps, 96.97%, Err 0 (0.0e+00)
1874.536 .... 7096 packets received, 7758 bps, 96.97%, Err 0 (0.0e+00)
1876.639 .... 7104 packets received, 7758 bps, 96.97%, Err 0 (0.0e+00)
1878.762 .... 7112 packets received, 7758 bps, 96.97%, Err 0 (0.0e+00)
1880.858 .... 7120 packets received, 7758 bps, 96.97%, Err 0 (0.0e+00)
1882.973 .... 7128 packets received, 7758 bps, 96.97%, Err 0 (0.0e+00)
1885.090 .... 7136 packets received, 7758 bps, 96.97%, Err 0 (0.0e+00)
1887.207 .... 7144 packets received, 7758 bps, 96.97%, Err 0 (0.0e+00)
1889.305 .... 7152 packets received, 7758 bps, 96.97%, Err 0 (0.0e+00)
1891.426 .... 7160 packets received, 7758 bps, 96.97%, Err 0 (0.0e+00)
1893.541 .... 7168 packets received, 7758 bps, 96.97%, Err 0 (0.0e+00)
1895.664 .... 7176 packets received, 7757 bps, 96.97%, Err 0 (0.0e+00)
1897.749 .... 7184 packets received, 7758 bps, 96.97%, Err 0 (0.0e+00)
1899.885 .... 7192 packets received, 7758 bps, 96.97%, Err 0 (0.0e+00)
1901.982 .... 7200 packets received, 7758 bps, 96.97%, Err 0 (0.0e+00)
1904.095 .... 7208 packets received, 7758 bps, 96.97%, Err 0 (0.0e+00)
1906.201 .... 7216 packets received, 7758 bps, 96.97%, Err 0 (0.0e+00)
1908.311 .... 7224 packets received, 7758 bps, 96.97%, Err 0 (0.0e+00)
1910.432 .... 7232 packets received, 7758 bps, 96.97%, Err 0 (0.0e+00)
1912.549 .... 7240 packets received, 7758 bps, 96.97%, Err 0 (0.0e+00)
1914.662 .... 7248 packets received, 7758 bps, 96.97%, Err 0 (0.0e+00)
1916.777 .... 7256 packets received, 7758 bps, 96.97%, Err 0 (0.0e+00)
1918.867 .... 7264 packets received, 7758 bps, 96.97%, Err 0 (0.0e+00)
1921.008 .... 7272 packets received, 7757 bps, 96.97%, Err 0 (0.0e+00)
1923.112 .... 7280 packets received, 7758 bps, 96.97%, Err 0 (0.0e+00)
1925.225 .... 7288 packets received, 7758 bps, 96.97%, Err 0 (0.0e+00)
1927.324 .... 7296 packets received, 7758 bps, 96.97%, Err 0 (0.0e+00)
1929.443 .... 7304 packets received, 7758 bps, 96.97%, Err 0 (0.0e+00)
1931.561 .... 7312 packets received, 7758 bps, 96.97%, Err 0 (0.0e+00)
1933.676 .... 7320 packets received, 7758 bps, 96.97%, Err 0 (0.0e+00)
1935.777 .... 7328 packets received, 7758 bps, 96.97%, Err 0 (0.0e+00)
1937.883 .... 7336 packets received, 7758 bps, 96.97%, Err 0 (0.0e+00)
1939.988 .... 7344 packets received, 7758 bps, 96.97%, Err 0 (0.0e+00)
1942.112 .... 7352 packets received, 7758 bps, 96.97%, Err 0 (0.0e+00)
1944.232 .... 7360 packets received, 7758 bps, 96.97%, Err 0 (0.0e+00)
1946.350 .... 7368 packets received, 7758 bps, 96.97%, Err 0 (0.0e+00)
1948.448 .... 7376 packets received, 7758 bps, 96.97%, Err 0 (0.0e+00)
1950.573 .... 7384 packet