000.000 =============================================================
000.000                     Station B                               
000.000 -------------------------------------------------------------
000.000 Protocol.lib, version 4.0, jiangyanjun0718@bupt.edu.cn
000.000 Channel: 8000 bps, 270 ms propagation delay, bit error rate 1.0E-05
000.000 Log file "./datalink-B.log", TCP port 59144, debug mask 0x00
000.000 Station B is connecting station A (TCP port 59144) ... Done.
000.760 New epoch: Tue Apr  4 22:16:06 2023
000.760 =================================================================
000.760 
000.760 Designed by Jiang Yanjun, build: Mar 30 2023  08:23:07
003.812 .... 4 packets received, 2965 bps, 37.06%, Err 0 (0.0e+00)
006.033 .... 6 packets received, 2465 bps, 30.82%, Err 0 (0.0e+00)
008.280 .... 8 packets received, 2266 bps, 28.32%, Err 0 (0.0e+00)
010.544 .... 10 packets received, 2157 bps, 26.96%, Err 0 (0.0e+00)
012.806 .... 12 packets received, 2090 bps, 26.13%, Err 0 (0.0e+00)
015.038 .... 14 packets received, 2050 bps, 25.62%, Err 0 (0.0e+00)
018.938 .... 15 packets received, 1717 bps, 21.47%, Err 1 (2.9e-05)
021.194 .... 17 packets received, 1728 bps, 21.60%, Err 1 (2.6e-05)
023.420 .... 19 packets received, 1739 bps, 21.74%, Err 1 (2.3e-05)
025.692 .... 21 packets received, 1745 bps, 21.82%, Err 1 (2.1e-05)
027.965 .... 23 packets received, 1750 bps, 21.88%, Err 1 (1.9e-05)
030.223 .... 25 packets received, 1755 bps, 21.94%, Err 1 (1.8e-05)
032.497 .... 27 packets received, 1758 bps, 21.98%, Err 1 (1.7e-05)
034.770 .... 29 packets received, 1761 bps, 22.02%, Err 1 (1.5e-05)
037.043 .... 31 packets received, 1764 bps, 22.05%, Err 1 (1.4e-05)
039.300 .... 33 packets received, 1767 bps, 22.09%, Err 1 (1.4e-05)
041.557 .... 35 packets received, 1770 bps, 22.12%, Err 1 (1.3e-05)
043.798 .... 37 packets received, 1773 bps, 22.16%, Err 1 (1.2e-05)
046.053 .... 39 packets received, 1775 bps, 22.18%, Err 1 (1.2e-05)
048.323 .... 41 packets received, 1776 bps, 22.20%, Err 1 (1.1e-05)
050.594 .... 43 packets received, 1777 bps, 22.22%, Err 1 (1.0e-05)
052.866 .... 45 packets received, 1779 bps, 22.23%, Err 1 (1.0e-05)
055.137 .... 47 packets received, 1780 bps, 22.25%, Err 1 (9.6e-06)
058.226 .... 50 packets received, 1791 bps, 22.39%, Err 1 (9.1e-06)
061.334 .... 53 packets received, 1801 bps, 22.51%, Err 1 (8.5e-06)
063.591 .... 55 packets received, 1801 bps, 22.51%, Err 1 (8.2e-06)
065.834 .... 57 packets received, 1802 bps, 22.52%, Err 1 (8.0e-06)
068.940 .... 60 packets received, 1810 bps, 22.62%, Err 1 (7.6e-06)
071.999 .... 63 packets received, 1819 bps, 22.73%, Err 1 (7.2e-06)
074.256 .... 65 packets received, 1818 bps, 22.73%, Err 1 (7.0e-06)
076.764 .... 68 packets received, 1839 bps, 22.99%, Err 1 (6.7e-06)
078.996 .... 70 packets received, 1839 bps, 22.99%, Err 1 (6.5e-06)
083.773 .... 72 packets received, 1783 bps, 22.28%, Err 2 (1.2e-05)
088.467 .... 74 packets received, 1734 bps, 21.67%, Err 3 (1.8e-05)
090.740 .... 76 packets received, 1735 bps, 21.69%, Err 3 (1.8e-05)
092.956 .... 78 packets received, 1738 bps, 21.73%, Err 3 (1.7e-05)
095.227 .... 80 packets received, 1740 bps, 21.75%, Err 3 (1.7e-05)
097.470 .... 82 packets received, 1742 bps, 21.77%, Err 3 (1.6e-05)
100.551 .... 85 packets received, 1750 bps, 21.87%, Err 3 (1.6e-05)
103.026 .... 88 packets received, 1767 bps, 22.09%, Err 3 (1.5e-05)
106.356 .... 89 packets received, 1731 bps, 21.64%, Err 4 (2.0e-05)
111.358 .... 92 packets received, 1708 bps, 21.35%, Err 4 (1.9e-05)
113.752 .... 94 packets received, 1708 bps, 21.35%, Err 4 (1.9e-05)
116.249 .... 97 packets received, 1724 bps, 21.56%, Err 4 (1.8e-05)
119.543 .... 98 packets received, 1694 bps, 21.17%, Err 4 (1.8e-05)
121.973 .... 100 packets received, 1694 bps, 21.17%, Err 4 (1.7e-05)
124.431 .... 103 packets received, 1710 bps, 21.37%, Err 4 (1.7e-05)
127.744 .... 104 packets received, 1681 bps, 21.01%, Err 4 (1.7e-05)
131.736 .... 105 packets received, 1645 bps, 20.57%, Err 5 (2.0e-05)
135.849 .... 107 packets received, 1626 bps, 20.32%, Err 5 (2.0e-05)
140.041 .... 109 p