000.000 =============================================================
000.000                     Station A                               
000.000 -------------------------------------------------------------
000.000 Protocol.lib, version 4.0, jiangyanjun0718@bupt.edu.cn
000.000 Channel: 8000 bps, 270 ms propagation delay, bit error rate 1.0E-05
000.000 Log file "./datalink-A.log", TCP port 59144, debug mask 0x00
000.000 Station A is waiting for station B on TCP port 59144 ... Done.
000.531 New epoch: Sun Apr  9 16:07:43 2023
000.531 =================================================================
000.531 
000.531 Designed by Li Ruobin, build: Apr  9 2023  16:07:37
003.414 .... 4 packets received, 3848 bps, 48.10%, Err 1 (5.3e-05)
005.521 .... 12 packets received, 5802 bps, 72.52%, Err 1 (2.8e-05)
007.660 .... 20 packets received, 6425 bps, 80.31%, Err 1 (1.9e-05)
009.756 .... 28 packets received, 6769 bps, 84.62%, Err 1 (1.4e-05)
011.876 .... 36 packets received, 6961 bps, 87.02%, Err 1 (1.2e-05)
013.983 .... 44 packets received, 7097 bps, 88.71%, Err 1 (9.7e-06)
016.093 .... 52 packets received, 7192 bps, 89.90%, Err 1 (8.3e-06)
018.737 .... 58 packets received, 6806 bps, 85.08%, Err 2 (1.4e-05)
020.861 .... 66 packets received, 6905 bps, 86.31%, Err 2 (1.3e-05)
022.974 .... 74 packets received, 6988 bps, 87.34%, Err 2 (1.1e-05)
025.087 .... 82 packets received, 7056 bps, 88.19%, Err 2 (1.0e-05)
027.201 .... 90 packets received, 7112 bps, 88.90%, Err 2 (9.6e-06)
029.316 .... 98 packets received, 7160 bps, 89.50%, Err 2 (8.8e-06)
031.428 .... 106 packets received, 7202 bps, 90.02%, Err 2 (8.2e-06)
033.553 .... 114 packets received, 7235 bps, 90.44%, Err 2 (7.7e-06)
035.647 .... 122 packets received, 7271 bps, 90.89%, Err 2 (7.2e-06)
037.776 .... 130 packets received, 7296 bps, 91.20%, Err 2 (6.8e-06)
039.875 .... 138 packets received, 7324 bps, 91.55%, Err 2 (6.4e-06)
041.988 .... 146 packets received, 7346 bps, 91.83%, Err 2 (6.1e-06)
044.625 .... 152 packets received, 7183 bps, 89.78%, Err 3 (8.6e-06)
046.769 .... 156 packets received, 7024 bps, 87.80%, Err 4 (1.1e-05)
048.881 .... 164 packets received, 7057 bps, 88.21%, Err 4 (1.0e-05)
050.993 .... 172 packets received, 7087 bps, 88.58%, Err 4 (1.0e-05)
053.379 .... 177 packets received, 6958 bps, 86.98%, Err 5 (1.2e-05)
055.485 .... 185 packets received, 6990 bps, 87.38%, Err 5 (1.1e-05)
057.581 .... 193 packets received, 7021 bps, 87.76%, Err 5 (1.1e-05)
059.719 .... 201 packets received, 7045 bps, 88.06%, Err 5 (1.1e-05)
061.816 .... 209 packets received, 7071 bps, 88.39%, Err 5 (1.0e-05)
063.939 .... 217 packets received, 7093 bps, 88.66%, Err 5 (9.9e-06)
066.044 .... 221 packets received, 6989 bps, 87.36%, Err 6 (1.2e-05)
068.147 .... 229 packets received, 7014 bps, 87.68%, Err 6 (1.1e-05)
070.272 .... 237 packets received, 7036 bps, 87.95%, Err 6 (1.1e-05)
072.398 .... 245 packets received, 7056 bps, 88.20%, Err 6 (1.1e-05)
074.508 .... 253 packets received, 7076 bps, 88.45%, Err 6 (1.0e-05)
076.625 .... 261 packets received, 7095 bps, 88.69%, Err 6 (9.9e-06)
078.724 .... 269 packets received, 7114 bps, 88.93%, Err 6 (9.7e-06)
080.842 .... 277 packets received, 7131 bps, 89.13%, Err 6 (9.4e-06)
082.943 .... 285 packets received, 7148 bps, 89.35%, Err 6 (9.2e-06)
085.076 .... 289 packets received, 7064 bps, 88.30%, Err 7 (1.0e-05)
087.177 .... 297 packets received, 7082 bps, 88.52%, Err 7 (1.0e-05)
089.310 .... 305 packets received, 7096 bps, 88.70%, Err 7 (9.9e-06)
091.406 .... 313 packets received, 7113 bps, 88.91%, Err 7 (9.7e-06)
093.512 .... 321 packets received, 7128 bps, 89.10%, Err 8 (1.1e-05)
095.637 .... 329 packets received, 7141 bps, 89.27%, Err 8 (1.1e-05)
098.278 .... 335 packets received, 7074 bps, 88.42%, Err 9 (1.2e-05)
100.388 .... 343 packets received, 7088 bps, 88.60%, Err 9 (1.1e-05)
104.374 .... 344 packets received, 6834 bps, 85.43%, Err 9 (1.1e-05)
108.478 .... 345 packets received, 6591 bps, 82.39%, Err 9 (1.1e-05)
112.547 .... 346 packets received, 6369 bps, 79.61%, Err 9 (1.1e-05)
116.615 .... 347 packets received, 6162 bps, 77.02%, Err 9 (1.1e-05)
120.686 .... 348 packets received, 5969 bps, 74.61%, Err 9 (1.1e-05)
124.797 .... 349 packets received, 5787 bps, 72.34%, Err 9 (1.1e-05)
128.945 .... 350 packets received, 5615 bps, 70.19%, Err 9 (1.1e-05)
133.085 .... 351 packets received, 5454 bps, 68.18%, Err 9 (1.1e-05)
137.213 .... 352 packets received, 5304 bps, 66.29%, Err 9 (1.1e-05)
141.285 .... 353 packets received, 5164 bps, 64.55%, Err 9 (1.1e-05)
145.339 .... 354 packets received, 5033 bps, 62.91%, Err 9 (1.1e-05)
149.499 .... 355 packets received, 4905 bps, 61.32%, Err 9 (1.1e-05)
153.718 .... 356 packets received, 4783 bps, 59.79%, Err 9 (1.1e-05)
157.925 .... 357 packets received, 4668 bps, 58.35%, Err 9 (1.1e-05)
162.001 .... 358 packets received, 4562 bps, 57.02%, Err 9 (1.1e-05)
166.068 .... 359 packets received, 4462 bps, 55.77%, Err 9 (1.1e-05)
170.146 .... 360 packets received, 4366 bps, 54.58%, Err 9 (1.1e-05)
174.238 .... 361 packets received, 4275 bps, 53.43%, Err 9 (1.1e-05)
178.399 .... 362 packets received, 4186 bps, 52.32%, Err 9 (1.1e-05)
182.421 .... 363 packets received, 4104 bps, 51.30%, Err 9 (1.1e-05)
186.541 .... 364 packets received, 4024 bps, 50.30%, Err 9 (1.1e-05)
190.610 .... 365 packets received, 3948 bps, 49.35%, Err 9 (1.1e-05)
194.670 .... 366 packets received, 3876 bps, 48.45%, Err 9 (1.1e-05)
198.730 .... 367 packets received, 3807 bps, 47.58%, Err 9 (1.1e-05)
200.805 .... 369 packets received, 3788 bps, 47.35%, Err 9 (1.0e-05)
202.905 .... 377 packets received, 3829 bps, 47.87%, Err 9 (1.0e-05)
205.019 .... 385 packets received, 3870 bps, 48.38%, Err 9 (1.0e-05)
207.119 .... 393 packets received, 3910 bps, 48.88%, Err 9 (9.9e-06)
209.237 .... 401 packets received, 3949 bps, 49.37%, Err 10 (1.1e-05)
211.352 .... 404 packets received, 3939 bps, 49.23%, Err 11 (1.2e-05)
213.469 .... 412 packets received, 3977 bps, 49.71%, Err 11 (1.1e-05)
215.582 .... 420 packets received, 4014 bps, 50.17%, Err 11 (1.1e-05)
217.697 .... 428 packets received, 4050 bps, 50.63%, Err 11 (1.1e-05)
219.811 .... 436 packets received, 4086 bps, 51.08%, Err 11 (1.1e-05)
221.910 .... 444 packets received, 4122 bps, 51.52%, Err 11 (1.1e-05)
224.033 .... 452 packets received, 4156 bps, 51.95%, Err 11 (1.1e-05)
226.166 .... 460 packets received, 4189 bps, 52.37%, Err 11 (1.0e-05)
228.247 .... 468 packets received, 4223 bps, 52.79%, Err 11 (1.0e-05)
230.392 .... 476 packets received, 4255 bps, 53.19%, Err 11 (1.0e-05)
232.508 .... 484 packets received, 4287 bps, 53.59%, Err 11 (9.9e-06)
234.591 .... 492 packets received, 4319 bps, 53.99%, Err 11 (9.7e-06)
238.032 .... 500 packets received, 4325 bps, 54.07%, Err 12 (1.0e-05)
240.146 .... 508 packets received, 4356 bps, 54.45%, Err 12 (1.0e-05)
242.278 .... 516 packets received, 4385 bps, 54.81%, Err 12 (1.0e-05)
244.371 .... 524 packets received, 4415 bps, 55.18%, Err 12 (9.9e-06)
246.478 .... 532 packets received, 4444 bps, 55.54%, Err 12 (9.8e-06)
248.592 .... 540 packets received, 4472 bps, 55.90%, Err 13 (1.0e-05)
250.706 .... 543 packets received, 4459 bps, 55.73%, Err 13 (1.0e-05)
252.847 .... 551 packets received, 4486 bps, 56.07%, Err 13 (1.0e-05)
254.940 .... 559 packets received, 4513 bps, 56.42%, Err 13 (1.0e-05)
257.059 .... 567 packets received, 4540 bps, 56.75%, Err 13 (9.9e-06)
259.165 .... 575 packets received, 4566 bps, 57.08%, Err 13 (9.8e-06)
261.275 .... 583 packets received, 4592 bps, 57.41%, Err 13 (9.7e-06)
263.383 .... 591 packets received, 4618 bps, 57.72%, Err 13 (9.6e-06)
265.492 .... 599 packets received, 4643 bps, 58.04%, Err 13 (9.5e-06)
268.929 .... 607 packets received, 4645 bps, 58.06%, Err 14 (1.0e-05)
271.321 .... 611 packets received, 4634 bps, 57.92%, Err 15 (1.1e-05)
273.431 .... 619 packets received, 4658 bps, 58.23%, Err 15 (1.0e-05)
275.543 .... 627 packets received, 4682 bps, 58.53%, Err 15 (1.0e-05)
277.671 .... 635 packets received, 4705 bps, 58.82%, Err 15 (1.0e-05)
279.768 .... 643 packets received, 4729 bps, 59.11%, Err 15 (1.0e-05)
281.910 .... 651 packets received, 4751 bps, 59.39%, Err 16 (1.1e-05)
284.005 .... 654 packets received, 4738 bps, 59.22%, Err 16 (1.1e-05)
286.129 .... 662 packets received, 4760 bps, 59.50%, Err 16 (1.0e-05)
288.238 .... 670 packets received, 4782 bps, 59.77%, Err 16 (1.0e-05)
290.358 .... 678 packets received, 4803 bps, 60.04%, Err 16 (1.0e-05)
292.451 .... 686 packets received, 4825 bps, 60.31%, Err 16 (1.0e-05)
294.562 .... 694 packets received, 4846 bps, 60.58%, Err 16 (9.9e-06)
296.686 .... 702 packets received, 4867 bps, 60.84%, Err 16 (9.8e-06)
298.784 .... 710 packets received, 4888 bps, 61.10%, Err 16 (9.7e-06)
304.451 .... 717 packets received, 4844 bps, 60.55%, Err 16 (9.7e-06)
308.655 .... 718 packets received, 4784 bps, 59.80%, Err 16 (9.7e-06)
312.880 .... 719 packets received, 4726 bps, 59.07%, Err 16 (9.6e-06)
316.934 .... 720 packets received, 4672 bps, 58.39%, Err 16 (9.6e-06)
320.964 .... 721 packets received, 4619 bps, 57.74%, Err 16 (9.6e-06)
326.012 .... 722 packets received, 4554 bps, 56.92%, Err 17 (1.0e-05)
330.217 .... 723 packets received, 4502 bps, 56.27%, Err 18 (1.1e-05)
333.344 .... 724 packets received, 4465 bps, 55.82%, Err 18 (1.1e-05)
337.492 .... 725 packets received, 4416 bps, 55.20%, Err 18 (1.1e-05)
341.719 .... 726 packets received, 4368 bps, 54.59%, Err 18 (1.1e-05)
345.782 .... 727 packets received, 4322 bps, 54.02%, Err 18 (1.1e-05)
349.897 .... 728 packets received, 4277 bps, 53.46%, Err 18 (1.1e-05)
354.000 .... 729 packets received, 4233 bps, 52.91%, Err 18 (1.1e-05)
358.093 .... 730 packets received, 4190 bps, 52.38%, Err 18 (1.1e-05)
362.201 .... 731 packets received, 4148 bps, 51.85%, Err 18 (1.1e-05)
366.325 .... 732 packets received, 4107 bps, 51.33%, Err 18 (1.1e-05)
370.421 .... 733 packets received, 4067 bps, 50.83%, Err 18 (1.1e-05)
374.600 .... 734 packets received, 4027 bps, 50.33%, Err 18 (1.1e-05)
378.690 .... 735 packets received, 3989 bps, 49.86%, Err 18 (1.1e-05)
382.737 .... 736 packets received, 3952 bps, 49.39%, Err 18 (1.1e-05)
386.919 .... 737 packets received, 3914 bps, 48.93%, Err 18 (1.1e-05)
391.004 .... 738 packets received, 3878 bps, 48.48%, Err 18 (1.1e-05)
395.142 .... 739 packets received, 3843 bps, 48.03%, Err 18 (1.1e-05)
399.294 .... 740 packets received, 3808 bps, 47.60%, Err 18 (1.0e-05)
401.309 .... 744 packets received, 3809 bps, 47.61%, Err 18 (1.0e-05)
403.419 .... 752 packets received, 3830 bps, 47.87%, Err 18 (1.0e-05)
405.542 .... 760 packets received, 3850 bps, 48.13%, Err 18 (1.0e-05)
407.639 .... 768 packets received, 3871 bps, 48.38%, Err 18 (1.0e-05)
409.761 .... 776 packets received, 3891 bps, 48.63%, Err 18 (1.0e-05)
411.874 .... 784 packets received, 3911 bps, 48.88%, Err 18 (9.9e-06)
413.985 .... 792 packets received, 3930 bps, 49.13%, Err 18 (9.8e-06)
416.109 .... 800 packets received, 3950 bps, 49.37%, Err 18 (9.8e-06)
418.202 .... 808 packets received, 3969 bps, 49.61%, Err 18 (9.7e-06)
420.344 .... 816 packets received, 3988 bps, 49.85%, Err 19 (1.0e-05)
422.438 .... 820 packets received, 3988 bps, 49.84%, Err 19 (1.0e-05)
424.567 .... 828 packets received, 4006 bps, 50.08%, Err 19 (9.9e-06)
426.677 .... 836 packets received, 4025 bps, 50.31%, Err 19 (9.8e-06)
428.784 .... 844 packets received, 4043 bps, 50.54%, Err 19 (9.8e-06)
431.693 .... 851 packets received, 4049 bps, 50.62%, Err 20 (1.0e-05)
433.806 .... 859 packets received, 4067 bps, 50.84%, Err 20 (1.0e-05)
435.938 .... 867 packets received, 4085 bps, 51.06%, Err 20 (1.0e-05)
438.045 .... 871 packets received, 4084 bps, 51.05%, Err 21 (1.0e-05)
440.160 .... 879 packets received, 4102 bps, 51.27%, Err 21 (1.0e-05)
442.263 .... 887 packets received, 4119 bps, 51.49%, Err 21 (1.0e-05)
444.389 .... 895 packets received, 4137 bps, 51.71%, Err 21 (1.0e-05)
446.487 .... 903 packets received, 4154 bps, 51.92%, Err 21 (1.0e-05)
448.628 .... 911 packets received, 4171 bps, 52.13%, Err 21 (1.0e-05)
452.311 .... 915 packets received, 4155 bps, 51.93%, Err 21 (9.8e-06)
454.434 .... 923 packets received, 4171 bps, 52.14%, Err 21 (9.8e-06)
456.564 .... 931 packets received, 4188 bps, 52.35%, Err 21 (9.7e-06)
458.658 .... 939 packets received, 4205 bps, 52.56%, Err 21 (9.6e-06)
460.781 .... 947 packets received, 4221 bps, 52.76%, Err 21 (9.5e-06)
462.874 .... 955 packets received, 4237 bps, 52.96%, Err 21 (9.5e-06)
464.986 .... 963 packets received, 4253 bps, 53.17%, Err 21 (9.4e-06)
467.112 .... 967 packets received, 4251 bps, 53.14%, Err 23 (1.0e-05)
469.219 .... 975 packets received, 4267 bps, 53.34%, Err 23 (1.0e-05)
471.342 .... 983 packets received, 4283 bps, 53.54%, Err 23 (1.0e-05)
473.468 .... 991 packets received, 4298 bps, 53.73%, Err 23 (1.0e-05)
475.562 .... 999 packets received, 4314 bps, 53.92%, Err 23 (9.9e-06)
477.678 .... 1007 packets received, 4329 bps, 54.11%, Err 23 (9.8e-06)
479.810 .... 1015 packets received, 4344 bps, 54.30%, Err 23 (9.8e-06)
481.908 .... 1023 packets received, 4359 bps, 54.49%, Err 23 (9.7e-06)
484.007 .... 1031 packets received, 4374 bps, 54.68%, Err 23 (9.6e-06)
486.142 .... 1039 packets received, 4389 bps, 54.86%, Err 23 (9.6e-06)
489.585 .... 1045 packets received, 4383 bps, 54.79%, Err 24 (9.9e-06)
491.698 .... 1053 packets received, 4397 bps, 54.97%, Err 24 (9.8e-06)
493.833 .... 1057 packets received, 4395 bps, 54.94%, Err 25 (1.0e-05)
495.959 .... 1065 packets received, 4409 bps, 55.12%, Err 25 (1.0e-05)
498.066 .... 1073 packets received, 4423 bps, 55.29%, Err 25 (1.0e-05)
500.182 .... 1081 packets received, 4438 bps, 55.47%, Err 25 (9.9e-06)
504.507 .... 1083 packets received, 4408 bps, 55.09%, Err 25 (9.9e-06)
508.626 .... 1084 packets received, 4376 bps, 54.70%, Err 25 (9.9e-06)
512.727 .... 1085 packets received, 4345 bps, 54.31%, Err 25 (9.9e-06)
516.752 .... 1086 packets received, 4315 bps, 53.93%, Err 25 (9.9e-06)
520.883 .... 1087 packets received, 4284 bps, 53.56%, Err 25 (9.9e-06)
524.903 .... 1088 packets received, 4255 bps, 53.19%, Err 25 (9.9e-06)
529.015 .... 1089 packets received, 4226 bps, 52.83%, Err 25 (9.9e-06)
533.050 .... 1090 packets received, 4198 bps, 52.47%, Err 25 (9.9e-06)
537.083 .... 1091 packets received, 4170 bps, 52.13%, Err 25 (9.8e-06)
541.205 .... 1092 packets received, 4142 bps, 51.78%, Err 25 (9.8e-06)
545.300 .... 1093 packets received, 4115 bps, 51.43%, Err 25 (9.8e-06)
549.356 .... 1094 packets received, 4088 bps, 51.10%, Err 25 (9.8e-06)
553.448 .... 1095 packets received, 4061 bps, 50.77%, Err 25 (9.8e-06)
557.527 .... 1096 packets received, 4035 bps, 50.44%, Err 25 (9.8e-06)
561.628 .... 1097 packets received, 4009 bps, 50.12%, Err 25 (9.8e-06)
566.653 .... 1098 packets received, 3977 bps, 49.72%, Err 26 (1.0e-05)
569.845 .... 1099 packets received, 3959 bps, 49.48%, Err 26 (1.0e-05)
573.858 .... 1100 packets received, 3935 bps, 49.18%, Err 26 (1.0e-05)
577.903 .... 1101 packets received, 3910 bps, 48.88%, Err 26 (1.0e-05)
581.988 .... 1102 packets received, 3886 bps, 48.58%, Err 26 (1.0e-05)
586.072 .... 1103 packets received, 3863 bps, 48.29%, Err 26 (1.0e-05)
590.159 .... 1104 packets received, 3840 bps, 47.99%, Err 26 (1.0e-05)
594.323 .... 1105 packets received, 3816 bps, 47.70%, Err 26 (1.0e-05)
598.534 .... 1106 packets received, 3793 bps, 47.41%, Err 26 (1.0e-05)
600.537 .... 1107 packets received, 3783 bps, 47.29%, Err 26 (1.0e-05)
602.659 .... 1115 packets received, 3797 bps, 47.46%, Err 26 (1.0e-05)
604.766 .... 1123 packets received, 3811 bps, 47.64%, Err 27 (1.0e-05)
606.859 .... 1127 packets received, 3811 bps, 47.64%, Err 27 (1.0e-05)
609.016 .... 1135 packets received, 3825 bps, 47.81%, Err 27 (1.0e-05)
611.113 .... 1143 packets received, 3839 bps, 47.98%, Err 27 (1.0e-05)
613.214 .... 1151 packets received, 3852 bps, 48.15%, Err 27 (1.0e-05)
615.346 .... 1159 packets received, 3865 bps, 48.32%, Err 27 (1.0e-05)
617.445 .... 1167 packets received, 3879 bps, 48.49%, Err 27 (9.9e-06)
620.633 .... 1175 packets received, 3885 bps, 48.57%, Err 28 (1.0e-05)
622.734 .... 1183 packets received, 3899 bps, 48.73%, Err 28 (1.0e-05)
624.867 .... 1191 packets received, 3912 bps, 48.89%, Err 28 (1.0e-05)
626.959 .... 1199 packets received, 3925 bps, 49.06%, Err 28 (1.0e-05)
629.067 .... 1207 packets received, 3938 bps, 49.22%, Err 28 (1.0e-05)
631.194 .... 1215 packets received, 3950 bps, 49.38%, Err 28 (9.9e-06)
633.303 .... 1223 packets received, 3963 bps, 49.54%, Err 28 (9.8e-06)
635.417 .... 1231 packets received, 3976 bps, 49.70%, Err 28 (9.8e-06)
637.513 .... 1239 packets received, 3988 bps, 49.85%, Err 28 (9.7e-06)
639.633 .... 1247 packets received, 4001 bps, 50.01%, Err 28 (9.7e-06)
641.759 .... 1255 packets received, 4013 bps, 50.16%, Err 28 (9.6e-06)
644.391 .... 1261 packets received, 4016 bps, 50.20%, Err 29 (9.9e-06)
646.502 .... 1269 packets received, 4028 bps, 50.35%, Err 29 (9.8e-06)
648.643 .... 1277 packets received, 4040 bps, 50.50%, Err 29 (9.8e-06)
650.754 .... 1285 packets received, 4052 bps, 50.65%, Err 29 (9.7e-06)
652.849 .... 1293 packets received, 4064 bps, 50.80%, Err 29 (9.7e-06)
654.949 .... 1301 packets received, 4076 bps, 50.95%, Err 29 (9.6e-06)
657.069 .... 1309 packets received, 4088 bps, 51.10%, Err 29 (9.6e-06)
659.201 .... 1317 packets received, 4100 bps, 51.25%, Err 29 (9.5e-06)
661.313 .... 1325 packets received, 4111 bps, 51.39%, Err 29 (9.5e-06)
663.425 .... 1333 packets received, 4123 bps, 51.54%, Err 29 (9.4e-06)
665.515 .... 1341 packets received, 4135 bps, 51.68%, Err 29 (9.4e-06)
668.706 .... 1349 packets received, 4139 bps, 51.74%, Err 30 (9.6e-06)
670.831 .... 1357 packets received, 4151 bps, 51.88%, Err 30 (9.5e-06)
672.941 .... 1365 packets received, 4162 bps, 52.03%, Err 30 (9.5e-06)
675.055 .... 1373 packets received, 4173 bps, 52.17%, Err 30 (9.4e-06)
677.166 .... 1381 packets received, 4185 bps, 52.31%, Err 30 (9.4e-06)
679.261 .... 1389 packets received, 4196 bps, 52.45%, Err 30 (9.3e-06)
681.366 .... 1397 packets received, 4207 bps, 52.59%, Err 30 (9.3e-06)
683.475 .... 1405 packets received, 4218 bps, 52.72%, Err 31 (9.6e-06)
685.604 .... 1413 packets received, 4229 bps, 52.86%, Err 31 (9.5e-06)
687.731 .... 1421 packets received, 4240 bps, 52.99%, Err 31 (9.5e-06)
689.822 .... 1429 packets received, 4250 bps, 53.13%, Err 31 (9.4e-06)
691.928 .... 1433 packets received, 4249 bps, 53.12%, Err 32 (9.7e-06)
694.073 .... 1441 packets received, 4260 bps, 53.25%, Err 32 (9.6e-06)
696.182 .... 1449 packets received, 4270 bps, 53.38%, Err 32 (9.6e-06)
698.297 .... 1457 packets received, 4281 bps, 53.51%, Err 32 (9.5e-06)
700.403 .... 1465 packets received, 4292 bps, 53.64%, Err 32 (9.5e-06)
704.471 .... 1466 packets received, 4270 bps, 53.37%, Err 32 (9.5e-06)
708.543 .... 1467 packets received, 4248 bps, 53.10%, Err 32 (9.5e-06)
712.795 .... 1468 packets received, 4225 bps, 52.82%, Err 32 (9.5e-06)
716.957 .... 1469 packets received, 4204 bps, 52.55%, Err 32 (9.4e-06)
721.006 .... 1470 packets received, 4183 bps, 52.29%, Err 32 (9.4e-06)
725.106 .... 1471 packets received, 4162 bps, 52.03%, Err 32 (9.4e-06)
729.127 .... 1472 packets received, 4142 bps, 51.77%, Err 32 (9.4e-06)
733.177 .... 1473 packets received, 4122 bps, 51.52%, Err 32 (9.4e-06)
737.311 .... 1474 packets received, 4101 bps, 51.27%, Err 32 (9.4e-06)
741.332 .... 1475 packets received, 4082 bps, 51.02%, Err 32 (9.4e-06)
745.575 .... 1476 packets received, 4061 bps, 50.77%, Err 32 (9.4e-06)
749.754 .... 1477 packets received, 4041 bps, 50.52%, Err 32 (9.4e-06)
753.766 .... 1478 packets received, 4023 bps, 50.28%, Err 32 (9.4e-06)
757.854 .... 1479 packets received, 4004 bps, 50.04%, Err 32 (9.4e-06)
761.979 .... 1480 packets received, 3985 bps, 49.81%, Err 32 (9.4e-06)
766.247 .... 1481 packets received, 3965 bps, 49.56%, Err 32 (9.4e-06)
770.349 .... 1482 packets received, 3947 bps, 49.33%, Err 32 (9.4e-06)
774.472 .... 1483 packets received, 3928 bps, 49.10%, Err 32 (9.4e-06)
778.544 .... 1484 packets received, 3910 bps, 48.88%, Err 32 (9.3e-06)
782.597 .... 1485 packets received, 3893 bps, 48.66%, Err 32 (9.3e-06)
786.699 .... 1486 packets received, 3875 bps, 48.44%, Err 32 (9.3e-06)
790.846 .... 1487 packets received, 3857 bps, 48.21%, Err 32 (9.3e-06)
794.865 .... 1488 packets received, 3840 bps, 48.00%, Err 32 (9.3e-06)
798.983 .... 1489 packets received, 3823 bps, 47.79%, Err 32 (9.3e-06)
801.081 .... 1492 packets received, 3820 bps, 47.76%, Err 32 (9.3e-06)
803.192 .... 1500 packets received, 3831 bps, 47.89%, Err 32 (9.2e-06)
805.308 .... 1508 packets received, 3841 bps, 48.01%, Err 32 (9.2e-06)
807.422 .... 1516 packets received, 3851 bps, 48.14%, Err 32 (9.2e-06)
809.524 .... 1524 packets received, 3862 bps, 48.27%, Err 32 (9.1e-06)
811.636 .... 1532 packets received, 3872 bps, 48.40%, Err 32 (9.1e-06)
813.735 .... 1540 packets received, 3882 bps, 48.52%, Err 32 (9.0e-06)
815.856 .... 1548 packets received, 3892 bps, 48.65%, Err 32 (9.0e-06)
817.982 .... 1556 packets received, 3902 bps, 48.77%, Err 32 (8.9e-06)
820.078 .... 1564 packets received, 3912 bps, 48.90%, Err 32 (8.9e-06)
822.191 .... 1572 packets received, 3922 bps, 49.02%, Err 32 (8.9e-06)
824.301 .... 1580 packets received, 3932 bps, 49.15%, Err 32 (8.8e-06)
826.426 .... 1588 packets received, 3941 bps, 49.27%, Err 32 (8.8e-06)
828.538 .... 1596 packets received, 3951 bps, 49.39%, Err 32 (8.7e-06)
830.667 .... 1600 packets received, 3951 bps, 49.39%, Err 33 (9.0e-06)
832.780 .... 1608 packets received, 3961 bps, 49.51%, Err 33 (8.9e-06)
834.904 .... 1616 packets received, 3970 bps, 49.63%, Err 33 (8.9e-06)
837.012 .... 1624 packets received, 3980 bps, 49.75%, Err 34 (9.1e-06)
839.109 .... 1632 packets received, 3989 bps, 49.87%, Err 34 (9.1e-06)
841.232 .... 1640 packets received, 3999 bps, 49.98%, Err 34 (9.0e-06)
843.342 .... 1648 packets received, 4008 bps, 50.10%, Err 34 (9.0e-06)
845.450 .... 1656 packets received, 4018 bps, 50.22%, Err 34 (9.0e-06)
847.566 .... 1660 packets received, 4017 bps, 50.21%, Err 35 (9.2e-06)
849.673 .... 1668 packets received, 4027 bps, 50.33%, Err 35 (9.1e-06)
851.784 .... 1676 packets received, 4036 bps, 50.45%, Err 35 (9.1e-06)
853.911 .... 1684 packets received, 4045 bps, 50.56%, Err 35 (9.1e-06)
856.004 .... 1692 packets received, 4054 bps, 50.68%, Err 35 (9.0e-06)
858.114 .... 1696 packets received, 4054 bps, 50.67%, Err 37 (9.5e-06)
860.237 .... 1704 packets received, 4063 bps, 50.79%, Err 37 (9.4e-06)
863.136 .... 1711 packets received, 4066 bps, 50.82%, Err 38 (9.6e-06)
865.261 .... 1719 packets received, 4075 bps, 50.93%, Err 38 (9.6e-06)
867.371 .... 1727 packets received, 4084 bps, 51.05%, Err 38 (9.6e-06)
869.485 .... 1735 packets received, 4093 bps, 51.16%, Err 38 (9.5e-06)
872.150 .... 1741 packets received, 4094 bps, 51.18%, Err 39 (9.7e-06)
874.246 .... 1749 packets received, 4103 bps, 51.29%, Err 39 (9.7e-06)
876.358 .... 1753 packets received, 4103 bps, 51.28%, Err 40 (9.9e-06)
878.482 .... 1761 packets received, 4111 bps, 51.39%, Err 40 (9.8e-06)
880.602 .... 1769 packets received, 4120 bps, 51.50%, Err 40 (9.8e-06)
882.727 .... 1777 packets received, 4129 bps, 51.61%, Err 40 (9.8e-06)
884.822 .... 1785 packets received, 4138 bps, 51.72%, Err 40 (9.7e-06)
886.958 .... 1793 packets received, 4146 bps, 51.83%, Err 40 (9.7e-06)
889.071 .... 1801 packets received, 4155 bps, 51.93%, Err 40 (9.6e-06)
892.229 .... 1809 packets received, 4158 bps, 51.98%, Err 41 (9.8e-06)
894.340 .... 1817 packets received, 4167 bps, 52.09%, Err 41 (9.8e-06)
896.466 .... 1825 packets received, 4175 bps, 52.19%, Err 41 (9.7e-06)
898.854 .... 1830 packets received, 4176 bps, 52.19%, Err 42 (9.9e-06)
904.506 .... 1837 packets received, 4165 bps, 52.07%, Err 42 (9.9e-06)
908.666 .... 1838 packets received, 4148 bps, 51.86%, Err 42 (9.9e-06)
912.735 .... 1839 packets received, 4132 bps, 51.65%, Err 42 (9.9e-06)
916.826 .... 1840 packets received, 4116 bps, 51.45%, Err 42 (9.9e-06)
921.010 .... 1841 packets received, 4099 bps, 51.24%, Err 42 (9.9e-06)
925.142 .... 1842 packets received, 4083 bps, 51.04%, Err 42 (9.9e-06)
929.242 .... 1843 packets received, 4067 bps, 50.84%, Err 42 (9.9e-06)
933.293 .... 1844 packets received, 4052 bps, 50.65%, Err 42 (9.9e-06)
938.572 .... 1845 packets received, 4031 bps, 50.39%, Err 43 (1.0e-05)
941.542 .... 1846 packets received, 4021 bps, 50.26%, Err 43 (1.0e-05)
945.667 .... 1847 packets received, 4005 bps, 50.07%, Err 43 (1.0e-05)
949.720 .... 1848 packets received, 3990 bps, 49.88%, Err 43 (1.0e-05)
953.740 .... 1849 packets received, 3976 bps, 49.70%, Err 43 (1.0e-05)
957.798 .... 1850 packets received, 3961 bps, 49.51%, Err 43 (1.0e-05)
961.948 .... 1851 packets received, 3946 bps, 49.33%, Err 43 (1.0e-05)
966.028 .... 1852 packets received, 3932 bps, 49.14%, Err 43 (1.0e-05)
970.081 .... 1853 packets received, 3917 bps, 48.96%, Err 43 (1.0e-05)
974.237 .... 1854 packets received, 3903 bps, 48.78%, Err 43 (1.0e-05)
978.255 .... 1855 packets received, 3889 bps, 48.61%, Err 43 (1.0e-05)
982.382 .... 1856 packets received, 3874 bps, 48.43%, Err 43 (1.0e-05)
986.450 .... 1857 packets received, 3860 bps, 48.26%, Err 43 (1.0e-05)
990.544 .... 1858 packets received, 3846 bps, 48.08%, Err 43 (1.0e-05)
994.637 .... 1859 packets received, 3833 bps, 47.91%, Err 43 (1.0e-05)
998.704 .... 1860 packets received, 3819 bps, 47.74%, Err 43 (1.0e-05)
1000.794 .... 1862 packets received, 3815 bps, 47.69%, Err 43 (1.0e-05)
1002.905 .... 1870 packets received, 3824 bps, 47.79%, Err 43 (1.0e-05)
1005.012 .... 1878 packets received, 3832 bps, 47.90%, Err 43 (9.9e-06)
1007.124 .... 1886 packets received, 3840 bps, 48.00%, Err 43 (9.9e-06)
1009.246 .... 1894 packets received, 3848 bps, 48.10%, Err 43 (9.8e-06)
1011.359 .... 1902 packets received, 3856 bps, 48.21%, Err 43 (9.8e-06)
1013.470 .... 1910 packets received, 3865 bps, 48.31%, Err 43 (9.8e-06)
1015.582 .... 1918 packets received, 3873 bps, 48.41%, Err 43 (9.7e-06)
1018.758 .... 1926 packets received, 3877 bps, 48.46%, Err 45 (1.0e-05)
1020.880 .... 1934 packets received, 3885 bps, 48.56%, Err 45 (1.0e-05)
1022.993 .... 1942 packets received, 3893 bps, 48.66%, Err 45 (1.0e-05)
1025.102 .... 1950 packets received, 3901 bps, 48.76%, Err 45 (1.0e-05)
1027.225 .... 1958 packets received, 3909 bps, 48.86%, Err 45 (1.0e-05)
1029.332 .... 1966 packets received, 3917 bps, 48.96%, Err 45 (9.9e-06)
1031.441 .... 1970 packets received, 3916 bps, 48.96%, Err 46 (1.0e-05)
1034.369 .... 1977 packets received, 3919 bps, 48.99%, Err 47 (1.0e-05)
1037.532 .... 1982 packets received, 3917 bps, 48.96%, Err 48 (1.0e-05)
1039.670 .... 1990 packets received, 3925 bps, 49.06%, Err 48 (1.0e-05)
1041.781 .... 1998 packets received, 3933 bps, 49.16%, Err 48 (1.0e-05)
1043.878 .... 2006 packets received, 3940 bps, 49.26%, Err 48 (1.0e-05)
1045.991 .... 2014 packets received, 3948 bps, 49.35%, Err 48 (1.0e-05)
1048.128 .... 2022 packets received, 3956 bps, 49.45%, Err 48 (1.0e-05)
1050.223 .... 2030 packets received, 3963 bps, 49.54%, Err 48 (1.0e-05)
1052.347 .... 2038 packets received, 3971 bps, 49.64%, Err 48 (1.0e-05)
1054.457 .... 2046 packets received, 3979 bps, 49.73%, Err 48 (1.0e-05)
1057.612 .... 2054 packets received, 3982 bps, 49.78%, Err 49 (1.0e-05)
1059.740 .... 2062 packets received, 3990 bps, 49.87%, Err 49 (1.0e-05)
1061.847 .... 2070 packets received, 3997 bps, 49.97%, Err 49 (1.0e-05)
1063.989 .... 2078 packets received, 4005 bps, 50.06%, Err 50 (1.0e-05)
1066.100 .... 2086 packets received, 4012 bps, 50.15%, Err 50 (1.0e-05)
1068.197 .... 2094 packets received, 4020 bps, 50.24%, Err 51 (1.1e-05)
1070.301 .... 2098 packets received, 4019 bps, 50.24%, Err 51 (1.0e-05)
1072.447 .... 2106 packets received, 4027 bps, 50.33%, Err 51 (1.0e-05)
1074.553 .... 2114 packets received, 4034 bps, 50.42%, Err 51 (1.0e-05)
1076.664 .... 2122 packets received, 4041 bps, 50.52%, Err 51 (1.0e-05)
1078.761 .... 2130 packets received, 4049 bps, 50.61%, Err 51 (1.0e-05)
1080.885 .... 2138 packets received, 4056 bps, 50.70%, Err 51 (1.0e-05)
1082.980 .... 2146 packets received, 4063 bps, 50.79%, Err 51 (1.0e-05)
1085.120 .... 2150 packets received, 4063 bps, 50.78%, Err 52 (1.0e-05)
1088.294 .... 2158 packets received, 4066 bps, 50.82%, Err 53 (1.1e-05)
1090.401 .... 2166 packets received, 4073 bps, 50.91%, Err 53 (1.1e-05)
1092.498 .... 2170 packets received, 4073 bps, 50.91%, Err 55 (1.1e-05)
1094.637 .... 2178 packets received, 4080 bps, 51.00%, Err 55 (1.1e-05)
1096.735 .... 2186 packets received, 4087 bps, 51.09%, Err 55 (1.1e-05)
1098.843 .... 2194 packets received, 4094 bps, 51.17%, Err 55 (1.1e-05)
1104.439 .... 2201 packets received, 4086 bps, 51.08%, Err 55 (1.1e-05)
1108.483 .... 2202 packets received, 4073 bps, 50.91%, Err 55 (1.1e-05)
1112.703 .... 2203 packets received, 4059 bps, 50.74%, Err 55 (1.1e-05)
1116.739 .... 2204 packets received, 4047 bps, 50.58%, Err 55 (1.1e-05)
1120.778 .... 2205 packets received, 4034 bps, 50.42%, Err 55 (1.1e-05)
1124.790 .... 2206 packets received, 4021 bps, 50.27%, Err 55 (1.1e-05)
1128.868 .... 2207 packets received, 4009 bps, 50.11%, Err 55 (1.1e-05)
1132.903 .... 2208 packets received, 3996 bps, 49.95%, Err 55 (1.1e-05)
1137.024 .... 2209 packets received, 3983 bps, 49.79%, Err 55 (1.1e-05)
1141.182 .... 2210 packets received, 3971 bps, 49.63%, Err 55 (1.1e-05)
1145.248 .... 2211 packets received, 3958 bps, 49.48%, Err 55 (1.1e-05)
1149.311 .... 2212 packets received, 3946 bps, 49.33%, Err 55 (1.1e-05)
1153.408 .... 2213 packets received, 3934 bps, 49.17%, Err 55 (1.1e-05)
1157.470 .... 2214 packets received, 3922 bps, 49.02%, Err 55 (1.1e-05)
1161.501 .... 2215 packets received, 3910 bps, 48.87%, Err 55 (1.1e-05)
1165.578 .... 2216 packets received, 3898 bps, 48.72%, Err 55 (1.1e-05)
1169.646 .... 2217 packets received, 3886 bps, 48.58%, Err 55 (1.1e-05)
1173.701 .... 2218 packets received, 3874 bps, 48.43%, Err 55 (1.1e-05)
1177.782 .... 2219 packets received, 3863 bps, 48.28%, Err 55 (1.1e-05)
1181.830 .... 2220 packets received, 3851 bps, 48.14%, Err 55 (1.1e-05)
1185.846 .... 2221 packets received, 3840 bps, 48.00%, Err 55 (1.1e-05)
1190.062 .... 2222 packets received, 3828 bps, 47.85%, Err 55 (1.1e-05)
1194.153 .... 2223 packets received, 3817 bps, 47.71%, Err 55 (1.1e-05)
1198.249 .... 2224 packets received, 3805 bps, 47.57%, Err 55 (1.1e-05)
1200.532 .... 2225 packets received, 3800 bps, 47.50%, Err 55 (1.1e-05)
1202.640 .... 2233 packets received, 3807 bps, 47.58%, Err 55 (1.1e-05)
1204.751 .... 2241 packets received, 3814 bps, 47.67%, Err 55 (1.1e-05)
1206.860 .... 2249 packets received, 3821 bps, 47.76%, Err 55 (1.1e-05)
1208.986 .... 2257 packets received, 3827 bps, 47.84%, Err 55 (1.1e-05)
1211.077 .... 2265 packets received, 3834 bps, 47.93%, Err 55 (1.0e-05)
1213.215 .... 2273 packets received, 3841 bps, 48.01%, Err 55 (1.0e-05)
1215.327 .... 2281 packets received, 3848 bps, 48.10%, Err 55 (1.0e-05)
1217.424 .... 2289 packets received, 3855 bps, 48.18%, Err 55 (1.0e-05)
1220.353 .... 2292 packets received, 3850 bps, 48.13%, Err 57 (1.1e-05)
1222.461 .... 2300 packets received, 3857 bps, 48.22%, Err 57 (1.1e-05)
1225.359 .... 2306 packets received, 3858 bps, 48.23%, Err 58 (1.1e-05)
1227.480 .... 2314 packets received, 3865 bps, 48.31%, Err 58 (1.1e-05)
1229.609 .... 2322 packets received, 3871 bps, 48.39%, Err 58 (1.1e-05)
1231.707 .... 2330 packets received, 3878 bps, 48.48%, Err 58 (1.1e-05)
1233.819 .... 2334 packets received, 3878 bps, 48.48%, Err 59 (1.1e-05)
1235.948 .... 2342 packets received, 3885 bps, 48.56%, Err 59 (1.1e-05)
1238.063 .... 2350 packets received, 3891 bps, 48.64%, Err 59 (1.1e-05)
1240.191 .... 2358 packets received, 3898 bps, 48.72%, Err 59 (1.1e-05)
1242.304 .... 2366 packets received, 3905 bps, 48.81%, Err 59 (1.1e-05)
1244.400 .... 2374 packets received, 3911 bps, 48.89%, Err 60 (1.1e-05)
1246.517 .... 2382 packets received, 3918 bps, 48.97%, Err 60 (1.1e-05)
1248.633 .... 2390 packets received, 3924 bps, 49.05%, Err 60 (1.1e-05)
1250.732 .... 2398 packets received, 3931 bps, 49.13%, Err 60 (1.1e-05)
1252.865 .... 2406 packets received, 3937 bps, 49.21%, Err 60 (1.1e-05)
1254.961 .... 2414 packets received, 3944 bps, 49.29%, Err 60 (1.1e-05)
1257.088 .... 2422 packets received, 3950 bps, 49.37%, Err 60 (1.1e-05)
1259.205 .... 2430 packets received, 3956 bps, 49.45%, Err 60 (1.1e-05)
1261.319 .... 2438 packets received, 3963 bps, 49.53%, Err 60 (1.1e-05)
1263.962 .... 2444 packets received, 3964 bps, 49.55%, Err 61 (1.1e-05)
1266.072 .... 2452 packets received, 3970 bps, 49.63%, Err 61 (1.1e-05)
1268.184 .... 2460 packets received, 3977 bps, 49.71%, Err 61 (1.1e-05)
1270.295 .... 2468 packets received, 3983 bps, 49.79%, Err 61 (1.1e-05)
1272.406 .... 2476 packets received, 3989 bps, 49.87%, Err 61 (1.1e-05)
1274.516 .... 2484 packets received, 3996 bps, 49.94%, Err 61 (1.1e-05)
1276.629 .... 2492 packets received, 4002 bps, 50.02%, Err 61 (1.1e-05)
1278.751 .... 2500 packets received, 4008 bps, 50.10%, Err 61 (1.1e-05)
1280.848 .... 2508 packets received, 4014 bps, 50.18%, Err 61 (1.1e-05)
1282.993 .... 2516 packets received, 4020 bps, 50.25%, Err 61 (1.0e-05)
1285.086 .... 2524 packets received, 4026 bps, 50.33%, Err 61 (1.0e-05)
1287.219 .... 2532 packets received, 4033 bps, 50.41%, Err 61 (1.0e-05)
1289.342 .... 2540 packets received, 4039 bps, 50.48%, Err 61 (1.0e-05)
1292.757 .... 2544 packets received, 4034 bps, 50.43%, Err 62 (1.1e-05)
1294.883 .... 2552 packets received, 4040 bps, 50.50%, Err 62 (1.0e-05)
1296.995 .... 2560 packets received, 4046 bps, 50.58%, Err 62 (1.0e-05)
1301.278 .... 2562 packets received, 4036 bps, 50.45%, Err 62 (1.0e-05)
1305.525 .... 2563 packets received, 4025 bps, 50.31%, Err 62 (1.0e-05)
1309.548 .... 2564 packets received, 4014 bps, 50.17%, Err 62 (1.0e-05)
1313.603 .... 2565 packets received, 4003 bps, 50.04%, Err 62 (1.0e-05)
1317.669 .... 2566 packets received, 3992 bps, 49.90%, Err 62 (1.0e-05)
1321.794 .... 2567 packets received, 3981 bps, 49.77%, Err 62 (1.0e-05)
1325.878 .... 2568 packets received, 3970 bps, 49.63%, Err 62 (1.0e-05)
1330.116 .... 2569 packets received, 3959 bps, 49.49%, Err 62 (1.0e-05)
1334.226 .... 2570 packets received, 3949 bps, 49.36%, Err 62 (1.0e-05)
1338.286 .... 2571 packets received, 3938 bps, 49.23%, Err 62 (1.0e-05)
1342.275 .... 2572 packets received, 3928 bps, 49.10%, Err 62 (1.0e-05)
1346.429 .... 2573 packets received, 3917 bps, 48.97%, Err 62 (1.0e-05)
1350.577 .... 2574 packets received, 3907 bps, 48.84%, Err 62 (1.0e-05)
1354.634 .... 2575 packets received, 3897 bps, 48.71%, Err 62 (1.0e-05)
1358.834 .... 2576 packets received, 3886 bps, 48.58%, Err 62 (1.0e-05)
1363.855 .... 2577 packets received, 3873 bps, 48.42%, Err 63 (1.1e-05)
1366.964 .... 2578 packets received, 3866 bps, 48.33%, Err 63 (1.0e-05)
1371.044 .... 2579 packets received, 3856 bps, 48.20%, Err 63 (1.0e-05)
1375.181 .... 2580 packets received, 3846 bps, 48.07%, Err 63 (1.0e-05)
1379.294 .... 2581 packets received, 3836 bps, 47.95%, Err 63 (1.0e-05)
1383.454 .... 2582 packets received, 3826 bps, 47.82%, Err 63 (1.0e-05)
1387.558 .... 2583 packets received, 3816 bps, 47.70%, Err 63 (1.0e-05)
1391.640 .... 2584 packets received, 3806 bps, 47.58%, Err 63 (1.0e-05)
1395.808 .... 2585 packets received, 3796 bps, 47.45%, Err 63 (1.0e-05)
1399.897 .... 2586 packets received, 3787 bps, 47.33%, Err 63 (1.0e-05)
1402.114 .... 2593 packets received, 3791 bps, 47.39%, Err 63 (1.0e-05)
1404.227 .... 2601 packets received, 3797 bps, 47.46%, Err 63 (1.0e-05)
1406.323 .... 2609 packets received, 3803 bps, 47.54%, Err 63 (1.0e-05)
1408.451 .... 2617 packets received, 3809 bps, 47.61%, Err 63 (1.0e-05)
1410.545 .... 2625 packets received, 3815 bps, 47.68%, Err 63 (1.0e-05)
1412.660 .... 2633 packets received, 3821 bps, 47.76%, Err 63 (1.0e-05)
1414.772 .... 2641 packets received, 3827 bps, 47.83%, Err 63 (1.0e-05)
1416.884 .... 2649 packets received, 3832 bps, 47.91%, Err 63 (1.0e-05)
1418.997 .... 2657 packets received, 3838 bps, 47.98%, Err 63 (1.0e-05)
1421.133 .... 2665 packets received, 3844 bps, 48.05%, Err 63 (1.0e-05)
1423.243 .... 2673 packets received, 3850 bps, 48.12%, Err 63 (1.0e-05)
1425.339 .... 2681 packets received, 3856 bps, 48.20%, Err 63 (1.0e-05)
1427.452 .... 2689 packets received, 3861 bps, 48.27%, Err 63 (1.0e-05)
1429.575 .... 2697 packets received, 3867 bps, 48.34%, Err 63 (1.0e-05)
1431.685 .... 2705 packets received, 3873 bps, 48.41%, Err 63 (1.0e-05)
1433.786 .... 2709 packets received, 3873 bps, 48.41%, Err 65 (1.0e-05)
1435.913 .... 2717 packets received, 3879 bps, 48.48%, Err 65 (1.0e-05)
1438.040 .... 2725 packets received, 3884 bps, 48.55%, Err 65 (1.0e-05)
1440.164 .... 2733 packets received, 3890 bps, 48.62%, Err 65 (1.0e-05)
1442.250 .... 2741 packets received, 3896 bps, 48.70%, Err 65 (1.0e-05)
1444.358 .... 2749 packets received, 3901 bps, 48.77%, Err 65 (1.0e-05)
1446.482 .... 2757 packets received, 3907 bps, 48.84%, Err 65 (1.0e-05)
1448.619 .... 2765 packets received, 3913 bps, 48.91%, Err 65 (1.0e-05)
1451.239 .... 2771 packets received, 3914 bps, 48.92%, Err 66 (1.0e-05)
1453.350 .... 2779 packets received, 3920 bps, 48.99%, Err 66 (1.0e-05)
1455.478 .... 2787 packets received, 3925 bps, 49.06%, Err 66 (1.0e-05)
1457.597 .... 2795 packets received, 3931 bps, 49.13%, Err 66 (1.0e-05)
1459.695 .... 2803 packets received, 3936 bps, 49.20%, Err 66 (1.0e-05)
1461.802 .... 2811 packets received, 3942 bps, 49.27%, Err 66 (1.0e-05)
1463.930 .... 2819 packets received, 3947 bps, 49.34%, Err 66 (1.0e-05)
1466.024 .... 2827 packets received, 3953 bps, 49.41%, Err 66 (1.0e-05)
1468.150 .... 2835 packets received, 3958 bps, 49.48%, Err 66 (1.0e-05)
1470.257 .... 2843 packets received, 3964 bps, 49.55%, Err 66 (1.0e-05)
1472.382 .... 2847 packets received, 3963 bps, 49.54%, Err 67 (1.0e-05)
1474.490 .... 2855 packets received, 3969 bps, 49.61%, Err 67 (1.0e-05)
1476.603 .... 2863 packets received, 3974 bps, 49.68%, Err 67 (1.0e-05)
1478.712 .... 2871 packets received, 3980 bps, 49.75%, Err 67 (1.0e-05)
1480.826 .... 2879 packets received, 3985 bps, 49.81%, Err 67 (1.0e-05)
1482.936 .... 2887 packets received, 3991 bps, 49.88%, Err 67 (1.0e-05)
1485.047 .... 2895 packets received, 3996 bps, 49.95%, Err 67 (1.0e-05)
1487.183 .... 2903 packets received, 4001 bps, 50.01%, Err 67 (1.0e-05)
1489.290 .... 2911 packets received, 4007 bps, 50.08%, Err 67 (9.9e-06)
1491.386 .... 2919 packets received, 4012 bps, 50.15%, Err 67 (9.9e-06)
1494.295 .... 2925 packets received, 4012 bps, 50.15%, Err 68 (1.0e-05)
1496.408 .... 2933 packets received, 4018 bps, 50.22%, Err 68 (1.0e-05)
1498.512 .... 2941 packets received, 4023 bps, 50.29%, Err 68 (1.0e-05)
1504.430 .... 2949 packets received, 4018 bps, 50.22%, Err 68 (1.0e-05)
1508.526 .... 2950 packets received, 4008 bps, 50.10%, Err 68 (1.0e-05)
1512.645 .... 2951 packets received, 3999 bps, 49.99%, Err 68 (1.0e-05)
1516.712 .... 2952 packets received, 3989 bps, 49.87%, Err 68 (1.0e-05)
1520.747 .... 2953 packets received, 3980 bps, 49.75%, Err 68 (1.0e-05)
1524.923 .... 2954 packets received, 3971 bps, 49.63%, Err 68 (9.9e-06)
1530.000 .... 2955 packets received, 3959 bps, 49.48%, Err 69 (1.0e-05)
1533.238 .... 2956 packets received, 3952 bps, 49.40%, Err 69 (1.0e-05)
1537.301 .... 2957 packets received, 3943 bps, 49.28%, Err 69 (1.0e-05)
1541.424 .... 2958 packets received, 3933 bps, 49.17%, Err 69 (1.0e-05)
1545.473 .... 2959 packets received, 3924 bps, 49.06%, Err 69 (1.0e-05)
1549.666 .... 2960 packets received, 3915 bps, 48.94%, Err 69 (1.0e-05)
1553.807 .... 2961 packets received, 3906 bps, 48.82%, Err 69 (1.0e-05)
1557.900 .... 2962 packets received, 3897 bps, 48.71%, Err 69 (1.0e-05)
1561.960 .... 2963 packets received, 3888 bps, 48.60%, Err 69 (1.0e-05)
1566.105 .... 2964 packets received, 3879 bps, 48.49%, Err 69 (1.0e-05)
1570.114 .... 2965 packets received, 3871 bps, 48.38%, Err 69 (1.0e-05)
1574.210 .... 2966 packets received, 3862 bps, 48.27%, Err 69 (1.0e-05)
1578.263 .... 2967 packets received, 3853 bps, 48.17%, Err 69 (1.0e-05)
1582.405 .... 2968 packets received, 3844 bps, 48.06%, Err 69 (1.0e-05)
1586.521 .... 2969 packets received, 3836 bps, 47.95%, Err 69 (1.0e-05)
1590.636 .... 2970 packets received, 3827 bps, 47.84%, Err 69 (1.0e-05)
1594.688 .... 2971 packets received, 3819 bps, 47.73%, Err 69 (1.0e-05)
1598.750 .... 2972 packets received, 3810 bps, 47.63%, Err 69 (1.0e-05)
1600.801 .... 2974 packets received, 3808 bps, 47.60%, Err 69 (1.0e-05)
1602.899 .... 2978 packets received, 3808 bps, 47.60%, Err 70 (1.0e-05)
1605.042 .... 2986 packets received, 3813 bps, 47.66%, Err 70 (1.0e-05)
1607.151 .... 2994 packets received, 3818 bps, 47.73%, Err 70 (1.0e-05)
1609.511 .... 2999 packets received, 3819 bps, 47.74%, Err 71 (1.0e-05)
1611.652 .... 3007 packets received, 3824 bps, 47.80%, Err 71 (1.0e-05)
1613.751 .... 3015 packets received, 3829 bps, 47.87%, Err 71 (1.0e-05)
1615.850 .... 3023 packets received, 3835 bps, 47.93%, Err 71 (1.0e-05)
1617.965 .... 3031 packets received, 3840 bps, 48.00%, Err 71 (1.0e-05)
1620.093 .... 3039 packets received, 3845 bps, 48.06%, Err 71 (1.0e-05)
1622.202 .... 3047 packets received, 3850 bps, 48.12%, Err 71 (1.0e-05)
1624.331 .... 3055 packets received, 3855 bps, 48.19%, Err 71 (1.0e-05)
1626.428 .... 3063 packets received, 3860 bps, 48.25%, Err 71 (1.0e-05)
1628.553 .... 3071 packets received, 3865 bps, 48.31%, Err 71 (1.0e-05)
1630.668 .... 3079 packets received, 3870 bps, 48.38%, Err 71 (1.0e-05)
1632.778 .... 3087 packets received, 3875 bps, 48.44%, Err 71 (9.9e-06)
1634.892 .... 3095 packets received, 3880 bps, 48.50%, Err 71 (9.9e-06)
1637.001 .... 3103 packets received, 3885 bps, 48.56%, Err 71 (9.9e-06)
1639.126 .... 3111 packets received, 3890 bps, 48.63%, Err 71 (9.9e-06)
1641.234 .... 3119 packets received, 3895 bps, 48.69%, Err 71 (9.8e-06)
1643.358 .... 3127 packets received, 3900 bps, 48.75%, Err 71 (9.8e-06)
1645.440 .... 3135 packets received, 3905 bps, 48.81%, Err 71 (9.8e-06)
1647.570 .... 3143 packets received, 3910 bps, 48.87%, Err 71 (9.8e-06)
1650.483 .... 3150 packets received, 3912 bps, 48.90%, Err 73 (1.0e-05)
1652.595 .... 3158 packets received, 3917 bps, 48.96%, Err 73 (1.0e-05)
1654.688 .... 3166 packets received, 3922 bps, 49.02%, Err 73 (1.0e-05)
1656.795 .... 3174 packets received, 3926 bps, 49.08%, Err 73 (1.0e-05)
1658.919 .... 3182 packets received, 3931 bps, 49.14%, Err 73 (9.9e-06)
1661.030 .... 3190 packets received, 3936 bps, 49.20%, Err 73 (9.9e-06)
1663.174 .... 3198 packets received, 3941 bps, 49.26%, Err 73 (9.9e-06)
1665.792 .... 3204 packets received, 3942 bps, 49.28%, Err 74 (1.0e-05)
1667.935 .... 3212 packets received, 3947 bps, 49.34%, Err 74 (1.0e-05)
1670.553 .... 3218 packets received, 3948 bps, 49.35%, Err 75 (1.0e-05)
1672.668 .... 3226 packets received, 3953 bps, 49.41%, Err 75 (1.0e-05)
1674.777 .... 3234 packets received, 3958 bps, 49.47%, Err 75 (1.0e-05)
1676.918 .... 3242 packets received, 3962 bps, 49.53%, Err 76 (1.0e-05)
1679.029 .... 3250 packets received, 3967 bps, 49.59%, Err 76 (1.0e-05)
1681.143 .... 3258 packets received, 3972 bps, 49.65%, Err 76 (1.0e-05)
1683.223 .... 3266 packets received, 3977 bps, 49.71%, Err 76 (1.0e-05)
1686.411 .... 3274 packets received, 3979 bps, 49.74%, Err 77 (1.0e-05)
1688.533 .... 3282 packets received, 3984 bps, 49.80%, Err 77 (1.0e-05)
1690.659 .... 3290 packets received, 3988 bps, 49.86%, Err 77 (1.0e-05)
1692.765 .... 3298 packets received, 3993 bps, 49.91%, Err 77 (1.0e-05)
1694.879 .... 3306 packets received, 3998 bps, 49.97%, Err 77 (1.0e-05)
1696.988 .... 3314 packets received, 4003 bps, 50.03%, Err 77 (1.0e-05)
1699.099 .... 3322 packets received, 4007 bps, 50.09%, Err 77 (1.0e-05)
1704.514 .... 3328 packets received, 4002 bps, 50.02%, Err 77 (1.0e-05)
1708.610 .... 3329 packets received, 3993 bps, 49.92%, Err 77 (1.0e-05)
1712.750 .... 3330 packets received, 3985 bps, 49.81%, Err 77 (1.0e-05)
1716.889 .... 3331 packets received, 3976 bps, 49.70%, Err 77 (1.0e-05)
1720.958 .... 3332 packets received, 3968 bps, 49.60%, Err 77 (1.0e-05)
1725.152 .... 3333 packets received, 3960 bps, 49.50%, Err 77 (1.0e-05)
1729.311 .... 3334 packets received, 3951 bps, 49.39%, Err 77 (1.0e-05)
1733.450 .... 3335 packets received, 3943 bps, 49.29%, Err 77 (1.0e-05)
1737.551 .... 3336 packets received, 3935 bps, 49.19%, Err 77 (1.0e-05)
1741.732 .... 3337 packets received, 3927 bps, 49.08%, Err 77 (1.0e-05)
1745.832 .... 3338 packets received, 3919 bps, 48.98%, Err 77 (1.0e-05)
1749.927 .... 3339 packets received, 3911 bps, 48.88%, Err 77 (1.0e-05)
1754.069 .... 3340 packets received, 3903 bps, 48.78%, Err 77 (1.0e-05)
1758.100 .... 3341 packets received, 3895 bps, 48.68%, Err 77 (1.0e-05)
1762.225 .... 3342 packets received, 3887 bps, 48.58%, Err 77 (1.0e-05)
1766.368 .... 3343 packets received, 3879 bps, 48.49%, Err 77 (1.0e-05)
1770.526 .... 3344 packets received, 3871 bps, 48.39%, Err 77 (1.0e-05)
1774.701 .... 3345 packets received, 3863 bps, 48.29%, Err 77 (1.0e-05)
1778.876 .... 3346 packets received, 3855 bps, 48.19%, Err 77 (1.0e-05)
1783.015 .... 3347 packets received, 3847 bps, 48.09%, Err 77 (1.0e-05)
1788.011 .... 3348 packets received, 3838 bps, 47.97%, Err 78 (1.0e-05)
1791.255 .... 3349 packets received, 3832 bps, 47.90%, Err 78 (1.0e-05)
1795.270 .... 3350 packets received, 3824 bps, 47.80%, Err 78 (1.0e-05)
1799.319 .... 3351 packets received, 3817 bps, 47.71%, Err 78 (1.0e-05)
1801.580 .... 3356 packets received, 3818 bps, 47.72%, Err 78 (1.0e-05)
1804.505 .... 3363 packets received, 3820 bps, 47.74%, Err 79 (1.0e-05)
1806.599 .... 3371 packets received, 3824 bps, 47.80%, Err 79 (1.0e-05)
1810.866 .... 3377 packets received, 3822 bps, 47.77%, Err 79 (1.0e-05)
1812.976 .... 3385 packets received, 3827 bps, 47.83%, Err 79 (1.0e-05)
1815.071 .... 3393 packets received, 3831 bps, 47.89%, Err 79 (1.0e-05)
1817.193 .... 3401 packets received, 3836 bps, 47.95%, Err 79 (1.0e-05)
1819.299 .... 3409 packets received, 3840 bps, 48.00%, Err 79 (1.0e-05)
1822.222 .... 3416 packets received, 3842 bps, 48.02%, Err 80 (1.0e-05)
1824.332 .... 3424 packets received, 3847 bps, 48.08%, Err 80 (1.0e-05)
1826.438 .... 3432 packets received, 3851 bps, 48.14%, Err 80 (1.0e-05)
1828.547 .... 3440 packets received, 3856 bps, 48.19%, Err 80 (1.0e-05)
1830.659 .... 3448 packets received, 3860 bps, 48.25%, Err 80 (1.0e-05)
1832.785 .... 3456 packets received, 3865 bps, 48.31%, Err 80 (1.0e-05)
1834.898 .... 3464 packets received, 3869 bps, 48.36%, Err 81 (1.0e-05)
1837.010 .... 3472 packets received, 3873 bps, 48.42%, Err 81 (1.0e-05)
1839.123 .... 3480 packets received, 3878 bps, 48.47%, Err 81 (1.0e-05)
1841.250 .... 3488 packets received, 3882 bps, 48.53%, Err 81 (1.0e-05)
1843.348 .... 3496 packets received, 3887 bps, 48.59%, Err 81 (1.0e-05)
1845.457 .... 3504 packets received, 3891 bps, 48.64%, Err 81 (1.0e-05)
1847.583 .... 3512 packets received, 3896 bps, 48.70%, Err 81 (1.0e-05)
1849.694 .... 3520 packets received, 3900 bps, 48.75%, Err 81 (1.0e-05)
1851.806 .... 3528 packets received, 3904 bps, 48.81%, Err 81 (9.9e-06)
1853.914 .... 3536 packets received, 3909 bps, 48.86%, Err 81 (9.9e-06)
1856.026 .... 3544 packets received, 3913 bps, 48.92%, Err 81 (9.9e-06)
1858.414 .... 3549 packets received, 3914 bps, 48.92%, Err 82 (1.0e-05)
1860.527 .... 3557 packets received, 3918 bps, 48.98%, Err 82 (1.0e-05)
1864.757 .... 3563 packets received, 3916 bps, 48.95%, Err 82 (9.9e-06)
1866.883 .... 3571 packets received, 3920 bps, 49.00%, Err 82 (9.9e-06)
1870.068 .... 3573 packets received, 3916 bps, 48.95%, Err 83 (1.0e-05)
1872.962 .... 3574 packets received, 3911 bps, 48.88%, Err 83 (1.0e-05)
1875.075 .... 3582 packets received, 3915 bps, 48.94%, Err 83 (1.0e-05)
1878.018 .... 3583 packets received, 3910 bps, 48.87%, Err 83 (9.9e-06)
1880.142 .... 3591 packets received, 3914 bps, 48.93%, Err 83 (9.9e-06)
1883.326 .... 3593 packets received, 3910 bps, 48.87%, Err 83 (9.9e-06)
1885.438 .... 3601 packets received, 3914 bps, 48.93%, Err 83 (9.9e-06)
1888.616 .... 3603 packets received, 3910 bps, 48.87%, Err 83 (9.8e-06)
1890.738 .... 3611 packets received, 3914 bps, 48.93%, Err 83 (9.8e-06)
1892.846 .... 3619 packets received, 3918 bps, 48.98%, Err 83 (9.8e-06)
1894.955 .... 3627 packets received, 3923 bps, 49.03%, Err 83 (9.8e-06)
1897.077 .... 3635 packets received, 3927 bps, 49.09%, Err 83 (9.7e-06)
1899.173 .... 3643 packets received, 3931 bps, 49.14%, Err 83 (9.7e-06)
1904.605 .... 3649 packets received, 3926 bps, 49.08%, Err 83 (9.7e-06)
1908.761 .... 3650 packets received, 3919 bps, 48.99%, Err 83 (9.7e-06)
1912.822 .... 3651 packets received, 3912 bps, 48.90%, Err 83 (9.7e-06)
1916.859 .... 3652 packets received, 3904 bps, 48.81%, Err 83 (9.7e-06)
1920.955 .... 3653 packets received, 3897 bps, 48.72%, Err 83 (9.7e-06)
1925.145 .... 3654 packets received, 3890 bps, 48.62%, Err 83 (9.7e-06)
1929.314 .... 3655 packets received, 3882 bps, 48.53%, Err 84 (9.8e-06)
1933.362 .... 3656 packets received, 3875 bps, 48.44%, Err 84 (9.8e-06)
1937.473 .... 3657 packets received, 3868 bps, 48.35%, Err 84 (9.8e-06)
1941.566 .... 3658 packets received, 3861 bps, 48.26%, Err 84 (9.8e-06)
1945.717 .... 3659 packets received, 3854 bps, 48.17%, Err 84 (9.8e-06)
1949.786 .... 3660 packets received, 3847 bps, 48.09%, Err 84 (9.8e-06)
1953.846 .... 3661 packets received, 3840 bps, 48.00%, Err 84 (9.8e-06)
1957.998 .... 3662 packets received, 3833 bps, 47.91%, Err 84 (9.8e-06)
1962.077 .... 3663 packets received, 3826 bps, 47.82%, Err 84 (9.8e-06)
1966.189 .... 3664 packets received, 3819 bps, 47.74%, Err 84 (9.8e-06)
1970.283 .... 3665 packets received, 3812 bps, 47.65%, Err 84 (9.8e-06)
1974.410 .... 3666 packets received, 3805 bps, 47.56%, Err 84 (9.8e-06)
1978.474 .... 3667 packets received, 3798 bps, 47.48%, Err 84 (9.8e-06)
1982.554 .... 3668 packets received, 3792 bps, 47.39%, Err 84 (9.8e-06)
1986.678 .... 3669 packets received, 3785 bps, 47.31%, Err 84 (9.8e-06)
1990.819 .... 3670 packets received, 3778 bps, 47.22%, Err 84 (9.8e-06)
1994.944 .... 3671 packets received, 3771 bps, 47.14%, Err 84 (9.8e-06)
1999.076 .... 3672 packets received, 3764 bps, 47.05%, Err 84 (9.8e-06)
2001.320 .... 3676 packets received, 3764 bps, 47.05%, Err 84 (9.8e-06)
2003.440 .... 3684 packets received, 3768 bps, 47.10%, Err 84 (9.7e-06)
2005.583 .... 3692 packets received, 3773 bps, 47.16%, Err 84 (9.7e-06)
2007.678 .... 3700 packets received, 3777 bps, 47.21%, Err 84 (9.7e-06)
2009.804 .... 3708 packets received, 3781 bps, 47.26%, Err 84 (9.7e-06)
2011.915 .... 3716 packets received, 3785 bps, 47.31%, Err 84 (9.7e-06)
2014.538 .... 3719 packets received, 3783 bps, 47.29%, Err 86 (9.9e-06)
2016.678 .... 3727 packets received, 3787 bps, 47.34%, Err 86 (9.8e-06)
2018.776 .... 3735 packets received, 3791 bps, 47.39%, Err 86 (9.8e-06)
2021.426 .... 3741 packets received, 3793 bps, 47.41%, Err 87 (9.9e-06)
2023.554 .... 3749 packets received, 3797 bps, 47.46%, Err 87 (9.9e-06)
2025.665 .... 3757 packets received, 3801 bps, 47.51%, Err 87 (9.9e-06)
2027.763 .... 3765 packets received, 3805 bps, 47.56%, Err 87 (9.9e-06)
2029.871 .... 3773 packets received, 3809 bps, 47.61%, Err 87 (9.8e-06)
2032.515 .... 3776 packets received, 3807 bps, 47.59%, Err 88 (9.9e-06)
2034.656 .... 3784 packets received, 3811 bps, 47.64%, Err 88 (9.9e-06)
2036.768 .... 3792 packets received, 3815 bps, 47.69%, Err 88 (9.9e-06)
2038.878 .... 3800 packets received, 3819 bps, 47.74%, Err 88 (9.9e-06)
2042.060 .... 3808 packets received, 3821 bps, 47.77%, Err 89 (1.0e-05)
2044.151 .... 3816 packets received, 3826 bps, 47.82%, Err 89 (9.9e-06)
2046.288 .... 3824 packets received, 3830 bps, 47.87%, Err 89 (9.9e-06)
2048.384 .... 3832 packets received, 3834 bps, 47.92%, Err 89 (9.9e-06)
2050.495 .... 3840 packets received, 3838 bps, 47.97%, Err 89 (9.9e-06)
2052.603 .... 3844 packets received, 3838 bps, 47.97%, Err 90 (1.0e-05)
2054.744 .... 3852 packets received, 3842 bps, 48.02%, Err 90 (1.0e-05)
2056.850 .... 3856 packets received, 3842 bps, 48.02%, Err 91 (1.0e-05)
2058.957 .... 3860 packets received, 3842 bps, 48.02%, Err 92 (1.0e-05)
2061.081 .... 3868 packets received, 3846 bps, 48.07%, Err 92 (1.0e-05)
2063.211 .... 3876 packets received, 3850 bps, 48.12%, Err 92 (1.0e-05)
2065.318 .... 3884 packets received, 3854 bps, 48.17%, Err 92 (1.0e-05)
2067.429 .... 3892 packets received, 3858 bps, 48.22%, Err 92 (1.0e-05)
2069.551 .... 3900 packets received, 3862 bps, 48.27%, Err 92 (1.0e-05)
2071.629 .... 3908 packets received, 3866 bps, 48.32%, Err 92 (1.0e-05)
2073.756 .... 3916 packets received, 3870 bps, 48.37%, Err 92 (1.0e-05)
2075.882 .... 3924 packets received, 3874 bps, 48.42%, Err 92 (1.0e-05)
2077.991 .... 3932 packets received, 3878 bps, 48.47%, Err 92 (1.0e-05)
2080.101 .... 3940 packets received, 3882 bps, 48.52%, Err 92 (1.0e-05)
2082.214 .... 3948 packets received, 3886 bps, 48.57%, Err 92 (9.9e-06)
2084.321 .... 3956 packets received, 3889 bps, 48.62%, Err 92 (9.9e-06)
2086.415 .... 3964 packets received, 3893 bps, 48.67%, Err 92 (9.9e-06)
2088.543 .... 3972 packets received, 3897 bps, 48.72%, Err 92 (9.9e-06)
2090.655 .... 3980 packets received, 3901 bps, 48.76%, Err 92 (9.9e-06)
2092.780 .... 3988 packets received, 3905 bps, 48.81%, Err 92 (9.8e-06)
2094.875 .... 3996 packets received, 3909 bps, 48.86%, Err 92 (9.8e-06)
2096.985 .... 4004 packets received, 3913 bps, 48.91%, Err 92 (9.8e-06)
2099.110 .... 4012 packets received, 3917 bps, 48.96%, Err 92 (9.8e-06)
2104.480 .... 4018 packets received, 3913 bps, 48.91%, Err 92 (9.8e-06)
2108.595 .... 4019 packets received, 3906 bps, 48.82%, Err 92 (9.8e-06)
2112.715 .... 4020 packets received, 3899 bps, 48.74%, Err 92 (9.8e-06)
2116.767 .... 4021 packets received, 3893 bps, 48.66%, Err 92 (9.8e-06)
2120.795 .... 4022 packets received, 3886 bps, 48.58%, Err 92 (9.8e-06)
2124.858 .... 4023 packets received, 3880 bps, 48.50%, Err 92 (9.8e-06)
2129.079 .... 4024 packets received, 3873 bps, 48.41%, Err 92 (9.8e-06)
2133.097 .... 4025 packets received, 3867 bps, 48.33%, Err 92 (9.8e-06)
2137.189 .... 4026 packets received, 3860 bps, 48.25%, Err 92 (9.8e-06)
2141.255 .... 4027 packets received, 3854 bps, 48.17%, Err 92 (9.8e-06)
2145.286 .... 4028 packets received, 3848 bps, 48.10%, Err 92 (9.8e-06)
2149.485 .... 4029 packets received, 3841 bps, 48.01%, Err 92 (9.8e-06)
2153.595 .... 4030 packets received, 3835 bps, 47.93%, Err 92 (9.8e-06)
2157.682 .... 4031 packets received, 3828 bps, 47.85%, Err 92 (9.8e-06)
2161.854 .... 4032 packets received, 3822 bps, 47.77%, Err 92 (9.7e-06)
2165.887 .... 4033 packets received, 3816 bps, 47.70%, Err 92 (9.7e-06)
2169.949 .... 4034 packets received, 3810 bps, 47.62%, Err 92 (9.7e-06)
2174.222 .... 4035 packets received, 3803 bps, 47.54%, Err 92 (9.7e-06)
2178.310 .... 4036 packets received, 3797 bps, 47.46%, Err 92 (9.7e-06)
2182.431 .... 4037 packets received, 3791 bps, 47.38%, Err 92 (9.7e-06)
2186.492 .... 4038 packets received, 3784 bps, 47.31%, Err 92 (9.7e-06)
2190.572 .... 4039 packets received, 3778 bps, 47.23%, Err 92 (9.7e-06)
2194.711 .... 4040 packets received, 3772 bps, 47.15%, Err 92 (9.7e-06)
2198.871 .... 4041 packets received, 3766 bps, 47.07%, Err 92 (9.7e-06)
2202.139 .... 4043 packets received, 3762 bps, 47.03%, Err 93 (9.8e-06)
2204.251 .... 4051 packets received, 3766 bps, 47.08%, Err 93 (9.8e-06)
2206.367 .... 4059 packets received, 3770 bps, 47.12%, Err 93 (9.8e-06)
2208.462 .... 4067 packets received, 3774 bps, 47.17%, Err 93 (9.8e-06)
2210.586 .... 4075 packets received, 3777 bps, 47.22%, Err 93 (9.7e-06)
2212.705 .... 4083 packets received, 3781 bps, 47.27%, Err 94 (9.8e-06)
2214.797 .... 4091 packets received, 3785 bps, 47.31%, Err 94 (9.8e-06)
2216.922 .... 4095 packets received, 3785 bps, 47.31%, Err 95 (9.9e-06)
2219.062 .... 4103 packets received, 3789 bps, 47.36%, Err 95 (9.9e-06)
2221.174 .... 4111 packets received, 3793 bps, 47.41%, Err 95 (9.9e-06)
2223.280 .... 4115 packets received, 3793 bps, 47.41%, Err 96 (1.0e-05)
2225.387 .... 4123 packets received, 3797 bps, 47.46%, Err 96 (9.9e-06)
2227.514 .... 4131 packets received, 3800 bps, 47.50%, Err 96 (9.9e-06)
2229.642 .... 4139 packets received, 3804 bps, 47.55%, Err 96 (9.9e-06)
2231.736 .... 4147 packets received, 3808 bps, 47.60%, Err 96 (9.9e-06)
2233.853 .... 4155 packets received, 3812 bps, 47.64%, Err 96 (9.9e-06)
2235.952 .... 4163 packets received, 3815 bps, 47.69%, Err 97 (1.0e-05)
2240.189 .... 4164 packets received, 3809 bps, 47.61%, Err 100 (1.0e-05)
2242.308 .... 4172 packets received, 3813 bps, 47.66%, Err 100 (1.0e-05)
2244.430 .... 4180 packets received, 3816 bps, 47.70%, Err 100 (1.0e-05)
2248.952 .... 4185 packets received, 3813 bps, 47.67%, Err 100 (1.0e-05)
2251.062 .... 4193 packets received, 3817 bps, 47.71%, Err 100 (1.0e-05)
2253.150 .... 4201 packets received, 3821 bps, 47.76%, Err 100 (1.0e-05)
2255.282 .... 4209 packets received, 3824 bps, 47.80%, Err 100 (1.0e-05)
2257.378 .... 4217 packets received, 3828 bps, 47.85%, Err 100 (1.0e-05)
2259.512 .... 4225 packets received, 3832 bps, 47.90%, Err 100 (1.0e-05)
2261.609 .... 4233 packets received, 3835 bps, 47.94%, Err 100 (1.0e-05)
2263.715 .... 4241 packets received, 3839 bps, 47.99%, Err 100 (1.0e-05)
2265.848 .... 4249 packets received, 3843 bps, 48.03%, Err 101 (1.0e-05)
2267.960 .... 4253 packets received, 3843 bps, 48.03%, Err 101 (1.0e-05)
2270.083 .... 4261 packets received, 3846 bps, 48.08%, Err 101 (1.0e-05)
2272.197 .... 4269 packets received, 3850 bps, 48.12%, Err 101 (1.0e-05)
2274.294 .... 4277 packets received, 3854 bps, 48.17%, Err 101 (1.0e-05)
2276.410 .... 4285 packets received, 3857 bps, 48.22%, Err 101 (1.0e-05)
2278.530 .... 4293 packets received, 3861 bps, 48.26%, Err 101 (1.0e-05)
2280.622 .... 4301 packets received, 3864 bps, 48.31%, Err 101 (1.0e-05)
2282.747 .... 4309 packets received, 3868 bps, 48.35%, Err 101 (1.0e-05)
2284.860 .... 4317 packets received, 3872 bps, 48.40%, Err 101 (1.0e-05)
2286.983 .... 4325 packets received, 3875 bps, 48.44%, Err 101 (9.9e-06)
2289.087 .... 4333 packets received, 3879 bps, 48.49%, Err 101 (9.9e-06)
2291.210 .... 4341 packets received, 3882 bps, 48.53%, Err 101 (9.9e-06)
2293.303 .... 4349 packets received, 3886 bps, 48.57%, Err 101 (9.9e-06)
2295.428 .... 4357 packets received, 3890 bps, 48.62%, Err 101 (9.9e-06)
2297.538 .... 4365 packets received, 3893 bps, 48.66%, Err 101 (9.9e-06)
2299.645 .... 4373 packets received, 3897 bps, 48.71%, Err 101 (9.8e-06)
2304.462 .... 4377 packets received, 3892 bps, 48.65%, Err 101 (9.8e-06)
2308.542 .... 4378 packets received, 3886 bps, 48.58%, Err 101 (9.8e-06)
2312.672 .... 4379 packets received, 3880 bps, 48.50%, Err 101 (9.8e-06)
2316.724 .... 4380 packets received, 3874 bps, 48.43%, Err 101 (9.8e-06)
2320.817 .... 4381 packets received, 3868 bps, 48.35%, Err 101 (9.8e-06)
2324.970 .... 4382 packets received, 3862 bps, 48.28%, Err 101 (9.8e-06)
2329.064 .... 4383 packets received, 3856 bps, 48.20%, Err 101 (9.8e-06)
2333.228 .... 4384 packets received, 3850 bps, 48.13%, Err 101 (9.8e-06)
2337.325 .... 4385 packets received, 3844 bps, 48.05%, Err 101 (9.8e-06)
2341.486 .... 4386 packets received, 3838 bps, 47.98%, Err 101 (9.8e-06)
2345.488 .... 4387 packets received, 3833 bps, 47.91%, Err 101 (9.8e-06)
2349.657 .... 4388 packets received, 3827 bps, 47.83%, Err 101 (9.8e-06)
2353.767 .... 4389 packets received, 3821 bps, 47.76%, Err 101 (9.8e-06)
2357.917 .... 4390 packets received, 3815 bps, 47.69%, Err 101 (9.8e-06)
2361.937 .... 4391 packets received, 3809 bps, 47.62%, Err 101 (9.8e-06)
2366.076 .... 4392 packets received, 3804 bps, 47.55%, Err 101 (9.8e-06)
2370.113 .... 4393 packets received, 3798 bps, 47.48%, Err 101 (9.8e-06)
2374.230 .... 4394 packets received, 3792 bps, 47.40%, Err 101 (9.8e-06)
2378.344 .... 4395 packets received, 3787 bps, 47.33%, Err 101 (9.8e-06)
2382.456 .... 4396 packets received, 3781 bps, 47.26%, Err 101 (9.8e-06)
2386.596 .... 4397 packets received, 3775 bps, 47.19%, Err 101 (9.8e-06)
2390.707 .... 4398 packets received, 3770 bps, 47.12%, Err 101 (9.8e-06)
2394.804 .... 4399 packets received, 3764 bps, 47.05%, Err 101 (9.8e-06)
2398.964 .... 4400 packets received, 3758 bps, 46.98%, Err 101 (9.8e-06)
2401.075 .... 4403 packets received, 3758 bps, 46.97%, Err 101 (9.8e-06)
2403.172 .... 4411 packets received, 3761 bps, 47.01%, Err 101 (9.8e-06)
2405.279 .... 4415 packets received, 3761 bps, 47.02%, Err 102 (9.8e-06)
2408.198 .... 4422 packets received, 3763 bps, 47.03%, Err 103 (9.9e-06)
2410.325 .... 4430 packets received, 3766 bps, 47.08%, Err 104 (1.0e-05)
2414.552 .... 4436 packets received, 3765 bps, 47.06%, Err 104 (1.0e-05)
2419.039 .... 4443 packets received, 3764 bps, 47.04%, Err 105 (1.0e-05)
2421.203 .... 4447 packets received, 3764 bps, 47.04%, Err 105 (1.0e-05)
2423.304 .... 4455 packets received, 3767 bps, 47.09%, Err 106 (1.0e-05)
2425.422 .... 4463 packets received, 3771 bps, 47.13%, Err 106 (1.0e-05)
2427.536 .... 4471 packets received, 3774 bps, 47.17%, Err 106 (1.0e-05)
2429.654 .... 4475 packets received, 3774 bps, 47.18%, Err 107 (1.0e-05)
2431.764 .... 4483 packets received, 3778 bps, 47.22%, Err 107 (1.0e-05)
2433.901 .... 4491 packets received, 3781 bps, 47.26%, Err 107 (1.0e-05)
2436.000 .... 4499 packets received, 3784 bps, 47.31%, Err 107 (1.0e-05)
2438.098 .... 4507 packets received, 3788 bps, 47.35%, Err 107 (1.0e-05)
2440.226 .... 4515 packets received, 3791 bps, 47.39%, Err 107 (1.0e-05)
2442.323 .... 4523 packets received, 3795 bps, 47.43%, Err 107 (1.0e-05)
2444.435 .... 4531 packets received, 3798 bps, 47.48%, Err 107 (1.0e-05)
2446.564 .... 4539 packets received, 3802 bps, 47.52%, Err 107 (1.0e-05)
2448.667 .... 4547 packets received, 3805 bps, 47.56%, Err 107 (1.0e-05)
2450.789 .... 4555 packets received, 3808 bps, 47.60%, Err 107 (1.0e-05)
2452.903 .... 4563 packets received, 3812 bps, 47.65%, Err 107 (1.0e-05)
2455.014 .... 4571 packets received, 3815 bps, 47.69%, Err 107 (9.9e-06)
2458.161 .... 4579 packets received, 3817 bps, 47.71%, Err 108 (1.0e-05)
2460.303 .... 4587 packets received, 3820 bps, 47.75%, Err 108 (1.0e-05)
2462.417 .... 4595 packets received, 3824 bps, 47.80%, Err 108 (1.0e-05)
2464.526 .... 4599 packets received, 3824 bps, 47.80%, Err 109 (1.0e-05)
2466.624 .... 4607 packets received, 3827 bps, 47.84%, Err 109 (1.0e-05)
2468.753 .... 4615 packets received, 3830 bps, 47.88%, Err 109 (1.0e-05)
2470.866 .... 4623 packets received, 3834 bps, 47.92%, Err 109 (1.0e-05)
2472.958 .... 4631 packets received, 3837 bps, 47.96%, Err 109 (1.0e-05)
2475.073 .... 4639 packets received, 3841 bps, 48.01%, Err 109 (1.0e-05)
2477.200 .... 4647 packets received, 3844 bps, 48.05%, Err 109 (1.0e-05)
2479.315 .... 4655 packets received, 3847 bps, 48.09%, Err 109 (1.0e-05)
2482.471 .... 4663 packets received, 3849 bps, 48.11%, Err 110 (1.0e-05)
2484.599 .... 4671 packets received, 3852 bps, 48.15%, Err 110 (1.0e-05)
2486.983 .... 4676 packets received, 3853 bps, 48.16%, Err 112 (1.0e-05)
2489.117 .... 4684 packets received, 3856 bps, 48.20%, Err 112 (1.0e-05)
2491.204 .... 4692 packets received, 3859 bps, 48.24%, Err 112 (1.0e-05)
2493.297 .... 4700 packets received, 3863 bps, 48.28%, Err 112 (1.0e-05)
2495.680 .... 4705 packets received, 3863 bps, 48.29%, Err 113 (1.0e-05)
2497.822 .... 4713 packets received, 3866 bps, 48.33%, Err 113 (1.0e-05)
2499.919 .... 4721 packets received, 3870 bps, 48.37%, Err 113 (1.0e-05)
2504.523 .... 4724 packets received, 3865 bps, 48.31%, Err 113 (1.0e-05)
2508.623 .... 4725 packets received, 3859 bps, 48.24%, Err 113 (1.0e-05)
2512.739 .... 4726 packets received, 3854 bps, 48.17%, Err 113 (1.0e-05)
2516.872 .... 4727 packets received, 3848 bps, 48.10%, Err 113 (1.0e-05)
2521.003 .... 4728 packets received, 3843 bps, 48.04%, Err 113 (1.0e-05)
2525.096 .... 4729 packets received, 3837 bps, 47.97%, Err 113 (1.0e-05)
2529.223 .... 4730 packets received, 3832 bps, 47.90%, Err 113 (1.0e-05)
2533.269 .... 4731 packets received, 3827 bps, 47.83%, Err 114 (1.0e-05)
2537.425 .... 4732 packets received, 3821 bps, 47.77%, Err 114 (1.0e-05)
2541.496 .... 4733 packets received, 3816 bps, 47.70%, Err 114 (1.0e-05)
2545.555 .... 4734 packets received, 3811 bps, 47.63%, Err 114 (1.0e-05)
2549.572 .... 4735 packets received, 3805 bps, 47.57%, Err 114 (1.0e-05)
2553.646 .... 4736 packets received, 3800 bps, 47.50%, Err 114 (1.0e-05)
2557.693 .... 4737 packets received, 3795 bps, 47.44%, Err 114 (1.0e-05)
2561.811 .... 4738 packets received, 3790 bps, 47.37%, Err 114 (1.0e-05)
2565.998 .... 4739 packets received, 3784 bps, 47.30%, Err 114 (1.0e-05)
2570.038 .... 4740 packets received, 3779 bps, 47.24%, Err 114 (1.0e-05)
2574.087 .... 4741 packets received, 3774 bps, 47.17%, Err 114 (1.0e-05)
2578.115 .... 4742 packets received, 3769 bps, 47.11%, Err 114 (1.0e-05)
2582.189 .... 4743 packets received, 3764 bps, 47.05%, Err 114 (1.0e-05)
2586.252 .... 4744 packets received, 3759 bps, 46.98%, Err 114 (1.0e-05)
2590.304 .... 4745 packets received, 3753 bps, 46.92%, Err 114 (1.0e-05)
2594.476 .... 4746 packets received, 3748 bps, 46.85%, Err 114 (1.0e-05)
2598.649 .... 4747 packets received, 3743 bps, 46.79%, Err 114 (1.0e-05)
2600.804 .... 4749 packets received, 3741 bps, 46.77%, Err 114 (1.0e-05)
2602.902 .... 4757 packets received, 3745 bps, 46.81%, Err 115 (1.0e-05)
2605.028 .... 4765 packets received, 3748 bps, 46.85%, Err 115 (1.0e-05)
2607.142 .... 4773 packets received, 3751 bps, 46.89%, Err 115 (1.0e-05)
2609.255 .... 4781 packets received, 3754 bps, 46.93%, Err 115 (1.0e-05)
2611.372 .... 4789 packets received, 3758 bps, 46.97%, Err 115 (1.0e-05)
2613.506 .... 4797 packets received, 3761 bps, 47.01%, Err 115 (1.0e-05)
2615.606 .... 4805 packets received, 3764 bps, 47.05%, Err 115 (1.0e-05)
2617.722 .... 4813 packets received, 3767 bps, 47.09%, Err 115 (1.0e-05)
2619.836 .... 4821 packets received, 3771 bps, 47.13%, Err 115 (1.0e-05)
2622.474 .... 4827 packets received, 3771 bps, 47.14%, Err 116 (1.0e-05)
2624.588 .... 4835 packets received, 3775 bps, 47.18%, Err 116 (1.0e-05)
2626.700 .... 4843 packets received, 3778 bps, 47.22%, Err 116 (1.0e-05)
2628.810 .... 4851 packets received, 3781 bps, 47.26%, Err 116 (1.0e-05)
2630.951 .... 4859 packets received, 3784 bps, 47.30%, Err 116 (1.0e-05)
2633.058 .... 4863 packets received, 3784 bps, 47.30%, Err 117 (1.0e-05)
2635.174 .... 4871 packets received, 3787 bps, 47.34%, Err 118 (1.0e-05)
2637.289 .... 4879 packets received, 3791 bps, 47.38%, Err 118 (1.0e-05)
2639.391 .... 4887 packets received, 3794 bps, 47.42%, Err 118 (1.0e-05)
2641.522 .... 4895 packets received, 3797 bps, 47.46%, Err 118 (1.0e-05)
2643.615 .... 4903 packets received, 3800 bps, 47.50%, Err 118 (1.0e-05)
2645.745 .... 4911 packets received, 3803 bps, 47.54%, Err 118 (1.0e-05)
2647.842 .... 4919 packets received, 3806 bps, 47.58%, Err 119 (1.0e-05)
2650.776 .... 4926 packets received, 3808 bps, 47.60%, Err 120 (1.0e-05)
2652.886 .... 4934 packets received, 3811 bps, 47.64%, Err 120 (1.0e-05)
2654.983 .... 4942 packets received, 3814 bps, 47.68%, Err 120 (1.0e-05)
2657.110 .... 4950 packets received, 3817 bps, 47.71%, Err 120 (1.0e-05)
2659.204 .... 4958 packets received, 3820 bps, 47.75%, Err 120 (1.0e-05)
2661.331 .... 4966 packets received, 3823 bps, 47.79%, Err 120 (1.0e-05)
2663.428 .... 4974 packets received, 3827 bps, 47.83%, Err 120 (1.0e-05)
2666.091 .... 4980 packets received, 3827 bps, 47.84%, Err 121 (1.0e-05)
2668.183 .... 4988 packets received, 3830 bps, 47.88%, Err 121 (1.0e-05)
2670.292 .... 4996 packets received, 3834 bps, 47.92%, Err 121 (1.0e-05)
2672.418 .... 5004 packets received, 3837 bps, 47.96%, Err 121 (1.0e-05)
2674.542 .... 5012 packets received, 3840 bps, 48.00%, Err 121 (1.0e-05)
2676.651 .... 5020 packets received, 3843 bps, 48.04%, Err 121 (1.0e-05)
2678.743 .... 5028 packets received, 3846 bps, 48.07%, Err 122 (1.0e-05)
2680.852 .... 5036 packets received, 3849 bps, 48.11%, Err 123 (1.0e-05)
2682.974 .... 5037 packets received, 3847 bps, 48.08%, Err 123 (1.0e-05)
2685.120 .... 5041 packets received, 3847 bps, 48.08%, Err 124 (1.0e-05)
2687.233 .... 5049 packets received, 3850 bps, 48.12%, Err 124 (1.0e-05)
2690.674 .... 5051 packets received, 3846 bps, 48.08%, Err 124 (1.0e-05)
2692.805 .... 5059 packets received, 3849 bps, 48.12%, Err 124 (1.0e-05)
2695.982 .... 5061 packets received, 3846 bps, 48.08%, Err 124 (1.0e-05)
2698.095 .... 5069 packets received, 3849 bps, 48.12%, Err 124 (1.0e-05)
2702.422 .... 5071 packets received, 3845 bps, 48.06%, Err 124 (1.0e-05)
2706.516 .... 5072 packets received, 3840 bps, 48.00%, Err 124 (1.0e-05)
2710.668 .... 5073 packets received, 3835 bps, 47.93%, Err 124 (1.0e-05)
2714.727 .... 5074 packets received, 3830 bps, 47.87%, Err 124 (1.0e-05)
2718.855 .... 5075 packets received, 3825 bps, 47.81%, Err 124 (1.0e-05)
2722.924 .... 5076 packets received, 3820 bps, 47.75%, Err 124 (1.0e-05)
2726.965 .... 5077 packets received, 3815 bps, 47.68%, Err 124 (1.0e-05)
2731.042 .... 5078 packets received, 3810 bps, 47.62%, Err 124 (1.0e-05)
2735.074 .... 5079 packets received, 3805 bps, 47.56%, Err 124 (1.0e-05)
2739.198 .... 5080 packets received, 3800 bps, 47.50%, Err 124 (1.0e-05)
2743.231 .... 5081 packets received, 3795 bps, 47.44%, Err 124 (1.0e-05)
2747.291 .... 5082 packets received, 3790 bps, 47.38%, Err 124 (1.0e-05)
2751.415 .... 5083 packets received, 3785 bps, 47.32%, Err 124 (1.0e-05)
2755.493 .... 5084 packets received, 3780 bps, 47.26%, Err 124 (1.0e-05)
2759.687 .... 5085 packets received, 3775 bps, 47.19%, Err 124 (1.0e-05)
2763.811 .... 5086 packets received, 3771 bps, 47.13%, Err 124 (1.0e-05)
2767.880 .... 5087 packets received, 3766 bps, 47.07%, Err 124 (1.0e-05)
2771.911 .... 5088 packets received, 3761 bps, 47.01%, Err 124 (1.0e-05)
2776.003 .... 5089 packets received, 3756 bps, 46.95%, Err 124 (1.0e-05)
2780.094 .... 5090 packets received, 3751 bps, 46.89%, Err 124 (1.0e-05)
2784.170 .... 5091 packets received, 3747 bps, 46.83%, Err 124 (1.0e-05)
2788.210 .... 5092 packets received, 3742 bps, 46.77%, Err 124 (1.0e-05)
2792.370 .... 5093 packets received, 3737 bps, 46.71%, Err 124 (1.0e-05)
2796.575 .... 5094 packets received, 3732 bps, 46.65%, Err 124 (1.0e-05)
2800.553 .... 5095 packets received, 3728 bps, 46.60%, Err 124 (1.0e-05)
2802.658 .... 5103 packets received, 3731 bps, 46.63%, Err 124 (1.0e-05)
2804.778 .... 5111 packets received, 3734 bps, 46.67%, Err 124 (1.0e-05)
2806.869 .... 5119 packets received, 3737 bps, 46.71%, Err 124 (1.0e-05)
2808.989 .... 5127 packets received, 3740 bps, 46.75%, Err 124 (1.0e-05)
2811.093 .... 5135 packets received, 3743 bps, 46.78%, Err 124 (1.0e-05)
2813.207 .... 5143 packets received, 3746 bps, 46.82%, Err 124 (1.0e-05)
2815.329 .... 5151 packets received, 3749 bps, 46.86%, Err 125 (1.0e-05)
2817.436 .... 5159 packets received, 3752 bps, 46.90%, Err 125 (1.0e-05)
2819.562 .... 5167 packets received, 3755 bps, 46.93%, Err 125 (1.0e-05)
2821.672 .... 5175 packets received, 3758 bps, 46.97%, Err 126 (1.0e-05)
2823.782 .... 5183 packets received, 3761 bps, 47.01%, Err 126 (1.0e-05)
2825.892 .... 5191 packets received, 3764 bps, 47.05%, Err 126 (1.0e-05)
2827.994 .... 5199 packets received, 3767 bps, 47.08%, Err 126 (1.0e-05)
2830.101 .... 5207 packets received, 3770 bps, 47.12%, Err 126 (1.0e-05)
2832.481 .... 5212 packets received, 3770 bps, 47.13%, Err 127 (1.0e-05)
2834.608 .... 5220 packets received, 3773 bps, 47.16%, Err 127 (1.0e-05)
2836.718 .... 5228 packets received, 3776 bps, 47.20%, Err 127 (1.0e-05)
2838.845 .... 5236 packets received, 3779 bps, 47.24%, Err 127 (1.0e-05)
2840.954 .... 5244 packets received, 3782 bps, 47.28%, Err 127 (1.0e-05)
2843.067 .... 5252 packets received, 3785 bps, 47.31%, Err 127 (1.0e-05)
2847.823 .... 5255 packets received, 3781 bps, 47.26%, Err 129 (1.0e-05)
2849.937 .... 5263 packets received, 3784 bps, 47.30%, Err 129 (1.0e-05)
2852.048 .... 5271 packets received, 3787 bps, 47.33%, Err 129 (1.0e-05)
2854.185 .... 5279 packets received, 3790 bps, 47.37%, Err 129 (1.0e-05)
2856.281 .... 5287 packets received, 3793 bps, 47.41%, Err 129 (1.0e-05)
2858.403 .... 5295 packets received, 3795 bps, 47.44%, Err 129 (1.0e-05)
2860.513 .... 5303 packets received, 3798 bps, 47.48%, Err 129 (1.0e-05)
2862.606 .... 5311 packets received, 3801 bps, 47.52%, Err 129 (1.0e-05)
2864.732 .... 5319 packets received, 3804 bps, 47.55%, Err 129 (1.0e-05)
2866.856 .... 5327 packets received, 3807 bps, 47.59%, Err 129 (1.0e-05)
2868.964 .... 5335 packets received, 3810 bps, 47.63%, Err 129 (1.0e-05)
2871.069 .... 5343 packets received, 3813 bps, 47.66%, Err 129 (1.0e-05)
2873.179 .... 5351 packets received, 3816 bps, 47.70%, Err 129 (1.0e-05)
2875.287 .... 5359 packets received, 3819 bps, 47.73%, Err 129 (1.0e-05)
2877.427 .... 5367 packets received, 3822 bps, 47.77%, Err 129 (1.0e-05)
2879.529 .... 5375 packets received, 3825 bps, 47.81%, Err 129 (1.0e-05)
2881.637 .... 5383 packets received, 3827 bps, 47.84%, Err 129 (1.0e-05)
2883.763 .... 5391 packets received, 3830 bps, 47.88%, Err 129 (1.0e-05)
2885.857 .... 5399 packets received, 3833 bps, 47.92%, Err 129 (1.0e-05)
2887.999 .... 5407 packets received, 3836 bps, 47.95%, Err 129 (1.0e-05)
2890.095 .... 5415 packets received, 3839 bps, 47.99%, Err 129 (1.0e-05)
2892.204 .... 5423 packets received, 3842 bps, 48.02%, Err 129 (1.0e-05)
2894.312 .... 5431 packets received, 3845 bps, 48.06%, Err 129 (1.0e-05)
2896.420 .... 5439 packets received, 3848 bps, 48.09%, Err 129 (1.0e-05)
2898.544 .... 5447 packets received, 3850 bps, 48.13%, Err 129 (1.0e-05)
2904.541 .... 5455 packets received, 3848 bps, 48.10%, Err 129 (1.0e-05)
2908.672 .... 5456 packets received, 3843 bps, 48.04%, Err 129 (1.0e-05)
2912.756 .... 5457 packets received, 3839 bps, 47.98%, Err 129 (1.0e-05)
2916.908 .... 5458 packets received, 3834 bps, 47.92%, Err 129 (1.0e-05)
2920.954 .... 5459 packets received, 3829 bps, 47.87%, Err 129 (1.0e-05)
2925.055 .... 5460 packets received, 3825 bps, 47.81%, Err 129 (1.0e-05)
2929.229 .... 5461 packets received, 3820 bps, 47.75%, Err 129 (1.0e-05)
2933.296 .... 5462 packets received, 3815 bps, 47.69%, Err 129 (1.0e-05)
2937.399 .... 5463 packets received, 3811 bps, 47.63%, Err 129 (1.0e-05)
2941.440 .... 5464 packets received, 3806 bps, 47.58%, Err 129 (1.0e-05)
2945.544 .... 5465 packets received, 3801 bps, 47.52%, Err 129 (1.0e-05)
2949.632 .... 5466 packets received, 3797 bps, 47.46%, Err 129 (1.0e-05)
2953.714 .... 5467 packets received, 3792 bps, 47.40%, Err 129 (1.0e-05)
2957.771 .... 5468 packets received, 3788 bps, 47.35%, Err 129 (1.0e-05)
2961.898 .... 5469 packets received, 3783 bps, 47.29%, Err 129 (1.0e-05)
2966.146 .... 5470 packets received, 3778 bps, 47.23%, Err 129 (1.0e-05)
2970.195 .... 5471 packets received, 3774 bps, 47.17%, Err 129 (1.0e-05)
2974.320 .... 5472 packets received, 3769 bps, 47.12%, Err 129 (1.0e-05)
2978.384 .... 5473 packets received, 3765 bps, 47.06%, Err 129 (1.0e-05)
2982.512 .... 5474 packets received, 3760 bps, 47.01%, Err 129 (1.0e-05)
2986.620 .... 5475 packets received, 3756 bps, 46.95%, Err 129 (1.0e-05)
2990.696 .... 5476 packets received, 3752 bps, 46.89%, Err 129 (1.0e-05)
2994.843 .... 5477 packets received, 3747 bps, 46.84%, Err 129 (1.0e-05)
2998.966 .... 5478 packets received, 3743 bps, 46.78%, Err 129 (1.0e-05)
3001.057 .... 5481 packets received, 3742 bps, 46.77%, Err 129 (1.0e-05)
3003.181 .... 5484 packets received, 3741 bps, 46.77%, Err 130 (1.0e-05)
3005.288 .... 5492 packets received, 3744 bps, 46.80%, Err 130 (1.0e-05)
3008.197 .... 5495 packets received, 3743 bps, 46.78%, Err 131 (1.0e-05)
3010.323 .... 5503 packets received, 3745 bps, 46.82%, Err 131 (1.0e-05)
3015.624 .... 5511 packets received, 3744 bps, 46.80%, Err 131 (1.0e-05)
3017.765 .... 5519 packets received, 3747 bps, 46.84%, Err 131 (1.0e-05)
3019.880 .... 5527 packets received, 3750 bps, 46.87%, Err 131 (1.0e-05)
3021.987 .... 5535 packets received, 3753 bps, 46.91%, Err 131 (1.0e-05)
3024.077 .... 5543 packets received, 3755 bps, 46.94%, Err 131 (1.0e-05)
3026.212 .... 5551 packets received, 3758 bps, 46.98%, Err 131 (1.0e-05)
3028.320 .... 5559 packets received, 3761 bps, 47.01%, Err 131 (1.0e-05)
3030.428 .... 5563 packets received, 3761 bps, 47.01%, Err 133 (1.0e-05)
3032.550 .... 5571 packets received, 3764 bps, 47.05%, Err 133 (1.0e-05)
3036.534 .... 5576 packets received, 3762 bps, 47.03%, Err 135 (1.0e-05)
3038.625 .... 5584 packets received, 3765 bps, 47.06%, Err 135 (1.0e-05)
3044.462 .... 5586 packets received, 3759 bps, 46.99%, Err 135 (1.0e-05)
3046.601 .... 5594 packets received, 3762 bps, 47.03%, Err 135 (1.0e-05)
3048.693 .... 5602 packets received, 3765 bps, 47.06%, Err 135 (1.0e-05)
3050.799 .... 5610 packets received, 3768 bps, 47.09%, Err 135 (1.0e-05)
3052.938 .... 5618 packets received, 3770 bps, 47.13%, Err 135 (1.0e-05)
3055.045 .... 5626 packets received, 3773 bps, 47.16%, Err 135 (1.0e-05)
3057.168 .... 5634 packets received, 3776 bps, 47.20%, Err 135 (1.0e-05)
3059.256 .... 5642 packets received, 3779 bps, 47.23%, Err 135 (1.0e-05)
3061.366 .... 5650 packets received, 3781 bps, 47.27%, Err 135 (1.0e-05)
3063.490 .... 5658 packets received, 3784 bps, 47.30%, Err 135 (1.0e-05)
3065.609 .... 5666 packets received, 3787 bps, 47.33%, Err 135 (1.0e-05)
3067.717 .... 5674 packets received, 3790 bps, 47.37%, Err 135 (1.0e-05)
3069.838 .... 5682 packets received, 3792 bps, 47.40%, Err 135 (1.0e-05)
3071.954 .... 5690 packets received, 3795 bps, 47.44%, Err 135 (1.0e-05)
3074.062 .... 5698 packets received, 3798 bps, 47.47%, Err 135 (1.0e-05)
3076.170 .... 5706 packets received, 3800 bps, 47.51%, Err 135 (1.0e-05)
3078.283 .... 5714 packets received, 3803 bps, 47.54%, Err 135 (1.0e-05)
3080.378 .... 5722 packets received, 3806 bps, 47.57%, Err 135 (1.0e-05)
3082.485 .... 5730 packets received, 3809 bps, 47.61%, Err 135 (1.0e-05)
3084.621 .... 5733 packets received, 3808 bps, 47.60%, Err 136 (1.0e-05)
3086.715 .... 5741 packets received, 3811 bps, 47.63%, Err 136 (1.0e-05)
3088.850 .... 5749 packets received, 3813 bps, 47.67%, Err 136 (1.0e-05)
3090.975 .... 5757 packets received, 3816 bps, 47.70%, Err 136 (1.0e-05)
3093.085 .... 5765 packets received, 3819 bps, 47.73%, Err 136 (1.0e-05)
3095.198 .... 5773 packets received, 3821 bps, 47.77%, Err 136 (1.0e-05)
3097.284 .... 5781 packets received, 3824 bps, 47.80%, Err 136 (9.9e-06)
3099.407 .... 5789 packets received, 3827 bps, 47.83%, Err 136 (9.9e-06)
3104.617 .... 5794 packets received, 3824 bps, 47.80%, Err 136 (9.9e-06)
3108.680 .... 5795 packets received, 3819 bps, 47.74%, Err 136 (9.9e-06)
3112.726 .... 5796 packets received, 3815 bps, 47.69%, Err 136 (9.9e-06)
3116.898 .... 5797 packets received, 3811 bps, 47.63%, Err 136 (9.9e-06)
3120.976 .... 5798 packets received, 3806 bps, 47.58%, Err 136 (9.9e-06)
3125.085 .... 5799 packets received, 3802 bps, 47.52%, Err 136 (9.9e-06)
3129.107 .... 5800 packets received, 3798 bps, 47.47%, Err 136 (9.9e-06)
3133.177 .... 5801 packets received, 3793 bps, 47.42%, Err 136 (9.9e-06)
3137.333 .... 5802 packets received, 3789 bps, 47.36%, Err 136 (9.9e-06)
3141.430 .... 5803 packets received, 3785 bps, 47.31%, Err 136 (9.9e-06)
3145.474 .... 5804 packets received, 3780 bps, 47.26%, Err 136 (9.9e-06)
3149.555 .... 5805 packets received, 3776 bps, 47.20%, Err 136 (9.9e-06)
3153.608 .... 5806 packets received, 3772 bps, 47.15%, Err 136 (9.9e-06)
3157.709 .... 5807 packets received, 3768 bps, 47.10%, Err 136 (9.9e-06)
3161.817 .... 5808 packets received, 3764 bps, 47.04%, Err 136 (9.9e-06)
3166.030 .... 5809 packets received, 3759 bps, 46.99%, Err 136 (9.9e-06)
3170.198 .... 5810 packets received, 3755 bps, 46.94%, Err 136 (9.9e-06)
3174.322 .... 5811 packets received, 3751 bps, 46.88%, Err 136 (9.9e-06)
3178.333 .... 5812 packets received, 3747 bps, 46.83%, Err 136 (9.9e-06)
3182.394 .... 5813 packets received, 3742 bps, 46.78%, Err 136 (9.9e-06)
3186.522 .... 5814 packets received, 3738 bps, 46.73%, Err 136 (9.9e-06)
3190.556 .... 5815 packets received, 3734 bps, 46.68%, Err 136 (9.9e-06)
3194.660 .... 5816 packets received, 3730 bps, 46.62%, Err 136 (9.9e-06)
3198.866 .... 5817 packets received, 3726 bps, 46.57%, Err 136 (9.9e-06)
3201.080 .... 5820 packets received, 3725 bps, 46.56%, Err 136 (9.9e-06)
3204.238 .... 5827 packets received, 3726 bps, 46.57%, Err 137 (9.9e-06)
3206.359 .... 5835 packets received, 3728 bps, 46.61%, Err 137 (9.9e-06)
3208.469 .... 5843 packets received, 3731 bps, 46.64%, Err 137 (9.9e-06)
3211.642 .... 5850 packets received, 3732 bps, 46.65%, Err 138 (1.0e-05)
3213.749 .... 5858 packets received, 3735 bps, 46.68%, Err 138 (1.0e-05)
3215.860 .... 5866 packets received, 3737 bps, 46.72%, Err 138 (9.9e-06)
3217.987 .... 5874 packets received, 3740 bps, 46.75%, Err 138 (9.9e-06)
3220.098 .... 5882 packets received, 3742 bps, 46.78%, Err 138 (9.9e-06)
3222.206 .... 5890 packets received, 3745 bps, 46.81%, Err 138 (9.9e-06)
3224.314 .... 5898 packets received, 3748 bps, 46.85%, Err 138 (9.9e-06)
3226.426 .... 5906 packets received, 3750 bps, 46.88%, Err 138 (9.9e-06)
3228.537 .... 5914 packets received, 3753 bps, 46.91%, Err 138 (9.9e-06)
3230.650 .... 5922 packets received, 3756 bps, 46.95%, Err 138 (9.9e-06)
3232.781 .... 5925 packets received, 3755 bps, 46.94%, Err 139 (9.9e-06)
3234.878 .... 5933 packets received, 3758 bps, 46.97%, Err 139 (9.9e-06)
3236.999 .... 5941 packets received, 3760 bps, 47.00%, Err 139 (9.9e-06)
3239.917 .... 5942 packets received, 3758 bps, 46.97%, Err 140 (9.9e-06)
3242.044 .... 5947 packets received, 3758 bps, 46.98%, Err 140 (9.9e-06)
3244.163 .... 5955 packets received, 3761 bps, 47.01%, Err 140 (9.9e-06)
3246.261 .... 5963 packets received, 3763 bps, 47.04%, Err 140 (9.9e-06)
3249.704 .... 5971 packets received, 3764 bps, 47.06%, Err 142 (1.0e-05)
3251.822 .... 5979 packets received, 3767 bps, 47.09%, Err 142 (1.0e-05)
3253.933 .... 5983 packets received, 3767 bps, 47.09%, Err 143 (1.0e-05)
3256.047 .... 5991 packets received, 3770 bps, 47.12%, Err 143 (1.0e-05)
3259.228 .... 5998 packets received, 3770 bps, 47.13%, Err 144 (1.0e-05)
3261.354 .... 6006 packets received, 3773 bps, 47.16%, Err 144 (1.0e-05)
3263.463 .... 6014 packets received, 3776 bps, 47.19%, Err 144 (1.0e-05)
3265.562 .... 6022 packets received, 3778 bps, 47.23%, Err 144 (1.0e-05)
3267.689 .... 6030 packets received, 3781 bps, 47.26%, Err 144 (1.0e-05)
3269.801 .... 6038 packets received, 3783 bps, 47.29%, Err 144 (1.0e-05)
3271.911 .... 6046 packets received, 3786 bps, 47.32%, Err 144 (1.0e-05)
3274.026 .... 6054 packets received, 3788 bps, 47.36%, Err 144 (1.0e-05)
3276.134 .... 6062 packets received, 3791 bps, 47.39%, Err 144 (1.0e-05)
3278.250 .... 6065 packets received, 3790 bps, 47.38%, Err 146 (1.0e-05)
3280.357 .... 6073 packets received, 3793 bps, 47.41%, Err 146 (1.0e-05)
3282.484 .... 6081 packets received, 3796 bps, 47.44%, Err 146 (1.0e-05)
3284.577 .... 6089 packets received, 3798 bps, 47.48%, Err 146 (1.0e-05)
3286.703 .... 6097 packets received, 3801 bps, 47.51%, Err 146 (1.0e-05)
3288.811 .... 6105 packets received, 3803 bps, 47.54%, Err 146 (1.0e-05)
3290.937 .... 6113 packets received, 3806 bps, 47.57%, Err 146 (1.0e-05)
3293.045 .... 6121 packets received, 3808 bps, 47.60%, Err 146 (1.0e-05)
3295.159 .... 6129 packets received, 3811 bps, 47.63%, Err 146 (1.0e-05)
3297.251 .... 6137 packets received, 3813 bps, 47.67%, Err 146 (1.0e-05)
3299.374 .... 6145 packets received, 3816 bps, 47.70%, Err 146 (1.0e-05)
3304.550 .... 6150 packets received, 3813 bps, 47.66%, Err 146 (1.0e-05)
3308.609 .... 6151 packets received, 3809 bps, 47.61%, Err 146 (1.0e-05)
3312.728 .... 6152 packets received, 3805 bps, 47.56%, Err 146 (1.0e-05)
3316.911 .... 6153 packets received, 3801 bps, 47.51%, Err 146 (1.0e-05)
3322.071 .... 6154 packets received, 3795 bps, 47.44%, Err 147 (1.0e-05)
3325.073 .... 6155 packets received, 3792 bps, 47.41%, Err 147 (1.0e-05)
3329.231 .... 6156 packets received, 3788 bps, 47.35%, Err 147 (1.0e-05)
3333.342 .... 6157 packets received, 3784 bps, 47.30%, Err 147 (1.0e-05)
3337.342 .... 6158 packets received, 3780 bps, 47.25%, Err 147 (1.0e-05)
3341.364 .... 6159 packets received, 3776 bps, 47.21%, Err 147 (1.0e-05)
3345.442 .... 6160 packets received, 3772 bps, 47.16%, Err 147 (1.0e-05)
3349.524 .... 6161 packets received, 3768 bps, 47.11%, Err 147 (1.0e-05)
3353.583 .... 6162 packets received, 3765 bps, 47.06%, Err 147 (1.0e-05)
3357.712 .... 6163 packets received, 3760 bps, 47.01%, Err 147 (1.0e-05)
3361.823 .... 6164 packets received, 3757 bps, 46.96%, Err 147 (1.0e-05)
3365.900 .... 6165 packets received, 3753 bps, 46.91%, Err 147 (1.0e-05)
3369.920 .... 6166 packets received, 3749 bps, 46.86%, Err 147 (1.0e-05)
3374.182 .... 6167 packets received, 3745 bps, 46.81%, Err 147 (1.0e-05)
3378.304 .... 6168 packets received, 3741 bps, 46.76%, Err 147 (1.0e-05)
3382.475 .... 6169 packets received, 3737 bps, 46.71%, Err 147 (1.0e-05)
3386.539 .... 6170 packets received, 3733 bps, 46.66%, Err 147 (1.0e-05)
3390.570 .... 6171 packets received, 3729 bps, 46.61%, Err 147 (1.0e-05)
3394.614 .... 6172 packets received, 3725 bps, 46.56%, Err 147 (1.0e-05)
3398.803 .... 6173 packets received, 3721 bps, 46.51%, Err 147 (1.0e-05)
3401.051 .... 6176 packets received, 3720 bps, 46.50%, Err 147 (1.0e-05)
3403.187 .... 6184 packets received, 3723 bps, 46.54%, Err 147 (1.0e-05)
3405.284 .... 6192 packets received, 3725 bps, 46.57%, Err 147 (1.0e-05)
3407.406 .... 6200 packets received, 3728 bps, 46.60%, Err 147 (1.0e-05)
3409.533 .... 6208 packets received, 3730 bps, 46.63%, Err 147 (1.0e-05)
3411.629 .... 6216 packets received, 3733 bps, 46.66%, Err 147 (1.0e-05)
3414.523 .... 6222 packets received, 3733 bps, 46.67%, Err 148 (1.0e-05)
3416.665 .... 6230 packets received, 3736 bps, 46.70%, Err 148 (1.0e-05)
3418.774 .... 6238 packets received, 3738 bps, 46.73%, Err 148 (1.0e-05)
3420.869 .... 6246 packets received, 3741 bps, 46.76%, Err 148 (1.0e-05)
3422.977 .... 6254 packets received, 3743 bps, 46.79%, Err 148 (1.0e-05)
3426.702 .... 6261 packets received, 3743 bps, 46.79%, Err 149 (1.0e-05)
3428.809 .... 6269 packets received, 3746 bps, 46.82%, Err 149 (1.0e-05)
3430.920 .... 6277 packets received, 3748 bps, 46.85%, Err 149 (1.0e-05)
3433.046 .... 6285 packets received, 3751 bps, 46.88%, Err 149 (1.0e-05)
3435.158 .... 6293 packets received, 3753 bps, 46.92%, Err 149 (1.0e-05)
3437.268 .... 6301 packets received, 3756 bps, 46.95%, Err 149 (1.0e-05)
3440.437 .... 6309 packets received, 3757 bps, 46.96%, Err 150 (1.0e-05)
3442.567 .... 6317 packets received, 3759 bps, 46.99%, Err 151 (1.0e-05)
3444.676 .... 6325 packets received, 3762 bps, 47.02%, Err 151 (1.0e-05)
3446.774 .... 6333 packets received, 3764 bps, 47.05%, Err 151 (1.0e-05)
3448.883 .... 6341 packets received, 3767 bps, 47.08%, Err 151 (1.0e-05)
3451.015 .... 6349 packets received, 3769 bps, 47.12%, Err 151 (1.0e-05)
3453.126 .... 6357 packets received, 3772 bps, 47.15%, Err 151 (1.0e-05)
3455.254 .... 6365 packets received, 3774 bps, 47.18%, Err 151 (1.0e-05)
3457.353 .... 6373 packets received, 3777 bps, 47.21%, Err 151 (1.0e-05)
3459.467 .... 6381 packets received, 3779 bps, 47.24%, Err 152 (1.0e-05)
3461.577 .... 6385 packets received, 3779 bps, 47.24%, Err 152 (1.0e-05)
3463.692 .... 6393 packets received, 3781 bps, 47.27%, Err 152 (1.0e-05)
3465.804 .... 6401 packets received, 3784 bps, 47.30%, Err 152 (1.0e-05)
3468.995 .... 6409 packets received, 3785 bps, 47.31%, Err 154 (1.0e-05)
3471.087 .... 6413 packets received, 3785 bps, 47.31%, Err 154 (1.0e-05)
3473.232 .... 6421 packets received, 3788 bps, 47.34%, Err 154 (1.0e-05)
3475.325 .... 6429 packets received, 3790 bps, 47.37%, Err 154 (1.0e-05)
3477.442 .... 6437 packets received, 3792 bps, 47.40%, Err 154 (1.0e-05)
3479.541 .... 6445 packets received, 3795 bps, 47.44%, Err 154 (1.0e-05)
3481.655 .... 6453 packets received, 3797 bps, 47.47%, Err 154 (1.0e-05)
3483.784 .... 6461 packets received, 3800 bps, 47.50%, Err 154 (1.0e-05)
3485.890 .... 6469 packets received, 3802 bps, 47.53%, Err 154 (1.0e-05)
3487.990 .... 6477 packets received, 3804 bps, 47.56%, Err 154 (1.0e-05)
3491.983 .... 6485 packets received, 3805 bps, 47.56%, Err 155 (1.0e-05)
3494.110 .... 6493 packets received, 3807 bps, 47.59%, Err 155 (1.0e-05)
3496.737 .... 6499 packets received, 3808 bps, 47.60%, Err 156 (1.0e-05)
3498.850 .... 6507 packets received, 3810 bps, 47.63%, Err 156 (1.0e-05)
3504.564 .... 6514 packets received, 3808 bps, 47.60%, Err 156 (1.0e-05)
3508.679 .... 6515 packets received, 3804 bps, 47.55%, Err 156 (1.0e-05)
3512.802 .... 6516 packets received, 3800 bps, 47.50%, Err 156 (1.0e-05)
3516.931 .... 6517 packets received, 3796 bps, 47.46%, Err 156 (1.0e-05)
3521.017 .... 6518 packets received, 3793 bps, 47.41%, Err 156 (1.0e-05)
3525.102 .... 6519 packets received, 3789 bps, 47.36%, Err 156 (1.0e-05)
3529.228 .... 6520 packets received, 3785 bps, 47.31%, Err 156 (1.0e-05)
3533.400 .... 6521 packets received, 3781 bps, 47.26%, Err 156 (1.0e-05)
3537.513 .... 6522 packets received, 3777 bps, 47.22%, Err 156 (1.0e-05)
3541.667 .... 6523 packets received, 3773 bps, 47.17%, Err 156 (1.0e-05)
3545.715 .... 6524 packets received, 3770 bps, 47.12%, Err 156 (1.0e-05)
3549.868 .... 6525 packets received, 3766 bps, 47.07%, Err 156 (1.0e-05)
3553.928 .... 6526 packets received, 3762 bps, 47.03%, Err 156 (1.0e-05)
3557.994 .... 6527 packets received, 3758 bps, 46.98%, Err 156 (1.0e-05)
3562.035 .... 6528 packets received, 3755 bps, 46.93%, Err 156 (1.0e-05)
3566.051 .... 6529 packets received, 3751 bps, 46.89%, Err 156 (1.0e-05)
3570.099 .... 6530 packets received, 3747 bps, 46.84%, Err 156 (1.0e-05)
3574.163 .... 6531 packets received, 3744 bps, 46.80%, Err 156 (1.0e-05)
3578.164 .... 6532 packets received, 3740 bps, 46.75%, Err 156 (1.0e-05)
3582.269 .... 6533 packets received, 3736 bps, 46.70%, Err 156 (1.0e-05)
3586.366 .... 6534 packets received, 3733 bps, 46.66%, Err 156 (1.0e-05)
3590.442 .... 6535 packets received, 3729 bps, 46.61%, Err 156 (1.0e-05)
3594.554 .... 6536 packets received, 3725 bps, 46.57%, Err 156 (1.0e-05)
3598.607 .... 6537 packets received, 3722 bps, 46.52%, Err 156 (1.0e-05)
3600.807 .... 6539 packets received, 3720 bps, 46.51%, Err 156 (1.0e-05)
3602.903 .... 6547 packets received, 3723 bps, 46.54%, Err 156 (1.0e-05)
3605.032 .... 6555 packets received, 3725 bps, 46.56%, Err 156 (1.0e-05)
3607.685 .... 6558 packets received, 3724 bps, 46.55%, Err 157 (1.0e-05)
3609.796 .... 6566 packets received, 3727 bps, 46.58%, Err 157 (1.0e-05)
3611.918 .... 6574 packets received, 3729 bps, 46.61%, Err 157 (1.0e-05)
3614.025 .... 6582 packets received, 3731 bps, 46.64%, Err 157 (1.0e-05)
3616.149 .... 6590 packets received, 3734 bps, 46.67%, Err 157 (1.0e-05)
3618.253 .... 6598 packets received, 3736 bps, 46.70%, Err 157 (1.0e-05)
3620.361 .... 6606 packets received, 3738 bps, 46.73%, Err 157 (1.0e-05)
3624.089 .... 6610 packets received, 3737 bps, 46.71%, Err 157 (1.0e-05)
3626.199 .... 6618 packets received, 3739 bps, 46.74%, Err 157 (1.0e-05)
3628.323 .... 6626 packets received, 3741 bps, 46.77%, Err 157 (1.0e-05)
3630.434 .... 6634 packets received, 3744 bps, 46.80%, Err 158 (1.0e-05)
3632.544 .... 6638 packets received, 3744 bps, 46.80%, Err 158 (1.0e-05)
3634.670 .... 6646 packets received, 3746 bps, 46.83%, Err 158 (1.0e-05)
3638.092 .... 6649 packets received, 3744 bps, 46.80%, Err 159 (1.0e-05)
3641.296 .... 6651 packets received, 3742 bps, 46.78%, Err 160 (1.0e-05)
3646.061 .... 6659 packets received, 3742 bps, 46.77%, Err 160 (1.0e-05)
3648.972 .... 6666 packets received, 3743 bps, 46.78%, Err 161 (1.0e-05)
3651.087 .... 6674 packets received, 3745 bps, 46.81%, Err 161 (1.0e-05)
3653.227 .... 6682 packets received, 3747 bps, 46.84%, Err 161 (1.0e-05)
3655.321 .... 6690 packets received, 3750 bps, 46.87%, Err 161 (1.0e-05)
3657.447 .... 6698 packets received, 3752 bps, 46.90%, Err 161 (1.0e-05)
3659.544 .... 6706 packets received, 3754 bps, 46.93%, Err 161 (1.0e-05)
3662.458 .... 6713 packets received, 3755 bps, 46.94%, Err 162 (1.0e-05)
3664.571 .... 6721 packets received, 3757 bps, 46.97%, Err 162 (1.0e-05)
3666.685 .... 6729 packets received, 3760 bps, 47.00%, Err 162 (1.0e-05)
3668.799 .... 6733 packets received, 3760 bps, 47.00%, Err 163 (1.0e-05)
3670.913 .... 6741 packets received, 3762 bps, 47.03%, Err 163 (1.0e-05)
3673.022 .... 6749 packets received, 3764 bps, 47.06%, Err 163 (1.0e-05)
3675.132 .... 6757 packets received, 3767 bps, 47.08%, Err 163 (1.0e-05)
3677.261 .... 6765 packets received, 3769 bps, 47.11%, Err 163 (1.0e-05)
3679.381 .... 6773 packets received, 3771 bps, 47.14%, Err 163 (1.0e-05)
3681.494 .... 6781 packets received, 3774 bps, 47.17%, Err 163 (1.0e-05)
3684.668 .... 6789 packets received, 3775 bps, 47.18%, Err 164 (1.0e-05)
3686.779 .... 6797 packets received, 3777 bps, 47.21%, Err 164 (1.0e-05)
3688.889 .... 6805 packets received, 3779 bps, 47.24%, Err 164 (1.0e-05)
3690.997 .... 6813 packets received, 3782 bps, 47.27%, Err 164 (1.0e-05)
3693.903 .... 6820 packets received, 3783 bps, 47.28%, Err 165 (1.0e-05)
3696.014 .... 6828 packets received, 3785 bps, 47.31%, Err 165 (1.0e-05)
3698.142 .... 6836 packets received, 3787 bps, 47.34%, Err 165 (1.0e-05)
3700.237 .... 6844 packets received, 3789 bps, 47.37%, Err 165 (1.0e-05)
3704.675 .... 6846 packets received, 3786 bps, 47.32%, Err 165 (1.0e-05)
3708.677 .... 6847 packets received, 3782 bps, 47.28%, Err 165 (1.0e-05)
3712.705 .... 6848 packets received, 3779 bps, 47.23%, Err 165 (1.0e-05)
3716.888 .... 6849 packets received, 3775 bps, 47.19%, Err 165 (1.0e-05)
3720.986 .... 6850 packets received, 3771 bps, 47.14%, Err 165 (1.0e-05)
3725.048 .... 6851 packets received, 3768 bps, 47.10%, Err 165 (1.0e-05)
3729.203 .... 6852 packets received, 3764 bps, 47.05%, Err 165 (1.0e-05)
3733.266 .... 6853 packets received, 3761 bps, 47.01%, Err 165 (1.0e-05)
3737.420 .... 6854 packets received, 3757 bps, 46.96%, Err 165 (1.0e-05)
3741.509 .... 6855 packets received, 3754 bps, 46.92%, Err 165 (1.0e-05)
3745.679 .... 6856 packets received, 3750 bps, 46.87%, Err 165 (1.0e-05)
3749.808 .... 6857 packets rec