000.000 =============================================================
000.000                     Station A                               
000.000 -------------------------------------------------------------
000.000 Protocol.lib, version 4.0, jiangyanjun0718@bupt.edu.cn
000.000 Channel: 8000 bps, 270 ms propagation delay, bit error rate 1.0E-05
000.000 Log file "./gobackn-A.log", TCP port 59144, debug mask 0x00
000.000 Station A is waiting for station B on TCP port 59144 ... Done.
000.265 New epoch: Fri Mar 31 17:51:55 2023
000.265 =================================================================
000.265 
000.265 Designed by Jiang Yanjun, build: Oct 28 2018  16:51:52
000.265 Protocol Options: Piggybacking (Enabled), NAK (Enabled)
003.426 .... 4 packets received, 3842 bps, 48.03%, Err 1 (5.2e-05)
005.523 .... 12 packets received, 5811 bps, 72.64%, Err 1 (2.8e-05)
007.655 .... 20 packets received, 6439 bps, 80.49%, Err 1 (1.9e-05)
009.757 .... 28 packets received, 6776 bps, 84.70%, Err 1 (1.4e-05)
011.875 .... 36 packets received, 6968 bps, 87.10%, Err 1 (1.2e-05)
013.975 .... 44 packets received, 7106 bps, 88.83%, Err 1 (9.7e-06)
016.088 .... 52 packets received, 7199 bps, 89.98%, Err 1 (8.3e-06)
018.200 .... 60 packets received, 7268 bps, 90.86%, Err 1 (7.3e-06)
020.316 .... 68 packets received, 7321 bps, 91.52%, Err 1 (6.5e-06)
022.433 .... 76 packets received, 7363 bps, 92.04%, Err 1 (5.8e-06)
024.545 .... 84 packets received, 7399 bps, 92.49%, Err 1 (5.3e-06)
026.659 .... 92 packets received, 7428 bps, 92.85%, Err 1 (4.9e-06)
028.774 .... 100 packets received, 7453 bps, 93.16%, Err 1 (4.5e-06)
030.886 .... 108 packets received, 7474 bps, 93.43%, Err 1 (4.2e-06)
032.999 .... 112 packets received, 7235 bps, 90.43%, Err 2 (7.8e-06)
035.113 .... 120 packets received, 7267 bps, 90.84%, Err 2 (7.3e-06)
038.031 .... 127 packets received, 7080 bps, 88.50%, Err 3 (1.0e-05)
040.130 .... 135 packets received, 7119 bps, 88.99%, Err 3 (9.6e-06)
042.241 .... 143 packets received, 7152 bps, 89.40%, Err 3 (9.1e-06)
044.353 .... 151 packets received, 7182 bps, 89.77%, Err 3 (8.7e-06)
046.481 .... 159 packets received, 7206 bps, 90.08%, Err 3 (8.3e-06)
048.580 .... 167 packets received, 7233 bps, 90.41%, Err 3 (7.9e-06)
050.693 .... 175 packets received, 7255 bps, 90.69%, Err 3 (7.6e-06)
052.810 .... 183 packets received, 7275 bps, 90.94%, Err 3 (7.2e-06)
054.911 .... 191 packets received, 7296 bps, 91.19%, Err 3 (7.0e-06)
057.025 .... 199 packets received, 7313 bps, 91.41%, Err 3 (6.7e-06)
059.143 .... 207 packets received, 7328 bps, 91.60%, Err 3 (6.5e-06)
061.259 .... 215 packets received, 7343 bps, 91.79%, Err 3 (6.2e-06)
063.377 .... 223 packets received, 7356 bps, 91.95%, Err 3 (6.0e-06)
065.474 .... 231 packets received, 7371 bps, 92.14%, Err 3 (5.8e-06)
067.591 .... 239 packets received, 7383 bps, 92.29%, Err 3 (5.6e-06)
069.704 .... 247 packets received, 7394 bps, 92.43%, Err 3 (5.5e-06)
071.817 .... 255 packets received, 7405 bps, 92.57%, Err 4 (7.1e-06)
073.934 .... 258 packets received, 7274 bps, 90.93%, Err 5 (8.6e-06)
076.053 .... 266 packets received, 7287 bps, 91.09%, Err 5 (8.3e-06)
078.157 .... 274 packets received, 7301 bps, 91.26%, Err 5 (8.1e-06)
080.278 .... 282 packets received, 7312 bps, 91.40%, Err 5 (7.9e-06)
082.398 .... 290 packets received, 7323 bps, 91.54%, Err 5 (7.7e-06)
084.506 .... 298 packets received, 7334 bps, 91.68%, Err 5 (7.5e-06)
086.618 .... 306 packets received, 7345 bps, 91.81%, Err 5 (7.3e-06)
089.521 .... 312 packets received, 7242 bps, 90.53%, Err 7 (9.9e-06)
091.635 .... 320 packets received, 7254 bps, 90.68%, Err 7 (9.7e-06)
093.756 .... 328 packets received, 7265 bps, 90.81%, Err 7 (9.4e-06)
095.876 .... 336 packets received, 7275 bps, 90.94%, Err 7 (9.2e-06)
097.967 .... 344 packets received, 7288 bps, 91.09%, Err 7 (9.0e-06)
100.087 .... 352 packets received, 7297 bps, 91.21%, Err 7 (8.8e-06)
104.374 .... 354 packets received, 7033 bps, 87.92%, Err 7 (8.8e-06)
108.559 .... 355 packets received, 6778 bps, 84.72%, Err 7 (8.8e-06)
112.776 .... 356 packets received, 6540 bps, 81.75%, Err 7 (8.8e-06)
116.985 .... 357 packets received, 6320 bps, 79.00%, Err 7 (8.7e-06)
121.007 .... 358 packets received, 6125 bps, 76.56%, Err 7 (8.7e-06)
125.116 .... 359 packets received, 5938 bps, 74.22%, Err 7 (8.7e-06)
129.212 .... 360 packets received, 5764 bps, 72.05%, Err 7 (8.6e-06)
133.247 .... 361 packets received, 5603 bps, 70.04%, Err 7 (8.6e-06)
137.311 .... 362 packets received, 5451 bps, 68.13%, Err 7 (8.6e-06)
141.434 .... 363 packets received, 5305 bps, 66.31%, Err 7 (8.6e-06)
145.544 .... 364 packets received, 5168 bps, 64.60%, Err 7 (8.5e-06)
149.622 .... 365 packets received, 5040 bps, 63.00%, Err 7 (8.5e-06)
153.733 .... 366 packets received, 4917 bps, 61.46%, Err 7 (8.5e-06)
157.859 .... 367 packets received, 4801 bps, 60.01%, Err 7 (8.5e-06)
161.986 .... 368 packets received, 4690 bps, 58.63%, Err 7 (8.4e-06)
167.163 .... 369 packets received, 4556 bps, 56.95%, Err 8 (9.6e-06)
170.214 .... 370 packets received, 4486 bps, 56.07%, Err 8 (9.6e-06)
174.375 .... 371 packets received, 4390 bps, 54.87%, Err 8 (9.5e-06)
178.447 .... 372 packets received, 4301 bps, 53.76%, Err 8 (9.5e-06)
182.712 .... 373 packets received, 4211 bps, 52.63%, Err 8 (9.5e-06)
183.738 TCP disconnected.
