000.000 =============================================================
000.000                     Station B                               
000.000 -------------------------------------------------------------
000.000 Protocol.lib, version 4.0, jiangyanjun0718@bupt.edu.cn
000.000 Channel: 8000 bps, 270 ms propagation delay, bit error rate 1.0E-05
000.000 Log file "./gobackn-B.log", TCP port 59144, debug mask 0x00
000.000 Station B is connecting station A (TCP port 59144) ... Done.
000.513 New epoch: Sat Apr  8 21:50:16 2023
000.513 =================================================================
000.513 
000.513 Designed by Jiang Yanjun, build: Oct 28 2018  16:51:52
000.513 Protocol Options: Piggybacking (Enabled), NAK (Enabled)
002.916 .... 8 packets received, 7747 bps, 96.83%, Err 0 (0.0e+00)
006.069 .... 15 packets received, 5831 bps, 72.89%, Err 1 (2.3e-05)
008.178 .... 18 packets received, 4997 bps, 62.46%, Err 2 (3.3e-05)
010.299 .... 26 packets received, 5606 bps, 70.08%, Err 2 (2.6e-05)
012.432 .... 34 packets received, 5987 bps, 74.83%, Err 2 (2.1e-05)
014.558 .... 42 packets received, 6253 bps, 78.16%, Err 2 (1.8e-05)
016.644 .... 50 packets received, 6463 bps, 80.79%, Err 2 (1.6e-05)
018.754 .... 58 packets received, 6616 bps, 82.70%, Err 2 (1.4e-05)
020.858 .... 66 packets received, 6739 bps, 84.24%, Err 2 (1.2e-05)
022.972 .... 74 packets received, 6836 bps, 85.44%, Err 2 (1.1e-05)
025.092 .... 82 packets received, 6914 bps, 86.42%, Err 2 (1.0e-05)
027.191 .... 90 packets received, 6984 bps, 87.31%, Err 2 (9.4e-06)
029.332 .... 98 packets received, 7035 bps, 87.93%, Err 2 (8.7e-06)
031.425 .... 101 packets received, 6754 bps, 84.43%, Err 3 (1.2e-05)
033.535 .... 109 packets received, 6820 bps, 85.24%, Err 3 (1.1e-05)
035.644 .... 117 packets received, 6877 bps, 85.96%, Err 3 (1.1e-05)
037.756 .... 125 packets received, 6927 bps, 86.59%, Err 3 (1.0e-05)
039.885 .... 133 packets received, 6969 bps, 87.11%, Err 3 (9.5e-06)
042.242 .... 137 packets received, 6770 bps, 84.63%, Err 4 (1.2e-05)
044.377 .... 140 packets received, 6580 bps, 82.25%, Err 5 (1.4e-05)
046.489 .... 148 packets received, 6634 bps, 82.93%, Err 6 (1.6e-05)
048.581 .... 151 packets received, 6472 bps, 80.90%, Err 6 (1.6e-05)
050.710 .... 159 packets received, 6525 bps, 81.56%, Err 6 (1.5e-05)
052.805 .... 167 packets received, 6577 bps, 82.21%, Err 6 (1.4e-05)
054.931 .... 175 packets received, 6621 bps, 82.76%, Err 6 (1.4e-05)
057.055 .... 183 packets received, 6662 bps, 83.28%, Err 6 (1.3e-05)
059.161 .... 191 packets received, 6703 bps, 83.78%, Err 6 (1.3e-05)
061.269 .... 199 packets received, 6740 bps, 84.25%, Err 6 (1.2e-05)
063.391 .... 207 packets received, 6773 bps, 84.67%, Err 6 (1.2e-05)
065.502 .... 215 packets received, 6805 bps, 85.07%, Err 6 (1.2e-05)
067.599 .... 223 packets received, 6837 bps, 85.46%, Err 6 (1.1e-05)
069.713 .... 231 packets received, 6865 bps, 85.81%, Err 6 (1.1e-05)
071.834 .... 239 packets received, 6891 bps, 86.13%, Err 6 (1.1e-05)
073.960 .... 247 packets received, 6914 bps, 86.43%, Err 6 (1.0e-05)
077.119 .... 254 packets received, 6816 bps, 85.20%, Err 7 (1.1e-05)
079.237 .... 262 packets received, 6841 bps, 85.51%, Err 7 (1.1e-05)
081.337 .... 270 packets received, 6866 bps, 85.82%, Err 7 (1.1e-05)
083.459 .... 278 packets received, 6888 bps, 86.10%, Err 7 (1.1e-05)
085.571 .... 286 packets received, 6910 bps, 86.37%, Err 7 (1.0e-05)
087.692 .... 289 packets received, 6812 bps, 85.15%, Err 8 (1.1e-05)
089.787 .... 297 packets received, 6835 bps, 85.44%, Err 8 (1.1e-05)
091.925 .... 305 packets received, 6855 bps, 85.69%, Err 8 (1.1e-05)
094.026 .... 313 packets received, 6876 bps, 85.95%, Err 8 (1.1e-05)
096.149 .... 321 packets received, 6895 bps, 86.19%, Err 8 (1.0e-05)
098.255 .... 329 packets received, 6914 bps, 86.42%, Err 8 (1.0e-05)
100.369 .... 337 packets received, 6932 bps, 86.65%, Err 8 (1.0e-05)
102.498 .... 345 packets received, 6948 bps, 86.85%, Err 8 (9.8e-06)
104.597 .... 353 packets received, 6965 bps, 87.06%, Err 8 (9.6e-06)
106.698 .... 361 packets received, 6982 bps, 87.27%, Err 8 (9.4e-06)
108.808 .... 369 packets received, 6997 bps, 87.46%, Err 8 (9.2e-06)
111.992 .... 377 packets received, 6944 bps, 86.80%, Err 9 (1.0e-05)
114.096 .... 385 packets received, 6960 bps, 86.99%, Err 9 (9.9e-06)
116.213 .... 393 packets received, 6974 bps, 87.17%, Err 9 (9.7e-06)
118.324 .... 401 packets received, 6988 bps, 87.35%, Err 9 (9.6e-06)
120.433 .... 409 packets received, 7002 bps, 87.52%, Err 10 (1.0e-05)
122.553 .... 417 packets received, 7014 bps, 87.68%, Err 10 (1.0e-05)
124.668 .... 421 packets received, 6961 bps, 87.01%, Err 12 (1.2e-05)
126.751 .... 429 packets received, 6976 bps, 87.20%, Err 12 (1.2e-05)
129.414 .... 435 packets received, 6927 bps, 86.59%, Err 13 (1.3e-05)
131.537 .... 443 packets received, 6940 bps, 86.75%, Err 13 (1.2e-05)
133.645 .... 451 packets received, 6953 bps, 86.91%, Err 13 (1.2e-05)
135.731 .... 459 packets received, 6967 bps, 87.09%, Err 13 (1.2e-05)
137.851 .... 463 packets received, 6919 bps, 86.49%, Err 14 (1.3e-05)
139.960 .... 471 packets received, 6932 bps, 86.65%, Err 14 (1.3e-05)
142.082 .... 479 packets received, 6944 bps, 86.79%, Err 14 (1.2e-05)
144.192 .... 487 packets received, 6956 bps, 86.95%, Err 14 (1.2e-05)
146.317 .... 495 packets received, 6967 bps, 87.08%, Err 14 (1.2e-05)
148.436 .... 503 packets received, 6978 bps, 87.22%, Err 14 (1.2e-05)
150.530 .... 511 packets received, 6989 bps, 87.37%, Err 14 (1.2e-05)
152.637 .... 519 packets received, 7000 bps, 87.50%, Err 14 (1.2e-05)
154.746 .... 527 packets received, 7011 bps, 87.64%, Err 14 (1.1e-05)
156.858 .... 531 packets received, 6969 bps, 87.11%, Err 15 (1.2e-05)
158.982 .... 539 packets received, 6979 bps, 87.23%, Err 15 (1.2e-05)
161.091 .... 547 packets received, 6989 bps, 87.36%, Err 15 (1.2e-05)
163.202 .... 555 packets received, 6999 bps, 87.49%, Err 15 (1.2e-05)
165.319 .... 563 packets received, 7008 bps, 87.61%, Err 15 (1.1e-05)
167.419 .... 567 packets received, 6969 bps, 87.12%, Err 16 (1.2e-05)
169.542 .... 575 packets received, 6979 bps, 87.23%, Err 16 (1.2e-05)
171.656 .... 583 packets received, 6988 bps, 87.35%, Err 16 (1.2e-05)
173.764 .... 591 packets received, 6998 bps, 87.47%, Err 16 (1.2e-05)
175.886 .... 599 packets received, 7007 bps, 87.58%, Err 16 (1.1e-05)
177.996 .... 607 packets received, 7016 bps, 87.70%, Err 16 (1.1e-05)
180.106 .... 615 packets received, 7024 bps, 87.81%, Err 16 (1.1e-05)
182.212 .... 623 packets received, 7033 bps, 87.92%, Err 16 (1.1e-05)
184.329 .... 631 packets received, 7041 bps, 88.02%, Err 16 (1.1e-05)
186.437 .... 639 packets received, 7050 bps, 88.12%, Err 16 (1.1e-05)
188.550 .... 647 packets received, 7058 bps, 88.22%, Err 16 (1.1e-05)
190.654 .... 655 packets received, 7066 bps, 88.32%, Err 16 (1.1e-05)
192.782 .... 663 packets received, 7073 bps, 88.41%, Err 16 (1.0e-05)
194.870 .... 671 packets received, 7081 bps, 88.51%, Err 16 (1.0e-05)
196.987 .... 679 packets received, 7088 bps, 88.60%, Err 16 (1.0e-05)
199.115 .... 687 packets received, 7095 bps, 88.68%, Err 16 (1.0e-05)
201.221 .... 695 packets received, 7102 bps, 88.77%, Err 16 (1.0e-05)
203.325 .... 703 packets received, 7109 bps, 88.86%, Err 16 (9.9e-06)
205.454 .... 711 packets received, 7115 bps, 88.94%, Err 16 (9.8e-06)
207.545 .... 719 packets received, 7122 bps, 89.03%, Err 16 (9.7e-06)
209.671 .... 727 packets received, 7128 bps, 89.10%, Err 16 (9.6e-06)
211.786 .... 735 packets received, 7135 bps, 89.18%, Err 16 (9.5e-06)
213.897 .... 743 packets received, 7141 bps, 89.26%, Err 16 (9.4e-06)
216.010 .... 751 packets received, 7147 bps, 89.33%, Err 16 (9.3e-06)
218.123 .... 759 packets received, 7153 bps, 89.41%, Err 16 (9.2e-06)
220.233 .... 767 packets received, 7159 bps, 89.48%, Err 16 (9.1e-06)
222.345 .... 775 packets received, 7164 bps, 89.55%, Err 16 (9.0e-06)
224.454 .... 783 packets received, 7170 bps, 89.62%, Err 16 (8.9e-06)
226.569 .... 791 packets received, 7175 bps, 89.69%, Err 16 (8.8e-06)
228.663 .... 799 packets received, 7181 bps, 89.77%, Err 16 (8.8e-06)
230.809 .... 807 packets received, 7186 bps, 89.82%, Err 16 (8.7e-06)
232.934 .... 815 packets received, 7190 bps, 89.88%, Err 16 (8.6e-06)
235.034 .... 823 packets received, 7196 bps, 89.95%, Err 16 (8.5e-06)
237.131 .... 831 packets received, 7201 bps, 90.02%, Err 16 (8.5e-06)
239.258 .... 839 packets received, 7206 bps, 90.07%, Err 16 (8.4e-06)
241.344 .... 847 packets received, 7211 bps, 90.14%, Err 16 (8.3e-06)
243.473 .... 855 packets received, 7216 bps, 90.20%, Err 16 (8.2e-06)
245.569 .... 863 packets received, 7221 bps, 90.26%, Err 16 (8.2e-06)
247.694 .... 871 packets received, 7225 bps, 90.31%, Err 16 (8.1e-06)
249.800 .... 879 packets received, 7230 bps, 90.37%, Err 16 (8.0e-06)
251.931 .... 887 packets received, 7234 bps, 90.42%, Err 16 (8.0e-06)
254.024 .... 895 packets received, 7239 bps, 90.48%, Err 16 (7.9e-06)
256.138 .... 903 packets received, 7243 bps, 90.53%, Err 16 (7.8e-06)
258.264 .... 911 packets received, 7247 bps, 90.58%, Err 16 (7.8e-06)
260.357 .... 919 packets received, 7251 bps, 90.64%, Err 16 (7.7e-06)
262.480 .... 927 packets received, 7255 bps, 90.69%, Err 16 (7.6e-06)
264.593 .... 935 packets received, 7259 bps, 90.74%, Err 16 (7.6e-06)
266.708 .... 943 packets received, 7263 bps, 90.79%, Err 16 (7.5e-06)
268.821 .... 951 packets received, 7267 bps, 90.84%, Err 16 (7.5e-06)
270.923 .... 959 packets received, 7271 bps, 90.89%, Err 16 (7.4e-06)
273.049 .... 967 packets received, 7274 bps, 90.93%, Err 16 (7.3e-06)
275.151 .... 975 packets received, 7278 bps, 90.98%, Err 16 (7.3e-06)
277.272 .... 983 packets received, 7282 bps, 91.02%, Err 16 (7.2e-06)
279.384 .... 991 packets received, 7285 bps, 91.07%, Err 16 (7.2e-06)
281.496 .... 999 packets received, 7289 bps, 91.11%, Err 16 (7.1e-06)
283.625 .... 1007 packets received, 7292 bps, 91.15%, Err 16 (7.1e-06)
285.720 .... 1015 packets received, 7296 bps, 91.20%, Err 16 (7.0e-06)
287.826 .... 1023 packets received, 7299 bps, 91.24%, Err 16 (7.0e-06)
289.968 .... 1031 packets received, 7302 bps, 91.27%, Err 16 (6.9e-06)
292.080 .... 1039 packets received, 7305 bps, 91.32%, Err 16 (6.9e-06)
294.164 .... 1047 packets received, 7309 bps, 91.37%, Err 16 (6.8e-06)
296.304 .... 1055 packets received, 7312 bps, 91.40%, Err 16 (6.8e-06)
298.397 .... 1063 packets received, 7315 bps, 91.44%, Err 16 (6.7e-06)
300.532 .... 1071 packets received, 7318 bps, 91.47%, Err 16 (6.7e-06)
302.644 .... 1079 packets received, 7321 bps, 91.51%, Err 16 (6.6e-06)
305.816 .... 1087 packets received, 7299 bps, 91.23%, Err 17 (7.0e-06)
307.913 .... 1095 packets received, 7302 bps, 91.28%, Err 17 (6.9e-06)
310.038 .... 1099 packets received, 7278 bps, 90.98%, Err 18 (7.3e-06)
312.138 .... 1107 packets received, 7282 bps, 91.02%, Err 18 (7.2e-06)
314.262 .... 1115 packets received, 7285 bps, 91.06%, Err 19 (7.6e-06)
316.348 .... 1119 packets received, 7263 bps, 90.78%, Err 19 (7.5e-06)
318.474 .... 1127 packets received, 7266 bps, 90.82%, Err 19 (7.5e-06)
320.591 .... 1135 packets received, 7269 bps, 90.86%, Err 19 (7.4e-06)
322.702 .... 1143 packets received, 7272 bps, 90.90%, Err 19 (7.4e-06)
324.814 .... 1151 packets received, 7275 bps, 90.94%, Err 19 (7.3e-06)
326.928 .... 1159 packets received, 7278 bps, 90.98%, Err 19 (7.3e-06)
329.047 .... 1167 packets received, 7281 bps, 91.01%, Err 19 (7.2e-06)
331.169 .... 1175 packets received, 7284 bps, 91.05%, Err 19 (7.2e-06)
333.258 .... 1179 packets received, 7263 bps, 90.79%, Err 20 (7.5e-06)
335.373 .... 1187 packets received, 7266 bps, 90.82%, Err 20 (7.5e-06)
337.498 .... 1195 packets received, 7269 bps, 90.86%, Err 20 (7.4e-06)
339.607 .... 1199 packets received, 7248 bps, 90.60%, Err 21 (7.7e-06)
341.699 .... 1207 packets received, 7251 bps, 90.64%, Err 21 (7.7e-06)
343.827 .... 1215 packets received, 7254 bps, 90.68%, Err 21 (7.6e-06)
345.934 .... 1223 packets received, 7257 bps, 90.72%, Err 21 (7.6e-06)
348.054 .... 1231 packets received, 7260 bps, 90.75%, Err 21 (7.6e-06)
350.155 .... 1239 packets received, 7263 bps, 90.79%, Err 21 (7.5e-06)
352.270 .... 1247 packets received, 7266 bps, 90.83%, Err 21 (7.5e-06)
354.386 .... 1255 packets received, 7269 bps, 90.86%, Err 21 (7.4e-06)
356.491 .... 1263 packets received, 7272 bps, 90.90%, Err 21 (7.4e-06)
358.608 .... 1271 packets received, 7275 bps, 90.94%, Err 21 (7.3e-06)
360.708 .... 1275 packets received, 7255 bps, 90.69%, Err 22 (7.6e-06)
362.836 .... 1283 packets received, 7258 bps, 90.72%, Err 22 (7.6e-06)
364.945 .... 1287 packets received, 7238 bps, 90.48%, Err 23 (7.9e-06)
367.327 .... 1292 packets received, 7219 bps, 90.24%, Err 24 (8.2e-06)
369.445 .... 1300 packets received, 7222 bps, 90.28%, Err 24 (8.1e-06)
371.552 .... 1308 packets received, 7225 bps, 90.32%, Err 24 (8.1e-06)
373.667 .... 1316 packets received, 7228 bps, 90.35%, Err 24 (8.0e-06)
375.769 .... 1324 packets received, 7231 bps, 90.39%, Err 24 (8.0e-06)
377.899 .... 1332 packets received, 7234 bps, 90.43%, Err 24 (7.9e-06)
380.010 .... 1340 packets received, 7237 bps, 90.46%, Err 24 (7.9e-06)
382.358 .... 1345 packets received, 7219 bps, 90.24%, Err 25 (8.2e-06)
384.483 .... 1353 packets received, 7222 bps, 90.27%, Err 25 (8.1e-06)
386.594 .... 1361 packets received, 7225 bps, 90.31%, Err 25 (8.1e-06)
388.712 .... 1369 packets received, 7228 bps, 90.35%, Err 25 (8.1e-06)
390.834 .... 1377 packets received, 7230 bps, 90.38%, Err 25 (8.0e-06)
392.950 .... 1385 packets received, 7233 bps, 90.41%, Err 25 (8.0e-06)
395.045 .... 1393 packets received, 7236 bps, 90.45%, Err 25 (7.9e-06)
397.167 .... 1401 packets received, 7239 bps, 90.49%, Err 25 (7.9e-06)
399.275 .... 1409 packets received, 7242 bps, 90.52%, Err 25 (7.8e-06)
401.386 .... 1417 packets received, 7244 bps, 90.56%, Err 25 (7.8e-06)
403.490 .... 1425 packets received, 7247 bps, 90.59%, Err 25 (7.8e-06)
405.614 .... 1429 packets received, 7229 bps, 90.37%, Err 27 (8.3e-06)
407.719 .... 1437 packets received, 7232 bps, 90.40%, Err 28 (8.6e-06)
409.841 .... 1445 packets received, 7235 bps, 90.44%, Err 28 (8.6e-06)
411.926 .... 1453 packets received, 7238 bps, 90.48%, Err 28 (8.5e-06)
414.066 .... 1461 packets received, 7240 bps, 90.50%, Err 28 (8.5e-06)
416.164 .... 1469 packets received, 7243 bps, 90.54%, Err 29 (8.7e-06)
419.721 .... 1470 packets received, 7186 bps, 89.83%, Err 30 (8.9e-06)
421.836 .... 1478 packets received, 7189 bps, 89.87%, Err 30 (8.9e-06)
423.950 .... 1486 packets received, 7192 bps, 89.90%, Err 30 (8.9e-06)
426.078 .... 1494 packets received, 7195 bps, 89.93%, Err 31 (9.1e-06)
428.959 .... 1501 packets received, 7180 bps, 89.75%, Err 32 (9.3e-06)
431.086 .... 1509 packets received, 7182 bps, 89.78%, Err 32 (9.3e-06)
433.187 .... 1517 packets received, 7185 bps, 89.82%, Err 32 (9.2e-06)
435.315 .... 1525 packets received, 7188 bps, 89.85%, Err 32 (9.2e-06)
437.416 .... 1533 packets received, 7191 bps, 89.88%, Err 32 (9.2e-06)
439.517 .... 1541 packets received, 7194 bps, 89.92%, Err 32 (9.1e-06)
441.649 .... 1549 packets received, 7196 bps, 89.95%, Err 32 (9.1e-06)
443.761 .... 1557 packets received, 7199 bps, 89.98%, Err 32 (9.0e-06)
445.875 .... 1565 packets received, 7201 bps, 90.02%, Err 32 (9.0e-06)
449.022 .... 1573 packets received, 7187 bps, 89.84%, Err 33 (9.2e-06)
451.135 .... 1581 packets received, 7190 bps, 89.87%, Err 33 (9.2e-06)
453.264 .... 1589 packets received, 7192 bps, 89.90%, Err 33 (9.1e-06)
455.381 .... 1597 packets received, 7195 bps, 89.94%, Err 33 (9.1e-06)
457.483 .... 1605 packets received, 7198 bps, 89.97%, Err 33 (9.0e-06)
459.594 .... 1613 packets received, 7200 bps, 90.00%, Err 33 (9.0e-06)
461.723 .... 1621 packets received, 7203 bps, 90.03%, Err 33 (8.9e-06)
463.838 .... 1625 packets received, 7187 bps, 89.84%, Err 35 (9.4e-06)
466.983 .... 1629 packets received, 7156 bps, 89.46%, Err 36 (9.6e-06)
469.096 .... 1637 packets received, 7159 bps, 89.49%, Err 36 (9.6e-06)
471.220 .... 1645 packets received, 7162 bps, 89.52%, Err 36 (9.6e-06)
473.331 .... 1653 packets received, 7164 bps, 89.55%, Err 36 (9.5e-06)
475.442 .... 1657 packets received, 7150 bps, 89.37%, Err 38 (1.0e-05)
477.570 .... 1665 packets received, 7152 bps, 89.40%, Err 38 (1.0e-05)
479.666 .... 1673 packets received, 7155 bps, 89.44%, Err 38 (9.9e-06)
481.794 .... 1681 packets received, 7157 bps, 89.47%, Err 38 (9.9e-06)
483.905 .... 1689 packets received, 7160 bps, 89.50%, Err 38 (9.8e-06)
486.289 .... 1694 packets received, 7146 bps, 89.33%, Err 39 (1.0e-05)
488.389 .... 1702 packets received, 7149 bps, 89.36%, Err 39 (1.0e-05)
490.521 .... 1710 packets received, 7151 bps, 89.39%, Err 39 (1.0e-05)
492.633 .... 1718 packets received, 7154 bps, 89.42%, Err 39 (9.9e-06)
494.739 .... 1722 packets received, 7140 bps, 89.25%, Err 40 (1.0e-05)
496.847 .... 1730 packets received, 7143 bps, 89.28%, Err 40 (1.0e-05)
498.955 .... 1738 packets received, 7145 bps, 89.32%, Err 40 (1.0e-05)
501.074 .... 1746 packets received, 7148 bps, 89.35%, Err 40 (1.0e-05)
504.000 .... 1753 packets received, 7135 bps, 89.18%, Err 41 (1.0e-05)
506.110 .... 1761 packets received, 7137 bps, 89.22%, Err 41 (1.0e-05)
508.204 .... 1769 packets received, 7140 bps, 89.25%, Err 41 (1.0e-05)
510.313 .... 1777 packets received, 7143 bps, 89.28%, Err 41 (1.0e-05)
512.429 .... 1785 packets received, 7145 bps, 89.31%, Err 41 (1.0e-05)
514.543 .... 1793 packets received, 7148 bps, 89.35%, Err 41 (1.0e-05)
516.641 .... 1801 packets received, 7150 bps, 89.38%, Err 41 (9.9e-06)
518.758 .... 1809 packets received, 7153 bps, 89.41%, Err 41 (9.9e-06)
520.872 .... 1817 packets received, 7155 bps, 89.44%, Err 41 (9.9e-06)
522.983 .... 1825 packets received, 7158 bps, 89.47%, Err 41 (9.8e-06)
525.092 .... 1833 packets received, 7160 bps, 89.50%, Err 41 (9.8e-06)
527.209 .... 1841 packets received, 7162 bps, 89.53%, Err 41 (9.7e-06)
529.325 .... 1849 packets received, 7165 bps, 89.56%, Err 41 (9.7e-06)
531.442 .... 1857 packets received, 7167 bps, 89.59%, Err 41 (9.7e-06)
533.545 .... 1865 packets received, 7170 bps, 89.62%, Err 41 (9.6e-06)
535.662 .... 1873 packets received, 7172 bps, 89.65%, Err 41 (9.6e-06)
537.773 .... 1881 packets received, 7174 bps, 89.68%, Err 41 (9.5e-06)
539.887 .... 1889 packets received, 7176 bps, 89.70%, Err 41 (9.5e-06)
542.002 .... 1897 packets received, 7179 bps, 89.73%, Err 41 (9.5e-06)
544.116 .... 1905 packets received, 7181 bps, 89.76%, Err 41 (9.4e-06)
546.230 .... 1913 packets received, 7183 bps, 89.79%, Err 41 (9.4e-06)
548.327 .... 1921 packets received, 7185 bps, 89.82%, Err 41 (9.4e-06)
550.437 .... 1929 packets received, 7188 bps, 89.85%, Err 41 (9.3e-06)
552.554 .... 1937 packets received, 7190 bps, 89.87%, Err 41 (9.3e-06)
554.665 .... 1945 packets received, 7192 bps, 89.90%, Err 41 (9.3e-06)
556.792 .... 1953 packets received, 7194 bps, 89.92%, Err 41 (9.2e-06)
559.175 .... 1958 packets received, 7182 bps, 89.77%, Err 43 (9.6e-06)
561.282 .... 1966 packets received, 7184 bps, 89.80%, Err 43 (9.6e-06)
563.387 .... 1974 packets received, 7186 bps, 89.83%, Err 43 (9.6e-06)
565.507 .... 1982 packets received, 7188 bps, 89.85%, Err 43 (9.5e-06)
567.628 .... 1990 packets received, 7190 bps, 89.88%, Err 43 (9.5e-06)
569.738 .... 1998 packets received, 7192 bps, 89.90%, Err 43 (9.4e-06)
571.846 .... 2006 packets received, 7194 bps, 89.93%, Err 43 (9.4e-06)
573.953 .... 2014 packets received, 7196 bps, 89.96%, Err 43 (9.4e-06)
576.078 .... 2018 packets received, 7184 bps, 89.80%, Err 44 (9.6e-06)
578.184 .... 2026 packets received, 7186 bps, 89.83%, Err 44 (9.5e-06)
580.296 .... 2034 packets received, 7188 bps, 89.85%, Err 44 (9.5e-06)
582.405 .... 2042 packets received, 7190 bps, 89.88%, Err 44 (9.5e-06)
584.525 .... 2050 packets received, 7192 bps, 89.91%, Err 44 (9.4e-06)
586.636 .... 2058 packets received, 7194 bps, 89.93%, Err 44 (9.4e-06)
588.737 .... 2066 packets received, 7197 bps, 89.96%, Err 44 (9.4e-06)
590.850 .... 2074 packets received, 7199 bps, 89.98%, Err 44 (9.3e-06)
592.970 .... 2082 packets received, 7201 bps, 90.01%, Err 44 (9.3e-06)
595.069 .... 2090 packets received, 7203 bps, 90.03%, Err 44 (9.3e-06)
597.195 .... 2098 packets received, 7204 bps, 90.06%, Err 44 (9.2e-06)
599.285 .... 2106 packets received, 7207 bps, 90.08%, Err 44 (9.2e-06)
601.400 .... 2114 packets received, 7209 bps, 90.11%, Err 44 (9.2e-06)
603.511 .... 2122 packets received, 7211 bps, 90.13%, Err 44 (9.1e-06)
605.628 .... 2130 packets received, 7212 bps, 90.15%, Err 44 (9.1e-06)
607.757 .... 2138 packets received, 7214 bps, 90.18%, Err 44 (9.1e-06)
609.859 .... 2146 packets received, 7216 bps, 90.20%, Err 44 (9.0e-06)
611.955 .... 2154 packets received, 7218 bps, 90.23%, Err 44 (9.0e-06)
614.080 .... 2162 packets received, 7220 bps, 90.25%, Err 44 (9.0e-06)
616.694 .... 2168 packets received, 7209 bps, 90.11%, Err 45 (9.1e-06)
618.817 .... 2176 packets received, 7211 bps, 90.14%, Err 45 (9.1e-06)
623.746 .... 2183 packets received, 7177 bps, 89.71%, Err 47 (9.4e-06)
625.852 .... 2191 packets received, 7179 bps, 89.74%, Err 47 (9.4e-06)
627.956 .... 2199 packets received, 7181 bps, 89.76%, Err 47 (9.4e-06)
630.074 .... 2207 packets received, 7183 bps, 89.78%, Err 47 (9.3e-06)
632.185 .... 2215 packets received, 7185 bps, 89.81%, Err 47 (9.3e-06)
635.362 .... 2223 packets received, 7175 bps, 89.68%, Err 48 (9.5e-06)
637.467 .... 2231 packets received, 7177 bps, 89.71%, Err 48 (9.4e-06)
639.585 .... 2239 packets received, 7178 bps, 89.73%, Err 48 (9.4e-06)
641.687 .... 2247 packets received, 7180 bps, 89.76%, Err 48 (9.4e-06)
643.796 .... 2255 packets received, 7182 bps, 89.78%, Err 48 (9.3e-06)
645.896 .... 2263 packets received, 7184 bps, 89.81%, Err 48 (9.3e-06)
648.001 .... 2271 packets received, 7186 bps, 89.83%, Err 48 (9.3e-06)
650.123 .... 2279 packets received, 7188 bps, 89.85%, Err 48 (9.2e-06)
652.759 .... 2285 packets received, 7178 bps, 89.72%, Err 49 (9.4e-06)
654.879 .... 2293 packets received, 7180 bps, 89.75%, Err 49 (9.4e-06)
657.003 .... 2301 packets received, 7181 bps, 89.77%, Err 49 (9.3e-06)
659.112 .... 2309 packets received, 7183 bps, 89.79%, Err 49 (9.3e-06)
661.211 .... 2317 packets received, 7185 bps, 89.82%, Err 49 (9.3e-06)
663.326 .... 2325 packets received, 7187 bps, 89.84%, Err 49 (9.2e-06)
665.446 .... 2329 packets received, 7176 bps, 89.71%, Err 52 (9.8e-06)
667.556 .... 2333 packets received, 7166 bps, 89.58%, Err 53 (9.9e-06)
669.697 .... 2341 packets received, 7168 bps, 89.59%, Err 53 (9.9e-06)
671.805 .... 2349 packets received, 7169 bps, 89.62%, Err 53 (9.9e-06)
673.883 .... 2357 packets received, 7172 bps, 89.65%, Err 53 (9.8e-06)
675.996 .... 2365 packets received, 7174 bps, 89.67%, Err 53 (9.8e-06)
678.132 .... 2373 packets received, 7175 bps, 89.69%, Err 54 (1.0e-05)
680.234 .... 2381 packets received, 7177 bps, 89.71%, Err 54 (9.9e-06)
682.352 .... 2389 packets received, 7179 bps, 89.73%, Err 54 (9.9e-06)
684.455 .... 2397 packets received, 7181 bps, 89.76%, Err 54 (9.9e-06)
686.575 .... 2405 packets received, 7182 bps, 89.78%, Err 54 (9.8e-06)
688.696 .... 2413 packets received, 7184 bps, 89.80%, Err 54 (9.8e-06)
690.803 .... 2421 packets received, 7186 bps, 89.82%, Err 54 (9.8e-06)
692.925 .... 2429 packets received, 7187 bps, 89.84%, Err 55 (9.9e-06)
696.093 .... 2437 packets received, 7178 bps, 89.73%, Err 56 (1.0e-05)
698.183 .... 2445 packets received, 7180 bps, 89.75%, Err 56 (1.0e-05)
700.303 .... 2453 packets received, 7182 bps, 89.77%, Err 56 (1.0e-05)
702.424 .... 2461 packets received, 7184 bps, 89.79%, Err 56 (1.0e-05)
704.546 .... 2465 packets received, 7174 bps, 89.67%, Err 59 (1.0e-05)
706.650 .... 2473 packets received, 7175 bps, 89.69%, Err 59 (1.0e-05)
708.752 .... 2481 packets received, 7177 bps, 89.71%, Err 59 (1.0e-05)
710.869 .... 2489 packets received, 7179 bps, 89.74%, Err 59 (1.0e-05)
712.971 .... 2497 packets received, 7181 bps, 89.76%, Err 59 (1.0e-05)
715.106 .... 2505 packets received, 7182 bps, 89.78%, Err 59 (1.0e-05)
717.209 .... 2513 packets received, 7184 bps, 89.80%, Err 59 (1.0e-05)
719.315 .... 2521 packets received, 7186 bps, 89.82%, Err 59 (1.0e-05)
721.433 .... 2529 packets received, 7187 bps, 89.84%, Err 59 (1.0e-05)
723.550 .... 2537 packets received, 7189 bps, 89.86%, Err 59 (1.0e-05)
725.666 .... 2545 packets received, 7191 bps, 89.88%, Err 59 (1.0e-05)
727.752 .... 2553 packets received, 7192 bps, 89.91%, Err 59 (1.0e-05)
729.876 .... 2561 packets received, 7194 bps, 89.92%, Err 59 (1.0e-05)
731.995 .... 2569 packets received, 7196 bps, 89.94%, Err 59 (1.0e-05)
734.112 .... 2577 packets received, 7197 bps, 89.96%, Err 59 (1.0e-05)
736.215 .... 2585 packets received, 7199 bps, 89.98%, Err 59 (1.0e-05)
738.337 .... 2593 packets received, 7200 bps, 90.00%, Err 59 (1.0e-05)
740.441 .... 2601 packets received, 7202 bps, 90.02%, Err 59 (1.0e-05)
742.561 .... 2609 packets received, 7203 bps, 90.04%, Err 59 (9.9e-06)
744.665 .... 2617 packets received, 7205 bps, 90.06%, Err 59 (9.9e-06)
747.846 .... 2625 packets received, 7196 bps, 89.95%, Err 60 (1.0e-05)
749.949 .... 2633 packets received, 7198 bps, 89.98%, Err 60 (1.0e-05)
752.063 .... 2641 packets received, 7200 bps, 89.99%, Err 60 (1.0e-05)
754.164 .... 2645 packets received, 7190 bps, 89.88%, Err 61 (1.0e-05)
756.296 .... 2653 packets received, 7192 bps, 89.90%, Err 61 (1.0e-05)
758.383 .... 2661 packets received, 7194 bps, 89.92%, Err 61 (1.0e-05)
760.518 .... 2669 packets received, 7195 bps, 89.94%, Err 61 (1.0e-05)
762.625 .... 2677 packets received, 7197 bps, 89.96%, Err 61 (1.0e-05)
764.733 .... 2681 packets received, 7187 bps, 89.84%, Err 62 (1.0e-05)
766.829 .... 2689 packets received, 7189 bps, 89.86%, Err 62 (1.0e-05)
768.962 .... 2697 packets received, 7190 bps, 89.88%, Err 62 (1.0e-05)
771.070 .... 2705 packets received, 7192 bps, 89.90%, Err 62 (1.0e-05)
774.228 .... 2713 packets received, 7184 bps, 89.80%, Err 63 (1.0e-05)
776.351 .... 2721 packets received, 7185 bps, 89.82%, Err 63 (1.0e-05)
778.459 .... 2729 packets received, 7187 bps, 89.84%, Err 63 (1.0e-05)
780.572 .... 2737 packets received, 7188 bps, 89.86%, Err 63 (1.0e-05)
782.696 .... 2745 packets received, 7190 bps, 89.87%, Err 63 (1.0e-05)
784.806 .... 2753 packets received, 7191 bps, 89.89%, Err 63 (1.0e-05)
786.913 .... 2761 packets received, 7193 bps, 89.91%, Err 63 (1.0e-05)
789.019 .... 2769 packets received, 7195 bps, 89.93%, Err 63 (1.0e-05)
791.138 .... 2777 packets received, 7196 bps, 89.95%, Err 63 (1.0e-05)
793.250 .... 2785 packets received, 7198 bps, 89.97%, Err 63 (9.9e-06)
795.359 .... 2793 packets received, 7199 bps, 89.99%, Err 63 (9.9e-06)
797.469 .... 2801 packets received, 7201 bps, 90.01%, Err 63 (9.9e-06)
799.590 .... 2809 packets received, 7202 bps, 90.02%, Err 63 (9.9e-06)
801.698 .... 2817 packets received, 7203 bps, 90.04%, Err 63 (9.8e-06)
803.790 .... 2825 packets received, 7205 bps, 90.06%, Err 63 (9.8e-06)
805.928 .... 2833 packets received, 7206 bps, 90.08%, Err 63 (9.8e-06)
808.019 .... 2841 packets received, 7208 bps, 90.10%, Err 63 (9.8e-06)
810.160 .... 2849 packets received, 7209 bps, 90.11%, Err 63 (9.7e-06)
812.243 .... 2857 packets received, 7211 bps, 90.13%, Err 63 (9.7e-06)
814.376 .... 2865 packets received, 7212 bps, 90.15%, Err 63 (9.7e-06)
816.480 .... 2873 packets received, 7214 bps, 90.17%, Err 63 (9.7e-06)
818.587 .... 2881 packets received, 7215 bps, 90.19%, Err 63 (9.6e-06)
820.708 .... 2889 packets received, 7216 bps, 90.20%, Err 63 (9.6e-06)
822.840 .... 2897 packets received, 7217 bps, 90.22%, Err 63 (9.6e-06)
824.958 .... 2905 packets received, 7219 bps, 90.24%, Err 63 (9.6e-06)
827.054 .... 2913 packets received, 7220 bps, 90.25%, Err 63 (9.5e-06)
829.159 .... 2921 packets received, 7222 bps, 90.27%, Err 63 (9.5e-06)
831.282 .... 2929 packets received, 7223 bps, 90.29%, Err 64 (9.6e-06)
833.411 .... 2933 packets received, 7214 bps, 90.18%, Err 64 (9.6e-06)
835.522 .... 2941 packets received, 7216 bps, 90.20%, Err 64 (9.6e-06)
837.628 .... 2945 packets received, 7207 bps, 90.09%, Err 65 (9.7e-06)
839.746 .... 2953 packets received, 7209 bps, 90.11%, Err 65 (9.7e-06)
841.835 .... 2961 packets received, 7210 bps, 90.13%, Err 65 (9.7e-06)
843.952 .... 2969 packets received, 7212 bps, 90.15%, Err 65 (9.6e-06)
846.076 .... 2977 packets received, 7213 bps, 90.16%, Err 65 (9.6e-06)
848.173 .... 2985 packets received, 7214 bps, 90.18%, Err 65 (9.6e-06)
850.294 .... 2993 packets received, 7216 bps, 90.20%, Err 65 (9.6e-06)
852.389 .... 3001 packets received, 7217 bps, 90.21%, Err 65 (9.5e-06)
854.512 .... 3009 packets received, 7218 bps, 90.23%, Err 66 (9.7e-06)
856.642 .... 3017 packets received, 7220 bps, 90.24%, Err 66 (9.6e-06)
858.752 .... 3025 packets received, 7221 bps, 90.26%, Err 66 (9.6e-06)
860.863 .... 3033 packets received, 7222 bps, 90.28%, Err 66 (9.6e-06)
862.973 .... 3041 packets received, 7224 bps, 90.29%, Err 66 (9.6e-06)
865.075 .... 3049 packets received, 7225 bps, 90.31%, Err 66 (9.5e-06)
867.196 .... 3057 packets received, 7226 bps, 90.33%, Err 66 (9.5e-06)
869.301 .... 3065 packets received, 7228 bps, 90.34%, Err 66 (9.5e-06)
871.423 .... 3073 packets received, 7229 bps, 90.36%, Err 66 (9.5e-06)
873.540 .... 3081 packets received, 7230 bps, 90.37%, Err 66 (9.5e-06)
876.697 .... 3088 packets received, 7220 bps, 90.25%, Err 67 (9.6e-06)
878.821 .... 3096 packets received, 7221 bps, 90.27%, Err 67 (9.5e-06)
880.944 .... 3104 packets received, 7223 bps, 90.28%, Err 67 (9.5e-06)
883.035 .... 3112 packets received, 7224 bps, 90.30%, Err 67 (9.5e-06)
885.158 .... 3120 packets received, 7225 bps, 90.32%, Err 67 (9.5e-06)
887.267 .... 3128 packets received, 7227 bps, 90.33%, Err 67 (9.4e-06)
889.375 .... 3136 packets received, 7228 bps, 90.35%, Err 67 (9.4e-06)
892.810 .... 3144 packets received, 7218 bps, 90.23%, Err 69 (9.7e-06)
894.919 .... 3152 packets received, 7220 bps, 90.25%, Err 69 (9.6e-06)
897.045 .... 3160 packets received, 7221 bps, 90.26%, Err 69 (9.6e-06)
899.153 .... 3168 packets received, 7222 bps, 90.28%, Err 69 (9.6e-06)
901.276 .... 3176 packets received, 7223 bps, 90.29%, Err 69 (9.6e-06)
903.387 .... 3184 packets received, 7225 bps, 90.31%, Err 69 (9.6e-06)
905.512 .... 3192 packets received, 7226 bps, 90.32%, Err 69 (9.5e-06)
907.605 .... 3200 packets received, 7227 bps, 90.34%, Err 69 (9.5e-06)
909.705 .... 3204 packets received, 7219 bps, 90.24%, Err 71 (9.8e-06)
911.835 .... 3212 packets received, 7221 bps, 90.26%, Err 71 (9.7e-06)
913.957 .... 3220 packets received, 7222 bps, 90.27%, Err 71 (9.7e-06)
916.068 .... 3228 packets received, 7223 bps, 90.29%, Err 71 (9.7e-06)
918.178 .... 3236 packets received, 7224 bps, 90.30%, Err 72 (9.8e-06)
920.284 .... 3244 packets received, 7225 bps, 90.32%, Err 72 (9.8e-06)
922.386 .... 3248 packets received, 7218 bps, 90.22%, Err 73 (9.9e-06)
924.493 .... 3252 packets received, 7210 bps, 90.13%, Err 74 (1.0e-05)
926.632 .... 3260 packets received, 7211 bps, 90.14%, Err 74 (1.0e-05)
928.723 .... 3268 packets received, 7213 bps, 90.16%, Err 74 (1.0e-05)
930.845 .... 3276 packets received, 7214 bps, 90.17%, Err 74 (9.9e-06)
932.954 .... 3284 packets received, 7215 bps, 90.19%, Err 74 (9.9e-06)
935.066 .... 3292 packets received, 7216 bps, 90.20%, Err 74 (9.9e-06)
939.182 .... 3300 packets received, 7202 bps, 90.03%, Err 76 (1.0e-05)
941.816 .... 3305 packets received, 7193 bps, 89.91%, Err 76 (1.0e-05)
943.929 .... 3313 packets received, 7194 bps, 89.93%, Err 76 (1.0e-05)
946.034 .... 3321 packets received, 7195 bps, 89.94%, Err 76 (1.0e-05)
948.153 .... 3329 packets received, 7197 bps, 89.96%, Err 76 (1.0e-05)
950.273 .... 3337 packets received, 7198 bps, 89.97%, Err 76 (1.0e-05)
952.377 .... 3345 packets received, 7199 bps, 89.99%, Err 76 (1.0e-05)
954.480 .... 3353 packets received, 7200 bps, 90.01%, Err 76 (1.0e-05)
956.594 .... 3361 packets received, 7202 bps, 90.02%, Err 76 (9.9e-06)
958.710 .... 3369 packets received, 7203 bps, 90.04%, Err 76 (9.9e-06)
960.836 .... 3377 packets received, 7204 bps, 90.05%, Err 76 (9.9e-06)
962.933 .... 3385 packets received, 7205 bps, 90.07%, Err 76 (9.9e-06)
965.050 .... 3393 packets received, 7207 bps, 90.08%, Err 76 (9.9e-06)
967.172 .... 3401 packets received, 7208 bps, 90.10%, Err 76 (9.8e-06)
969.276 .... 3409 packets received, 7209 bps, 90.11%, Err 76 (9.8e-06)
971.383 .... 3417 packets received, 7210 bps, 90.13%, Err 76 (9.8e-06)
973.504 .... 3425 packets received, 7211 bps, 90.14%, Err 76 (9.8e-06)
975.609 .... 3433 packets received, 7212 bps, 90.16%, Err 76 (9.7e-06)
977.727 .... 3441 packets received, 7214 bps, 90.17%, Err 76 (9.7e-06)
979.829 .... 3449 packets received, 7215 bps, 90.19%, Err 76 (9.7e-06)
981.948 .... 3457 packets received, 7216 bps, 90.20%, Err 76 (9.7e-06)
984.323 .... 3462 packets received, 7209 bps, 90.11%, Err 77 (9.8e-06)
986.432 .... 3470 packets received, 7210 bps, 90.13%, Err 77 (9.8e-06)
988.551 .... 3478 packets received, 7211 bps, 90.14%, Err 77 (9.7e-06)
990.661 .... 3486 packets received, 7212 bps, 90.16%, Err 77 (9.7e-06)
992.780 .... 3494 packets received, 7214 bps, 90.17%, Err 77 (9.7e-06)
994.881 .... 3498 packets received, 7207 bps, 90.08%, Err 78 (9.8e-06)
996.987 .... 3506 packets received, 7208 bps, 90.10%, Err 79 (9.9e-06)
999.113 .... 3514 packets received, 7209 bps, 90.11%, Err 79 (9.9e-06)
1002.007 .... 3521 packets received, 7202 bps, 90.03%, Err 80 (1.0e-05)
1004.112 .... 3529 packets received, 7204 bps, 90.04%, Err 80 (1.0e-05)
1006.220 .... 3537 packets received, 7205 bps, 90.06%, Err 80 (9.9e-06)
1008.335 .... 3545 packets received, 7206 bps, 90.07%, Err 80 (9.9e-06)
1010.454 .... 3553 packets received, 7207 bps, 90.09%, Err 80 (9.9e-06)
1012.553 .... 3561 packets received, 7208 bps, 90.10%, Err 80 (9.9e-06)
1014.673 .... 3569 packets received, 7209 bps, 90.12%, Err 80 (9.9e-06)
1016.794 .... 3577 packets received, 7210 bps, 90.13%, Err 80 (9.8e-06)
1018.912 .... 3585 packets received, 7211 bps, 90.14%, Err 80 (9.8e-06)
1021.014 .... 3593 packets received, 7213 bps, 90.16%, Err 80 (9.8e-06)
1023.136 .... 3601 packets received, 7214 bps, 90.17%, Err 80 (9.8e-06)
1026.058 .... 3608 packets received, 7207 bps, 90.09%, Err 81 (9.9e-06)
1028.149 .... 3616 packets received, 7208 bps, 90.11%, Err 81 (9.9e-06)
1030.278 .... 3624 packets received, 7209 bps, 90.12%, Err 81 (9.8e-06)
1032.385 .... 3632 packets received, 7211 bps, 90.13%, Err 81 (9.8e-06)
1034.511 .... 3640 packets received, 7212 bps, 90.15%, Err 81 (9.8e-06)
1036.595 .... 3648 packets received, 7213 bps, 90.16%, Err 81 (9.8e-06)
1038.728 .... 3656 packets received, 7214 bps, 90.17%, Err 82 (9.9e-06)
1040.832 .... 3660 packets received, 7207 bps, 90.09%, Err 82 (9.9e-06)
1042.949 .... 3668 packets received, 7208 bps, 90.10%, Err 82 (9.8e-06)
1045.051 .... 3676 packets received, 7209 bps, 90.12%, Err 82 (9.8e-06)
1047.168 .... 3684 packets received, 7211 bps, 90.13%, Err 82 (9.8e-06)
1049.285 .... 3692 packets received, 7212 bps, 90.14%, Err 82 (9.8e-06)
1051.406 .... 3700 packets received, 7213 bps, 90.16%, Err 82 (9.8e-06)
1053.497 .... 3708 packets received, 7214 bps, 90.17%, Err 82 (9.7e-06)
1055.615 .... 3716 packets received, 7215 bps, 90.19%, Err 82 (9.7e-06)
1057.746 .... 3724 packets received, 7216 bps, 90.20%, Err 82 (9.7e-06)
1059.850 .... 3728 packets received, 7209 bps, 90.12%, Err 83 (9.8e-06)
1061.971 .... 3736 packets received, 7210 bps, 90.13%, Err 83 (9.8e-06)
1064.062 .... 3744 packets received, 7212 bps, 90.14%, Err 84 (9.9e-06)
1066.184 .... 3748 packets received, 7205 bps, 90.06%, Err 85 (1.0e-05)
1068.303 .... 3756 packets received, 7206 bps, 90.07%, Err 85 (1.0e-05)
1070.422 .... 3764 packets received, 7207 bps, 90.09%, Err 85 (9.9e-06)
1072.533 .... 3772 packets received, 7208 bps, 90.10%, Err 86 (1.0e-05)
1075.702 .... 3776 packets received, 7194 bps, 89.93%, Err 87 (1.0e-05)
1077.820 .... 3784 packets received, 7195 bps, 89.94%, Err 87 (1.0e-05)
1079.927 .... 3792 packets received, 7197 bps, 89.96%, Err 88 (1.0e-05)
1082.038 .... 3800 packets received, 7198 bps, 89.97%, Err 89 (1.0e-05)
1084.149 .... 3804 packets received, 7191 bps, 89.89%, Err 90 (1.0e-05)
1086.265 .... 3812 packets received, 7192 bps, 89.90%, Err 90 (1.0e-05)
1088.384 .... 3820 packets received, 7193 bps, 89.92%, Err 90 (1.0e-05)
1090.476 .... 3828 packets received, 7195 bps, 89.93%, Err 90 (1.0e-05)
1092.578 .... 3836 packets received, 7196 bps, 89.95%, Err 90 (1.0e-05)
1094.704 .... 3844 packets received, 7197 bps, 89.96%, Err 90 (1.0e-05)
1096.814 .... 3852 packets received, 7198 bps, 89.97%, Err 90 (1.0e-05)
1098.940 .... 3860 packets received, 7199 bps, 89.98%, Err 90 (1.0e-05)
1101.054 .... 3868 packets received, 7200 bps, 90.00%, Err 90 (1.0e-05)
1103.160 .... 3876 packets received, 7201 bps, 90.01%, Err 90 (1.0e-05)
1105.269 .... 3884 packets received, 7202 bps, 90.03%, Err 90 (1.0e-05)
1107.384 .... 3892 packets received, 7203 bps, 90.04%, Err 90 (1.0e-05)
1109.514 .... 3896 packets received, 7197 bps, 89.96%, Err 91 (1.0e-05)
1111.596 .... 3904 packets received, 7198 bps, 89.97%, Err 91 (1.0e-05)
1113.721 .... 3912 packets received, 7199 bps, 89.99%, Err 91 (1.0e-05)
1115.848 .... 3920 packets received, 7200 bps, 90.00%, Err 91 (1.0e-05)
1117.943 .... 3928 packets received, 7201 bps, 90.01%, Err 91 (1.0e-05)
1120.580 .... 3934 packets received, 7195 bps, 89.94%, Err 92 (1.0e-05)
1122.705 .... 3942 packets received, 7196 bps, 89.95%, Err 92 (1.0e-05)
1124.798 .... 3950 packets received, 7197 bps, 89.96%, Err 92 (1.0e-05)
1126.920 .... 3958 packets received, 7198 bps, 89.98%, Err 92 (1.0e-05)
1129.031 .... 3966 packets received, 7199 bps, 89.99%, Err 92 (1.0e-05)
1131.163 .... 3974 packets received, 7200 bps, 90.00%, Err 92 (1.0e-05)
1133.258 .... 3978 packets received, 7194 bps, 89.93%, Err 93 (1.0e-05)
1135.374 .... 3986 packets received, 7195 bps, 89.94%, Err 93 (1.0e-05)
1137.497 .... 3994 packets received, 7196 bps, 89.95%, Err 93 (1.0e-05)
1139.606 .... 4002 packets received, 7197 bps, 89.96%, Err 93 (1.0e-05)
1141.719 .... 4010 packets received, 7198 bps, 89.98%, Err 94 (1.0e-05)
1143.818 .... 4018 packets received, 7199 bps, 89.99%, Err 94 (1.0e-05)
1145.916 .... 4026 packets received, 7200 bps, 90.00%, Err 94 (1.0e-05)
1148.047 .... 4034 packets received, 7201 bps, 90.02%, Err 94 (1.0e-05)
1150.160 .... 4042 packets received, 7202 bps, 90.03%, Err 94 (1.0e-05)
1152.272 .... 4050 packets received, 7203 bps, 90.04%, Err 94 (1.0e-05)
1154.374 .... 4058 packets received, 7204 bps, 90.05%, Err 94 (1.0e-05)
1156.493 .... 4066 packets received, 7205 bps, 90.07%, Err 94 (1.0e-05)
1158.608 .... 4074 packets received, 7206 bps, 90.08%, Err 94 (1.0e-05)
1160.724 .... 4082 packets received, 7207 bps, 90.09%, Err 94 (1.0e-05)
1162.828 .... 4090 packets received, 7208 bps, 90.10%, Err 94 (1.0e-05)
1164.945 .... 4098 packets received, 7209 bps, 90.12%, Err 94 (1.0e-05)
1167.059 .... 4106 packets received, 7210 bps, 90.13%, Err 94 (1.0e-05)
1169.181 .... 4114 packets received, 7211 bps, 90.14%, Err 94 (1.0e-05)
1171.277 .... 4122 packets received, 7212 bps, 90.15%, Err 94 (1.0e-05)
1173.388 .... 4130 packets received, 7213 bps, 90.17%, Err 94 (1.0e-05)
1175.506 .... 4138 packets received, 7214 bps, 90.18%, Err 94 (1.0e-05)
1177.610 .... 4146 packets received, 7215 bps, 90.19%, Err 94 (1.0e-05)
1179.982 .... 4151 packets received, 7209 bps, 90.12%, Err 95 (1.0e-05)
1182.109 .... 4159 packets received, 7210 bps, 90.13%, Err 95 (1.0e-05)
1184.214 .... 4167 packets received, 7211 bps, 90.14%, Err 95 (1.0e-05)
1186.326 .... 4175 packets received, 7212 bps, 90.15%, Err 95 (1.0e-05)
1188.442 .... 4183 packets received, 7213 bps, 90.17%, Err 95 (1.0e-05)
1190.552 .... 4191 packets received, 7214 bps, 90.18%, Err 95 (1.0e-05)
1192.671 .... 4199 packets received, 7215 bps, 90.19%, Err 95 (1.0e-05)
1194.775 .... 4207 packets received, 7216 bps, 90.20%, Err 95 (9.9e-06)
1196.897 .... 4215 packets received, 7217 bps, 90.21%, Err 95 (9.9e-06)
1198.979 .... 4219 packets received, 7211 bps, 90.14%, Err 96 (1.0e-05)
1202.163 .... 4227 packets received, 7206 bps, 90.07%, Err 97 (1.0e-05)
1204.265 .... 4235 packets received, 7207 bps, 90.09%, Err 97 (1.0e-05)
1206.383 .... 4243 packets received, 7208 bps, 90.10%, Err 97 (1.0e-05)
1208.516 .... 4251 packets received, 7209 bps, 90.11%, Err 97 (1.0e-05)
1210.620 .... 4259 packets received, 7210 bps, 90.12%, Err 97 (1.0e-05)
1212.722 .... 4267 packets received, 7211 bps, 90.13%, Err 97 (1.0e-05)
1214.844 .... 4275 packets received, 7212 bps, 90.15%, Err 97 (1.0e-05)
1216.949 .... 4283 packets received, 7213 bps, 90.16%, Err 97 (1.0e-05)
1219.854 .... 4289 packets received, 7205 bps, 90.07%, Err 98 (1.0e-05)
1221.989 .... 4297 packets received, 7206 bps, 90.08%, Err 98 (1.0e-05)
1224.608 .... 4302 packets received, 7199 bps, 89.99%, Err 99 (1.0e-05)
1226.723 .... 4310 packets received, 7200 bps, 90.00%, Err 99 (1.0e-05)
1228.843 .... 4318 packets received, 7201 bps, 90.01%, Err 99 (1.0e-05)
1230.946 .... 4326 packets received, 7202 bps, 90.03%, Er