000.000 =============================================================
000.000                     Station A                               
000.000 -------------------------------------------------------------
000.000 Protocol.lib, version 4.0, jiangyanjun0718@bupt.edu.cn
000.000 Channel: 8000 bps, 270 ms propagation delay, bit error rate 1.0E-05
000.000 Log file "./selective-A.log", TCP port 59144, debug mask 0x00
000.000 Station A is waiting for station B on TCP port 59144 ... Done.
000.538 New epoch: Wed Apr  5 15:38:44 2023
000.538 =================================================================
000.538 
000.538 Designed by Jiang Yanjun, build: Oct 28 2018  16:51:52
003.432 .... 7 packets received, 6699 bps, 83.74%, Err 1 (5.3e-05)
005.537 .... 15 packets received, 7237 bps, 90.46%, Err 1 (2.8e-05)
007.657 .... 23 packets received, 7400 bps, 92.51%, Err 2 (3.8e-05)
009.768 .... 31 packets received, 7490 bps, 93.63%, Err 2 (2.9e-05)
011.908 .... 39 packets received, 7524 bps, 94.05%, Err 2 (2.3e-05)
014.001 .... 47 packets received, 7574 bps, 94.67%, Err 2 (1.9e-05)
016.113 .... 55 packets received, 7600 bps, 95.00%, Err 2 (1.7e-05)
018.239 .... 63 packets received, 7613 bps, 95.17%, Err 2 (1.5e-05)
020.361 .... 71 packets received, 7625 bps, 95.32%, Err 2 (1.3e-05)
022.450 .... 79 packets received, 7647 bps, 95.59%, Err 2 (1.2e-05)
024.565 .... 87 packets received, 7656 bps, 95.70%, Err 2 (1.1e-05)
026.668 .... 95 packets received, 7667 bps, 95.84%, Err 2 (9.8e-06)
028.783 .... 103 packets received, 7673 bps, 95.92%, Err 2 (9.0e-06)
030.887 .... 111 packets received, 7681 bps, 96.02%, Err 2 (8.4e-06)
033.041 .... 119 packets received, 7676 bps, 95.95%, Err 2 (7.8e-06)
035.156 .... 127 packets received, 7681 bps, 96.01%, Err 2 (7.3e-06)
037.264 .... 135 packets received, 7686 bps, 96.07%, Err 2 (6.9e-06)
039.362 .... 143 packets received, 7693 bps, 96.16%, Err 2 (6.5e-06)
042.287 .... 149 packets received, 7444 bps, 93.05%, Err 3 (9.1e-06)
044.406 .... 161 packets received, 7648 bps, 95.60%, Err 3 (8.7e-06)
046.515 .... 169 packets received, 7653 bps, 95.67%, Err 3 (8.2e-06)
048.649 .... 177 packets received, 7655 bps, 95.68%, Err 3 (7.9e-06)
050.760 .... 185 packets received, 7659 bps, 95.74%, Err 4 (1.0e-05)
052.847 .... 193 packets received, 7667 bps, 95.84%, Err 4 (9.7e-06)
054.964 .... 201 packets received, 7670 bps, 95.87%, Err 4 (9.3e-06)
057.085 .... 209 packets received, 7672 bps, 95.90%, Err 4 (8.9e-06)
059.203 .... 217 packets received, 7674 bps, 95.93%, Err 4 (8.6e-06)
061.323 .... 225 packets received, 7676 bps, 95.95%, Err 4 (8.3e-06)
063.428 .... 233 packets received, 7680 bps, 96.00%, Err 4 (8.0e-06)
065.529 .... 241 packets received, 7684 bps, 96.04%, Err 4 (7.8e-06)
067.649 .... 249 packets received, 7685 bps, 96.06%, Err 4 (7.5e-06)
069.771 .... 257 packets received, 7686 bps, 96.08%, Err 4 (7.3e-06)
071.852 .... 265 packets received, 7692 bps, 96.15%, Err 4 (7.1e-06)
073.970 .... 273 packets received, 7693 bps, 96.16%, Err 5 (8.6e-06)
076.077 .... 281 packets received, 7695 bps, 96.19%, Err 5 (8.3e-06)
078.232 .... 289 packets received, 7693 bps, 96.16%, Err 5 (8.1e-06)
080.612 .... 294 packets received, 7591 bps, 94.89%, Err 6 (9.4e-06)
082.739 .... 305 packets received, 7669 bps, 95.87%, Err 6 (9.2e-06)
084.845 .... 313 packets received, 7672 bps, 95.90%, Err 6 (9.0e-06)
086.936 .... 321 packets received, 7676 bps, 95.95%, Err 6 (8.7e-06)
089.072 .... 329 packets received, 7676 bps, 95.95%, Err 6 (8.5e-06)
091.182 .... 337 packets received, 7678 bps, 95.98%, Err 6 (8.3e-06)
093.300 .... 345 packets received, 7679 bps, 95.99%, Err 6 (8.1e-06)
095.407 .... 352 packets received, 7660 bps, 95.75%, Err 7 (9.3e-06)
098.841 .... 360 packets received, 7558 bps, 94.48%, Err 8 (1.0e-05)
100.962 .... 372 packets received, 7644 bps, 95.55%, Err 8 (1.0e-05)
103.067 .... 380 packets received, 7647 bps, 95.58%, Err 8 (9.8e-06)
108.801 .... 387 packets received, 7372 bps, 92.15%, Err 8 (9.5e-06)
112.855 .... 388 packets received, 7123 bps, 89.03%, Err 8 (9.4e-06)
117.033 .... 389 packets received, 6883 bps, 86.04%, Err 8 (9.2e-06)
121.041 .... 390 packets received, 6670 bps, 83.37%, Err 8 (9.1e-06)
125.189 .... 391 packets received, 6463 bps, 80.79%, Err 8 (9.0e-06)
129.256 .... 392 packets received, 6274 bps, 78.42%, Err 8 (8.8e-06)
133.384 .... 393 packets received, 6093 bps, 76.17%, Err 8 (8.7e-06)
137.515 .... 394 packets received, 5923 bps, 74.04%, Err 9 (9.7e-06)
141.629 .... 395 packets received, 5764 bps, 72.06%, Err 9 (9.6e-06)
145.774 .... 396 packets received, 5613 bps, 70.17%, Err 9 (9.5e-06)
149.904 .... 397 packets received, 5471 bps, 68.39%, Err 9 (9.4e-06)
153.973 .... 398 packets received, 5339 bps, 66.73%, Err 9 (9.3e-06)
158.134 .... 399 packets received, 5210 bps, 65.13%, Err 9 (9.2e-06)
162.156 .... 400 packets received, 5093 bps, 63.66%, Err 9 (9.1e-06)
166.239 .... 401 packets received, 4979 bps, 62.24%, Err 9 (9.0e-06)
170.282 .... 402 packets received, 4872 bps, 60.90%, Err 9 (8.9e-06)
174.428 .... 403 packets received, 4767 bps, 59.59%, Err 9 (8.8e-06)
178.470 .... 404 packets received, 4670 bps, 58.37%, Err 9 (8.7e-06)
182.567 .... 405 packets received, 4576 bps, 57.19%, Err 9 (8.6e-06)
186.654 .... 406 packets received, 4486 bps, 56.07%, Err 10 (9.4e-06)
190.721 .... 407 packets received, 4400 bps, 55.00%, Err 10 (9.3e-06)
194.759 .... 408 packets received, 4319 bps, 53.99%, Err 11 (1.0e-05)
198.846 .... 409 packets received, 4240 bps, 53.00%, Err 11 (1.0e-05)
201.087 .... 412 packets received, 4223 bps, 52.79%, Err 11 (9.9e-06)
203.195 .... 420 packets received, 4260 bps, 53.25%, Err 11 (9.8e-06)
205.317 .... 428 packets received, 4296 bps, 53.70%, Err 11 (9.6e-06)
207.422 .... 436 packets received, 4332 bps, 54.15%, Err 11 (9.5e-06)
209.542 .... 444 packets received, 4366 bps, 54.58%, Err 11 (9.4e-06)
211.646 .... 452 packets received, 4401 bps, 55.01%, Err 11 (9.2e-06)
213.752 .... 460 packets received, 4434 bps, 55.43%, Err 11 (9.1e-06)
215.858 .... 468 packets received, 4467 bps, 55.84%, Err 11 (9.0e-06)
217.993 .... 476 packets received, 4499 bps, 56.23%, Err 11 (8.8e-06)
220.097 .... 484 packets received, 4530 bps, 56.63%, Err 11 (8.7e-06)
222.218 .... 492 packets received, 4561 bps, 57.01%, Err 11 (8.6e-06)
224.326 .... 500 packets received, 4591 bps, 57.39%, Err 11 (8.5e-06)
226.432 .... 508 packets received, 4621 bps, 57.76%, Err 11 (8.4e-06)
228.552 .... 516 packets received, 4650 bps, 58.13%, Err 11 (8.3e-06)
230.670 .... 524 packets received, 4679 bps, 58.48%, Err 11 (8.2e-06)
232.789 .... 532 packets received, 4706 bps, 58.83%, Err 11 (8.1e-06)
234.897 .... 540 packets received, 4734 bps, 59.18%, Err 11 (8.0e-06)
236.987 .... 548 packets received, 4762 bps, 59.52%, Err 12 (8.6e-06)
239.120 .... 555 packets received, 4779 bps, 59.74%, Err 12 (8.5e-06)
241.223 .... 563 packets received, 4806 bps, 60.07%, Err 12 (8.4e-06)
243.341 .... 571 packets received, 4831 bps, 60.39%, Err 13 (9.0e-06)
245.461 .... 578 packets received, 4848 bps, 60.60%, Err 13 (8.9e-06)
247.565 .... 586 packets received, 4873 bps, 60.91%, Err 13 (8.8e-06)
249.683 .... 594 packets received, 4898 bps, 61.22%, Err 13 (8.7e-06)
251.787 .... 602 packets received, 4922 bps, 61.52%, Err 13 (8.6e-06)
254.162 .... 606 packets received, 4908 bps, 61.35%, Err 14 (9.1e-06)
257.312 .... 617 packets received, 4936 bps, 61.70%, Err 15 (9.6e-06)
259.434 .... 629 packets received, 4990 bps, 62.38%, Err 15 (9.5e-06)
261.553 .... 637 packets received, 5013 bps, 62.66%, Err 15 (9.4e-06)
263.669 .... 645 packets received, 5035 bps, 62.93%, Err 15 (9.3e-06)
265.773 .... 653 packets received, 5056 bps, 63.21%, Err 15 (9.2e-06)
267.893 .... 661 packets received, 5078 bps, 63.47%, Err 15 (9.1e-06)
270.013 .... 669 packets received, 5099 bps, 63.73%, Err 15 (9.0e-06)
272.117 .... 677 packets received, 5120 bps, 63.99%, Err 16 (9.5e-06)
274.224 .... 685 packets received, 5140 bps, 64.25%, Err 16 (9.4e-06)
276.332 .... 693 packets received, 5160 bps, 64.50%, Err 16 (9.4e-06)
278.455 .... 701 packets received, 5180 bps, 64.75%, Err 16 (9.3e-06)
280.577 .... 709 packets received, 5199 bps, 64.99%, Err 16 (9.2e-06)
283.749 .... 716 packets received, 5191 bps, 64.89%, Err 17 (9.6e-06)
285.855 .... 728 packets received, 5239 bps, 65.49%, Err 17 (9.5e-06)
289.289 .... 736 packets received, 5234 bps, 65.42%, Err 19 (1.0e-05)
291.407 .... 747 packets received, 5273 bps, 65.92%, Err 19 (1.0e-05)
293.539 .... 755 packets received, 5291 bps, 66.14%, Err 19 (1.0e-05)
295.614 .... 763 packets received, 5309 bps, 66.37%, Err 19 (1.0e-05)
297.747 .... 771 packets received, 5326 bps, 66.58%, Err 19 (1.0e-05)
299.878 .... 779 packets received, 5343 bps, 66.79%, Err 19 (1.0e-05)
301.987 .... 787 packets received, 5360 bps, 67.00%, Err 19 (9.9e-06)
304.095 .... 795 packets received, 5377 bps, 67.21%, Err 19 (9.8e-06)
308.559 .... 800 packets received, 5332 bps, 66.65%, Err 19 (9.7e-06)
312.639 .... 801 packets received, 5269 bps, 65.86%, Err 20 (1.0e-05)
316.695 .... 802 packets received, 5208 bps, 65.10%, Err 20 (1.0e-05)
320.801 .... 803 packets received, 5147 bps, 64.34%, Err 20 (1.0e-05)
324.889 .... 804 packets received, 5088 bps, 63.61%, Err 20 (1.0e-05)
329.339 .... 805 packets received, 5026 bps, 62.82%, Err 21 (1.0e-05)
333.212 .... 806 packets received, 4973 bps, 62.16%, Err 21 (1.0e-05)
337.285 .... 807 packets received, 4919 bps, 61.49%, Err 21 (1.0e-05)
341.371 .... 808 packets received, 4866 bps, 60.82%, Err 21 (1.0e-05)
345.435 .... 809 packets received, 4814 bps, 60.18%, Err 21 (1.0e-05)
349.548 .... 810 packets received, 4763 bps, 59.54%, Err 21 (1.0e-05)
353.604 .... 811 packets received, 4714 bps, 58.93%, Err 21 (1.0e-05)
357.690 .... 812 packets received, 4666 bps, 58.33%, Err 21 (1.0e-05)
361.819 .... 813 packets received, 4618 bps, 57.73%, Err 21 (1.0e-05)
365.933 .... 814 packets received, 4572 bps, 57.15%, Err 21 (9.9e-06)
370.033 .... 815 packets received, 4527 bps, 56.58%, Err 21 (9.9e-06)
374.315 .... 816 packets received, 4480 bps, 56.00%, Err 21 (9.8e-06)
378.509 .... 817 packets received, 4436 bps, 55.45%, Err 22 (1.0e-05)
382.563 .... 818 packets received, 4394 bps, 54.92%, Err 22 (1.0e-05)
386.666 .... 819 packets received, 4352 bps, 54.41%, Err 23 (1.1e-05)
390.860 .... 820 packets received, 4311 bps, 53.89%, Err 23 (1.1e-05)
394.947 .... 821 packets received, 4271 bps, 53.39%, Err 23 (1.1e-05)
398.990 .... 822 packets received, 4233 bps, 52.91%, Err 23 (1.0e-05)
401.065 .... 825 packets received, 4226 bps, 52.83%, Err 24 (1.1e-05)
403.185 .... 833 packets received, 4245 bps, 53.06%, Err 24 (1.1e-05)
405.290 .... 841 packets received, 4263 bps, 53.29%, Err 24 (1.1e-05)
407.423 .... 849 packets received, 4281 bps, 53.52%, Err 25 (1.1e-05)
409.526 .... 856 packets received, 4294 bps, 53.68%, Err 25 (1.1e-05)
411.627 .... 864 packets received, 4312 bps, 53.90%, Err 25 (1.1e-05)
414.803 .... 872 packets received, 4319 bps, 53.98%, Err 26 (1.1e-05)
416.920 .... 883 packets received, 4351 bps, 54.39%, Err 26 (1.1e-05)
419.039 .... 891 packets received, 4368 bps, 54.60%, Err 26 (1.1e-05)
421.159 .... 899 packets received, 4385 bps, 54.81%, Err 26 (1.1e-05)
423.279 .... 907 packets received, 4402 bps, 55.02%, Err 26 (1.1e-05)
425.384 .... 915 packets received, 4419 bps, 55.23%, Err 26 (1.1e-05)
427.488 .... 922 packets received, 4430 bps, 55.38%, Err 27 (1.1e-05)
429.623 .... 930 packets received, 4447 bps, 55.58%, Err 27 (1.1e-05)
431.714 .... 938 packets received, 4463 bps, 55.79%, Err 27 (1.1e-05)
433.834 .... 946 packets received, 4479 bps, 55.99%, Err 27 (1.1e-05)
435.955 .... 954 packets received, 4495 bps, 56.19%, Err 27 (1.1e-05)
438.074 .... 962 packets received, 4511 bps, 56.38%, Err 27 (1.1e-05)
440.178 .... 970 packets received, 4526 bps, 56.58%, Err 27 (1.1e-05)
442.281 .... 978 packets received, 4542 bps, 56.77%, Err 27 (1.1e-05)
444.397 .... 986 packets received, 4557 bps, 56.97%, Err 27 (1.1e-05)
446.513 .... 994 packets received, 4572 bps, 57.15%, Err 27 (1.0e-05)
448.651 .... 1002 packets received, 4587 bps, 57.34%, Err 27 (1.0e-05)
450.773 .... 1010 packets received, 4602 bps, 57.52%, Err 27 (1.0e-05)
452.906 .... 1018 packets received, 4616 bps, 57.71%, Err 27 (1.0e-05)
455.011 .... 1026 packets received, 4631 bps, 57.89%, Err 27 (1.0e-05)
457.115 .... 1034 packets received, 4646 bps, 58.07%, Err 27 (1.0e-05)
459.233 .... 1042 packets received, 4660 bps, 58.25%, Err 27 (1.0e-05)
461.349 .... 1050 packets received, 4674 bps, 58.43%, Err 27 (1.0e-05)
463.480 .... 1058 packets received, 4688 bps, 58.60%, Err 27 (9.9e-06)
465.568 .... 1066 packets received, 4702 bps, 58.78%, Err 27 (9.9e-06)
467.687 .... 1074 packets received, 4716 bps, 58.95%, Err 27 (9.8e-06)
469.807 .... 1082 packets received, 4730 bps, 59.12%, Err 27 (9.8e-06)
471.912 .... 1090 packets received, 4743 bps, 59.29%, Err 27 (9.7e-06)
474.033 .... 1098 packets received, 4757 bps, 59.46%, Err 27 (9.6e-06)
476.150 .... 1106 packets received, 4770 bps, 59.63%, Err 27 (9.6e-06)
478.282 .... 1114 packets received, 4783 bps, 59.79%, Err 27 (9.5e-06)
480.368 .... 1122 packets received, 4796 bps, 59.96%, Err 27 (9.5e-06)
482.500 .... 1126 packets received, 4792 bps, 59.90%, Err 28 (9.8e-06)
484.619 .... 1137 packets received, 4818 bps, 60.22%, Err 28 (9.7e-06)
486.737 .... 1145 packets received, 4831 bps, 60.38%, Err 28 (9.6e-06)
488.843 .... 1153 packets received, 4843 bps, 60.54%, Err 28 (9.6e-06)
490.948 .... 1161 packets received, 4856 bps, 60.70%, Err 28 (9.5e-06)
493.068 .... 1169 packets received, 4868 bps, 60.85%, Err 28 (9.5e-06)
495.172 .... 1177 packets received, 4881 bps, 61.01%, Err 28 (9.4e-06)
497.291 .... 1185 packets received, 4893 bps, 61.16%, Err 28 (9.4e-06)
499.395 .... 1193 packets received, 4905 bps, 61.31%, Err 28 (9.3e-06)
501.514 .... 1201 packets received, 4917 bps, 61.46%, Err 28 (9.3e-06)
503.634 .... 1209 packets received, 4929 bps, 61.61%, Err 28 (9.2e-06)
508.511 .... 1216 packets received, 4910 bps, 61.37%, Err 28 (9.1e-06)
512.645 .... 1217 packets received, 4874 bps, 60.93%, Err 28 (9.1e-06)
516.759 .... 1218 packets received, 4839 bps, 60.49%, Err 28 (9.1e-06)
520.919 .... 1219 packets received, 4804 bps, 60.06%, Err 28 (9.0e-06)
524.944 .... 1220 packets received, 4771 bps, 59.64%, Err 28 (9.0e-06)
529.092 .... 1221 packets received, 4738 bps, 59.22%, Err 28 (9.0e-06)
533.204 .... 1222 packets received, 4705 bps, 58.81%, Err 28 (8.9e-06)
535.863 TCP Disconnected.
