000.000 =============================================================
000.000                     Station B                               
000.000 -------------------------------------------------------------
000.000 Protocol.lib, version 4.0, jiangyanjun0718@bupt.edu.cn
000.000 Channel: 8000 bps, 270 ms propagation delay, bit error rate 1.0E-05
000.000 Log file "./selective-B.log", TCP port 59144, debug mask 0x00
000.000 Station B is connecting station A (TCP port 59144) ... Done.
000.689 New epoch: Tue May 23 03:25:15 2023
000.689 =================================================================
000.689 
000.689 Designed by Jiang Yanjun, build: Oct 28 2018  16:51:52
003.101 .... 8 packets received, 7681 bps, 96.02%, Err 0 (0.0e+00)
005.211 .... 16 packets received, 7723 bps, 96.54%, Err 0 (0.0e+00)
007.337 .... 23 packets received, 7396 bps, 92.45%, Err 1 (1.9e-05)
009.433 .... 31 packets received, 7500 bps, 93.75%, Err 1 (1.4e-05)
011.542 .... 39 packets received, 7554 bps, 94.42%, Err 1 (1.2e-05)
013.671 .... 47 packets received, 7577 bps, 94.72%, Err 1 (9.7e-06)
015.763 .... 55 packets received, 7613 bps, 95.17%, Err 1 (8.3e-06)
017.869 .... 63 packets received, 7634 bps, 95.43%, Err 1 (7.3e-06)
021.067 .... 71 packets received, 7235 bps, 90.43%, Err 2 (1.2e-05)
023.162 .... 82 packets received, 7567 bps, 94.58%, Err 2 (1.1e-05)
025.271 .... 90 packets received, 7584 bps, 94.80%, Err 2 (1.0e-05)
027.391 .... 98 packets received, 7596 bps, 94.95%, Err 2 (9.4e-06)
029.492 .... 106 packets received, 7611 bps, 95.13%, Err 2 (8.7e-06)
032.398 .... 112 packets received, 7298 bps, 91.22%, Err 4 (1.6e-05)
034.516 .... 123 packets received, 7509 bps, 93.86%, Err 4 (1.5e-05)
036.620 .... 131 packets received, 7525 bps, 94.06%, Err 4 (1.4e-05)
038.728 .... 139 packets received, 7539 bps, 94.24%, Err 4 (1.3e-05)
040.852 .... 147 packets received, 7548 bps, 94.35%, Err 4 (1.2e-05)
043.495 .... 153 packets received, 7368 bps, 92.10%, Err 6 (1.8e-05)
045.613 .... 163 packets received, 7477 bps, 93.47%, Err 6 (1.7e-05)
048.268 .... 169 packets received, 7317 bps, 91.47%, Err 7 (1.8e-05)
050.387 .... 180 packets received, 7459 bps, 93.24%, Err 7 (1.8e-05)
052.500 .... 188 packets received, 7472 bps, 93.39%, Err 7 (1.7e-05)
054.596 .... 196 packets received, 7485 bps, 93.56%, Err 7 (1.6e-05)
056.722 .... 204 packets received, 7493 bps, 93.67%, Err 7 (1.6e-05)
058.828 .... 212 packets received, 7504 bps, 93.80%, Err 7 (1.5e-05)
060.951 .... 220 packets received, 7511 bps, 93.89%, Err 7 (1.5e-05)
063.058 .... 228 packets received, 7520 bps, 94.01%, Err 7 (1.4e-05)
065.162 .... 236 packets received, 7529 bps, 94.11%, Err 7 (1.4e-05)
067.272 .... 244 packets received, 7537 bps, 94.21%, Err 7 (1.3e-05)
069.380 .... 252 packets received, 7544 bps, 94.30%, Err 7 (1.3e-05)
071.505 .... 260 packets received, 7549 bps, 94.36%, Err 7 (1.2e-05)
073.615 .... 268 packets received, 7555 bps, 94.44%, Err 7 (1.2e-05)
076.784 .... 276 packets received, 7456 bps, 93.19%, Err 8 (1.3e-05)
078.907 .... 287 packets received, 7541 bps, 94.27%, Err 8 (1.3e-05)
081.001 .... 295 packets received, 7549 bps, 94.36%, Err 8 (1.2e-05)
083.126 .... 303 packets received, 7553 bps, 94.41%, Err 8 (1.2e-05)
085.219 .... 311 packets received, 7560 bps, 94.50%, Err 8 (1.2e-05)
087.339 .... 315 packets received, 7469 bps, 93.36%, Err 9 (1.3e-05)
089.451 .... 326 packets received, 7545 bps, 94.32%, Err 9 (1.3e-05)
091.581 .... 334 packets received, 7549 bps, 94.36%, Err 9 (1.2e-05)
093.697 .... 342 packets received, 7553 bps, 94.42%, Err 9 (1.2e-05)
095.799 .... 350 packets received, 7559 bps, 94.48%, Err 9 (1.2e-05)
097.931 .... 358 packets received, 7561 bps, 94.52%, Err 9 (1.2e-05)
100.045 .... 366 packets received, 7566 bps, 94.57%, Err 9 (1.1e-05)
102.155 .... 374 packets received, 7570 bps, 94.62%, Err 9 (1.1e-05)
104.279 .... 382 packets received, 7573 bps, 94.66%, Err 9 (1.1e-05)
106.380 .... 390 packets received, 7577 bps, 94.71%, Err 9 (1.1e-05)
108.490 .... 398 packets received, 7581 bps, 94.76%, Err 9 (1.0e-05)
110.596 .... 406 packets received, 7585 bps, 94.81%, Err 9 (1.0e-05)
112.706 .... 414 packets received, 7588 bps, 94.85%, Err 9 (1.0e-05)
114.836 .... 422 packets received, 7590 bps, 94.87%, Err 9 (9.9e-06)
116.940 .... 430 packets received, 7594 bps, 94.92%, Err 9 (9.7e-06)
119.049 .... 438 packets received, 7597 bps, 94.96%, Err 9 (9.5e-06)
121.152 .... 446 packets received, 7600 bps, 95.00%, Err 9 (9.3e-06)
123.279 .... 454 packets received, 7602 bps, 95.02%, Err 9 (9.2e-06)
125.384 .... 462 packets received, 7605 bps, 95.06%, Err 9 (9.0e-06)
127.507 .... 470 packets received, 7607 bps, 95.09%, Err 9 (8.9e-06)
129.611 .... 478 packets received, 7610 bps, 95.12%, Err 9 (8.7e-06)
131.724 .... 486 packets received, 7612 bps, 95.15%, Err 9 (8.6e-06)
133.838 .... 494 packets received, 7614 bps, 95.18%, Err 9 (8.5e-06)
135.949 .... 502 packets received, 7617 bps, 95.21%, Err 10 (9.2e-06)
138.056 .... 510 packets received, 7619 bps, 95.24%, Err 10 (9.1e-06)
140.683 .... 516 packets received, 7564 bps, 94.55%, Err 11 (9.8e-06)
142.819 .... 527 packets received, 7609 bps, 95.11%, Err 11 (9.7e-06)
144.930 .... 535 packets received, 7611 bps, 95.14%, Err 11 (9.5e-06)
147.030 .... 543 packets received, 7614 bps, 95.17%, Err 11 (9.4e-06)
149.148 .... 551 packets received, 7615 bps, 95.19%, Err 11 (9.3e-06)
151.268 .... 559 packets received, 7617 bps, 95.21%, Err 11 (9.1e-06)
153.355 .... 567 packets received, 7620 bps, 95.25%, Err 11 (9.0e-06)
155.471 .... 575 packets received, 7622 bps, 95.27%, Err 11 (8.9e-06)
157.590 .... 583 packets received, 7623 bps, 95.29%, Err 11 (8.8e-06)
159.694 .... 591 packets received, 7626 bps, 95.32%, Err 12 (9.4e-06)
161.818 .... 599 packets received, 7627 bps, 95.33%, Err 12 (9.3e-06)
163.931 .... 607 packets received, 7628 bps, 95.35%, Err 12 (9.2e-06)
166.053 .... 615 packets received, 7630 bps, 95.37%, Err 12 (9.1e-06)
168.150 .... 623 packets received, 7632 bps, 95.40%, Err 12 (9.0e-06)
170.253 .... 631 packets received, 7634 bps, 95.42%, Err 12 (8.8e-06)
172.372 .... 638 packets received, 7623 bps, 95.29%, Err 13 (9.5e-06)
174.495 .... 646 packets received, 7624 bps, 95.30%, Err 13 (9.4e-06)
176.597 .... 654 packets received, 7626 bps, 95.33%, Err 13 (9.2e-06)
178.710 .... 662 packets received, 7628 bps, 95.35%, Err 13 (9.1e-06)
180.837 .... 670 packets received, 7629 bps, 95.36%, Err 13 (9.0e-06)
182.937 .... 678 packets received, 7631 bps, 95.38%, Err 13 (8.9e-06)
185.049 .... 686 packets received, 7632 bps, 95.40%, Err 13 (8.8e-06)
187.178 .... 694 packets received, 7633 bps, 95.41%, Err 13 (8.7e-06)
189.276 .... 702 packets received, 7635 bps, 95.44%, Err 13 (8.6e-06)
191.392 .... 710 packets received, 7636 bps, 95.45%, Err 13 (8.5e-06)
193.502 .... 718 packets received, 7637 bps, 95.47%, Err 13 (8.4e-06)
195.614 .... 726 packets received, 7639 bps, 95.48%, Err 13 (8.3e-06)
197.731 .... 734 packets received, 7640 bps, 95.50%, Err 13 (8.2e-06)
199.843 .... 742 packets received, 7641 bps, 95.51%, Err 13 (8.2e-06)
201.950 .... 750 packets received, 7642 bps, 95.53%, Err 13 (8.1e-06)
206.711 .... 752 packets received, 7486 bps, 93.57%, Err 17 (1.0e-05)
208.835 .... 772 packets received, 7606 bps, 95.08%, Err 18 (1.1e-05)
210.943 .... 779 packets received, 7598 bps, 94.98%, Err 18 (1.1e-05)
213.037 .... 787 packets received, 7600 bps, 95.00%, Err 18 (1.1e-05)
215.171 .... 795 packets received, 7601 bps, 95.01%, Err 18 (1.0e-05)
217.278 .... 803 packets received, 7603 bps, 95.03%, Err 18 (1.0e-05)
219.369 .... 811 packets received, 7605 bps, 95.06%, Err 18 (1.0e-05)
221.488 .... 819 packets received, 7606 bps, 95.08%, Err 18 (1.0e-05)
223.604 .... 827 packets received, 7607 bps, 95.09%, Err 18 (1.0e-05)
225.714 .... 835 packets received, 7609 bps, 95.11%, Err 18 (1.0e-05)
227.829 .... 843 packets received, 7610 bps, 95.13%, Err 18 (9.9e-06)
229.947 .... 851 packets received, 7611 bps, 95.14%, Err 18 (9.8e-06)
232.071 .... 855 packets received, 7577 bps, 94.71%, Err 19 (1.0e-05)
234.182 .... 866 packets received, 7605 bps, 95.06%, Err 19 (1.0e-05)
236.300 .... 874 packets received, 7606 bps, 95.08%, Err 19 (1.0e-05)
238.405 .... 882 packets received, 7608 bps, 95.10%, Err 19 (1.0e-05)
240.528 .... 890 packets received, 7609 bps, 95.11%, Err 19 (9.9e-06)
242.642 .... 898 packets received, 7610 bps, 95.12%, Err 19 (9.8e-06)
244.759 .... 906 packets received, 7611 bps, 95.14%, Err 19 (9.7e-06)
246.863 .... 914 packets received, 7612 bps, 95.16%, Err 19 (9.6e-06)
248.979 .... 922 packets received, 7614 bps, 95.17%, Err 19 (9.6e-06)
251.116 .... 930 packets received, 7614 bps, 95.18%, Err 19 (9.5e-06)
253.241 .... 938 packets received, 7615 bps, 95.19%, Err 19 (9.4e-06)
255.338 .... 946 packets received, 7616 bps, 95.21%, Err 19 (9.3e-06)
257.443 .... 954 packets received, 7618 bps, 95.22%, Err 19 (9.3e-06)
259.571 .... 962 packets received, 7619 bps, 95.23%, Err 19 (9.2e-06)
261.680 .... 970 packets received, 7620 bps, 95.25%, Err 19 (9.1e-06)
263.818 .... 978 packets received, 7620 bps, 95.25%, Err 19 (9.0e-06)
265.913 .... 986 packets received, 7622 bps, 95.27%, Err 19 (9.0e-06)
268.016 .... 994 packets received, 7623 bps, 95.29%, Err 19 (8.9e-06)
270.132 .... 1002 packets received, 7624 bps, 95.30%, Err 19 (8.8e-06)
272.263 .... 1010 packets received, 7624 bps, 95.31%, Err 19 (8.7e-06)
274.363 .... 1018 packets received, 7626 bps, 95.32%, Err 19 (8.7e-06)
276.485 .... 1026 packets received, 7627 bps, 95.33%, Err 19 (8.6e-06)
278.592 .... 1034 packets received, 7628 bps, 95.35%, Err 19 (8.5e-06)
280.696 .... 1042 packets received, 7629 bps, 95.36%, Err 19 (8.5e-06)
282.827 .... 1050 packets received, 7629 bps, 95.37%, Err 19 (8.4e-06)
284.928 .... 1058 packets received, 7631 bps, 95.38%, Err 19 (8.4e-06)
287.077 .... 1066 packets received, 7631 bps, 95.38%, Err 19 (8.3e-06)
289.196 .... 1074 packets received, 7631 bps, 95.39%, Err 19 (8.2e-06)
291.298 .... 1082 packets received, 7632 bps, 95.41%, Err 19 (8.2e-06)
293.410 .... 1090 packets received, 7633 bps, 95.42%, Err 19 (8.1e-06)
295.540 .... 1098 packets received, 7634 bps, 95.42%, Err 19 (8.1e-06)
297.636 .... 1106 packets received, 7635 bps, 95.44%, Err 19 (8.0e-06)
299.737 .... 1114 packets received, 7636 bps, 95.45%, Err 19 (7.9e-06)
302.392 .... 1120 packets received, 7610 bps, 95.12%, Err 20 (8.3e-06)
304.493 .... 1131 packets received, 7631 bps, 95.39%, Err 20 (8.2e-06)
306.625 .... 1139 packets received, 7632 bps, 95.40%, Err 20 (8.2e-06)
308.724 .... 1147 packets received, 7633 bps, 95.41%, Err 20 (8.1e-06)
310.843 .... 1155 packets received, 7634 bps, 95.42%, Err 21 (8.5e-06)
312.949 .... 1163 packets received, 7635 bps, 95.43%, Err 21 (8.4e-06)
315.073 .... 1165 packets received, 7596 bps, 94.95%, Err 22 (8.7e-06)
317.178 .... 1178 packets received, 7630 bps, 95.37%, Err 22 (8.7e-06)
319.307 .... 1186 packets received, 7630 bps, 95.38%, Err 22 (8.6e-06)
321.391 .... 1194 packets received, 7632 bps, 95.39%, Err 22 (8.6e-06)
323.522 .... 1202 packets received, 7632 bps, 95.40%, Err 22 (8.5e-06)
325.641 .... 1210 packets received, 7633 bps, 95.41%, Err 23 (8.8e-06)
327.742 .... 1217 packets received, 7627 bps, 95.34%, Err 23 (8.8e-06)
329.860 .... 1225 packets received, 7628 bps, 95.35%, Err 23 (8.7e-06)
331.974 .... 1233 packets received, 7629 bps, 95.36%, Err 23 (8.7e-06)
334.078 .... 1241 packets received, 7630 bps, 95.37%, Err 24 (9.0e-06)
336.191 .... 1249 packets received, 7631 bps, 95.38%, Err 24 (8.9e-06)
338.315 .... 1257 packets received, 7631 bps, 95.39%, Err 24 (8.9e-06)
340.416 .... 1265 packets received, 7632 bps, 95.40%, Err 24 (8.8e-06)
342.517 .... 1272 packets received, 7627 bps, 95.34%, Err 25 (9.1e-06)
344.643 .... 1280 packets received, 7628 bps, 95.35%, Err 25 (9.1e-06)
346.744 .... 1288 packets received, 7629 bps, 95.36%, Err 25 (9.0e-06)
348.865 .... 1296 packets received, 7629 bps, 95.37%, Err 25 (9.0e-06)
350.971 .... 1304 packets received, 7630 bps, 95.38%, Err 25 (8.9e-06)
353.091 .... 1312 packets received, 7631 bps, 95.38%, Err 25 (8.9e-06)
355.192 .... 1320 packets received, 7632 bps, 95.40%, Err 25 (8.8e-06)
357.307 .... 1328 packets received, 7632 bps, 95.41%, Err 25 (8.8e-06)
359.419 .... 1336 packets received, 7633 bps, 95.41%, Err 25 (8.7e-06)
361.536 .... 1344 packets received, 7634 bps, 95.42%, Err 25 (8.7e-06)
363.636 .... 1352 packets received, 7635 bps, 95.43%, Err 25 (8.6e-06)
365.757 .... 1359 packets received, 7630 bps, 95.37%, Err 26 (8.9e-06)
367.867 .... 1367 packets received, 7630 bps, 95.38%, Err 26 (8.9e-06)
369.981 .... 1375 packets received, 7631 bps, 95.39%, Err 26 (8.8e-06)
372.094 .... 1379 packets received, 7610 bps, 95.12%, Err 27 (9.1e-06)
374.220 .... 1390 packets received, 7627 bps, 95.34%, Err 27 (9.0e-06)
376.335 .... 1398 packets received, 7627 bps, 95.34%, Err 27 (9.0e-06)
378.449 .... 1406 packets received, 7628 bps, 95.35%, Err 27 (8.9e-06)
380.568 .... 1414 packets received, 7629 bps, 95.36%, Err 27 (8.9e-06)
382.669 .... 1422 packets received, 7630 bps, 95.37%, Err 27 (8.8e-06)
387.698 .... 1424 packets received, 7541 bps, 94.26%, Err 29 (9.4e-06)
389.799 .... 1446 packets received, 7616 bps, 95.20%, Err 29 (9.3e-06)
391.920 .... 1454 packets received, 7617 bps, 95.21%, Err 29 (9.3e-06)
394.016 .... 1462 packets received, 7618 bps, 95.22%, Err 29 (9.2e-06)
396.150 .... 1470 packets received, 7618 bps, 95.23%, Err 29 (9.2e-06)
398.263 .... 1478 packets received, 7619 bps, 95.24%, Err 29 (9.1e-06)
400.368 .... 1486 packets received, 7620 bps, 95.25%, Err 30 (9.4e-06)
402.492 .... 1494 packets received, 7620 bps, 95.25%, Err 30 (9.3e-06)
404.610 .... 1502 packets received, 7621 bps, 95.26%, Err 30 (9.3e-06)
406.715 .... 1510 packets received, 7622 bps, 95.27%, Err 30 (9.2e-06)
408.817 .... 1518 packets received, 7623 bps, 95.28%, Err 30 (9.2e-06)
410.952 .... 1526 packets received, 7623 bps, 95.29%, Err 30 (9.1e-06)
413.034 .... 1534 packets received, 7624 bps, 95.30%, Err 30 (9.1e-06)
415.151 .... 1542 packets received, 7625 bps, 95.31%, Err 30 (9.0e-06)
417.256 .... 1550 packets received, 7625 bps, 95.32%, Err 30 (9.0e-06)
419.384 .... 1558 packets received, 7626 bps, 95.32%, Err 30 (9.0e-06)
425.745 .... 1566 packets received, 7550 bps, 94.38%, Err 33 (9.7e-06)
427.848 .... 1587 packets received, 7614 bps, 95.17%, Err 33 (9.7e-06)
429.966 .... 1595 packets received, 7614 bps, 95.18%, Err 33 (9.6e-06)
432.083 .... 1603 packets received, 7615 bps, 95.19%, Err 34 (9.9e-06)
434.189 .... 1610 packets received, 7611 bps, 95.14%, Err 34 (9.8e-06)
436.287 .... 1618 packets received, 7612 bps, 95.15%, Err 34 (9.8e-06)
438.392 .... 1626 packets received, 7613 bps, 95.16%, Err 34 (9.7e-06)
440.512 .... 1634 packets received, 7613 bps, 95.17%, Err 34 (9.7e-06)
442.896 .... 1639 packets received, 7596 bps, 94.94%, Err 35 (9.9e-06)
445.002 .... 1649 packets received, 7606 bps, 95.07%, Err 36 (1.0e-05)
447.126 .... 1657 packets received, 7606 bps, 95.08%, Err 36 (1.0e-05)
449.224 .... 1665 packets received, 7607 bps, 95.09%, Err 36 (1.0e-05)
451.355 .... 1673 packets received, 7607 bps, 95.09%, Err 36 (1.0e-05)
453.475 .... 1681 packets received, 7608 bps, 95.10%, Err 36 (9.9e-06)
455.590 .... 1689 packets received, 7609 bps, 95.11%, Err 36 (9.9e-06)
457.680 .... 1697 packets received, 7610 bps, 95.12%, Err 36 (9.8e-06)
459.783 .... 1705 packets received, 7611 bps, 95.13%, Err 36 (9.8e-06)
461.919 .... 1712 packets received, 7606 bps, 95.08%, Err 38 (1.0e-05)
464.018 .... 1720 packets received, 7607 bps, 95.09%, Err 38 (1.0e-05)
466.133 .... 1728 packets received, 7608 bps, 95.10%, Err 38 (1.0e-05)
468.250 .... 1736 packets received, 7609 bps, 95.11%, Err 38 (1.0e-05)
470.359 .... 1744 packets received, 7609 bps, 95.12%, Err 38 (1.0e-05)
472.470 .... 1752 packets received, 7610 bps, 95.12%, Err 39 (1.0e-05)
474.856 .... 1756 packets received, 7589 bps, 94.86%, Err 40 (1.1e-05)
476.962 .... 1768 packets received, 7607 bps, 95.09%, Err 40 (1.0e-05)
479.071 .... 1776 packets received, 7608 bps, 95.10%, Err 40 (1.0e-05)
481.177 .... 1784 packets received, 7608 bps, 95.11%, Err 40 (1.0e-05)
484.101 .... 1791 packets received, 7592 bps, 94.90%, Err 42 (1.1e-05)
486.202 .... 1801 packets received, 7601 bps, 95.02%, Err 42 (1.1e-05)
488.336 .... 1809 packets received, 7602 bps, 95.02%, Err 42 (1.1e-05)
490.417 .... 1817 packets received, 7603 bps, 95.04%, Err 43 (1.1e-05)
492.543 .... 1824 packets received, 7599 bps, 94.99%, Err 43 (1.1e-05)
494.655 .... 1832 packets received, 7600 bps, 95.00%, Err 43 (1.1e-05)
496.769 .... 1840 packets received, 7600 bps, 95.01%, Err 43 (1.1e-05)
498.875 .... 1848 packets received, 7601 bps, 95.02%, Err 43 (1.1e-05)
500.983 .... 1856 packets received, 7602 bps, 95.02%, Err 43 (1.1e-05)
503.101 .... 1864 packets received, 7603 bps, 95.03%, Err 43 (1.1e-05)
505.210 .... 1872 packets received, 7603 bps, 95.04%, Err 43 (1.1e-05)
507.871 .... 1878 packets received, 7588 bps, 94.84%, Err 44 (1.1e-05)
509.961 .... 1889 packets received, 7601 bps, 95.01%, Err 44 (1.1e-05)
512.085 .... 1897 packets received, 7601 bps, 95.01%, Err 44 (1.1e-05)
514.200 .... 1905 packets received, 7602 bps, 95.02%, Err 44 (1.1e-05)
516.307 .... 1913 packets received, 7602 bps, 95.03%, Err 44 (1.1e-05)
518.416 .... 1921 packets received, 7603 bps, 95.04%, Err 44 (1.1e-05)
520.534 .... 1929 packets received, 7604 bps, 95.05%, Err 44 (1.1e-05)
522.631 .... 1937 packets received, 7604 bps, 95.06%, Err 44 (1.1e-05)
524.750 .... 1945 packets received, 7605 bps, 95.06%, Err 44 (1.0e-05)
526.862 .... 1953 packets received, 7606 bps, 95.07%, Err 44 (1.0e-05)
528.974 .... 1961 packets received, 7606 bps, 95.08%, Err 44 (1.0e-05)
531.095 .... 1969 packets received, 7607 bps, 95.08%, Err 44 (1.0e-05)
533.205 .... 1977 packets received, 7607 bps, 95.09%, Err 44 (1.0e-05)
535.320 .... 1985 packets received, 7608 bps, 95.10%, Err 44 (1.0e-05)
537.422 .... 1993 packets received, 7609 bps, 95.11%, Err 44 (1.0e-05)
539.543 .... 2001 packets received, 7609 bps, 95.11%, Err 44 (1.0e-05)
541.653 .... 2009 packets received, 7610 bps, 95.12%, Err 44 (1.0e-05)
543.756 .... 2017 packets received, 7610 bps, 95.13%, Err 44 (1.0e-05)
545.863 .... 2025 packets received, 7611 bps, 95.14%, Err 44 (1.0e-05)
547.993 .... 2033 packets received, 7611 bps, 95.14%, Err 44 (1.0e-05)
550.085 .... 2041 packets received, 7612 bps, 95.15%, Err 44 (1.0e-05)
552.217 .... 2049 packets received, 7612 bps, 95.16%, Err 44 (1.0e-05)
554.333 .... 2057 packets received, 7613 bps, 95.16%, Err 44 (9.9e-06)
556.439 .... 2065 packets received, 7614 bps, 95.17%, Err 44 (9.9e-06)
558.548 .... 2073 packets received, 7614 bps, 95.18%, Err 44 (9.9e-06)
560.664 .... 2081 packets received, 7615 bps, 95.18%, Err 44 (9.8e-06)
564.102 .... 2089 packets received, 7597 bps, 94.97%, Err 45 (1.0e-05)
566.205 .... 2101 packets received, 7612 bps, 95.16%, Err 45 (9.9e-06)
568.317 .... 2109 packets received, 7613 bps, 95.16%, Err 45 (9.9e-06)
570.440 .... 2117 packets received, 7613 bps, 95.17%, Err 45 (9.9e-06)
572.565 .... 2125 packets received, 7614 bps, 95.17%, Err 45 (9.8e-06)
574.665 .... 2133 packets received, 7614 bps, 95.18%, Err 45 (9.8e-06)
576.773 .... 2141 packets received, 7615 bps, 95.19%, Err 45 (9.8e-06)
578.887 .... 2149 packets received, 7616 bps, 95.19%, Err 45 (9.7e-06)
580.994 .... 2157 packets received, 7616 bps, 95.20%, Err 45 (9.7e-06)
583.100 .... 2164 packets received, 7613 bps, 95.16%, Err 47 (1.0e-05)
585.234 .... 2171 packets received, 7610 bps, 95.12%, Err 47 (1.0e-05)
587.340 .... 2179 packets received, 7611 bps, 95.13%, Err 47 (1.0e-05)
589.458 .... 2187 packets received, 7611 bps, 95.14%, Err 47 (1.0e-05)
591.837 .... 2192 packets received, 7598 bps, 94.97%, Err 48 (1.0e-05)
593.953 .... 2202 packets received, 7605 bps, 95.06%, Err 49 (1.0e-05)
596.042 .... 2210 packets received, 7606 bps, 95.07%, Err 49 (1.0e-05)
598.170 .... 2218 packets received, 7606 bps, 95.08%, Err 49 (1.0e-05)
600.269 .... 2226 packets received, 7607 bps, 95.09%, Err 49 (1.0e-05)
602.392 .... 2234 packets received, 7607 bps, 95.09%, Err 50 (1.0e-05)
604.496 .... 2242 packets received, 7608 bps, 95.10%, Err 50 (1.0e-05)
606.634 .... 2250 packets received, 7608 bps, 95.10%, Err 50 (1.0e-05)
608.739 .... 2258 packets received, 7609 bps, 95.11%, Err 50 (1.0e-05)
610.847 .... 2266 packets received, 7609 bps, 95.12%, Err 50 (1.0e-05)
612.953 .... 2274 packets received, 7610 bps, 95.12%, Err 50 (1.0e-05)
616.130 .... 2281 packets received, 7594 bps, 94.92%, Err 51 (1.0e-05)
618.269 .... 2293 packets received, 7607 bps, 95.09%, Err 51 (1.0e-05)
620.391 .... 2301 packets received, 7608 bps, 95.10%, Err 51 (1.0e-05)
622.493 .... 2309 packets received, 7608 bps, 95.11%, Err 51 (1.0e-05)
624.596 .... 2317 packets received, 7609 bps, 95.11%, Err 51 (1.0e-05)
626.718 .... 2325 packets received, 7609 bps, 95.12%, Err 51 (1.0e-05)
628.844 .... 2333 packets received, 7610 bps, 95.12%, Err 51 (1.0e-05)
630.959 .... 2341 packets received, 7610 bps, 95.13%, Err 51 (1.0e-05)
633.069 .... 2349 packets received, 7611 bps, 95.13%, Err 51 (1.0e-05)
635.195 .... 2357 packets received, 7611 bps, 95.14%, Err 51 (1.0e-05)
637.303 .... 2365 packets received, 7612 bps, 95.14%, Err 51 (1.0e-05)
639.412 .... 2373 packets received, 7612 bps, 95.15%, Err 51 (1.0e-05)
641.539 .... 2381 packets received, 7612 bps, 95.16%, Err 51 (9.9e-06)
643.657 .... 2389 packets received, 7613 bps, 95.16%, Err 51 (9.9e-06)
645.759 .... 2397 packets received, 7613 bps, 95.17%, Err 51 (9.9e-06)
647.854 .... 2405 packets received, 7614 bps, 95.18%, Err 51 (9.9e-06)
649.980 .... 2413 packets received, 7614 bps, 95.18%, Err 51 (9.8e-06)
652.086 .... 2421 packets received, 7615 bps, 95.19%, Err 51 (9.8e-06)
654.197 .... 2428 packets received, 7612 bps, 95.15%, Err 52 (9.9e-06)
656.323 .... 2436 packets received, 7613 bps, 95.16%, Err 52 (9.9e-06)
658.423 .... 2444 packets received, 7613 bps, 95.16%, Err 52 (9.9e-06)
660.560 .... 2452 packets received, 7613 bps, 95.17%, Err 52 (9.9e-06)
662.681 .... 2460 packets received, 7614 bps, 95.17%, Err 52 (9.8e-06)
664.796 .... 2468 packets received, 7614 bps, 95.18%, Err 52 (9.8e-06)
666.908 .... 2476 packets received, 7615 bps, 95.18%, Err 52 (9.8e-06)
669.018 .... 2484 packets received, 7615 bps, 95.19%, Err 52 (9.7e-06)
671.139 .... 2492 packets received, 7615 bps, 95.19%, Err 52 (9.7e-06)
673.269 .... 2500 packets received, 7616 bps, 95.20%, Err 52 (9.7e-06)
675.373 .... 2508 packets received, 7616 bps, 95.20%, Err 52 (9.6e-06)
677.495 .... 2516 packets received, 7617 bps, 95.21%, Err 52 (9.6e-06)
679.628 .... 2524 packets received, 7617 bps, 95.21%, Err 52 (9.6e-06)
681.731 .... 2528 packets received, 7605 bps, 95.07%, Err 53 (9.7e-06)
683.862 .... 2539 packets received, 7614 bps, 95.18%, Err 53 (9.7e-06)
685.966 .... 2547 packets received, 7615 bps, 95.19%, Err 53 (9.7e-06)
688.086 .... 2555 packets received, 7615 bps, 95.19%, Err 53 (9.6e-06)
690.458 .... 2560 packets received, 7604 bps, 95.05%, Err 56 (1.0e-05)
693.086 .... 2564 packets received, 7587 bps, 94.84%, Err 56 (1.0e-05)
695.205 .... 2579 packets received, 7608 bps, 95.10%, Err 56 (1.0e-05)
697.324 .... 2587 packets received, 7608 bps, 95.11%, Err 56 (1.0e-05)
699.446 .... 2595 packets received, 7609 bps, 95.11%, Err 56 (1.0e-05)
701.545 .... 2603 packets received, 7609 bps, 95.12%, Err 56 (1.0e-05)
703.667 .... 2611 packets received, 7610 bps, 95.12%, Err 56 (1.0e-05)
705.786 .... 2619 packets received, 7610 bps, 95.13%, Err 56 (9.9e-06)
707.887 .... 2627 packets received, 7611 bps, 95.13%, Err 56 (9.9e-06)
710.005 .... 2634 packets received, 7608 bps, 95.10%, Err 57 (1.0e-05)
712.106 .... 2642 packets received, 7609 bps, 95.11%, Err 57 (1.0e-05)
715.016 .... 2649 packets received, 7598 bps, 94.97%, Err 59 (1.0e-05)
717.139 .... 2659 packets received, 7604 bps, 95.05%, Err 59 (1.0e-05)
719.240 .... 2667 packets received, 7604 bps, 95.05%, Err 59 (1.0e-05)
721.342 .... 2675 packets received, 7605 bps, 95.06%, Err 59 (1.0e-05)
723.460 .... 2683 packets received, 7605 bps, 95.07%, Err 59 (1.0e-05)
725.581 .... 2691 packets received, 7606 bps, 95.07%, Err 59 (1.0e-05)
728.742 .... 2699 packets received, 7595 bps, 94.94%, Err 60 (1.0e-05)
730.840 .... 2710 packets received, 7604 bps, 95.05%, Err 60 (1.0e-05)
732.974 .... 2718 packets received, 7604 bps, 95.05%, Err 60 (1.0e-05)
735.075 .... 2726 packets received, 7605 bps, 95.06%, Err 60 (1.0e-05)
737.192 .... 2734 packets received, 7605 bps, 95.07%, Err 60 (1.0e-05)
739.311 .... 2742 packets received, 7606 bps, 95.07%, Err 60 (1.0e-05)
741.684 .... 2747 packets received, 7595 bps, 94.94%, Err 61 (1.0e-05)
743.800 .... 2758 packets received, 7604 bps, 95.05%, Err 61 (1.0e-05)
745.902 .... 2766 packets received, 7604 bps, 95.05%, Err 61 (1.0e-05)
748.016 .... 2774 packets received, 7605 bps, 95.06%, Err 61 (1.0e-05)
750.137 .... 2782 packets received, 7605 bps, 95.06%, Err 61 (1.0e-05)
752.234 .... 2790 packets received, 7606 bps, 95.07%, Err 61 (1.0e-05)
754.353 .... 2798 packets received, 7606 bps, 95.08%, Err 61 (1.0e-05)
756.466 .... 2806 packets received, 7606 bps, 95.08%, Err 61 (1.0e-05)
758.586 .... 2814 packets received, 7607 bps, 95.09%, Err 61 (1.0e-05)
760.702 .... 2818 packets received, 7596 bps, 94.96%, Err 62 (1.0e-05)
762.801 .... 2829 packets received, 7605 bps, 95.06%, Err 62 (1.0e-05)
765.978 .... 2837 packets received, 7595 bps, 94.94%, Err 63 (1.0e-05)
768.096 .... 2848 packets received, 7603 bps, 95.04%, Err 63 (1.0e-05)
770.195 .... 2856 packets received, 7604 bps, 95.05%, Err 63 (1.0e-05)
772.309 .... 2864 packets received, 7604 bps, 95.05%, Err 63 (1.0e-05)
774.424 .... 2872 packets received, 7605 bps, 95.06%, Err 63 (1.0e-05)
776.537 .... 2880 packets received, 7605 bps, 95.06%, Err 63 (1.0e-05)
779.703 .... 2888 packets received, 7595 bps, 94.94%, Err 64 (1.0e-05)
781.818 .... 2899 packets received, 7603 bps, 95.04%, Err 64 (1.0e-05)
783.941 .... 2907 packets received, 7604 bps, 95.05%, Err 64 (1.0e-05)
786.041 .... 2915 packets received, 7604 bps, 95.05%, Err 64 (1.0e-05)
788.158 .... 2923 packets received, 7605 bps, 95.06%, Err 64 (1.0e-05)
790.260 .... 2931 packets received, 7605 bps, 95.06%, Err 64 (1.0e-05)
792.380 .... 2939 packets received, 7605 bps, 95.07%, Err 64 (1.0e-05)
794.498 .... 2947 packets received, 7606 bps, 95.07%, Err 64 (1.0e-05)
796.598 .... 2955 packets received, 7606 bps, 95.08%, Err 64 (1.0e-05)
798.717 .... 2963 packets received, 7607 bps, 95.08%, Err 64 (1.0e-05)
800.820 .... 2971 packets received, 7607 bps, 95.09%, Err 64 (1.0e-05)
802.948 .... 2979 packets received, 7607 bps, 95.09%, Err 64 (1.0e-05)
805.040 .... 2987 packets received, 7608 bps, 95.10%, Err 64 (9.9e-06)
807.154 .... 2990 packets received, 7596 bps, 94.95%, Err 65 (1.0e-05)
809.296 .... 3002 packets received, 7606 bps, 95.07%, Err 65 (1.0e-05)
811.414 .... 3010 packets received, 7606 bps, 95.08%, Err 65 (1.0e-05)
813.509 .... 3018 packets received, 7607 bps, 95.09%, Err 65 (1.0e-05)
815.615 .... 3026 packets received, 7607 bps, 95.09%, Err 65 (1.0e-05)
817.716 .... 3034 packets received, 7608 bps, 95.10%, Err 65 (9.9e-06)
819.854 .... 3042 packets received, 7608 bps, 95.10%, Err 65 (9.9e-06)
821.960 .... 3050 packets received, 7608 bps, 95.10%, Err 65 (9.9e-06)
824.063 .... 3058 packets received, 7609 bps, 95.11%, Err 65 (9.9e-06)
826.192 .... 3066 packets received, 7609 bps, 95.11%, Err 65 (9.8e-06)
828.312 .... 3074 packets received, 7609 bps, 95.12%, Err 66 (1.0e-05)
830.693 .... 3078 packets received, 7597 bps, 94.97%, Err 67 (1.0e-05)
832.819 .... 3090 packets received, 7608 bps, 95.09%, Err 67 (1.0e-05)
834.909 .... 3098 packets received, 7608 bps, 95.10%, Err 67 (1.0e-05)
837.021 .... 3106 packets received, 7608 bps, 95.11%, Err 67 (1.0e-05)
839.163 .... 3113 packets received, 7606 bps, 95.08%, Err 68 (1.0e-05)
841.271 .... 3121 packets received, 7607 bps, 95.08%, Err 68 (1.0e-05)
843.383 .... 3129 packets received, 7607 bps, 95.09%, Err 68 (1.0e-05)
845.499 .... 3137 packets received, 7607 bps, 95.09%, Err 68 (1.0e-05)
847.609 .... 3145 packets received, 7608 bps, 95.10%, Err 68 (1.0e-05)
849.730 .... 3153 packets received, 7608 bps, 95.10%, Err 68 (1.0e-05)
851.835 .... 3161 packets received, 7608 bps, 95.10%, Err 68 (1.0e-05)
853.954 .... 3169 packets received, 7609 bps, 95.11%, Err 68 (1.0e-05)
856.066 .... 3177 packets received, 7609 bps, 95.11%, Err 68 (9.9e-06)
858.169 .... 3185 packets received, 7610 bps, 95.12%, Err 68 (9.9e-06)
860.281 .... 3193 packets received, 7610 bps, 95.12%, Err 69 (1.0e-05)
862.397 .... 3200 packets received, 7608 bps, 95.10%, Err 69 (1.0e-05)
864.513 .... 3208 packets received, 7608 bps, 95.10%, Err 69 (1.0e-05)
866.648 .... 3216 packets received, 7608 bps, 95.10%, Err 69 (1.0e-05)
868.759 .... 3224 packets received, 7609 bps, 95.11%, Err 69 (9.9e-06)
870.855 .... 3232 packets received, 7609 bps, 95.11%, Err 69 (9.9e-06)
872.974 .... 3240 packets received, 7609 bps, 95.12%, Err 70 (1.0e-05)
875.101 .... 3247 packets received, 7607 bps, 95.09%, Err 70 (1.0e-05)
877.213 .... 3255 packets received, 7608 bps, 95.10%, Err 70 (1.0e-05)
879.342 .... 3263 packets received, 7608 bps, 95.10%, Err 70 (1.0e-05)
881.440 .... 3271 packets received, 7608 bps, 95.11%, Err 70 (9.9e-06)
883.539 .... 3279 packets received, 7609 bps, 95.11%, Err 70 (9.9e-06)
885.662 .... 3287 packets received, 7609 bps, 95.11%, Err 70 (9.9e-06)
887.767 .... 3295 packets received, 7610 bps, 95.12%, Err 70 (9.9e-06)
889.871 .... 3303 packets received, 7610 bps, 95.12%, Err 70 (9.8e-06)
892.009 .... 3311 packets received, 7610 bps, 95.13%, Err 70 (9.8e-06)
894.133 .... 3319 packets received, 7610 bps, 95.13%, Err 70 (9.8e-06)
896.233 .... 3327 packets received, 7611 bps, 95.14%, Err 70 (9.8e-06)
898.354 .... 3335 packets received, 7611 bps, 95.14%, Err 70 (9.7e-06)
901.271 .... 3342 packets received, 7602 bps, 95.03%, Err 72 (1.0e-05)
903.354 .... 3352 packets received, 7607 bps, 95.09%, Err 72 (1.0e-05)
905.470 .... 3360 packets received, 7608 bps, 95.10%, Err 72 (9.9e-06)
907.586 .... 3367 packets received, 7606 bps, 95.07%, Err 73 (1.0e-05)
909.706 .... 3375 packets received, 7606 bps, 95.08%, Err 73 (1.0e-05)
912.886 .... 3383 packets received, 7598 bps, 94.97%, Err 74 (1.0e-05)
914.978 .... 3394 packets received, 7605 bps, 95.06%, Err 74 (1.0e-05)
917.102 .... 3402 packets received, 7605 bps, 95.06%, Err 74 (1.0e-05)
919.199 .... 3410 packets received, 7606 bps, 95.07%, Err 74 (1.0e-05)
921.314 .... 3418 packets received, 7606 bps, 95.07%, Err 74 (1.0e-05)
923.427 .... 3426 packets received, 7606 bps, 95.08%, Err 74 (1.0e-05)
925.548 .... 3434 packets received, 7607 bps, 95.08%, Err 75 (1.0e-05)
927.661 .... 3442 packets received, 7607 bps, 95.09%, Err 75 (1.0e-05)
929.775 .... 3450 packets received, 7607 bps, 95.09%, Err 75 (1.0e-05)
931.879 .... 3458 packets received, 7608 bps, 95.09%, Err 75 (1.0e-05)
933.993 .... 3466 packets received, 7608 bps, 95.10%, Err 75 (1.0e-05)
936.116 .... 3474 packets received, 7608 bps, 95.10%, Err 75 (1.0e-05)
938.208 .... 3482 packets received, 7609 bps, 95.11%, Err 75 (1.0e-05)
940.873 .... 3488 packets received, 7600 bps, 95.00%, Err 76 (1.0e-05)
942.983 .... 3499 packets received, 7607 bps, 95.09%, Err 76 (1.0e-05)
945.081 .... 3503 packets received, 7599 bps, 94.99%, Err 77 (1.0e-05)
947.214 .... 3514 packets received, 7605 bps, 95.07%, Err 77 (1.0e-05)
949.311 .... 3522 packets received, 7606 bps, 95.07%, Err 77 (1.0e-05)
951.430 .... 3530 packets received, 7606 bps, 95.08%, Err 77 (1.0e-05)
953.549 .... 3538 packets received, 7607 bps, 95.08%, Err 77 (1.0e-05)
955.662 .... 3542 packets received, 7598 bps, 94.98%, Err 78 (1.0e-05)
957.758 .... 3553 packets received, 7605 bps, 95.06%, Err 78 (1.0e-05)
959.872 .... 3561 packets received, 7605 bps, 95.07%, Err 78 (1.0e-05)
961.971 .... 3569 packets received, 7606 bps, 95.07%, Err 78 (1.0e-05)
964.095 .... 3577 packets received, 7606 bps, 95.08%, Err 78 (1.0e-05)
966.199 .... 3585 packets received, 7607 bps, 95.08%, Err 78 (1.0e-05)
968.318 .... 3593 packets received, 7607 bps, 95.09%, Err 78 (1.0e-05)
970.435 .... 3601 packets received, 7607 bps, 95.09%, Err 78 (1.0e-05)
972.553 .... 3609 packets received, 7607 bps, 95.09%, Err 78 (1.0e-05)
974.653 .... 3617 packets received, 7608 bps, 95.10%, Err 78 (1.0e-05)
976.758 .... 3625 packets received, 7608 bps, 95.10%, Err 78 (1.0e-05)
978.898 .... 3633 packets received, 7608 bps, 95.10%, Err 78 (1.0e-05)
980.990 .... 3641 packets received, 7609 bps, 95.11%, Err 78 (9.9e-06)
983.103 .... 3649 packets received, 7609 bps, 95.11%, Err 78 (9.9e-06)
985.222 .... 3657 packets received, 7609 bps, 95.12%, Err 78 (9.9e-06)
987.332 .... 3665 packets received, 7610 bps, 95.12%, Err 78 (9.9e-06)
989.445 .... 3673 packets received, 7610 bps, 95.12%, Err 78 (9.9e-06)
991.551 .... 3681 packets received, 7610 bps, 95.13%, Err 78 (9.8e-06)
993.665 .... 3689 packets received, 7611 bps, 95.13%, Err 78 (9.8e-06)
995.793 .... 3697 packets received, 7611 bps, 95.14%, Err 78 (9.8e-06)
997.901 .... 3705 packets received, 7611 bps, 95.14%, Err 78 (9.8e-06)
1000.819 .... 3710 packets received, 7599 bps, 94.99%, Err 80 (1.0e-05)
1002.921 .... 3722 packets received, 7608 bps, 95.10%, Err 80 (1.0e-05)
1005.039 .... 3730 packets received, 7608 bps, 95.10%, Err 80 (1.0e-05)
1007.159 .... 3738 packets received, 7608 bps, 95.10%, Err 80 (9.9e-06)
1009.795 .... 3743 packets received, 7599 bps, 94.98%, Err 81 (1.0e-05)
1011.913 .... 3755 packets received, 7607 bps, 95.09%, Err 81 (1.0e-05)
1014.028 .... 3763 packets received, 7607 bps, 95.09%, Err 81 (1.0e-05)
1016.134 .... 3771 packets received, 7608 bps, 95.10%, Err 81 (1.0e-05)
1018.240 .... 3779 packets received, 7608 bps, 95.10%, Err 81 (1.0e-05)
1020.346 .... 3787 packets received, 7608 bps, 95.10%, Err 81 (9.9e-06)
1022.481 .... 3795 packets received, 7608 bps, 95.11%, Err 81 (9.9e-06)
1025.899 .... 3803 packets received, 7599 bps, 94.99%, Err 82 (1.0e-05)
1028.035 .... 3815 packets received, 7607 bps, 95.09%, Err 82 (1.0e-05)
1030.153 .... 3823 packets received, 7607 bps, 95.09%, Err 82 (1.0e-05)
1032.254 .... 3831 packets received, 7608 bps, 95.10%, Err 82 (9.9e-06)
1034.344 .... 3839 packets received, 7608 bps, 95.10%, Err 82 (9.9e-06)
1036.476 .... 3846 packets received, 7607 bps, 95.08%, Err 83 (1.0e-05)
1038.609 .... 3854 packets received, 7607 bps, 95.08%, Err 83 (1.0e-05)
1040.723 .... 3862 packets received, 7607 bps, 95.09%, Err 83 (1.0e-05)
1043.645 .... 3868 packets received, 7597 bps, 94.97%, Err 84 (1.0e-05)
1046.016 .... 3876 packets received, 7596 bps, 94.95%, Err 85 (1.0e-05)
1048.400 .... 3885 packets received, 7596 bps, 94.95%, Err 86 (1.0e-05)
1051.289 .... 3894 packets received, 7593 bps, 94.91%, Err 87 (1.0e-05)
1053.397 .... 3906 packets received, 7601 bps, 95.01%, Err 87 (1.0e-05)
1055.527 .... 3914 packets received, 7601 bps, 95.01%, Err 87 (1.0e-05)
1057.645 .... 3922 packets received, 7601 bps, 95.02%, Err 87 (1.0e-05)
1059.741 .... 3930 packets received, 7602 bps, 95.02%, Err 87 (1.0e-05)
1061.845 .... 3938 packets received, 7602 bps, 95.03%, Err 87 (1.0e-05)
1063.962 .... 3946 packets received, 7602 bps, 95.03%, Err 87 (1.0e-05)
1066.081 .... 3954 packets received, 7603 bps, 95.03%, Err 87 (1.0e-05)
1068.200 .... 3962 packets received, 7603 bps, 95.04%, Err 87 (1.0e-05)
1070.302 .... 3970 packets received, 7603 bps, 95.04%, Err 87 (1.0e-05)
1072.431 .... 3978 packets received, 7604 bps, 95.04%, Err 87 (1.0e-05)
1074.549 .... 3986 packets received, 7604 bps, 95.05%, Err 87 (1.0e-05)
1076.634 .... 3994 packets received, 7604 bps, 95.05%, Err 87 (1.0e-05)
1078.754 .... 4002 packets received, 7605 bps, 95.06%, Err 87 (1.0e-05)
1080.855 .... 4010 packets received, 7605 bps, 95.06%, Err 87 (1.0e-05)
1082.977 .... 4018 packets received, 7605 bps, 95.06%, Err 87 (1.0e-05)
1085.095 .... 4026 packets received, 7605 bps, 95.07%, Err 87 (1.0e-05)
1087.199 .... 4034 packets received, 7606 bps, 95.07%, Err 87 (1.0e-05)
1089.335 .... 4042 packets received, 7606 bps, 95.07%, Err 88 (1.0e-05)
1091.469 .... 4050 packets received, 7606 bps, 95.08%, Err 88 (1.0e-05)
1093.565 .... 4058 packets received, 7606 bps, 95.08%, Err 88 (1.0e-05)
1095.685 .... 4066 packets received, 7607 bps, 95.08%, Err 88 (1.0e-05)
1097.788 .... 4074 packets received, 7607 bps, 95.09%, Err 88 (1.0e-05)
1099.912 .... 4082 packets received, 7607 bps, 95.09%, Err 88 (1.0e-05)
1102.013 .... 4090 packets received, 7608 bps, 95.10%, Err 88 (1.0e-05)
1104.115 .... 4097 packets received, 7606 bps, 95.08%, Err 89 (1.0e-05)
1106.238 .... 4105 packets received, 7606 bps, 95.08%, Err 89 (1.0e-05)
1108.360 .... 4113 packets received, 7607 bps, 95.08%, Err 89 (1.0e-05)
1110.473 .... 4121 packets received, 7607 bps, 95.09%, Err 89 (1.0e-05)
1112.587 .... 4129 packets received, 7607 bps, 95.09%, Err 89 (1.0e-05)
1115.477 .... 4136 packets received, 7600 bps, 95.00%, Err 90 (1.0e-05)
1117.578 .... 4147 packets received, 7606 bps, 95.08%, Err 90 (1.0e-05)
1119.704 .... 4155 packets received, 7606 bps, 95.08%, Err 90 (1.0e-05)
1121.821 .... 4163 packets received, 7607 bps, 95.08%, Err 91 (1.0e-05)
1124.969 .... 4171 packets received, 7600 bps, 95.00%, Err 92 (1.0e-05)
1127.101 .... 4182 packets received, 7605 bps, 95.07%, Err 92 (1.0e-05)
1129.212 .... 4190 packets received, 7606 bps, 95.07%, Err 92 (1.0e-05)
1131.331 .... 4198 packets received, 7606 bps, 95.07%, Err 92 (1.0e-05)
1133.436 .... 4206 packets received, 7606 bps, 95.08%, Err 92 (1.0e-05)
1135.559 .... 4214 packets received, 7607 bps, 95.08%, Err 92 (1.0e-05)
1137.658 .... 4222 packets received, 7607 bps, 95.09%, Err 92 (1.0e-05)
1140.043 .... 4227 packets received, 7600 bps, 95.00%, Err 93 (1.0e-05)
1142.163 .... 4237 packets received, 7604 bps, 95.05%, Err 94 (1.0e-05)
1144.265 .... 4245 packets received, 7604 bps, 95.05%, Err 94 (1.0e-05)
1146.371 .... 4253 packets received, 7604 bps, 95.06%, Err 94 (1.0e-05)
1148.485 .... 4261 packets received, 7605 bps, 95.06%, Err 94 (1.0e-05)
1150.606 .... 4269 packets received, 7605 bps, 95.06%, Err 94 (1.0e-05)
1153.247 .... 4275 packets received, 7598 bps, 94.98%, Err 95 (1.0e-05)
1155.360 .... 4286 packets received, 7604 bps, 95.05%, Err 95 (1.0e-05)
1157.456 .... 4294 packets received, 7604 bps, 95.05%, Err 95 (1.0e-05)
1159.591 .... 4302 packets received, 7604 bps, 95.05%, Err 95 (1.0e-05)
1161.687 .... 4310 packets received, 7605 bps, 95.06%, Err 95 (1.0e-05)
1163.800 .... 4318 packets received, 7605 bps, 95.06%, Err 95 (1.0e-05)
1165.919 .... 4326 packets received, 7605 bps, 95.06%, Err 95 (1.0e-05)
1168.038 .... 4334 packets received, 7605 bps, 95.07%, Err 95 (1.0e-05)
1170.152 .... 4342 packets received, 7606 bps, 95.07%, Err 95 (1.0e-05)
1172.254 .... 4350 packets received, 7606 bps, 95.07%, Err 95 (1.0e-05)
1174.372 .... 4358 packets received, 7606 bps, 95.08%, Err 95 (1.0e-05)
1176.487 .... 4366 packets received, 7606 bps, 95.08%, Err 95 (1.0e-05)
1178.589 .... 4374 packets received, 7607 bps, 95.09%, Err 95 (1.0e-05)
1180.709 .... 4382 packets received, 7607 bps, 95.09%, Err 95 (1.0e-05)
1182.813 .... 4390 packets received, 7607 bps, 95.09%, Err 95 (1.0e-05)
1184.939 .... 4398 packets received, 7608 bps, 95.09%, Err 95 (1.0e-05)
1187.022 .... 4406 packets received, 7608 bps, 95.10%, Err 95 (1.0e-05)
1189.154 .... 4414 packets received, 7608 bps, 95.10%, Err 95 (1.0e-05)
1191.270 .... 4418 packets received, 7601 bps, 95.02%, Err 96 (1.0e-05)
1193.368 .... 4429 packets received, 7607 bps, 95.09%, Err 96 (1.0e-05)
1195.472 .... 4437 packets received, 7607 bps, 95.09%, Err 96 (1.0e-05)
1197.604 .... 4445 packets received, 7607 bps, 95.09%, Err 96 (1.0e-05)
1199.704 .... 4453 packets received, 7608 bps, 95.10%, Err 96 (1.0e-05)
1201.823 .... 4461 packets received, 7608 bps, 95.10%, Err 96 (1.0e-05)
1203.938 .... 4469 packets received, 7608 bps, 95.10%, Err 96 (1.0e-05)
1206.058 .... 4477 packets received, 7608 bps, 95.11%, Err 96 (1.0e-05)
1208.174 .... 4485 packets received, 7609 bps, 95.11%, Err 96 (9.9e-06)
1210.294 .... 4493 packets received, 7609 bps, 95.11%, Err 96 (9.9e-06)
1212.400 .... 4501 packets received, 7609 bps, 95.12%, Err 96 (9.9e-06)
1215.567 .... 4508 packets received, 7601 bps, 95.01%, Err 97 (1.0e-05)
1217.674 .... 4520 packets received, 7608 bps, 95.10%, Err 97 (1.0e-05)
1219.795 .... 4528 packets received, 7608 bps, 95.11%, Err 97 (9.9e-06)
1221.919 .... 4536 packets received, 7609 bps, 95.11%, Err 97 (9.9e-06)
1224.011 .... 4544 packets received, 7609 bps, 95.11%, Err 97 (9.9e-06)
1226.121 .... 4552 packets received, 7609 bps, 95.12%, Err 97 (9.9e-06)
1228.235 .... 4560 packets received, 7609 bps, 95.12%, Err 97 (9.9e-06)
1230.339 .... 4568 packets received, 7610 bps, 95.12%, Err 97 (9.9e-06)
1232.475 .... 4576 packets received, 7610 bps, 95.12%, Err 97 (9.8e-06)
1234.845 .... 4580 packets received, 7602 bps, 95.02%, Err 98 (9.9e-06)
1236.968 .... 4592 packets received, 7609 bps, 95.11%, Err 99 (1.0e-05)
1239.875 .... 4596 packets received, 7598 bps, 94.97%, Err 100 (1.0e-05)
1242.009 .... 4609 packets received, 7606 bps, 95.07%, Err 100 (1.0e-05)
1244.111 .... 4617 packets received, 7606 bps, 95.08%, Err 100 (1.0e-05)
1246.229 .... 4625 packets received, 7606 bps, 95.08%, Err 100 (1.0e-05)
1248.312 .... 4633 packets received, 7607 bps, 95.09%, Err 100 (1.0e-05)
1250.437 .... 4641 packets received, 7607 bps, 95.09%, Err 100 (1.0e-05)
1252.552 .... 4649 packets received, 7607 bps, 95.09%, Err 100 (1.0e-05)
1254.659 .... 4657 packets received, 7608 bps, 95.09%, Err 100 (1.0e-05)
1256.774 .... 4665 packets received, 7608 bps, 95.10%, Err 100 (1.0e-05)
1258.900 .... 4673 packets received, 7608 bps, 95.10%, Err 100 (9.9e-06)
1261.025 .... 4681 packets received, 7608 bps, 95.10%, Err 100 (9.9e-06)
1263.129 .... 4689 packets received, 7608 bps, 95.11%, Err 100 (9.9e-06)
1265.248 .... 4697 packets received, 7609 bps, 95.11%, Err 100 (9.9e-06)
1267.349 .... 4705 packets received, 7609 bps, 95.11%, Err 100 (9.9e-06)
1269.461 .... 4713 packets received, 7609 bps, 95.12%, Err 100 (9.9e-06)
1271.568 .... 4721 packets received, 7609 bps, 95.12%, Err 100 (9.8e-06)
1274.227 .... 4727 packets received, 7603 bps, 95.04%, Err 101 (9.9e-06)
1276.333 .... 4734 packets received, 7602 bps, 95.02%, Err 103 (1.0e-05)
1278.436 .... 4745 packets received, 7607 bps, 95.09%, Err 103 (1.0e-05)
1280.559 .... 4753 packets received, 7607 bps, 95.09%, Err 103 (1.0e-05)
1282.658 .... 4761 packets received, 7608 bps, 95.09%, Err 103 (1.0e-05)
1284.796 .... 4769 packets received, 7608 bps, 95.10%, Err 103 (1.0e-05)
1286.920 .... 4777 packets received, 7608 bps, 95.10%, Err 103 (1.0e-05)
1289.010 .... 4785 packets received, 7608 bps, 95.10%, Err 103 (1.0e-05)
1291.117 .... 4793 packets received, 7608 bps, 95.11%, Err 103 (1.0e-05)
1293.248 .... 4800 packets received, 7607 bps, 95.09%, Err 104 (1.0e-05)
1295.355 .... 4808 packets received, 7607 bps, 95.09%, Err 104 (1.0e-05)
1297.476 .... 4816 packets received, 7607 bps, 95.09%, Err 104 (1.0e-05)
1299.575 .... 4824 packets received, 7608 bps, 95.10%, Err 104 (1.0e-05)
1301.693 .... 4832 packets received, 7608 bps, 95.10%, Err 104 (1.0e-05)
1304.086 .... 4837 packets received, 7602 bps, 95.02%, Err 105 (1.0e-05)
1306.206 .... 4847 packets received, 7605 bps, 95.07%, Err 106 (1.0e-05)
1308.306 .... 4855 packets received, 7606 bps, 95.07%, Err 106 (1.0e-05)
1310.439 .... 4863 packets received, 7606 bps, 95.07%, Err 106 (1.0e-05)
1312.538 .... 4871 packets received, 7606 bps, 95.08%, Err 106 (1.0e-05)
1314.657 .... 4879 packets received, 7606 bps, 95.08%, Err 106 (1.0e-05)
1316.756 .... 4882 packets received, 7599 bps, 94.98%, Err 107 (1.0e-05)
1318.874 .... 4894 packets received, 7605 bps, 95.06%, Err 107 (1.0e-05)
1320.999 .... 4902 packets received, 7605 bps, 95.07%, Err 107 (1.0e-05)
1323.099 .... 4910 packets received, 7606 bps, 95.07%, Err 107 (1.0e-05)
1325.226 .... 4918 packets received, 7606 bps, 95.07%, Err 107 (1.0e-05)
1327.330 .... 4926 packets received, 7606 bps, 95.08%, Err 107 (1.0e-05)
1329.430 .... 4934 packets received, 7606 bps, 95.08%, Err 107 (1.0e-05)
1331.566 .... 4942 packets received, 7607 bps, 95.08%, Err 107 (1.0e-05)
1334.191 .... 4948 packets received, 7601 bps, 95.01%, Err 108 (1.0e-05)
1336.308 .... 4959 packets received, 7606 bps, 95.07%, Err 108 (1.0e-05)
1338.420 .... 4967 packets received, 7606 bps, 95.07%, Err 108 (1.0e-05)
1340.539 .... 4975 packets received, 7606 bps, 95.08%, Err 108 (1.0e-05)
1342.640 .... 4983 packets received, 7606 bps, 95.08%, Err 108 (1.0e-05)
1345.547 .... 4990 packets received, 7601 bps, 95.01%, Err 109 (1.0e-05)
1347.663 .... 5001 packets received, 7605 bps, 95.07%, Err 109 (1.0e-05)
1349.766 .... 5009 packets received, 7606 bps, 95.07%, Err 109 (1.0e-05)
1351.897 .... 5017 packets received, 7606 bps, 95.07%, Err 109 (1.0e-05)
1354.533 .... 5023 packets received, 7600 bps, 95.00%, Err 110 (1.0e-05)
1356.642 .... 5034 packets received, 7605 bps, 95.06%, Err 110 (1.0e-05)
1358.742 .... 5042 packets received, 7605 bps, 95.06%, Err 110 (1.0e-05)
1360.859 .... 5050 packets received, 7605 bps, 95.07%, Err 110 (1.0e-05)
1363.239 .... 5055 packets received, 7600 bps, 94.99%, Err 111 (1.0e-05)
1365.346 .... 5066 packets received, 7604 bps, 95.05%, Err 111 (1.0e-05)
1367.461 .... 5074 packets received, 7605 bps, 95.06%, Err 111 (1.0e-05)
1369.569 .... 5082 packets received, 7605 bps, 95.06%, Err 111 (1.0e-05)
1371.673 .... 5090 packets received, 7605 bps, 95.06%, Err 111 (1.0e-05)
1373.809 .... 5098 packets received, 7605 bps, 95.06%, Err 111 (1.0e-05)
1375.919 .... 5106 packets received, 7605 bps, 95.07%, Err 111 (1.0e-05)
1378.036 .... 5113 packets received, 7604 bps, 95.05%, Err 112 (1.0e-05)
1380.148 .... 5121 packets received, 7604 bps, 95.05%, Err 112 (1.0e-05)
1382.259 .... 5129 packets received, 7605 bps, 95.06%, Err 112 (1.0e-05)
1384.362 .... 5137 packets received, 7605 bps, 95.06%, Err 112 (1.0e-05)
1386.480 .... 5145 packets received, 7605 bps, 95.06%, Err 112 (1.0e-05)
1388.596 .... 5153 packets received, 7605 bps, 95.07%, Err 112 (1.0e-05)
1390.692 .... 5161 packets received, 7606 bps, 95.07%, Err 112 (1.0e-05)
1393.865 .... 5169 packets received, 7600 bps, 95.00%, Err 113 (1.0e-05)
1395.992 .... 5180 packets received, 7605 bps, 95.06%, Err 113 (1.0e-05)
1398.086 .... 5188 packets received, 7605 bps, 95.06%, Err 113 (1.0e-05)
1400.222 .... 5196 packets received, 7605 bps, 95.06%, Err 113 (1.0e-05)
1402.321 .... 5204 packets received, 7605 bps, 95.07%, Err 113 (1.0e-05)
1404.437 .... 5212 packets received, 7606 bps, 95.07%, Err 113 (1.0e-05)
1406.570 .... 5220 packets received, 7606 bps, 95.07%, Err 113 (1.0e-05)
1408.699 .... 5228 packets received, 7606 bps, 95.07%, Err 113 (1.0e-05)
1410.802 .... 5236 packets received, 7606 bps, 95.08%, Err 113 (1.0e-05)
1412.902 .... 5244 packets received, 7606 bps, 95.08%, Err 113 (1.0e-05)
1415.016 .... 5252 packets received, 7607 bps, 95.08%, Err 113 (1.0e-05)
1417.145 .... 5259 packets received, 7605 bps, 95.07%, Err 114 (1.0e-05)
1419.236 .... 5267 packets received, 7606 bps, 95.07%, Err 114 (1.0e-05)
1421.357 .... 5275 packets received, 7606 bps, 95.07%, Err 114 (1.0e-05)
1423.458 .... 5283 packets received, 7606 bps, 95.08%, Err 114 (1.0e-05)
1426.908 .... 5291 packets received, 7599 bps, 94.99%, Err 115 (1.0e-05)
1429.002 .... 5303 packets received, 7605 bps, 95.07%, Err 115 (1.0e-05)
1432.429 .... 5311 packets received, 7598 bps, 94.98%, Err 116 (1.0e-05)
1434.546 .... 5323 packets received, 7604 bps, 95.06%, Err 116 (1.0e-05)
1436.653 .... 5331 packets received, 7605 bps, 95.06%, Err 116 (1.0e-05)
1438.769 .... 5339 packets received, 7605 bps, 95.06%, Err 117 (1.0e-05)
1440.878 .... 5347 packets received, 7605 bps, 95.06%, Err 117 (1.0e-05)
1442.991 .... 5355 packets received, 7605 bps, 95.07%, Err 117 (1.0e-05)
1445.120 .... 5363 packets received, 7605 bps, 95.07%, Err 117 (1.0e-05)
1447.215 .... 5367 packets received, 7600 bps, 95.00%, Err 118 (1.0e-05)
1449.342 .... 5378 packets received, 7604 bps, 95.06%, Err 118 (1.0e-05)
1451.459 .... 5386 packets received, 7605 bps, 95.06%, Err 118 (1.0e-05)
1453.584 .... 5394 packets received, 7605 bps, 95.06%, Err 118 (1.0e-05)
1455.672 .... 5402 packets received, 7605 bps, 95.06%, Err 118 (1.0e-05)
1457.785 .... 5410 packets received, 7605 bps, 95.07%, Err 118 (1.0e-05)
1459.901 .... 5418 packets received, 7606 bps, 95.07%, Err 118 (1.0e-05)
1462.032 .... 5426 packets received, 7606 bps, 95.07%, Err 118 (1.0e-05)
1464.139 .... 5434 packets received, 7606 bps, 95.07%, Err 119 (1.0e-05)
1466.260 .... 5442 packets received, 7606 bps, 95.08%, Err 119 (1.0e-05)
1468.370 .... 5450 packets received, 7606 bps, 95.08%, Err 119 (1.0e-05)
1470.499 .... 5458 packets received, 7606 bps, 95.08%, Err 119 (1.0e-05)
1472.611 .... 5466 packets received, 7607 bps, 95.08%, Err 119 (1.0e-05)
1474.706 .... 5474 packets received, 7607 bps, 95.09%, Err 119 (1.0e-05)
1476.848 .... 5482 packets received, 7607 bps, 95.09%, Err 119 (1.0e-05)
1478.988 .... 5490 packets received, 7607 bps, 95.09%, Err 119 (1.0e-05)
1482.149 .... 5498 packets received, 7602 bps, 95.02%, Err 120 (1.0e-05)
1484.270 .... 5509 packets received, 7606 bps, 95.08%, Err 120 (1.0e-05)
1486.378 .... 5517 packets received, 7607 bps, 95.08%, Err 120 (1.0e-05)
1488.473 .... 5525 packets received, 7607 bps, 95.09%, Err 120 (1.0e-05)
1490.580 .... 5533 packets received, 7607 bps, 95.09%, Err 120 (1.0e-05)
1492.713 .... 5541 packets received, 7607 bps, 95.09%, Err 120 (1.0e-05)
1494.809 .... 5549 packets received, 7607 bps, 95.09%, Err 120 (1.0e-05)
1496.914 .... 5557 packets received, 7608 bps, 95.10%, Err 120 (1.0e-05)
1499.060 .... 5565 packets received, 7608 bps, 95.10%, Err 120 (1.0e-05)
1501.171 .... 5573 packets received, 7608 bps, 95.10%, Err 120 (1.0e-05)
1503.257 .... 5581 packets received, 7608 bps, 95.10%, Err 120 (1.0e-05)
1506.706 .... 5589 packets received, 7602 bps, 95.02%, Err 121 (1.0e-05)
1508.804 .... 5601 packets received, 7607 bps, 95.09%, Err 121 (1.0e-05)
1511.991 .... 5609 packets received, 7602 bps, 95.03%, Err 122 (1.0e-05)
1514.106 .... 5620 packets received, 7607 bps, 95.08%, Err 122 (1.0e-05)
1516.213 .... 5628 packets received, 7607 bps, 95.08%, Err 122 (1.0e-05)
1518.312 .... 5636 packets received, 7607 bps, 95.09%, Err 122 (1.0e-05)
1520.443 .... 5644 packets received, 7607 bps, 95.09%, Err 122 (1.0e-05)
1522.545 .... 5652 packets received, 7607 bps, 95.09%, Err 122 (1.0e-05)
1524.639 .... 5660 packets received, 7608 bps, 95.10%, Err 122 (1.0e-05)
1526.772 .... 5668 packets received, 7608 bps, 95.10%, Err 122 (1.0e-05)
1528.864 .... 5676 packets received, 7608 bps, 95.10%, Err 122 (1.0e-05)
1531.796 .... 5683 packets received, 7603 bps, 95.04%, Err 123 (1.0e-05)
1533.894 .... 5690 packets received, 7602 bps, 95.02%, Err 124 (1.0e-05)
1536.010 .... 5701 packets received, 7606 bps, 95.08%, Err 124 (1.0e-05)
1538.129 .... 5709 packets received, 7606 bps, 95.08%, Err 124 (1.0e-05)
1540.218 .... 5717 packets received, 7607 bps, 95.08%, Err 124 (1.0e-05)
1542.343 .... 5725 packets received, 7607 bps, 95.08%, Err 124 (1.0e-05)
1544.453 .... 5733 packets received, 7607 bps, 95.09%, Err 124 (1.0e-05)
1546.574 .... 5741 packets received, 7607 bps, 95.09%, Err 124 (1.0e-05)
1548.690 .... 5749 packets received, 7607 bps, 95.09%, Err 124 (1.0e-05)
1550.786 .... 5757 packets received, 7608 bps, 95.09%, Err 124 (1.0e-05)
1552.893 .... 5765 packets received, 7608 bps, 95.10%, Err 124 (1.0e-05)
1555.006 .... 5773 packets received, 7608 bps, 95.10%, Err 124 (1.0e-05)
1557.136 .... 5781 packets received, 7608 bps, 95.10%, Err 124 (1.0e-05)
1559.234 .... 5789 packets received, 7608 bps, 95.10%, Err 124 (9.9e-06)
1561.358 .... 5797 packets received, 7609 bps, 95.11%, Err 124 (9.9e-06)
1563.466 .... 5805 packets received, 7609 bps, 95.11%, Err 124 (9.9e-06)
1565.572 .... 5813 packets received, 7609 bps, 95.11%, Err 124 (9.9e-06)
1567.677 .... 5821 packets received, 7609 bps, 95.12%, Err 124 (9.9e-06)
1569.800 .... 5829 packets received, 7609 bps, 95.12%, Err 124 (9.9e-06)
1571.909 .... 5837 packets received, 7610 bps, 95.12%, Err 124 (9.9e-06)
1574.021 .... 5845 packets received, 7610 bps, 95.12%, Err 124 (9.9e-06)
1576.145 .... 5853 packets received, 7610 bps, 95.12%, Err 124 (9.8e-06)
1578.249 .... 5861 packets received, 7610 bps, 95.13%, Err 124 (9.8e-06)
1580.355 .... 5869 packets received, 7610 bps, 95.13%, Err 124 (9.8e-06)
1582.731 .... 5874 packets received, 7605 bps, 95.07%, Err 125 (9.9e-06)
1584.859 .... 5885 packets received, 7609 bps, 95.12%, Err 125 (9.9e-06)
1586.961 .... 5893 packets received, 7610 bps, 95.12%, Err 125 (9.9e-06)
1589.056 .... 5900 packets received, 7609 bps, 95.11%, Err 126 (9.9e-06)
1591.186 .... 5908 packets received, 7609 bps, 95.11%, Err 126 (9.9e-06)
1593.292 .... 5916 packets received, 7609 bps, 95.11%, Err 126 (9.9e-06)
1595.417 .... 5924 packets received, 7609 bps, 95.11%, Err 126 (9.9e-06)
1597.532 .... 5932 packets received, 7609 bps, 95.12%, Err 126 (9.9e-06)
1599.637 .... 5940 packets received, 7610 bps, 95.12%, Err 126 (9.9e-06)
1601.748 .... 5948 packets received, 7610 bps, 95.12%, Err 126 (9.8e-06)
1603.856 .... 5956 packets received, 7610 bps, 95.12%, Err 126 (9.8e-06)
1605.976 .... 5964 packets received, 7610 bps, 95.13%, Err 126 (9.8e-06)
1608.104 .... 5972 packets received, 7610 bps, 95.13%, Err 126 (9.8e-06)
1610.199 .... 5980 packets received, 7610 bps, 95.13%, Err 126 (9.8e-06)
1612.338 .... 5988 packets received, 7611 bps, 95.13%, Err 126 (9.8e-06)
1614.429 .... 5996 packets received, 7611 bps, 95.14%, Err 127 (9.8e-06)
1617.341 .... 6002 packets received, 7605 bps, 95.06%, Err 128 (9.9e-06)
1619.448 .... 6013 packets received, 7609 bps, 95.11%, Err 128 (9.9e-06)
1621.594 .... 6021 packets received, 7609 bps, 95.11%, Err 128 (9.9e-06)
1623.711 .... 6029 packets received, 7609 bps, 95.11%, Err 128 (9.9e-06)
1625.814 .... 6037 packets received, 7609 bps, 95.11%, Err 128 (9.8e-06)
1627.935 .... 6044 packets received, 7608 bps, 95.10%, Err 129 (9.9e-06)
1630.065 .... 6052 packets received, 7608 bps, 95.10%, Err 129 (9.9e-06)
1632.160 .... 6060 packets received, 7608 bps, 95.11%, Err 129 (9.9e-06)
1634.263 .... 6068 packets received, 7609 bps, 95.11%, Err 129 (9.9e-06)
1636.377 .... 6076 packets received, 7609 bps, 95.11%, Err 129 (9.9e-06)
1638.486 .... 6084 packets received, 7609 bps, 95.11%, Err 129 (9.8e-06)
1640.608 .... 6092 packets received, 7609 bps, 95.12%, Err 129 (9.8e-06)
1642.734 .... 6100 packets received, 7609 bps, 95.12%, Err 129 (9.8e-06)
1644.831 .... 6108 packets received, 7610 bps, 95.12%, Err 130 (9.9e-06)
1646.962 .... 6116 packets received, 7610 bps, 95.12%, Err 131 (9.9e-06)
1649.065 .... 6123 packets received, 7609 bps, 95.11%, Err 131 (9.9e-06)
1651.165 .... 6131 packets received, 7609 bps, 95.11%, Err 131 (9.9e-06)
1653.296 .... 6139 packets received, 7609 bps, 95.11%, Err 131 (9.9e-06)
1655.403 .... 6147 packets received, 7609 bps, 95.12%, Err 131 (9.9e-06)
1657.521 .... 6155 packets received, 7609 bps, 95.12%, Err 131 (9.9e-06)
1659.618 .... 6163 packets received, 7610 bps, 95.12%, Err 131 (9.9e-06)
1661.721 .... 6171 packets received, 7610 bps, 95.12%, Err 131 (9.9e-06)
1663.845 .... 6179 packets received, 7610 bps, 95.13%, Err 131 (9.8e-06)
1665.962 .... 6187 packets received, 7610 bps, 95.13%, Err 131 (9.8e-06)
1668.067 .... 6195 packets received, 7610 bps, 95.13%, Err 131 (9.8e-06)
1670.978 .... 6202 packets received, 7606 bps, 95.07%, Err 132 (9.9e-06)
1673.089 .... 6212 packets received, 7608 bps, 95.11%, Err 133 (9.9e-06)
1675.199 .... 6220 packets received, 7609 bps, 95.11%, Err 133 (9.9e-06)
1677.323 .... 6228 packets received, 7609 bps, 95.11%, Err 133 (9.9e-06)
1679.448 .... 6236 packets received, 7609 bps, 95.11%, Err 133 (9.9e-06)
1681.560 .... 6244 packets received, 7609 bps, 95.11%, Err 133 (9.9e-06)
1683.664 .... 6252 packets received, 7609 bps, 95.12%, Err 133 (9.9e-06)
1685.771 .... 6260 packets received, 7609 bps, 95.12%, Err 133 (9.9e-06)
1687.885 .... 6268 packets received, 7610 bps, 95.12%, Err 133 (9.9e-06)
1690.003 .... 6276 packets received, 7610 bps, 95.12%, Err 133 (9.8e-06)
1692.109 .... 6284 packets received, 7610 bps, 95.13%, Err 133 (9.8e-06)
1694.222 .... 6292 packets received, 7610 bps, 95.13%, Err 133 (9.8e-06)
1696.336 .... 6300 packets received, 7610 bps, 95.13%, Err 133 (9.8e-06)
1699.265 .... 6307 packets received, 7606 bps, 95.07%, Err 134 (9.9e-06)
1701.351 .... 6318 packets received, 7610 bps, 95.12%, Err 134 (9.8e-06)
1703.489 .... 6326 packets received, 7610 bps, 95.12%, Err 134 (9.8e-06)
1705.588 .... 6334 packets received, 7610 bps, 95.12%, Err 134 (9.8e-06)
1707.701 .... 6342 packets received, 7610 bps, 95.13%, Err 134 (9.8e-06)
1709.815 .... 6350 packets received, 7610 bps, 95.13%, Err 135 (9.9e-06)
1711.930 .... 6358 packets received, 7610 bps, 95.13%, Err 135 (9.9e-06)
1714.027 .... 6366 packets received, 7611 bps, 95.13%, Err 135 (9.8e-06)
1716.142 .... 6374 packets received, 7611 bps, 95.14%, Err 136 (9.9e-06)
1718.259 .... 6382 packets received, 7611 bps, 95.14%, Err 136 (9.9e-06)
1720.370 .... 6390 packets received, 7611 bps, 95.14%, Err 137 (1.0e-05)
1723.809 .... 6394 packets received, 7601 bps, 95.01%, Err 138 (1.0e-05)
1725.920 .... 6409 packets received, 7609 bps, 95.12%, Err 138 (1.0e-05)
1728.821 .... 6416 packets received, 7605 bps, 95.06%, Err 139 (1.0e-05)
1730.928 .... 6427 packets received, 7609 bps, 95.11%, Err 139 (1.0e-05)
1733.043 .... 6435 packets received, 7609 bps, 95.11%, Err 139 (1.0e-05)
1735.155 .... 6443 packets received, 7609 bps, 95.11%, Err 139 (1.0e-05)
1737.267 .... 6451 packets received, 7609 bps, 95.11%, Err 139 (1.0e-05)
1739.377 .... 6459 packets received, 7609 bps, 95.12%, Err 139 (1.0e-05)
1741.486 .... 6467 packets received, 7609 bps, 95.12%, Err 139 (1.0e-05)
1743.609 .... 6475 packets received, 7610 bps, 95.12%, Err 139 (1.0e-05)
1745.706 .... 6483 packets received, 7610 bps, 95.12%, Err 139 (1.0e-05)
1747.828 .... 6491 packets received, 7610 bps, 95.12%, Err 139 (9.9e-06)
1749.941 .... 6499 packets received, 7610 bps, 95.13%, Err 139 (9.9e-06)
1752.058 .... 6507 packets received, 7610 bps, 95.13%, Err 139 (9.9e-06)
1754.170 .... 6515 packets received, 7610 bps, 95.13%, Err 139 (9.9e-06)
1756.796 .... 6521 packets received, 7606 bps, 95.08%, Err 140 (1.0e-05)
1758.902 .... 6532 packets received, 7610 bps, 95.12%, Err 140 (1.0e-05)
1761.821 .... 6539 packets received, 7605 bps, 95.07%, Err 141 (1.0e-05)
1763.929 .... 6550 packets received, 7609 bps, 95.11%, Err 141 (1.0e-05)
1766.046 .... 6557 packets received, 7608 bps, 95.10%, Err 143 (1.0e-05)
1768.161 .... 6565 packets received, 7608 bps, 95.10%, Err 143 (1.0e-05)
1770.265 .... 6573 packets received, 7608 bps, 95.10%, Err 143 (1.0e-05)
1772.376 .... 6581 packets received, 7609 bps, 95.11%, Err 143 (1.0e-05)
1774.494 .... 6589 packets received, 7609 bps, 95.11%, Err 143 (1.0e-05)
1776.606 .... 6597 packets received, 7609 bps, 95.11%, Err 143 (1.0e-05)
1778.710 .... 6605 packets received, 7609 bps, 95.11%, Err 143 (1.0e-05)
1780.837 .... 6613 packets received, 7609 bps, 95.12%, Err 143 (1.0e-05)
1782.936 .... 6621 packets received, 7609 bps, 95.12%, Err 143 (1.0e-05)
1785.068 .... 6629 packets received, 7610 bps, 95.12%, Err 143 (1.0e-05)
1787.184 .... 6637 packets received, 7610 bps, 95.12%, Err 143 (1.0e-05)
1789.286 .... 6645 packets received, 7610 bps, 95.12%, Err 144 (1.0e-05)
1791.391 .... 6653 packets received, 7610 bps, 95.13%, Err 144 (1.0e-05)
1793.506 .... 6661 packets received, 7610 bps, 95.13%, Err 144 (1.0e-05)
1795.610 .... 6669 packets received, 7610 bps, 95.13%, Err 144 (1.0e-05)
1797.743 .... 6677 packets received, 7611 bps, 95.13%, Err 145 (1.0e-05)
1799.823 .... 6684 packets received, 7610 bps, 95.12%, Err 145 (1.0e-05)
1801.958 .... 6692 packets received, 7610 bps, 95.12%, Err 145 (1.0e-05)
1804.076 .... 6700 packets received, 7610 bps, 95.12%, Err 145 (1.0e-05)
1806.163 .... 6708 packets received, 7610 bps, 95.13%, Err 145 (1.0e-05)
1808.294 .... 6716 packets received, 7610 bps, 95.13%, Err 145 (1.0e-05)
1810.395 .... 6724 packets received, 7611 bps, 95.13%, Err 145 (1.0e-05)
1812.510 .... 6732 packets received, 7611 bps, 95.13%, Err 145 (1.0e-05)
1814.641 .... 6740 packets received, 7611 bps, 95.14%, Err 145 (1.0e-05)
1816.746 .... 6748 packets received, 7611 bps, 95.14%, Err 145 (1.0e-05)
1818.870 .... 6756 packets received, 7611 bps, 95.14%, Err 145 (1.0e-05)
1820.981 .... 6760 packets received, 7607 bps, 95.09%, Err 147 (1.0e-05)
1823.617 .... 6766 packets received, 7603 bps, 95.03%, Err 148 (1.0e-05)
1825.722 .... 6779 packets received, 7608 bps, 95.10%, Err 148 (1.0e-05)
1827.839 .... 6787 packets received, 7609 bps, 95.11%, Err 148 (1.0e-05)
1829.958 .... 6795 packets received, 7609 bps, 95.11%, Err 148 (1.0e-05)
1832.047 .... 6803 packets received, 7609 bps, 95.11%, Err 149 (1.0e-05)
1834.166 .... 6810 packets received, 7608 bps, 95.10%, Err 149 (1.0e-05)
1836.282 .... 6818 packets received, 7608 bps, 95.10%, Err 149 (1.0e-05)
1838.388 .... 6826 packets received, 7608 bps, 95.10%, Err 149 (1.0e-05)
1840.506 .... 6834 packets received, 7608 bps, 95.11%, Err 149 (1.0e-05)
1842.626 .... 6842 packets received, 7609 bps, 95.11%, Err 149 (1.0e-05)
1845.803 .... 6850 packets received, 7604 bps, 95.05%, Err 150 (1.0e-05)
1848.721 .... 6860 packets received, 7603 bps, 95.04%, Err 151 (1.0e-05)
1850.809 .... 6871 packets received, 7607 bps, 95.09%, Err 151 (1.0e-05)
1852.924 .... 6879 packets received, 7607 bps, 95.09%, Err 151 (1.0e-05)
1855.038 .... 6886 packets received, 7606 bps, 95.08%, Err 152 (1.0e-05)
1857.153 .... 6894 packets received, 7606 bps, 95.08%, Err 152 (1.0e-05)
1859.271 .... 6902 packets received, 7607 bps, 95.08%, Err 152 (1.0e-05)
1861.397 .... 6910 packets received, 7607 bps, 95.08%, Err 152 (1.0e-05)
1863.497 .... 6918 packets received, 7607 bps, 95.09%, Err 152 (1.0e-05)
1865.614 .... 6926 packets received, 7607 bps, 95.09%, Err 152 (1.0e-05)
1867.730 .... 6934 packets received, 7607 bps, 95.09%, Err 152 (1.0e-05)
1869.833 .... 6942 packets received, 7607 bps, 95.09%, Err 152 (1.0e-05)
1871.970 .... 6950 packets received, 7607 bps, 95.09%, Err 152 (1.0e-05)
1874.068 .... 6958 packets received, 7608 bps, 95.10%, Err 152 (1.0e-05)
1876.178 .... 6966 packets received, 7608 bps, 95.10%, Err 152 (1.0e-05)
1878.273 .... 6974 packets received, 7608 bps, 95.10%, Err 152 (1.0e-05)
1880.396 .... 6982 packets received, 7608 bps, 95.10%, Err 152 (1.0e-05)
1882.516 .... 6990 packets received, 7608 bps, 95.10%, Err 152 (1.0e-05)
1884.632 .... 6998 packets received, 7609 bps, 95.11%, Err 152 (1.0e-05)
1886.768 .... 7006 packets received, 7609 bps, 95.11%, Err 153 (1.0e-05)
1888.855 .... 7014 packets received, 7609 bps, 95.11%, Err 153 (1.0e-05)
1891.759 .... 7021 packets received, 7605 bps, 95.06%, Err 154 (1.0e-05)
1893.878 .... 7032 packets received, 7608 bps, 95.10%, Err 154 (1.0e-05)
1895.983 .... 7040 packets received, 7608 bps, 95.10%, Err 154 (1.0e-05)
1898.619 .... 7045 packets received, 7603 bps, 95.04%, Err 155 (1.0e-05)
1900.728 .... 7057 packets received, 7608 bps, 95.10%, Err 155 (1.0e-05)
1902.866 .... 7065 packets received, 7608 bps, 95.10%, Err 156 (1.0e-05)
1906.014 .... 7067 packets received, 7597 bps, 94.97%, Err 157 (1.0e-05)
1908.126 .... 7083 packets received, 7606 bps, 95.08%, Err 157 (1.0e-05)
1910.250 .... 7091 packets received, 7606 bps, 95.08%, Err 157 (1.0e-05)
1912.368 .... 7098 packets received, 7605 bps, 95.07%, Err 158 (1.0e-05)
1914.474 .... 7106 packets received, 7605 bps, 95.07%, Err 158 (1.0e-05)
1916.594 .... 7114 packets received, 7606 bps, 95.07%, Err 158 (1.0e-05)
1918.695 .... 7122 packets received, 7606 bps, 95.07%, Err 158 (1.0e-05)
1920.811 .... 7130 packets received, 7606 bps, 95.07%, Err 158 (1.0e-05)
1922.919 .... 7138 packets received, 7606 bps, 95.08%, Err 158 (1.0e-05)
1925.024 .... 7146 packets received, 7606 bps, 95.08%, Err 158 (1.0e-05)
1927.133 .... 7154 packets received, 7607 bps, 95.08%, Err 158 (1.0e-05)
1929.246 .... 7162 packets received, 7607 bps, 95.08%, Err 158 (1.0e-05)
1931.371 .... 7170 packets received, 7607 bps, 95.08%, Err 158 (1.0e-05)
1933.468 .... 7178 packets received, 7607 bps, 95.09%, Err 158 (1.0e-05)
1936.384 .... 7185 packets received, 7603 bps, 95.04%, Err 159 (1.0e-05)
1938.504 .... 7196 packets received, 7606 bps, 95.08%, Err 159 (1.0e-05)
1940.610 .... 7204 packets received, 7606 bps, 95.08%, Err 159 (1.0e-05)
1942.729 .... 7212 packets received, 7607 bps, 95.08%, Err 159 (1.0e-05)
1944.842 .... 7220 packets received, 7607 bps, 95.08%, Err 159 (1.0e-05)
1946.960 .... 7228 packets received, 7607 bps, 95.09%, Err 159 (1.0e-05)
1949.055 .... 7236 packets received, 7607 bps, 95.09%, Err 159 (1.0e-05)
1951.178 .... 7244 packets received, 7607 bps, 95.09%, Err 159 (1.0e-05)
1953.291 .... 7252 packets received, 7607 bps, 95.09%, Err 160 (1.0e-05)
1955.404 .... 7259 packets received, 7607 bps, 95.08%, Err 160 (1.0e-05)
1957.514 .... 7267 packets received, 7607 bps, 95.08%, Err 160 (1.0e-05)
1959.631 .... 7275 packets received, 7607 bps, 95.09%, Err 160 (1.0e-05)
1961.729 .... 7283 packets received, 7607 bps, 95.09%, Err 160 (1.0e-05)
1963.848 .... 7291 packets received, 7607 bps, 95.09%, Err 160 (1.0e-05)
1965.965 .... 7299 packets received, 7607 bps, 95.09%, Err 160 (1.0e-05)
1968.068 .... 7307 packets received, 7608 bps, 95.09%, Err 160 (1.0e-05)
1970.190 .... 7315 packets received, 7608 bps, 95.10%, Err 160 (1.0e-05)
1972.296 .... 7323 packets received, 7608 bps, 95.10%, Err 160 (1.0e-05)
1974.397 .... 7331 packets received, 7608 bps, 95.10%, Err 160 (1.0e-05)
1976.513 .... 7339 packets received, 7608 bps, 95.10%, Err 160 (1.0e-05)
1978.635 .... 7347 packets received, 7608 bps, 95.10%, Err 160 (1.0e-05)
1980.755 .... 7355 packets received, 7608 bps, 95.11%, Err 160 (1.0e-05)
1982.853 .... 7363 packets received, 7609 bps, 95.11%, Err 160 (1.0e-05)
1984.968 .... 7371 packets received, 7609 bps, 95.11%, Err 160 (1.0e-05)
1987.067 .... 7379 packets received, 7609 bps, 95.11%, Err 160 (1.0e-05)
1989.191 .... 7387 packets received, 7609 bps, 95.11%, Err 160 (1.0e-05)
1991.300 .... 7395 packets received, 7609 bps, 95.12%, Err 160 (1.0e-05)
1993.416 .... 7403 packets received, 7609 bps, 95.12%, Err 160 (1.0e-05)
1995.515 .... 7411 packets received, 7610 bps, 95.12%, Err 160 (1.0e-05)
1997.630 .... 7415 packets received, 7606 bps, 95.07%, Err 161 (1.0e-05)
1999.753 .... 7426 packets received, 7609 bps, 95.11%, Err 161 (1.0e-05)
2001.865 .... 7434 packets received, 7609 bps, 95.11%, Err 161 (1.0e-05)
2003.987 .... 7442 packets received, 7609 bps, 95.11%, Err 161 (1.0e-05)
2007.144 .... 7449 packets received, 7604 bps, 95.05%, Err 162 (1.0e-05)
2009.261 .... 7461 packets received, 7609 bps, 95.11%, Err 162 (1.0e-05)
2011.397 .... 7469 packets received, 7609 bps, 95.11%, Err 162 (1.0e-05)
2013.493 .... 7476 packets received, 7608 bps, 95.10%, Err 163 (1.0e-05)
2015.606 .... 7484 packets received, 7608 bps, 95.10%, Err 163 (1.0e-05)
2017.718 .... 7492 packets received, 7608 bps, 95.10%, Err 163 (1.0e-05)
2019.835 .... 7500 packets received, 7608 bps, 95.10%, Err 163 (1.0e-05)
2021.959 .... 7508 packets received, 7608 bps, 95.10%, Err 163 (1.0e-05)
2025.126 .... 7515 packets received, 7604 bps, 95.04%, Err 164 (1.0e-05)
2027.245 .... 7527 packets received, 7608 bps, 95.10%, Err 164 (1.0e-05)
2029.369 .... 7535 packets received, 7608 bps, 95.10%, Err 164 (1.0e-05)
2031.494 .... 7543 packets received, 7608 bps, 95.10%, Err 164 (1.0e-05)
2033.614 .... 7551 packets received, 7608 bps, 95.10%, Err 164 (1.0e-05)
2035.720 .... 7559 packets received, 7608 bps, 95.10%, Err 164 (1.0e-05)
2037.808 .... 7567 packets received, 7608 bps, 95.11%, Err 164 (1.0e-05)
2039.945 .... 7575 packets received, 7609 bps, 95.11%, Err 164 (1.0e-05)
2042.047 .... 7583 packets received, 7609 bps, 95.11%, Err 165 (1.0e-05)
2044.166 .... 7591 packets received, 7609 bps, 95.11%, Err 165 (1.0e-05)
2046.276 .... 7599 packets received, 7609 bps, 95.11%, Err 165 (1.0e-05)
2048.372 .... 7607 packets received, 7609 bps, 95.12%, Err 165 (1.0e-05)
2050.488 .... 7615 packets received, 7609 bps, 95.12%, Err 165 (1.0e-05)
2052.609 .... 7623 packets received, 7609 bps, 95.12%, Err 165 (1.0e-05)
2054.728 .... 7631 packets received, 7610 bps, 95.12%, Err 165 (1.0e-05)
2056.836 .... 7639 packets received, 7610 bps, 95.12%, Err 165 (1.0e-05)
2058.957 .... 7647 packets received, 7610 bps, 95.12%, Err 165 (1.0e-05)
2061.060 .... 7655 packets received, 7610 bps, 95.13%, Err 165 (1.0e-05)
2063.164 .... 7663 packets received, 7610 bps, 95.13%, Err 165 (1.0e-05)
2065.285 .... 7671 packets received, 7610 bps, 95.13%, Err 165 (1.0e-05)
2067.390 .... 7679 packets received, 7611 bps, 95.13%, Err 165 (1.0e-05)
2070.554 .... 7686 packets received, 7606 bps, 95.07%, Err 166 (1.0e-05)
2072.674 .... 7698 packets received, 7610 bps, 95.12%, Err 166 (1.0e-05)
2074.780 .... 7706 packets received, 7610 bps, 95.13%, Err 166 (1.0e-05)
2076.904 .... 7714 packets received, 7610 bps, 95.13%, Err 166 (1.0e-05)
2079.021 .... 7722 packets received, 7610 bps, 95.13%, Err 166 (1.0e-05)
2081.129 .... 7730 packets received, 7610 bps, 95.13%, Err 166 (1.0e-05)
2083.252 .... 7738 packets received, 7611 bps, 95.13%, Err 166 (1.0e-05)
2085.359 .... 7746 packets received, 7611 bps, 95.13%, Err 166 (1.0e-05)
2087.464 .... 7754 packets received, 7611 bps, 95.14%, Err 166 (9.9e-06)
2089.585 .... 7757 packets received, 7606 bps, 95.08%, Err 167 (1.0e-05)
2091.708 .... 7769 packets received, 7610 bps, 95.13%, Err 167 (1.0e-05)
2093.790 .... 7777 packets received, 7610 bps, 95.13%, Err 167 (1.0e-05)
2095.922 .... 7785 packets received, 7611 bps, 95.13%, Err 167 (1.0e-05)
2098.016 .... 7793 packets received, 7611 bps, 95.13%, Err 167 (1.0e-05)
2100.170 .... 7801 packets received, 7611 bps, 95.13%, Err 167 (9.9e-06)
2102.274 .... 7809 packets received, 7611 bps, 95.14%, Err 167 (9.9e-06)
2104.371 .... 7817 packets received, 7611 bps, 95.14%, Err 167 (9.9e-06)
2106.508 .... 7825 packets received, 7611 bps, 95.14%, Err 167 (9.9e-06)
2108.596 .... 7833 packets received, 7611 bps, 95.14%, Err 167 (9.9e-06)
2110.737 .... 7841 packets received, 7611 bps, 95.14%, Err 167 (9.9e-06)
2112.826 .... 7849 packets received, 7612 bps, 95.15%, Err 167 (9.9e-06)
2114.955 .... 7857 packets received, 7612 bps, 95.15%, Err 167 (9.9e-06)
2117.052 .... 7865 packets received, 7612 bps, 95.15%, Err 167 (9.9e-06)
2119.180 .... 7873 packets received, 7612 bps, 95.15%, Err 167 (9.9e-06)
2121.278 .... 7881 packets received, 7612 bps, 95.15%, Err 167 (9.8e-06)
2123.405 .... 7889 packets received, 7612 bps, 95.15%, Err 167 (9.8e-06)
2125.503 .... 7897 packets received, 7613 bps, 95.16%, Err 167 (9.8e-06)
2127.639 .... 7905 packets received, 7613 bps, 95.16%, Err 167 (9.8e-06)
2129.734 .... 7913 packets received, 7613 bps, 95.16%, Err 167 (9.8e-06)
2131.847 .... 7921 packets received, 7613 bps, 95.16%, Err 167 (9.8e-06)
2133.965 .... 7929 packets received, 7613 bps, 95.16%, Err 167 (9.8e-06)
2136.075 .... 7937 packets received, 7613 bps, 95.16%, Err 167 (9.8e-06)
2138.190 .... 7941 packets received, 7609 bps, 95.12%, Err 168 (9.8e-06)
2140.286 .... 7952 packets received, 7613 bps, 95.16%, Err 168 (9.8e-06)
2143.180 .... 7959 packets received, 7609 bps, 95.11%, Err 170 (9.9e-06)
2145.309 .... 7970 packets received, 7612 bps, 95.15%, Err 170 (9.9e-06)
2148.208 .... 7977 packets received, 7608 bps, 95.10%, Err 171 (1.0e-05)
2150.328 .... 7988 packets received, 7611 bps, 95.14%, Err 171 (9.9e-06)
2152.461 .... 7996 packets received, 7611 bps, 95.14%, Err 171 (9.9e-06)
2154.550 .... 8004 packets received, 7612 bps, 95.14%, Err 171 (9.9e-06)
2156.669 .... 8012 packets received, 7612 bps, 95.15%, Err 171 (9.9e-06)
2158.786 .... 8020 packets received, 7612 bps, 95.15%, Err 171 (9.9e-06)
2160.905 .... 8028 packets received, 7612 bps, 95.15%, Err 171 (9.9e-06)
2162.987 .... 8036 packets received, 7612 bps, 95.15%, Err 171 (9.9e-06)
2165.129 .... 8044 packets received, 7612 bps, 95.15%, Err 171 (9.9e-06)
2167.225 .... 8052 packets received, 7612 bps, 95.16%, Err 171 (9.9e-06)
2169.350 .... 8060 packets received, 7613 bps, 95.16%, Err 171 (9.9e-06)
2171.470 .... 8068 packets received, 7613 bps, 95.16%, Err 171 (9.8e-06)
2173.577 .... 8076 packets received, 7613 bps, 95.16%, Err 171 (9.8e-06)
2175.693 .... 8084 packets received, 7613 bps, 95.16%, Err 171 (9.8e-06)
2177.796 .... 8092 packets received, 7613 bps, 95.16%, Err 171 (9.8e-06)
2179.914 .... 8100 packets received, 7613 bps, 95.17%, Err 171 (9.8e-06)
2182.023 .... 8108 packets received, 7613 bps, 95.17%, Err 171 (9.8e-06)
2184.140 .... 8116 packets received, 7613 bps, 95.17%, Err 171 (9.8e-06)
2186.254 .... 8124 packets received, 7614 bps, 95.17%, Err 171 (9.8e-06)
2189.165 .... 8127 packets received, 7606 bps, 95.08%, Err 173 (9.9e-06)
2191.268 .... 8141 packets received, 7612 bps, 95.15%, Err 173 (9.9e-06)
2193.393 .... 8149 packets received, 7612 bps, 95.15%, Err 173 (9.9e-06)
2195.491 .... 8157 packets received, 7612 bps, 95.15%, Err 173 (9.9e-06)
2197.618 .... 8165 packets received, 7612 bps, 95.16%, Err 173 (9.8e-06)
2199.719 .... 8173 packets received, 7613 bps, 95.16%, Err 173 (9.8e-06)
2201.832 .... 8181 packets received, 7613 bps, 95.16%, Err 173 (9.8e-06)
2203.953 .... 8189 packets received, 7613 bps, 95.16%, Err 173 (9.8e-06)
2206.070 .... 8197 packets received, 7613 bps, 95.16%, Err 173 (9.8e-06)
2208.187 .... 8205 packets received, 7613 bps, 95.16%, Err 173 (9.8e-06)
2210.279 .... 8213 packets received, 7613 bps, 95.17%, Err 173 (9.8e-06)
2212.398 .... 8221 packets received, 7613 bps, 95.17%, Err 173 (9.8e-06)
2214.505 .... 8229 packets received, 7614 bps, 95.17%, Err 174 (9.8e-06)
2216.630 .... 8237 packets receive