000.000 =============================================================
000.000                     Station B                               
000.000 -------------------------------------------------------------
000.000 Protocol.lib, version 4.0, jiangyanjun0718@bupt.edu.cn
000.000 Channel: 8000 bps, 270 ms propagation delay, bit error rate 1.0E-05
000.000 Log file "./stopwait-B.log", TCP port 59144, debug mask 0x00
000.000 Station B is connecting station A (TCP port 59144) ... Done.
000.773 New epoch: Wed Apr  5 15:32:11 2023
000.773 =================================================================
000.773 
000.773 Designed by Jiang Yanjun, build: Oct 28 2018  16:51:35
003.791 .... 4 packets received, 2989 bps, 37.36%, Err 0 (0.0e+00)
006.007 .... 6 packets received, 2479 bps, 30.99%, Err 0 (0.0e+00)
008.193 .... 8 packets received, 2294 bps, 28.67%, Err 0 (0.0e+00)
010.686 .... 11 packets received, 2338 bps, 29.22%, Err 0 (0.0e+00)
012.883 .... 13 packets received, 2250 bps, 28.12%, Err 0 (0.0e+00)
017.872 .... 16 packets received, 1948 bps, 24.35%, Err 1 (2.7e-05)
020.352 .... 19 packets received, 2016 bps, 25.20%, Err 1 (2.3e-05)
022.814 .... 22 packets received, 2070 bps, 25.88%, Err 1 (2.0e-05)
025.032 .... 24 packets received, 2050 bps, 25.62%, Err 1 (1.8e-05)
027.279 .... 26 packets received, 2030 bps, 25.38%, Err 1 (1.7e-05)
029.511 .... 28 packets received, 2015 bps, 25.19%, Err 1 (1.6e-05)
031.746 .... 30 packets received, 2002 bps, 25.02%, Err 1 (1.5e-05)
033.961 .... 32 packets received, 1991 bps, 24.89%, Err 1 (1.4e-05)
036.454 .... 35 packets received, 2025 bps, 25.31%, Err 1 (1.3e-05)
038.668 .... 37 packets received, 2014 bps, 25.18%, Err 1 (1.2e-05)
040.910 .... 39 packets received, 2004 bps, 25.05%, Err 1 (1.2e-05)
043.105 .... 41 packets received, 1997 bps, 24.96%, Err 1 (1.1e-05)
046.164 .... 44 packets received, 1997 bps, 24.97%, Err 1 (1.0e-05)
048.391 .... 46 packets received, 1990 bps, 24.87%, Err 1 (9.8e-06)
050.882 .... 49 packets received, 2014 bps, 25.17%, Err 1 (9.2e-06)
053.085 .... 51 packets received, 2007 bps, 25.09%, Err 1 (8.9e-06)
055.299 .... 53 packets received, 2001 bps, 25.01%, Err 1 (8.5e-06)
057.509 .... 55 packets received, 1995 bps, 24.94%, Err 1 (8.2e-06)
060.577 .... 58 packets received, 1995 bps, 24.94%, Err 1 (7.8e-06)
063.598 .... 61 packets received, 1997 bps, 24.97%, Err 1 (7.4e-06)
066.105 .... 64 packets received, 2015 bps, 25.18%, Err 1 (7.1e-06)
068.547 .... 67 packets received, 2033 bps, 25.41%, Err 1 (6.8e-06)
071.578 .... 70 packets received, 2033 bps, 25.41%, Err 1 (6.5e-06)
073.816 .... 72 packets received, 2026 bps, 25.33%, Err 1 (6.3e-06)
076.884 .... 75 packets received, 2025 bps, 25.32%, Err 2 (1.2e-05)
079.372 .... 78 packets received, 2040 bps, 25.49%, Err 2 (1.2e-05)
081.597 .... 80 packets received, 2034 bps, 25.43%, Err 2 (1.1e-05)
083.850 .... 82 packets received, 2028 bps, 25.35%, Err 2 (1.1e-05)
086.022 .... 84 packets received, 2025 bps, 25.31%, Err 2 (1.1e-05)
089.073 .... 87 packets received, 2024 bps, 25.30%, Err 2 (1.0e-05)
091.276 .... 89 packets received, 2020 bps, 25.25%, Err 2 (1.0e-05)
094.329 .... 92 packets received, 2020 bps, 25.25%, Err 2 (9.9e-06)
096.566 .... 94 packets received, 2015 bps, 25.19%, Err 2 (9.7e-06)
099.608 .... 97 packets received, 2016 bps, 25.20%, Err 2 (9.4e-06)
102.958 .... 98 packets received, 1969 bps, 24.62%, Err 3 (1.4e-05)
106.215 .... 99 packets received, 1928 bps, 24.10%, Err 3 (1.4e-05)
110.351 .... 101 packets received, 1892 bps, 23.66%, Err 3 (1.3e-05)
112.604 .... 103 packets received, 1891 bps, 23.64%, Err 3 (1.3e-05)
115.042 .... 106 packets received, 1904 bps, 23.81%, Err 3 (1.3e-05)
118.364 .... 107 packets received, 1868 bps, 23.35%, Err 3 (1.2e-05)
120.737 .... 109 packets received, 1865 bps, 23.31%, Err 3 (1.2e-05)
123.177 .... 112 packets received, 1878 bps, 23.48%, Err 3 (1.2e-05)
125.666 .... 115 packets received, 1890 bps, 23.62%, Err 3 (1.2e-05)
130.628 .... 118 packets received, 1865 bps, 23.31%, Err 3 (1.1e-05)
133.028 .... 120 packets received, 1862 bps, 23.28%, Err 3 (1.1e-05)
135.492 .... 123 packets received, 1874 bps, 23.42%, Err 3 (1.1e-05)
137.986 .... 126 packets received, 1884 bps, 23.56%, Err 3 (1.1e-05)
142.962 .... 129 packets received, 1862 bps, 23.27%, Err 3 (1.0e-05)
145.457 .... 131 packets received, 1858 bps, 23.22%, Err 3 (1.0e-05)
147.920 .... 134 packets received, 1869 bps, 23.36%, Err 3 (9.9e-06)
151.246 .... 135 packets received, 1841 bps, 23.01%, Err 3 (9.7e-06)
153.512 .... 137 packets received, 1840 bps, 23.00%, Err 3 (9.6e-06)
155.953 .... 140 packets received, 1851 bps, 23.14%, Err 3 (9.4e-06)
158.429 .... 143 packets received, 1861 bps, 23.26%, Err 3 (9.2e-06)
163.371 .... 146 packets received, 1842 bps, 23.03%, Err 3 (9.0e-06)
165.796 .... 148 packets received, 1840 bps, 23.00%, Err 3 (8.9e-06)
168.238 .... 151 packets received, 1850 bps, 23.12%, Err 3 (8.7e-06)
170.720 .... 154 packets received, 1859 bps, 23.24%, Err 3 (8.6e-06)
173.157 .... 157 packets received, 1868 bps, 23.35%, Err 3 (8.4e-06)
175.616 .... 160 packets received, 1877 bps, 23.46%, Err 3 (8.3e-06)
178.063 .... 163 packets received, 1886 bps, 23.57%, Err 3 (8.1e-06)
180.509 .... 166 packets received, 1894 bps, 23.68%, Err 3 (8.0e-06)
182.976 .... 169 packets received, 1902 bps, 23.78%, Err 3 (7.8e-06)
185.387 .... 172 packets received, 1911 bps, 23.89%, Err 4 (1.0e-05)
187.859 .... 175 packets received, 1919 bps, 23.98%, Err 4 (1.0e-05)
190.332 .... 178 packets received, 1926 bps, 24.07%, Err 4 (1.0e-05)
194.509 .... 180 packets received, 1906 bps, 23.82%, Err 5 (1.2e-05)
196.950 .... 183 packets received, 1913 bps, 23.91%, Err 5 (1.2e-05)
199.406 .... 186 packets received, 1920 bps, 24.01%, Err 5 (1.2e-05)
201.671 .... 188 packets received, 1919 bps, 23.99%, Err 5 (1.2e-05)
203.897 .... 190 packets received, 1918 bps, 23.98%, Err 5 (1.2e-05)
206.137 .... 192 packets received, 1917 bps, 23.97%, Err 5 (1.2e-05)
209.210 .... 195 packets received, 1919 bps, 23.98%, Err 5 (1.1e-05)
211.482 .... 197 packets received, 1917 bps, 23.97%, Err 5 (1.1e-05)
213.746 .... 199 packets received, 1916 bps, 23.95%, Err 5 (1.1e-05)
216.001 .... 201 packets received, 1915 bps, 23.94%, Err 5 (1.1e-05)
218.240 .... 203 packets received, 1914 bps, 23.93%, Err 5 (1.1e-05)
220.476 .... 205 packets received, 1913 bps, 23.92%, Err 5 (1.1e-05)
222.744 .... 207 packets received, 1912 bps, 23.90%, Err 5 (1.1e-05)
224.982 .... 209 packets received, 1911 bps, 23.89%, Err 5 (1.1e-05)
228.068 .... 212 packets received, 1913 bps, 23.91%, Err 5 (1.0e-05)
230.306 .... 214 packets received, 1912 bps, 23.90%, Err 5 (1.0e-05)
232.530 .... 216 packets received, 1911 bps, 23.89%, Err 5 (1.0e-05)
234.752 .... 218 packets received, 1910 bps, 23.88%, Err 5 (1.0e-05)
236.990 .... 220 packets received, 1910 bps, 23.87%, Err 5 (1.0e-05)
239.212 .... 222 packets received, 1909 bps, 23.86%, Err 5 (1.0e-05)
241.754 .... 225 packets received, 1914 bps, 23.93%, Err 5 (9.9e-06)
243.991 .... 227 packets received, 1914 bps, 23.92%, Err 5 (9.8e-06)
246.261 .... 229 packets received, 1913 bps, 23.91%, Err 5 (9.7e-06)
250.194 .... 230 packets received, 1891 bps, 23.63%, Err 6 (1.2e-05)
252.432 .... 232 packets received, 1890 bps, 23.63%, Err 6 (1.1e-05)
254.686 .... 234 packets received, 1889 bps, 23.62%, Err 6 (1.1e-05)
256.955 .... 236 packets received, 1889 bps, 23.61%, Err 6 (1.1e-05)
259.211 .... 238 packets received, 1888 bps, 23.60%, Err 6 (1.1e-05)
261.466 .... 240 packets received, 1887 bps, 23.59%, Err 6 (1.1e-05)
263.703 .... 242 packets received, 1887 bps, 23.59%, Err 6 (1.1e-05)
265.943 .... 244 packets received, 1886 bps, 23.58%, Err 6 (1.1e-05)
268.212 .... 246 packets received, 1886 bps, 23.57%, Err 6 (1.1e-05)
270.464 .... 248 packets received, 1885 bps, 23.57%, Err 6 (1.1e-05)
272.688 .... 250 packets received, 1885 bps, 23.56%, Err 6 (1.1e-05)
275.775 .... 253 packets received, 1886 bps, 23.58%, Err 6 (1.1e-05)
277.998 .... 255 packets received, 1886 bps, 23.57%, Err 6 (1.0e-05)
280.222 .... 257 packets received, 1885 bps, 23.57%, Err 6 (1.0e-05)
282.444 .... 259 packets received, 1885 bps, 23.56%, Err 6 (1.0e-05)
284.670 .... 261 packets received, 1885