000.000 =============================================================
000.000                     Station A                               
000.000 -------------------------------------------------------------
000.000 Protocol.lib, version 4.0, jiangyanjun0718@bupt.edu.cn
000.000 Channel: 8000 bps, 270 ms propagation delay, bit error rate 1.0E-05
000.000 Log file "./stopwait-A.log", TCP port 59144, debug mask 0x00
000.000 Station A is waiting for station B on TCP port 59144 ... Done.
000.773 New epoch: Wed Apr  5 15:32:11 2023
000.773 =================================================================
000.773 
000.773 Designed by Jiang Yanjun, build: Oct 28 2018  16:51:35
004.097 .... 1 packets received, 738 bps, 9.23%, Err 1 (2.2e-04)
006.267 .... 3 packets received, 1242 bps, 15.53%, Err 1 (1.1e-04)
008.761 .... 6 packets received, 1652 bps, 20.65%, Err 1 (6.6e-05)
010.992 .... 8 packets received, 1694 bps, 21.18%, Err 1 (5.1e-05)
013.438 .... 11 packets received, 1859 bps, 23.24%, Err 1 (3.8e-05)
015.641 .... 13 packets received, 1859 bps, 23.24%, Err 1 (3.3e-05)
018.069 .... 16 packets received, 1957 bps, 24.46%, Err 1 (2.7e-05)
020.610 .... 19 packets received, 2017 bps, 25.22%, Err 1 (2.3e-05)
023.104 .... 22 packets received, 2068 bps, 25.86%, Err 1 (2.0e-05)
025.338 .... 24 packets received, 2047 bps, 25.58%, Err 1 (1.8e-05)
027.571 .... 26 packets received, 2029 bps, 25.36%, Err 1 (1.7e-05)
029.786 .... 28 packets received, 2015 bps, 25.18%, Err 1 (1.6e-05)
032.022 .... 30 packets received, 2001 bps, 25.02%, Err 1 (1.5e-05)
034.515 .... 33 packets received, 2036 bps, 25.45%, Err 1 (1.4e-05)
036.730 .... 35 packets received, 2024 bps, 25.31%, Err 1 (1.3e-05)
038.959 .... 37 packets received, 2013 bps, 25.17%, Err 1 (1.2e-05)
041.200 .... 39 packets received, 2003 bps, 25.04%, Err 1 (1.2e-05)
043.650 .... 42 packets received, 2032 bps, 25.40%, Err 1 (1.1e-05)
045.889 .... 44 packets received, 2022 bps, 25.27%, Err 1 (1.0e-05)
048.116 .... 46 packets received, 2013 bps, 25.17%, Err 1 (9.8e-06)
050.331 .... 48 packets received, 2006 bps, 25.07%, Err 1 (9.4e-06)
053.376 .... 51 packets received, 2007 bps, 25.08%, Err 1 (8.9e-06)
056.406 .... 54 packets received, 2008 bps, 25.10%, Err 1 (8.4e-06)
059.458 .... 57 packets received, 2008 bps, 25.10%, Err 1 (8.0e-06)
062.485 .... 60 packets received, 2009 bps, 25.11%, Err 1 (7.6e-06)
065.003 .... 63 packets received, 2026 bps, 25.33%, Err 1 (7.2e-06)
067.181 .... 65 packets received, 2021 bps, 25.27%, Err 1 (7.0e-06)
069.639 .... 68 packets received, 2038 bps, 25.48%, Err 1 (6.7e-06)
072.702 .... 71 packets received, 2037 bps, 25.46%, Err 1 (6.4e-06)
074.920 .... 73 packets received, 2031 bps, 25.39%, Err 1 (6.2e-06)
077.989 .... 76 packets received, 2030 bps, 25.38%, Err 1 (6.0e-06)
080.478 .... 79 packets received, 2044 bps, 25.55%, Err 1 (5.8e-06)
082.745 .... 81 packets received, 2037 bps, 25.47%, Err 1 (5.6e-06)
084.931 .... 83 packets received, 2033 bps, 25.41%, Err 1 (5.5e-06)
087.953 .... 86 packets received, 2033 bps, 25.41%, Err 1 (5.3e-06)
090.164 .... 88 packets received, 2029 bps, 25.36%, Err 1 (5.2e-06)
093.242 .... 91 packets received, 2028 bps, 25.34%, Err 1 (5.0e-06)
095.456 .... 93 packets received, 2023 bps, 25.29%, Err 1 (4.9e-06)
097.662 .... 95 packets received, 2020 bps, 25.24%, Err 1 (4.8e-06)
105.939 .... 98 packets received, 1918 bps, 23.98%, Err 2 (9.2e-06)
111.494 .... 100 packets received, 1859 bps, 23.24%, Err 2 (9.0e-06)
115.564 .... 101 packets received, 1811 bps, 22.63%, Err 2 (8.9e-06)
119.643 .... 102 packets received, 1766 bps, 22.07%, Err 2 (8.9e-06)
123.777 .... 103 packets received, 1723 bps, 21.53%, Err 2 (8.8e-06)
127.831 .... 104 packets received, 1684 bps, 21.05%, Err 2 (8.7e-06)
131.935 .... 105 packets received, 1646 bps, 20.58%, Err 2 (8.6e-06)
136.039 .... 106 packets received, 1611 bps, 20.14%, Err 2 (8.5e-06)
140.144 .... 107 packets received, 1579 bps, 19.73%, Err 2 (8.4e-06)
144.326 .... 108 packets received, 1547 bps, 19.33%, Err 2 (8.3e-06)
148.346 .... 109 packets received, 1518 bps, 18.98%, Err 2 (8.3e-06)
152.392 .... 110 packets received, 1491 bps, 18.64%, Err 2 (8.2e-06)
156.522 .... 111 packets received, 1465 bps, 18.31%, Err 2 (8.1e-06)
160.575 .... 112 packets received, 1440 bps, 18.00%, Err 2 (8.0e-06)
164.713 .... 113 packets received, 1416 bps, 17.70%, Err 2 (8.0e-06)
168.812 .... 114 packets received, 1394 bps, 17.42%, Err 2 (7.9e-06)
172.894 .... 115 packets received, 1373 bps, 17.16%, Err 2 (7.8e-06)
177.062 .... 116 packets received, 1352 bps, 16.90%, Err 2 (7.7e-06)
181.153 .... 117 packets received, 1332 bps, 16.66%, Err 2 (7.7e-06)
185.217 .... 118 packets received, 1314 bps, 16.43%, Err 2 (7.6e-06)
189.343 .... 119 packets received, 1296 bps, 16.20%, Err 2 (7.5e-06)
193.457 .... 120 packets received, 1279 bps, 15.99%, Err 2 (7.5e-06)
197.612 .... 121 packets received, 1262 bps, 15.78%, Err 2 (7.4e-06)
200.534 .... 122 packets received, 1254 bps, 15.68%, Err 2 (7.3e-06)
202.792 .... 124 packets received, 1260 bps, 15.76%, Err 2 (7.2e-06)
205.017 .... 126 packets received, 1267 bps, 15.84%, Err 2 (7.1e-06)
208.090 .... 129 packets received, 1278 bps, 15.97%, Err 2 (6.9e-06)
210.346 .... 131 packets received, 1284 bps, 16.04%, Err 2 (6.8e-06)
212.611 .... 133 packets received, 1289 bps, 16.11%, Err 2 (6.7e-06)
214.865 .... 135 packets received, 1295 bps, 16.18%, Err 2 (6.6e-06)
217.120 .... 137 packets received, 1300 bps, 16.25%, Err 2 (6.6e-06)
219.358 .... 139 packets received, 1306 bps, 16.32%, Err 2 (6.5e-06)
221.610 .... 141 packets received, 1311 bps, 16.39%, Err 2 (6.4e-06)
223.863 .... 143 packets received, 1316 bps, 16.45%, Err 2 (6.3e-06)
226.933 .... 146 packets received, 1325 bps, 16.57%, Err 2 (6.2e-06)
229.202 .... 148 packets received, 1330 bps, 16.63%, Err 2 (6.1e-06)
231.425 .... 150 packets received, 1335 bps, 16.69%, Err 2 (6.0e-06)
233.634 .... 152 packets received, 1340 bps, 16.75%, Err 2 (5.9e-06)
235.887 .... 154 packets received, 1345 bps, 16.81%, Err 2 (5.8e-06)
238.108 .... 156 packets received, 1349 bps, 16.87%, Err 2 (5.8e-06)
240.620 .... 159 packets received, 1361 bps, 17.01%, Err 2 (5.7e-06)
242.872 .... 161 packets received, 1365 bps, 17.06%, Err 2 (5.6e-06)
245.111 .... 163 packets received, 1369 bps, 17.12%, Err 2 (5.5e-06)
247.395 .... 165 packets received, 1373 bps, 17.17%, Err 2 (5.5e-06)
250.482 .... 166 packets received, 1364 bps, 17.06%, Err 2 (5.4e-06)
252.718 .... 168 packets received, 1369 bps, 17.11%, Err 2 (5.3e-06)
254.973 .... 170 packets received, 1373 bps, 17.16%, Err 2 (5.3e-06)
257.243 .... 172 packets received, 1376 bps, 17.21%, Err 2 (5.2e-06)
259.499 .... 174 packets received, 1380 bps, 17.25%, Err 2 (5.2e-06)
261.754 .... 176 packets received, 1384 bps, 17.30%, Err 2 (5.1e-06)
263.976 .... 178 packets received, 1388 bps, 17.35%, Err 2 (5.0e-06)
266.245 .... 180 packets received, 1391 bps, 17.39%, Err 2 (5.0e-06)
269.345 .... 183 packets received, 1398 bps, 17.48%, Err 2 (4.9e-06)
271.569 .... 185 packets received, 1402 bps, 17.52%, Err 2 (4.9e-06)
274.654 .... 188 packets received, 1409 bps, 17.61%, Err 2 (4.8e-06)
276.892 .... 190 packets received, 1412 bps, 17.65%, Err 2 (4.7e-06)
279.115 .... 192 packets received, 1416 bps, 17.69%, Err 2 (4.7e-06)
281.337 .... 194 packets received, 1419 bps, 17.74%, Err 2 (4.6e-06)
283.561 .... 196 packets received, 1422 bps, 17.78%, Err 2 (4.6e-06)
285.787 .... 198 packets received, 1425 bps, 17.82%, Err 2 (4.5e-06)
288.011 .... 200 packets received, 1429 bps, 17.86%, Err 2 (4.5e-06)
290.237 .... 202 packets received, 1432 bps, 17.90%, Err 2 (4.5e-06)
292.458 .... 204 packets received, 1435 bps, 17.94%, Err 2 (4.4e-06)
294.678 .... 206 packets received, 1438 bps, 17.98%, Err 2 (4.4e-06)
296.901 .... 208 packets received, 1441 bps, 18.01%, Err 2 (4.3e-06)
299.123 .... 210 packets received, 1444 bps, 18.05%, Err 2 (4.3e-06)
304.022 .... 212 packets received, 1434 bps, 17.93%, Err 2 (4.2e-06)
308.119 .... 213 packets received, 1422 bps, 17.77%, Err 2 (4.2e-06)
312.276 .... 214 packets received, 1409 bps, 17.62%, Err 2 (4.2e-06)
316.374 .... 215 packets received, 1398 bps, 17.47%, Err 2 (4.2e-06)
320.459 .... 216 packets received, 1386 bps, 17.33%, Err 2 (4.2e-06)
324.529 .... 217 packets received, 1375 bps, 17.19%, Err 2 (4.1e-06)
328.616 .... 218 packets received, 1364 bps, 17.05%, Err 2 (4.1e-06)
332.804 .... 219 packets received, 1353 bps, 16.91%, Err 2 (4.1e-06)
336.964 .... 220 packets received, 1342 bps, 16.78%, Err 2 (4.1e-06)
337.509 TCP disconnected.
