000.000 =============================================================
000.000                     Station A                               
000.000 -------------------------------------------------------------
000.000 Protocol.lib, version 4.0, jiangyanjun0718@bupt.edu.cn
000.000 Channel: 8000 bps, 270 ms propagation delay, bit error rate 1.0E-05
000.000 Log file "a0.log", TCP port 59144, debug mask 0x00
000.000 Station A is waiting for station B on TCP port 59144 ... Done.
000.379 New epoch: Sun Apr  9 12:20:01 2023
000.379 =================================================================
000.379 
000.379 Designed by Li Ruobin, build: Apr  9 2023  12:18:20
004.265 .... 1 packets received, 672 bps, 8.40%, Err 1 (3.9e-05)
006.386 .... 9 packets received, 3565 bps, 44.56%, Err 1 (2.3e-05)
008.544 .... 17 packets received, 4751 bps, 59.39%, Err 1 (1.7e-05)
010.703 .... 25 packets received, 5397 bps, 67.46%, Err 1 (1.3e-05)
012.877 .... 33 packets received, 5796 bps, 72.45%, Err 1 (1.1e-05)
015.047 .... 41 packets received, 6071 bps, 75.89%, Err 1 (8.9e-06)
017.219 .... 49 packets received, 6271 bps, 78.39%, Err 1 (7.7e-06)
019.375 .... 57 packets received, 6429 bps, 80.36%, Err 1 (6.8e-06)
021.560 .... 65 packets received, 6543 bps, 81.79%, Err 1 (6.1e-06)
023.717 .... 73 packets received, 6644 bps, 83.05%, Err 1 (5.5e-06)
025.877 .... 81 packets received, 6727 bps, 84.08%, Err 1 (5.0e-06)
028.067 .... 89 packets received, 6788 bps, 84.85%, Err 1 (4.6e-06)
030.228 .... 97 packets received, 6847 bps, 85.59%, Err 1 (4.3e-06)
032.386 .... 105 packets received, 6899 bps, 86.24%, Err 1 (4.0e-06)
034.497 .... 113 packets received, 6954 bps, 86.92%, Err 1 (3.7e-06)
039.368 .... 121 packets received, 6495 bps, 81.19%, Err 1 (3.3e-06)
041.545 .... 129 packets received, 6551 bps, 81.89%, Err 1 (3.1e-06)
043.692 .... 137 packets received, 6606 bps, 82.57%, Err 1 (2.9e-06)
047.144 .... 140 packets received, 6243 bps, 78.04%, Err 3 (8.1e-06)
049.288 .... 148 packets received, 6305 bps, 78.82%, Err 3 (7.8e-06)
051.461 .... 156 packets received, 6359 bps, 79.48%, Err 3 (7.4e-06)
055.753 .... 160 packets received, 6008 bps, 75.10%, Err 4 (9.1e-06)
057.863 .... 168 packets received, 6074 bps, 75.92%, Err 4 (8.8e-06)
060.039 .... 176 packets received, 6128 bps, 76.60%, Err 4 (8.5e-06)
062.203 .... 184 packets received, 6179 bps, 77.24%, Err 4 (8.2e-06)
064.359 .... 192 packets received, 6227 bps, 77.84%, Err 4 (7.9e-06)
067.334 .... 193 packets received, 5978 bps, 74.73%, Err 5 (9.4e-06)
069.459 .... 201 packets received, 6032 bps, 75.40%, Err 5 (9.1e-06)
071.617 .... 209 packets received, 6080 bps, 76.00%, Err 5 (8.9e-06)
073.783 .... 217 packets received, 6124 bps, 76.55%, Err 5 (8.6e-06)
075.939 .... 225 packets received, 6167 bps, 77.08%, Err 5 (8.3e-06)
078.095 .... 233 packets received, 6207 bps, 77.59%, Err 5 (8.1e-06)
080.282 .... 241 packets received, 6242 bps, 78.03%, Err 6 (9.5e-06)
082.453 .... 249 packets received, 6277 bps, 78.47%, Err 6 (9.2e-06)
084.567 .... 257 packets received, 6315 bps, 78.93%, Err 6 (9.0e-06)
086.692 .... 265 packets received, 6349 bps, 79.37%, Err 6 (8.8e-06)
090.163 .... 268 packets received, 6171 bps, 77.13%, Err 7 (9.8e-06)
092.399 .... 276 packets received, 6199 bps, 77.49%, Err 7 (9.6e-06)
094.573 .... 284 packets received, 6230 bps, 77.88%, Err 7 (9.4e-06)
096.703 .... 292 packets received, 6263 bps, 78.29%, Err 7 (9.1e-06)
100.432 .... 296 packets received, 6110 bps, 76.37%, Err 9 (1.1e-05)
103.391 .... 303 packets received, 6073 bps, 75.92%, Err 9 (1.1e-05)
107.470 .... 304 packets received, 5859 bps, 73.24%, Err 9 (1.1e-05)
111.683 .... 305 packets received, 5655 bps, 70.68%, Err 9 (1.1e-05)
115.722 .... 306 packets received, 5473 bps, 68.41%, Err 9 (1.1e-05)
119.797 .... 307 packets received, 5302 bps, 66.28%, Err 9 (1.1e-05)
123.896 .... 308 packets received, 5142 bps, 64.27%, Err 9 (1.1e-05)
128.025 .... 309 packets received, 4990 bps, 62.38%, Err 9 (1.1e-05)
132.088 .... 310 packets received, 4851 bps, 60.64%, Err 9 (1.1e-05)
136.180 .... 311 packets received, 4719 bps, 58.99%, Err 9 (1.1e-05)
140.351 .... 312 packets received, 4592 bps, 57.41%, Err 9 (1.1e-05)
144.386 .... 313 packets received, 4477 bps, 55.97%, Err 9 (1.1e-05)
148.478 .... 314 packets received, 4367 bps, 54.59%, Err 9 (1.1e-05)
152.640 .... 315 packets received, 4260 bps, 53.25%, Err 9 (1.1e-05)
156.664 .... 316 packets received, 4163 bps, 52.04%, Err 9 (1.1e-05)
160.791 .... 317 packets received, 4068 bps, 50.86%, Err 9 (1.1e-05)
164.890 .... 318 packets received, 3979 bps, 49.74%, Err 9 (1.1e-05)
168.934 .... 319 packets received, 3895 bps, 48.69%, Err 9 (1.1e-05)
173.045 .... 320 packets received, 3814 bps, 47.68%, Err 9 (1.0e-05)
177.077 .... 321 packets received, 3738 bps, 46.73%, Err 9 (1.0e-05)
181.167 .... 322 packets received, 3665 bps, 45.81%, Err 9 (1.0e-05)
185.251 .... 323 packets received, 3594 bps, 44.93%, Err 9 (1.0e-05)
189.353 .... 324 packets received, 3527 bps, 44.09%, Err 9 (1.0e-05)
193.507 .... 325 packets received, 3461 bps, 43.27%, Err 9 (1.0e-05)
197.583 .... 326 packets received, 3400 bps, 42.50%, Err 9 (1.0e-05)
200.552 .... 327 packets received, 3360 bps, 42.00%, Err 9 (1.0e-05)
202.710 .... 335 packets received, 3405 bps, 42.56%, Err 9 (1.0e-05)
204.808 .... 343 packets received, 3450 bps, 43.13%, Err 9 (9.8e-06)
206.987 .... 351 packets received, 3493 bps, 43.67%, Err 9 (9.7e-06)
209.961 .... 352 packets received, 3453 bps, 43.17%, Err 9 (9.4e-06)
213.925 .... 357 packets received, 3437 bps, 42.97%, Err 11 (1.1e-05)
216.115 .... 365 packets received, 3478 bps, 43.48%, Err 11 (1.1e-05)
220.633 .... 372 packets received, 3472 bps, 43.40%, Err 11 (1.1e-05)
222.805 .... 380 packets received, 3512 bps, 43.90%, Err 11 (1.0e-05)
224.981 .... 388 packets received, 3551 bps, 44.39%, Err 11 (1.0e-05)
227.139 .... 396 packets received, 3590 bps, 44.87%, Err 11 (1.0e-05)
229.325 .... 404 packets received, 3627 bps, 45.34%, Err 12 (1.1e-05)
232.285 .... 405 packets received, 3590 bps, 44.87%, Err 12 (1.1e-05)
234.397 .... 413 packets received, 3627 bps, 45.34%, Err 12 (1.0e-05)
236.608 .... 421 packets received, 3663 bps, 45.79%, Err 12 (1.0e-05)
240.302 .... 425 packets received, 3641 bps, 45.51%, Err 13 (1.1e-05)
242.448 .... 433 packets received, 3676 bps, 45.95%, Err 13 (1.1e-05)
244.638 .... 441 packets received, 3710 bps, 46.38%, Err 13 (1.1e-05)
246.794 .... 449 packets received, 3744 bps, 46.81%, Err 13 (1.0e-05)
248.947 .... 457 packets received, 3778 bps, 47.23%, Err 13 (1.0e-05)
251.120 .... 465 packets received, 3811 bps, 47.63%, Err 13 (1.0e-05)
253.295 .... 473 packets received, 3843 bps, 48.04%, Err 13 (1.0e-05)
255.464 .... 481 packets received, 3875 bps, 48.43%, Err 13 (9.9e-06)
257.631 .... 489 packets received, 3906 bps, 48.82%, Err 13 (9.7e-06)
259.791 .... 497 packets received, 3936 bps, 49.21%, Err 13 (9.6e-06)
261.959 .... 505 packets received, 3967 bps, 49.58%, Err 13 (9.5e-06)
264.139 .... 513 packets received, 3996 bps, 49.95%, Err 13 (9.4e-06)
266.298 .... 521 packets received, 4025 bps, 50.31%, Err 13 (9.2e-06)
268.468 .... 529 packets received, 4054 bps, 50.67%, Err 13 (9.1e-06)
270.645 .... 537 packets received, 4082 bps, 51.02%, Err 13 (9.0e-06)
275.512 .... 545 packets received, 4069 bps, 50.86%, Err 14 (9.5e-06)
277.622 .... 553 packets received, 4097 bps, 51.22%, Err 14 (9.4e-06)
279.813 .... 561 packets received, 4124 bps, 51.55%, Err 14 (9.2e-06)
284.086 .... 567 packets received, 4105 bps, 51.31%, Err 16 (1.0e-05)
286.181 .... 575 packets received, 4132 bps, 51.66%, Err 16 (1.0e-05)
289.467 .... 577 packets received, 4100 bps, 51.24%, Err 16 (1.0e-05)
291.594 .... 585 packets received, 4126 bps, 51.57%, Err 16 (9.9e-06)
294.809 .... 587 packets received, 4095 bps, 51.18%, Err 16 (9.8e-06)
296.971 .... 595 packets received, 4120 bps, 51.50%, Err 16 (9.7e-06)
299.139 .... 603 packets received, 4145 bps, 51.81%, Err 16 (9.6e-06)
304.608 .... 609 packets received, 4111 bps, 51.39%, Err 16 (9.5e-06)
308.646 .... 610 packets received, 4064 bps, 50.80%, Err 16 (9.5e-06)
315.199 .... 611 packets received, 3985 bps, 49.82%, Err 17 (1.0e-05)
320.957 .... 613 packets received, 3926 bps, 49.08%, Err 17 (1.0e-05)
325.037 .... 614 packets received, 3883 bps, 48.54%, Err 17 (1.0e-05)
329.042 .... 615 packets received, 3842 bps, 48.03%, Err 17 (1.0e-05)
333.066 .... 616 packets received, 3802 bps, 47.52%, Err 17 (1.0e-05)
337.228 .... 617 packets received, 3761 bps, 47.01%, Err 17 (1.0e-05)
341.351 .... 618 packets received, 3721 bps, 46.51%, Err 17 (1.0e-05)
345.408 .... 619 packets received, 3683 bps, 46.04%, Err 17 (9.9e-06)
349.486 .... 620 packets received, 3646 bps, 45.57%, Err 17 (9.9e-06)
353.671 .... 621 packets received, 3608 bps, 45.11%, Err 17 (9.9e-06)
357.795 .... 622 packets received, 3572 bps, 44.66%, Err 17 (9.9e-06)
361.961 .... 623 packets received, 3537 bps, 44.21%, Err 17 (9.9e-06)
366.175 .... 624 packets received, 3502 bps, 43.77%, Err 17 (9.9e-06)
370.328 .... 625 packets received, 3468 bps, 43.35%, Err 17 (9.8e-06)
374.454 .... 626 packets received, 3435 bps, 42.94%, Err 17 (9.8e-06)
378.567 .... 627 packets received, 3403 bps, 42.54%, Err 17 (9.8e-06)
382.652 .... 628 packets received, 3372 bps, 42.15%, Err 17 (9.8e-06)
386.735 .... 629 packets received, 3341 bps, 41.77%, Err 17 (9.8e-06)
390.861 .... 630 packets received, 3311 bps, 41.39%, Err 17 (9.7e-06)
394.976 .... 631 packets received, 3282 bps, 41.02%, Err 17 (9.7e-06)
399.077 .... 632 packets received, 3253 bps, 40.67%, Err 17 (9.7e-06)
401.088 .... 635 packets received, 3252 bps, 40.65%, Err 17 (9.7e-06)
403.251 .... 643 packets received, 3275 bps, 40.94%, Err 17 (9.6e-06)
405.414 .... 651 packets received, 3299 bps, 41.23%, Err 17 (9.5e-06)
407.589 .... 659 packets received, 3321 bps, 41.51%, Err 17 (9.4e-06)
409.775 .... 667 packets received, 3344 bps, 41.79%, Err 17 (9.3e-06)
411.893 .... 675 packets received, 3366 bps, 42.08%, Err 17 (9.2e-06)
414.020 .... 683 packets received, 3388 bps, 42.36%, Err 17 (9.1e-06)
417.812 .... 687 packets received, 3377 bps, 42.22%, Err 17 (9.0e-06)
421.073 .... 689 packets received, 3361 bps, 42.01%, Err 18 (9.4e-06)
426.407 .... 694 packets received, 3343 bps, 41.78%, Err 19 (9.7e-06)
428.525 .... 702 packets received, 3365 bps, 42.06%, Err 19 (9.6e-06)
430.694 .... 710 packets received, 3386 bps, 42.32%, Err 19 (9.5e-06)
432.862 .... 718 packets received, 3407 bps, 42.58%, Err 19 (9.4e-06)
435.025 .... 726 packets received, 3427 bps, 42.84%, Err 19 (9.4e-06)
437.202 .... 734 packets received, 3448 bps, 43.10%, Err 19 (9.3e-06)
439.345 .... 742 packets received, 3468 bps, 43.36%, Err 19 (9.2e-06)
442.874 .... 745 packets received, 3455 bps, 43.18%, Err 20 (9.6e-06)
444.986 .... 753 packets received, 3475 bps, 43.44%, Err 20 (9.5e-06)
448.223 .... 755 packets received, 3459 bps, 43.24%, Err 21 (9.8e-06)
450.351 .... 763 packets received, 3479 bps, 43.49%, Err 21 (9.8e-06)
452.510 .... 771 packets received, 3499 bps, 43.74%, Err 21 (9.7e-06)
454.667 .... 779 packets received, 3518 bps, 43.98%, Err 21 (9.6e-06)
456.825 .... 787 packets received, 3538 bps, 44.22%, Err 21 (9.5e-06)
459.015 .... 795 packets received, 3556 bps, 44.46%, Err 21 (9.5e-06)
461.174 .... 803 packets received, 3575 bps, 44.69%, Err 21 (9.4e-06)
463.330 .... 811 packets received, 3594 bps, 44.93%, Err 21 (9.3e-06)
465.508 .... 819 packets received, 3613 bps, 45.16%, Err 21 (9.2e-06)
467.625 .... 827 packets received, 3631 bps, 45.39%, Err 21 (9.2e-06)
472.490 .... 835 packets received, 3629 bps, 45.36%, Err 21 (9.0e-06)
475.731 .... 837 packets received, 3612 bps, 45.16%, Err 22 (9.3e-06)
477.841 .... 845 packets received, 3631 bps, 45.39%, Err 22 (9.3e-06)
482.172 .... 851 packets received, 3624 bps, 45.30%, Err 24 (1.0e-05)
484.265 .... 859 packets received, 3642 bps, 45.52%, Err 24 (9.9e-06)
489.133 .... 867 packets received, 3639 bps, 45.49%, Err 26 (1.1e-05)
491.252 .... 875 packets received, 3657 bps, 45.71%, Err 26 (1.0e-05)
493.398 .... 883 packets received, 3674 bps, 45.93%, Err 26 (1.0e-05)
497.685 .... 889 packets received, 3667 bps, 45.84%, Err 28 (1.1e-05)
499.782 .... 897 packets received, 3685 bps, 46.06%, Err 28 (1.1e-05)
504.416 .... 900 packets received, 3663 bps, 45.79%, Err 28 (1.1e-05)
508.452 .... 901 packets received, 3638 bps, 45.47%, Err 28 (1.1e-05)
512.530 .... 902 packets received, 3613 bps, 45.16%, Err 28 (1.1e-05)
516.576 .... 903 packets received, 3588 bps, 44.86%, Err 28 (1.1e-05)
520.656 .... 904 packets received, 3564 bps, 44.55%, Err 28 (1.1e-05)
524.728 .... 905 packets received, 3540 bps, 44.25%, Err 28 (1.1e-05)
528.841 .... 906 packets received, 3517 bps, 43.96%, Err 28 (1.1e-05)
532.914 .... 907 packets received, 3494 bps, 43.67%, Err 28 (1.1e-05)
536.967 .... 908 packets received, 3471 bps, 43.39%, Err 28 (1.1e-05)
541.027 .... 909 packets received, 3449 bps, 43.11%, Err 28 (1.1e-05)
545.034 .... 910 packets received, 3427 bps, 42.84%, Err 28 (1.1e-05)
549.130 .... 911 packets received, 3405 bps, 42.56%, Err 28 (1.1e-05)
555.769 .... 912 packets received, 3368 bps, 42.10%, Err 29 (1.1e-05)
561.504 .... 914 packets received, 3341 bps, 41.76%, Err 29 (1.1e-05)
565.583 .... 915 packets received, 3320 bps, 41.50%, Err 29 (1.1e-05)
569.645 .... 916 packets received, 3300 bps, 41.25%, Err 29 (1.1e-05)
573.679 .... 917 packets received, 3281 bps, 41.01%, Err 29 (1.1e-05)
577.733 .... 918 packets received, 3261 bps, 40.76%, Err 29 (1.1e-05)
581.832 .... 919 packets received, 3242 bps, 40.52%, Err 29 (1.1e-05)
585.896 .... 920 packets received, 3223 bps, 40.28%, Err 29 (1.1e-05)
590.012 .... 921 packets received, 3204 bps, 40.04%, Err 29 (1.1e-05)
594.108 .... 922 packets received, 3185 bps, 39.81%, Err 29 (1.1e-05)
598.203 .... 923 packets received, 3166 bps, 39.58%, Err 29 (1.1e-05)
600.525 .... 924 packets received, 3158 bps, 39.47%, Err 29 (1.1e-05)
602.698 .... 932 packets received, 3173 bps, 39.67%, Err 29 (1.1e-05)
604.890 .... 940 packets received, 3189 bps, 39.86%, Err 29 (1.1e-05)
607.030 .... 948 packets received, 3205 bps, 40.06%, Err 29 (1.1e-05)
609.219 .... 956 packets received, 3220 bps, 40.25%, Err 29 (1.1e-05)
611.393 .... 964 packets received, 3236 bps, 40.44%, Err 29 (1.1e-05)
613.549 .... 972 packets received, 3251 bps, 40.64%, Err 29 (1.1e-05)
615.709 .... 980 packets received, 3266 bps, 40.83%, Err 29 (1.1e-05)
617.892 .... 988 packets received, 3281 bps, 41.01%, Err 29 (1.0e-05)
620.066 .... 996 packets received, 3296 bps, 41.20%, Err 29 (1.0e-05)
622.208 .... 1004 packets received, 3311 bps, 41.39%, Err 29 (1.0e-05)
624.393 .... 1012 packets received, 3326 bps, 41.57%, Err 29 (1.0e-05)
626.538 .... 1020 packets received, 3341 bps, 41.76%, Err 29 (1.0e-05)
628.664 .... 1028 packets received, 3355 bps, 41.94%, Err 29 (1.0e-05)
632.983 .... 1034 packets received, 3352 bps, 41.90%, Err 29 (1.0e-05)
635.156 .... 1042 packets received, 3366 bps, 42.08%, Err 29 (1.0e-05)
637.312 .... 1050 packets received, 3381 bps, 42.26%, Err 29 (9.9e-06)
639.482 .... 1058 packets received, 3395 bps, 42.43%, Err 29 (9.8e-06)
641.658 .... 1066 packets received, 3409 bps, 42.61%, Err 29 (9.8e-06)
643.782 .... 1074 packets received, 3423 bps, 42.79%, Err 29 (9.7e-06)
648.637 .... 1082 packets received, 3423 bps, 42.78%, Err 29 (9.6e-06)
650.807 .... 1090 packets received, 3437 bps, 42.96%, Err 29 (9.5e-06)
655.691 .... 1098 packets received, 3436 bps, 42.95%, Err 31 (1.0e-05)
657.785 .... 1106 packets received, 3450 bps, 43.12%, Err 31 (1.0e-05)
659.978 .... 1114 packets received, 3463 bps, 43.29%, Err 31 (1.0e-05)
662.118 .... 1122 packets received, 3477 bps, 43.46%, Err 32 (1.0e-05)
665.035 .... 1123 packets received, 3465 bps, 43.31%, Err 32 (1.0e-05)
667.145 .... 1131 packets received, 3478 bps, 43.48%, Err 32 (1.0e-05)
669.329 .... 1139 packets received, 3491 bps, 43.64%, Err 32 (1.0e-05)
671.463 .... 1147 packets received, 3505 bps, 43.81%, Err 32 (1.0e-05)
673.643 .... 1155 packets received, 3518 bps, 43.97%, Err 32 (9.9e-06)
675.785 .... 1163 packets received, 3531 bps, 44.14%, Err 32 (9.9e-06)
677.896 .... 1171 packets received, 3544 bps, 44.30%, Err 32 (9.8e-06)
682.228 .... 1177 packets received, 3540 bps, 44.24%, Err 32 (9.7e-06)
684.353 .... 1185 packets received, 3553 bps, 44.41%, Err 32 (9.7e-06)
687.571 .... 1187 packets received, 3542 bps, 44.27%, Err 32 (9.6e-06)
689.758 .... 1195 packets received, 3554 bps, 44.43%, Err 32 (9.6e-06)
691.914 .... 1203 packets received, 3567 bps, 44.59%, Err 32 (9.5e-06)
694.072 .... 1211 packets received, 3580 bps, 44.74%, Err 32 (9.5e-06)
696.255 .... 1219 packets received, 3592 bps, 44.90%, Err 32 (9.4e-06)
698.430 .... 1227 packets received, 3604 bps, 45.05%, Err 32 (9.4e-06)
704.372 .... 1235 packets received, 3597 bps, 44.96%, Err 32 (9.3e-06)
708.438 .... 1236 packets received, 3579 bps, 44.74%, Err 32 (9.3e-06)
712.532 .... 1237 packets received, 3562 bps, 44.52%, Err 32 (9.3e-06)
716.722 .... 1238 packets received, 3544 bps, 44.29%, Err 32 (9.3e-06)
720.890 .... 1239 packets received, 3526 bps, 44.07%, Err 32 (9.3e-06)
725.057 .... 1240 packets received, 3508 bps, 43.85%, Err 32 (9.3e-06)
729.147 .... 1241 packets received, 3491 bps, 43.64%, Err 32 (9.3e-06)
733.252 .... 1242 packets received, 3475 bps, 43.43%, Err 32 (9.3e-06)
737.420 .... 1243 packets received, 3458 bps, 43.22%, Err 32 (9.2e-06)
741.650 .... 1244 packets received, 3441 bps, 43.01%, Err 32 (9.2e-06)
745.807 .... 1245 packets received, 3424 bps, 42.80%, Err 32 (9.2e-06)
749.993 .... 1246 packets received, 3408 bps, 42.60%, Err 32 (9.2e-06)
754.176 .... 1247 packets received, 3392 bps, 42.40%, Err 32 (9.2e-06)
760.810 .... 1248 packets received, 3365 bps, 42.06%, Err 33 (9.5e-06)
766.626 .... 1250 packets received, 3345 bps, 41.81%, Err 33 (9.5e-06)
770.742 .... 1251 packets received, 3329 bps, 41.62%, Err 33 (9.5e-06)
774.785 .... 1252 packets received, 3315 bps, 41.43%, Err 33 (9.5e-06)
781.336 .... 1253 packets received, 3289 bps, 41.12%, Err 34 (9.7e-06)
787.094 .... 1255 packets received, 3271 bps, 40.88%, Err 34 (9.7e-06)
791.203 .... 1256 packets received, 3256 bps, 40.70%, Err 34 (9.7e-06)
795.295 .... 1257 packets received, 3242 bps, 40.52%, Err 34 (9.7e-06)
799.343 .... 1258 packets received, 3228 bps, 40.35%, Err 34 (9.7e-06)
801.626 .... 1263 packets received, 3232 bps, 40.40%, Err 34 (9.7e-06)
803.768 .... 1271 packets received, 3243 bps, 40.54%, Err 34 (9.6e-06)
805.891 .... 1279 packets received, 3255 bps, 40.69%, Err 35 (9.8e-06)
809.950 .... 1284 packets received, 3252 bps, 40.64%, Err 35 (9.8e-06)
812.106 .... 1292 packets received, 3263 bps, 40.79%, Err 35 (9.7e-06)
814.292 .... 1300 packets received, 3274 bps, 40.93%, Err 35 (9.7e-06)
817.803 .... 1303 packets received, 3268 bps, 40.85%, Err 36 (9.9e-06)
819.914 .... 1311 packets received, 3280 bps, 40.99%, Err 36 (9.8e-06)
822.089 .... 1319 packets received, 3291 bps, 41.13%, Err 36 (9.8e-06)
825.859 .... 1323 packets received, 3286 bps, 41.07%, Err 36 (9.7e-06)
829.583 .... 1327 packets received, 3281 bps, 41.01%, Err 38 (1.0e-05)
831.692 .... 1335 packets received, 3292 bps, 41.15%, Err 38 (1.0e-05)
834.944 .... 1336 packets received, 3282 bps, 41.02%, Err 39 (1.0e-05)
837.043 .... 1344 packets received, 3293 bps, 41.16%, Err 39 (1.0e-05)
839.222 .... 1352 packets received, 3304 bps, 41.30%, Err 39 (1.0e-05)
843.540 .... 1358 packets received, 3302 bps, 41.27%, Err 40 (1.0e-05)
845.649 .... 1366 packets received, 3313 bps, 41.41%, Err 40 (1.0e-05)
847.829 .... 1374 packets received, 3324 bps, 41.55%, Err 40 (1.0e-05)
849.960 .... 1382 packets received, 3335 bps, 41.68%, Err 40 (1.0e-05)
852.138 .... 1390 packets received, 3345 bps, 41.82%, Err 40 (1.0e-05)
854.311 .... 1398 packets received, 3356 bps, 41.95%, Err 40 (1.0e-05)
859.180 .... 1406 packets received, 3356 bps, 41.95%, Err 41 (1.0e-05)
861.302 .... 1414 packets received, 3367 bps, 42.09%, Err 41 (1.0e-05)
863.441 .... 1422 packets received, 3378 bps, 42.22%, Err 41 (1.0e-05)
865.611 .... 1430 packets received, 3388 bps, 42.35%, Err 41 (1.0e-05)
867.801 .... 1438 packets received, 3398 bps, 42.48%, Err 42 (1.0e-05)
870.760 .... 1439 packets received, 3389 bps, 42.37%, Err 42 (1.0e-05)
872.886 .... 1447 packets received, 3400 bps, 42.50%, Err 42 (1.0e-05)
875.060 .... 1455 packets received, 3410 bps, 42.63%, Err 42 (1.0e-05)
878.818 .... 1459 packets received, 3405 bps, 42.56%, Err 42 (1.0e-05)
880.937 .... 1467 packets received, 3415 bps, 42.69%, Err 42 (1.0e-05)
883.096 .... 1475 packets received, 3425 bps, 42.82%, Err 42 (1.0e-05)
885.268 .... 1483 packets received, 3436 bps, 42.94%, Err 42 (1.0e-05)
887.427 .... 1491 packets received, 3446 bps, 43.07%, Err 42 (1.0e-05)
889.597 .... 1499 packets received, 3456 bps, 43.20%, Err 42 (9.9e-06)
891.780 .... 1507 packets received, 3466 bps, 43.32%, Err 42 (9.9e-06)
893.948 .... 1515 packets received, 3476 bps, 43.44%, Err 42 (9.9e-06)
896.095 .... 1523 packets received, 3486 bps, 43.57%, Err 42 (9.8e-06)
899.592 .... 1526 packets received, 3479 bps, 43.48%, Err 44 (1.0e-05)
901.706 .... 1534 packets received, 3489 bps, 43.61%, Err 44 (1.0e-05)
907.476 .... 1537 packets received, 3473 bps, 43.42%, Err 44 (1.0e-05)
911.497 .... 1538 packets received, 3460 bps, 43.25%, Err 44 (1.0e-05)
915.590 .... 1539 packets received, 3447 bps, 43.09%, Err 44 (1.0e-05)
919.685 .... 1540 packets received, 3434 bps, 42.92%, Err 44 (1.0e-05)
923.780 .... 1541 packets received, 3421 bps, 42.76%, Err 44 (1.0e-05)
927.785 .... 1542 packets received, 3408 bps, 42.60%, Err 44 (1.0e-05)
931.882 .... 1543 packets received, 3395 bps, 42.44%, Err 44 (1.0e-05)
936.011 .... 1544 packets received, 3383 bps, 42.28%, Err 44 (1.0e-05)
940.080 .... 1545 packets received, 3370 bps, 42.13%, Err 44 (1.0e-05)
944.155 .... 1546 packets received, 3358 bps, 41.97%, Err 44 (1.0e-05)
948.223 .... 1547 packets received, 3346 bps, 41.82%, Err 44 (1.0e-05)
952.307 .... 1548 packets received, 3333 bps, 41.67%, Err 44 (1.0e-05)
956.495 .... 1549 packets received, 3321 bps, 41.51%, Err 44 (1.0e-05)
960.635 .... 1550 packets received, 3309 bps, 41.36%, Err 44 (1.0e-05)
964.778 .... 1551 packets received, 3297 bps, 41.21%, Err 44 (1.0e-05)
968.858 .... 1552 packets received, 3285 bps, 41.06%, Err 44 (1.0e-05)
972.980 .... 1553 packets received, 3273 bps, 40.91%, Err 44 (1.0e-05)
977.090 .... 1554 packets received, 3261 bps, 40.77%, Err 44 (1.0e-05)
981.231 .... 1555 packets received, 3250 bps, 40.62%, Err 44 (1.0e-05)
985.386 .... 1556 packets received, 3238 bps, 40.47%, Err 44 (1.0e-05)
991.930 .... 1557 packets received, 3219 bps, 40.23%, Err 45 (1.0e-05)
997.594 .... 1559 packets received, 3204 bps, 40.06%, Err 45 (1.0e-05)
1000.518 .... 1560 packets received, 3197 bps, 39.96%, Err 45 (1.0e-05)
1002.688 .... 1568 packets received, 3207 bps, 40.08%, Err 45 (1.0e-05)
1004.856 .... 1576 packets received, 3216 bps, 40.20%, Err 45 (1.0e-05)
1007.031 .... 1584 packets received, 3225 bps, 40.32%, Err 45 (1.0e-05)
1009.221 .... 1592 packets received, 3235 bps, 40.43%, Err 45 (1.0e-05)
1011.378 .... 1600 packets received, 3244 bps, 40.55%, Err 45 (1.0e-05)
1013.477 .... 1608 packets received, 3253 bps, 40.67%, Err 45 (1.0e-05)
1015.633 .... 1616 packets received, 3263 bps, 40.78%, Err 45 (1.0e-05)
1018.605 .... 1617 packets received, 3255 bps, 40.69%, Err 45 (9.9e-06)
1020.795 .... 1625 packets received, 3264 bps, 40.80%, Err 45 (9.9e-06)
1022.904 .... 1633 packets received, 3273 bps, 40.92%, Err 45 (9.8e-06)
1025.046 .... 1641 packets received, 3283 bps, 41.03%, Err 45 (9.8e-06)
1028.578 .... 1644 packets received, 3277 bps, 40.97%, Err 46 (1.0e-05)
1030.723 .... 1652 packets received, 3286 bps, 41.08%, Err 46 (9.9e-06)
1034.962 .... 1658 packets received, 3285 bps, 41.06%, Err 47 (1.0e-05)
1037.070 .... 1666 packets received, 3294 bps, 41.17%, Err 47 (1.0e-05)
1042.868 .... 1673 packets received, 3289 bps, 41.12%, Err 48 (1.0e-05)
1045.087 .... 1681 packets received, 3298 bps, 41.23%, Err 48 (1.0e-05)
1049.913 .... 1686 packets received, 3293 bps, 41.16%, Err 48 (1.0e-05)
1054.675 .... 1694 packets received, 3293 bps, 41.17%, Err 49 (1.0e-05)
1059.741 .... 1702 packets received, 3293 bps, 41.16%, Err 50 (1.0e-05)
1061.941 .... 1710 packets received, 3302 bps, 41.27%, Err 50 (1.0e-05)
1066.766 .... 1716 packets received, 3298 bps, 41.23%, Err 51 (1.0e-05)
1068.853 .... 1724 packets received, 3307 bps, 41.34%, Err 51 (1.0e-05)
1071.009 .... 1732 packets received, 3316 bps, 41.45%, Err 51 (1.0e-05)
1073.194 .... 1740 packets received, 3324 bps, 41.55%, Err 51 (1.0e-05)
1075.356 .... 1748 packets received, 3333 bps, 41.66%, Err 51 (1.0e-05)
1077.545 .... 1756 packets received, 3341 bps, 41.77%, Err 51 (1.0e-05)
1079.656 .... 1764 packets received, 3350 bps, 41.87%, Err 51 (1.0e-05)
1083.927 .... 1770 packets received, 3348 bps, 41.85%, Err 52 (1.0e-05)
1086.135 .... 1778 packets received, 3356 bps, 41.95%, Err 52 (1.0e-05)
1090.675 .... 1785 packets received, 3356 bps, 41.94%, Err 52 (1.0e-05)
1092.818 .... 1793 packets received, 3364 bps, 42.05%, Err 52 (1.0e-05)
1097.451 .... 1800 packets received, 3363 bps, 42.03%, Err 53 (1.0e-05)
1099.551 .... 1808 packets received, 3371 bps, 42.14%, Err 53 (1.0e-05)
1104.440 .... 1812 packets received, 3364 bps, 42.05%, Err 53 (1.0e-05)
1108.542 .... 1813 packets received, 3353 bps, 41.91%, Err 53 (1.0e-05)
1112.614 .... 1814 packets received, 3343 bps, 41.78%, Err 54 (1.0e-05)
1116.681 .... 1815 packets received, 3332 bps, 41.65%, Err 54 (1.0e-05)
1120.708 .... 1816 packets received, 3322 bps, 41.53%, Err 54 (1.0e-05)
1124.776 .... 1817 packets received, 3312 bps, 41.40%, Err 54 (1.0e-05)
1128.965 .... 1818 packets received, 3302 bps, 41.27%, Err 54 (1.0e-05)
1133.044 .... 1819 packets received, 3291 bps, 41.14%, Err 54 (1.0e-05)
1137.078 .... 1820 packets received, 3282 bps, 41.02%, Err 54 (1.0e-05)
1141.168 .... 1821 packets received, 3272 bps, 40.89%, Err 54 (1.0e-05)
1145.360 .... 1822 packets received, 3261 bps, 40.77%, Err 54 (1.0e-05)
1149.387 .... 1823 packets received, 3252 bps, 40.65%, Err 54 (1.0e-05)
1153.469 .... 1824 packets received, 3242 bps, 40.52%, Err 54 (1.0e-05)
1157.550 .... 1825 packets received, 3232 bps, 40.40%, Err 54 (1.0e-05)
1161.630 .... 1826 packets received, 3223 bps, 40.28%, Err 54 (1.0e-05)
1165.775 .... 1827 packets received, 3213 bps, 40.16%, Err 54 (1.0e-05)
1169.974 .... 1828 packets received, 3203 bps, 40.04%, Err 54 (1.0e-05)
1174.061 .... 1829 packets received, 3194 bps, 39.92%, Err 55 (1.0e-05)
1178.217 .... 1830 packets received, 3184 bps, 39.80%, Err 55 (1.0e-05)
1182.420 .... 1831 packets received, 3175 bps, 39.68%, Err 55 (1.0e-05)
1186.580 .... 1832 packets received, 3165 bps, 39.57%, Err 55 (1.0e-05)
1190.653 .... 1833 packets received, 3156 bps, 39.45%, Err 55 (1.0e-05)
1194.651 .... 1834 packets received, 3147 bps, 39.34%, Err 55 (1.0e-05)
1198.686 .... 1835 packets received, 3138 bps, 39.23%, Err 55 (1.0e-05)
1200.809 .... 1837 packets received, 3136 bps, 39.20%, Err 55 (1.0e-05)
1202.938 .... 1845 packets received, 3144 bps, 39.30%, Err 55 (1.0e-05)
1205.066 .... 1853 packets received, 3152 bps, 39.40%, Err 55 (1.0e-05)
1208.595 .... 1856 packets received, 3148 bps, 39.35%, Err 55 (1.0e-05)
1210.764 .... 1864 packets received, 3156 bps, 39.45%, Err 55 (1.0e-05)
1212.924 .... 1872 packets received, 3164 bps, 39.55%, Err 55 (1.0e-05)
1217.525 .... 1879 packets received, 3164 bps, 39.55%, Err 56 (1.0e-05)
1219.637 .... 1887 packets received, 3172 bps, 39.65%, Err 56 (1.0e-05)
1221.835 .... 1895 packets received, 3180 bps, 39.74%, Err 57 (1.0e-05)
1223.971 .... 1903 packets received, 3187 bps, 39.84%, Err 57 (1.0e-05)
1226.131 .... 1911 packets received, 3195 bps, 39.94%, Err 57 (1.0e-05)
1228.304 .... 1919 packets received, 3203 bps, 40.03%, Err 57 (1.0e-05)
1230.458 .... 1927 packets received, 3211 bps, 40.13%, Err 57 (1.0e-05)
1232.636 .... 1935 packets received, 3218 bps, 40.23%, Err 57 (1.0e-05)
1234.807 .... 1943 packets received, 3226 bps, 40.32%, Err 57 (1.0e-05)
1236.968 .... 1951 packets received, 3233 bps, 40.42%, Err 57 (1.0e-05)
1239.143 .... 1959 packets received, 3241 bps, 40.51%, Err 57 (1.0e-05)
1241.300 .... 1967 packets received, 3249 bps, 40.61%, Err 57 (1.0e-05)
1243.414 .... 1975 packets received, 3256 bps, 40.70%, Err 57 (1.0e-05)
1248.283 .... 1983 packets received, 3257 bps, 40.71%, Err 57 (1.0e-05)
1250.453 .... 1991 packets received, 3264 bps, 40.80%, Err 57 (1.0e-05)
1254.711 .... 1997 packets received, 3263 bps, 40.78%, Err 58 (1.0e-05)
1256.824 .... 2005 packets received, 3270 bps, 40.88%, Err 58 (1.0e-05)
1259.007 .... 2013 packets received, 3278 bps, 40.97%, Err 58 (1.0e-05)
1263.318 .... 2017 packets received, 3273 bps, 40.91%, Err 58 (1.0e-05)
1265.412 .... 2025 packets received, 3281 bps, 41.01%, Err 58 (1.0e-05)
1267.585 .... 2033 packets received, 3288 bps, 41.10%, Err 58 (1.0e-05)
1269.676 .... 2041 packets received, 3295 bps, 41.19%, Err 59 (1.0e-05)
1272.634 .... 2042 packets received, 3289 bps, 41.12%, Err 59 (1.0e-05)
1274.852 .... 2050 packets received, 3296 bps, 41.20%, Err 59 (1.0e-05)
1279.107 .... 2056 packets received, 3295 bps, 41.19%, Err 60 (1.0e-05)
1281.205 .... 2064 packets received, 3302 bps, 41.28%, Err 60 (1.0e-05)
1283.410 .... 2072 packets received, 3310 bps, 41.37%, Err 60 (1.0e-05)
1287.126 .... 2076 packets received, 3306 bps, 41.33%, Err 60 (1.0e-05)
1289.301 .... 2084 packets received, 3313 bps, 41.42%, Err 60 (1.0e-05)
1291.488 .... 2092 packets received, 3321 bps, 41.51%, Err 60 (1.0e-05)
1293.645 .... 2100 packets received, 3328 bps, 41.60%, Err 60 (1.0e-05)
1298.171 .... 2107 packets received, 3327 bps, 41.59%, Err 61 (1.0e-05)
1300.279 .... 2115 packets received, 3334 bps, 41.68%, Err 61 (1.0e-05)
1306.164 .... 2118 packets received, 3324 bps, 41.55%, Err 61 (1.0e-05)
1310.209 .... 2119 packets received, 3315 bps, 41.44%, Err 61 (1.0e-05)
1314.316 .... 2120 packets received, 3306 bps, 41.33%, Err 61 (1.0e-05)
1318.473 .... 2121 packets received, 3298 bps, 41.22%, Err 61 (1.0e-05)
1322.578 .... 2122 packets received, 3289 bps, 41.11%, Err 61 (1.0e-05)
1326.717 .... 2123 packets received, 3280 bps, 41.00%, Err 61 (1.0e-05)
1330.782 .... 2124 packets received, 3272 bps, 40.90%, Err 61 (1.0e-05)
1334.898 .... 2125 packets received, 3263 bps, 40.79%, Err 61 (1.0e-05)
1338.986 .... 2126 packets received, 3255 bps, 40.68%, Err 61 (1.0e-05)
1345.640 .... 2127 packets received, 3240 bps, 40.50%, Err 62 (1.0e-05)
1351.378 .... 2129 packets received, 3229 bps, 40.37%, Err 62 (1.0e-05)
1355.414 .... 2130 packets received, 3221 bps, 40.27%, Err 62 (1.0e-05)
1359.568 .... 2131 packets received, 3213 bps, 40.16%, Err 62 (1.0e-05)
1363.647 .... 2132 packets received, 3205 bps, 40.06%, Err 62 (1.0e-05)
1367.809 .... 2133 packets received, 3197 bps, 39.96%, Err 62 (1.0e-05)
1371.912 .... 2134 packets received, 3188 bps, 39.86%, Err 62 (1.0e-05)
1375.954 .... 2135 packets received, 3181 bps, 39.76%, Err 62 (1.0e-05)
1379.999 .... 2136 packets received, 3173 bps, 39.66%, Err 62 (1.0e-05)
1384.075 .... 2137 packets received, 3165 bps, 39.56%, Err 62 (1.0e-05)
1388.217 .... 2138 packets received, 3157 bps, 39.46%, Err 62 (1.0e-05)
1392.277 .... 2139 packets received, 3149 bps, 39.36%, Err 62 (1.0e-05)
1396.324 .... 2140 packets received, 3141 bps, 39.27%, Err 62 (1.0e-05)
1400.430 .... 2141 packets received, 3134 bps, 39.17%, Err 62 (1.0e-05)
1402.584 .... 2149 packets received, 3141 bps, 39.26%, Err 62 (1.0e-05)
1404.772 .... 2157 packets received, 3147 bps, 39.34%, Err 62 (1.0e-05)
1406.914 .... 2165 packets received, 3154 bps, 39.43%, Err 62 (1.0e-05)
1409.043 .... 2173 packets received, 3161 bps, 39.51%, Err 62 (1.0e-05)
1412.497 .... 2176 packets received, 3158 bps, 39.47%, Err 63 (1.0e-05)
1414.715 .... 2184 packets received, 3164 bps, 39.55%, Err 63 (1.0e-05)
1416.901 .... 2192 packets received, 3171 bps, 39.64%, Err 64 (1.0e-05)
1419.057 .... 2200 packets received, 3178 bps, 39.72%, Err 64 (1.0e-05)
1421.215 .... 2208 packets received, 3184 bps, 39.81%, Err 64 (1.0e-05)
1423.339 .... 2216 packets received, 3191 bps, 39.89%, Err 64 (1.0e-05)
1425.496 .... 2224 packets received, 3198 bps, 39.97%, Err 64 (1.0e-05)
1429.004 .... 2227 packets received, 3194 bps, 39.93%, Err 64 (1.0e-05)
1433.079 .... 2232 packets received, 3192 bps, 39.91%, Err 65 (1.0e-05)
1435.189 .... 2240 packets received, 3199 bps, 39.99%, Err 65 (1.0e-05)
1437.387 .... 2248 packets received, 3206 bps, 40.07%, Err 65 (1.0e-05)
1439.513 .... 2256 packets received, 3212 bps, 40.15%, Err 65 (1.0e-05)
1441.670 .... 2264 packets received, 3219 bps, 40.24%, Err 65 (1.0e-05)
1443.842 .... 2272 packets received, 3225 bps, 40.32%, Err 65 (1.0e-05)
1445.949 .... 2280 packets received, 3232 bps, 40.40%, Err 65 (1.0e-05)
1450.824 .... 2288 packets received, 3232 bps, 40.41%, Err 65 (9.9e-06)
1454.629 .... 2292 packets received, 3230 bps, 40.37%, Err 66 (1.0e-05)
1456.730 .... 2300 packets received, 3236 bps, 40.45%, Err 66 (1.0e-05)
1458.903 .... 2308 packets received, 3243 bps, 40.53%, Err 66 (1.0e-05)
1461.049 .... 2316 packets received, 3249 bps, 40.61%, Err 66 (1.0e-05)
1465.124 .... 2321 packets received, 3247 bps, 40.59%, Err 67 (1.0e-05)
1467.221 .... 2329 packets received, 3254 bps, 40.67%, Err 67 (1.0e-05)
1469.398 .... 2337 packets received, 3260 bps, 40.75%, Err 67 (1.0e-05)
1473.451 .... 2341 packets received, 3257 bps, 40.71%, Err 68 (1.0e-05)
1475.566 .... 2349 packets received, 3263 bps, 40.79%, Err 68 (1.0e-05)
1480.414 .... 2357 packets received, 3263 bps, 40.79%, Err 69 (1.0e-05)
1482.531 .... 2365 packets received, 3270 bps, 40.87%, Err 69 (1.0e-05)
1484.716 .... 2373 packets received, 3276 bps, 40.95%, Err 69 (1.0e-05)
1488.486 .... 2377 packets received, 3273 bps, 40.91%, Err 69 (1.0e-05)
1490.601 .... 2385 packets received, 3280 bps, 40.99%, Err 69 (1.0e-05)
1492.762 .... 2393 packets received, 3286 bps, 41.07%, Err 69 (1.0e-05)
1494.934 .... 2401 packets received, 3292 bps, 41.15%, Err 69 (1.0e-05)
1497.017 .... 2409 packets received, 3298 bps, 41.23%, Err 69 (1.0e-05)
1499.176 .... 2417 packets received, 3305 bps, 41.31%, Err 69 (9.9e-06)
1503.313 .... 2418 packets received, 3297 bps, 41.21%, Err 69 (9.9e-06)
1507.396 .... 2419 packets received, 3289 bps, 41.11%, Err 69 (9.9e-06)
1511.478 .... 2420 packets received, 3282 bps, 41.02%, Err 69 (9.9e-06)
1515.565 .... 2421 packets received, 3274 bps, 40.93%, Err 69 (9.9e-06)
1519.689 .... 2422 packets received, 3267 bps, 40.83%, Err 69 (9.9e-06)
1523.864 .... 2423 packets received, 3259 bps, 40.74%, Err 69 (9.9e-06)
1528.026 .... 2424 packets received, 3251 bps, 40.64%, Err 69 (9.9e-06)
1532.186 .... 2425 packets received, 3244 bps, 40.55%, Err 69 (9.9e-06)
1536.245 .... 2426 packets received, 3237 bps, 40.46%, Err 69 (9.9e-06)
1540.360 .... 2427 packets received, 3229 bps, 40.37%, Err 69 (9.9e-06)
1544.457 .... 2428 packets received, 3222 bps, 40.28%, Err 69 (9.9e-06)
1548.545 .... 2429 packets received, 3215 bps, 40.19%, Err 69 (9.9e-06)
1552.587 .... 2430 packets received, 3208 bps, 40.10%, Err 69 (9.9e-06)
1556.710 .... 2431 packets received, 3201 bps, 40.01%, Err 69 (9.9e-06)
1560.854 .... 2432 packets received, 3194 bps, 39.92%, Err 69 (9.9e-06)
1564.928 .... 2433 packets received, 3187 bps, 39.83%, Err 69 (9.9e-06)
1569.070 .... 2434 packets received, 3179 bps, 39.74%, Err 69 (9.8e-06)
1573.215 .... 2435 packets received, 3172 bps, 39.65%, Err 69 (9.8e-06)
1577.339 .... 2436 packets received, 3165 bps, 39.57%, Err 69 (9.8e-06)
1581.442 .... 2437 packets received, 3158 bps, 39.48%, Err 69 (9.8e-06)
1585.500 .... 2438 packets received, 3152 bps, 39.39%, Err 69 (9.8e-06)
1589.632 .... 2439 packets received, 3145 bps, 39.31%, Err 69 (9.8e-06)
1593.810 .... 2440 packets received, 3138 bps, 39.22%, Err 69 (9.8e-06)
1597.958 .... 2441 packets received, 3131 bps, 39.14%, Err 69 (9.8e-06)
1600.546 .... 2442 packets received, 3127 bps, 39.09%, Err 69 (9.8e-06)
1604.032 .... 2445 packets received, 3124 bps, 39.05%, Err 70 (9.9e-06)
1606.149 .... 2453 packets received, 3130 bps, 39.13%, Err 70 (9.9e-06)
1608.319 .... 2461 packets received, 3136 bps, 39.20%, Err 70 (9.9e-06)
1610.495 .... 2469 packets received, 3142 bps, 39.28%, Err 70 (9.8e-06)
1614.556 .... 2474 packets received, 3141 bps, 39.26%, Err 71 (9.9e-06)
1616.645 .... 2482 packets received, 3147 bps, 39.33%, Err 71 (9.9e-06)
1620.439 .... 2486 packets received, 3144 bps, 39.30%, Err 72 (1.0e-05)
1625.250 .... 2494 packets received, 3145 bps, 39.31%, Err 73 (1.0e-05)
1627.361 .... 2502 packets received, 3151 bps, 39.39%, Err 73 (1.0e-05)
1629.534 .... 2510 packets received, 3157 bps, 39.46%, Err 73 (1.0e-05)
1633.576 .... 2514 packets received, 3154 bps, 39.43%, Err 73 (1.0e-05)
1635.674 .... 2522 packets received, 3160 bps, 39.50%, Err 73 (1.0e-05)
1637.817 .... 2530 packets received, 3166 bps, 39.57%, Err 73 (1.0e-05)
1641.033 .... 2532 packets received, 3162 bps, 39.53%, Err 74 (1.0e-05)
1643.143 .... 2540 packets received, 3168 bps, 39.60%, Err 74 (1.0e-05)
1645.358 .... 2548 packets received, 3174 bps, 39.67%, Err 74 (1.0e-05)
1647.531 .... 2556 packets received, 3180 bps, 39.75%, Err 74 (1.0e-05)
1649.702 .... 2564 packets received, 3185 bps, 39.82%, Err 74 (1.0e-05)
1651.873 .... 2572 packets received, 3191 bps, 39.89%, Err 75 (1.0e-05)
1654.047 .... 2580 packets received, 3197 bps, 39.96%, Err 75 (1.0e-05)
1656.173 .... 2588 packets received, 3203 bps, 40.03%, Err 75 (1.0e-05)
1658.281 .... 2596 packets received, 3208 bps, 40.11%, Err 75 (1.0e-05)
1662.044 .... 2600 packets received, 3206 bps, 40.08%, Err 75 (1.0e-05)
1665.267 .... 2602 packets received, 3202 bps, 40.03%, Err 76 (1.0e-05)
1667.394 .... 2610 packets received, 3208 bps, 40.10%, Err 76 (1.0e-05)
1669.567 .... 2618 packets received, 3214 bps, 40.17%, Err 77 (1.0e-05)
1671.718 .... 2626 packets received, 3219 bps, 40.24%, Err 77 (1.0e-05)
1673.877 .... 2634 packets received, 3225 bps, 40.31%, Err 77 (1.0e-05)
1676.041 .... 2642 packets received, 3231 bps, 40.38%, Err 77 (1.0e-05)
1678.195 .... 2650 packets received, 3236 bps, 40.45%, Err 77 (1.0e-05)
1680.327 .... 2658 packets received, 3242 bps, 40.52%, Err 77 (1.0e-05)
1684.891 .... 2665 packets received, 3242 bps, 40.52%, Err 77 (1.0e-05)
1689.696 .... 2673 packets received, 3242 bps, 40.53%, Err 78 (1.0e-05)
1691.893 .... 2681 packets received, 3248 bps, 40.60%, Err 78 (1.0e-05)
1694.017 .... 2689 packets received, 3253 bps, 40.67%, Err 78 (1.0e-05)
1696.168 .... 2697 packets received, 3259 bps, 40.73%, Err 78 (1.0e-05)
1699.683 .... 2700 packets received, 3256 bps, 40.70%, Err 78 (1.0e-05)
1704.547 .... 2704 packets received, 3251 bps, 40.64%, Err 79 (1.0e-05)
1708.581 .... 2705 packets received, 3245 bps, 40.56%, Err 79 (1.0e-05)
1712.655 .... 2706 packets received, 3238 bps, 40.48%, Err 79 (1.0e-05)
1716.780 .... 2707 packets received, 3232 bps, 40.39%, Err 79 (1.0e-05)
1720.902 .... 2708 packets received, 3225 bps, 40.31%, Err 79 (1.0e-05)
1724.958 .... 2709 packets received, 3219 bps, 40.23%, Err 79 (1.0e-05)
1729.107 .... 2710 packets received, 3212 bps, 40.15%, Err 79 (1.0e-05)
1733.219 .... 2711 packets received, 3206 bps, 40.07%, Err 79 (1.0e-05)
1737.282 .... 2712 packets received, 3199 bps, 39.99%, Err 79 (1.0e-05)
1741.405 .... 2713 packets received, 3193 bps, 39.91%, Err 79 (1.0e-05)
1745.474 .... 2714 packets received, 3187 bps, 39.83%, Err 79 (1.0e-05)
1749.537 .... 2715 packets received, 3180 bps, 39.75%, Err 79 (1.0e-05)
1753.601 .... 2716 packets received, 3174 bps, 39.68%, Err 79 (1.0e-05)
1757.718 .... 2717 packets received, 3168 bps, 39.60%, Err 79 (1.0e-05)
1761.842 .... 2718 packets received, 3162 bps, 39.52%, Err 79 (1.0e-05)
1766.070 .... 2719 packets received, 3155 bps, 39.44%, Err 79 (1.0e-05)
1770.195 .... 2720 packets received, 3149 bps, 39.36%, Err 79 (1.0e-05)
1774.245 .... 2721 packets received, 3143 bps, 39.29%, Err 79 (1.0e-05)
1778.346 .... 2722 packets received, 3137 bps, 39.21%, Err 79 (1.0e-05)
1782.402 .... 2723 packets received, 3131 bps, 39.14%, Err 79 (1.0e-05)
1786.585 .... 2724 packets received, 3125 bps, 39.06%, Err 79 (1.0e-05)
1790.670 .... 2725 packets received, 3119 bps, 38.98%, Err 79 (1.0e-05)
1794.963 .... 2726 packets received, 3112 bps, 38.90%, Err 79 (1.0e-05)
1798.994 .... 2727 packets received, 3107 bps, 38.83%, Err 79 (1.0e-05)
1801.074 .... 2730 packets received, 3106 bps, 38.83%, Err 79 (1.0e-05)
1803.186 .... 2738 packets received, 3112 bps, 38.90%, Err 79 (1.0e-05)
1806.987 .... 2742 packets received, 3110 bps, 38.87%, Err 79 (9.9e-06)
1810.976 .... 2747 packets received, 3109 bps, 38.86%, Err 80 (1.0e-05)
1813.166 .... 2755 packets received, 3114 bps, 38.92%, Err 80 (1.0e-05)
1815.305 .... 2763 packets received, 3119 bps, 38.99%, Err 80 (1.0e-05)
1817.478 .... 2771 packets received, 3125 bps, 39.06%, Err 80 (1.0e-05)
1822.307 .... 2779 packets received, 3125 bps, 39.07%, Err 81 (1.0e-05)
1824.404 .... 2787 packets received, 3131 bps, 39.13%, Err 81 (1.0e-05)
1826.527 .... 2795 packets received, 3136 bps, 39.20%, Err 81 (1.0e-05)
1831.407 .... 2803 packets received, 3137 bps, 39.21%, Err 81 (9.9e-06)
1833.567 .... 2811 packets received, 3142 bps, 39.27%, Err 81 (9.9e-06)
1835.737 .... 2819 packets received, 3147 bps, 39.34%, Err 81 (9.9e-06)
1837.897 .... 2827 packets received, 3152 bps, 39.40%, Err 81 (9.9e-06)
1840.072 .... 2835 packets received, 3157 bps, 39.47%, Err 81 (9.9e-06)
1842.245 .... 2843 packets received, 3163 bps, 39.53%, Err 81 (9.8e-06)
1844.422 .... 2851 packets received, 3168 bps, 39.60%, Err 81 (9.8e-06)
1849.295 .... 2859 packets received, 3168 bps, 39.60%, Err 82 (9.9e-06)
1851.392 .... 2867 packets received, 3174 bps, 39.67%, Err 82 (9.9e-06)
1853.591 .... 2875 packets received, 3179 bps, 39.73%, Err 82 (9.9e-06)
1857.610 .... 2880 packets received, 3177 bps, 39.72%, Err 83 (9.9e-06)
1859.733 .... 2888 packets received, 3182 bps, 39.78%, Err 83 (9.9e-06)
1861.906 .... 2896 packets received, 3188 bps, 39.84%, Err 83 (9.9e-06)
1865.935 .... 2900 packets received, 3185 bps, 39.81%, Err 83 (9.9e-06)
1868.064 .... 2908 packets received, 3190 bps, 39.88%, Err 83 (9.8e-06)
1870.237 .... 2916 packets received, 3195 bps, 39.94%, Err 83 (9.8e-06)
1875.011 .... 2924 packets received, 3196 bps, 39.95%, Err 85 (1.0e-05)
1877.132 .... 2932 packets received, 3201 bps, 40.01%, Err 85 (1.0e-05)
1879.351 .... 2940 packets received, 3206 bps, 40.07%, Err 85 (1.0e-05)
1881.445 .... 2948 packets received, 3211 bps, 40.14%, Err 85 (9.9e-06)
1884.673 .... 2950 packets received, 3208 bps, 40.10%, Err 86 (1.0e-05)
1888.188 .... 2952 packets received, 3204 bps, 40.05%, Err 87 (1.0e-05)
1890.293 .... 2960 packets received, 3209 bps, 40.11%, Err 87 (1.0e-05)
1892.435 .... 2968 packets received, 3214 bps, 40.18%, Err 87 (1.0e-05)
1896.772 .... 2973 packets received, 3212 bps, 40.15%, Err 88 (1.0e-05)
1898.894 .... 2981 packets received, 3217 bps, 40.21%, Err 88 (1.0e-05)
1903.203 .... 2983 packets received, 3212 bps, 40.15%, Err 88 (1.0e-05)
1907.250 .... 2984 packets received, 3206 bps, 40.08%, Err 88 (1.0e-05)
1911.378 .... 2985 packets received, 3200 bps, 40.00%, Err 88 (1.0e-05)
1915.551 .... 2986 packets received, 3194 bps, 39.93%, Err 88 (1.0e-05)
1919.634 .... 2987 packets received, 3189 bps, 39.86%, Err 88 (1.0e-05)
1923.708 .... 2988 packets received, 3183 bps, 39.79%, Err 88 (1.0e-05)
1927.791 .... 2989 packets received, 3177 bps, 39.72%, Err 88 (1.0e-05)
1931.888 .... 2990 packets received, 3172 bps, 39.65%, Err 88 (1.0e-05)
1935.996 .... 2991 packets received, 3166 bps, 39.58%, Err 88 (1.0e-05)
1940.117 .... 2992 packets received, 3160 bps, 39.50%, Err 88 (1.0e-05)
1944.334 .... 2993 packets received, 3155 bps, 39.43%, Err 88 (1.0e-05)
1948.460 .... 2994 packets received, 3149 bps, 39.36%, Err 88 (1.0e-05)
1952.480 .... 2995 packets received, 3143 bps, 39.29%, Err 88 (1.0e-05)
1956.610 .... 2996 packets received, 3138 bps, 39.22%, Err 88 (1.0e-05)
1960.720 .... 2997 packets received, 3132 bps, 39.15%, Err 88 (1.0e-05)
1964.849 .... 2998 packets received, 3127 bps, 39.09%, Err 88 (1.0e-05)
1968.835 .... 2999 packets received, 3122 bps, 39.02%, Err 88 (1.0e-05)
1972.940 .... 3000 packets received, 3116 bps, 38.95%, Err 88 (1.0e-05)
1976.987 .... 3001 packets received, 3111 bps, 38.88%, Err 88 (1.0e-05)
1981.043 .... 3002 packets received, 3105 bps, 38.82%, Err 88 (1.0e-05)
1985.098 .... 3003 packets received, 3100 bps, 38.75%, Err 88 (1.0e-05)
1989.161 .... 3004 packets received, 3095 bps, 38.68%, Err 88 (1.0e-05)
1993.243 .... 3005 packets received, 3089 bps, 38.62%, Err 88 (1.0e-05)
1997.439 .... 3006 packets received, 3084 bps, 38.55%, Err 88 (1.0e-05)
2000.531 .... 3007 packets received, 3080 bps, 38.50%, Err 88 (1.0e-05)
2002.703 .... 3015 packets received, 3085 bps, 38.56%, Err 88 (1.0e-05)
2006.777 .... 3020 packets received, 3084 bps, 38.55%, Err 91 (1.0e-05)
2010.521 .... 3022 packets received, 3080 bps, 38.50%, Err 92 (1.0e-05)
2012.630 .... 3030 packets received, 3085 bps, 38.56%, Err 92 (1.0e-05)
2014.828 .... 3038 packets received, 3090 bps, 38.62%, Err 92 (1.0e-05)
2016.954 .... 3046 packets received, 3095 bps, 38.68%, Err 92 (1.0e-05)
2019.079 .... 3054 packets received, 3100 bps, 38.75%, Err 92 (1.0e-05)
2022.068 .... 3055 packets received, 3096 bps, 38.70%, Err 92 (1.0e-05)
2024.253 .... 3063 packets received, 3101 bps, 38.76%, Err 92 (1.0e-05)
2026.396 .... 3071 packets received, 3106 bps, 38.82%, Err 92 (1.0e-05)
2028.569 .... 3079 packets received, 3110 bps, 38.88%, Err 92 (1.0e-05)
2030.741 .... 3087 packets received, 3115 bps, 38.94%, Err 92 (1.0e-05)
2032.910 .... 3095 packets received, 3120 bps, 39.00%, Err 92 (1.0e-05)
2035.065 .... 3103 packets received, 3125 bps, 39.06%, Err 92 (1.0e-05)
2037.238 .... 3111 packets received, 3129 bps, 39.12%, Err 92 (1.0e-05)
2039.417 .... 3119 packets received, 3134 bps, 39.17%, Err 92 (1.0e-05)
2041.583 .... 3127 packets received, 3139 bps, 39.23%, Err 92 (1.0e-05)
2043.741 .... 3135 packets received, 3143 bps, 39.29%, Err 92 (1.0e-05)
2045.866 .... 3143 packets received, 3148 bps, 39.35%, Err 92 (1.0e-05)
2048.009 .... 3151 packets received, 3153 bps, 39.41%, Err 92 (1.0e-05)
2051.013 .... 3152 packets received, 3149 bps, 39.37%, Err 92 (1.0e-05)
2053.159 .... 3160 packets received, 3154 bps, 39.42%, Err 92 (1.0e-05)
2055.331 .... 3168 packets received, 3159 bps, 39.48%, Err 92 (1.0e-05)
2057.461 .... 3176 packets received, 3163 bps, 39.54%, Err 92 (1.0e-05)
2062.000 .... 3183 packets received, 3163 bps, 39.54%, Err 93 (1.0e-05)
2064.216 .... 3191 packets received, 3168 bps, 39.60%, Err 93 (1.0e-05)
2066.388 .... 3199 packets received, 3172 bps, 39.66%, Err 93 (1.0e-05)
2068.531 .... 3207 packets received, 3177 bps, 39.71%, Err 94 (1.0e-05)
2070.645 .... 3215 packets received, 3182 bps, 39.77%, Err 94 (1.0e-05)
2075.531 .... 3223 packets received, 3182 bps, 39.78%, Err 95 (1.0e-05)
2077.642 .... 3231 packets received, 3187 bps, 39.83%, Err 95 (1.0e-05)
2082.464 .... 3239 packets received, 3187 bps, 39.84%, Err 96 (1.0e-05)
2084.669 .... 3247 packets received, 3192 bps, 39.90%, Err 96 (1.0e-05)
2086.848 .... 3255 packets received, 3196 bps, 39.95%, Err 96 (1.0e-05)
2089.009 .... 3263 packets received, 3201 bps, 40.01%, Err 96 (1.0e-05)
2091.175 .... 3271 packets received, 3205 bps, 40.07%, Err 96 (1.0e-05)
2093.330 .... 3279 packets received, 3210 bps, 40.12%, Err 97 (1.0e-05)
2096.318 .... 3280 packets received, 3206 bps, 40.08%, Err 99 (1.0e-05)
2098.440 .... 3288 packets received, 3211 bps, 40.14%, Err 99 (1.0e-05)
2104.373 .... 3296 packets received, 3210 bps, 40.12%, Err 99 (1.0e-05)
2108.387 .... 3297 packets received, 3204 bps, 40.06%, Err 99 (1.0e-05)
2112.414 .... 3298 packets received, 3199 bps, 39.99%, Err 99 (1.0e-05)
2116.468 .... 3299 packets received, 3194 bps, 39.93%, Err 99 (1.0e-05)
2120.544 .... 3300 packets received, 3189 bps, 39.86%, Err 99 (1.0e-05)
2124.693 .... 3301 packets received, 3184 bps, 39.80%, Err 99 (1.0e-05)
2128.709 .... 3302 packets received, 3179 bps, 39.73%, Err 99 (1.0e-05)
2132.817 .... 3303 packets received, 3173 bps, 39.67%, Err 99 (1.0e-05)
2136.895 .... 3304 packets received, 3168 bps, 39.60%, Err 99 (1.0e-05)
2140.907 .... 3305 packets received, 3163 bps, 39.54%, Err 99 (1.0e-05)
2144.987 .... 3306 packets received, 3158 bps, 39.48%, Err 99 (1.0e-05)
2149.048 .... 3307 packets received, 3153 bps, 39.42%, Err 99 (1.0e-05)
2153.117 .... 3308 packets received, 3148 bps, 39.35%, Err 99 (1.0e-05)
2157.267 .... 3309 packets received, 3143 bps, 39.29%, Err 99 (1.0e-05)
2161.392 .... 3310 packets received, 3138 bps, 39.23%, Err 99 (1.0e-05)
2165.588 .... 3311 packets received, 3133 bps, 39.16%, Err 99 (1.0e-05)
2169.643 .... 3312 packets received, 3128 bps, 39.10%, Err 99 (1.0e-05)
2173.676 .... 3313 packets received, 3123 bps, 39.04%, Err 99 (1.0e-05)
2177.800 .... 3314 packets received, 3118 bps, 38.98%, Err 99 (1.0e-05)
2181.897 .... 3315 packets received, 3113 bps, 38.92%, Err 99 (1.0e-05)
2185.962 .... 3316 packets received, 3108 bps, 38.86%, Err 99 (1.0e-05)
2189.987 .... 3317 packets received, 3104 bps, 38.80%, Err 99 (1.0e-05)
2194.044 .... 3318 packets received, 3099 bps, 38.74%, Err 99 (1.0e-05)
2198.178 .... 3319 packets received, 3094 bps, 38.67%, Err 99 (1.0e-05)
2200.551 .... 3320 packets received, 3092 bps, 38.64%, Err 99 (1.0e-05)
2202.639 .... 3328 packets received, 3096 bps, 38.70%, Err 99 (1.0e-05)
2206.992 .... 3334 packets received, 3096 bps, 38.69%, Err 99 (1.0e-05)
2209.131 .... 3342 packets received, 3100 bps, 38.75%, Err 99 (1.0e-05)
2211.323 .... 3350 packets received, 3104 bps, 38.80%, Err 99 (1.0e-05)
2213.490 .... 3358 packets received, 3109 bps, 38.86%, Err 99 (1.0e-05)
2215.675 .... 3366 packets received, 3113 bps, 38.91%, Err 99 (1.0e-05)
2217.821 .... 3374 packets received, 3117 bps, 38.97%, Err 99 (1.0e-05)
2219.962 .... 3382 packets received, 3122 bps, 39.02%, Err 99 (1.0e-05)
2222.151 .... 3390 packets received, 3126 bps, 39.08%, Err 99 (1.0e-05)
2224.315 .... 3398 packets received, 3130 bps, 39.13%, Err 99 (1.0e-05)
2226.478 .... 3406 packets received, 3135 bps, 39.18%, Err 99 (1.0e-05)
2228.647 .... 3414 packets received, 3139 bps, 39.24%, Err 99 (1.0e-05)
2230.805 .... 3422 packets received, 3143 bps, 39.29%, Err 99 (1.0e-05)
2232.912 .... 3430 packets received, 3148 bps, 39.35%, Err 99 (1.0e-05)
2235.058 .... 3438 packets received, 3152 bps, 39.40%, Err 99 (1.0e-05)
2238.589 .... 3441 packets received, 3150 bps, 39.37%, Err 100 (1.0e-05)
2240.676 .... 3449 packets received, 3154 bps, 39.43%, Err 100 (1.0e-05)
2245.289 .... 3456 packets received, 3154 bps, 39.43%, Err 100 (1.0e-05)
2247.440 .... 3464 packets received, 3158 bps, 39.48%, Err 100 (1.0e-05)
2251.725 .... 3470 packets received, 3158 bps, 39.47%, Err 101 (1.0e-05)
2253.897 .... 3478 packets received, 3162 bps, 39.52%, Err 101 (1.0e-05)
2256.070 .... 3486 packets received, 3166 bps, 39.58%, Err 101 (1.0e-05)
2258.227 .... 3494 packets received, 3170 bps, 39.63%, Err 101 (1.0e-05)
2261.444 .... 3496 packets received, 3168 bps, 39.60%, Err 102 (1.0e-05)
2263.554 .... 3504 packets received, 3172 bps, 39.65%, Err 102 (1.0e-05)
2267.361 .... 3508 packets received, 3170 bps, 39.63%, Err 103 (1.0e-05)
2271.658 .... 3511 packets received, 3167 bps, 39.59%, Err 104 (1.0e-05)
2273.768 .... 3519 packets received, 3171 bps, 39.64%, Err 105 (1.0e-05)
2277.793 .... 3520 packets received, 3167 bps, 39.58%, Err 105 (1.0e-05)
2279.901 .... 3528 packets received, 3171 bps, 39.64%, Err 105 (1.0e-05)
2282.064 .... 3536 packets received, 3175 bps, 39.69%, Err 105 (1.0e-05)
2284.223 .... 3544 packets received, 3179 bps, 39.74%, Err 105 (1.0e-05)
2286.361 .... 3552 packets received, 3183 bps, 39.79%, Err 105 (1.0e-05)
2288.475 .... 3560 packets received, 3188 bps, 39.85%, Err 105 (1.0e-05)
2293.078 .... 3567 packets received, 3187 bps, 39.84%, Err 105 (1.0e-05)
2295.260 .... 3575 packets received, 3192 bps, 39.89%, Err 105 (1.0e-05)
2297.436 .... 3583 packets received, 3196 bps, 39.95%, Err 105 (1.0e-05)
2299.584 .... 3591 packets received, 3200 bps, 40.00%, Err 105 (1.0e-05)
2304.515 .... 3595 packets received, 3197 bps, 39.96%, Err 105 (1.0e-05)
2308.648 .... 3596 packets received, 3192 bps, 39.90%, Err 105 (1.0e-05)
2312.718 .... 3597 packets received, 3187 bps, 39.84%, Err 105 (1.0e-05)
2316.834 .... 3598 packets received, 3182 bps, 39.78%, Err 105 (1.0e-05)
2320.874 .... 3599 packets received, 3178 bps, 39.72%, Err 105 (1.0e-05)
2324.960 .... 3600 packets received, 3173 bps, 39.66%, Err 105 (1.0e-05)
2329.108 .... 3601 packets received, 3168 bps, 39.60%, Err 105 (1.0e-05)
2333.210 .... 3602 packets received, 3163 bps, 39.54%, Err 105 (1.0e-05)
2337.372 .... 3603 packets received, 3159 bps, 39.48%, Err 105 (1.0e-05)
2341.440 .... 3604 packets received, 3154 bps, 39.42%, Err 105 (1.0e-05)
2345.525 .... 3605 packets received, 3149 bps, 39.37%, Err 105 (1.0e-05)
2349.582 .... 3606 packets received, 3145 bps, 39.31%, Err 105 (1.0e-05)
2353.637 .... 3607 packets received, 3140 bps, 39.25%, Err 105 (1.0e-05)
2357.769 .... 3608 packets received, 3136 bps, 39.19%, Err 105 (1.0e-05)
2361.902 .... 3609 packets received, 3131 bps, 39.14%, Err 105 (1.0e-05)
2365.987 .... 3610 packets received, 3126 bps, 39.08%, Err 105 (1.0e-05)
2370.039 .... 3611 packets received, 3122 bps, 39.02%, Err 105 (1.0e-05)
2374.137 .... 3612 packets received, 3117 bps, 38.97%, Err 105 (1.0e-05)
2378.251 .... 3613 packets received, 3113 bps, 38.91%, Err 105 (1.0e-05)
2384.737 .... 3614 packets received, 3105 bps, 38.82%, Err 106 (1.0e-05)
2385.660 TCP disconnected.
