000.000 =============================================================
000.000                     Station A                               
000.000 -------------------------------------------------------------
000.000 Protocol.lib, version 4.0, jiangyanjun0718@bupt.edu.cn
000.000 Channel: 8000 bps, 270 ms propagation delay, bit error rate 1.0E-05
000.000 Log file "a1000.log", TCP port 59144, debug mask 0x00
000.000 Station A is waiting for station B on TCP port 59144 ... Done.
000.890 New epoch: Sun Apr  9 14:33:17 2023
000.890 =================================================================
000.890 
000.890 Designed by Li Ruobin, build: Apr  9 2023  14:33:03
004.222 .... 1 packets received, 699 bps, 8.73%, Err 1 (4.0e-05)
006.321 .... 9 packets received, 3664 bps, 45.81%, Err 1 (2.4e-05)
008.457 .... 17 packets received, 4858 bps, 60.73%, Err 1 (1.7e-05)
010.583 .... 25 packets received, 5510 bps, 68.88%, Err 1 (1.3e-05)
012.678 .... 33 packets received, 5935 bps, 74.19%, Err 1 (1.1e-05)
014.802 .... 41 packets received, 6215 bps, 77.68%, Err 1 (9.1e-06)
016.901 .... 49 packets received, 6429 bps, 80.36%, Err 1 (7.9e-06)
018.999 .... 57 packets received, 6592 bps, 82.40%, Err 1 (7.0e-06)
021.121 .... 65 packets received, 6713 bps, 83.91%, Err 1 (6.2e-06)
023.255 .... 73 packets received, 6807 bps, 85.08%, Err 1 (5.6e-06)
025.333 .... 81 packets received, 6900 bps, 86.25%, Err 1 (5.1e-06)
027.446 .... 89 packets received, 6969 bps, 87.11%, Err 1 (4.7e-06)
029.573 .... 97 packets received, 7024 bps, 87.80%, Err 1 (4.4e-06)
034.062 .... 104 packets received, 6499 bps, 81.24%, Err 1 (3.8e-06)
036.190 .... 112 packets received, 6573 bps, 82.16%, Err 1 (3.6e-06)
039.366 .... 114 packets received, 6132 bps, 76.65%, Err 2 (6.5e-06)
043.591 .... 120 packets received, 5810 bps, 72.62%, Err 3 (8.8e-06)
045.691 .... 128 packets received, 5904 bps, 73.80%, Err 3 (8.4e-06)
049.674 .... 133 packets received, 5630 bps, 70.37%, Err 4 (1.0e-05)
051.772 .... 141 packets received, 5720 bps, 71.50%, Err 4 (9.9e-06)
053.919 .... 149 packets received, 5798 bps, 72.48%, Err 4 (9.5e-06)
056.021 .... 157 packets received, 5875 bps, 73.44%, Err 4 (9.1e-06)
058.134 .... 165 packets received, 5945 bps, 74.31%, Err 4 (8.8e-06)
060.240 .... 173 packets received, 6010 bps, 75.13%, Err 4 (8.4e-06)
062.355 .... 181 packets received, 6070 bps, 75.88%, Err 4 (8.2e-06)
064.455 .... 189 packets received, 6128 bps, 76.60%, Err 4 (7.9e-06)
066.570 .... 197 packets received, 6180 bps, 77.26%, Err 4 (7.6e-06)
068.684 .... 205 packets received, 6230 bps, 77.87%, Err 4 (7.4e-06)
070.804 .... 213 packets received, 6275 bps, 78.44%, Err 4 (7.2e-06)
072.923 .... 221 packets received, 6319 bps, 78.98%, Err 4 (7.0e-06)
075.011 .... 229 packets received, 6362 bps, 79.52%, Err 4 (6.8e-06)
077.143 .... 237 packets received, 6399 bps, 79.99%, Err 4 (6.6e-06)
079.264 .... 245 packets received, 6435 bps, 80.44%, Err 4 (6.4e-06)
081.373 .... 253 packets received, 6470 bps, 80.88%, Err 4 (6.2e-06)
083.459 .... 261 packets received, 6505 bps, 81.32%, Err 4 (6.1e-06)
086.928 .... 264 packets received, 6314 bps, 78.92%, Err 5 (7.3e-06)
089.032 .... 272 packets received, 6349 bps, 79.36%, Err 5 (7.1e-06)
092.204 .... 274 packets received, 6172 bps, 77.16%, Err 5 (6.9e-06)
095.371 .... 276 packets received, 6008 bps, 75.10%, Err 7 (9.3e-06)
097.487 .... 284 packets received, 6046 bps, 75.58%, Err 7 (9.1e-06)
101.440 .... 287 packets received, 5869 bps, 73.36%, Err 8 (1.0e-05)
105.914 .... 289 packets received, 5657 bps, 70.71%, Err 9 (1.1e-05)
108.538 .... 297 packets received, 5672 bps, 70.89%, Err 9 (1.1e-05)
112.705 .... 298 packets received, 5478 bps, 68.47%, Err 9 (1.1e-05)
116.858 .... 299 packets received, 5299 bps, 66.23%, Err 9 (1.1e-05)
120.888 .... 300 packets received, 5137 bps, 64.22%, Err 9 (1.1e-05)
125.007 .... 301 packets received, 4983 bps, 62.28%, Err 9 (1.1e-05)
129.093 .... 302 packets received, 4839 bps, 60.49%, Err 9 (1.1e-05)
133.169 .... 303 packets received, 4705 bps, 58.82%, Err 9 (1.1e-05)
137.333 .... 304 packets received, 4576 bps, 57.21%, Err 9 (1.0e-05)
141.410 .... 305 packets received, 4458 bps, 55.72%, Err 9 (1.0e-05)
145.544 .... 306 packets received, 4344 bps, 54.30%, Err 9 (1.0e-05)
149.646 .... 307 packets received, 4238 bps, 52.98%, Err 9 (1.0e-05)
153.847 .... 308 packets received, 4135 bps, 51.68%, Err 9 (1.0e-05)
158.042 .... 309 packets received, 4037 bps, 50.46%, Err 9 (1.0e-05)
162.183 .... 310 packets received, 3946 bps, 49.33%, Err 9 (1.0e-05)
166.300 .... 311 packets received, 3860 bps, 48.25%, Err 9 (1.0e-05)
170.358 .... 312 packets received, 3779 bps, 47.24%, Err 9 (1.0e-05)
174.374 .... 313 packets received, 3704 bps, 46.29%, Err 9 (1.0e-05)
178.576 .... 314 packets received, 3627 bps, 45.34%, Err 9 (1.0e-05)
182.685 .... 315 packets received, 3556 bps, 44.46%, Err 9 (1.0e-05)
186.799 .... 316 packets received, 3489 bps, 43.61%, Err 9 (1.0e-05)
190.846 .... 317 packets received, 3425 bps, 42.81%, Err 9 (1.0e-05)
194.907 .... 318 packets received, 3364 bps, 42.05%, Err 9 (1.0e-05)
199.084 .... 319 packets received, 3303 bps, 41.29%, Err 9 (1.0e-05)
201.326 .... 323 packets received, 3307 bps, 41.34%, Err 9 (1.0e-05)
203.444 .... 331 packets received, 3353 bps, 41.92%, Err 9 (9.8e-06)
205.545 .... 339 packets received, 3399 bps, 42.49%, Err 9 (9.6e-06)
207.660 .... 347 packets received, 3444 bps, 43.05%, Err 9 (9.4e-06)
209.789 .... 355 packets received, 3487 bps, 43.59%, Err 9 (9.3e-06)
211.890 .... 363 packets received, 3530 bps, 44.13%, Err 10 (1.0e-05)
214.779 .... 364 packets received, 3492 bps, 43.65%, Err 11 (1.1e-05)
216.914 .... 372 packets received, 3533 bps, 44.17%, Err 11 (1.1e-05)
219.032 .... 380 packets received, 3574 bps, 44.68%, Err 11 (1.1e-05)
221.136 .... 388 packets received, 3614 bps, 45.18%, Err 11 (1.0e-05)
223.252 .... 396 packets received, 3654 bps, 45.67%, Err 11 (1.0e-05)
226.961 .... 400 packets received, 3630 bps, 45.38%, Err 11 (9.9e-06)
229.077 .... 408 packets received, 3668 bps, 45.85%, Err 11 (9.8e-06)
233.062 .... 413 packets received, 3649 bps, 45.62%, Err 12 (1.0e-05)
235.166 .... 421 packets received, 3687 bps, 46.08%, Err 12 (1.0e-05)
237.270 .... 429 packets received, 3723 bps, 46.54%, Err 12 (1.0e-05)
239.389 .... 437 packets received, 3759 bps, 46.99%, Err 12 (9.9e-06)
243.625 .... 443 packets received, 3744 bps, 46.80%, Err 13 (1.0e-05)
245.714 .... 451 packets received, 3779 bps, 47.24%, Err 13 (1.0e-05)
247.863 .... 459 packets received, 3812 bps, 47.66%, Err 13 (1.0e-05)
249.945 .... 467 packets received, 3846 bps, 48.08%, Err 13 (1.0e-05)
252.080 .... 475 packets received, 3879 bps, 48.49%, Err 13 (9.9e-06)
254.180 .... 483 packets received, 3912 bps, 48.89%, Err 13 (9.8e-06)
257.106 .... 484 packets received, 3875 bps, 48.44%, Err 13 (9.6e-06)
259.210 .... 492 packets received, 3907 bps, 48.83%, Err 13 (9.5e-06)
261.329 .... 500 packets received, 3938 bps, 49.22%, Err 13 (9.4e-06)
263.430 .... 508 packets received, 3969 bps, 49.61%, Err 13 (9.3e-06)
265.553 .... 516 packets received, 3999 bps, 49.99%, Err 13 (9.2e-06)
267.658 .... 524 packets received, 4029 bps, 50.36%, Err 13 (9.1e-06)
269.764 .... 532 packets received, 4058 bps, 50.73%, Err 14 (9.7e-06)
271.877 .... 540 packets received, 4087 bps, 51.09%, Err 14 (9.5e-06)
275.321 .... 543 packets received, 4058 bps, 50.73%, Err 15 (1.0e-05)
277.412 .... 551 packets received, 4087 bps, 51.08%, Err 15 (9.9e-06)
280.620 .... 553 packets received, 4055 bps, 50.68%, Err 16 (1.0e-05)
282.706 .... 561 packets received, 4083 bps, 51.03%, Err 16 (1.0e-05)
284.830 .... 569 packets received, 4110 bps, 51.37%, Err 16 (1.0e-05)
286.964 .... 577 packets received, 4137 bps, 51.71%, Err 17 (1.1e-05)
289.872 .... 578 packets received, 4102 bps, 51.27%, Err 17 (1.1e-05)
291.978 .... 586 packets received, 4129 bps, 51.61%, Err 17 (1.0e-05)
294.095 .... 594 packets received, 4155 bps, 51.93%, Err 17 (1.0e-05)
296.217 .... 602 packets received, 4180 bps, 52.25%, Err 17 (1.0e-05)
300.859 .... 610 packets received, 4170 bps, 52.13%, Err 18 (1.1e-05)
302.967 .... 618 packets received, 4195 bps, 52.44%, Err 18 (1.1e-05)
308.591 .... 620 packets received, 4132 bps, 51.65%, Err 18 (1.0e-05)
312.760 .... 621 packets received, 4083 bps, 51.04%, Err 18 (1.0e-05)
316.840 .... 622 packets received, 4037 bps, 50.46%, Err 18 (1.0e-05)
320.906 .... 623 packets received, 3992 bps, 49.90%, Err 18 (1.0e-05)
324.994 .... 624 packets received, 3948 bps, 49.35%, Err 18 (1.0e-05)
329.047 .... 625 packets received, 3905 bps, 48.82%, Err 18 (1.0e-05)
333.223 .... 626 packets received, 3862 bps, 48.28%, Err 18 (1.0e-05)
337.240 .... 627 packets received, 3822 bps, 47.78%, Err 18 (1.0e-05)
341.267 .... 628 packets received, 3783 bps, 47.29%, Err 18 (1.0e-05)
345.282 .... 629 packets received, 3745 bps, 46.81%, Err 18 (1.0e-05)
349.330 .... 630 packets received, 3707 bps, 46.34%, Err 18 (1.0e-05)
353.442 .... 631 packets received, 3670 bps, 45.87%, Err 18 (1.0e-05)
357.613 .... 632 packets received, 3632 bps, 45.41%, Err 18 (1.0e-05)
361.680 .... 633 packets received, 3597 bps, 44.96%, Err 18 (1.0e-05)
365.715 .... 634 packets received, 3563 bps, 44.54%, Err 18 (1.0e-05)
369.868 .... 635 packets received, 3528 bps, 44.10%, Err 18 (1.0e-05)
373.947 .... 636 packets received, 3495 bps, 43.69%, Err 18 (1.0e-05)
378.057 .... 637 packets received, 3463 bps, 43.28%, Err 18 (1.0e-05)
382.215 .... 638 packets received, 3430 bps, 42.88%, Err 18 (1.0e-05)
386.404 .... 639 packets received, 3398 bps, 42.48%, Err 18 (1.0e-05)
390.459 .... 640 packets received, 3368 bps, 42.10%, Err 18 (1.0e-05)
394.560 .... 641 packets received, 3338 bps, 41.73%, Err 18 (1.0e-05)
398.568 .... 642 packets received, 3310 bps, 41.37%, Err 18 (1.0e-05)
400.811 .... 644 packets received, 3301 bps, 41.27%, Err 18 (1.0e-05)
403.951 .... 646 packets received, 3286 bps, 41.07%, Err 19 (1.1e-05)
406.084 .... 654 packets received, 3309 bps, 41.36%, Err 19 (1.0e-05)
408.206 .... 662 packets received, 3332 bps, 41.65%, Err 19 (1.0e-05)
410.309 .... 670 packets received, 3355 bps, 41.93%, Err 19 (1.0e-05)
412.426 .... 678 packets received, 3377 bps, 42.22%, Err 19 (1.0e-05)
414.549 .... 686 packets received, 3400 bps, 42.50%, Err 19 (1.0e-05)
416.637 .... 694 packets received, 3422 bps, 42.77%, Err 19 (1.0e-05)
418.758 .... 702 packets received, 3444 bps, 43.05%, Err 20 (1.0e-05)
421.656 .... 703 packets received, 3425 bps, 42.81%, Err 20 (1.0e-05)
423.791 .... 711 packets received, 3446 bps, 43.08%, Err 20 (1.0e-05)
425.892 .... 719 packets received, 3468 bps, 43.35%, Err 20 (1.0e-05)
428.025 .... 727 packets received, 3489 bps, 43.61%, Err 20 (1.0e-05)
430.130 .... 735 packets received, 3510 bps, 43.88%, Err 20 (9.9e-06)
432.252 .... 743 packets received, 3531 bps, 44.14%, Err 20 (9.9e-06)
434.357 .... 751 packets received, 3552 bps, 44.39%, Err 21 (1.0e-05)
437.252 .... 752 packets received, 3533 bps, 44.16%, Err 21 (1.0e-05)
439.358 .... 760 packets received, 3553 bps, 44.41%, Err 21 (1.0e-05)
441.495 .... 768 packets received, 3573 bps, 44.66%, Err 21 (1.0e-05)
445.990 .... 775 packets received, 3569 bps, 44.61%, Err 23 (1.1e-05)
448.100 .... 783 packets received, 3589 bps, 44.86%, Err 23 (1.1e-05)
450.222 .... 791 packets received, 3609 bps, 45.11%, Err 23 (1.1e-05)
452.343 .... 799 packets received, 3628 bps, 45.35%, Err 23 (1.0e-05)
454.443 .... 807 packets received, 3647 bps, 45.59%, Err 23 (1.0e-05)
456.554 .... 815 packets received, 3666 bps, 45.83%, Err 23 (1.0e-05)
458.676 .... 823 packets received, 3685 bps, 46.06%, Err 23 (1.0e-05)
460.786 .... 831 packets received, 3704 bps, 46.30%, Err 23 (1.0e-05)
463.684 .... 832 packets received, 3685 bps, 46.06%, Err 23 (1.0e-05)
465.808 .... 840 packets received, 3703 bps, 46.29%, Err 23 (1.0e-05)
467.920 .... 848 packets received, 3722 bps, 46.52%, Err 23 (9.9e-06)
471.866 .... 853 packets received, 3712 bps, 46.40%, Err 24 (1.0e-05)
473.992 .... 861 packets received, 3730 bps, 46.63%, Err 24 (1.0e-05)
478.229 .... 865 packets received, 3714 bps, 46.43%, Err 25 (1.0e-05)
480.365 .... 873 packets received, 3732 bps, 46.65%, Err 25 (1.0e-05)
482.462 .... 881 packets received, 3750 bps, 46.87%, Err 25 (1.0e-05)
484.571 .... 889 packets received, 3767 bps, 47.09%, Err 25 (1.0e-05)
486.710 .... 897 packets received, 3784 bps, 47.31%, Err 25 (1.0e-05)
490.135 .... 900 packets received, 3771 bps, 47.13%, Err 25 (1.0e-05)
492.248 .... 908 packets received, 3788 bps, 47.35%, Err 25 (1.0e-05)
494.360 .... 916 packets received, 3805 bps, 47.56%, Err 25 (9.9e-06)
498.591 .... 922 packets received, 3797 bps, 47.46%, Err 26 (1.0e-05)
500.711 .... 930 packets received, 3814 bps, 47.67%, Err 26 (1.0e-05)
503.894 .... 932 packets received, 3798 bps, 47.47%, Err 26 (1.0e-05)
507.987 .... 933 packets received, 3771 bps, 47.14%, Err 26 (1.0e-05)
512.153 .... 934 packets received, 3744 bps, 46.80%, Err 26 (1.0e-05)
516.280 .... 935 packets received, 3718 bps, 46.48%, Err 26 (1.0e-05)
520.469 .... 936 packets received, 3692 bps, 46.15%, Err 26 (1.0e-05)
524.597 .... 937 packets received, 3667 bps, 45.84%, Err 26 (9.9e-06)
528.631 .... 938 packets received, 3643 bps, 45.54%, Err 26 (9.9e-06)
532.727 .... 939 packets received, 3619 bps, 45.23%, Err 26 (9.9e-06)
539.277 .... 940 packets received, 3578 bps, 44.73%, Err 27 (1.0e-05)
544.859 .... 942 packets received, 3549 bps, 44.36%, Err 27 (1.0e-05)
548.897 .... 943 packets received, 3527 bps, 44.08%, Err 27 (1.0e-05)
553.010 .... 944 packets received, 3504 bps, 43.80%, Err 27 (1.0e-05)
557.140 .... 945 packets received, 3482 bps, 43.52%, Err 27 (1.0e-05)
561.270 .... 946 packets received, 3460 bps, 43.25%, Err 27 (1.0e-05)
565.277 .... 947 packets received, 3439 bps, 42.99%, Err 27 (1.0e-05)
569.315 .... 948 packets received, 3418 bps, 42.72%, Err 27 (1.0e-05)
573.428 .... 949 packets received, 3397 bps, 42.46%, Err 27 (1.0e-05)
577.584 .... 950 packets received, 3376 bps, 42.20%, Err 27 (1.0e-05)
581.683 .... 951 packets received, 3356 bps, 41.95%, Err 27 (1.0e-05)
585.783 .... 952 packets received, 3336 bps, 41.70%, Err 27 (1.0e-05)
589.836 .... 953 packets received, 3316 bps, 41.45%, Err 27 (1.0e-05)
593.982 .... 954 packets received, 3296 bps, 41.21%, Err 27 (1.0e-05)
598.157 .... 955 packets received, 3277 bps, 40.96%, Err 27 (1.0e-05)
600.532 .... 956 packets received, 3267 bps, 40.84%, Err 27 (1.0e-05)
604.756 .... 962 packets received, 3265 bps, 40.81%, Err 28 (1.0e-05)
606.888 .... 970 packets received, 3280 bps, 41.00%, Err 28 (1.0e-05)
610.064 .... 972 packets received, 3270 bps, 40.87%, Err 28 (1.0e-05)
612.196 .... 980 packets received, 3285 bps, 41.07%, Err 28 (1.0e-05)
615.358 .... 982 packets received, 3275 bps, 40.94%, Err 28 (1.0e-05)
617.460 .... 990 packets received, 3291 bps, 41.13%, Err 28 (1.0e-05)
621.183 .... 994 packets received, 3284 bps, 41.05%, Err 28 (9.9e-06)
623.287 .... 1002 packets received, 3299 bps, 41.24%, Err 28 (9.8e-06)
625.393 .... 1010 packets received, 3314 bps, 41.43%, Err 28 (9.8e-06)
627.511 .... 1018 packets received, 3329 bps, 41.62%, Err 28 (9.7e-06)
629.613 .... 1026 packets received, 3344 bps, 41.80%, Err 28 (9.7e-06)
631.745 .... 1034 packets received, 3359 bps, 41.99%, Err 28 (9.6e-06)
633.847 .... 1042 packets received, 3374 bps, 42.17%, Err 28 (9.6e-06)
635.949 .... 1050 packets received, 3388 bps, 42.35%, Err 28 (9.5e-06)
638.054 .... 1058 packets received, 3403 bps, 42.54%, Err 28 (9.5e-06)
642.308 .... 1064 packets received, 3399 bps, 42.49%, Err 28 (9.3e-06)
644.427 .... 1072 packets received, 3414 bps, 42.67%, Err 28 (9.3e-06)
647.591 .... 1074 packets received, 3403 bps, 42.54%, Err 28 (9.2e-06)
649.708 .... 1082 packets received, 3417 bps, 42.72%, Err 28 (9.2e-06)
651.824 .... 1090 packets received, 3432 bps, 42.89%, Err 28 (9.1e-06)
653.925 .... 1098 packets received, 3446 bps, 43.07%, Err 28 (9.1e-06)
656.041 .... 1106 packets received, 3459 bps, 43.24%, Err 28 (9.0e-06)
658.145 .... 1114 packets received, 3473 bps, 43.42%, Err 28 (9.0e-06)
660.247 .... 1122 packets received, 3487 bps, 43.59%, Err 28 (8.9e-06)
662.380 .... 1130 packets received, 3501 bps, 43.76%, Err 28 (8.9e-06)
664.485 .... 1138 packets received, 3514 bps, 43.93%, Err 28 (8.8e-06)
666.590 .... 1146 packets received, 3528 bps, 44.10%, Err 28 (8.8e-06)
670.558 .... 1151 packets received, 3522 bps, 44.03%, Err 28 (8.7e-06)
674.525 .... 1156 packets received, 3517 bps, 43.96%, Err 29 (8.9e-06)
676.629 .... 1164 packets received, 3530 bps, 44.12%, Err 29 (8.9e-06)
678.747 .... 1172 packets received, 3543 bps, 44.29%, Err 29 (8.8e-06)
680.863 .... 1180 packets received, 3556 bps, 44.45%, Err 29 (8.8e-06)
682.990 .... 1188 packets received, 3569 bps, 44.61%, Err 29 (8.7e-06)
686.165 .... 1190 packets received, 3558 bps, 44.48%, Err 29 (8.7e-06)
688.266 .... 1198 packets received, 3571 bps, 44.64%, Err 29 (8.6e-06)
690.381 .... 1206 packets received, 3584 bps, 44.80%, Err 29 (8.6e-06)
692.498 .... 1214 packets received, 3597 bps, 44.96%, Err 29 (8.5e-06)
694.614 .... 1222 packets received, 3610 bps, 45.12%, Err 29 (8.5e-06)
696.716 .... 1230 packets received, 3622 bps, 45.28%, Err 29 (8.5e-06)
698.818 .... 1238 packets received, 3635 bps, 45.44%, Err 29 (8.4e-06)
703.694 .... 1242 packets received, 3621 bps, 45.27%, Err 29 (8.3e-06)
707.754 .... 1243 packets received, 3603 bps, 45.04%, Err 29 (8.3e-06)
711.827 .... 1244 packets received, 3586 bps, 44.82%, Err 29 (8.3e-06)
715.989 .... 1245 packets received, 3568 bps, 44.60%, Err 29 (8.3e-06)
720.097 .... 1246 packets received, 3550 bps, 44.38%, Err 29 (8.3e-06)
724.128 .... 1247 packets received, 3533 bps, 44.16%, Err 29 (8.3e-06)
728.245 .... 1248 packets received, 3516 bps, 43.95%, Err 29 (8.3e-06)
732.317 .... 1249 packets received, 3499 bps, 43.74%, Err 29 (8.3e-06)
736.450 .... 1250 packets received, 3482 bps, 43.53%, Err 29 (8.3e-06)
740.583 .... 1251 packets received, 3466 bps, 43.32%, Err 29 (8.3e-06)
744.653 .... 1252 packets received, 3449 bps, 43.12%, Err 29 (8.3e-06)
748.795 .... 1253 packets received, 3433 bps, 42.91%, Err 29 (8.3e-06)
752.837 .... 1254 packets received, 3417 bps, 42.72%, Err 29 (8.3e-06)
756.893 .... 1255 packets received, 3402 bps, 42.52%, Err 29 (8.3e-06)
760.977 .... 1256 packets received, 3386 bps, 42.32%, Err 29 (8.3e-06)
765.066 .... 1257 packets received, 3371 bps, 42.13%, Err 29 (8.3e-06)
769.079 .... 1258 packets received, 3356 bps, 41.94%, Err 29 (8.3e-06)
773.168 .... 1259 packets received, 3340 bps, 41.76%, Err 29 (8.3e-06)
777.361 .... 1260 packets received, 3325 bps, 41.56%, Err 29 (8.2e-06)
781.388 .... 1261 packets received, 3311 bps, 41.38%, Err 29 (8.2e-06)
785.498 .... 1262 packets received, 3296 bps, 41.20%, Err 29 (8.2e-06)
792.066 .... 1263 packets received, 3271 bps, 40.89%, Err 30 (8.5e-06)
797.749 .... 1265 packets received, 3253 bps, 40.66%, Err 30 (8.5e-06)
800.534 .... 1266 packets received, 3244 bps, 40.55%, Err 30 (8.5e-06)
802.638 .... 1274 packets received, 3256 bps, 40.70%, Err 30 (8.4e-06)
804.756 .... 1282 packets received, 3268 bps, 40.85%, Err 30 (8.4e-06)
808.737 .... 1287 packets received, 3264 bps, 40.80%, Err 31 (8.6e-06)
810.827 .... 1295 packets received, 3276 bps, 40.95%, Err 31 (8.6e-06)
812.960 .... 1303 packets received, 3288 bps, 41.10%, Err 31 (8.5e-06)
815.064 .... 1311 packets received, 3299 bps, 41.24%, Err 31 (8.5e-06)
817.180 .... 1319 packets received, 3311 bps, 41.39%, Err 31 (8.4e-06)
819.278 .... 1327 packets received, 3322 bps, 41.53%, Err 31 (8.4e-06)
821.393 .... 1335 packets received, 3334 bps, 41.67%, Err 31 (8.4e-06)
823.508 .... 1343 packets received, 3345 bps, 41.81%, Err 31 (8.3e-06)
828.270 .... 1351 packets received, 3346 bps, 41.82%, Err 32 (8.5e-06)
830.388 .... 1359 packets received, 3357 bps, 41.96%, Err 32 (8.5e-06)
836.221 .... 1361 packets received, 3338 bps, 41.73%, Err 33 (8.6e-06)
838.325 .... 1369 packets received, 3350 bps, 41.87%, Err 33 (8.6e-06)
841.518 .... 1371 packets received, 3342 bps, 41.77%, Err 33 (8.5e-06)
845.200 .... 1375 packets received, 3337 bps, 41.71%, Err 35 (9.0e-06)
848.364 .... 1376 packets received, 3327 bps, 41.59%, Err 35 (8.9e-06)
850.500 .... 1384 packets received, 3338 bps, 41.72%, Err 35 (8.9e-06)
852.617 .... 1392 packets received, 3349 bps, 41.86%, Err 35 (8.9e-06)
854.738 .... 1400 packets received, 3360 bps, 41.99%, Err 35 (8.8e-06)
856.826 .... 1408 packets received, 3371 bps, 42.13%, Err 35 (8.8e-06)
858.932 .... 1416 packets received, 3381 bps, 42.27%, Err 35 (8.7e-06)
861.055 .... 1424 packets received, 3392 bps, 42.40%, Err 35 (8.7e-06)
863.172 .... 1432 packets received, 3403 bps, 42.53%, Err 35 (8.7e-06)
865.276 .... 1440 packets received, 3413 bps, 42.67%, Err 35 (8.6e-06)
869.515 .... 1446 packets received, 3411 bps, 42.64%, Err 36 (8.8e-06)
871.620 .... 1454 packets received, 3421 bps, 42.77%, Err 36 (8.8e-06)
875.602 .... 1459 packets received, 3418 bps, 42.72%, Err 37 (8.9e-06)
880.901 .... 1465 packets received, 3411 bps, 42.64%, Err 38 (9.1e-06)
883.006 .... 1473 packets received, 3421 bps, 42.77%, Err 38 (9.1e-06)
885.143 .... 1481 packets received, 3432 bps, 42.90%, Err 38 (9.0e-06)
887.246 .... 1489 packets received, 3442 bps, 43.03%, Err 38 (9.0e-06)
889.366 .... 1497 packets received, 3452 bps, 43.15%, Err 38 (8.9e-06)
891.455 .... 1505 packets received, 3463 bps, 43.28%, Err 38 (8.9e-06)
895.180 .... 1509 packets received, 3457 bps, 43.22%, Err 38 (8.9e-06)
899.404 .... 1515 packets received, 3455 bps, 43.18%, Err 40 (9.2e-06)
901.520 .... 1523 packets received, 3465 bps, 43.31%, Err 40 (9.2e-06)
907.287 .... 1526 packets received, 3450 bps, 43.12%, Err 40 (9.2e-06)
911.387 .... 1527 packets received, 3436 bps, 42.95%, Err 40 (9.2e-06)
915.563 .... 1528 packets received, 3423 bps, 42.78%, Err 40 (9.2e-06)
919.612 .... 1529 packets received, 3410 bps, 42.62%, Err 40 (9.2e-06)
923.682 .... 1530 packets received, 3397 bps, 42.46%, Err 40 (9.2e-06)
927.866 .... 1531 packets received, 3384 bps, 42.30%, Err 40 (9.2e-06)
931.988 .... 1532 packets received, 3371 bps, 42.14%, Err 40 (9.2e-06)
938.556 .... 1533 packets received, 3350 bps, 41.87%, Err 41 (9.4e-06)
942.590 .... 1534 packets received, 3338 bps, 41.72%, Err 42 (9.6e-06)
948.259 .... 1536 packets received, 3322 bps, 41.52%, Err 42 (9.6e-06)
952.460 .... 1537 packets received, 3309 bps, 41.37%, Err 42 (9.6e-06)
956.645 .... 1538 packets received, 3297 bps, 41.21%, Err 42 (9.6e-06)
960.755 .... 1539 packets received, 3285 bps, 41.06%, Err 42 (9.6e-06)
964.889 .... 1540 packets received, 3273 bps, 40.91%, Err 42 (9.6e-06)
969.048 .... 1541 packets received, 3261 bps, 40.76%, Err 42 (9.6e-06)
973.172 .... 1542 packets received, 3249 bps, 40.62%, Err 42 (9.6e-06)
977.349 .... 1543 packets received, 3238 bps, 40.47%, Err 42 (9.6e-06)
983.901 .... 1544 packets received, 3218 bps, 40.23%, Err 43 (9.8e-06)
989.653 .... 1546 packets received, 3203 bps, 40.04%, Err 43 (9.8e-06)
993.736 .... 1547 packets received, 3192 bps, 39.90%, Err 43 (9.8e-06)
997.935 .... 1548 packets received, 3181 bps, 39.76%, Err 43 (9.8e-06)
1000.542 .... 1549 packets received, 3175 bps, 39.68%, Err 44 (1.0e-05)
1003.447 .... 1550 packets received, 3168 bps, 39.59%, Err 44 (9.9e-06)
1005.580 .... 1558 packets received, 3177 bps, 39.71%, Err 44 (9.9e-06)
1007.697 .... 1566 packets received, 3187 bps, 39.83%, Err 44 (9.9e-06)
1012.444 .... 1574 packets received, 3188 bps, 39.85%, Err 45 (1.0e-05)
1014.545 .... 1582 packets received, 3198 bps, 39.97%, Err 45 (1.0e-05)
1018.254 .... 1585 packets received, 3192 bps, 39.90%, Err 46 (1.0e-05)
1020.374 .... 1593 packets received, 3201 bps, 40.02%, Err 46 (1.0e-05)
1022.493 .... 1601 packets received, 3211 bps, 40.13%, Err 46 (1.0e-05)
1024.616 .... 1609 packets received, 3220 bps, 40.25%, Err 47 (1.0e-05)
1027.796 .... 1611 packets received, 3214 bps, 40.18%, Err 47 (1.0e-05)
1029.904 .... 1619 packets received, 3223 bps, 40.29%, Err 47 (1.0e-05)
1033.078 .... 1621 packets received, 3218 bps, 40.22%, Err 47 (1.0e-05)
1035.169 .... 1629 packets received, 3227 bps, 40.34%, Err 47 (1.0e-05)
1037.311 .... 1637 packets received, 3236 bps, 40.45%, Err 47 (1.0e-05)
1039.388 .... 1645 packets received, 3245 bps, 40.57%, Err 47 (1.0e-05)
1041.532 .... 1653 packets received, 3254 bps, 40.68%, Err 47 (9.9e-06)
1044.961 .... 1656 packets received, 3250 bps, 40.62%, Err 49 (1.0e-05)
1048.147 .... 1657 packets received, 3242 bps, 40.52%, Err 49 (1.0e-05)
1052.366 .... 1660 packets received, 3234 bps, 40.43%, Err 51 (1.1e-05)
1054.458 .... 1668 packets received, 3244 bps, 40.55%, Err 51 (1.1e-05)
1056.592 .... 1676 packets received, 3253 bps, 40.66%, Err 51 (1.1e-05)
1058.732 .... 1684 packets received, 3261 bps, 40.77%, Err 51 (1.0e-05)
1060.833 .... 1692 packets received, 3270 bps, 40.88%, Err 51 (1.0e-05)
1062.941 .... 1700 packets received, 3279 bps, 40.99%, Err 51 (1.0e-05)
1065.834 .... 1701 packets received, 3272 bps, 40.91%, Err 51 (1.0e-05)
1067.961 .... 1709 packets received, 3281 bps, 41.02%, Err 51 (1.0e-05)
1070.072 .... 1717 packets received, 3290 bps, 41.13%, Err 51 (1.0e-05)
1073.255 .... 1719 packets received, 3284 bps, 41.05%, Err 52 (1.0e-05)
1075.359 .... 1727 packets received, 3293 bps, 41.16%, Err 52 (1.0e-05)
1077.455 .... 1735 packets received, 3302 bps, 41.27%, Err 52 (1.0e-05)
1079.565 .... 1743 packets received, 3311 bps, 41.38%, Err 52 (1.0e-05)
1081.706 .... 1751 packets received, 3319 bps, 41.49%, Err 52 (1.0e-05)
1085.667 .... 1756 packets received, 3316 bps, 41.46%, Err 53 (1.0e-05)
1087.759 .... 1764 packets received, 3325 bps, 41.56%, Err 53 (1.0e-05)
1091.205 .... 1767 packets received, 3320 bps, 41.50%, Err 54 (1.1e-05)
1093.333 .... 1775 packets received, 3329 bps, 41.61%, Err 54 (1.0e-05)
1095.446 .... 1783 packets received, 3337 bps, 41.72%, Err 54 (1.0e-05)
1099.663 .... 1789 packets received, 3336 bps, 41.70%, Err 55 (1.1e-05)
1101.796 .... 1797 packets received, 3344 bps, 41.80%, Err 55 (1.1e-05)
1107.617 .... 1800 packets received, 3332 bps, 41.65%, Err 55 (1.0e-05)
1111.740 .... 1801 packets received, 3322 bps, 41.52%, Err 55 (1.0e-05)
1115.883 .... 1802 packets received, 3311 bps, 41.39%, Err 55 (1.0e-05)
1120.038 .... 1803 packets received, 3301 bps, 41.26%, Err 55 (1.0e-05)
1124.134 .... 1804 packets received, 3290 bps, 41.13%, Err 55 (1.0e-05)
1128.214 .... 1805 packets received, 3280 bps, 41.00%, Err 55 (1.0e-05)
1132.392 .... 1806 packets received, 3270 bps, 40.87%, Err 55 (1.0e-05)
1139.057 .... 1807 packets received, 3253 bps, 40.66%, Err 56 (1.1e-05)
1144.803 .... 1809 packets received, 3240 bps, 40.50%, Err 56 (1.1e-05)
1148.932 .... 1810 packets received, 3230 bps, 40.37%, Err 56 (1.1e-05)
1153.079 .... 1811 packets received, 3220 bps, 40.25%, Err 56 (1.1e-05)
1157.253 .... 1812 packets received, 3210 bps, 40.13%, Err 56 (1.1e-05)
1161.400 .... 1813 packets received, 3201 bps, 40.01%, Err 56 (1.1e-05)
1165.457 .... 1814 packets received, 3191 bps, 39.89%, Err 56 (1.1e-05)
1169.529 .... 1815 packets received, 3182 bps, 39.77%, Err 56 (1.1e-05)
1173.615 .... 1816 packets received, 3172 bps, 39.66%, Err 56 (1.1e-05)
1177.760 .... 1817 packets received, 3163 bps, 39.54%, Err 56 (1.1e-05)
1181.976 .... 1818 packets received, 3153 bps, 39.42%, Err 56 (1.1e-05)
1186.073 .... 1819 packets received, 3144 bps, 39.30%, Err 56 (1.1e-05)
1190.175 .... 1820 packets received, 3135 bps, 39.19%, Err 56 (1.1e-05)
1194.343 .... 1821 packets received, 3126 bps, 39.07%, Err 56 (1.1e-05)
1198.424 .... 1822 packets received, 3117 bps, 38.96%, Err 56 (1.1e-05)
1200.562 .... 1823 packets received, 3113 bps, 38.91%, Err 56 (1.1e-05)
1203.705 .... 1825 packets received, 3108 bps, 38.86%, Err 57 (1.1e-05)
1205.821 .... 1833 packets received, 3117 bps, 38.96%, Err 57 (1.1e-05)
1210.326 .... 1840 packets received, 3117 bps, 38.96%, Err 58 (1.1e-05)
1212.444 .... 1848 packets received, 3125 bps, 39.06%, Err 58 (1.1e-05)
1214.561 .... 1856 packets received, 3133 bps, 39.16%, Err 58 (1.1e-05)
1216.678 .... 1864 packets received, 3141 bps, 39.26%, Err 58 (1.1e-05)
1218.779 .... 1872 packets received, 3149 bps, 39.36%, Err 58 (1.1e-05)
1222.201 .... 1875 packets received, 3145 bps, 39.31%, Err 59 (1.1e-05)
1224.320 .... 1883 packets received, 3153 bps, 39.41%, Err 59 (1.1e-05)
1226.439 .... 1891 packets received, 3161 bps, 39.51%, Err 59 (1.1e-05)
1228.560 .... 1899 packets received, 3169 bps, 39.61%, Err 59 (1.1e-05)
1232.524 .... 1904 packets received, 3167 bps, 39.59%, Err 60 (1.1e-05)
1234.625 .... 1912 packets received, 3175 bps, 39.69%, Err 60 (1.1e-05)
1236.756 .... 1920 packets received, 3183 bps, 39.78%, Err 60 (1.1e-05)
1238.873 .... 1928 packets received, 3191 bps, 39.88%, Err 60 (1.1e-05)
1240.978 .... 1936 packets rec