000.000 =============================================================
000.000                     Station A                               
000.000 -------------------------------------------------------------
000.000 Protocol.lib, version 4.0, jiangyanjun0718@bupt.edu.cn
000.000 Channel: 8000 bps, 270 ms propagation delay, bit error rate 1.0E-05
000.000 Log file "a1200.log", TCP port 59144, debug mask 0x00
000.000 Station A is waiting for station B on TCP port 59144 ... Done.
000.567 New epoch: Sun Apr  9 14:55:35 2023
000.567 =================================================================
000.567 
000.567 Designed by Li Ruobin, build: Apr  9 2023  14:55:21
003.429 .... 8 packets received, 7747 bps, 96.83%, Err 0 (0.0e+00)
005.539 .... 16 packets received, 7756 bps, 96.95%, Err 0 (0.0e+00)
009.743 .... 22 packets received, 5345 bps, 66.82%, Err 1 (1.4e-05)
011.880 .... 30 packets received, 5815 bps, 72.69%, Err 1 (1.2e-05)
014.016 .... 38 packets received, 6127 bps, 76.59%, Err 1 (9.6e-06)
016.108 .... 46 packets received, 6368 bps, 79.60%, Err 1 (8.3e-06)
018.224 .... 54 packets received, 6540 bps, 81.75%, Err 1 (7.3e-06)
020.337 .... 62 packets received, 6675 bps, 83.44%, Err 1 (6.5e-06)
022.455 .... 70 packets received, 6781 bps, 84.76%, Err 1 (5.8e-06)
024.568 .... 78 packets received, 6870 bps, 85.87%, Err 1 (5.3e-06)
026.679 .... 86 packets received, 6944 bps, 86.80%, Err 1 (4.9e-06)
028.762 .... 94 packets received, 7014 bps, 87.67%, Err 1 (4.5e-06)
030.881 .... 102 packets received, 7065 bps, 88.31%, Err 1 (4.2e-06)
032.984 .... 110 packets received, 7113 bps, 88.92%, Err 1 (3.9e-06)
035.911 .... 111 packets received, 6571 bps, 82.13%, Err 1 (3.6e-06)
038.018 .... 119 packets received, 6640 bps, 83.00%, Err 1 (3.4e-06)
040.141 .... 127 packets received, 6699 bps, 83.74%, Err 1 (3.2e-06)
044.901 .... 135 packets received, 6343 bps, 79.29%, Err 3 (8.6e-06)
047.008 .... 143 packets received, 6409 bps, 80.12%, Err 3 (8.2e-06)
049.114 .... 151 packets received, 6470 bps, 80.87%, Err 3 (7.8e-06)
051.216 .... 159 packets received, 6525 bps, 81.57%, Err 4 (1.0e-05)
054.138 .... 160 packets received, 6203 bps, 77.54%, Err 4 (9.4e-06)
056.238 .... 168 packets received, 6264 bps, 78.30%, Err 4 (9.1e-06)
058.372 .... 176 packets received, 6317 bps, 78.97%, Err 4 (8.7e-06)
060.488 .... 184 packets received, 6368 bps, 79.60%, Err 4 (8.4e-06)
062.591 .... 192 packets received, 6417 bps, 80.21%, Err 4 (8.1e-06)
067.086 .... 199 packets received, 6196 bps, 77.46%, Err 6 (1.1e-05)
069.203 .... 207 packets received, 6245 bps, 78.06%, Err 6 (1.1e-05)
071.304 .... 215 packets received, 6291 bps, 78.64%, Err 6 (1.1e-05)
073.441 .... 223 packets received, 6332 bps, 79.15%, Err 6 (1.0e-05)
075.542 .... 231 packets received, 6373 bps, 79.67%, Err 6 (1.0e-05)
077.660 .... 239 packets received, 6411 bps, 80.14%, Err 6 (9.8e-06)
079.763 .... 247 packets received, 6448 bps, 80.60%, Err 6 (9.5e-06)
083.992 .... 253 packets received, 6267 bps, 78.34%, Err 7 (1.1e-05)
086.096 .... 261 packets received, 6305 bps, 78.81%, Err 7 (1.0e-05)
088.234 .... 269 packets received, 6338 bps, 79.23%, Err 7 (1.0e-05)
092.720 .... 276 packets received, 6184 bps, 77.30%, Err 8 (1.1e-05)
094.825 .... 284 packets received, 6220 bps, 77.75%, Err 8 (1.1e-05)
096.957 .... 292 packets received, 6253 bps, 78.16%, Err 8 (1.0e-05)
099.062 .... 300 packets received, 6286 bps, 78.57%, Err 8 (1.0e-05)
104.458 .... 306 packets received, 6076 bps, 75.95%, Err 8 (1.0e-05)
108.543 .... 307 packets received, 5863 bps, 73.29%, Err 8 (1.0e-05)
112.606 .... 308 packets received, 5668 bps, 70.85%, Err 8 (1.0e-05)
116.784 .... 309 packets received, 5480 bps, 68.51%, Err 8 (1.0e-05)
120.848 .... 310 packets received, 5311 bps, 66.39%, Err 8 (1.0e-05)
124.889 .... 311 packets received, 5154 bps, 64.43%, Err 8 (9.9e-06)
131.483 .... 312 packets received, 4909 bps, 61.36%, Err 9 (1.1e-05)
137.251 .... 314 packets received, 4731 bps, 59.13%, Err 9 (1.1e-05)
141.343 .... 315 packets received, 4607 bps, 57.59%, Err 9 (1.1e-05)
145.403 .... 316 packets received, 4491 bps, 56.14%, Err 9 (1.1e-05)
149.480 .... 317 packets received, 4382 bps, 54.77%, Err 9 (1.1e-05)
153.518 .... 318 packets received, 4279 bps, 53.49%, Err 9 (1.1e-05)
157.568 .... 319 packets received, 4181 bps, 52.26%, Err 9 (1.1e-05)
161.694 .... 320 packets received, 4086 bps, 51.08%, Err 9 (1.1e-05)
165.785 .... 321 packets received, 3997 bps, 49.96%, Err 9 (1.1e-05)
169.855 .... 322 packets received, 3913 bps, 48.91%, Err 9 (1.1e-05)
174.013 .... 323 packets received, 3830 bps, 47.88%, Err 9 (1.1e-05)
178.064 .... 324 packets received, 3754 bps, 46.93%, Err 9 (1.1e-05)
182.190 .... 325 packets received, 3680 bps, 46.00%, Err 9 (1.1e-05)
186.302 .... 326 packets received, 3609 bps, 45.11%, Err 9 (1.1e-05)
190.427 .... 327 packets received, 3541 bps, 44.27%, Err 9 (1.1e-05)
194.604 .... 328 packets received, 3475 bps, 43.44%, Err 9 (1.1e-05)
198.740 .... 329 packets received, 3413 bps, 42.66%, Err 9 (1.1e-05)
200.807 .... 331 packets received, 3398 bps, 42.48%, Err 9 (1.0e-05)
202.923 .... 339 packets received, 3444 bps, 43.05%, Err 9 (1.0e-05)
205.040 .... 347 packets received, 3488 bps, 43.60%, Err 9 (1.0e-05)
207.145 .... 355 packets received, 3532 bps, 44.15%, Err 9 (9.8e-06)
209.248 .... 363 packets received, 3575 bps, 44.69%, Err 9 (9.7e-06)
211.368 .... 371 packets received, 3617 bps, 45.22%, Err 9 (9.5e-06)
213.486 .... 379 packets received, 3658 bps, 45.73%, Err 9 (9.3e-06)
215.603 .... 387 packets received, 3699 bps, 46.23%, Err 9 (9.2e-06)
219.007 .... 390 packets received, 3669 bps, 45.86%, Err 10 (9.9e-06)
221.149 .... 398 packets received, 3708 bps, 46.35%, Err 10 (9.7e-06)
223.243 .... 406 packets received, 3747 bps, 46.83%, Err 10 (9.6e-06)
225.365 .... 414 packets received, 3784 bps, 47.30%, Err 10 (9.4e-06)
227.487 .... 422 packets received, 3821 bps, 47.77%, Err 10 (9.3e-06)
229.595 .... 430 packets received, 3858 bps, 48.22%, Err 10 (9.1e-06)
231.690 .... 438 packets received, 3894 bps, 48.67%, Err 10 (9.0e-06)
233.801 .... 446 packets received, 3929 bps, 49.11%, Err 10 (8.9e-06)
237.760 .... 451 packets received, 3906 bps, 48.83%, Err 11 (9.5e-06)
239.889 .... 459 packets received, 3940 bps, 49.25%, Err 11 (9.4e-06)
242.002 .... 467 packets received, 3974 bps, 49.67%, Err 12 (1.0e-05)
244.107 .... 475 packets received, 4007 bps, 50.08%, Err 12 (9.9e-06)
246.247 .... 483 packets received, 4039 bps, 50.48%, Err 13 (1.1e-05)
249.146 .... 484 packets received, 4000 bps, 50.00%, Err 13 (1.0e-05)
251.254 .... 492 packets received, 4031 bps, 50.39%, Err 13 (1.0e-05)
253.380 .... 500 packets received, 4062 bps, 50.78%, Err 13 (1.0e-05)
255.497 .... 508 packets received, 4093 bps, 51.16%, Err 13 (1.0e-05)
257.611 .... 516 packets received, 4123 bps, 51.54%, Err 13 (9.9e-06)
259.714 .... 524 packets received, 4153 bps, 51.91%, Err 13 (9.7e-06)
262.639 .... 525 packets received, 4114 bps, 51.43%, Err 14 (1.0e-05)
264.741 .... 533 packets received, 4144 bps, 51.80%, Err 14 (1.0e-05)
266.865 .... 541 packets received, 4172 bps, 52.15%, Err 14 (1.0e-05)
268.973 .... 549 packets received, 4201 bps, 52.51%, Err 14 (9.9e-06)
271.090 .... 557 packets received, 4228 bps, 52.86%, Err 14 (9.8e-06)
273.175 .... 565 packets received, 4256 bps, 53.20%, Err 14 (9.7e-06)
275.310 .... 573 packets received, 4283 bps, 53.54%, Err 14 (9.6e-06)
277.400 .... 581 packets received, 4310 bps, 53.87%, Err 14 (9.5e-06)
281.363 .... 586 packets received, 4285 bps, 53.57%, Err 16 (1.1e-05)
284.560 .... 587 packets received, 4244 bps, 53.05%, Err 16 (1.0e-05)
286.670 .... 595 packets received, 4270 bps, 53.38%, Err 16 (1.0e-05)
288.780 .... 603 packets received, 4296 bps, 53.70%, Err 16 (1.0e-05)
290.889 .... 611 packets received, 4321 bps, 54.02%, Err 16 (1.0e-05)
292.997 .... 619 packets received, 4346 bps, 54.33%, Err 16 (1.0e-05)
295.109 .... 627 packets received, 4371 bps, 54.63%, Err 16 (9.9e-06)
297.229 .... 635 packets received, 4395 bps, 54.93%, Err 16 (9.8e-06)
301.352 .... 641 packets received, 4375 bps, 54.69%, Err 17 (1.0e-05)
304.533 .... 648 packets received, 4377 bps, 54.71%, Err 17 (1.0e-05)
308.555 .... 649 packets received, 4326 bps, 54.08%, Err 17 (1.0e-05)
312.620 .... 650 packets received, 4276 bps, 53.45%, Err 17 (1.0e-05)
316.703 .... 651 packets received, 4227 bps, 52.84%, Err 17 (1.0e-05)
320.815 .... 652 packets received, 4179 bps, 52.24%, Err 17 (1.0e-05)
324.922 .... 653 packets received, 4133 bps, 51.66%, Err 17 (1.0e-05)
329.079 .... 654 packets received, 4086 bps, 51.08%, Err 17 (1.0e-05)
333.181 .... 655 packets received, 4042 bps, 50.53%, Err 17 (1.0e-05)
337.240 .... 656 packets received, 3999 bps, 49.99%, Err 17 (1.0e-05)
341.451 .... 657 packets received, 3956 bps, 49.45%, Err 17 (1.0e-05)
345.567 .... 658 packets received, 3915 bps, 48.93%, Err 17 (1.0e-05)
349.760 .... 659 packets received, 3873 bps, 48.42%, Err 17 (1.0e-05)
353.811 .... 660 packets received, 3835 bps, 47.93%, Err 17 (1.0e-05)
357.838 .... 661 packets received, 3797 bps, 47.46%, Err 17 (1.0e-05)
361.860 .... 662 packets received, 3760 bps, 47.00%, Err 17 (9.9e-06)
366.027 .... 663 packets received, 3723 bps, 46.54%, Err 17 (9.9e-06)
370.195 .... 664 packets received, 3686 bps, 46.08%, Err 17 (9.9e-06)
374.225 .... 665 packets received, 3652 bps, 45.65%, Err 17 (9.9e-06)
378.267 .... 666 packets received, 3618 bps, 45.23%, Err 17 (9.9e-06)
382.339 .... 667 packets received, 3585 bps, 44.81%, Err 17 (9.9e-06)
386.440 .... 668 packets received, 3552 bps, 44.40%, Err 17 (9.9e-06)
390.495 .... 669 packets received, 3521 bps, 44.01%, Err 17 (9.8e-06)
394.566 .... 670 packets received, 3489 bps, 43.62%, Err 17 (9.8e-06)
398.701 .... 671 packets received, 3458 bps, 43.23%, Err 17 (9.8e-06)
400.816 .... 673 packets received, 3450 bps, 43.13%, Err 17 (9.8e-06)
402.902 .... 681 packets received, 3473 bps, 43.41%, Err 17 (9.7e-06)
405.844 .... 682 packets received, 3453 bps, 43.16%, Err 17 (9.6e-06)
407.934 .... 690 packets received, 3475 bps, 43.44%, Err 17 (9.5e-06)
410.068 .... 698 packets received, 3497 bps, 43.72%, Err 17 (9.4e-06)
416.138 .... 701 packets received, 3461 bps, 43.26%, Err 20 (1.1e-05)
418.240 .... 709 packets received, 3483 bps, 43.53%, Err 20 (1.1e-05)
420.374 .... 717 packets received, 3504 bps, 43.80%, Err 20 (1.1e-05)
422.465 .... 725 packets received, 3526 bps, 44.07%, Err 20 (1.0e-05)
424.601 .... 733 packets received, 3546 bps, 44.33%, Err 20 (1.0e-05)
426.702 .... 741 packets received, 3567 bps, 44.59%, Err 20 (1.0e-05)
428.821 .... 749 packets received, 3588 bps, 44.85%, Err 20 (1.0e-05)
430.939 .... 757 packets received, 3609 bps, 45.11%, Err 20 (1.0e-05)
435.177 .... 763 packets received, 3602 bps, 45.02%, Err 20 (9.9e-06)
437.281 .... 771 packets received, 3622 bps, 45.27%, Err 20 (9.8e-06)
439.390 .... 779 packets received, 3642 bps, 45.52%, Err 20 (9.8e-06)
441.510 .... 787 packets received, 3661 bps, 45.77%, Err 20 (9.7e-06)
443.622 .... 795 packets received, 3681 bps, 46.01%, Err 20 (9.6e-06)
445.726 .... 803 packets received, 3700 bps, 46.26%, Err 20 (9.5e-06)
447.844 .... 811 packets received, 3720 bps, 46.50%, Err 21 (9.9e-06)
449.947 .... 819 packets received, 3739 bps, 46.73%, Err 21 (9.9e-06)
452.068 .... 827 packets received, 3757 bps, 46.97%, Err 21 (9.8e-06)
454.184 .... 835 packets received, 3776 bps, 47.20%, Err 21 (9.7e-06)
456.289 .... 843 packets received, 3795 bps, 47.43%, Err 21 (9.6e-06)
459.987 .... 847 packets received, 3782 bps, 47.27%, Err 22 (9.9e-06)
463.679 .... 851 packets received, 3769 bps, 47.12%, Err 23 (1.0e-05)
465.800 .... 859 packets received, 3787 bps, 47.34%, Err 23 (1.0e-05)
467.919 .... 867 packets received, 3805 bps, 47.57%, Err 24 (1.1e-05)
470.829 .... 868 packets received, 3786 bps, 47.33%, Err 24 (1.0e-05)
472.928 .... 876 packets received, 3804 bps, 47.55%, Err 24 (1.0e-05)
475.062 .... 884 packets received, 3822 bps, 47.77%, Err 24 (1.0e-05)
477.153 .... 892 packets received, 3839 bps, 47.99%, Err 24 (1.0e-05)
479.274 .... 900 packets received, 3856 bps, 48.20%, Err 24 (1.0e-05)
481.413 .... 908 packets received, 3873 bps, 48.42%, Err 24 (1.0e-05)
483.509 .... 916 packets received, 3890 bps, 48.63%, Err 24 (1.0e-05)
485.626 .... 924 packets received, 3907 bps, 48.84%, Err 24 (9.9e-06)
487.728 .... 932 packets received, 3924 bps, 49.05%, Err 24 (9.9e-06)
491.437 .... 936 packets received, 3911 bps, 48.89%, Err 25 (1.0e-05)
494.331 .... 937 packets received, 3892 bps, 48.65%, Err 25 (1.0e-05)
496.431 .... 945 packets received, 3909 bps, 48.86%, Err 25 (1.0e-05)
500.852 .... 952 packets received, 3903 bps, 48.79%, Err 26 (1.0e-05)
502.973 .... 960 packets received, 3919 bps, 48.99%, Err 26 (1.0e-05)
508.674 .... 962 packets received, 3883 bps, 48.54%, Err 26 (1.0e-05)
512.792 .... 963 packets received, 3856 bps, 48.20%, Err 26 (1.0e-05)
516.859 .... 964 packets received, 3829 bps, 47.87%, Err 26 (1.0e-05)
520.982 .... 965 packets received, 3803 bps, 47.54%, Err 26 (1.0e-05)
525.097 .... 966 packets received, 3777 bps, 47.21%, Err 26 (1.0e-05)
529.239 .... 967 packets received, 3751 bps, 46.89%, Err 26 (1.0e-05)
533.299 .... 968 packets received, 3727 bps, 46.58%, Err 26 (1.0e-05)
537.362 .... 969 packets received, 3702 bps, 46.28%, Err 26 (1.0e-05)
541.459 .... 970 packets received, 3678 bps, 45.97%, Err 26 (1.0e-05)
545.620 .... 971 packets received, 3653 bps, 45.67%, Err 26 (1.0e-05)
549.762 .... 972 packets received, 3630 bps, 45.37%, Err 26 (1.0e-05)
553.920 .... 973 packets received, 3606 bps, 45.08%, Err 26 (1.0e-05)
558.156 .... 974 packets received, 3582 bps, 44.78%, Err 26 (1.0e-05)
562.276 .... 975 packets received, 3560 bps, 44.49%, Err 26 (1.0e-05)
566.340 .... 976 packets received, 3538 bps, 44.22%, Err 26 (1.0e-05)
570.447 .... 977 packets received, 3516 bps, 43.95%, Err 26 (1.0e-05)
574.510 .... 978 packets received, 3494 bps, 43.68%, Err 26 (1.0e-05)
578.564 .... 979 packets received, 3473 bps, 43.42%, Err 26 (1.0e-05)
582.672 .... 980 packets received, 3452 bps, 43.15%, Err 26 (1.0e-05)
586.827 .... 981 packets received, 3431 bps, 42.89%, Err 26 (1.0e-05)
590.924 .... 982 packets received, 3411 bps, 42.64%, Err 26 (1.0e-05)
595.122 .... 983 packets received, 3390 bps, 42.38%, Err 26 (1.0e-05)
599.214 .... 984 packets received, 3371 bps, 42.13%, Err 26 (1.0e-05)
601.331 .... 988 packets received, 3372 bps, 42.15%, Err 26 (9.9e-06)
603.449 .... 996 packets received, 3388 bps, 42.35%, Err 26 (9.9e-06)
607.143 .... 1000 packets received, 3380 bps, 42.26%, Err 26 (9.8e-06)
609.261 .... 1008 packets received, 3396 bps, 42.45%, Err 26 (9.7e-06)
613.472 .... 1014 packets received, 3392 bps, 42.40%, Err 27 (9.9e-06)
618.767 .... 1022 packets received, 3390 bps, 42.37%, Err 28 (1.0e-05)
620.898 .... 1030 packets received, 3405 bps, 42.56%, Err 28 (1.0e-05)
622.987 .... 1038 packets received, 3420 bps, 42.74%, Err 28 (1.0e-05)
625.104 .... 1046 packets received, 3434 bps, 42.93%, Err 28 (1.0e-05)
629.066 .... 1051 packets received, 3429 bps, 42.86%, Err 29 (1.0e-05)
631.199 .... 1059 packets received, 3443 bps, 43.04%, Err 29 (1.0e-05)
635.676 .... 1066 packets received, 3442 bps, 43.02%, Err 31 (1.1e-05)
637.793 .... 1074 packets received, 3456 bps, 43.20%, Err 32 (1.1e-05)
640.960 .... 1075 packets received, 3442 bps, 43.02%, Err 32 (1.1e-05)
643.096 .... 1083 packets received, 3456 bps, 43.20%, Err 32 (1.1e-05)
645.213 .... 1091 packets received, 3470 bps, 43.38%, Err 32 (1.1e-05)
649.163 .... 1096 packets received, 3465 bps, 43.31%, Err 33 (1.1e-05)
651.270 .... 1104 packets received, 3479 bps, 43.48%, Err 33 (1.1e-05)
653.391 .... 1112 packets received, 3492 bps, 43.66%, Err 33 (1.1e-05)
655.507 .... 1120 packets received, 3506 bps, 43.83%, Err 33 (1.1e-05)
657.629 .... 1128 packets received, 3520 bps, 44.00%, Err 33 (1.1e-05)
659.726 .... 1136 packets received, 3534 bps, 44.17%, Err 33 (1.1e-05)
661.843 .... 1144 packets received, 3547 bps, 44.34%, Err 33 (1.1e-05)
666.345 .... 1151 packets received, 3545 bps, 44.31%, Err 33 (1.1e-05)
668.480 .... 1159 packets received, 3558 bps, 44.47%, Err 33 (1.0e-05)
670.565 .... 1167 packets received, 3571 bps, 44.64%, Err 33 (1.0e-05)
672.685 .... 1175 packets received, 3584 bps, 44.80%, Err 33 (1.0e-05)
674.791 .... 1183 packets received, 3597 bps, 44.97%, Err 33 (1.0e-05)
676.909 .... 1191 packets received, 3610 bps, 45.13%, Err 33 (1.0e-05)
679.028 .... 1199 packets received, 3623 bps, 45.29%, Err 33 (1.0e-05)
681.138 .... 1207 packets received, 3636 bps, 45.45%, Err 33 (1.0e-05)
683.243 .... 1215 packets received, 3649 bps, 45.61%, Err 33 (1.0e-05)
685.355 .... 1223 packets received, 3662 bps, 45.77%, Err 33 (1.0e-05)
687.485 .... 1231 packets received, 3674 bps, 45.93%, Err 33 (1.0e-05)
689.577 .... 1239 packets received, 3687 bps, 46.08%, Err 33 (9.9e-06)
691.702 .... 1247 packets received, 3699 bps, 46.24%, Err 33 (9.9e-06)
693.811 .... 1255 packets received, 3712 bps, 46.39%, Err 33 (9.8e-06)
695.923 .... 1263 packets received, 3724 bps, 46.55%, Err 33 (9.8e-06)
698.026 .... 1271 packets received, 3736 bps, 46.70%, Err 33 (9.7e-06)
700.137 .... 1279 packets received, 3748 bps, 46.85%, Err 33 (9.7e-06)
704.492 .... 1281 packets received, 3731 bps, 46.64%, Err 33 (9.7e-06)
708.603 .... 1282 packets received, 3712 bps, 46.40%, Err 33 (9.7e-06)
712.695 .... 1283 packets received, 3694 bps, 46.17%, Err 33 (9.7e-06)
716.869 .... 1284 packets received, 3675 bps, 45.94%, Err 33 (9.7e-06)
720.912 .... 1285 packets received, 3657 bps, 45.71%, Err 33 (9.7e-06)
724.959 .... 1286 packets received, 3640 bps, 45.49%, Err 33 (9.6e-06)
729.087 .... 1287 packets received, 3622 bps, 45.27%, Err 33 (9.6e-06)
733.148 .... 1288 packets received, 3604 bps, 45.06%, Err 33 (9.6e-06)
737.228 .... 1289 packets received, 3587 bps, 44.84%, Err 33 (9.6e-06)
741.348 .... 1290 packets received, 3570 bps, 44.62%, Err 33 (9.6e-06)
745.413 .... 1291 packets received, 3553 bps, 44.42%, Err 33 (9.6e-06)
749.500 .... 1292 packets received, 3537 bps, 44.21%, Err 33 (9.6e-06)
753.581 .... 1293 packets received, 3520 bps, 44.00%, Err 33 (9.6e-06)
757.709 .... 1294 packets received, 3504 bps, 43.80%, Err 33 (9.6e-06)
761.805 .... 1295 packets received, 3487 bps, 43.59%, Err 33 (9.6e-06)
765.908 .... 1296 packets received, 3471 bps, 43.39%, Err 33 (9.6e-06)
770.018 .... 1297 packets received, 3455 bps, 43.19%, Err 33 (9.6e-06)
774.123 .... 1298 packets received, 3440 bps, 43.00%, Err 33 (9.6e-06)
778.193 .... 1299 packets received, 3424 bps, 42.81%, Err 33 (9.5e-06)
782.235 .... 1300 packets received, 3409 bps, 42.62%, Err 33 (9.5e-06)
786.457 .... 1301 packets received, 3394 bps, 42.42%, Err 33 (9.5e-06)
790.525 .... 1302 packets received, 3379 bps, 42.23%, Err 33 (9.5e-06)
794.658 .... 1303 packets received, 3364 bps, 42.05%, Err 33 (9.5e-06)
798.784 .... 1304 packets received, 3349 bps, 41.86%, Err 33 (9.5e-06)
800.808 .... 1306 packets received, 3345 bps, 41.82%, Err 33 (9.5e-06)
802.925 .... 1314 packets received, 3357 bps, 41.96%, Err 33 (9.4e-06)
805.041 .... 1322 packets received, 3369 bps, 42.11%, Err 33 (9.4e-06)
807.158 .... 1330 packets received, 3380 bps, 42.25%, Err 33 (9.4e-06)
809.258 .... 1338 packets received, 3392 bps, 42.40%, Err 33 (9.3e-06)
812.954 .... 1342 packets received, 3386 bps, 42.33%, Err 34 (9.5e-06)
815.071 .... 1350 packets received, 3398 bps, 42.47%, Err 34 (9.5e-06)
817.173 .... 1358 packets received, 3409 bps, 42.61%, Err 34 (9.4e-06)
819.291 .... 1366 packets received, 3420 bps, 42.75%, Err 34 (9.4e-06)
821.394 .... 1374 packets received, 3431 bps, 42.89%, Err 34 (9.3e-06)
823.513 .... 1382 packets received, 3442 bps, 43.03%, Err 34 (9.3e-06)
825.617 .... 1390 packets received, 3453 bps, 43.17%, Err 34 (9.3e-06)
827.737 .... 1398 packets received, 3464 bps, 43.31%, Err 34 (9.2e-06)
829.856 .... 1406 packets received, 3475 bps, 43.44%, Err 34 (9.2e-06)
833.036 .... 1408 packets received, 3467 bps, 43.34%, Err 34 (9.1e-06)
835.140 .... 1416 packets received, 3478 bps, 43.47%, Err 34 (9.1e-06)
838.303 .... 1418 packets received, 3470 bps, 43.37%, Err 34 (9.0e-06)
840.422 .... 1426 packets received, 3480 bps, 43.51%, Err 34 (9.0e-06)
843.859 .... 1429 packets received, 3474 bps, 43.42%, Err 34 (8.9e-06)
845.980 .... 1437 packets received, 3484 bps, 43.55%, Err 34 (8.9e-06)
848.086 .... 1445 packets received, 3495 bps, 43.69%, Err 34 (8.8e-06)
850.192 .... 1453 packets received, 3506 bps, 43.82%, Err 34 (8.8e-06)
852.313 .... 1461 packets received, 3516 bps, 43.95%, Err 34 (8.7e-06)
854.434 .... 1469 packets received, 3526 bps, 44.08%, Err 34 (8.7e-06)
858.643 .... 1475 packets received, 3524 bps, 44.04%, Err 35 (8.9e-06)
860.776 .... 1483 packets received, 3534 bps, 44.17%, Err 35 (8.8e-06)
862.882 .... 1491 packets received, 3544 bps, 44.30%, Err 35 (8.8e-06)
864.989 .... 1499 packets received, 3555 bps, 44.43%, Err 35 (8.8e-06)
867.094 .... 1507 packets received, 3565 bps, 44.56%, Err 36 (9.0e-06)
869.222 .... 1515 packets received, 3575 bps, 44.69%, Err 36 (8.9e-06)
871.334 .... 1523 packets received, 3585 bps, 44.81%, Err 36 (8.9e-06)
873.450 .... 1531 packets received, 3595 bps, 44.94%, Err 36 (8.9e-06)
877.927 .... 1538 packets received, 3593 bps, 44.91%, Err 37 (9.0e-06)
880.043 .... 1546 packets received, 3603 bps, 45.04%, Err 37 (9.0e-06)
883.222 .... 1548 packets received, 3595 bps, 44.94%, Err 38 (9.2e-06)
886.401 .... 1550 packets received, 3587 bps, 44.83%, Err 39 (9.4e-06)
888.520 .... 1558 packets received, 3596 bps, 44.96%, Err 39 (9.3e-06)
891.958 .... 1561 packets received, 3589 bps, 44.87%, Err 40 (9.5e-06)
894.063 .... 1569 packets received, 3599 bps, 44.99%, Err 40 (9.5e-06)
896.184 .... 1577 packets received, 3609 bps, 45.11%, Err 40 (9.4e-06)
898.305 .... 1585 packets received, 3619 bps, 45.24%, Err 40 (9.4e-06)
901.381 .... 1587 packets received, 3611 bps, 45.14%, Err 41 (9.6e-06)
904.409 .... 1594 packets received, 3615 bps, 45.19%, Err 41 (9.6e-06)
911.085 .... 1595 packets received, 3591 bps, 44.88%, Err 42 (9.8e-06)
916.807 .... 1597 packets received, 3573 bps, 44.66%, Err 42 (9.8e-06)
920.925 .... 1598 packets received, 3559 bps, 44.48%, Err 42 (9.8e-06)
924.981 .... 1599 packets received, 3545 bps, 44.32%, Err 42 (9.8e-06)
929.044 .... 1600 packets received, 3532 bps, 44.15%, Err 42 (9.8e-06)
933.244 .... 1601 packets received, 3518 bps, 43.98%, Err 42 (9.8e-06)
937.359 .... 1602 packets received, 3505 bps, 43.81%, Err 42 (9.7e-06)
941.446 .... 1603 packets received, 3492 bps, 43.65%, Err 42 (9.7e-06)
945.545 .... 1604 packets received, 3479 bps, 43.49%, Err 42 (9.7e-06)
949.674 .... 1605 packets received, 3466 bps, 43.33%, Err 42 (9.7e-06)
953.914 .... 1606 packets received, 3453 bps, 43.16%, Err 42 (9.7e-06)
957.984 .... 1607 packets received, 3440 bps, 43.00%, Err 42 (9.7e-06)
962.071 .... 1608 packets received, 3428 bps, 42.85%, Err 42 (9.7e-06)
966.128 .... 1609 packets received, 3415 bps, 42.69%, Err 42 (9.7e-06)
970.183 .... 1610 packets received, 3403 bps, 42.54%, Err 42 (9.7e-06)
974.317 .... 1611 packets received, 3391 bps, 42.39%, Err 42 (9.7e-06)
978.411 .... 1612 packets received, 3379 bps, 42.23%, Err 42 (9.7e-06)
982.607 .... 1613 packets received, 3366 bps, 42.08%, Err 42 (9.7e-06)
986.677 .... 1614 packets received, 3355 bps, 41.93%, Err 42 (9.7e-06)
990.773 .... 1615 packets received, 3343 bps, 41.78%, Err 42 (9.7e-06)
994.799 .... 1616 packets received, 3331 bps, 41.64%, Err 42 (9.7e-06)
998.905 .... 1617 packets received, 3320 bps, 41.50%, Err 42 (9.7e-06)
1001.076 .... 1620 packets received, 3319 bps, 41.48%, Err 42 (9.6e-06)
1003.188 .... 1628 packets received, 3328 bps, 41.60%, Err 42 (9.6e-06)
1006.351 .... 1630 packets received, 3322 bps, 41.52%, Err 43 (9.8e-06)
1008.447 .... 1638 packets received, 3331 bps, 41.64%, Err 43 (9.7e-06)
1013.209 .... 1643 packets received, 3325 bps, 41.57%, Err 44 (9.9e-06)
1015.345 .... 1651 packets received, 3334 bps, 41.68%, Err 44 (9.8e-06)
1017.465 .... 1659 packets received, 3344 bps, 41.80%, Err 44 (9.8e-06)
1019.568 .... 1667 packets received, 3353 bps, 41.91%, Err 44 (9.8e-06)
1021.701 .... 1675 packets received, 3362 bps, 42.02%, Err 44 (9.7e-06)
1023.804 .... 1683 packets received, 3371 bps, 42.14%, Err 44 (9.7e-06)
1025.906 .... 1691 packets received, 3380 bps, 42.25%, Err 44 (9.7e-06)
1028.037 .... 1699 packets received, 3389 bps, 42.36%, Err 44 (9.6e-06)
1030.123 .... 1707 packets received, 3398 bps, 42.48%, Err 44 (9.6e-06)
1032.239 .... 1715 packets received, 3407 bps, 42.59%, Err 44 (9.6e-06)
1034.364 .... 1723 packets received, 3416 bps, 42.70%, Err 44 (9.5e-06)
1036.484 .... 1731 packets received, 3425 bps, 42.81%, Err 44 (9.5e-06)
1038.571 .... 1739 packets received, 3434 bps, 42.92%, Err 45 (9.7e-06)
1041.491 .... 1740 packets received, 3426 bps, 42.82%, Err 46 (9.8e-06)
1043.609 .... 1748 packets received, 3435 bps, 42.93%, Err 46 (9.8e-06)
1045.728 .... 1756 packets received, 3443 bps, 43.04%, Err 46 (9.8e-06)
1050.467 .... 1764 packets received, 3443 bps, 43.04%, Err 48 (1.0e-05)
1055.783 .... 1770 packets received, 3438 bps, 42.97%, Err 50 (1.0e-05)
1057.887 .... 1778 packets received, 3446 bps, 43.08%, Err 50 (1.0e-05)
1059.993 .... 1786 packets received, 3455 bps, 43.19%, Err 50 (1.0e-05)
1065.036 .... 1794 packets received, 3454 bps, 43.18%, Err 50 (1.0e-05)
1067.154 .... 1802 packets received, 3463 bps, 43.28%, Err 50 (1.0e-05)
1070.300 .... 1804 packets received, 3456 bps, 43.20%, Err 50 (1.0e-05)
1072.435 .... 1812 packets received, 3465 bps, 43.31%, Err 50 (1.0e-05)
1075.597 .... 1814 packets received, 3458 bps, 43.23%, Err 50 (1.0e-05)
1077.701 .... 1822 packets received, 3467 bps, 43.33%, Err 50 (1.0e-05)
1080.892 .... 1824 packets received, 3460 bps, 43.25%, Err 50 (1.0e-05)
1084.067 .... 1826 packets received, 3454 bps, 43.17%, Err 51 (1.0e-05)
1086.183 .... 1834 packets received, 3462 bps, 43.28%, Err 51 (1.0e-05)
1088.299 .... 1842 packets received, 3471 bps, 43.38%, Err 51 (1.0e-05)
1092.012 .... 1844 packets received, 3462 bps, 43.28%, Err 51 (1.0e-05)
1094.116 .... 1852 packets received, 3471 bps, 43.38%, Err 51 (1.0e-05)
1097.298 .... 1854 packets received, 3464 bps, 43.31%, Err 51 (9.9e-06)
1099.402 .... 1862 packets received, 3473 bps, 43.41%, Err 51 (9.9e-06)
1103.748 .... 1864 packets received, 3463 bps, 43.28%, Err 52 (1.0e-05)
1107.880 .... 1865 packets received, 3452 bps, 43.15%, Err 52 (1.0e-05)
1111.923 .... 1866 packets received, 3441 bps, 43.01%, Err 52 (1.0e-05)
1118.517 .... 1867 packets received, 3422 bps, 42.78%, Err 53 (1.0e-05)
1124.370 .... 1869 packets received, 3408 bps, 42.60%, Err 53 (1.0e-05)
1128.452 .... 1870 packets received, 3398 bps, 42.47%, Err 53 (1.0e-05)
1132.461 .... 1871 packets received, 3388 bps, 42.34%, Err 53 (1.0e-05)
1136.543 .... 1872 packets received, 3377 bps, 42.21%, Err 53 (1.0e-05)
1140.760 .... 1873 packets received, 3366 bps, 42.08%, Err 53 (1.0e-05)
1144.814 .... 1874 packets received, 3356 bps, 41.95%, Err 53 (1.0e-05)
1151.426 .... 1875 packets received, 3339 bps, 41.74%, Err 54 (1.0e-05)
1157.051 .... 1877 packets received, 3326 bps, 41.58%, Err 54 (1.0e-05)
1161.152 .... 1878 packets received, 3316 bps, 41.45%, Err 54 (1.0e-05)
1165.204 .... 1879 packets received, 3306 bps, 41.33%, Err 54 (1.0e-05)
1169.303 .... 1880 packets received, 3296 bps, 41.21%, Err 54 (1.0e-05)
1173.477 .... 1881 packets received, 3286 bps, 41.08%, Err 54 (1.0e-05)
1177.563 .... 1882 packets received, 3277 bps, 40.96%, Err 54 (1.0e-05)
1181.693 .... 1883 packets received, 3267 bps, 40.84%, Err 54 (1.0e-05)
1185.809 .... 1884 packets received, 3257 bps, 40.72%, Err 54 (1.0e-05)
1189.951 .... 1885 packets received, 3248 bps, 40.60%, Err 54 (1.0e-05)
1193.973 .... 1886 packets received, 3239 bps, 40.48%, Err 54 (1.0e-05)
1197.981 .... 1887 packets received, 3229 bps, 40.37%, Err 54 (1.0e-05)
1200.553 .... 1888 packets received, 3224 bps, 40.30%, Err 54 (1.0e-05)
1204.515 .... 1893 packets received, 3222 bps, 40.28%, Err 55 (1.0e-05)
1206.618 .... 1901 packets received, 3230 bps, 40.38%, Err 55 (1.0e-05)
1208.712 .... 1909 packets received, 3238 bps, 40.48%, Err 55 (1.0e-05)
1210.829 .... 1917 packets received, 3246 bps, 40.57%, Err 55 (1.0e-05)
1212.947 .... 1925 packets received, 3254 bps, 40.67%, Err 55 (1.0e-05)
1215.066 .... 1933 packets received, 3262 bps, 40.77%, Err 55 (1.0e-05)
1217.172 .... 1941 packets received, 3269 bps, 40.87%, Err 55 (1.0e-05)
1220.607 .... 1944 packets received, 3265 bps, 40.82%, Err 56 (1.0e-05)
1222.728 .... 1952 packets received, 3273 bps, 40.91%, Err 56 (1.0e-05)
1224.846 .... 1960 packets received, 3281 bps, 41.01%, Err 56 (1.0e-05)
1226.964 .... 1968 packets received, 3288 bps, 41.11%, Err 56 (1.0e-05)
1229.060 .... 1976 packets 