000.000 =============================================================
000.000                     Station A                               
000.000 -------------------------------------------------------------
000.000 Protocol.lib, version 4.0, jiangyanjun0718@bupt.edu.cn
000.000 Channel: 8000 bps, 270 ms propagation delay, bit error rate 1.0E-05
000.000 Log file "a200.log", TCP port 59144, debug mask 0x00
000.000 Station A is waiting for station B on TCP port 59144 ... Done.
000.505 New epoch: Sun Apr  9 13:01:49 2023
000.505 =================================================================
000.505 
000.505 Designed by Li Ruobin, build: Apr  9 2023  13:01:26
004.237 .... 1 packets received, 697 bps, 8.72%, Err 1 (3.9e-05)
006.364 .... 9 packets received, 3640 bps, 45.50%, Err 1 (2.4e-05)
008.504 .... 17 packets received, 4833 bps, 60.41%, Err 1 (1.7e-05)
010.659 .... 25 packets received, 5471 bps, 68.38%, Err 1 (1.3e-05)
012.815 .... 33 packets received, 5869 bps, 73.37%, Err 1 (1.1e-05)
014.983 .... 41 packets received, 6137 bps, 76.71%, Err 1 (9.0e-06)
018.455 .... 44 packets received, 5253 bps, 65.66%, Err 2 (1.4e-05)
020.557 .... 52 packets received, 5530 bps, 69.13%, Err 2 (1.3e-05)
022.765 .... 60 packets received, 5725 bps, 71.56%, Err 2 (1.2e-05)
024.897 .... 68 packets received, 5902 bps, 73.77%, Err 2 (1.0e-05)
027.039 .... 76 packets received, 6047 bps, 75.59%, Err 2 (9.6e-06)
029.207 .... 84 packets received, 6164 bps, 77.06%, Err 2 (8.9e-06)
031.370 .... 92 packets received, 6266 bps, 78.32%, Err 2 (8.2e-06)
033.533 .... 100 packets received, 6354 bps, 79.42%, Err 2 (7.7e-06)
035.631 .... 108 packets received, 6443 bps, 80.53%, Err 2 (7.2e-06)
040.470 .... 116 packets received, 6065 bps, 75.81%, Err 2 (6.3e-06)
042.626 .... 124 packets received, 6145 bps, 76.81%, Err 2 (6.0e-06)
044.795 .... 132 packets received, 6215 bps, 77.69%, Err 2 (5.7e-06)
047.977 .... 134 packets received, 5879 bps, 73.49%, Err 4 (1.1e-05)
050.074 .... 142 packets received, 5963 bps, 74.53%, Err 4 (1.0e-05)
052.254 .... 150 packets received, 6029 bps, 75.36%, Err 4 (9.8e-06)
056.492 .... 156 packets received, 5789 bps, 72.36%, Err 5 (1.1e-05)
058.591 .... 164 packets received, 5863 bps, 73.28%, Err 5 (1.1e-05)
060.792 .... 172 packets received, 5921 bps, 74.01%, Err 5 (1.0e-05)
062.893 .... 180 packets received, 5985 bps, 74.81%, Err 5 (1.0e-05)
065.033 .... 188 packets received, 6041 bps, 75.52%, Err 6 (1.2e-05)
067.991 .... 189 packets received, 5804 bps, 72.55%, Err 6 (1.1e-05)
070.088 .... 197 packets received, 5865 bps, 73.32%, Err 6 (1.1e-05)
072.296 .... 205 packets received, 5914 bps, 73.92%, Err 6 (1.1e-05)
074.431 .... 213 packets received, 5965 bps, 74.56%, Err 6 (1.0e-05)
076.594 .... 221 packets received, 6011 bps, 75.14%, Err 6 (9.9e-06)
078.755 .... 229 packets received, 6055 bps, 75.69%, Err 6 (9.7e-06)
083.304 .... 236 packets received, 5894 bps, 73.67%, Err 7 (1.1e-05)
085.415 .... 244 packets received, 5941 bps, 74.26%, Err 7 (1.0e-05)
087.595 .... 252 packets received, 5981 bps, 74.76%, Err 7 (1.0e-05)
089.721 .... 260 packets received, 6022 bps, 75.28%, Err 7 (9.9e-06)
092.942 .... 262 packets received, 5855 bps, 73.19%, Err 8 (1.1e-05)
095.039 .... 270 packets received, 5899 bps, 73.74%, Err 8 (1.1e-05)
097.233 .... 278 packets received, 5935 bps, 74.19%, Err 8 (1.0e-05)
101.362 .... 284 packets received, 5813 bps, 72.66%, Err 9 (1.1e-05)
105.947 .... 288 packets received, 5636 bps, 70.45%, Err 10 (1.2e-05)
108.548 .... 292 packets received, 5576 bps, 69.70%, Err 10 (1.2e-05)
112.680 .... 293 packets received, 5388 bps, 67.34%, Err 10 (1.2e-05)
116.758 .... 294 packets received, 5215 bps, 65.19%, Err 10 (1.2e-05)
120.963 .... 295 packets received, 5049 bps, 63.11%, Err 10 (1.2e-05)
125.101 .... 296 packets received, 4897 bps, 61.21%, Err 10 (1.2e-05)
129.317 .... 297 packets received, 4751 bps, 59.39%, Err 10 (1.2e-05)
133.431 .... 298 packets received, 4619 bps, 57.74%, Err 10 (1.2e-05)
137.516 .... 299 packets received, 4495 bps, 56.19%, Err 10 (1.2e-05)
141.677 .... 300 packets received, 4377 bps, 54.71%, Err 10 (1.2e-05)
145.793 .... 301 packets received, 4266 bps, 53.33%, Err 10 (1.2e-05)
149.863 .... 302 packets received, 4163 bps, 52.04%, Err 10 (1.2e-05)
153.902 .... 303 packets received, 4066 bps, 50.83%, Err 10 (1.2e-05)
157.989 .... 304 packets received, 3973 bps, 49.67%, Err 10 (1.2e-05)
162.120 .... 305 packets received, 3884 bps, 48.55%, Err 10 (1.2e-05)
166.160 .... 306 packets received, 3801 bps, 47.52%, Err 10 (1.2e-05)
170.259 .... 307 packets received, 3721 bps, 46.52%, Err 10 (1.2e-05)
174.311 .... 308 packets received, 3646 bps, 45.57%, Err 10 (1.2e-05)
178.319 .... 309 packets received, 3575 bps, 44.69%, Err 10 (1.1e-05)
182.447 .... 310 packets received, 3505 bps, 43.81%, Err 10 (1.1e-05)
186.583 .... 311 packets received, 3438 bps, 42.97%, Err 10 (1.1e-05)
190.725 .... 312 packets received, 3373 bps, 42.17%, Err 10 (1.1e-05)
194.934 .... 313 packets received, 3310 bps, 41.38%, Err 10 (1.1e-05)
199.096 .... 314 packets received, 3251 bps, 40.64%, Err 10 (1.1e-05)
201.355 .... 318 packets received, 3255 bps, 40.69%, Err 10 (1.1e-05)
203.455 .... 326 packets received, 3303 bps, 41.28%, Err 10 (1.1e-05)
205.563 .... 334 packets received, 3349 bps, 41.86%, Err 10 (1.1e-05)
208.768 .... 336 packets received, 3317 bps, 41.46%, Err 11 (1.1e-05)
210.893 .... 344 packets received, 3361 bps, 42.02%, Err 11 (1.1e-05)
214.378 .... 347 packets received, 3335 bps, 41.69%, Err 11 (1.1e-05)
216.503 .... 355 packets received, 3378 bps, 42.23%, Err 11 (1.1e-05)
218.619 .... 363 packets received, 3421 bps, 42.76%, Err 11 (1.1e-05)
220.722 .... 371 packets received, 3463 bps, 43.28%, Err 11 (1.0e-05)
222.840 .... 379 packets received, 3504 bps, 43.80%, Err 11 (1.0e-05)
224.959 .... 387 packets received, 3544 bps, 44.30%, Err 11 (1.0e-05)
229.693 .... 395 packets received, 3542 bps, 44.27%, Err 12 (1.1e-05)
231.812 .... 403 packets received, 3580 bps, 44.76%, Err 12 (1.1e-05)
235.094 .... 405 packets received, 3548 bps, 44.35%, Err 12 (1.0e-05)
237.198 .... 413 packets received, 3586 bps, 44.82%, Err 12 (1.0e-05)
239.302 .... 421 packets received, 3623 bps, 45.28%, Err 12 (1.0e-05)
241.438 .... 429 packets received, 3659 bps, 45.73%, Err 12 (9.8e-06)
243.543 .... 437 packets received, 3695 bps, 46.18%, Err 12 (9.7e-06)
245.662 .... 445 packets received, 3730 bps, 46.62%, Err 12 (9.6e-06)
247.767 .... 453 packets received, 3764 bps, 47.05%, Err 12 (9.5e-06)
249.888 .... 461 packets received, 3798 bps, 47.47%, Err 12 (9.3e-06)
251.977 .... 469 packets received, 3832 bps, 47.90%, Err 12 (9.2e-06)
254.112 .... 477 packets received, 3864 bps, 48.30%, Err 12 (9.1e-06)
256.202 .... 485 packets received, 3897 bps, 48.71%, Err 12 (9.0e-06)
259.897 .... 489 packets received, 3873 bps, 48.41%, Err 14 (1.0e-05)
262.017 .... 497 packets received, 3904 bps, 48.80%, Err 14 (1.0e-05)
264.196 .... 505 packets received, 3934 bps, 49.18%, Err 14 (1.0e-05)
266.331 .... 513 packets received, 3964 bps, 49.55%, Err 14 (9.9e-06)
268.436 .... 521 packets received, 3994 bps, 49.93%, Err 14 (9.8e-06)
270.540 .... 529 packets received, 4024 bps, 50.30%, Err 14 (9.6e-06)
274.493 .... 534 packets received, 4003 bps, 50.04%, Err 16 (1.1e-05)
276.613 .... 542 packets received, 4032 bps, 50.40%, Err 16 (1.1e-05)
278.794 .... 550 packets received, 4059 bps, 50.74%, Err 16 (1.1e-05)
280.914 .... 558 packets received, 4087 bps, 51.09%, Err 16 (1.0e-05)
285.139 .... 564 packets received, 4069 bps, 50.87%, Err 17 (1.1e-05)
287.243 .... 572 packets received, 4097 bps, 51.21%, Err 17 (1.1e-05)
289.454 .... 580 packets received, 4122 bps, 51.53%, Err 17 (1.1e-05)
291.560 .... 588 packets received, 4149 bps, 51.86%, Err 17 (1.0e-05)
293.665 .... 596 packets received, 4175 bps, 52.19%, Err 17 (1.0e-05)
295.771 .... 604 packets received, 4201 bps, 52.51%, Err 18 (1.1e-05)
298.680 .... 605 packets received, 4167 bps, 52.08%, Err 18 (1.1e-05)
300.785 .... 613 packets received, 4192 bps, 52.40%, Err 18 (1.1e-05)
306.724 .... 616 packets received, 4131 bps, 51.63%, Err 18 (1.1e-05)
310.936 .... 617 packets received, 4081 bps, 51.01%, Err 18 (1.1e-05)
315.065 .... 618 packets received, 4034 bps, 50.42%, Err 18 (1.1e-05)
319.219 .... 619 packets received, 3988 bps, 49.84%, Err 18 (1.1e-05)
323.260 .... 620 packets received, 3944 bps, 49.30%, Err 18 (1.1e-05)
327.361 .... 621 packets received, 3901 bps, 48.76%, Err 18 (1.1e-05)
331.476 .... 622 packets received, 3858 bps, 48.23%, Err 18 (1.0e-05)
335.650 .... 623 packets received, 3816 bps, 47.70%, Err 18 (1.0e-05)
339.717 .... 624 packets received, 3776 bps, 47.20%, Err 18 (1.0e-05)
343.737 .... 625 packets received, 3738 bps, 46.72%, Err 18 (1.0e-05)
347.820 .... 626 packets received, 3700 bps, 46.25%, Err 18 (1.0e-05)
351.933 .... 627 packets received, 3662 bps, 45.78%, Err 18 (1.0e-05)
356.018 .... 628 packets received, 3626 bps, 45.32%, Err 18 (1.0e-05)
360.130 .... 629 packets received, 3590 bps, 44.87%, Err 18 (1.0e-05)
364.182 .... 630 packets received, 3556 bps, 44.44%, Err 18 (1.0e-05)
368.234 .... 631 packets received, 3522 bps, 44.02%, Err 18 (1.0e-05)
372.407 .... 632 packets received, 3488 bps, 43.60%, Err 18 (1.0e-05)
376.638 .... 633 packets received, 3454 bps, 43.17%, Err 18 (1.0e-05)
380.689 .... 634 packets received, 3422 bps, 42.78%, Err 18 (1.0e-05)
384.835 .... 635 packets received, 3391 bps, 42.38%, Err 18 (1.0e-05)
388.903 .... 636 packets received, 3360 bps, 42.01%, Err 18 (1.0e-05)
392.986 .... 637 packets received, 3331 bps, 41.63%, Err 18 (1.0e-05)
396.978 .... 638 packets received, 3302 bps, 41.28%, Err 18 (1.0e-05)
400.546 .... 639 packets received, 3278 bps, 40.97%, Err 18 (1.0e-05)
402.664 .... 647 packets received, 3301 bps, 41.27%, Err 18 (1.0e-05)
404.767 .... 655 packets received, 3325 bps, 41.56%, Err 18 (1.0e-05)
409.245 .... 662 packets received, 3323 bps, 41.54%, Err 19 (1.0e-05)
411.346 .... 670 packets received, 3346 bps, 41.83%, Err 19 (1.0e-05)
413.554 .... 678 packets received, 3368 bps, 42.10%, Err 19 (1.0e-05)
417.760 .... 684 packets received, 3364 bps, 42.05%, Err 20 (1.0e-05)
419.878 .... 692 packets received, 3386 bps, 42.32%, Err 20 (1.0e-05)
422.056 .... 700 packets received, 3407 bps, 42.59%, Err 20 (1.0e-05)
424.158 .... 708 packets received, 3429 bps, 42.86%, Err 20 (1.0e-05)
426.275 .... 716 packets received, 3450 bps, 43.13%, Err 20 (1.0e-05)
431.102 .... 724 packets received, 3450 bps, 43.12%, Err 20 (9.9e-06)
433.220 .... 732 packets received, 3471 bps, 43.39%, Err 20 (9.9e-06)
436.428 .... 734 packets received, 3455 bps, 43.18%, Err 20 (9.7e-06)
438.549 .... 742 packets received, 3475 bps, 43.44%, Err 20 (9.7e-06)
440.656 .... 750 packets received, 3496 bps, 43.70%, Err 20 (9.6e-06)
442.760 .... 758 packets received, 3516 bps, 43.96%, Err 20 (9.5e-06)
444.893 .... 766 packets received, 3537 bps, 44.21%, Err 20 (9.4e-06)
448.041 .... 768 packets received, 3521 bps, 44.01%, Err 22 (1.0e-05)
450.174 .... 776 packets received, 3541 bps, 44.26%, Err 22 (1.0e-05)
452.337 .... 784 packets received, 3560 bps, 44.50%, Err 22 (1.0e-05)
454.455 .... 792 packets received, 3579 bps, 44.74%, Err 22 (1.0e-05)
456.558 .... 800 packets received, 3599 bps, 44.99%, Err 22 (9.9e-06)
460.340 .... 804 packets received, 3587 bps, 44.84%, Err 22 (9.8e-06)
462.458 .... 812 packets received, 3606 bps, 45.08%, Err 22 (9.7e-06)
464.559 .... 820 packets received, 3625 bps, 45.31%, Err 22 (9.6e-06)
469.050 .... 827 packets received, 3621 bps, 45.26%, Err 23 (9.9e-06)
471.151 .... 835 packets received, 3640 bps, 45.50%, Err 23 (9.9e-06)
473.328 .... 843 packets received, 3658 bps, 45.72%, Err 23 (9.8e-06)
477.894 .... 847 packets received, 3640 bps, 45.50%, Err 24 (1.0e-05)
480.784 .... 848 packets received, 3622 bps, 45.28%, Err 24 (1.0e-05)
482.902 .... 856 packets received, 3640 bps, 45.50%, Err 24 (9.9e-06)
485.096 .... 864 packets received, 3657 bps, 45.72%, Err 24 (9.8e-06)
488.272 .... 866 packets received, 3642 bps, 45.53%, Err 25 (1.0e-05)
490.377 .... 874 packets received, 3660 bps, 45.75%, Err 25 (1.0e-05)
492.558 .... 882 packets received, 3677 bps, 45.96%, Err 25 (1.0e-05)
494.664 .... 890 packets received, 3694 bps, 46.18%, Err 25 (9.9e-06)
496.776 .... 898 packets received, 3712 bps, 46.40%, Err 26 (1.0e-05)
499.671 .... 899 packets received, 3694 bps, 46.18%, Err 26 (1.0e-05)
501.806 .... 907 packets received, 3711 bps, 46.39%, Err 26 (1.0e-05)
507.699 .... 910 packets received, 3680 bps, 46.00%, Err 26 (1.0e-05)
511.831 .... 911 packets received, 3654 bps, 45.68%, Err 26 (1.0e-05)
515.939 .... 912 packets received, 3629 bps, 45.37%, Err 26 (1.0e-05)
520.052 .... 913 packets received, 3604 bps, 45.06%, Err 26 (1.0e-05)
524.224 .... 914 packets received, 3580 bps, 44.75%, Err 26 (1.0e-05)
528.320 .... 915 packets received, 3556 bps, 44.45%, Err 26 (1.0e-05)
532.387 .... 916 packets received, 3532 bps, 44.15%, Err 26 (1.0e-05)
536.574 .... 917 packets received, 3509 bps, 43.86%, Err 26 (1.0e-05)
540.599 .... 918 packets received, 3486 bps, 43.58%, Err 26 (1.0e-05)
544.748 .... 919 packets received, 3463 bps, 43.29%, Err 26 (1.0e-05)
548.854 .... 920 packets received, 3441 bps, 43.01%, Err 26 (9.9e-06)
552.936 .... 921 packets received, 3419 bps, 42.74%, Err 26 (9.9e-06)
556.984 .... 922 packets received, 3398 bps, 42.48%, Err 26 (9.9e-06)
561.051 .... 923 packets received, 3377 bps, 42.21%, Err 26 (9.9e-06)
565.126 .... 924 packets received, 3356 bps, 41.95%, Err 26 (9.9e-06)
569.158 .... 925 packets received, 3336 bps, 41.70%, Err 26 (9.9e-06)
573.195 .... 926 packets received, 3316 bps, 41.45%, Err 26 (9.9e-06)
577.354 .... 927 packets received, 3296 bps, 41.20%, Err 26 (9.9e-06)
581.418 .... 928 packets received, 3276 bps, 40.95%, Err 26 (9.9e-06)
585.461 .... 929 packets received, 3257 bps, 40.71%, Err 26 (9.8e-06)
589.552 .... 930 packets received, 3238 bps, 40.47%, Err 26 (9.8e-06)
593.647 .... 931 packets received, 3219 bps, 40.24%, Err 26 (9.8e-06)
597.677 .... 932 packets received, 3201 bps, 40.01%, Err 26 (9.8e-06)
600.541 .... 933 packets received, 3189 bps, 39.86%, Err 26 (9.8e-06)
602.665 .... 941 packets received, 3205 bps, 40.06%, Err 26 (9.7e-06)
604.834 .... 949 packets received, 3220 bps, 40.25%, Err 26 (9.7e-06)
606.983 .... 957 packets received, 3236 bps, 40.45%, Err 26 (9.6e-06)
609.144 .... 965 packets received, 3251 bps, 40.64%, Err 26 (9.5e-06)
611.305 .... 973 packets received, 3267 bps, 40.83%, Err 26 (9.5e-06)
613.457 .... 981 packets received, 3282 bps, 41.02%, Err 26 (9.4e-06)
615.622 .... 989 packets received, 3297 bps, 41.21%, Err 26 (9.4e-06)
617.774 .... 997 packets received, 3312 bps, 41.40%, Err 26 (9.3e-06)
619.882 .... 1005 packets received, 3327 bps, 41.59%, Err 26 (9.3e-06)
623.411 .... 1008 packets received, 3318 bps, 41.48%, Err 27 (9.5e-06)
625.556 .... 1016 packets received, 3333 bps, 41.66%, Err 27 (9.5e-06)
627.703 .... 1024 packets received, 3348 bps, 41.85%, Err 27 (9.4e-06)
629.861 .... 1032 packets received, 3362 bps, 42.03%, Err 27 (9.3e-06)
632.003 .... 1040 packets received, 3377 bps, 42.21%, Err 27 (9.3e-06)
634.145 .... 1048 packets received, 3392 bps, 42.39%, Err 27 (9.2e-06)
637.377 .... 1050 packets received, 3381 bps, 42.26%, Err 27 (9.2e-06)
639.543 .... 1058 packets received, 3395 bps, 42.44%, Err 27 (9.1e-06)
641.723 .... 1066 packets received, 3409 bps, 42.61%, Err 27 (9.1e-06)
645.227 .... 1069 packets received, 3400 bps, 42.50%, Err 29 (9.6e-06)
647.322 .... 1077 packets received, 3414 bps, 42.68%, Err 29 (9.6e-06)
649.519 .... 1085 packets received, 3428 bps, 42.85%, Err 29 (9.5e-06)
651.649 .... 1093 packets received, 3442 bps, 43.02%, Err 29 (9.5e-06)
653.802 .... 1101 packets received, 3456 bps, 43.20%, Err 29 (9.4e-06)
655.972 .... 1109 packets received, 3469 bps, 43.37%, Err 29 (9.4e-06)
658.142 .... 1117 packets received, 3483 bps, 43.53%, Err 29 (9.3e-06)
660.297 .... 1125 packets received, 3496 bps, 43.70%, Err 29 (9.3e-06)
662.459 .... 1133 packets received, 3510 bps, 43.87%, Err 29 (9.2e-06)
664.582 .... 1141 packets received, 3523 bps, 44.04%, Err 29 (9.2e-06)
668.865 .... 1147 packets received, 3519 bps, 43.99%, Err 29 (9.1e-06)
671.029 .... 1155 packets received, 3532 bps, 44.15%, Err 29 (9.0e-06)
673.176 .... 1163 packets received, 3545 bps, 44.31%, Err 29 (9.0e-06)
675.347 .... 1171 packets received, 3558 bps, 44.47%, Err 29 (8.9e-06)
677.513 .... 1179 packets received, 3571 bps, 44.63%, Err 29 (8.9e-06)
679.645 .... 1187 packets received, 3584 bps, 44.80%, Err 29 (8.8e-06)
681.812 .... 1195 packets received, 3596 bps, 44.95%, Err 29 (8.8e-06)
683.979 .... 1203 packets received, 3609 bps, 45.11%, Err 29 (8.7e-06)
686.145 .... 1211 packets received, 3621 bps, 45.27%, Err 29 (8.7e-06)
689.901 .... 1215 packets received, 3614 bps, 45.17%, Err 30 (8.9e-06)
692.028 .... 1223 packets received, 3626 bps, 45.33%, Err 30 (8.9e-06)
696.770 .... 1228 packets received, 3616 bps, 45.20%, Err 31 (9.1e-06)
698.941 .... 1236 packets received, 3628 bps, 45.36%, Err 31 (9.0e-06)
704.110 .... 1241 packets received, 3616 bps, 45.20%, Err 32 (9.2e-06)
708.142 .... 1242 packets received, 3599 bps, 44.98%, Err 32 (9.2e-06)
712.189 .... 1243 packets received, 3581 bps, 44.76%, Err 32 (9.2e-06)
716.228 .... 1244 packets received, 3564 bps, 44.54%, Err 32 (9.2e-06)
720.354 .... 1245 packets received, 3546 bps, 44.32%, Err 32 (9.2e-06)
724.418 .... 1246 packets received, 3529 bps, 44.11%, Err 32 (9.2e-06)
728.608 .... 1247 packets received, 3511 bps, 43.89%, Err 32 (9.2e-06)
732.616 .... 1248 packets received, 3495 bps, 43.69%, Err 32 (9.2e-06)
736.656 .... 1249 packets received, 3479 bps, 43.48%, Err 32 (9.2e-06)
740.710 .... 1250 packets received, 3462 bps, 43.28%, Err 32 (9.1e-06)
744.839 .... 1251 packets received, 3446 bps, 43.07%, Err 32 (9.1e-06)
748.890 .... 1252 packets received, 3430 bps, 42.87%, Err 32 (9.1e-06)
753.031 .... 1253 packets received, 3414 bps, 42.67%, Err 32 (9.1e-06)
757.125 .... 1254 packets received, 3398 bps, 42.47%, Err 33 (9.4e-06)
761.219 .... 1255 packets received, 3382 bps, 42.28%, Err 33 (9.4e-06)
765.303 .... 1256 packets received, 3367 bps, 42.09%, Err 33 (9.4e-06)
769.374 .... 1257 packets received, 3352 bps, 41.90%, Err 33 (9.4e-06)
773.458 .... 1258 packets received, 3337 bps, 41.71%, Err 33 (9.4e-06)
777.578 .... 1259 packets received, 3322 bps, 41.52%, Err 33 (9.4e-06)
781.634 .... 1260 packets received, 3307 bps, 41.34%, Err 33 (9.4e-06)
785.730 .... 1261 packets received, 3292 bps, 41.15%, Err 33 (9.3e-06)
789.812 .... 1262 packets received, 3278 bps, 40.97%, Err 34 (9.6e-06)
793.927 .... 1263 packets received, 3263 bps, 40.79%, Err 34 (9.6e-06)
797.960 .... 1264 packets received, 3249 bps, 40.62%, Err 34 (9.6e-06)
800.546 .... 1265 packets received, 3241 bps, 40.52%, Err 34 (9.6e-06)
802.664 .... 1273 packets received, 3253 bps, 40.67%, Err 34 (9.6e-06)
804.781 .... 1281 packets received, 3265 bps, 40.81%, Err 34 (9.5e-06)
808.211 .... 1284 packets received, 3259 bps, 40.74%, Err 35 (9.7e-06)
810.316 .... 1292 packets received, 3271 bps, 40.88%, Err 36 (9.9e-06)
812.481 .... 1300 packets received, 3282 bps, 41.03%, Err 36 (9.9e-06)
816.536 .... 1304 packets received, 3276 bps, 40.95%, Err 36 (9.8e-06)
818.642 .... 1312 packets received, 3287 bps, 41.09%, Err 36 (9.8e-06)
820.747 .... 1320 packets received, 3299 bps, 41.24%, Err 36 (9.7e-06)
822.853 .... 1328 packets received, 3310 bps, 41.38%, Err 36 (9.7e-06)
824.975 .... 1336 packets received, 3322 bps, 41.52%, Err 36 (9.6e-06)
828.732 .... 1340 packets received, 3317 bps, 41.46%, Err 36 (9.6e-06)
830.838 .... 1348 packets received, 3328 bps, 41.60%, Err 36 (9.5e-06)
834.549 .... 1352 packets received, 3323 bps, 41.54%, Err 37 (9.7e-06)
836.670 .... 1360 packets received, 3334 bps, 41.68%, Err 37 (9.7e-06)
841.712 .... 1367 packets received, 3331 bps, 41.64%, Err 38 (9.8e-06)
843.861 .... 1375 packets received, 3342 bps, 41.78%, Err 38 (9.8e-06)
845.978 .... 1383 packets received, 3353 bps, 41.92%, Err 38 (9.7e-06)
848.082 .... 1391 packets received, 3364 bps, 42.05%, Err 38 (9.7e-06)
850.203 .... 1399 packets received, 3375 bps, 42.19%, Err 38 (9.6e-06)
852.309 .... 1407 packets received, 3386 bps, 42.33%, Err 38 (9.6e-06)
854.430 .... 1415 packets received, 3397 bps, 42.46%, Err 38 (9.6e-06)
856.521 .... 1423 packets received, 3408 bps, 42.60%, Err 38 (9.5e-06)
858.635 .... 1431 packets received, 3418 bps, 42.73%, Err 38 (9.5e-06)
863.385 .... 1439 packets received, 3419 bps, 42.73%, Err 41 (1.0e-05)
865.519 .... 1447 packets received, 3429 bps, 42.86%, Err 41 (1.0e-05)
867.683 .... 1455 packets received, 3439 bps, 42.99%, Err 41 (1.0e-05)
869.785 .... 1463 packets received, 3450 bps, 43.12%, Err 41 (1.0e-05)
873.235 .... 1466 packets received, 3443 bps, 43.04%, Err 43 (1.0e-05)
875.353 .... 1474 packets received, 3454 bps, 43.17%, Err 43 (1.0e-05)
877.473 .... 1482 packets received, 3464 bps, 43.30%, Err 43 (1.0e-05)
879.593 .... 1490 packets received, 3474 bps, 43.43%, Err 43 (1.0e-05)
881.714 .... 1498 packets received, 3485 bps, 43.56%, Err 43 (1.0e-05)
883.805 .... 1506 packets received, 3495 bps, 43.69%, Err 43 (1.0e-05)
885.940 .... 1514 packets received, 3505 bps, 43.81%, Err 44 (1.0e-05)
888.031 .... 1522 packets received, 3515 bps, 43.94%, Err 44 (1.0e-05)
890.152 .... 1530 packets received, 3525 bps, 44.07%, Err 44 (1.0e-05)
893.392 .... 1532 packets received, 3517 bps, 43.96%, Err 44 (1.0e-05)
895.512 .... 1540 packets received, 3527 bps, 44.09%, Err 44 (1.0e-05)
897.603 .... 1548 packets received, 3537 bps, 44.21%, Err 44 (1.0e-05)
899.738 .... 1556 packets received, 3547 bps, 44.34%, Err 44 (1.0e-05)
904.609 .... 1560 packets received, 3537 bps, 44.21%, Err 44 (1.0e-05)
908.677 .... 1561 packets received, 3523 bps, 44.04%, Err 44 (1.0e-05)
912.733 .... 1562 packets received, 3510 bps, 43.87%, Err 44 (1.0e-05)
916.819 .... 1563 packets received, 3496 bps, 43.71%, Err 44 (1.0e-05)
920.860 .... 1564 packets received, 3483 bps, 43.54%, Err 44 (1.0e-05)
924.932 .... 1565 packets received, 3470 bps, 43.38%, Err 44 (1.0e-05)
929.076 .... 1566 packets received, 3457 bps, 43.21%, Err 44 (1.0e-05)
933.237 .... 1567 packets received, 3444 bps, 43.04%, Err 44 (1.0e-05)
937.352 .... 1568 packets received, 3431 bps, 42.88%, Err 44 (1.0e-05)
941.482 .... 1569 packets received, 3418 bps, 42.72%, Err 44 (1.0e-05)
945.580 .... 1570 packets received, 3405 bps, 42.56%, Err 44 (1.0e-05)
949.637 .... 1571 packets received, 3393 bps, 42.41%, Err 44 (1.0e-05)
953.766 .... 1572 packets received, 3380 bps, 42.25%, Err 44 (1.0e-05)
957.773 .... 1573 packets received, 3368 bps, 42.10%, Err 44 (1.0e-05)
961.948 .... 1574 packets received, 3356 bps, 41.95%, Err 44 (1.0e-05)
966.049 .... 1575 packets received, 3343 bps, 41.79%, Err 44 (1.0e-05)
970.091 .... 1576 packets received, 3332 bps, 41.65%, Err 44 (1.0e-05)
974.164 .... 1577 packets received, 3320 bps, 41.50%, Err 44 (1.0e-05)
978.296 .... 1578 packets received, 3308 bps, 41.35%, Err 44 (1.0e-05)
982.411 .... 1579 packets received, 3296 bps, 41.20%, Err 44 (1.0e-05)
986.601 .... 1580 packets received, 3284 bps, 41.05%, Err 44 (1.0e-05)
990.736 .... 1581 packets received, 3272 bps, 40.91%, Err 44 (1.0e-05)
994.959 .... 1582 packets received, 3261 bps, 40.76%, Err 44 (1.0e-05)
999.043 .... 1583 packets received, 3249 bps, 40.62%, Err 44 (1.0e-05)
1001.070 .... 1586 packets received, 3249 bps, 40.61%, Err 44 (1.0e-05)
1003.173 .... 1594 packets received, 3258 bps, 40.73%, Err 44 (9.9e-06)
1006.943 .... 1598 packets received, 3254 bps, 40.68%, Err 45 (1.0e-05)
1010.909 .... 1603 packets received, 3252 bps, 40.65%, Err 46 (1.0e-05)
1015.437 .... 1609 packets received, 3249 bps, 40.62%, Err 47 (1.0e-05)
1017.634 .... 1617 packets received, 3258 bps, 40.73%, Err 47 (1.0e-05)
1022.980 .... 1624 packets received, 3255 bps, 40.69%, Err 47 (1.0e-05)
1025.099 .... 1632 packets received, 3265 bps, 40.81%, Err 47 (1.0e-05)
1027.220 .... 1640 packets received, 3274 bps, 40.92%, Err 47 (1.0e-05)
1029.324 .... 1648 packets received, 3283 bps, 41.04%, Err 47 (1.0e-05)
1031.429 .... 1656 packets received, 3292 bps, 41.15%, Err 47 (1.0e-05)
1033.548 .... 1664 packets received, 3301 bps, 41.27%, Err 48 (1.0e-05)
1036.440 .... 1665 packets received, 3294 bps, 41.18%, Err 48 (1.0e-05)
1038.574 .... 1673 packets received, 3303 bps, 41.29%, Err 48 (1.0e-05)
1040.723 .... 1681 packets received, 3312 bps, 41.40%, Err 48 (1.0e-05)
1042.874 .... 1689 packets received, 3321 bps, 41.51%, Err 48 (1.0e-05)
1044.979 .... 1697 packets received, 3330 bps, 41.63%, Err 48 (1.0e-05)
1047.098 .... 1705 packets received, 3339 bps, 41.74%, Err 48 (1.0e-05)
1051.850 .... 1713 packets received, 3339 bps, 41.74%, Err 49 (1.0e-05)
1053.957 .... 1721 packets received, 3348 bps, 41.85%, Err 49 (1.0e-05)
1056.136 .... 1729 packets received, 3357 bps, 41.96%, Err 49 (1.0e-05)
1058.267 .... 1737 packets received, 3366 bps, 42.07%, Err 49 (1.0e-05)
1060.353 .... 1745 packets received, 3374 bps, 42.18%, Err 49 (1.0e-05)
1062.484 .... 1753 packets received, 3383 bps, 42.29%, Err 49 (1.0e-05)
1065.915 .... 1756 packets received, 3378 bps, 42.23%, Err 50 (1.0e-05)
1068.018 .... 1764 packets received, 3387 bps, 42.33%, Err 50 (1.0e-05)
1072.848 .... 1772 packets received, 3387 bps, 42.33%, Err 51 (1.0e-05)
1074.966 .... 1780 packets received, 3395 bps, 42.44%, Err 51 (1.0e-05)
1077.145 .... 1788 packets received, 3404 bps, 42.55%, Err 51 (1.0e-05)
1080.854 .... 1792 packets received, 3400 bps, 42.49%, Err 52 (1.0e-05)
1082.959 .... 1800 packets received, 3408 bps, 42.60%, Err 52 (1.0e-05)
1085.122 .... 1808 packets received, 3416 bps, 42.71%, Err 52 (1.0e-05)
1087.253 .... 1816 packets received, 3425 bps, 42.81%, Err 52 (1.0e-05)
1089.356 .... 1824 packets received, 3433 bps, 42.92%, Err 52 (1.0e-05)
1093.656 .... 1830 packets received, 3431 bps, 42.89%, Err 53 (1.0e-05)
1095.760 .... 1838 packets received, 3439 bps, 42.99%, Err 53 (1.0e-05)
1097.893 .... 1846 packets received, 3448 bps, 43.09%, Err 53 (1.0e-05)
1101.949 .... 1847 packets received, 3437 bps, 42.96%, Err 54 (1.0e-05)
1106.079 .... 1848 packets received, 3426 bps, 42.82%, Err 54 (1.0e-05)
1110.149 .... 1849 packets received, 3415 bps, 42.69%, Err 54 (1.0e-05)
1114.218 .... 1850 packets received, 3404 bps, 42.55%, Err 54 (1.0e-05)
1118.282 .... 1851 packets received, 3394 bps, 42.42%, Err 54 (1.0e-05)
1122.396 .... 1852 packets received, 3383 bps, 42.29%, Err 54 (1.0e-05)
1126.558 .... 1853 packets received, 3373 bps, 42.16%, Err 54 (1.0e-05)
1130.687 .... 1854 packets received, 3362 bps, 42.02%, Err 54 (1.0e-05)
1134.711 .... 1855 packets received, 3352 bps, 41.90%, Err 54 (1.0e-05)
1138.781 .... 1856 packets received, 3342 bps, 41.77%, Err 54 (1.0e-05)
1142.925 .... 1857 packets received, 3331 bps, 41.64%, Err 54 (1.0e-05)
1147.039 .... 1858 packets received, 3321 bps, 41.51%, Err 54 (1.0e-05)
1151.111 .... 1859 packets received, 3311 bps, 41.39%, Err 54 (1.0e-05)
1155.228 .... 1860 packets received, 3301 bps, 41.26%, Err 54 (1.0e-05)
1159.299 .... 1861 packets received, 3291 bps, 41.14%, Err 54 (1.0e-05)
1163.326 .... 1862 packets received, 3282 bps, 41.02%, Err 54 (1.0e-05)
1167.414 .... 1863 packets received, 3272 bps, 40.90%, Err 54 (1.0e-05)
1171.591 .... 1864 packets received, 3262 bps, 40.77%, Err 54 (1.0e-05)
1175.752 .... 1865 packets received, 3252 bps, 40.65%, Err 54 (1.0e-05)
1179.818 .... 1866 packets received, 3243 bps, 40.53%, Err 54 (1.0e-05)
1183.887 .... 1867 packets received, 3233 bps, 40.42%, Err 54 (1.0e-05)
1187.919 .... 1868 packets received, 3224 bps, 40.30%, Err 54 (1.0e-05)
1191.951 .... 1869 packets received, 3215 bps, 40.19%, Err 54 (1.0e-05)
1196.072 .... 1870 packets received, 3205 bps, 40.07%, Err 54 (1.0e-05)
1200.122 .... 1871 packets received, 3196 bps, 39.95%, Err 54 (1.0e-05)
1202.124 .... 1878 packets received, 3203 bps, 40.04%, Err 54 (1.0e-05)
1205.827 .... 1882 packets received, 3200 bps, 40.00%, Err 55 (1.0e-05)
1207.955 .... 1890 packets received, 3208 bps, 40.10%, Err 55 (1.0e-05)
1211.179 .... 1892 packets received, 3203 bps, 40.03%, Err 55 (1.0e-05)
1213.297 .... 1900 packets received, 3211 bps, 40.13%, Err 55 (1.0e-05)
1215.402 .... 1908 packets received, 3218 bps, 40.23%, Err 55 (1.0e-05)
1217.508 .... 1916 packets received, 3226 bps, 40.33%, Err 55 (1.0e-05)
1219.640 .... 1924 packets received, 3234 bps, 40.43%, Err 55 (1.0e-05)
1221.729 .... 1932 packets received, 3242 bps, 40.53%, Err 55 (1.0e-05)
1223.863 .... 1940 packets received, 3250 bps, 40.62%, Err 55 (1.0e-05)
1225.967 .... 1948 packets received, 3258 bps, 40.72%, Err 55 (1.0e-05)
1228.072 .... 1956 packets received, 3265 bps, 40.82%, Err 55 (1.0e-05)
1232.556 .... 1963 packets received, 3265 bps, 40.81%, Err 57 (1.0e-05)
1234.659 .... 1971 packets received, 3273 bps, 40.91%, Err 57 (1.0e-05)
1236.851 .... 1979 packets received, 3280 bps, 41.00%, Err 57 (1.0e-05)
1241.145 .... 1983 packets received, 3276 bps, 40.94%, Err 57 (1.0e-05)
1243.261 .... 1991 packets received, 3283 bps, 41.04%, Err 57 (1.0e-05)
1246.485 .... 1993 packets received, 3278 bps, 40.97%, Err 58 (1.0e-05)
1248.573 .... 2001 packets received, 3286 bps, 41.07%, Err 58 (1.0e-05)
1251.812 .... 2003 packets received, 3280 bps, 41.00%, Err 59 (1.0e-05)
1253.916 .... 2011 packets received, 3288 bps, 41.10%, Err 59 (1.0e-05)
1257.152 .... 2013 packets received, 3283 bps, 41.03%, Err 59 (1.0e-05)
1259.254 .... 2021 packets received, 3290 bps, 41.13%, Err 59 (1.0e-05)
1262.491 .... 2023 packets received, 3285 bps, 41.06%, Err 59 (1.0e-05)
1266.181 .... 2027 packets received, 3282 bps, 41.02%, Err 60 (1.0e-05)
1268.329 .... 2035 packets received, 3289 bps, 41.12%, Err 60 (1.0e-05)
1273.399 .... 2043 packets received, 3289 bps, 41.11%, Err 60 (1.0e-05)
1275.531 .... 2051 packets received, 3296 bps, 41.21%, Err 60 (1.0e-05)
1278.755 .... 2053 packets received, 3291 bps, 41.14%, Err 60 (1.0e-05)
1280.847 .... 2061 packets received, 3299 bps, 41.23%, Err 60 (1.0e-05)
1282.334 TCP Disconnected.
