000.000 =============================================================
000.000                     Station A                               
000.000 -------------------------------------------------------------
000.000 Protocol.lib, version 4.0, jiangyanjun0718@bupt.edu.cn
000.000 Channel: 8000 bps, 270 ms propagation delay, bit error rate 1.0E-05
000.000 Log file "a400.log", TCP port 59144, debug mask 0x00
000.000 Station A is waiting for station B on TCP port 59144 ... Done.
000.974 New epoch: Sun Apr  9 13:23:51 2023
000.974 =================================================================
000.974 
000.974 Designed by Li Ruobin, build: Apr  9 2023  13:23:34
004.210 .... 1 packets received, 703 bps, 8.79%, Err 1 (4.0e-05)
006.352 .... 9 packets received, 3646 bps, 45.58%, Err 1 (2.4e-05)
008.475 .... 17 packets received, 4850 bps, 60.63%, Err 1 (1.7e-05)
010.589 .... 25 packets received, 5510 bps, 68.88%, Err 1 (1.3e-05)
012.717 .... 33 packets received, 5918 bps, 73.98%, Err 1 (1.1e-05)
016.932 .... 39 packets received, 5109 bps, 63.86%, Err 2 (1.6e-05)
019.029 .... 47 packets received, 5428 bps, 67.85%, Err 2 (1.4e-05)
023.846 .... 53 packets received, 4814 bps, 60.17%, Err 2 (1.1e-05)
025.971 .... 61 packets received, 5063 bps, 63.29%, Err 2 (1.0e-05)
029.163 .... 63 packets received, 4630 bps, 57.88%, Err 2 (8.9e-06)
031.268 .... 71 packets received, 4852 bps, 60.65%, Err 2 (8.3e-06)
034.464 .... 73 packets received, 4508 bps, 56.35%, Err 2 (7.5e-06)
036.581 .... 81 packets received, 4702 bps, 58.77%, Err 2 (7.0e-06)
039.788 .... 83 packets received, 4416 bps, 55.20%, Err 3 (9.7e-06)
041.878 .... 91 packets received, 4592 bps, 57.41%, Err 3 (9.2e-06)
045.082 .... 93 packets received, 4350 bps, 54.37%, Err 3 (8.5e-06)
047.195 .... 101 packets received, 4507 bps, 56.33%, Err 4 (1.1e-05)
050.401 .... 103 packets received, 4296 bps, 53.70%, Err 4 (1.0e-05)
052.506 .... 111 packets received, 4439 bps, 55.49%, Err 4 (9.7e-06)
055.717 .... 113 packets received, 4253 bps, 53.16%, Err 4 (9.1e-06)
057.806 .... 121 packets received, 4385 bps, 54.82%, Err 4 (8.8e-06)
061.014 .... 123 packets received, 4218 bps, 52.73%, Err 4 (8.3e-06)
063.106 .... 131 packets received, 4341 bps, 54.26%, Err 4 (8.1e-06)
066.320 .... 133 packets received, 4189 bps, 52.36%, Err 4 (7.7e-06)
068.410 .... 141 packets received, 4303 bps, 53.78%, Err 4 (7.4e-06)
071.639 .... 143 packets received, 4163 bps, 52.04%, Err 4 (7.1e-06)
073.733 .... 151 packets received, 4269 bps, 53.37%, Err 4 (6.9e-06)
076.935 .... 153 packets received, 4143 bps, 51.78%, Err 5 (8.2e-06)
079.044 .... 161 packets received, 4241 bps, 53.01%, Err 5 (8.0e-06)
082.238 .... 163 packets received, 4124 bps, 51.55%, Err 5 (7.7e-06)
084.359 .... 171 packets received, 4216 bps, 52.70%, Err 5 (7.5e-06)
087.548 .... 173 packets received, 4108 bps, 51.35%, Err 5 (7.2e-06)
089.662 .... 181 packets received, 4195 bps, 52.44%, Err 6 (8.5e-06)
092.587 .... 182 packets received, 4083 bps, 51.04%, Err 6 (8.2e-06)
094.693 .... 190 packets received, 4166 bps, 52.08%, Err 6 (8.0e-06)
098.446 .... 193 packets received, 4069 bps, 50.86%, Err 6 (7.7e-06)
100.551 .... 201 packets received, 4147 bps, 51.84%, Err 6 (7.6e-06)
104.611 .... 202 packets received, 4004 bps, 50.05%, Err 6 (7.5e-06)
108.783 .... 203 packets received, 3868 bps, 48.35%, Err 6 (7.5e-06)
112.998 .... 204 packets received, 3740 bps, 46.75%, Err 6 (7.5e-06)
117.113 .... 205 packets received, 3625 bps, 45.31%, Err 6 (7.4e-06)
121.204 .... 206 packets received, 3518 bps, 43.98%, Err 6 (7.4e-06)
125.332 .... 207 packets received, 3418 bps, 42.72%, Err 6 (7.4e-06)
129.506 .... 208 packets received, 3323 bps, 41.53%, Err 6 (7.4e-06)
133.726 .... 209 packets received, 3232 bps, 40.40%, Err 6 (7.3e-06)
137.858 .... 210 packets received, 3149 bps, 39.37%, Err 6 (7.3e-06)
141.993 .... 211 packets received, 3071 bps, 38.39%, Err 6 (7.3e-06)
146.010 .... 212 packets received, 3000 bps, 37.50%, Err 6 (7.3e-06)
150.047 .... 213 packets received, 2933 bps, 36.66%, Err 6 (7.2e-06)
154.095 .... 214 packets received, 2868 bps, 35.85%, Err 6 (7.2e-06)
158.181 .... 215 packets received, 2807 bps, 35.08%, Err 6 (7.2e-06)
162.281 .... 216 packets received, 2748 bps, 34.35%, Err 6 (7.2e-06)
166.331 .... 217 packets received, 2693 bps, 33.66%, Err 6 (7.1e-06)
170.423 .... 218 packets received, 2640 bps, 33.00%, Err 6 (7.1e-06)
174.588 .... 219 packets received, 2588 bps, 32.35%, Err 6 (7.1e-06)
178.828 .... 220 packets received, 2538 bps, 31.72%, Err 6 (7.1e-06)
182.933 .... 221 packets received, 2492 bps, 31.15%, Err 6 (7.1e-06)
189.524 .... 222 packets received, 2415 bps, 30.19%, Err 7 (8.2e-06)
195.245 .... 224 packets received, 2365 bps, 29.57%, Err 7 (8.1e-06)
199.301 .... 225 packets received, 2327 bps, 29.09%, Err 8 (9.3e-06)
203.973 .... 229 packets received, 2314 bps, 28.92%, Err 9 (1.0e-05)
206.119 .... 237 packets received, 2370 bps, 29.62%, Err 9 (9.9e-06)
208.252 .... 245 packets received, 2424 bps, 30.31%, Err 9 (9.7e-06)
210.337 .... 253 packets received, 2479 bps, 30.98%, Err 9 (9.5e-06)
212.449 .... 261 packets received, 2531 bps, 31.64%, Err 9 (9.4e-06)
214.566 .... 269 packets received, 2583 bps, 32.29%, Err 9 (9.2e-06)
216.683 .... 277 packets received, 2634 bps, 32.92%, Err 9 (9.0e-06)
221.177 .... 284 packets received, 2645 bps, 33.07%, Err 10 (9.7e-06)
223.279 .... 292 packets received, 2694 bps, 33.67%, Err 11 (1.0e-05)
225.427 .... 300 packets received, 2741 bps, 34.27%, Err 11 (1.0e-05)
228.587 .... 302 packets received, 2721 bps, 34.01%, Err 12 (1.1e-05)
230.695 .... 310 packets received, 2768 bps, 34.59%, Err 12 (1.1e-05)
232.844 .... 318 packets received, 2813 bps, 35.16%, Err 12 (1.1e-05)
234.962 .... 326 packets received, 2857 bps, 35.72%, Err 12 (1.1e-05)
237.057 .... 334 packets received, 2901 bps, 36.27%, Err 12 (1.0e-05)
239.166 .... 342 packets received, 2945 bps, 36.81%, Err 12 (1.0e-05)
241.311 .... 350 packets received, 2986 bps, 37.33%, Err 12 (1.0e-05)
243.412 .... 358 packets received, 3028 bps, 37.85%, Err 12 (9.9e-06)
245.525 .... 366 packets received, 3069 bps, 38.36%, Err 12 (9.8e-06)
247.623 .... 374 packets received, 3110 bps, 38.87%, Err 12 (9.7e-06)
249.754 .... 382 packets received, 3149 bps, 39.36%, Err 13 (1.0e-05)
251.834 .... 390 packets received, 3188 bps, 39.85%, Err 13 (1.0e-05)
253.974 .... 398 packets received, 3226 bps, 40.32%, Err 13 (1.0e-05)
256.085 .... 406 packets received, 3263 bps, 40.79%, Err 13 (9.9e-06)
259.767 .... 410 packets received, 3249 bps, 40.61%, Err 14 (1.0e-05)
261.877 .... 418 packets received, 3285 bps, 41.07%, Err 14 (1.0e-05)
264.033 .... 426 packets received, 3321 bps, 41.51%, Err 14 (1.0e-05)
268.238 .... 432 packets received, 3314 bps, 41.43%, Err 15 (1.1e-05)
270.361 .... 440 packets received, 3349 bps, 41.86%, Err 15 (1.1e-05)
272.503 .... 448 packets received, 3383 bps, 42.29%, Err 15 (1.0e-05)
274.611 .... 456 packets received, 3417 bps, 42.71%, Err 15 (1.0e-05)
276.725 .... 464 packets received, 3450 bps, 43.13%, Err 15 (1.0e-05)
278.832 .... 472 packets received, 3483 bps, 43.54%, Err 15 (1.0e-05)
286.268 .... 480 packets received, 3450 bps, 43.12%, Err 16 (1.0e-05)
290.521 .... 483 packets received, 3420 bps, 42.75%, Err 17 (1.1e-05)
292.657 .... 491 packets received, 3451 bps, 43.14%, Err 17 (1.1e-05)
294.799 .... 499 packets received, 3482 bps, 43.52%, Err 17 (1.0e-05)
299.821 .... 506 packets received, 3471 bps, 43.39%, Err 17 (1.0e-05)
304.575 .... 509 packets received, 3437 bps, 42.97%, Err 17 (1.0e-05)
308.702 .... 510 packets received, 3398 bps, 42.47%, Err 17 (1.0e-05)
312.805 .... 511 packets received, 3360 bps, 41.99%, Err 17 (1.0e-05)
316.877 .... 512 packets received, 3323 bps, 41.53%, Err 17 (1.0e-05)
320.978 .... 513 packets received, 3286 bps, 41.08%, Err 17 (1.0e-05)
325.002 .... 514 packets received, 3252 bps, 40.65%, Err 17 (1.0e-05)
329.129 .... 515 packets received, 3217 bps, 40.22%, Err 17 (1.0e-05)
333.175 .... 516 packets received, 3184 bps, 39.80%, Err 17 (1.0e-05)
337.252 .... 517 packets received, 3152 bps, 39.40%, Err 17 (1.0e-05)
341.382 .... 518 packets received, 3119 bps, 38.99%, Err 17 (1.0e-05)
345.412 .... 519 packets received, 3089 bps, 38.61%, Err 17 (1.0e-05)
349.520 .... 520 packets received, 3058 bps, 38.23%, Err 17 (1.0e-05)
353.705 .... 521 packets received, 3028 bps, 37.85%, Err 17 (1.0e-05)
357.902 .... 522 packets received, 2998 bps, 37.47%, Err 17 (1.0e-05)
361.967 .... 523 packets received, 2970 bps, 37.12%, Err 17 (1.0e-05)
366.020 .... 524 packets received, 2942 bps, 36.78%, Err 17 (1.0e-05)
370.146 .... 525 packets received, 2915 bps, 36.44%, Err 17 (9.9e-06)
374.212 .... 526 packets received, 2889 bps, 36.11%, Err 17 (9.9e-06)
378.205 .... 527 packets received, 2864 bps, 35.79%, Err 17 (9.9e-06)
382.288 .... 528 packets received, 2838 bps, 35.48%, Err 17 (9.9e-06)
386.296 .... 529 packets received, 2814 bps, 35.18%, Err 17 (9.9e-06)
390.443 .... 530 packets received, 2789 bps, 34.87%, Err 17 (9.8e-06)
396.995 .... 531 packets received, 2748 bps, 34.35%, Err 18 (1.0e-05)
400.524 .... 533 packets received, 2734 bps, 34.18%, Err 18 (1.0e-05)
402.660 .... 541 packets received, 2761 bps, 34.51%, Err 18 (1.0e-05)
404.766 .... 549 packets received, 2787 bps, 34.83%, Err 19 (1.1e-05)
406.889 .... 557 packets received, 2813 bps, 35.16%, Err 19 (1.1e-05)
408.980 .... 565 packets received, 2838 bps, 35.48%, Err 19 (1.1e-05)
411.088 .... 573 packets received, 2864 bps, 35.80%, Err 19 (1.0e-05)
413.207 .... 581 packets received, 2889 bps, 36.11%, Err 19 (1.0e-05)
415.310 .... 589 packets received, 2914 bps, 36.42%, Err 19 (1.0e-05)
419.065 .... 593 packets received, 2907 bps, 36.34%, Err 20 (1.1e-05)
421.168 .... 601 packets received, 2931 bps, 36.64%, Err 20 (1.0e-05)
423.271 .... 609 packets received, 2956 bps, 36.95%, Err 20 (1.0e-05)
425.387 .... 617 packets received, 2980 bps, 37.24%, Err 21 (1.1e-05)
428.298 .... 618 packets received, 2964 bps, 37.05%, Err 21 (1.1e-05)
430.411 .... 626 packets received, 2988 bps, 37.35%, Err 21 (1.1e-05)
432.540 .... 634 packets received, 3011 bps, 37.64%, Err 21 (1.1e-05)
434.651 .... 642 packets received, 3034 bps, 37.93%, Err 21 (1.0e-05)
436.758 .... 650 packets received, 3057 bps, 38.21%, Err 21 (1.0e-05)
438.853 .... 658 packets received, 3080 bps, 38.50%, Err 21 (1.0e-05)
440.988 .... 666 packets received, 3102 bps, 38.78%, Err 21 (1.0e-05)
445.481 .... 673 packets received, 3103 bps, 38.79%, Err 21 (1.0e-05)
447.599 .... 681 packets received, 3125 bps, 39.06%, Err 21 (9.9e-06)
451.062 .... 684 packets received, 3115 bps, 38.93%, Err 21 (9.8e-06)
453.157 .... 692 packets received, 3136 bps, 39.21%, Err 21 (9.7e-06)
455.293 .... 700 packets received, 3158 bps, 39.47%, Err 21 (9.6e-06)
457.391 .... 708 packets received, 3179 bps, 39.74%, Err 22 (1.0e-05)
460.298 .... 709 packets received, 3163 bps, 39.54%, Err 22 (9.9e-06)
462.450 .... 717 packets received, 3184 bps, 39.80%, Err 22 (9.8e-06)
466.675 .... 723 packets received, 3182 bps, 39.77%, Err 22 (9.7e-06)
468.810 .... 731 packets received, 3202 bps, 40.03%, Err 22 (9.6e-06)
470.896 .... 739 packets received, 3223 bps, 40.29%, Err 22 (9.5e-06)
474.102 .... 741 packets received, 3210 bps, 40.12%, Err 22 (9.4e-06)
476.221 .... 749 packets received, 3230 bps, 40.37%, Err 22 (9.4e-06)
478.352 .... 757 packets received, 3250 bps, 40.62%, Err 22 (9.3e-06)
480.436 .... 765 packets received, 3270 bps, 40.87%, Err 22 (9.2e-06)
482.553 .... 773 packets received, 3290 bps, 41.12%, Err 22 (9.2e-06)
485.988 .... 776 packets received, 3279 bps, 40.99%, Err 24 (9.9e-06)
488.096 .... 784 packets received, 3298 bps, 41.23%, Err 24 (9.8e-06)
491.544 .... 787 packets received, 3288 bps, 41.10%, Err 25 (1.0e-05)
493.665 .... 795 packets received, 3307 bps, 41.33%, Err 25 (1.0e-05)
495.787 .... 803 packets received, 3326 bps, 41.57%, Err 26 (1.0e-05)
499.225 .... 804 packets received, 3307 bps, 41.34%, Err 26 (1.0e-05)
504.341 .... 809 packets received, 3294 bps, 41.17%, Err 26 (1.0e-05)
508.527 .... 810 packets received, 3270 bps, 40.88%, Err 26 (1.0e-05)
512.654 .... 811 packets received, 3248 bps, 40.60%, Err 26 (1.0e-05)
516.792 .... 812 packets received, 3226 bps, 40.32%, Err 26 (1.0e-05)
520.807 .... 813 packets received, 3205 bps, 40.06%, Err 26 (1.0e-05)
524.880 .... 814 packets received, 3184 bps, 39.80%, Err 26 (1.0e-05)
528.978 .... 815 packets received, 3163 bps, 39.54%, Err 26 (1.0e-05)
533.037 .... 816 packets received, 3143 bps, 39.29%, Err 26 (1.0e-05)
537.171 .... 817 packets received, 3122 bps, 39.03%, Err 26 (1.0e-05)
541.247 .... 818 packets received, 3103 bps, 38.78%, Err 26 (1.0e-05)
545.289 .... 819 packets received, 3083 bps, 38.54%, Err 26 (1.0e-05)
549.403 .... 820 packets received, 3064 bps, 38.30%, Err 26 (1.0e-05)
556.016 .... 821 packets received, 3031 bps, 37.89%, Err 27 (1.0e-05)
561.577 .... 823 packets received, 3008 bps, 37.60%, Err 27 (1.0e-05)
565.676 .... 824 packets received, 2990 bps, 37.38%, Err 27 (1.0e-05)
569.735 .... 825 packets received, 2972 bps, 37.15%, Err 27 (1.0e-05)
573.961 .... 826 packets received, 2954 bps, 36.92%, Err 27 (1.0e-05)
578.031 .... 827 packets received, 2937 bps, 36.71%, Err 27 (1.0e-05)
582.218 .... 828 packets received, 2919 bps, 36.49%, Err 27 (1.0e-05)
586.249 .... 829 packets received, 2902 bps, 36.28%, Err 27 (1.0e-05)
590.343 .... 830 packets received, 2886 bps, 36.07%, Err 27 (1.0e-05)
594.519 .... 831 packets received, 2869 bps, 35.86%, Err 27 (1.0e-05)
598.604 .... 832 packets received, 2853 bps, 35.66%, Err 27 (1.0e-05)
600.799 .... 834 packets received, 2849 bps, 35.61%, Err 27 (1.0e-05)
605.539 .... 842 packets received, 2854 bps, 35.67%, Err 29 (1.1e-05)
607.642 .... 850 packets received, 2871 bps, 35.89%, Err 29 (1.1e-05)
609.810 .... 858 packets received, 2888 bps, 36.10%, Err 29 (1.1e-05)
611.907 .... 866 packets received, 2905 bps, 36.31%, Err 29 (1.1e-05)
614.036 .... 874 packets received, 2921 bps, 36.52%, Err 29 (1.1e-05)
616.125 .... 882 packets received, 2938 bps, 36.72%, Err 29 (1.1e-05)
618.274 .... 890 packets received, 2954 bps, 36.93%, Err 29 (1.1e-05)
620.370 .... 898 packets received, 2971 bps, 37.13%, Err 29 (1.0e-05)
622.480 .... 906 packets received, 2987 bps, 37.34%, Err 29 (1.0e-05)
625.680 .... 908 packets received, 2978 bps, 37.23%, Err 29 (1.0e-05)
627.775 .... 916 packets received, 2994 bps, 37.43%, Err 29 (1.0e-05)
629.902 .... 924 packets received, 3010 bps, 37.63%, Err 29 (1.0e-05)
632.017 .... 932 packets received, 3026 bps, 37.83%, Err 29 (1.0e-05)
634.130 .... 940 packets received, 3042 bps, 38.03%, Err 29 (1.0e-05)
636.254 .... 948 packets received, 3058 bps, 38.22%, Err 29 (1.0e-05)
640.987 .... 956 packets received, 3061 bps, 38.26%, Err 30 (1.0e-05)
643.095 .... 964 packets received, 3076 bps, 38.45%, Err 30 (1.0e-05)
645.252 .... 972 packets received, 3091 bps, 38.64%, Err 30 (1.0e-05)
647.360 .... 980 packets received, 3107 bps, 38.83%, Err 30 (1.0e-05)
649.473 .... 988 packets received, 3122 bps, 39.02%, Err 30 (1.0e-05)
651.592 .... 996 packets received, 3137 bps, 39.21%, Err 30 (1.0e-05)
653.702 .... 1004 packets received, 3152 bps, 39.40%, Err 30 (9.9e-06)
657.690 .... 1009 packets received, 3148 bps, 39.35%, Err 30 (9.8e-06)
659.817 .... 1017 packets received, 3163 bps, 39.54%, Err 30 (9.7e-06)
661.928 .... 1025 packets received, 3178 bps, 39.72%, Err 30 (9.7e-06)
664.036 .... 1033 packets received, 3192 bps, 39.90%, Err 30 (9.6e-06)
666.165 .... 1041 packets received, 3207 bps, 40.08%, Err 30 (9.6e-06)
668.260 .... 1049 packets received, 3221 bps, 40.26%, Err 30 (9.5e-06)
671.213 .... 1050 packets received, 3210 bps, 40.12%, Err 30 (9.5e-06)
673.310 .... 1058 packets received, 3224 bps, 40.30%, Err 30 (9.4e-06)
675.440 .... 1066 packets received, 3238 bps, 40.48%, Err 30 (9.4e-06)
677.535 .... 1074 packets received, 3253 bps, 40.66%, Err 30 (9.3e-06)
681.499 .... 1079 packets received, 3249 bps, 40.61%, Err 31 (9.5e-06)
683.608 .... 1087 packets received, 3263 bps, 40.78%, Err 31 (9.5e-06)
685.740 .... 1095 packets received, 3276 bps, 40.96%, Err 31 (9.4e-06)
687.828 .... 1103 packets received, 3290 bps, 41.13%, Err 31 (9.4e-06)
689.948 .... 1111 packets received, 3304 bps, 41.30%, Err 31 (9.3e-06)
692.065 .... 1119 packets received, 3318 bps, 41.47%, Err 31 (9.3e-06)
694.182 .... 1127 packets received, 3331 bps, 41.64%, Err 31 (9.2e-06)
698.184 .... 1132 packets received, 3327 bps, 41.58%, Err 31 (9.2e-06)
700.295 .... 1140 packets received, 3340 bps, 41.75%, Err 31 (9.1e-06)
704.593 .... 1142 packets received, 3326 bps, 41.57%, Err 31 (9.1e-06)
708.616 .... 1143 packets received, 3309 bps, 41.37%, Err 31 (9.1e-06)
712.668 .... 1144 packets received, 3294 bps, 41.17%, Err 31 (9.1e-06)
716.762 .... 1145 packets received, 3278 bps, 40.97%, Err 31 (9.1e-06)
720.838 .... 1146 packets received, 3262 bps, 40.77%, Err 31 (9.1e-06)
724.898 .... 1147 packets received, 3246 bps, 40.58%, Err 31 (9.1e-06)
728.990 .... 1148 packets received, 3231 bps, 40.39%, Err 31 (9.1e-06)
733.058 .... 1149 packets received, 3216 bps, 40.20%, Err 31 (9.1e-06)
737.170 .... 1150 packets received, 3201 bps, 40.01%, Err 31 (9.0e-06)
741.279 .... 1151 packets received, 3186 bps, 39.82%, Err 31 (9.0e-06)
745.386 .... 1152 packets received, 3171 bps, 39.63%, Err 31 (9.0e-06)
749.495 .... 1153 packets received, 3156 bps, 39.45%, Err 31 (9.0e-06)
753.675 .... 1154 packets received, 3141 bps, 39.27%, Err 31 (9.0e-06)
757.802 .... 1155 packets received, 3127 bps, 39.09%, Err 31 (9.0e-06)
761.984 .... 1156 packets received, 3112 bps, 38.90%, Err 31 (9.0e-06)
766.119 .... 1157 packets received, 3098 bps, 38.73%, Err 31 (9.0e-06)
770.148 .... 1158 packets received, 3085 bps, 38.56%, Err 31 (9.0e-06)
774.279 .... 1159 packets received, 3071 bps, 38.38%, Err 31 (9.0e-06)
778.362 .... 1160 packets received, 3057 bps, 38.22%, Err 31 (9.0e-06)
782.544 .... 1161 packets received, 3044 bps, 38.04%, Err 31 (9.0e-06)
786.718 .... 1162 packets received, 3030 bps, 37.87%, Err 31 (9.0e-06)
790.780 .... 1163 packets received, 3017 bps, 37.71%, Err 31 (9.0e-06)
795.013 .... 1164 packets received, 3003 bps, 37.54%, Err 31 (9.0e-06)
799.042 .... 1165 packets received, 2991 bps, 37.39%, Err 31 (8.9e-06)
801.064 .... 1168 packets received, 2991 bps, 37.39%, Err 31 (8.9e-06)
803.178 .... 1176 packets received, 3003 bps, 37.54%, Err 31 (8.9e-06)
805.304 .... 1184 packets received, 3016 bps, 37.70%, Err 31 (8.8e-06)
809.788 .... 1191 packets received, 3017 bps, 37.71%, Err 32 (9.0e-06)
811.938 .... 1199 packets received, 3029 bps, 37.86%, Err 32 (9.0e-06)
814.041 .... 1207 packets received, 3041 bps, 38.02%, Err 33 (9.2e-06)
816.147 .... 1215 packets received, 3054 bps, 38.17%, Err 33 (9.2e-06)
818.277 .... 1223 packets received, 3066 bps, 38.32%, Err 33 (9.1e-06)
823.063 .... 1231 packets received, 3068 bps, 38.35%, Err 33 (9.0e-06)
827.295 .... 1237 packets received, 3067 bps, 38.34%, Err 34 (9.2e-06)
829.395 .... 1245 packets received, 3079 bps, 38.49%, Err 34 (9.2e-06)
831.529 .... 1253 packets received, 3091 bps, 38.64%, Err 34 (9.1e-06)
833.646 .... 1261 packets received, 3103 bps, 38.78%, Err 34 (9.1e-06)
837.851 .... 1267 packets received, 3102 bps, 38.77%, Err 36 (9.6e-06)
839.968 .... 1275 packets received, 3113 bps, 38.92%, Err 37 (9.8e-06)
842.128 .... 1283 packets received, 3125 bps, 39.06%, Err 37 (9.7e-06)
844.250 .... 1291 packets received, 3137 bps, 39.21%, Err 37 (9.7e-06)
846.359 .... 1299 packets received, 3148 bps, 39.35%, Err 37 (9.6e-06)
850.315 .... 1304 packets received, 3146 bps, 39.32%, Err 38 (9.8e-06)
852.413 .... 1312 packets received, 3157 bps, 39.46%, Err 38 (9.8e-06)
854.562 .... 1320 packets received, 3168 bps, 39.60%, Err 38 (9.7e-06)
856.682 .... 1328 packets received, 3180 bps, 39.74%, Err 38 (9.7e-06)
858.817 .... 1336 packets received, 3191 bps, 39.88%, Err 38 (9.7e-06)
860.896 .... 1344 packets received, 3202 bps, 40.03%, Err 38 (9.6e-06)
863.033 .... 1352 packets received, 3213 bps, 40.16%, Err 38 (9.6e-06)
865.151 .... 1360 packets received, 3224 bps, 40.30%, Err 38 (9.5e-06)
867.243 .... 1368 packets received, 3235 bps, 40.44%, Err 38 (9.5e-06)
869.376 .... 1376 packets received, 3246 bps, 40.58%, Err 38 (9.5e-06)
872.545 .... 1378 packets received, 3239 bps, 40.49%, Err 39 (9.6e-06)
874.649 .... 1386 packets received, 3250 bps, 40.63%, Err 39 (9.6e-06)
877.843 .... 1388 packets received, 3243 bps, 40.54%, Err 40 (9.8e-06)
879.964 .... 1396 packets received, 3254 bps, 40.67%, Err 40 (9.7e-06)
882.065 .... 1404 packets received, 3265 bps, 40.81%, Err 40 (9.7e-06)
884.201 .... 1412 packets received, 3275 bps, 40.94%, Err 40 (9.7e-06)
886.299 .... 1420 packets received, 3286 bps, 41.08%, Err 40 (9.6e-06)
888.402 .... 1428 packets received, 3297 bps, 41.21%, Err 40 (9.6e-06)
890.530 .... 1436 packets received, 3307 bps, 41.34%, Err 40 (9.5e-06)
892.638 .... 1444 packets received, 3318 bps, 41.47%, Err 40 (9.5e-06)
894.751 .... 1452 packets received, 3328 bps, 41.60%, Err 41 (9.7e-06)
897.637 .... 1453 packets received, 3320 bps, 41.50%, Err 42 (9.9e-06)
899.772 .... 1461 packets received, 3330 bps, 41.63%, Err 42 (9.8e-06)
904.561 .... 1465 packets received, 3322 bps, 41.52%, Err 42 (9.8e-06)
908.707 .... 1466 packets received, 3309 bps, 41.36%, Err 42 (9.8e-06)
912.723 .... 1467 packets received, 3296 bps, 41.20%, Err 42 (9.8e-06)
916.841 .... 1468 packets received, 3284 bps, 41.05%, Err 42 (9.8e-06)
920.871 .... 1469 packets received, 3272 bps, 40.90%, Err 42 (9.8e-06)
924.967 .... 1470 packets received, 3259 bps, 40.74%, Err 42 (9.8e-06)
929.068 .... 1471 packets received, 3247 bps, 40.59%, Err 42 (9.8e-06)
933.170 .... 1472 packets received, 3235 bps, 40.44%, Err 42 (9.8e-06)
939.784 .... 1473 packets received, 3214 bps, 40.18%, Err 43 (1.0e-05)
945.508 .... 1475 packets received, 3199 bps, 39.99%, Err 43 (1.0e-05)
949.614 .... 1476 packets received, 3188 bps, 39.84%, Err 43 (1.0e-05)
953.652 .... 1477 packets received, 3176 bps, 39.70%, Err 43 (1.0e-05)
957.771 .... 1478 packets received, 3165 bps, 39.56%, Err 43 (1.0e-05)
964.494 .... 1479 packets received, 3145 bps, 39.31%, Err 44 (1.0e-05)
970.231 .... 1481 packets received, 3130 bps, 39.13%, Err 44 (1.0e-05)
974.233 .... 1482 packets received, 3120 bps, 38.99%, Err 44 (1.0e-05)
978.422 .... 1483 packets received, 3108 bps, 38.85%, Err 44 (1.0e-05)
985.057 .... 1484 packets received, 3089 bps, 38.62%, Err 45 (1.0e-05)
990.776 .... 1486 packets received, 3076 bps, 38.45%, Err 45 (1.0e-05)
994.881 .... 1487 packets received, 3065 bps, 38.31%, Err 45 (1.0e-05)
999.048 .... 1488 packets received, 3054 bps, 38.18%, Err 45 (1.0e-05)
1001.070 .... 1491 packets received, 3054 bps, 38.18%, Err 45 (1.0e-05)
1003.166 .... 1499 packets received, 3064 bps, 38.30%, Err 45 (1.0e-05)
1005.301 .... 1507 packets received, 3074 bps, 38.43%, Err 45 (1.0e-05)
1007.408 .... 1515 packets received, 3084 bps, 38.55%, Err 45 (1.0e-05)
1009.500 .... 1523 packets received, 3094 bps, 38.67%, Err 45 (1.0e-05)
1011.635 .... 1531 packets received, 3103 bps, 38.79%, Err 45 (1.0e-05)
1014.836 .... 1533 packets received, 3098 bps, 38.72%, Err 45 (1.0e-05)
1016.947 .... 1541 packets received, 3107 bps, 38.84%, Err 46 (1.0e-05)
1019.841 .... 1542 packets received, 3101 bps, 38.76%, Err 46 (1.0e-05)
1021.946 .... 1550 packets received, 3110 bps, 38.88%, Err 46 (1.0e-05)
1024.101 .... 1558 packets received, 3120 bps, 39.00%, Err 46 (1.0e-05)
1028.588 .... 1562 packets received, 3114 bps, 38.92%, Err 46 (1.0e-05)
1031.755 .... 1564 packets received, 3108 bps, 38.85%, Err 47 (1.0e-05)
1033.854 .... 1572 packets received, 3118 bps, 38.97%, Err 47 (1.0e-05)
1037.067 .... 1574 packets received, 3112 bps, 38.90%, Err 47 (1.0e-05)
1039.186 .... 1582 packets received, 3122 bps, 39.02%, Err 47 (1.0e-05)
1041.293 .... 1590 packets received, 3131 bps, 39.14%, Err 47 (1.0e-05)
1047.939 .... 1595 packets received, 3121 bps, 39.01%, Err 50 (1.1e-05)
1051.097 .... 1596 packets received, 3114 bps, 38.92%, Err 50 (1.1e-05)
1053.212 .... 1604 packets received, 3123 bps, 39.04%, Err 50 (1.1e-05)
1055.358 .... 1612 packets received, 3132 bps, 39.15%, Err 51 (1.1e-05)
1057.463 .... 1620 packets received, 3141 bps, 39.27%, Err 51 (1.1e-05)
1059.598 .... 1628 packets received, 3150 bps, 39.38%, Err 51 (1.1e-05)
1061.697 .... 1636 packets received, 3160 bps, 39.50%, Err 51 (1.1e-05)
1063.810 .... 1644 packets received, 3169 bps, 39.61%, Err 51 (1.1e-05)
1065.930 .... 1652 packets received, 3178 bps, 39.72%, Err 51 (1.0e-05)
1068.040 .... 1660 packets received, 3187 bps, 39.84%, Err 52 (1.1e-05)
1070.957 .... 1661 packets received, 3180 bps, 39.75%, Err 52 (1.1e-05)
1073.073 .... 1669 packets received, 3189 bps, 39.87%, Err 52 (1.1e-05)
1075.197 .... 1677 packets received, 3198 bps, 39.98%, Err 52 (1.1e-05)
1077.295 .... 1685 packets received, 3207 bps, 40.09%, Err 52 (1.1e-05)
1079.404 .... 1693 packets received, 3216 bps, 40.20%, Err 52 (1.0e-05)
1081.518 .... 1701 packets received, 3225 bps, 40.31%, Err 52 (1.0e-05)
1083.626 .... 1709 packets received, 3234 bps, 40.42%, Err 52 (1.0e-05)
1085.755 .... 1717 packets received, 3243 bps, 40.53%, Err 52 (1.0e-05)
1090.002 .... 1723 packets received, 3241 bps, 40.51%, Err 53 (1.0e-05)
1092.119 .... 1731 packets received, 3250 bps, 40.62%, Err 53 (1.0e-05)
1094.231 .... 1739 packets received, 3259 bps, 40.73%, Err 53 (1.0e-05)
1096.344 .... 1747 packets received, 3267 bps, 40.84%, Err 53 (1.0e-05)
1100.032 .... 1751 packets received, 3264 bps, 40.80%, Err 54 (1.1e-05)
1102.142 .... 1759 packets received, 3272 bps, 40.91%, Err 54 (1.0e-05)
1107.867 .... 1762 packets received, 3261 bps, 40.76%, Err 54 (1.0e-05)
1111.939 .... 1763 packets received, 3251 bps, 40.64%, Err 54 (1.0e-05)
1116.018 .... 1764 packets received, 3241 bps, 40.51%, Err 54 (1.0e-05)
1120.052 .... 1765 packets received, 3231 bps, 40.39%, Err 54 (1.0e-05)
1124.156 .... 1766 packets received, 3221 bps, 40.26%, Err 54 (1.0e-05)
1128.239 .... 1767 packets received, 3211 bps, 40.14%, Err 54 (1.0e-05)
1132.331 .... 1768 packets received, 3201 bps, 40.02%, Err 54 (1.0e-05)
1136.401 .... 1769 packets received, 3192 bps, 39.90%, Err 54 (1.0e-05)
1140.530 .... 1770 packets received, 3182 bps, 39.77%, Err 54 (1.0e-05)
1144.597 .... 1771 packets received, 3172 bps, 39.66%, Err 54 (1.0e-05)
1148.774 .... 1772 packets received, 3163 bps, 39.53%, Err 54 (1.0e-05)
1152.840 .... 1773 packets received, 3153 bps, 39.42%, Err 54 (1.0e-05)
1156.920 .... 1774 packets received, 3144 bps, 39.30%, Err 54 (1.0e-05)
1161.017 .... 1775 packets received, 3135 bps, 39.18%, Err 55 (1.1e-05)
1165.154 .... 1776 packets received, 3125 bps, 39.06%, Err 55 (1.1e-05)
1169.269 .... 1777 packets received, 3116 bps, 38.95%, Err 55 (1.1e-05)
1173.318 .... 1778 packets received, 3107 bps, 38.84%, Err 55 (1.1e-05)
1177.377 .... 1779 packets received, 3098 bps, 38.72%, Err 55 (1.1e-05)
1181.520 .... 1780 packets received, 3089 bps, 38.61%, Err 55 (1.1e-05)
1185.601 .... 1781 packets received, 3080 bps, 38.50%, Err 55 (1.1e-05)
1189.740 .... 1782 packets received, 3071 bps, 38.39%, Err 55 (1.1e-05)
1193.865 .... 1783 packets received, 3062 bps, 38.27%, Err 55 (1.1e-05)
1197.954 .... 1784 packets received, 3053 bps, 38.16%, Err 55 (1.1e-05)
1200.539 .... 1785 packets received, 3048 bps, 38.10%, Err 55 (1.1e-05)
1202.645 .... 1793 packets received, 3057 bps, 38.21%, Err 55 (1.1e-05)
1204.757 .... 1801 packets received, 3065 bps, 38.31%, Err 55 (1.0e-05)
1207.920 .... 1803 packets received, 3060 bps, 38.25%, Err 56 (1.1e-05)
1210.031 .... 1811 packets received, 3068 bps, 38.36%, Err 56 (1.1e-05)
1212.206 .... 1819 packets received, 3076 bps, 38.46%, Err 56 (1.1e-05)
1215.652 .... 1822 packets received, 3073 bps, 38.41%, Err 57 (1.1e-05)
1217.769 .... 1830 packets received, 3081 bps, 38.51%, Err 57 (1.1e-05)
1219.886 .... 1838 packets received, 3089 bps, 38.61%, Err 57 (1.1e-05)
1223.607 .... 1842 packets received, 3086 bps, 38.58%, Err 57 (1.1e-05)
1225.710 .... 1850 packets received, 3094 bps, 38.68%, Err 57 (1.1e-05)
1227.828 .... 1858 packets received, 3102 bps, 38.78%, Err 57 (1.0e-05)
1229.948 .... 1866 packets received, 3110 bps, 38.88%, Err 57 (1.0e-05)
1232.038 .... 1874 packets received, 3118 bps, 38.98%, Err 57 (1.0e-05)
1234.156 .... 1882 packets received, 3126 bps, 39.08%, Err 57 (1.0e-05)
1236.272 .... 1890 packets received, 3134 bps, 39.18%, Err 57 (1.0e-05)
1240.218 .... 1895 packets received, 3133 bps, 39.16%, Err 58 (1.0e-05)
1242.381 .... 1903 packets received, 3140 bps, 39.25%, Err 58 (1.0e-05)
1244.498 .... 1911 packets received, 3148 bps, 39.35%, Err 58 (1.0e-05)
1246.615 .... 1919 packets received, 3156 bps, 39.45%, Err 58 (1.0e-05)
1250.867 .... 1925 packets r