000.000 =============================================================
000.000                     Station A                               
000.000 -------------------------------------------------------------
000.000 Protocol.lib, version 4.0, jiangyanjun0718@bupt.edu.cn
000.000 Channel: 8000 bps, 270 ms propagation delay, bit error rate 1.0E-05
000.000 Log file "a600.log", TCP port 59144, debug mask 0x00
000.000 Station A is waiting for station B on TCP port 59144 ... Done.
000.243 New epoch: Sun Apr  9 13:46:09 2023
000.243 =================================================================
000.243 
000.243 Designed by Li Ruobin, build: Apr  9 2023  13:45:47
003.428 .... 8 packets received, 7703 bps, 96.29%, Err 0 (0.0e+00)
007.916 .... 15 packets received, 4644 bps, 58.05%, Err 2 (3.6e-05)
010.000 .... 23 packets received, 5415 bps, 67.69%, Err 2 (2.8e-05)
013.220 .... 25 packets received, 4296 bps, 53.70%, Err 2 (2.1e-05)
015.336 .... 33 packets received, 4815 bps, 60.19%, Err 2 (1.7e-05)
017.437 .... 41 packets received, 5204 bps, 65.05%, Err 2 (1.5e-05)
019.556 .... 49 packets received, 5497 bps, 68.72%, Err 2 (1.4e-05)
021.660 .... 57 packets received, 5734 bps, 71.67%, Err 2 (1.2e-05)
023.780 .... 65 packets received, 5922 bps, 74.02%, Err 2 (1.1e-05)
026.962 .... 67 packets received, 5347 bps, 66.84%, Err 2 (9.7e-06)
029.077 .... 75 packets received, 5530 bps, 69.12%, Err 2 (8.9e-06)
031.189 .... 83 packets received, 5687 bps, 71.09%, Err 2 (8.3e-06)
033.316 .... 91 packets received, 5821 bps, 72.77%, Err 2 (7.7e-06)
035.411 .... 99 packets received, 5944 bps, 74.30%, Err 2 (7.3e-06)
038.862 .... 102 packets received, 5562 bps, 69.52%, Err 2 (6.6e-06)
040.976 .... 110 packets received, 5678 bps, 70.98%, Err 2 (6.3e-06)
043.091 .... 118 packets received, 5783 bps, 72.29%, Err 2 (5.9e-06)
045.195 .... 126 packets received, 5879 bps, 73.49%, Err 3 (8.5e-06)
049.967 .... 134 packets received, 5639 bps, 70.49%, Err 4 (1.0e-05)
052.097 .... 142 packets received, 5725 bps, 71.56%, Err 4 (9.8e-06)
054.205 .... 150 packets received, 5807 bps, 72.58%, Err 5 (1.2e-05)
058.462 .... 156 packets received, 5589 bps, 69.87%, Err 5 (1.1e-05)
060.570 .... 164 packets received, 5667 bps, 70.84%, Err 5 (1.0e-05)
062.660 .... 172 packets received, 5741 bps, 71.76%, Err 5 (1.0e-05)
064.796 .... 180 packets received, 5806 bps, 72.57%, Err 5 (9.8e-06)
066.884 .... 188 packets received, 5871 bps, 73.38%, Err 6 (1.1e-05)
069.793 .... 189 packets received, 5651 bps, 70.64%, Err 6 (1.1e-05)
071.913 .... 197 packets received, 5714 bps, 71.42%, Err 6 (1.1e-05)
074.032 .... 205 packets received, 5773 bps, 72.16%, Err 6 (1.0e-05)
076.150 .... 213 packets received, 5828 bps, 72.85%, Err 6 (1.0e-05)
078.254 .... 221 packets received, 5882 bps, 73.52%, Err 6 (9.7e-06)
080.373 .... 229 packets received, 5931 bps, 74.14%, Err 6 (9.5e-06)
082.492 .... 237 packets received, 5978 bps, 74.73%, Err 6 (9.2e-06)
084.596 .... 245 packets received, 6024 bps, 75.30%, Err 6 (9.0e-06)
086.727 .... 253 packets received, 6065 bps, 75.82%, Err 7 (1.0e-05)
088.844 .... 261 packets received, 6106 bps, 76.32%, Err 7 (1.0e-05)
090.953 .... 269 packets received, 6145 bps, 76.81%, Err 7 (9.7e-06)
093.037 .... 277 packets received, 6184 bps, 77.30%, Err 7 (9.5e-06)
095.962 .... 278 packets received, 6015 bps, 75.18%, Err 7 (9.2e-06)
099.134 .... 280 packets received, 5861 bps, 73.27%, Err 8 (1.0e-05)
101.264 .... 288 packets received, 5900 bps, 73.76%, Err 8 (1.0e-05)
106.925 .... 291 packets received, 5642 bps, 70.53%, Err 8 (9.9e-06)
111.085 .... 292 packets received, 5447 bps, 68.09%, Err 8 (9.9e-06)
115.143 .... 293 packets received, 5271 bps, 65.89%, Err 8 (9.9e-06)
119.269 .... 294 packets received, 5104 bps, 63.80%, Err 8 (9.8e-06)
123.456 .... 295 packets received, 4946 bps, 61.82%, Err 8 (9.8e-06)
127.518 .... 296 packets received, 4803 bps, 60.04%, Err 8 (9.8e-06)
131.588 .... 297 packets received, 4669 bps, 58.36%, Err 8 (9.7e-06)
135.711 .... 298 packets received, 4541 bps, 56.76%, Err 8 (9.7e-06)
139.783 .... 299 packets received, 4422 bps, 55.27%, Err 8 (9.7e-06)
143.892 .... 300 packets received, 4309 bps, 53.86%, Err 8 (9.7e-06)
148.076 .... 301 packets received, 4200 bps, 52.50%, Err 8 (9.6e-06)
152.142 .... 302 packets received, 4100 bps, 51.25%, Err 8 (9.6e-06)
156.180 .... 303 packets received, 4007 bps, 50.08%, Err 8 (9.6e-06)
160.256 .... 304 packets received, 3917 bps, 48.96%, Err 8 (9.6e-06)
164.399 .... 305 packets received, 3830 bps, 47.87%, Err 8 (9.5e-06)
168.417 .... 306 packets received, 3750 bps, 46.88%, Err 8 (9.5e-06)
172.483 .... 307 packets received, 3673 bps, 45.91%, Err 8 (9.5e-06)
176.731 .... 308 packets received, 3596 bps, 44.95%, Err 8 (9.5e-06)
180.773 .... 309 packets received, 3526 bps, 44.08%, Err 8 (9.4e-06)
184.912 .... 310 packets received, 3458 bps, 43.22%, Err 9 (1.1e-05)
189.017 .... 311 packets received, 3393 bps, 42.41%, Err 9 (1.1e-05)
193.199 .... 312 packets received, 3330 bps, 41.62%, Err 9 (1.1e-05)
197.306 .... 313 packets received, 3270 bps, 40.88%, Err 9 (1.0e-05)
200.534 .... 314 packets received, 3228 bps, 40.35%, Err 9 (1.0e-05)
202.625 .... 322 packets received, 3276 bps, 40.94%, Err 9 (1.0e-05)
204.753 .... 330 packets received, 3322 bps, 41.52%, Err 9 (1.0e-05)
206.877 .... 338 packets received, 3367 bps, 42.09%, Err 9 (9.9e-06)
208.963 .... 346 packets received, 3412 bps, 42.65%, Err 9 (9.7e-06)
211.083 .... 354 packets received, 3456 bps, 43.20%, Err 9 (9.5e-06)
213.211 .... 362 packets received, 3499 bps, 43.73%, Err 9 (9.3e-06)
217.185 .... 367 packets received, 3482 bps, 43.52%, Err 9 (9.0e-06)
221.937 .... 375 packets received, 3481 bps, 43.51%, Err 11 (1.1e-05)
224.062 .... 383 packets received, 3521 bps, 44.01%, Err 11 (1.0e-05)
226.176 .... 391 packets received, 3561 bps, 44.51%, Err 11 (1.0e-05)
228.298 .... 399 packets received, 3600 bps, 45.00%, Err 11 (1.0e-05)
230.406 .... 407 packets received, 3638 bps, 45.48%, Err 11 (1.0e-05)
232.532 .... 415 packets received, 3676 bps, 45.95%, Err 11 (9.8e-06)
236.498 .... 420 packets received, 3657 bps, 45.71%, Err 12 (1.0e-05)
238.584 .... 428 packets received, 3694 bps, 46.18%, Err 12 (1.0e-05)
240.718 .... 436 packets received, 3730 bps, 46.62%, Err 12 (1.0e-05)
244.946 .... 442 packets received, 3715 bps, 46.44%, Err 13 (1.1e-05)
247.061 .... 450 packets received, 3750 bps, 46.88%, Err 13 (1.1e-05)
249.177 .... 458 packets received, 3784 bps, 47.30%, Err 13 (1.0e-05)
251.300 .... 466 packets received, 3817 bps, 47.72%, Err 13 (1.0e-05)
253.404 .... 474 packets received, 3851 bps, 48.13%, Err 13 (1.0e-05)
255.526 .... 482 packets received, 3883 bps, 48.54%, Err 13 (1.0e-05)
257.646 .... 490 packets received, 3915 bps, 48.93%, Err 13 (9.9e-06)
259.753 .... 498 packets received, 3946 bps, 49.33%, Err 13 (9.7e-06)
261.847 .... 506 packets received, 3977 bps, 49.72%, Err 13 (9.6e-06)
263.990 .... 514 packets received, 4007 bps, 50.09%, Err 13 (9.5e-06)
266.103 .... 522 packets received, 4037 bps, 50.46%, Err 13 (9.4e-06)
268.199 .... 530 packets received, 4067 bps, 50.84%, Err 13 (9.3e-06)
270.315 .... 538 packets received, 4096 bps, 51.20%, Err 13 (9.2e-06)
272.426 .... 546 packets received, 4124 bps, 51.55%, Err 13 (9.0e-06)
276.122 .... 550 packets received, 4099 bps, 51.23%, Err 14 (9.5e-06)
278.225 .... 558 packets received, 4127 bps, 51.58%, Err 14 (9.4e-06)
280.351 .... 566 packets received, 4154 bps, 51.92%, Err 14 (9.3e-06)
284.062 .... 570 packets received, 4128 bps, 51.61%, Err 15 (9.8e-06)
286.166 .... 578 packets received, 4155 bps, 51.94%, Err 15 (9.7e-06)
288.314 .... 586 packets received, 4181 bps, 52.27%, Err 15 (9.6e-06)
292.258 .... 591 packets received, 4160 bps, 52.00%, Err 16 (1.0e-05)
294.372 .... 599 packets received, 4186 bps, 52.32%, Err 16 (9.9e-06)
297.576 .... 601 packets received, 4154 bps, 51.93%, Err 17 (1.0e-05)
299.705 .... 609 packets received, 4180 bps, 52.25%, Err 18 (1.1e-05)
302.508 .... 610 packets received, 4148 bps, 51.84%, Err 18 (1.1e-05)
304.635 .... 613 packets received, 4139 bps, 51.73%, Err 18 (1.1e-05)
308.725 .... 614 packets received, 4090 bps, 51.13%, Err 18 (1.1e-05)
312.808 .... 615 packets received, 4043 bps, 50.54%, Err 18 (1.1e-05)
316.841 .... 616 packets received, 3998 bps, 49.98%, Err 18 (1.1e-05)
320.861 .... 617 packets received, 3954 bps, 49.43%, Err 18 (1.1e-05)
324.937 .... 618 packets received, 3911 bps, 48.88%, Err 18 (1.1e-05)
328.973 .... 619 packets received, 3869 bps, 48.36%, Err 18 (1.1e-05)
333.158 .... 620 packets received, 3826 bps, 47.83%, Err 18 (1.1e-05)
337.212 .... 621 packets received, 3786 bps, 47.33%, Err 18 (1.1e-05)
341.357 .... 622 packets received, 3746 bps, 46.83%, Err 18 (1.1e-05)
345.463 .... 623 packets received, 3707 bps, 46.34%, Err 18 (1.1e-05)
349.518 .... 624 packets received, 3670 bps, 45.87%, Err 18 (1.1e-05)
353.588 .... 625 packets received, 3633 bps, 45.42%, Err 18 (1.1e-05)
357.712 .... 626 packets received, 3597 bps, 44.96%, Err 18 (1.1e-05)
361.771 .... 627 packets received, 3562 bps, 44.53%, Err 18 (1.1e-05)
365.921 .... 628 packets received, 3527 bps, 44.09%, Err 18 (1.1e-05)
370.056 .... 629 packets received, 3493 bps, 43.67%, Err 18 (1.0e-05)
374.173 .... 630 packets received, 3460 bps, 43.25%, Err 18 (1.0e-05)
378.280 .... 631 packets received, 3428 bps, 42.85%, Err 18 (1.0e-05)
382.405 .... 632 packets received, 3396 bps, 42.45%, Err 18 (1.0e-05)
386.429 .... 633 packets received, 3366 bps, 42.08%, Err 18 (1.0e-05)
390.587 .... 634 packets received, 3335 bps, 41.69%, Err 18 (1.0e-05)
394.661 .... 635 packets received, 3306 bps, 41.33%, Err 18 (1.0e-05)
398.845 .... 636 packets received, 3276 bps, 40.96%, Err 18 (1.0e-05)
401.050 .... 639 packets received, 3274 bps, 40.92%, Err 18 (1.0e-05)
403.164 .... 647 packets received, 3297 bps, 41.22%, Err 18 (1.0e-05)
405.287 .... 655 packets received, 3321 bps, 41.51%, Err 18 (1.0e-05)
407.392 .... 663 packets received, 3344 bps, 41.80%, Err 18 (1.0e-05)
409.512 .... 671 packets received, 3366 bps, 42.08%, Err 18 (9.9e-06)
411.605 .... 679 packets received, 3389 bps, 42.36%, Err 18 (9.8e-06)
416.114 .... 686 packets received, 3387 bps, 42.34%, Err 19 (1.0e-05)
418.211 .... 694 packets received, 3409 bps, 42.61%, Err 19 (1.0e-05)
420.351 .... 702 packets received, 3431 bps, 42.89%, Err 19 (1.0e-05)
422.466 .... 710 packets received, 3453 bps, 43.16%, Err 19 (9.9e-06)
426.170 .... 714 packets received, 3442 bps, 43.02%, Err 20 (1.0e-05)
428.276 .... 722 packets received, 3463 bps, 43.29%, Err 20 (1.0e-05)
430.414 .... 730 packets received, 3484 bps, 43.55%, Err 20 (1.0e-05)
432.519 .... 738 packets received, 3505 bps, 43.81%, Err 20 (1.0e-05)
434.610 .... 746 packets received, 3526 bps, 44.07%, Err 21 (1.0e-05)
437.516 .... 747 packets received, 3507 bps, 43.84%, Err 21 (1.0e-05)
439.633 .... 755 packets received, 3528 bps, 44.09%, Err 21 (1.0e-05)
441.774 .... 763 packets received, 3548 bps, 44.35%, Err 21 (1.0e-05)
443.898 .... 771 packets received, 3568 bps, 44.59%, Err 21 (1.0e-05)
445.986 .... 779 packets received, 3588 bps, 44.85%, Err 21 (1.0e-05)
450.234 .... 785 packets received, 3581 bps, 44.76%, Err 22 (1.0e-05)
452.355 .... 793 packets received, 3601 bps, 45.01%, Err 22 (1.0e-05)
455.522 .... 795 packets received, 3585 bps, 44.81%, Err 23 (1.1e-05)
457.641 .... 803 packets received, 3604 bps, 45.05%, Err 23 (1.0e-05)
459.767 .... 811 packets received, 3623 bps, 45.28%, Err 23 (1.0e-05)
461.893 .... 819 packets received, 3642 bps, 45.52%, Err 23 (1.0e-05)
464.003 .... 827 packets received, 3660 bps, 45.76%, Err 23 (1.0e-05)
468.769 .... 835 packets received, 3658 bps, 45.73%, Err 23 (1.0e-05)
470.877 .... 843 packets received, 3677 bps, 45.96%, Err 23 (1.0e-05)
472.989 .... 851 packets received, 3695 bps, 46.19%, Err 23 (9.9e-06)
475.104 .... 859 packets received, 3713 bps, 46.41%, Err 24 (1.0e-05)
477.219 .... 867 packets received, 3731 bps, 46.64%, Err 24 (1.0e-05)
479.320 .... 875 packets received, 3749 bps, 46.86%, Err 24 (1.0e-05)
481.455 .... 883 packets received, 3766 bps, 47.08%, Err 24 (1.0e-05)
484.620 .... 885 packets received, 3750 bps, 46.88%, Err 25 (1.0e-05)
486.735 .... 893 packets received, 3767 bps, 47.09%, Err 25 (1.0e-05)
488.853 .... 901 packets received, 3785 bps, 47.31%, Err 25 (1.0e-05)
492.296 .... 904 packets received, 3771 bps, 47.13%, Err 26 (1.1e-05)
494.422 .... 912 packets received, 3788 bps, 47.35%, Err 26 (1.0e-05)
496.520 .... 920 packets received, 3805 bps, 47.56%, Err 26 (1.0e-05)
498.636 .... 928 packets received, 3821 bps, 47.77%, Err 26 (1.0e-05)
504.528 .... 936 packets received, 3809 bps, 47.62%, Err 26 (1.0e-05)
508.677 .... 937 packets received, 3782 bps, 47.28%, Err 26 (1.0e-05)
512.707 .... 938 packets received, 3756 bps, 46.95%, Err 26 (1.0e-05)
516.755 .... 939 packets received, 3731 bps, 46.64%, Err 26 (1.0e-05)
520.851 .... 940 packets received, 3705 bps, 46.32%, Err 26 (1.0e-05)
524.916 .... 941 packets received, 3681 bps, 46.01%, Err 26 (1.0e-05)
528.987 .... 942 packets received, 3656 bps, 45.70%, Err 26 (1.0e-05)
533.167 .... 943 packets received, 3631 bps, 45.39%, Err 26 (1.0e-05)
537.253 .... 944 packets received, 3607 bps, 45.09%, Err 26 (1.0e-05)
541.307 .... 945 packets received, 3584 bps, 44.80%, Err 26 (1.0e-05)
545.291 .... 946 packets received, 3561 bps, 44.52%, Err 26 (1.0e-05)
549.394 .... 947 packets received, 3539 bps, 44.23%, Err 26 (1.0e-05)
553.469 .... 948 packets received, 3516 bps, 43.95%, Err 26 (1.0e-05)
557.581 .... 949 packets received, 3494 bps, 43.67%, Err 26 (1.0e-05)
561.694 .... 950 packets received, 3472 bps, 43.40%, Err 26 (1.0e-05)
565.847 .... 951 packets received, 3450 bps, 43.12%, Err 26 (1.0e-05)
569.922 .... 952 packets received, 3429 bps, 42.86%, Err 26 (1.0e-05)
573.978 .... 953 packets received, 3408 bps, 42.60%, Err 26 (1.0e-05)
578.029 .... 954 packets received, 3388 bps, 42.35%, Err 26 (1.0e-05)
582.094 .... 955 packets received, 3368 bps, 42.09%, Err 26 (1.0e-05)
586.230 .... 956 packets received, 3347 bps, 41.84%, Err 26 (1.0e-05)
590.275 .... 957 packets received, 3328 bps, 41.60%, Err 26 (1.0e-05)
594.431 .... 958 packets received, 3308 bps, 41.35%, Err 26 (1.0e-05)
598.436 .... 959 packets received, 3289 bps, 41.11%, Err 26 (1.0e-05)
600.526 .... 960 packets received, 3281 bps, 41.01%, Err 26 (1.0e-05)
604.487 .... 965 packets received, 3276 bps, 40.96%, Err 27 (1.0e-05)
606.587 .... 973 packets received, 3292 bps, 41.15%, Err 27 (1.0e-05)
608.743 .... 981 packets received, 3307 bps, 41.34%, Err 27 (1.0e-05)
610.831 .... 989 packets received, 3323 bps, 41.54%, Err 27 (1.0e-05)
612.960 .... 997 packets received, 3338 bps, 41.73%, Err 27 (1.0e-05)
615.073 .... 1005 packets received, 3353 bps, 41.92%, Err 27 (9.9e-06)
617.186 .... 1013 packets received, 3369 bps, 42.11%, Err 27 (9.9e-06)
619.303 .... 1021 packets received, 3383 bps, 42.29%, Err 27 (9.8e-06)
621.417 .... 1029 packets received, 3398 bps, 42.48%, Err 27 (9.8e-06)
623.515 .... 1037 packets received, 3413 bps, 42.67%, Err 27 (9.7e-06)
625.613 .... 1045 packets received, 3428 bps, 42.85%, Err 27 (9.6e-06)
627.767 .... 1053 packets received, 3442 bps, 43.03%, Err 27 (9.6e-06)
629.859 .... 1061 packets received, 3457 bps, 43.21%, Err 27 (9.5e-06)
631.951 .... 1069 packets received, 3472 bps, 43.39%, Err 27 (9.5e-06)
634.090 .... 1077 packets received, 3486 bps, 43.57%, Err 27 (9.4e-06)
638.331 .... 1083 packets received, 3482 bps, 43.52%, Err 27 (9.3e-06)
640.454 .... 1091 packets received, 3496 bps, 43.70%, Err 27 (9.3e-06)
642.543 .... 1099 packets received, 3510 bps, 43.87%, Err 27 (9.2e-06)
646.768 .... 1105 packets received, 3506 bps, 43.83%, Err 28 (9.4e-06)
648.908 .... 1113 packets received, 3520 bps, 44.00%, Err 28 (9.4e-06)
651.013 .... 1121 packets received, 3534 bps, 44.17%, Err 28 (9.3e-06)
653.144 .... 1129 packets received, 3547 bps, 44.34%, Err 28 (9.3e-06)
655.245 .... 1137 packets received, 3561 bps, 44.51%, Err 28 (9.2e-06)
657.370 .... 1145 packets received, 3574 bps, 44.68%, Err 28 (9.2e-06)
659.476 .... 1153 packets received, 3588 bps, 44.85%, Err 28 (9.1e-06)
661.560 .... 1161 packets received, 3601 bps, 45.02%, Err 29 (9.4e-06)
664.483 .... 1162 packets received, 3588 bps, 44.86%, Err 30 (9.6e-06)
666.593 .... 1170 packets received, 3602 bps, 45.02%, Err 30 (9.6e-06)
668.693 .... 1178 packets received, 3615 bps, 45.19%, Err 30 (9.5e-06)
670.805 .... 1186 packets received, 3628 bps, 45.35%, Err 30 (9.5e-06)
672.933 .... 1194 packets received, 3641 bps, 45.51%, Err 30 (9.4e-06)
675.058 .... 1202 packets received, 3654 bps, 45.67%, Err 30 (9.4e-06)
677.151 .... 1210 packets received, 3667 bps, 45.83%, Err 30 (9.3e-06)
681.651 .... 1217 packets received, 3663 bps, 45.79%, Err 30 (9.2e-06)
683.780 .... 1225 packets received, 3676 bps, 45.95%, Err 30 (9.2e-06)
685.889 .... 1233 packets received, 3689 bps, 46.11%, Err 30 (9.1e-06)
688.007 .... 1241 packets received, 3701 bps, 46.26%, Err 30 (9.1e-06)
690.115 .... 1249 packets received, 3714 bps, 46.42%, Err 30 (9.1e-06)
692.229 .... 1257 packets received, 3726 bps, 46.57%, Err 30 (9.0e-06)
694.342 .... 1265 packets received, 3738 bps, 46.73%, Err 30 (9.0e-06)
696.454 .... 1273 packets received, 3750 bps, 46.88%, Err 30 (8.9e-06)
698.566 .... 1281 packets received, 3763 bps, 47.03%, Err 30 (8.9e-06)
704.435 .... 1289 packets received, 3754 bps, 46.93%, Err 30 (8.8e-06)
708.535 .... 1290 packets received, 3736 bps, 46.69%, Err 30 (8.8e-06)
712.554 .... 1291 packets received, 3717 bps, 46.47%, Err 30 (8.8e-06)
716.682 .... 1292 packets received, 3699 bps, 46.23%, Err 30 (8.8e-06)
720.854 .... 1293 packets received, 3680 bps, 46.00%, Err 30 (8.8e-06)
724.938 .... 1294 packets received, 3662 bps, 45.78%, Err 30 (8.8e-06)
728.976 .... 1295 packets received, 3645 bps, 45.56%, Err 30 (8.8e-06)
735.586 .... 1296 packets received, 3615 bps, 45.18%, Err 31 (9.1e-06)
741.326 .... 1298 packets received, 3592 bps, 44.90%, Err 31 (9.1e-06)
745.566 .... 1299 packets received, 3574 bps, 44.68%, Err 31 (9.0e-06)
749.609 .... 1300 packets received, 3558 bps, 44.47%, Err 31 (9.0e-06)
753.774 .... 1301 packets received, 3541 bps, 44.26%, Err 31 (9.0e-06)
757.856 .... 1302 packets received, 3525 bps, 44.06%, Err 31 (9.0e-06)
761.953 .... 1303 packets received, 3508 bps, 43.85%, Err 31 (9.0e-06)
766.201 .... 1304 packets received, 3491 bps, 43.64%, Err 31 (9.0e-06)
770.270 .... 1305 packets received, 3476 bps, 43.45%, Err 31 (9.0e-06)
774.381 .... 1306 packets received, 3460 bps, 43.25%, Err 31 (9.0e-06)
778.570 .... 1307 packets received, 3444 bps, 43.05%, Err 31 (9.0e-06)
782.760 .... 1308 packets received, 3428 bps, 42.85%, Err 31 (9.0e-06)
786.886 .... 1309 packets received, 3413 bps, 42.66%, Err 31 (9.0e-06)
790.965 .... 1310 packets received, 3397 bps, 42.47%, Err 31 (9.0e-06)
795.017 .... 1311 packets received, 3383 bps, 42.28%, Err 31 (9.0e-06)
801.849 .... 1312 packets received, 3356 bps, 41.96%, Err 32 (9.2e-06)
803.984 .... 1320 packets received, 3368 bps, 42.10%, Err 32 (9.2e-06)
809.020 .... 1328 packets received, 3367 bps, 42.09%, Err 32 (9.1e-06)
811.121 .... 1336 packets received, 3379 bps, 42.23%, Err 32 (9.0e-06)
814.292 .... 1338 packets received, 3371 bps, 42.13%, Err 33 (9.2e-06)
816.407 .... 1346 packets received, 3382 bps, 42.27%, Err 33 (9.2e-06)
818.525 .... 1354 packets received, 3393 bps, 42.41%, Err 33 (9.2e-06)
820.638 .... 1362 packets received, 3404 bps, 42.56%, Err 33 (9.1e-06)
822.741 .... 1370 packets received, 3416 bps, 42.70%, Err 33 (9.1e-06)
824.857 .... 1378 packets received, 3427 bps, 42.83%, Err 34 (9.3e-06)
826.986 .... 1386 packets received, 3438 bps, 42.97%, Err 34 (9.3e-06)
829.084 .... 1394 packets received, 3449 bps, 43.11%, Err 35 (9.5e-06)
831.196 .... 1402 packets received, 3460 bps, 43.25%, Err 35 (9.4e-06)
833.310 .... 1410 packets received, 3471 bps, 43.38%, Err 35 (9.4e-06)
835.421 .... 1418 packets received, 3482 bps, 43.52%, Err 35 (9.4e-06)
837.533 .... 1426 packets received, 3492 bps, 43.65%, Err 35 (9.3e-06)
840.963 .... 1429 packets received, 3485 bps, 43.57%, Err 36 (9.5e-06)
846.270 .... 1434 packets received, 3476 bps, 43.45%, Err 37 (9.7e-06)
848.386 .... 1442 packets received, 3486 bps, 43.58%, Err 37 (9.6e-06)
850.509 .... 1450 packets received, 3497 bps, 43.71%, Err 37 (9.6e-06)
852.639 .... 1458 packets received, 3507 bps, 43.84%, Err 37 (9.5e-06)
854.737 .... 1466 packets received, 3518 bps, 43.97%, Err 37 (9.5e-06)
856.869 .... 1474 packets received, 3528 bps, 44.10%, Err 37 (9.5e-06)
858.969 .... 1482 packets received, 3539 bps, 44.24%, Err 37 (9.4e-06)
862.660 .... 1486 packets received, 3533 bps, 44.16%, Err 38 (9.6e-06)
864.773 .... 1494 packets received, 3543 bps, 44.29%, Err 38 (9.6e-06)
868.495 .... 1498 packets received, 3538 bps, 44.22%, Err 39 (9.7e-06)
870.634 .... 1506 packets received, 3548 bps, 44.35%, Err 39 (9.7e-06)
872.740 .... 1514 packets received, 3558 bps, 44.48%, Err 39 (9.7e-06)
874.868 .... 1522 packets received, 3568 bps, 44.60%, Err 39 (9.6e-06)
876.973 .... 1530 packets received, 3578 bps, 44.73%, Err 39 (9.6e-06)
879.061 .... 1538 packets received, 3588 bps, 44.86%, Err 39 (9.5e-06)
881.202 .... 1546 packets received, 3598 bps, 44.98%, Err 39 (9.5e-06)
883.289 .... 1554 packets received, 3608 bps, 45.11%, Err 39 (9.5e-06)
885.404 .... 1562 packets received, 3618 bps, 45.23%, Err 39 (9.4e-06)
887.538 .... 1570 packets received, 3628 bps, 45.35%, Err 39 (9.4e-06)
889.639 .... 1578 packets received, 3638 bps, 45.47%, Err 39 (9.3e-06)
893.598 .... 1583 packets received, 3633 bps, 45.42%, Err 41 (9.7e-06)
895.722 .... 1591 packets received, 3643 bps, 45.54%, Err 41 (9.7e-06)
897.823 .... 1599 packets received, 3653 bps, 45.66%, Err 41 (9.7e-06)
899.946 .... 1607 packets received, 3662 bps, 45.78%, Err 41 (9.6e-06)
904.566 .... 1610 packets received, 3650 bps, 45.63%, Err 41 (9.6e-06)
908.809 .... 1611 packets received, 3636 bps, 45.44%, Err 41 (9.6e-06)
912.916 .... 1612 packets received, 3621 bps, 45.27%, Err 41 (9.6e-06)
916.981 .... 1613 packets received, 3608 bps, 45.10%, Err 41 (9.6e-06)
921.124 .... 1614 packets received, 3594 bps, 44.92%, Err 41 (9.6e-06)
925.296 .... 1615 packets received, 3580 bps, 44.74%, Err 41 (9.6e-06)
929.384 .... 1616 packets received, 3566 bps, 44.58%, Err 41 (9.6e-06)
933.609 .... 1617 packets received, 3552 bps, 44.40%, Err 41 (9.6e-06)
940.162 .... 1618 packets received, 3529 bps, 44.12%, Err 42 (9.8e-06)
945.925 .... 1620 packets received, 3512 bps, 43.90%, Err 42 (9.8e-06)
950.047 .... 1621 packets received, 3499 bps, 43.74%, Err 42 (9.8e-06)
954.150 .... 1622 packets received, 3486 bps, 43.58%, Err 42 (9.8e-06)
958.356 .... 1623 packets received, 3473 bps, 43.41%, Err 42 (9.8e-06)
962.460 .... 1624 packets received, 3460 bps, 43.25%, Err 42 (9.8e-06)
966.496 .... 1625 packets received, 3448 bps, 43.10%, Err 42 (9.8e-06)
970.590 .... 1626 packets received, 3436 bps, 42.94%, Err 42 (9.8e-06)
974.681 .... 1627 packets received, 3423 bps, 42.79%, Err 42 (9.7e-06)
978.831 .... 1628 packets received, 3411 bps, 42.63%, Err 42 (9.7e-06)
982.989 .... 1629 packets received, 3398 bps, 42.48%, Err 42 (9.7e-06)
987.146 .... 1630 packets received, 3386 bps, 42.33%, Err 42 (9.7e-06)
991.321 .... 1631 packets received, 3374 bps, 42.17%, Err 42 (9.7e-06)
995.383 .... 1632 packets received, 3362 bps, 42.03%, Err 42 (9.7e-06)
999.430 .... 1633 packets received, 3351 bps, 41.88%, Err 42 (9.7e-06)
1001.583 .... 1638 packets received, 3354 bps, 41.92%, Err 42 (9.7e-06)
1003.715 .... 1646 packets received, 3363 bps, 42.04%, Err 42 (9.6e-06)
1005.820 .... 1654 packets received, 3372 bps, 42.15%, Err 43 (9.8e-06)
1010.033 .... 1660 packets received, 3370 bps, 42.13%, Err 44 (1.0e-05)
1012.134 .... 1668 packets received, 3379 bps, 42.24%, Err 44 (1.0e-05)
1015.327 .... 1670 packets received, 3373 bps, 42.16%, Err 44 (9.9e-06)
1017.451 .... 1678 packets received, 3382 bps, 42.27%, Err 44 (9.9e-06)
1019.554 .... 1686 packets received, 3391 bps, 42.39%, Err 45 (1.0e-05)
1022.464 .... 1687 packets received, 3383 bps, 42.29%, Err 45 (1.0e-05)
1024.585 .... 1695 packets received, 3392 bps, 42.40%, Err 45 (1.0e-05)
1026.725 .... 1703 packets received, 3401 bps, 42.52%, Err 45 (9.9e-06)
1030.939 .... 1707 packets received, 3395 bps, 42.44%, Err 46 (1.0e-05)
1033.061 .... 1715 packets received, 3404 bps, 42.55%, Err 46 (1.0e-05)
1036.220 .... 1717 packets received, 3398 bps, 42.47%, Err 46 (1.0e-05)
1038.343 .... 1725 packets received, 3407 bps, 42.58%, Err 46 (9.9e-06)
1041.500 .... 1727 packets received, 3400 bps, 42.50%, Err 47 (1.0e-05)
1043.616 .... 1735 packets received, 3409 bps, 42.61%, Err 47 (1.0e-05)
1046.810 .... 1737 packets received, 3403 bps, 42.53%, Err 47 (1.0e-05)
1048.910 .... 1745 packets received, 3411 bps, 42.64%, Err 47 (1.0e-05)
1052.121 .... 1747 packets received, 3405 bps, 42.56%, Err 48 (1.0e-05)
1056.867 .... 1755 packets received, 3405 bps, 42.56%, Err 49 (1.0e-05)
1061.620 .... 1761 packets received, 3401 bps, 42.52%, Err 51 (1.1e-05)
1063.770 .... 1769 packets received, 3410 bps, 42.62%, Err 51 (1.1e-05)
1065.852 .... 1777 packets received, 3419 bps, 42.73%, Err 51 (1.1e-05)
1067.988 .... 1785 packets received, 3427 bps, 42.84%, Err 51 (1.0e-05)
1070.094 .... 1793 packets received, 3436 bps, 42.95%, Err 51 (1.0e-05)
1072.220 .... 1801 packets received, 3444 bps, 43.05%, Err 51 (1.0e-05)
1074.324 .... 1809 packets received, 3453 bps, 43.16%, Err 51 (1.0e-05)
1076.419 .... 1817 packets received, 3461 bps, 43.27%, Err 51 (1.0e-05)
1078.538 .... 1825 packets received, 3470 bps, 43.37%, Err 51 (1.0e-05)
1083.295 .... 1833 packets received, 3470 bps, 43.37%, Err 52 (1.0e-05)
1085.423 .... 1841 packets received, 3478 bps, 43.47%, Err 52 (1.0e-05)
1087.538 .... 1849 packets received, 3486 bps, 43.58%, Err 52 (1.0e-05)
1089.664 .... 1857 packets received, 3494 bps, 43.68%, Err 52 (1.0e-05)
1091.764 .... 1865 packets received, 3503 bps, 43.78%, Err 52 (1.0e-05)
1095.190 .... 1868 packets received, 3497 bps, 43.72%, Err 54 (1.1e-05)
1097.316 .... 1876 packets received, 3505 bps, 43.82%, Err 54 (1.1e-05)
1099.437 .... 1884 packets received, 3514 bps, 43.92%, Err 55 (1.1e-05)
1102.240 .... 1885 packets received, 3507 bps, 43.83%, Err 55 (1.1e-05)
1104.614 .... 1889 packets received, 3506 bps, 43.83%, Err 55 (1.1e-05)
1108.691 .... 1890 packets received, 3495 bps, 43.69%, Err 55 (1.1e-05)
1112.775 .... 1891 packets received, 3484 bps, 43.55%, Err 55 (1.1e-05)
1116.918 .... 1892 packets received, 3473 bps, 43.42%, Err 55 (1.1e-05)
1120.969 .... 1893 packets received, 3463 bps, 43.28%, Err 55 (1.1e-05)
1125.076 .... 1894 packets received, 3452 bps, 43.15%, Err 55 (1.1e-05)
1129.197 .... 1895 packets received, 3441 bps, 43.01%, Err 55 (1.1e-05)
1133.281 .... 1896 packets received, 3430 bps, 42.88%, Err 55 (1.1e-05)
1137.410 .... 1897 packets received, 3420 bps, 42.75%, Err 55 (1.1e-05)
1141.549 .... 1898 packets received, 3409 bps, 42.61%, Err 55 (1.1e-05)
1145.730 .... 1899 packets received, 3398 bps, 42.48%, Err 55 (1.1e-05)
1149.794 .... 1900 packets received, 3388 bps, 42.35%, Err 55 (1.1e-05)
1153.855 .... 1901 packets received, 3378 bps, 42.22%, Err 55 (1.1e-05)
1158.033 .... 1902 packets received, 3368 bps, 42.09%, Err 55 (1.1e-05)
1162.129 .... 1903 packets received, 3357 bps, 41.97%, Err 55 (1.1e-05)
1166.217 .... 1904 packets received, 3347 bps, 41.84%, Err 55 (1.1e-05)
1172.923 .... 1905 packets received, 3330 bps, 41.62%, Err 56 (1.1e-05)
1178.570 .... 1907 packets received, 3317 bps, 41.47%, Err 56 (1.1e-05)
1182.664 .... 1908 packets received, 3308 bps, 41.35%, Err 56 (1.1e-05)
1186.752 .... 1909 packets received, 3298 bps, 41.23%, Err 56 (1.1e-05)
1190.843 .... 1910 packets received, 3288 bps, 41.10%, Err 56 (1.1e-05)
1195.018 .... 1911 packets received, 3279 bps, 40.98%, Err 56 (1.1e-05)
1199.038 .... 1912 packets received, 3269 bps, 40.87%, Err 56 (1.1e-05)
1201.063 .... 1915 packets received, 3269 bps, 40.86%, Err 56 (1.1e-05)
1203.193 .... 1923 packets received, 3277 bps, 40.96%, Err 56 (1.1e-05)
1205.297 .... 1931 packets received, 3285 bps, 41.06%, Err 56 (1.1e-05)
1207.407 .... 1939 packets received, 3292 bps, 41.16%, Err 57 (1.1e-05)
1209.534 .... 1947 packets received, 3300 bps, 41.25%, Err 57 (1.1e-05)
1211.642 .... 1955 packets received, 3308 bps, 41.35%, Err 57 (1.1e-05)
1213.748 .... 1963 packets received, 3316 bps, 41.45%, Err 57 (1.1e-05)
1216.895 .... 1965 packets received, 3311 bps, 41.38%, Err 58 (1.1e-05)
1219.026 .... 1973 packets received, 3318 bps, 41.48%, Err 58 (1.1e-05)
1221.147 .... 1981 packets received, 3326 bps, 41.57%, Err 58 (1.1e-05)
1224.581 .... 1984 packets received, 3322 bps, 41.52%, Err 59 (1.1e-05)
1226.714 .... 1992 packets received, 3329 bps, 41.61%, Err 59 (1.1e-05)
1228.827 .... 2000 packets received, 3337 bps, 41.71%, Err 59 (1.1e-05)
1230.950 .... 2008 packets received, 3344 bps, 41.80%, Err 59 (1.1e-05)
1233.068 .... 2016 packets received, 3352 bps, 41.90%, Err 59 (1.1e-05)
1235.159 .... 2024 packets received, 3360 bps, 41.99%, Err 59 (1.1e-05)
1237.273 .... 2032 packets received, 3367 bps, 42.09%, Err 59 (1.1e-05)
1239.409 .... 2040 packets received, 3374 bps, 42.18%, Err 59 (1.1e-05)
1241.501 .... 2048 packets received, 3382 bps, 42.27%, Err 59 (1.1e-05)
1244.964 .... 2051 packets received, 3377 bps, 42.22%, Err 60 (1.1e-05)
1247.063 .... 2059 packets received, 3385 bps, 42.31%, Err 60 (1.1e-05)
1249.183 .... 2067 packets received, 3392 bps, 42.40%, Err 60 (1.1e-05)
1251.291 .... 2075 packets received, 3400 bps, 42.50%, Err 60 (1.1e-05)
1254.217 .... 2076 packets received, 3393 bps, 42.42%, Err 60 (1.1e-05)
1256.326 .... 2084 packets received, 3401 bps, 42.51%, Err 60 (1.1e-05)
1258.432 .... 2092 packets received, 3408 bps, 42.60%, Err 60 (1.1e-05)
1262.143 .... 2096 packets received, 3405 bps, 42.56%, Err 60 (1.1e-05)
1264.291 .... 2104 packets received, 3412 bps, 42.65%, Err 60 (1.1e-05)
1268.253 .... 2109 packets received, 3409 bps, 42.61%, Err 61 (1.1e-05)
1270.374 .... 2117 packets received, 3416 bps, 42.70%, Err 61 (1.1e-05)
1272.490 .... 2125 packets received, 3424 bps, 42.79%, Err 61 (1.1e-05)
1274.582 .... 2133 packets received, 3431 bps, 42.89%, Err 61 (1.1e-05)
1276.711 .... 2141 packets received, 3438 bps, 42.97%, Err 61 (1.0e-05)
1278.806 .... 2149 packets received, 3445 bps, 43.06%, Err 61 (1.0e-05)
1280.918 .... 2157 packets received, 3452 bps, 43.15%, Err 61 (1.0e-05)
1284.885 .... 2162 packets received, 3450 bps, 43.12%, Err 62 (1.1e-05)
1287.010 .... 2170 packets received, 3457 bps, 43.21%, Err 62 (1.1e-05)
1289.115 .... 2178 packets received, 3464 bps, 43.30%, Err 62 (1.0e-05)
1292.851 .... 2181 packets received, 3458 bps, 43.23%, Err 62 (1.0e-05)
1294.959 .... 2189 packets received, 3465 bps, 43.32%, Err 62 (1.0e-05)
1297.062 .... 2197 packets received, 3472 bps, 43.41%, Err 62 (1.0e-05)
1299.149 .... 2205 packets received, 3479 bps, 43.49%, Err 62 (1.0e-05)
1304.603 .... 2211 packets received, 3474 bps, 43.43%, Err 62 (1.0e-05)
1308.620 .... 2212 packets received, 3465 bps, 43.32%, Err 62 (1.0e-05)
1312.723 .... 2213 packets received, 3456 bps, 43.20%, Err 62 (1.0e-05)
1316.879 .... 2214 packets received, 3447 bps, 43.08%, Err 62 (1.0e-05)
1320.935 .... 2215 packets received, 3438 bps, 42.97%, Err 62 (1.0e-05)
1325.057 .... 2216 packets received, 3428 bps, 42.86%, Err 62 (1.0e-05)
1329.272 .... 2217 packets received, 3419 bps, 42.74%, Err 62 (1.0e-05)
1333.360 .... 2218 packets received, 3410 bps, 42.63%, Err 62 (1.0e-05)
1337.427 .... 2219 packets received, 3401 bps, 42.52%, Err 62 (1.0e-05)
1341.441 .... 2220 packets received, 3393 bps, 42.41%, Err 62 (1.0e-05)
1345.617 .... 2221 packets received, 3384 bps, 42.29%, Err 62 (1.0e-05)
1349.727 .... 2222 packets received, 3375 bps, 42.18%, Err 62 (1.0e-05)
1353.898 .... 2223 packets received, 3366 bps, 42.07%, Err 62 (1.0e-05)
1358.034 .... 2224 packets received, 3357 bps, 41.96%, Err 62 (1.0e-05)
1364.644 .... 2225 packets received, 3342 bps, 41.78%, Err 63 (1.0e-05)
1370.449 .... 2227 packets received, 3331 bps, 41.64%, Err 63 (1.0e-05)
1374.647 .... 2228 packets received, 3323 bps, 41.53%, Err 63 (1.0e-05)
1378.866 .... 2229 packets received, 3314 bps, 41.42%, Err 63 (1.0e-05)
1382.903 .... 2230 packets received, 3306 bps, 41.32%, Err 63 (1.0e-05)
1387.006 .... 2231 packets received, 3297 bps, 41.22%, Err 63 (1.0e-05)
1391.096 .... 2232 packets received, 3289 bps, 41.11%, Err 63 (1.0e-05)
1395.248 .... 2233 packets received, 3281 bps, 41.01%, Err 63 (1.0e-05)
1395.524 TCP Disconnected.
