000.000 =============================================================
000.000                     Station A                               
000.000 -------------------------------------------------------------
000.000 Protocol.lib, version 4.0, jiangyanjun0718@bupt.edu.cn
000.000 Channel: 8000 bps, 270 ms propagation delay, bit error rate 1.0E-05
000.000 Log file "a800.log", TCP port 59144, debug mask 0x00
000.000 Station A is waiting for station B on TCP port 59144 ... Done.
000.585 New epoch: Sun Apr  9 14:11:24 2023
000.585 =================================================================
000.585 
000.585 Designed by Li Ruobin, build: Apr  9 2023  14:11:08
004.220 .... 1 packets received, 702 bps, 8.77%, Err 1 (3.9e-05)
006.332 .... 9 packets received, 3664 bps, 45.81%, Err 2 (4.7e-05)
009.517 .... 10 packets received, 2493 bps, 31.16%, Err 2 (3.0e-05)
011.621 .... 18 packets received, 3572 bps, 44.66%, Err 2 (2.4e-05)
013.756 .... 26 packets received, 4276 bps, 53.44%, Err 2 (2.0e-05)
015.859 .... 34 packets received, 4783 bps, 59.79%, Err 2 (1.7e-05)
017.978 .... 42 packets received, 5158 bps, 64.48%, Err 2 (1.5e-05)
020.111 .... 50 packets received, 5444 bps, 68.05%, Err 2 (1.3e-05)
022.215 .... 58 packets received, 5680 bps, 71.00%, Err 2 (1.2e-05)
024.321 .... 66 packets received, 5872 bps, 73.40%, Err 2 (1.1e-05)
026.449 .... 74 packets received, 6027 bps, 75.33%, Err 2 (9.8e-06)
028.540 .... 82 packets received, 6166 bps, 77.07%, Err 2 (9.1e-06)
030.658 .... 90 packets received, 6279 bps, 78.48%, Err 2 (8.4e-06)
032.781 .... 98 packets received, 6376 bps, 79.70%, Err 2 (7.9e-06)
036.209 .... 101 packets received, 5926 bps, 74.07%, Err 2 (7.1e-06)
038.336 .... 109 packets received, 6028 bps, 75.35%, Err 2 (6.7e-06)
042.805 .... 116 packets received, 5724 bps, 71.55%, Err 3 (9.0e-06)
044.942 .... 124 packets received, 5819 bps, 72.74%, Err 3 (8.5e-06)
047.034 .... 132 packets received, 5911 bps, 73.89%, Err 3 (8.2e-06)
049.155 .... 140 packets received, 5992 bps, 74.90%, Err 4 (1.0e-05)
051.280 .... 148 packets received, 6065 bps, 75.81%, Err 4 (1.0e-05)
053.390 .... 156 packets received, 6134 bps, 76.67%, Err 4 (9.6e-06)
055.503 .... 164 packets received, 6197 bps, 77.46%, Err 4 (9.2e-06)
057.626 .... 172 packets received, 6254 bps, 78.18%, Err 4 (8.8e-06)
061.303 .... 176 packets received, 6007 bps, 75.09%, Err 5 (1.0e-05)
063.415 .... 184 packets received, 6067 bps, 75.84%, Err 5 (1.0e-05)
065.545 .... 192 packets received, 6121 bps, 76.51%, Err 5 (9.7e-06)
067.662 .... 200 packets received, 6172 bps, 77.16%, Err 5 (9.4e-06)
069.747 .... 208 packets received, 6224 bps, 77.80%, Err 5 (9.1e-06)
071.876 .... 216 packets received, 6268 bps, 78.35%, Err 5 (8.8e-06)
073.992 .... 224 packets received, 6311 bps, 78.89%, Err 5 (8.6e-06)
076.102 .... 232 packets received, 6352 bps, 79.40%, Err 5 (8.3e-06)
078.199 .... 240 packets received, 6392 bps, 79.90%, Err 5 (8.1e-06)
082.430 .... 246 packets received, 6210 bps, 77.63%, Err 6 (9.2e-06)
084.542 .... 254 packets received, 6249 bps, 78.12%, Err 6 (9.0e-06)
086.668 .... 262 packets received, 6286 bps, 78.57%, Err 6 (8.8e-06)
088.790 .... 270 packets received, 6320 bps, 79.01%, Err 6 (8.5e-06)
090.899 .... 278 packets received, 6354 bps, 79.43%, Err 6 (8.3e-06)
093.836 .... 279 packets received, 6175 bps, 77.19%, Err 7 (9.4e-06)
097.515 .... 283 packets received, 6024 bps, 75.30%, Err 8 (1.0e-05)
099.623 .... 291 packets received, 6061 bps, 75.77%, Err 8 (1.0e-05)
104.523 .... 295 packets received, 5853 bps, 73.16%, Err 8 (1.0e-05)
108.636 .... 296 packets received, 5648 bps, 70.60%, Err 8 (1.0e-05)
112.645 .... 297 packets received, 5463 bps, 68.29%, Err 8 (1.0e-05)
116.744 .... 298 packets received, 5287 bps, 66.08%, Err 8 (1.0e-05)
120.789 .... 299 packets received, 5125 bps, 64.06%, Err 8 (9.9e-06)
124.873 .... 300 packets received, 4972 bps, 62.15%, Err 8 (9.9e-06)
128.954 .... 301 packets received, 4829 bps, 60.36%, Err 8 (9.9e-06)
132.991 .... 302 packets received, 4697 bps, 58.71%, Err 8 (9.9e-06)
137.203 .... 303 packets received, 4566 bps, 57.08%, Err 8 (9.8e-06)
141.304 .... 304 packets received, 4447 bps, 55.59%, Err 8 (9.8e-06)
145.480 .... 305 packets received, 4332 bps, 54.16%, Err 8 (9.8e-06)
149.684 .... 306 packets received, 4223 bps, 52.79%, Err 8 (9.8e-06)
153.780 .... 307 packets received, 4123 bps, 51.54%, Err 8 (9.7e-06)
157.928 .... 308 packets received, 4027 bps, 50.34%, Err 8 (9.7e-06)
162.016 .... 309 packets received, 3938 bps, 49.22%, Err 8 (9.7e-06)
166.043 .... 310 packets received, 3854 bps, 48.17%, Err 8 (9.6e-06)
170.219 .... 311 packets received, 3771 bps, 47.13%, Err 8 (9.6e-06)
174.432 .... 312 packets received, 3691 bps, 46.13%, Err 8 (9.5e-06)
178.576 .... 313 packets received, 3616 bps, 45.20%, Err 8 (9.5e-06)
182.669 .... 314 packets received, 3546 bps, 44.32%, Err 8 (9.5e-06)
186.781 .... 315 packets received, 3478 bps, 43.48%, Err 8 (9.4e-06)
190.913 .... 316 packets received, 3413 bps, 42.66%, Err 8 (9.4e-06)
194.989 .... 317 packets received, 3352 bps, 41.90%, Err 8 (9.4e-06)
199.027 .... 318 packets received, 3294 bps, 41.17%, Err 8 (9.4e-06)
201.056 .... 321 packets received, 3291 bps, 41.14%, Err 8 (9.3e-06)
203.165 .... 329 packets received, 3338 bps, 41.72%, Err 8 (9.1e-06)
205.273 .... 337 packets received, 3384 bps, 42.30%, Err 8 (8.9e-06)
209.512 .... 343 packets received, 3374 bps, 42.17%, Err 10 (1.1e-05)
211.629 .... 351 packets received, 3418 bps, 42.72%, Err 10 (1.1e-05)
213.759 .... 359 packets received, 3461 bps, 43.26%, Err 10 (1.0e-05)
215.885 .... 367 packets received, 3503 bps, 43.78%, Err 10 (1.0e-05)
217.967 .... 375 packets received, 3545 bps, 44.31%, Err 10 (1.0e-05)
220.092 .... 383 packets received, 3585 bps, 44.81%, Err 10 (9.9e-06)
223.518 .... 386 packets received, 3557 bps, 44.47%, Err 11 (1.1e-05)
225.657 .... 394 packets received, 3597 bps, 44.96%, Err 11 (1.0e-05)
230.432 .... 400 packets received, 3575 bps, 44.69%, Err 12 (1.1e-05)
232.535 .... 408 packets received, 3614 bps, 45.17%, Err 12 (1.1e-05)
235.710 .... 410 packets received, 3582 bps, 44.78%, Err 12 (1.1e-05)
237.830 .... 418 packets received, 3619 bps, 45.24%, Err 12 (1.0e-05)
241.019 .... 420 packets received, 3588 bps, 44.85%, Err 12 (1.0e-05)
243.120 .... 428 packets received, 3625 bps, 45.31%, Err 12 (1.0e-05)
246.296 .... 430 packets received, 3595 bps, 44.93%, Err 12 (9.8e-06)
248.416 .... 438 packets received, 3630 bps, 45.38%, Err 12 (9.7e-06)
251.612 .... 440 packets received, 3600 bps, 45.00%, Err 12 (9.5e-06)
253.717 .... 448 packets received, 3635 bps, 45.44%, Err 13 (1.0e-05)
256.609 .... 449 packets received, 3602 bps, 45.02%, Err 13 (1.0e-05)
258.743 .... 457 packets received, 3636 bps, 45.44%, Err 13 (9.8e-06)
262.440 .... 460 packets received, 3608 bps, 45.09%, Err 13 (9.6e-06)
264.546 .... 468 packets received, 3641 bps, 45.51%, Err 13 (9.5e-06)
267.741 .... 470 packets received, 3613 bps, 45.16%, Err 14 (1.0e-05)
270.632 .... 471 packets received, 3582 bps, 44.77%, Err 15 (1.1e-05)
272.764 .... 479 packets received, 3614 bps, 45.17%, Err 15 (1.0e-05)
274.882 .... 487 packets received, 3646 bps, 45.57%, Err 15 (1.0e-05)
279.124 .... 490 packets received, 3612 bps, 45.15%, Err 16 (1.1e-05)
281.230 .... 498 packets received, 3643 bps, 45.54%, Err 16 (1.1e-05)
283.367 .... 506 packets received, 3674 bps, 45.92%, Err 16 (1.1e-05)
285.459 .... 514 packets received, 3705 bps, 46.31%, Err 16 (1.0e-05)
287.555 .... 522 packets received, 3735 bps, 46.68%, Err 16 (1.0e-05)
289.697 .... 530 packets received, 3764 bps, 47.05%, Err 16 (1.0e-05)
292.856 .... 532 packets received, 3737 bps, 46.71%, Err 17 (1.1e-05)
294.959 .... 540 packets received, 3766 bps, 47.08%, Err 17 (1.1e-05)
297.109 .... 548 packets received, 3794 bps, 47.43%, Err 17 (1.0e-05)
301.926 .... 552 packets received, 3760 bps, 47.01%, Err 17 (1.0e-05)
306.088 .... 553 packets received, 3716 bps, 46.45%, Err 17 (1.0e-05)
310.146 .... 554 packets received, 3674 bps, 45.92%, Err 17 (1.0e-05)
314.294 .... 555 packets received, 3632 bps, 45.39%, Err 17 (1.0e-05)
318.397 .... 556 packets received, 3591 bps, 44.89%, Err 17 (1.0e-05)
322.500 .... 557 packets received, 3552 bps, 44.39%, Err 17 (1.0e-05)
326.618 .... 558 packets received, 3513 bps, 43.91%, Err 17 (1.0e-05)
330.613 .... 559 packets received, 3476 bps, 43.46%, Err 17 (1.0e-05)
334.746 .... 560 packets received, 3439 bps, 42.99%, Err 17 (1.0e-05)
338.818 .... 561 packets received, 3404 bps, 42.55%, Err 17 (1.0e-05)
342.891 .... 562 packets received, 3369 bps, 42.12%, Err 17 (1.0e-05)
346.977 .... 563 packets received, 3336 bps, 41.69%, Err 17 (1.0e-05)
351.079 .... 564 packets received, 3302 bps, 41.28%, Err 17 (1.0e-05)
355.255 .... 565 packets received, 3269 bps, 40.86%, Err 17 (1.0e-05)
359.322 .... 566 packets received, 3238 bps, 40.47%, Err 17 (1.0e-05)
363.436 .... 567 packets received, 3207 bps, 40.08%, Err 17 (1.0e-05)
367.639 .... 568 packets received, 3175 bps, 39.69%, Err 17 (1.0e-05)
371.857 .... 569 packets received, 3145 bps, 39.31%, Err 17 (1.0e-05)
376.030 .... 570 packets received, 3115 bps, 38.94%, Err 17 (9.9e-06)
380.155 .... 571 packets received, 3087 bps, 38.58%, Err 17 (9.9e-06)
384.279 .... 572 packets received, 3059 bps, 38.24%, Err 17 (9.9e-06)
388.369 .... 573 packets received, 3032 bps, 37.90%, Err 17 (9.9e-06)
392.504 .... 574 packets received, 3005 bps, 37.56%, Err 17 (9.9e-06)
396.604 .... 575 packets received, 2979 bps, 37.24%, Err 17 (9.9e-06)
400.555 .... 576 packets received, 2955 bps, 36.93%, Err 17 (9.8e-06)
403.721 .... 578 packets received, 2942 bps, 36.77%, Err 18 (1.0e-05)
405.827 .... 586 packets received, 2967 bps, 37.08%, Err 18 (1.0e-05)
407.963 .... 594 packets received, 2991 bps, 37.39%, Err 19 (1.1e-05)
412.201 .... 598 packets received, 2981 bps, 37.26%, Err 19 (1.0e-05)
414.322 .... 606 packets received, 3005 bps, 37.56%, Err 19 (1.0e-05)
416.412 .... 614 packets received, 3029 bps, 37.87%, Err 19 (1.0e-05)
418.518 .... 622 packets received, 3053 bps, 38.17%, Err 19 (1.0e-05)
421.699 .... 624 packets received, 3040 bps, 38.00%, Err 20 (1.1e-05)
423.805 .... 632 packets received, 3063 bps, 38.29%, Err 20 (1.0e-05)
425.926 .... 640 packets received, 3087 bps, 38.58%, Err 21 (1.1e-05)
429.650 .... 641 packets received, 3065 bps, 38.31%, Err 21 (1.1e-05)
431.768 .... 649 packets received, 3088 bps, 38.60%, Err 21 (1.1e-05)
433.886 .... 657 packets received, 3110 bps, 38.88%, Err 21 (1.1e-05)
435.989 .... 665 packets received, 3133 bps, 39.16%, Err 21 (1.0e-05)
438.108 .... 673 packets received, 3155 bps, 39.44%, Err 21 (1.0e-05)
440.224 .... 681 packets received, 3178 bps, 39.72%, Err 21 (1.0e-05)
442.326 .... 689 packets received, 3200 bps, 39.99%, Err 21 (1.0e-05)
444.444 .... 697 packets received, 3221 bps, 40.27%, Err 21 (1.0e-05)
447.588 .... 699 packets received, 3208 bps, 40.10%, Err 22 (1.0e-05)
449.725 .... 707 packets received, 3229 bps, 40.36%, Err 22 (1.0e-05)
451.828 .... 715 packets received, 3250 bps, 40.63%, Err 22 (1.0e-05)
455.287 .... 718 packets received, 3239 bps, 40.49%, Err 22 (1.0e-05)
457.402 .... 726 packets received, 3260 bps, 40.75%, Err 22 (1.0e-05)
459.492 .... 734 packets received, 3281 bps, 41.01%, Err 22 (1.0e-05)
461.612 .... 742 packets received, 3301 bps, 41.27%, Err 22 (9.9e-06)
466.362 .... 750 packets received, 3303 bps, 41.28%, Err 22 (9.8e-06)
468.498 .... 758 packets received, 3323 bps, 41.53%, Err 22 (9.7e-06)
471.679 .... 760 packets received, 3309 bps, 41.36%, Err 23 (1.0e-05)
473.769 .... 768 packets received, 3329 bps, 41.61%, Err 23 (9.9e-06)
477.208 .... 771 packets received, 3318 bps, 41.47%, Err 24 (1.0e-05)
479.344 .... 779 packets received, 3337 bps, 41.72%, Err 24 (1.0e-05)
484.099 .... 787 packets received, 3338 bps, 41.73%, Err 25 (1.0e-05)
486.205 .... 795 packets received, 3358 bps, 41.97%, Err 25 (1.0e-05)
488.311 .... 803 packets received, 3377 bps, 42.21%, Err 25 (1.0e-05)
490.432 .... 811 packets received, 3396 bps, 42.45%, Err 25 (1.0e-05)
494.126 .... 815 packets received, 3387 bps, 42.34%, Err 26 (1.1e-05)
496.247 .... 823 packets received, 3405 bps, 42.57%, Err 26 (1.0e-05)
498.368 .... 831 packets received, 3424 bps, 42.80%, Err 26 (1.0e-05)
503.245 .... 835 packets received, 3407 bps, 42.59%, Err 27 (1.1e-05)
507.331 .... 836 packets received, 3383 bps, 42.29%, Err 27 (1.1e-05)
511.418 .... 837 packets received, 3360 bps, 42.00%, Err 27 (1.1e-05)
515.566 .... 838 packets received, 3337 bps, 41.72%, Err 27 (1.1e-05)
519.669 .... 839 packets received, 3315 bps, 41.43%, Err 27 (1.1e-05)
523.709 .... 840 packets received, 3293 bps, 41.16%, Err 27 (1.1e-05)
527.854 .... 841 packets received, 3271 bps, 40.89%, Err 27 (1.1e-05)
531.907 .... 842 packets received, 3250 bps, 40.62%, Err 27 (1.1e-05)
536.003 .... 843 packets received, 3229 bps, 40.36%, Err 27 (1.1e-05)
540.177 .... 844 packets received, 3208 bps, 40.10%, Err 27 (1.1e-05)
544.338 .... 845 packets received, 3187 bps, 39.84%, Err 27 (1.1e-05)
548.362 .... 846 packets received, 3167 bps, 39.59%, Err 27 (1.1e-05)
552.419 .... 847 packets received, 3148 bps, 39.34%, Err 27 (1.1e-05)
556.519 .... 848 packets received, 3128 bps, 39.10%, Err 27 (1.1e-05)
560.577 .... 849 packets received, 3109 bps, 38.86%, Err 27 (1.1e-05)
564.674 .... 850 packets received, 3090 bps, 38.62%, Err 27 (1.0e-05)
568.869 .... 851 packets received, 3071 bps, 38.38%, Err 27 (1.0e-05)
572.999 .... 852 packets received, 3052 bps, 38.15%, Err 27 (1.0e-05)
577.135 .... 853 packets received, 3034 bps, 37.92%, Err 27 (1.0e-05)
581.291 .... 854 packets received, 3016 bps, 37.69%, Err 27 (1.0e-05)
585.295 .... 855 packets received, 2998 bps, 37.48%, Err 27 (1.0e-05)
589.440 .... 856 packets received, 2981 bps, 37.26%, Err 27 (1.0e-05)
593.568 .... 857 packets received, 2963 bps, 37.04%, Err 27 (1.0e-05)
597.620 .... 858 packets received, 2947 bps, 36.83%, Err 27 (1.0e-05)
600.555 .... 859 packets received, 2936 bps, 36.70%, Err 27 (1.0e-05)
602.644 .... 867 packets received, 2953 bps, 36.91%, Err 27 (1.0e-05)
607.140 .... 874 packets received, 2955 bps, 36.93%, Err 27 (1.0e-05)
609.277 .... 882 packets received, 2971 bps, 37.14%, Err 27 (1.0e-05)
611.367 .... 890 packets received, 2988 bps, 37.35%, Err 27 (1.0e-05)
613.505 .... 898 packets received, 3004 bps, 37.55%, Err 27 (1.0e-05)
615.599 .... 906 packets received, 3021 bps, 37.76%, Err 27 (9.9e-06)
617.698 .... 914 packets received, 3037 bps, 37.96%, Err 27 (9.9e-06)
619.836 .... 922 packets received, 3053 bps, 38.16%, Err 27 (9.8e-06)
621.939 .... 930 packets received, 3069 bps, 38.36%, Err 27 (9.8e-06)
624.059 .... 938 packets received, 3085 bps, 38.56%, Err 27 (9.7e-06)
626.161 .... 946 packets received, 3101 bps, 38.76%, Err 27 (9.6e-06)
628.282 .... 954 packets received, 3116 bps, 38.95%, Err 27 (9.6e-06)
630.385 .... 962 packets received, 3132 bps, 39.15%, Err 27 (9.5e-06)
633.822 .... 965 packets received, 3125 bps, 39.06%, Err 28 (9.8e-06)
635.953 .... 973 packets received, 3140 bps, 39.25%, Err 28 (9.7e-06)
638.066 .... 981 packets received, 3155 bps, 39.44%, Err 28 (9.7e-06)
642.016 .... 986 packets received, 3152 bps, 39.40%, Err 28 (9.6e-06)
644.134 .... 994 packets received, 3167 bps, 39.58%, Err 28 (9.5e-06)
646.253 .... 1002 packets received, 3182 bps, 39.77%, Err 28 (9.5e-06)
648.354 .... 1010 packets received, 3197 bps, 39.96%, Err 28 (9.4e-06)
650.474 .... 1018 packets received, 3212 bps, 40.14%, Err 28 (9.4e-06)
652.580 .... 1026 packets received, 3226 bps, 40.33%, Err 28 (9.3e-06)
654.710 .... 1034 packets received, 3241 bps, 40.51%, Err 28 (9.2e-06)
656.813 .... 1042 packets received, 3255 bps, 40.69%, Err 28 (9.2e-06)
659.984 .... 1044 packets received, 3246 bps, 40.58%, Err 29 (9.4e-06)
662.122 .... 1052 packets received, 3260 bps, 40.75%, Err 29 (9.4e-06)
664.205 .... 1060 packets received, 3275 bps, 40.94%, Err 29 (9.3e-06)
666.339 .... 1068 packets received, 3289 bps, 41.11%, Err 29 (9.3e-06)
668.446 .... 1076 packets received, 3303 bps, 41.29%, Err 29 (9.2e-06)
670.569 .... 1084 packets received, 3317 bps, 41.46%, Err 29 (9.2e-06)
672.661 .... 1092 packets received, 3331 bps, 41.64%, Err 29 (9.1e-06)
677.426 .... 1100 packets received, 3332 bps, 41.65%, Err 30 (9.3e-06)
679.534 .... 1108 packets received, 3346 bps, 41.82%, Err 30 (9.3e-06)
681.642 .... 1116 packets received, 3359 bps, 41.99%, Err 30 (9.3e-06)
683.759 .... 1124 packets received, 3373 bps, 42.16%, Err 30 (9.2e-06)
687.439 .... 1128 packets received, 3367 bps, 42.09%, Err 32 (9.7e-06)
689.557 .... 1136 packets received, 3380 bps, 42.25%, Err 32 (9.7e-06)
691.678 .... 1144 packets received, 3394 bps, 42.42%, Err 32 (9.6e-06)
696.196 .... 1148 packets received, 3383 bps, 42.29%, Err 32 (9.5e-06)
698.313 .... 1156 packets received, 3397 bps, 42.46%, Err 32 (9.5e-06)
700.425 .... 1164 packets received, 3410 bps, 42.62%, Err 32 (9.4e-06)
704.578 .... 1165 packets received, 3393 bps, 42.41%, Err 32 (9.4e-06)
708.586 .... 1166 packets received, 3376 bps, 42.20%, Err 32 (9.4e-06)
712.792 .... 1167 packets received, 3359 bps, 41.99%, Err 32 (9.4e-06)
716.863 .... 1168 packets received, 3343 bps, 41.79%, Err 32 (9.4e-06)
720.886 .... 1169 packets received, 3327 bps, 41.59%, Err 32 (9.4e-06)
724.997 .... 1170 packets received, 3311 bps, 41.39%, Err 32 (9.4e-06)
729.126 .... 1171 packets received, 3295 bps, 41.19%, Err 32 (9.4e-06)
733.247 .... 1172 packets received, 3279 bps, 40.99%, Err 32 (9.4e-06)
737.358 .... 1173 packets received, 3264 bps, 40.80%, Err 32 (9.4e-06)
741.499 .... 1174 packets received, 3248 bps, 40.60%, Err 32 (9.4e-06)
745.559 .... 1175 packets received, 3233 bps, 40.42%, Err 32 (9.4e-06)
749.695 .... 1176 packets received, 3218 bps, 40.23%, Err 32 (9.4e-06)
753.862 .... 1177 packets received, 3203 bps, 40.04%, Err 32 (9.4e-06)
757.923 .... 1178 packets received, 3189 bps, 39.86%, Err 32 (9.3e-06)
762.018 .... 1179 packets received, 3174 bps, 39.68%, Err 32 (9.3e-06)
766.036 .... 1180 packets received, 3160 bps, 39.50%, Err 32 (9.3e-06)
770.210 .... 1181 packets received, 3146 bps, 39.32%, Err 32 (9.3e-06)
774.230 .... 1182 packets received, 3132 bps, 39.15%, Err 32 (9.3e-06)
778.311 .... 1183 packets received, 3118 bps, 38.98%, Err 32 (9.3e-06)
782.407 .... 1184 packets received, 3104 bps, 38.80%, Err 32 (9.3e-06)
786.520 .... 1185 packets received, 3091 bps, 38.63%, Err 32 (9.3e-06)
790.649 .... 1186 packets received, 3077 bps, 38.46%, Err 32 (9.3e-06)
794.786 .... 1187 packets received, 3064 bps, 38.30%, Err 32 (9.3e-06)
798.990 .... 1188 packets received, 3050 bps, 38.13%, Err 32 (9.3e-06)
801.061 .... 1191 packets received, 3050 bps, 38.12%, Err 32 (9.3e-06)
803.168 .... 1199 packets received, 3062 bps, 38.28%, Err 32 (9.2e-06)
806.372 .... 1201 packets received, 3055 bps, 38.19%, Err 32 (9.2e-06)
808.463 .... 1209 packets received, 3068 bps, 38.34%, Err 32 (9.1e-06)
811.650 .... 1211 packets received, 3061 bps, 38.26%, Err 32 (9.0e-06)
813.767 .... 1219 packets received, 3073 bps, 38.41%, Err 32 (9.0e-06)
817.220 .... 1222 packets received, 3067 bps, 38.34%, Err 32 (8.9e-06)
819.317 .... 1230 packets received, 3079 bps, 38.49%, Err 32 (8.9e-06)
822.507 .... 1232 packets received, 3072 bps, 38.41%, Err 32 (8.8e-06)
824.596 .... 1240 packets received, 3085 bps, 38.56%, Err 32 (8.8e-06)
826.718 .... 1248 packets received, 3097 bps, 38.71%, Err 33 (9.0e-06)
829.649 .... 1249 packets received, 3088 bps, 38.60%, Err 33 (9.0e-06)
831.741 .... 1257 packets received, 3100 bps, 38.75%, Err 33 (8.9e-06)
833.874 .... 1265 packets received, 3112 bps, 38.90%, Err 34 (9.1e-06)
835.969 .... 1273 packets received, 3124 bps, 39.04%, Err 34 (9.1e-06)
838.084 .... 1281 packets received, 3135 bps, 39.19%, Err 34 (9.1e-06)
841.534 .... 1284 packets received, 3130 bps, 39.12%, Err 34 (9.0e-06)
843.650 .... 1292 packets received, 3141 bps, 39.27%, Err 34 (9.0e-06)
846.801 .... 1294 packets received, 3134 bps, 39.18%, Err 36 (9.4e-06)
848.928 .... 1302 packets received, 3146 bps, 39.32%, Err 36 (9.4e-06)
851.058 .... 1310 packets received, 3157 bps, 39.47%, Err 36 (9.3e-06)
854.775 .... 1314 packets received, 3153 bps, 39.41%, Err 36 (9.3e-06)
856.886 .... 1322 packets received, 3164 bps, 39.56%, Err 37 (9.5e-06)
858.973 .... 1330 packets received, 3176 bps, 39.70%, Err 37 (9.4e-06)
861.085 .... 1338 packets received, 3187 bps, 39.84%, Err 37 (9.4e-06)
864.265 .... 1340 packets received, 3180 bps, 39.75%, Err 38 (9.6e-06)
866.386 .... 1348 packets received, 3191 bps, 39.89%, Err 38 (9.6e-06)
868.505 .... 1356 packets received, 3202 bps, 40.03%, Err 38 (9.5e-06)
870.616 .... 1364 packets received, 3213 bps, 40.17%, Err 38 (9.5e-06)
874.068 .... 1367 packets received, 3208 bps, 40.10%, Err 39 (9.7e-06)
876.173 .... 1375 packets received, 3219 bps, 40.23%, Err 39 (9.6e-06)
878.310 .... 1383 packets received, 3230 bps, 40.37%, Err 39 (9.6e-06)
880.416 .... 1391 packets received, 3240 bps, 40.51%, Err 39 (9.5e-06)
882.522 .... 1399 packets received, 3251 bps, 40.64%, Err 39 (9.5e-06)
884.641 .... 1407 packets received, 3262 bps, 40.78%, Err 39 (9.5e-06)
886.744 .... 1415 packets received, 3273 bps, 40.91%, Err 39 (9.4e-06)
888.845 .... 1423 packets received, 3284 bps, 41.04%, Err 39 (9.4e-06)
893.626 .... 1431 packets received, 3284 bps, 41.05%, Err 39 (9.3e-06)
895.747 .... 1439 packets received, 3295 bps, 41.19%, Err 39 (9.3e-06)
898.897 .... 1441 packets received, 3288 bps, 41.10%, Err 40 (9.4e-06)
904.588 .... 1448 packets received, 3283 bps, 41.04%, Err 40 (9.4e-06)
908.690 .... 1449 packets received, 3270 bps, 40.88%, Err 40 (9.4e-06)
912.746 .... 1450 packets received, 3258 bps, 40.73%, Err 40 (9.4e-06)
916.742 .... 1451 packets received, 3246 bps, 40.58%, Err 40 (9.4e-06)
920.886 .... 1452 packets received, 3234 bps, 40.42%, Err 40 (9.4e-06)
924.937 .... 1453 packets received, 3222 bps, 40.27%, Err 40 (9.4e-06)
928.977 .... 1454 packets received, 3210 bps, 40.12%, Err 40 (9.4e-06)
933.108 .... 1455 packets received, 3198 bps, 39.97%, Err 40 (9.4e-06)
937.179 .... 1456 packets received, 3186 bps, 39.83%, Err 40 (9.4e-06)
941.297 .... 1457 packets received, 3174 bps, 39.68%, Err 40 (9.4e-06)
945.354 .... 1458 packets received, 3163 bps, 39.54%, Err 40 (9.4e-06)
949.528 .... 1459 packets received, 3151 bps, 39.39%, Err 40 (9.4e-06)
953.654 .... 1460 packets received, 3140 bps, 39.25%, Err 40 (9.3e-06)
957.707 .... 1461 packets received, 3129 bps, 39.11%, Err 40 (9.3e-06)
961.822 .... 1462 packets received, 3117 bps, 38.97%, Err 40 (9.3e-06)
965.891 .... 1463 packets received, 3106 bps, 38.83%, Err 40 (9.3e-06)
970.021 .... 1464 packets received, 3095 bps, 38.69%, Err 40 (9.3e-06)
974.078 .... 1465 packets received, 3084 bps, 38.55%, Err 40 (9.3e-06)
978.284 .... 1466 packets received, 3073 bps, 38.41%, Err 40 (9.3e-06)
982.335 .... 1467 packets received, 3063 bps, 38.28%, Err 40 (9.3e-06)
986.492 .... 1468 packets received, 3052 bps, 38.15%, Err 40 (9.3e-06)
990.586 .... 1469 packets received, 3041 bps, 38.01%, Err 40 (9.3e-06)
994.638 .... 1470 packets received, 3031 bps, 37.88%, Err 40 (9.3e-06)
998.733 .... 1471 packets received, 3020 bps, 37.75%, Err 40 (9.3e-06)
1000.789 .... 1473 packets received, 3018 bps, 37.73%, Err 40 (9.3e-06)
1002.920 .... 1481 packets received, 3028 bps, 37.85%, Err 40 (9.2e-06)
1006.355 .... 1484 packets received, 3024 bps, 37.80%, Err 40 (9.2e-06)
1008.462 .... 1492 packets received, 3034 bps, 37.92%, Err 40 (9.1e-06)
1010.566 .... 1500 packets received, 3044 bps, 38.05%, Err 40 (9.1e-06)
1012.684 .... 1508 packets received, 3054 bps, 38.17%, Err 40 (9.1e-06)
1014.804 .... 1516 packets received, 3063 bps, 38.29%, Err 40 (9.0e-06)
1018.745 .... 1521 packets received, 3062 bps, 38.27%, Err 43 (9.6e-06)
1022.733 .... 1526 packets received, 3060 bps, 38.25%, Err 44 (9.8e-06)
1024.853 .... 1534 packets received, 3069 bps, 38.37%, Err 44 (9.8e-06)
1026.970 .... 1542 packets received, 3079 bps, 38.49%, Err 44 (9.7e-06)
1029.088 .... 1550 packets received, 3089 bps, 38.61%, Err 45 (9.9e-06)
1031.993 .... 1551 packets received, 3082 bps, 38.52%, Err 45 (9.9e-06)
1037.284 .... 1558 packets received, 3080 bps, 38.50%, Err 46 (1.0e-05)
1039.374 .... 1566 packets received, 3090 bps, 38.62%, Err 46 (1.0e-05)
1041.525 .... 1574 packets received, 3099 bps, 38.74%, Err 46 (9.9e-06)
1046.266 .... 1582 packets received, 3101 bps, 38.76%, Err 48 (1.0e-05)
1048.387 .... 1590 packets received, 3110 bps, 38.87%, Err 48 (1.0e-05)
1050.509 .... 1598 packets received, 3119 bps, 38.99%, Err 48 (1.0e-05)
1052.630 .... 1606 packets received, 3129 bps, 39.11%, Err 48 (1.0e-05)
1054.736 .... 1614 packets received, 3138 bps, 39.22%, Err 48 (1.0e-05)
1058.961 .... 1620 packets received, 3137 bps, 39.21%, Err 48 (1.0e-05)
1063.428 .... 1627 packets received, 3137 bps, 39.21%, Err 49 (1.0e-05)
1065.545 .... 1635 packets received, 3146 bps, 39.33%, Err 49 (1.0e-05)
1070.055 .... 1640 packets received, 3143 bps, 39.28%, Err 50 (1.0e-05)
1072.169 .... 1648 packets received, 3152 bps, 39.40%, Err 50 (1.0e-05)
1074.282 .... 1656 packets received, 3161 bps, 39.51%, Err 50 (1.0e-05)
1076.410 .... 1664 packets received, 3170 bps, 39.62%, Err 50 (1.0e-05)
1078.510 .... 1672 packets received, 3179 bps, 39.74%, Err 50 (1.0e-05)
1080.627 .... 1680 packets received, 3188 bps, 39.85%, Err 50 (1.0e-05)
1082.729 .... 1688 packets received, 3197 bps, 39.96%, Err 50 (1.0e-05)
1084.843 .... 1696 packets received, 3206 bps, 40.07%, Err 50 (1.0e-05)
1086.957 .... 1704 packets received, 3214 bps, 40.18%, Err 50 (1.0e-05)
1089.073 .... 1712 packets received, 3223 bps, 40.29%, Err 50 (1.0e-05)
1091.188 .... 1720 packets received, 3232 bps, 40.40%, Err 50 (9.9e-06)
1094.619 .... 1723 packets received, 3228 bps, 40.34%, Err 51 (1.0e-05)
1096.735 .... 1731 packets received, 3236 bps, 40.45%, Err 51 (1.0e-05)
1098.837 .... 1739 packets received, 3245 bps, 40.56%, Err 51 (1.0e-05)
1104.534 .... 1746 packets received, 3241 bps, 40.52%, Err 51 (1.0e-05)
1108.660 .... 1747 packets received, 3231 bps, 40.39%, Err 51 (1.0e-05)
1112.794 .... 1748 packets received, 3221 bps, 40.26%, Err 51 (1.0e-05)
1116.843 .... 1749 packets received, 3211 bps, 40.14%, Err 51 (1.0e-05)
1120.964 .... 1750 packets received, 3201 bps, 40.01%, Err 51 (1.0e-05)
1125.039 .... 1751 packets received, 3191 bps, 39.89%, Err 51 (1.0e-05)
1129.061 .... 1752 packets received, 3182 bps, 39.77%, Err 51 (1.0e-05)
1133.114 .... 1753 packets received, 3172 bps, 39.65%, Err 51 (9.9e-06)
1137.212 .... 1754 packets received, 3162 bps, 39.53%, Err 51 (9.9e-06)
1141.326 .... 1755 packets received, 3153 bps, 39.41%, Err 51 (9.9e-06)
1145.451 .... 1756 packets received, 3143 bps, 39.29%, Err 51 (9.9e-06)
1149.530 .... 1757 packets received, 3134 bps, 39.17%, Err 51 (9.9e-06)
1153.791 .... 1758 packets received, 3124 bps, 39.05%, Err 51 (9.9e-06)
1157.828 .... 1759 packets received, 3115 bps, 38.94%, Err 51 (9.9e-06)
1161.868 .... 1760 packets received, 3106 bps, 38.82%, Err 51 (9.9e-06)
1165.932 .... 1761 packets received, 3097 bps, 38.71%, Err 51 (9.9e-06)
1170.028 .... 1762 packets received, 3088 bps, 38.60%, Err 51 (9.9e-06)
1174.157 .... 1763 packets received, 3078 bps, 38.48%, Err 51 (9.9e-06)
1178.194 .... 1764 packets received, 3070 bps, 38.37%, Err 51 (9.9e-06)
1182.218 .... 1765 packets received, 3061 bps, 38.26%, Err 51 (9.9e-06)
1186.306 .... 1766 packets received, 3052 bps, 38.15%, Err 51 (9.9e-06)
1190.467 .... 1767 packets received, 3043 bps, 38.04%, Err 51 (9.9e-06)
1194.593 .... 1768 packets received, 3034 bps, 37.93%, Err 51 (9.9e-06)
1198.658 .... 1769 packets received, 3026 bps, 37.82%, Err 51 (9.9e-06)
1200.805 .... 1771 packets received, 3024 bps, 37.80%, Err 51 (9.9e-06)
1202.910 .... 1779 packets received, 3032 bps, 37.90%, Err 51 (9.8e-06)
1207.669 .... 1787 packets received, 3034 bps, 37.92%, Err 52 (9.9e-06)
1209.771 .... 1795 packets received, 3042 bps, 38.02%, Err 52 (9.9e-06)
1211.905 .... 1803 packets received, 3050 bps, 38.13%, Err 52 (9.9e-06)
1216.412 .... 1807 packets received, 3046 bps, 38.07%, Err 53 (1.0e-05)
1220.648 .... 1813 packets received, 3045 bps, 38.06%, Err 54 (1.0e-05)
1222.754 .... 1821 packets received, 3053 bps, 38.17%, Err 54 (1.0e-05)
1224.873 .... 1829 packets received, 3061 bps, 38.27%, Err 54 (1.0e-05)
1229.108 .... 1835 packets received, 3061 bps, 38.26%, Err 55 (1.0e-05)
1231.194 .... 1843 packets received, 3069 bps, 38.36%, Err 55 (1.0e-05)
1233.341 .... 1851 packets received, 3077 bps, 38.46%, Err 55 (1.0e-05)
1237.301 .... 1856 packets received, 3075 bps, 38.44%, Err 56 (1.0e-05)
1239.388 .... 1864 packets received, 3083 bps, 38.54%, Err 56 (1.0e-05)
1243.646 .... 1870 packets received, 3083 bps, 38.53%, Err 57 (1.0e-05)
1245.767 .... 1878 packets received,