000.000 =============================================================
000.000                     Station B                               
000.000 -------------------------------------------------------------
000.000 Protocol.lib, version 4.0, jiangyanjun0718@bupt.edu.cn
000.000 Channel: 8000 bps, 270 ms propagation delay, bit error rate 1.0E-05
000.000 Log file "b0.log", TCP port 59144, debug mask 0x00
000.000 Station B is connecting station A (TCP port 59144) ... Done.
000.379 New epoch: Sun Apr  9 12:20:01 2023
000.379 =================================================================
000.379 
000.379 Designed by Li Ruobin, build: Apr  9 2023  12:18:20
002.768 .... 8 packets received, 7699 bps, 96.24%, Err 0 (0.0e+00)
007.570 .... 16 packets received, 4728 bps, 59.11%, Err 2 (3.5e-05)
009.779 .... 24 packets received, 5378 bps, 67.23%, Err 2 (2.7e-05)
011.921 .... 32 packets received, 5809 bps, 72.62%, Err 2 (2.2e-05)
014.107 .... 40 packets received, 6083 bps, 76.04%, Err 2 (1.8e-05)
016.278 .... 48 packets received, 6286 bps, 78.58%, Err 2 (1.6e-05)
018.436 .... 56 packets received, 6445 bps, 80.56%, Err 2 (1.4e-05)
020.621 .... 64 packets received, 6560 bps, 82.00%, Err 2 (1.2e-05)
022.761 .... 72 packets received, 6666 bps, 83.32%, Err 2 (1.1e-05)
024.952 .... 80 packets received, 6739 bps, 84.24%, Err 2 (1.0e-05)
027.095 .... 88 packets received, 6812 bps, 85.16%, Err 2 (9.4e-06)
029.271 .... 96 packets received, 6867 bps, 85.84%, Err 2 (8.7e-06)
031.432 .... 104 packets received, 6917 bps, 86.46%, Err 3 (1.2e-05)
034.421 .... 105 packets received, 6366 bps, 79.57%, Err 3 (1.1e-05)
036.530 .... 113 packets received, 6448 bps, 80.60%, Err 3 (1.0e-05)
038.706 .... 121 packets received, 6510 bps, 81.37%, Err 3 (9.8e-06)
040.866 .... 129 packets received, 6568 bps, 82.10%, Err 3 (9.3e-06)
043.044 .... 137 packets received, 6617 bps, 82.71%, Err 3 (8.8e-06)
046.788 .... 141 packets received, 6257 bps, 78.22%, Err 5 (1.3e-05)
048.874 .... 149 packets received, 6326 bps, 79.08%, Err 5 (1.3e-05)
052.171 .... 151 packets received, 6001 bps, 75.02%, Err 5 (1.2e-05)
054.318 .... 159 packets received, 6066 bps, 75.83%, Err 5 (1.2e-05)
057.495 .... 161 packets received, 5799 bps, 72.49%, Err 5 (1.1e-05)
059.669 .... 169 packets received, 5863 bps, 73.29%, Err 5 (1.1e-05)
061.833 .... 177 packets received, 5924 bps, 74.05%, Err 5 (1.0e-05)
064.022 .... 185 packets received, 5978 bps, 74.72%, Err 5 (9.8e-06)
066.162 .... 193 packets received, 6033 bps, 75.41%, Err 5 (9.5e-06)
070.152 .... 198 packets received, 5834 bps, 72.92%, Err 6 (1.1e-05)
072.339 .... 206 packets received, 5884 bps, 73.55%, Err 6 (1.0e-05)
074.521 .... 214 packets received, 5932 bps, 74.15%, Err 6 (1.0e-05)
076.678 .... 222 packets received, 5979 bps, 74.74%, Err 6 (9.8e-06)
078.835 .... 230 packets received, 6024 bps, 75.30%, Err 6 (9.6e-06)
081.006 .... 238 packets received, 6065 bps, 75.81%, Err 6 (9.3e-06)
085.631 .... 245 packets received, 5904 bps, 73.80%, Err 8 (1.2e-05)
087.724 .... 253 packets received, 5950 bps, 74.37%, Err 8 (1.1e-05)
089.903 .... 261 packets received, 5988 bps, 74.85%, Err 8 (1.1e-05)
092.045 .... 269 packets received, 6027 bps, 75.34%, Err 8 (1.1e-05)
094.218 .... 277 packets received, 6062 bps, 75.78%, Err 8 (1.1e-05)
097.476 .... 279 packets received, 5901 bps, 73.76%, Err 9 (1.2e-05)
099.586 .... 287 packets received, 5940 bps, 74.25%, Err 9 (1.1e-05)
101.726 .... 295 packets received, 5977 bps, 74.71%, Err 9 (1.1e-05)
103.882 .... 303 packets received, 6011 bps, 75.13%, Err 9 (1.1e-05)
105.993 .... 311 packets received, 6046 bps, 75.57%, Err 9 (1.1e-05)
108.132 .... 319 packets received, 6078 bps, 75.97%, Err 9 (1.0e-05)
110.251 .... 327 packets received, 6110 bps, 76.37%, Err 9 (1.0e-05)
112.360 .... 335 packets received, 6141 bps, 76.76%, Err 9 (1.0e-05)
114.475 .... 343 packets received, 6171 bps, 77.14%, Err 9 (9.9e-06)
118.968 .... 350 packets received, 6058 bps, 75.72%, Err 10 (1.1e-05)
121.076 .... 358 packets received, 6088 bps, 76.10%, Err 10 (1.0e-05)
123.202 .... 366 packets received, 6116 bps, 76.45%, Err 10 (1.0e-05)
125.314 .... 374 packets received, 6144 bps, 76.80%, Err 10 (1.0e-05)
127.424 .... 382 packets received, 6171 bps, 77.13%, Err 10 (9.8e-06)
130.608 .... 384 packets received, 6051 bps, 75.64%, Err 12 (1.2e-05)
132.720 .... 392 packets received, 6078 bps, 75.98%, Err 12 (1.1e-05)
134.842 .... 400 packets received, 6104 bps, 76.30%, Err 13 (1.2e-05)
138.025 .... 402 packets received, 5993 bps, 74.91%, Err 14 (1.3e-05)
140.103 .... 410 packets received, 6021 bps, 75.26%, Err 14 (1.3e-05)
144.630 .... 417 packets received, 5931 bps, 74.14%, Err 15 (1.3e-05)
146.710 .... 425 packets received, 5959 bps, 74.48%, Err 15 (1.3e-05)
148.847 .... 433 packets received, 5983 bps, 74.79%, Err 15 (1.3e-05)
150.960 .... 441 packets received, 6008 bps, 75.10%, Err 15 (1.2e-05)
153.072 .... 449 packets received, 6033 bps, 75.41%, Err 15 (1.2e-05)
155.198 .... 457 packets received, 6056 bps, 75.69%, Err 15 (1.2e-05)
158.374 .... 459 packets received, 5960 bps, 74.50%, Err 16 (1.3e-05)
160.484 .... 467 packets received, 5983 bps, 74.79%, Err 16 (1.2e-05)
162.596 .... 475 packets received, 6007 bps, 75.08%, Err 17 (1.3e-05)
164.706 .... 483 packets received, 6029 bps, 75.36%, Err 17 (1.3e-05)
166.834 .... 491 packets received, 6051 bps, 75.63%, Err 17 (1.3e-05)
168.949 .... 499 packets received, 6072 bps, 75.90%, Err 17 (1.3e-05)
171.058 .... 507 packets received, 6093 bps, 76.16%, Err 17 (1.2e-05)
173.181 .... 515 packets received, 6113 bps, 76.41%, Err 17 (1.2e-05)
175.293 .... 523 packets received, 6133 bps, 76.66%, Err 17 (1.2e-05)
177.400 .... 531 packets received, 6152 bps, 76.90%, Err 17 (1.2e-05)
182.169 .... 539 packets received, 6081 bps, 76.01%, Err 18 (1.2e-05)
184.280 .... 547 packets received, 6100 bps, 76.25%, Err 18 (1.2e-05)
188.260 .... 552 packets received, 6025 bps, 75.32%, Err 19 (1.3e-05)
190.370 .... 560 packets received, 6045 bps, 75.56%, Err 19 (1.3e-05)
192.477 .... 568 packets received, 6064 bps, 75.80%, Err 19 (1.2e-05)
194.598 .... 576 packets received, 6082 bps, 76.02%, Err 19 (1.2e-05)
196.721 .... 584 packets received, 6100 bps, 76.25%, Err 19 (1.2e-05)
198.825 .... 592 packets received, 6118 bps, 76.47%, Err 19 (1.2e-05)
200.937 .... 600 packets received, 6135 bps, 76.69%, Err 19 (1.2e-05)
204.992 .... 605 packets received, 6063 bps, 75.79%, Err 20 (1.2e-05)
207.108 .... 613 packets received, 6080 bps, 76.01%, Err 20 (1.2e-05)
211.951 .... 621 packets received, 6019 bps, 75.23%, Err 21 (1.2e-05)
214.093 .... 629 packets received, 6035 bps, 75.44%, Err 21 (1.2e-05)
218.675 .... 635 packets received, 5965 bps, 74.56%, Err 21 (1.2e-05)
220.786 .... 643 packets received, 5982 bps, 74.77%, Err 21 (1.2e-05)
222.959 .... 651 packets received, 5997 bps, 74.96%, Err 21 (1.2e-05)
225.104 .... 659 packets received, 6013 bps, 75.16%, Err 21 (1.2e-05)
227.291 .... 667 packets received, 6027 bps, 75.34%, Err 21 (1.2e-05)
229.446 .... 675 packets received, 6042 bps, 75.52%, Err 21 (1.1e-05)
231.575 .... 683 packets received, 6057 bps, 75.71%, Err 21 (1.1e-05)
233.719 .... 691 packets received, 6072 bps, 75.90%, Err 21 (1.1e-05)
239.904 .... 694 packets received, 5940 bps, 74.25%, Err 22 (1.1e-05)
242.016 .... 702 packets received, 5956 bps, 74.45%, Err 22 (1.1e-05)
244.223 .... 710 packets received, 5970 bps, 74.62%, Err 22 (1.1e-05)
246.395 .... 718 packets received, 5983 bps, 74.79%, Err 22 (1.1e-05)
248.547 .... 726 packets received, 5998 bps, 74.97%, Err 22 (1.1e-05)
250.720 .... 734 packets received, 6011 bps, 75.14%, Err 22 (1.1e-05)
252.880 .... 742 packets received, 6024 bps, 75.31%, Err 22 (1.1e-05)
255.064 .... 750 packets received, 6037 bps, 75.46%, Err 22 (1.1e-05)
257.232 .... 758 packets received, 6050 bps, 75.63%, Err 22 (1.1e-05)
259.392 .... 766 packets received, 6063 bps, 75.79%, Err 22 (1.1e-05)
261.561 .... 774 packets received, 6075 bps, 75.94%, Err 22 (1.1e-05)
263.729 .... 782 packets received, 6087 bps, 76.09%, Err 22 (1.0e-05)
265.912 .... 790 packets received, 6099 bps, 76.24%, Err 22 (1.0e-05)
268.053 .... 798 packets received, 6112 bps, 76.39%, Err 22 (1.0e-05)
270.229 .... 806 packets received, 6123 bps, 76.54%, Err 22 (1.0e-05)
272.399 .... 814 packets received, 6134 bps, 76.68%, Err 22 (1.0e-05)
274.540 .... 822 packets received, 6146 bps, 76.83%, Err 22 (1.0e-05)
276.683 .... 830 packets received, 6158 bps, 76.97%, Err 22 (1.0e-05)
280.475 .... 834 packets received, 6104 bps, 76.30%, Err 22 (9.8e-06)
284.456 .... 839 packets received, 6054 bps, 75.68%, Err 23 (1.0e-05)
286.565 .... 847 packets received, 6067 bps, 75.84%, Err 23 (1.0e-05)
288.753 .... 855 packets received, 6078 bps, 75.97%, Err 23 (1.0e-05)
292.793 .... 859 packets received, 6022 bps, 75.27%, Err 23 (9.8e-06)
294.885 .... 867 packets received, 6034 bps, 75.43%, Err 23 (9.8e-06)
297.062 .... 875 packets received, 6045 bps, 75.57%, Err 23 (9.7e-06)
299.246 .... 883 packets received, 6056 bps, 75.70%, Err 23 (9.6e-06)
301.389 .... 891 packets received, 6067 bps, 75.84%, Err 23 (9.6e-06)
303.501 .... 899 packets received, 6079 bps, 75.99%, Err 23 (9.5e-06)
305.625 .... 907 packets received, 6091 bps, 76.13%, Err 23 (9.4e-06)
307.751 .... 915 packets received, 6102 bps, 76.27%, Err 23 (9.4e-06)
312.492 .... 923 packets received, 6062 bps, 75.77%, Err 25 (1.0e-05)
314.608 .... 931 packets received, 6073 bps, 75.91%, Err 26 (1.0e-05)
316.740 .... 939 packets received, 6084 bps, 76.05%, Err 26 (1.0e-05)
318.856 .... 947 packets received, 6095 bps, 76.18%, Err 26 (1.0e-05)
322.286 .... 950 packets received, 6049 bps, 75.61%, Err 27 (1.0e-05)
324.402 .... 958 packets received, 6060 bps, 75.75%, Err 27 (1.0e-05)
326.518 .... 966 packets received, 6071 bps, 75.89%, Err 27 (1.0e-05)
328.634 .... 974 packets received, 6082 bps, 76.02%, Err 27 (1.0e-05)
330.752 .... 982 packets received, 6092 bps, 76.15%, Err 27 (1.0e-05)
332.855 .... 990 packets received, 6103 bps, 76.29%, Err 27 (1.0e-05)
334.986 .... 998 packets received, 6113 bps, 76.41%, Err 28 (1.0e-05)
337.894 .... 999 packets received, 6067 bps, 75.83%, Err 28 (1.0e-05)
340.018 .... 1007 packets received, 6077 bps, 75.96%, Err 28 (1.0e-05)
342.109 .... 1015 packets received, 6088 bps, 76.09%, Err 28 (1.0e-05)
344.242 .... 1023 packets received, 6097 bps, 76.22%, Err 28 (1.0e-05)
346.360 .... 1031 packets received, 6108 bps, 76.34%, Err 28 (1.0e-05)
348.474 .... 1039 packets received, 6117 bps, 76.47%, Err 28 (1.0e-05)
350.588 .... 1047 packets received, 6127 bps, 76.59%, Err 28 (1.0e-05)
352.704 .... 1055 packets received, 6137 bps, 76.71%, Err 28 (9.9e-06)
354.820 .... 1063 packets received, 6147 bps, 76.83%, Err 28 (9.9e-06)
356.933 .... 1071 packets received, 6156 bps, 76.95%, Err 28 (9.8e-06)
359.048 .... 1079 packets received, 6166 bps, 77.07%, Err 28 (9.8e-06)
361.161 .... 1087 packets received, 6175 bps, 77.19%, Err 28 (9.7e-06)
363.260 .... 1095 packets received, 6184 bps, 77.30%, Err 28 (9.6e-06)
366.718 .... 1098 packets received, 6143 bps, 76.78%, Err 29 (9.9e-06)
371.475 .... 1102 packets received, 6086 bps, 76.07%, Err 31 (1.0e-05)
373.592 .... 1110 packets received, 6095 bps, 76.19%, Err 31 (1.0e-05)
375.710 .... 1118 packets received, 6105 bps, 76.31%, Err 31 (1.0e-05)
377.812 .... 1126 packets received, 6114 bps, 76.43%, Err 31 (1.0e-05)
379.944 .... 1134 packets received, 6123 bps, 76.54%, Err 31 (1.0e-05)
382.061 .... 1142 packets received, 6132 bps, 76.65%, Err 31 (1.0e-05)
384.165 .... 1150 packets received, 6141 bps, 76.76%, Err 31 (1.0e-05)
387.884 .... 1154 packets received, 6103 bps, 76.29%, Err 32 (1.0e-05)
389.983 .... 1162 packets received, 6112 bps, 76.40%, Err 32 (1.0e-05)
392.102 .... 1170 packets received, 6121 bps, 76.51%, Err 32 (1.0e-05)
394.220 .... 1178 packets received, 6130 bps, 76.62%, Err 32 (1.0e-05)
396.338 .... 1186 packets received, 6138 bps, 76.73%, Err 32 (1.0e-05)
398.456 .... 1194 packets received, 6147 bps, 76.84%, Err 32 (1.0e-05)
400.574 .... 1202 packets received, 6155 bps, 76.94%, Err 32 (1.0e-05)
402.722 .... 1210 packets received, 6163 bps, 77.04%, Err 32 (9.9e-06)
404.869 .... 1218 packets received, 6171 bps, 77.14%, Err 32 (9.9e-06)
407.060 .... 1226 packets received, 6178 bps, 77.22%, Err 32 (9.8e-06)
409.228 .... 1234 packets received, 6185 bps, 77.32%, Err 32 (9.8e-06)
413.002 .... 1238 packets received, 6149 bps, 76.86%, Err 33 (1.0e-05)
415.124 .... 1246 packets received, 6157 bps, 76.96%, Err 34 (1.0e-05)
417.321 .... 1254 packets received, 6163 bps, 77.04%, Err 34 (1.0e-05)
419.430 .... 1262 packets received, 6172 bps, 77.14%, Err 34 (1.0e-05)
421.551 .... 1270 packets received, 6179 bps, 77.24%, Err 34 (1.0e-05)
425.802 .... 1276 packets received, 6146 bps, 76.83%, Err 34 (1.0e-05)
430.326 .... 1283 packets received, 6115 bps, 76.44%, Err 35 (1.0e-05)
432.559 .... 1291 packets received, 6121 bps, 76.52%, Err 35 (1.0e-05)
434.717 .... 1299 packets received, 6129 bps, 76.61%, Err 35 (1.0e-05)
436.893 .... 1307 packets received, 6136 bps, 76.70%, Err 35 (1.0e-05)
439.038 .... 1315 packets received, 6143 bps, 76.79%, Err 35 (1.0e-05)
441.194 .... 1323 packets received, 6150 bps, 76.88%, Err 35 (9.9e-06)
443.307 .... 1331 packets received, 6158 bps, 76.97%, Err 35 (9.9e-06)
447.620 .... 1337 packets received, 6126 bps, 76.57%, Err 36 (1.0e-05)
449.751 .... 1345 packets received, 6133 bps, 76.67%, Err 36 (1.0e-05)
452.988 .... 1347 packets received, 6099 bps, 76.23%, Err 36 (9.9e-06)
455.176 .... 1355 packets received, 6105 bps, 76.32%, Err 36 (9.9e-06)
457.332 .... 1363 packets received, 6112 bps, 76.40%, Err 36 (9.8e-06)
459.491 .... 1371 packets received, 6119 bps, 76.49%, Err 36 (9.8e-06)
461.681 .... 1379 packets received, 6126 bps, 76.57%, Err 36 (9.8e-06)
463.825 .... 1387 packets received, 6133 bps, 76.66%, Err 36 (9.7e-06)
467.641 .... 1391 packets received, 6100 bps, 76.25%, Err 38 (1.0e-05)
469.735 .... 1399 packets received, 6108 bps, 76.35%, Err 38 (1.0e-05)
471.919 .... 1407 packets received, 6114 bps, 76.43%, Err 38 (1.0e-05)
474.051 .... 1415 packets received, 6121 bps, 76.52%, Err 38 (1.0e-05)
477.518 .... 1418 packets received, 6090 bps, 76.12%, Err 39 (1.0e-05)
479.645 .... 1426 packets received, 6097 bps, 76.21%, Err 39 (1.0e-05)
481.819 .... 1434 packets received, 6103 bps, 76.29%, Err 39 (1.0e-05)
483.943 .... 1442 packets received, 6110 bps, 76.38%, Err 39 (1.0e-05)
486.934 .... 1443 packets received, 6077 bps, 75.96%, Err 39 (1.0e-05)
489.057 .... 1451 packets received, 6084 bps, 76.05%, Err 39 (1.0e-05)
493.046 .... 1456 packets received, 6056 bps, 75.70%, Err 40 (1.0e-05)
496.603 .... 1459 packets received, 6025 bps, 75.31%, Err 41 (1.0e-05)
498.719 .... 1467 packets received, 6032 bps, 75.40%, Err 41 (1.0e-05)
503.540 .... 1473 packets received, 5999 bps, 74.98%, Err 42 (1.0e-05)
505.664 .... 1481 packets received, 6006 bps, 75.07%, Err 42 (1.0e-05)
507.775 .... 1489 packets received, 6013 bps, 75.16%, Err 42 (1.0e-05)
509.884 .... 1497 packets received, 6020 bps, 75.26%, Err 42 (1.0e-05)
511.993 .... 1505 packets received, 6028 bps, 75.35%, Err 42 (1.0e-05)
514.113 .... 1513 packets received, 6035 bps, 75.43%, Err 42 (1.0e-05)
516.238 .... 1521 packets received, 6042 bps, 75.52%, Err 42 (1.0e-05)
518.346 .... 1529 packets received, 6049 bps, 75.61%, Err 42 (1.0e-05)
520.471 .... 1537 packets received, 6055 bps, 75.69%, Err 42 (1.0e-05)
522.583 .... 1545 packets received, 6062 bps, 75.78%, Err 42 (1.0e-05)
524.698 .... 1553 packets received, 6069 bps, 75.86%, Err 42 (1.0e-05)
526.807 .... 1561 packets received, 6076 bps, 75.95%, Err 42 (1.0e-05)
528.931 .... 1569 packets received, 6082 bps, 76.03%, Err 42 (9.9e-06)
531.051 .... 1577 packets received, 6089 bps, 76.11%, Err 42 (9.9e-06)
533.161 .... 1585 packets received, 6096 bps, 76.20%, Err 42 (9.9e-06)
535.269 .... 1593 packets received, 6102 bps, 76.28%, Err 42 (9.8e-06)
537.384 .... 1601 packets received, 6109 bps, 76.36%, Err 42 (9.8e-06)
539.488 .... 1609 packets received, 6115 bps, 76.44%, Err 42 (9.7e-06)
541.629 .... 1617 packets received, 6121 bps, 76.52%, Err 43 (9.9e-06)
543.741 .... 1625 packets received, 6128 bps, 76.60%, Err 43 (9.9e-06)
545.852 .... 1633 packets received, 6134 bps, 76.68%, Err 43 (9.9e-06)
547.965 .... 1641 packets received, 6140 bps, 76.75%, Err 43 (9.8e-06)
550.087 .... 1649 packets received, 6146 bps, 76.83%, Err 43 (9.8e-06)
552.195 .... 1657 packets received, 6153 bps, 76.91%, Err 43 (9.7e-06)
555.368 .... 1659 packets received, 6125 bps, 76.56%, Err 45 (1.0e-05)
557.483 .... 1667 packets received, 6131 bps, 76.64%, Err 45 (1.0e-05)
559.594 .... 1675 packets received, 6137 bps, 76.71%, Err 46 (1.0e-05)
561.732 .... 1683 packets received, 6143 bps, 76.79%, Err 46 (1.0e-05)
563.845 .... 1691 packets received, 6149 bps, 76.86%, Err 46 (1.0e-05)
565.965 .... 1699 packets received, 6155 bps, 76.94%, Err 46 (1.0e-05)
568.075 .... 1707 packets received, 6161 bps, 77.01%, Err 46 (1.0e-05)
570.185 .... 1715 packets received, 6167 bps, 77.09%, Err 46 (1.0e-05)
572.295 .... 1723 packets received, 6173 bps, 77.16%, Err 46 (1.0e-05)
576.007 .... 1727 packets received, 6147 bps, 76.84%, Err 48 (1.0e-05)
578.116 .... 1735 packets received, 6153 bps, 76.91%, Err 48 (1.0e-05)
580.217 .... 1743 packets received, 6159 bps, 76.99%, Err 48 (1.0e-05)
583.417 .... 1745 packets received, 6132 bps, 76.65%, Err 51 (1.1e-05)
586.850 .... 1746 packets received, 6100 bps, 76.25%, Err 51 (1.1e-05)
588.961 .... 1754 packets received, 6106 bps, 76.32%, Err 51 (1.1e-05)
591.072 .... 1762 packets received, 6112 bps, 76.40%, Err 51 (1.1e-05)
593.182 .... 1770 packets received, 6118 bps, 76.47%, Err 51 (1.1e-05)
595.309 .... 1778 packets received, 6123 bps, 76.54%, Err 51 (1.1e-05)
597.418 .... 1786 packets received, 6129 bps, 76.61%, Err 51 (1.1e-05)
599.539 .... 1794 packets received, 6135 bps, 76.68%, Err 51 (1.1e-05)
601.651 .... 1802 packets received, 6140 bps, 76.76%, Err 51 (1.1e-05)
603.841 .... 1810 packets received, 6145 bps, 76.82%, Err 51 (1.1e-05)
605.998 .... 1818 packets received, 6151 bps, 76.88%, Err 51 (1.1e-05)
608.155 .... 1826 packets received, 6156 bps, 76.95%, Err 51 (1.0e-05)
610.344 .... 1834 packets received, 6160 bps, 77.01%, Err 51 (1.0e-05)
612.517 .... 1842 packets received, 6165 bps, 77.07%, Err 51 (1.0e-05)
614.661 .... 1850 packets received, 6170 bps, 77.13%, Err 51 (1.0e-05)
616.831 .... 1858 packets received, 6175 bps, 77.19%, Err 51 (1.0e-05)
619.001 .... 1866 packets received, 6180 bps, 77.25%, Err 51 (1.0e-05)
621.192 .... 1874 packets received, 6185 bps, 77.31%, Err 51 (1.0e-05)
623.331 .... 1882 packets received, 6190 bps, 77.37%, Err 51 (1.0e-05)
628.205 .... 1890 packets received, 6168 bps, 77.10%, Err 52 (1.0e-05)
630.314 .... 1898 packets received, 6173 bps, 77.17%, Err 52 (1.0e-05)
632.504 .... 1906 packets received, 6178 bps, 77.22%, Err 52 (1.0e-05)
634.650 .... 1914 packets received, 6183 bps, 77.28%, Err 52 (1.0e-05)
636.835 .... 1922 packets received, 6187 bps, 77.34%, Err 52 (1.0e-05)
638.992 .... 1930 packets received, 6192 bps, 77.40%, Err 52 (1.0e-05)
643.873 .... 1938 packets received, 6170 bps, 77.13%, Err 53 (1.0e-05)
645.968 .... 1946 packets received, 6176 bps, 77.20%, Err 53 (1.0e-05)
648.174 .... 1954 packets received, 6180 bps, 77.25%, Err 53 (1.0e-05)
650.316 .... 1962 packets received, 6185 bps, 77.31%, Err 53 (1.0e-05)
652.472 .... 1970 packets received, 6190 bps, 77.37%, Err 53 (1.0e-05)
654.598 .... 1978 packets received, 6195 bps, 77.43%, Err 53 (1.0e-05)
656.736 .... 1986 packets received, 6199 bps, 77.49%, Err 53 (1.0e-05)
660.512 .... 1990 packets received, 6176 bps, 77.20%, Err 53 (1.0e-05)
664.556 .... 1995 packets received, 6154 bps, 76.93%, Err 54 (1.0e-05)
666.653 .... 2003 packets received, 6159 bps, 76.99%, Err 54 (1.0e-05)
669.946 .... 2005 packets received, 6135 bps, 76.69%, Err 54 (1.0e-05)
672.109 .... 2013 packets received, 6140 bps, 76.75%, Err 54 (1.0e-05)
674.287 .... 2021 packets received, 6144 bps, 76.80%, Err 55 (1.0e-05)
677.253 .... 2022 packets received, 6120 bps, 76.50%, Err 55 (1.0e-05)
679.371 .... 2030 packets received, 6125 bps, 76.57%, Err 55 (1.0e-05)
681.564 .... 2038 packets received, 6130 bps, 76.62%, Err 55 (1.0e-05)
685.323 .... 2042 packets received, 6108 bps, 76.35%, Err 55 (1.0e-05)
687.434 .... 2050 packets received, 6113 bps, 76.41%, Err 55 (1.0e-05)
689.589 .... 2058 packets received, 6118 bps, 76.47%, Err 55 (1.0e-05)
691.761 .... 2066 packets received, 6122 bps, 76.53%, Err 55 (9.9e-06)
693.918 .... 2074 packets received, 6127 bps, 76.58%, Err 55 (9.9e-06)
696.087 .... 2082 packets received, 6131 bps, 76.64%, Err 55 (9.9e-06)
698.278 .... 2090 packets received, 6135 bps, 76.69%, Err 55 (9.9e-06)
700.434 .... 2098 packets received, 6140 bps, 76.75%, Err 55 (9.8e-06)
702.563 .... 2106 packets received, 6145 bps, 76.81%, Err 55 (9.8e-06)
706.004 .... 2109 packets received, 6123 bps, 76.54%, Err 56 (9.9e-06)
711.287 .... 2117 packets received, 6101 bps, 76.26%, Err 59 (1.0e-05)
713.394 .... 2125 packets received, 6106 bps, 76.32%, Err 59 (1.0e-05)
715.518 .... 2133 packets received, 6111 bps, 76.38%, Err 59 (1.0e-05)
717.647 .... 2141 packets received, 6115 bps, 76.44%, Err 59 (1.0e-05)
719.752 .... 2149 packets received, 6120 bps, 76.50%, Err 59 (1.0e-05)
721.877 .... 2157 packets received, 6125 bps, 76.56%, Err 59 (1.0e-05)
725.026 .... 2159 packets received, 6104 bps, 76.30%, Err 60 (1.0e-05)
727.164 .... 2167 packets received, 6109 bps, 76.36%, Err 60 (1.0e-05)
729.269 .... 2175 packets received, 6113 bps, 76.42%, Err 60 (1.0e-05)
731.395 .... 2183 packets received, 6118 bps, 76.48%, Err 60 (1.0e-05)
733.509 .... 2191 packets received, 6123 bps, 76.53%, Err 60 (1.0e-05)
735.600 .... 2199 packets received, 6128 bps, 76.60%, Err 60 (1.0e-05)
737.726 .... 2207 packets received, 6132 bps, 76.65%, Err 60 (1.0e-05)
739.850 .... 2215 packets received, 6137 bps, 76.71%, Err 60 (1.0e-05)
741.956 .... 2223 packets received, 6141 bps, 76.77%, Err 60 (1.0e-05)
744.085 .... 2231 packets received, 6146 bps, 76.82%, Err 60 (1.0e-05)
746.191 .... 2239 packets received, 6150 bps, 76.88%, Err 60 (1.0e-05)
748.313 .... 2247 packets received, 6155 bps, 76.94%, Err 60 (1.0e-05)
751.745 .... 2250 packets received, 6135 bps, 76.69%, Err 61 (1.0e-05)
753.869 .... 2258 packets received, 6139 bps, 76.74%, Err 61 (1.0e-05)
755.994 .... 2266 packets received, 6144 bps, 76.80%, Err 61 (1.0e-05)
758.088 .... 2274 packets received, 6148 bps, 76.86%, Err 61 (1.0e-05)
760.211 .... 2282 packets received, 6153 bps, 76.91%, Err 61 (1.0e-05)
762.318 .... 2290 packets received, 6157 bps, 76.97%, Err 61 (1.0e-05)
764.442 .... 2298 packets received, 6162 bps, 77.02%, Err 61 (1.0e-05)
766.549 .... 2306 packets received, 6166 bps, 77.08%, Err 61 (1.0e-05)
768.677 .... 2314 packets received, 6170 bps, 77.13%, Err 61 (9.9e-06)
772.122 .... 2317 packets received, 6151 bps, 76.88%, Err 62 (1.0e-05)
774.230 .... 2325 packets received, 6155 bps, 76.94%, Err 62 (1.0e-05)
776.328 .... 2333 packets received, 6160 bps, 77.00%, Err 62 (1.0e-05)
778.468 .... 2341 packets received, 6164 bps, 77.05%, Err 62 (1.0e-05)
782.150 .... 2345 packets received, 6145 bps, 76.82%, Err 63 (1.0e-05)
784.273 .... 2353 packets received, 6149 bps, 76.87%, Err 63 (1.0e-05)
786.400 .... 2361 packets received, 6154 bps, 76.92%, Err 63 (1.0e-05)
790.358 .... 2366 packets received, 6136 bps, 76.70%, Err 64 (1.0e-05)
792.466 .... 2374 packets received, 6140 bps, 76.75%, Err 64 (1.0e-05)
794.604 .... 2382 packets received, 6144 bps, 76.80%, Err 64 (1.0e-05)
796.715 .... 2390 packets received, 6149 bps, 76.86%, Err 64 (1.0e-05)
798.820 .... 2398 packets received, 6153 bps, 76.91%, Err 64 (1.0e-05)
800.931 .... 2406 packets received, 6157 bps, 76.96%, Err 64 (1.0e-05)
805.000 .... 2411 packets received, 6139 bps, 76.73%, Err 66 (1.0e-05)
807.110 .... 2419 packets received, 6143 bps, 76.79%, Err 66 (1.0e-05)
809.287 .... 2427 packets received, 6147 bps, 76.83%, Err 66 (1.0e-05)
811.445 .... 2435 packets received, 6151 bps, 76.88%, Err 66 (1.0e-05)
813.599 .... 2443 packets received, 6154 bps, 76.93%, Err 66 (1.0e-05)
815.774 .... 2451 packets received, 6158 bps, 76.98%, Err 66 (1.0e-05)
817.864 .... 2459 packets received, 6162 bps, 77.03%, Err 66 (1.0e-05)
822.750 .... 2467 packets received, 6146 bps, 76.82%, Err 66 (1.0e-05)
824.872 .... 2475 packets received, 6150 bps, 76.87%, Err 66 (1.0e-05)
828.087 .... 2477 packets received, 6131 bps, 76.63%, Err 67 (1.0e-05)
830.182 .... 2485 packets received, 6135 bps, 76.69%, Err 67 (1.0e-05)
834.484 .... 2491 packets received, 6118 bps, 76.48%, Err 67 (1.0e-05)
836.610 .... 2499 packets received, 6122 bps, 76.53%, Err 67 (1.0e-05)
839.865 .... 2501 packets received, 6103 bps, 76.29%, Err 67 (1.0e-05)
842.011 .... 2509 packets received, 6107 bps, 76.34%, Err 67 (1.0e-05)
844.138 .... 2517 packets received, 6111 bps, 76.39%, Err 67 (9.9e-06)
848.460 .... 2523 packets received, 6095 bps, 76.18%, Err 68 (1.0e-05)
850.654 .... 2531 packets received, 6098 bps, 76.23%, Err 68 (1.0e-05)
852.800 .... 2539 packets received, 6102 bps, 76.27%, Err 69 (1.0e-05)
854.987 .... 2547 packets received, 6106 bps, 76.32%, Err 69 (1.0e-05)
857.146 .... 2555 packets received, 6109 bps, 76.37%, Err 69 (1.0e-05)
861.133 .... 2560 packets received, 6093 bps, 76.16%, Err 71 (1.0e-05)
863.241 .... 2568 packets received, 6097 bps, 76.21%, Err 71 (1.0e-05)
865.489 .... 2576 packets received, 6100 bps, 76.25%, Err 72 (1.0e-05)
867.632 .... 2584 packets received, 6104 bps, 76.30%, Err 72 (1.0e-05)
869.791 .... 2592 packets received, 6108 bps, 76.34%, Err 72 (1.0e-05)
871.917 .... 2600 packets received, 6111 bps, 76.39%, Err 72 (1.0e-05)
875.691 .... 2604 packets received, 6094 bps, 76.18%, Err 72 (1.0e-05)
877.847 .... 2612 packets received, 6098 bps, 76.23%, Err 72 (1.0e-05)
881.059 .... 2614 packets received, 6081 bps, 76.01%, Err 72 (1.0e-05)
883.217 .... 2622 packets received, 6084 bps, 76.05%, Err 72 (1.0e-05)
885.390 .... 2630 packets received, 6088 bps, 76.10%, Err 72 (1.0e-05)
887.565 .... 2638 packets received, 6091 bps, 76.14%, Err 72 (1.0e-05)
889.734 .... 2646 packets received, 6095 bps, 76.19%, Err 73 (1.0e-05)
891.886 .... 2654 packets received, 6099 bps, 76.23%, Err 73 (1.0e-05)
894.071 .... 2662 packets received, 6102 bps, 76.28%, Err 73 (1.0e-05)
896.216 .... 2670 packets received, 6106 bps, 76.32%, Err 73 (1.0e-05)
900.765 .... 2677 packets received, 6091 bps, 76.14%, Err 74 (1.0e-05)
902.887 .... 2685 packets received, 6095 bps, 76.18%, Err 74 (1.0e-05)
905.061 .... 2693 packets received, 6098 bps, 76.23%, Err 74 (1.0e-05)
907.169 .... 2701 packets received, 6102 bps, 76.28%, Err 74 (1.0e-05)
909.293 .... 2709 packets received, 6106 bps, 76.32%, Err 74 (1.0e-05)
913.514 .... 2715 packets received, 6091 bps, 76.14%, Err 75 (1.0e-05)
915.635 .... 2723 packets received, 6095 bps, 76.18%, Err 75 (1.0e-05)
917.744 .... 2731 packets received, 6099 bps, 76.23%, Err 75 (1.0e-05)
919.854 .... 2739 packets received, 6102 bps, 76.28%, Err 75 (1.0e-05)
921.979 .... 2747 packets received, 6106 bps, 76.33%, Err 76 (1.0e-05)
924.888 .... 2748 packets received, 6089 bps, 76.11%, Err 77 (1.0e-05)
927.000 .... 2756 packets received, 6093 bps, 76.16%, Err 77 (1.0e-05)
929.125 .... 2764 packets received, 6097 bps, 76.21%, Err 77 (1.0e-05)
931.236 .... 2772 packets received, 6100 bps, 76.26%, Err 77 (1.0e-05)
933.347 .... 2780 packets received, 6104 bps, 76.30%, Err 77 (1.0e-05)
937.579 .... 2786 packets received, 6090 bps, 76.12%, Err 79 (1.1e-05)
939.713 .... 2794 packets received, 6093 bps, 76.17%, Err 79 (1.1e-05)
941.817 .... 2802 packets received, 6097 bps, 76.21%, Err 79 (1.0e-05)
943.911 .... 2810 packets received, 6101 bps, 76.26%, Err 79 (1.0e-05)
946.050 .... 2818 packets received, 6105 bps, 76.31%, Err 79 (1.0e-05)
948.147 .... 2826 packets received, 6108 bps, 76.35%, Err 79 (1.0e-05)
950.271 .... 2834 packets received, 6112 bps, 76.40%, Err 79 (1.0e-05)
952.383 .... 2842 packets received, 6116 bps, 76.44%, Err 79 (1.0e-05)
954.507 .... 2850 packets received, 6119 bps, 76.49%, Err 79 (1.0e-05)
956.616 .... 2858 packets received, 6123 bps, 76.53%, Err 79 (1.0e-05)
958.741 .... 2866 packets received, 6126 bps, 76.58%, Err 79 (1.0e-05)
960.850 .... 2874 packets received, 6130 bps, 76.62%, Err 79 (1.0e-05)
962.988 .... 2882 packets received, 6133 bps, 76.67%, Err 79 (1.0e-05)
965.086 .... 2890 packets received, 6137 bps, 76.71%, Err 79 (1.0e-05)
967.195 .... 2898 packets received, 6140 bps, 76.76%, Err 79 (1.0e-05)
969.320 .... 2906 packets received, 6144 bps, 76.80%, Err 79 (1.0e-05)
971.432 .... 2914 packets received, 6147 bps, 76.84%, Err 79 (1.0e-05)
973.549 .... 2922 packets received, 6151 bps, 76.89%, Err 79 (1.0e-05)
975.658 .... 2930 packets received, 6154 bps, 76.93%, Err 79 (1.0e-05)
977.783 .... 2938 packets received, 6158 bps, 76.97%, Err 79 (1.0e-05)
979.891 .... 2946 packets received, 6161 bps, 77.02%, Err 79 (1.0e-05)
982.013 .... 2954 packets received, 6165 bps, 77.06%, Err 79 (1.0e-05)
984.123 .... 2962 packets received, 6168 bps, 77.10%, Err 79 (1.0e-05)
986.236 .... 2970 packets received, 6171 bps, 77.14%, Err 79 (1.0e-05)
988.359 .... 2978 packets received, 6175 bps, 77.18%, Err 79 (1.0e-05)
990.469 .... 2986 packets received, 6178 bps, 77.23%, Err 79 (1.0e-05)
992.577 .... 2994 packets received, 6182 bps, 77.27%, Err 80 (1.0e-05)
995.502 .... 2995 packets received, 6165 bps, 77.07%, Err 80 (1.0e-05)
997.609 .... 3003 packets received, 6169 bps, 77.11%, Err 80 (1.0e-05)
999.734 .... 3011 packets received, 6172 bps, 77.15%, Err 80 (1.0e-05)
1001.843 .... 3019 packets received, 6175 bps, 77.19%, Err 80 (1.0e-05)
1004.009 .... 3027 packets received, 6178 bps, 77.23%, Err 80 (1.0e-05)
1006.198 .... 3035 packets received, 6181 bps, 77.27%, Err 80 (9.9e-06)
1008.358 .... 3043 packets received, 6184 bps, 77.30%, Err 80 (9.9e-06)
1010.533 .... 3051 packets received, 6187 bps, 77.34%, Err 80 (9.9e-06)
1013.784 .... 3053 packets received, 6171 bps, 77.14%, Err 81 (1.0e-05)
1015.908 .... 3061 packets received, 6175 bps, 77.18%, Err 81 (1.0e-05)
1018.068 .... 3069 packets received, 6178 bps, 77.22%, Err 81 (9.9e-06)
1020.208 .... 3077 packets received, 6181 bps, 77.26%, Err 81 (9.9e-06)
1023.734 .... 3080 packets received, 6165 bps, 77.07%, Err 82 (1.0e-05)
1025.835 .... 3088 packets received, 6169 bps, 77.11%, Err 82 (1.0e-05)
1028.024 .... 3096 packets received, 6172 bps, 77.15%, Err 82 (1.0e-05)
1032.339 .... 3102 packets received, 6158 bps, 76.97%, Err 83 (1.0e-05)
1039.871 .... 3104 packets received, 6117 bps, 76.46%, Err 86 (1.0e-05)
1041.943 .... 3112 packets received, 6121 bps, 76.51%, Err 86 (1.0e-05)
1046.180 .... 3115 packets received, 6102 bps, 76.27%, Err 88 (1.1e-05)
1048.402 .... 3123 packets received, 6104 bps, 76.30%, Err 88 (1.0e-05)
1052.669 .... 3127 packets received, 6087 bps, 76.09%, Err 88 (1.0e-05)
1054.766 .... 3135 packets received, 6091 bps, 76.14%, Err 88 (1.0e-05)
1058.000 .... 3137 packets received, 6076 bps, 75.95%, Err 88 (1.0e-05)
1060.125 .... 3145 packets received, 6079 bps, 75.99%, Err 88 (1.0e-05)
1063.355 .... 3147 packets received, 6065 bps, 75.81%, Err 88 (1.0e-05)
1065.501 .... 3155 packets received, 6068 bps, 75.85%, Err 88 (1.0e-05)
1068.715 .... 3157 packets received, 6053 bps, 75.67%, Err 88 (1.0e-05)
1070.857 .... 3165 packets received, 6057 bps, 75.71%, Err 88 (1.0e-05)
1073.025 .... 3173 packets received, 6060 bps, 75.75%, Err 88 (1.0e-05)
1075.218 .... 3181 packets received, 6063 bps, 75.78%, Err 88 (1.0e-05)
1077.376 .... 3189 packets received, 6066 bps, 75.82%, Err 89 (1.0e-05)
1080.362 .... 3190 packets received, 6051 bps, 75.63%, Err 89 (1.0e-05)
1082.447 .... 3198 packets received, 6054 bps, 75.68%, Err 89 (1.0e-05)
1084.607 .... 3206 packets received, 6057 bps, 75.72%, Err 89 (1.0e-05)
1088.420 .... 3210 packets received, 6044 bps, 75.54%, Err 89 (1.0e-05)
1090.521 .... 3218 packets received, 6047 bps, 75.59%, Err 89 (1.0e-05)
1092.681 .... 3226 packets received, 6050 bps, 75.62%, Err 89 (1.0e-05)
1094.858 .... 3234 packets received, 6053 bps, 75.66%, Err 89 (1.0e-05)
1096.961 .... 3242 packets received, 6056 bps, 75.70%, Err 89 (1.0e-05)
1099.104 .... 3250 packets received, 6059 bps, 75.74%, Err 89 (1.0e-05)
1102.343 .... 3252 packets received, 6045 bps, 75.57%, Err 89 (1.0e-05)
1104.440 .... 3260 packets received, 6049 bps, 75.61%, Err 89 (1.0e-05)
1106.570 .... 3268 packets received, 6052 bps, 75.65%, Err 89 (1.0e-05)
1108.678 .... 3276 packets received, 6055 bps, 75.69%, Err 89 (1.0e-05)
1110.808 .... 3284 packets received, 6058 bps, 75.73%, Err 89 (1.0e-05)
1112.905 .... 3292 packets received, 6062 bps, 75.77%, Err 89 (1.0e-05)
1116.621 .... 3296 packets received, 6049 bps, 75.61%, Err 91 (1.0e-05)
1118.733 .... 3304 packets received, 6052 bps, 75.65%, Err 91 (1.0e-05)
1120.861 .... 3312 packets received, 6055 bps, 75.69%, Err 91 (1.0e-05)
1122.973 .... 3320 packets received, 6058 bps, 75.73%, Err 91 (1.0e-05)
1125.097 .... 3328 packets received, 6061 bps, 75.77%, Err 91 (1.0e-05)
1127.194 .... 3336 packets received, 6065 bps, 75.81%, Err 91 (1.0e-05)
1129.302 .... 3344 packets received, 6068 bps, 75.85%, Err 91 (1.0e-05)
1131.441 .... 3352 packets received, 6071 bps, 75.89%, Err 91 (1.0e-05)
1135.924 .... 3359 packets received, 6059 bps, 75.74%, Err 93 (1.0e-05)
1138.030 .... 3367 packets received, 6063 bps, 75.78%, Err 93 (1.0e-05)
1140.152 .... 3375 packets received, 6066 bps, 75.82%, Err 93 (1.0e-05)
1142.281 .... 3383 packets received, 6069 bps, 75.86%, Err 93 (1.0e-05)
1144.390 .... 3391 packets received, 6072 bps, 75.90%, Err 93 (1.0e-05)
1148.351 .... 3396 packets received, 6060 bps, 75.75%, Err 94 (1.0e-05)
1150.466 .... 3404 packets received, 6063 bps, 75.79%, Err 94 (1.0e-05)
1152.590 .... 3412 packets received, 6066 bps, 75.83%, Err 94 (1.0e-05)
1154.681 .... 3420 packets received, 6069 bps, 75.87%, Err 94 (1.0e-05)
1156.808 .... 3428 packets received, 6072 bps, 75.90%, Err 94 (1.0e-05)
1158.935 .... 3436 packets received, 6075 bps, 75.94%, Err 94 (1.0e-05)
1161.044 .... 3444 packets received, 6078 bps, 75.98%, Err 94 (1.0e-05)
1163.171 .... 3452 packets received, 6081 bps, 76.02%, Err 94 (1.0e-05)
1165.280 .... 3460 packets received, 6084 bps, 76.05%, Err 94 (1.0e-05)
1167.402 .... 3468 packets received, 6087 bps, 76.09%, Err 94 (1.0e-05)
1169.512 .... 3476 packets received, 6090 bps, 76.13%, Err 94 (1.0e-05)
1171.625 .... 3484 packets received, 6093 bps, 76.17%, Err 94 (1.0e-05)
1173.740 .... 3492 packets received, 6096 bps, 76.20%, Err 95 (1.0e-05)
1175.864 .... 3500 packets received, 6099 bps, 76.24%, Err 95 (1.0e-05)
1177.972 .... 3508 packets received, 6102 bps, 76.28%, Err 95 (1.0e-05)
1180.098 .... 3516 packets received, 6105 bps, 76.31%, Err 95 (1.0e-05)
1182.205 .... 3524 packets received, 6108 bps, 76.35%, Err 95 (1.0e-05)
1184.329 .... 3532 packets received, 6111 bps, 76.39%, Err 95 (1.0e-05)
1186.426 .... 3540 packets received, 6114 bps, 76.43%, Err 95 (1.0e-05)
1188.554 .... 3548 packets received, 6117 bps, 76.46%, Err 95 (1.0e-05)
1190.653 .... 3556 packets received, 6120 bps, 76.50%, Err 95 (1.0e-05)
1192.791 .... 3564 packets received, 6123 bps, 76.53%, Err 95 (1.0e-05)
1194.897 .... 3572 packets received, 6126 bps, 76.57%, Err 95 (9.9e-06)
1197.008 .... 3580 packets received, 6128 bps, 76.61%, Err 95 (9.9e-06)
1199.145 .... 3588 packets received, 6131 bps, 76.64%, Err 95 (9.9e-06)
1203.679 .... 3595 packets received, 6120 bps, 76.50%, Err 96 (1.0e-05)
1205.793 .... 3603 packets received, 6123 bps, 76.54%, Err 96 (1.0e-05)
1207.998 .... 3611 packets received, 6125 bps, 76.57%, Err 96 (9.9e-06)
1210.103 .... 3619 packets received, 6128 bps, 76.60%, Err 96 (9.9e-06)
1212.276 .... 3627 packets received, 6131 bps, 76.63%, Err 96 (9.9e-06)
1214.461 .... 3635 packets received, 6133 bps, 76.66%, Err 96 (9.9e-06)
1216.584 .... 3643 packets received, 6136 bps, 76.70%, Err 96 (9.9e-06)
1218.733 .... 3651 packets received, 6138 bps, 76.73%, Err 96 (9.8e-06)
1222.251 .... 3654 packets received, 6126 bps, 76.57%, Err 97 (9.9e-06)
1224.416 .... 3662 packets received, 6128 bps, 76.60%, Err 97 (9.9e-06)
1226.578 .... 3670 packets received, 6131 bps, 76.64%, Err 97 (9.9e-06)
1228.750 .... 3678 packets received, 6133 bps, 76.67%, Err 97 (9.9e-06)
1230.921 .... 3686 packets received, 6136 bps, 76.70%, Err 97 (9.9e-06)
1233.097 .... 3694 packets received, 6138 bps, 76.73%, Err 97 (9.8e-06)
1235.237 .... 3702 packets received, 6141 bps, 76.76%, Err 97 (9.8e-06)
1237.432 .... 3710 packets received, 6143 bps, 76.79%, Err 97 (9.8e-06)
1239.572 .... 3718 packets received, 6146 bps, 76.82%, Err 97 (9.8e-06)
1243.368 .... 3722 packets received, 6134 bps, 76.67%, Err 98 (9.9e-06)
1245.496 .... 3730 packets received, 6136 bps, 76.71%, Err 98 (9.8e-06)
1247.669 .... 3738 packets received, 6139 bps, 76.74%, Err 98 (9.8e-06)
1249.807 .... 3746 packets received, 6142 bps, 76.77%, Err 98 (9.8e-06)
1254.358 .... 3753 packets received, 6131 bps, 76.63%, Err 99 (9.9e-06)
1256.469 .... 3761 packets received, 6133 bps, 76.67%, Err 100 (1.0e-05)
1259.779 .... 3763 packets received, 6121 bps, 76.51%, Err 100 (9.9e-06)
1261.918 .... 3771 packets received, 6123 bps, 76.54%, Err 100 (9.9e-06)
1265.104 .... 3773 packets received, 6111 bps, 76.39%, Err 100 (9.9e-06)
1269.186 .... 3778 packets received, 6099 bps, 76.24%, Err 101 (1.0e-05)
1271.280 .... 3786 packets received, 6102 bps, 76.28%, Err 101 (9.9e-06)
1273.432 .... 3794 packets received, 6105 bps, 76.31%, Err 101 (9.9e-06)
1277.753 .... 3800 packets received, 6094 bps, 76.17%, Err 102 (1.0e-05)
1279.863 .... 3808 packets received, 6097 bps, 76.21%, Err 102 (1.0e-05)
1285.538 .... 3816 packets received, 6082 bps, 76.03%, Err 102 (9.9e-06)
1287.649 .... 3824 packets received, 6085 bps, 76.06%, Err 102 (9.9e-06)
1289.825 .... 3832 packets received, 6088 bps, 76.09%, Err 102 (9.9e-06)
1291.996 .... 3840 packets received, 6090 bps, 76.12%, Err 103 (1.0e-05)
1294.169 .... 3848 packets received, 6092 bps, 76.16%, Err 104 (1.0e-05)
1297.107 .... 3849 packets received, 6080 bps, 76.00%, Err 104 (1.0e-05)
1299.232 .... 3857 packets received, 6083 bps, 76.04%, Err 104 (1.0e-05)
1304.087 .... 3863 packets received, 6070 bps, 75.87%, Err 104 (1.0e-05)
1307.241 .... 3865 packets received, 6058 bps, 75.73%, Err 105 (1.0e-05)
1309.349 .... 3873 packets received, 6061 bps, 75.76%, Err 105 (1.0e-05)
1311.471 .... 3881 packets received, 6064 bps, 75.79%, Err 105 (1.0e-05)
1313.579 .... 3889 packets received, 6066 bps, 75.83%, Err 105 (1.0e-05)
1315.700 .... 3897 packets received, 6069 bps, 75.86%, Err 105 (1.0e-05)
1317.810 .... 3905 packets received, 6072 bps, 75.90%, Err 105 (1.0e-05)
1319.931 .... 3913 packets received, 6074 bps, 75.93%, Err 105 (9.9e-06)
1322.040 .... 3921 packets received, 6077 bps, 75.96%, Err 105 (9.9e-06)
1324.163 .... 3929 packets received, 6080 bps, 76.00%, Err 105 (9.9e-06)
1327.335 .... 3931 packets received, 6068 bps, 75.85%, Err 106 (1.0e-05)
1329.440 .... 3939 packets received, 6071 bps, 75.89%, Err 106 (1.0e-05)
1333.940 .... 3946 packets received, 6061 bps, 75.77%, Err 108 (1.0e-05)
1336.053 .... 3954 packets received, 6064 bps, 75.80%, Err 108 (1.0e-05)
1338.176 .... 3962 packets received, 6067 bps, 75.83%, Err 108 (1.0e-05)
1340.279 .... 3970 packets received, 6069 bps, 75.87%, Err 108 (1.0e-05)
1342.405 .... 3978 packets received, 6072 bps, 75.90%, Err 108 (1.0e-05)
1346.902 .... 3985 packets received, 6062 bps, 75.78%, Err 109 (1.0e-05)
1349.010 .... 3993 packets received, 6065 bps, 75.81%, Err 109 (1.0e-05)
1351.135 .... 4001 packets received, 6067 bps, 75.84%, Err 109 (1.0e-05)
1353.256 .... 4009 packets received, 6070 bps, 75.88%, Err 109 (1.0e-05)
1355.368 .... 4017 packets received, 6073 bps, 75.91%, Err 109 (1.0e-05)
1357.492 .... 4025 packets received, 6075 bps, 75.94%, Err 109 (1.0e-05)
1359.584 .... 4033 packets received, 6078 bps, 75.97%, Err 109 (1.0e-05)
1361.735 .... 4041 packets received, 6080 bps, 76.00%, Err 109 (1.0e-05)
1365.943 .... 4047 packets received, 6071 bps, 75.88%, Err 110 (1.0e-05)
1368.056 .... 4055 packets received, 6073 bps, 75.92%, Err 110 (1.0e-05)
1370.177 .... 4063 packets received, 6076 bps, 75.95%, Err 110 (1.0e-05)
1372.297 .... 4071 packets received, 6078 bps, 75.98%, Err 110 (1.0e-05)
1374.410 .... 4079 packets received, 6081 bps, 76.01%, Err 110 (1.0e-05)
1378.631 .... 4085 packets received, 6071 bps, 75.89%, Err 111 (1.0e-05)
1380.751 .... 4093 packets received, 6074 bps, 75.92%, Err 112 (1.0e-05)
1383.908 .... 4094 packets received, 6061 bps, 75.77%, Err 112 (1.0e-05)
1388.957 .... 4098 packets received, 6045 bps, 75.57%, Err 113 (1.0e-05)
1391.064 .... 4106 packets received, 6048 bps, 75.60%, Err 113 (1.0e-05)
1393.200 .... 4114 packets received, 6050 bps, 75.63%, Err 113 (1.0e-05)
1395.308 .... 4122 packets received, 6053 bps, 75.66%, Err 114 (1.0e-05)
1398.213 .... 4123 packets received, 6042 bps, 75.52%, Err 114 (1.0e-05)
1400.323 .... 4131 packets received, 6044 bps, 75.56%, Err 114 (1.0e-05)
1402.478 .... 4139 packets received, 6047 bps, 75.59%, Err 114 (1.0e-05)
1404.634 .... 4147 packets received, 6049 bps, 75.62%, Err 114 (1.0e-05)
1408.149 .... 4150 packets received, 6038 bps, 75.48%, Err 115 (1.0e-05)
1410.276 .... 4158 packets received, 6041 bps, 75.51%, Err 115 (1.0e-05)
1412.435 .... 4166 packets received, 6043 bps, 75.54%, Err 115 (1.0e-05)
1414.593 .... 4174 packets received, 6046 bps, 75.57%, Err 116 (1.0e-05)
1416.749 .... 4182 packets received, 6048 bps, 75.60%, Err 116 (1.0e-05)
1418.919 .... 4190 packets received, 6050 bps, 75.63%, Err 116 (1.0e-05)
1421.108 .... 4198 packets received, 6053 bps, 75.66%, Err 117 (1.0e-05)
1424.094 .... 4199 packets received, 6041 bps, 75.52%, Err 118 (1.0e-05)
1426.189 .... 4207 packets received, 6044 bps, 75.55%, Err 118 (1.0e-05)
1428.361 .... 4215 packets received, 6046 bps, 75.58%, Err 118 (1.0e-05)
1430.512 .... 4223 packets received, 6049 bps, 75.61%, Err 118 (1.0e-05)
1432.632 .... 4231 packets received, 6051 bps, 75.64%, Err 118 (1.0e-05)
1434.789 .... 4239 packets received, 6053 bps, 75.67%, Err 118 (1.0e-05)
1438.034 .... 4241 packets received, 6043 bps, 75.53%, Err 118 (1.0e-05)
1440.206 .... 4249 packets received, 6045 bps, 75.56%, Err 118 (1.0e-05)
1442.363 .... 4257 packets received, 6047 bps, 75.59%, Err 118 (1.0e-05)
1445.902 .... 4260 packets received, 6037 bps, 75.46%, Err 119 (1.0e-05)
1448.000 .... 4268 packets received, 6039 bps, 75.49%, Err 119 (1.0e-05)
1450.175 .... 4276 packets received, 6041 bps, 75.52%, Err 119 (1.0e-05)
1452.339 .... 4284 packets received, 6044 bps, 75.55%, Err 119 (1.0e-05)
1454.430 .... 4292 packets received, 6046 bps, 75.58%, Err 119 (1.0e-05)
1456.606 .... 4300 packets received, 6048 bps, 75.61%, Err 119 (1.0e-05)
1459.565 .... 4301 packets received, 6038 bps, 75.47%, Err 119 (1.0e-05)
1461.755 .... 4309 packets received, 6040 bps, 75.50%, Err 119 (1.0e-05)
1463.872 .... 4317 packets received, 6042 bps, 75.53%, Err 119 (1.0e-05)
1466.018 .... 4325 packets received, 6045 bps, 75.56%, Err 119 (1.0e-05)
1470.076 .... 4330 packets received, 6035 bps, 75.44%, Err 120 (1.0e-05)
1472.200 .... 4338 packets received, 6037 bps, 75.47%, Err 120 (1.0e-05)
1475.428 .... 4340 packets received, 6027 bps, 75.34%, Err 120 (1.0e-05)
1477.577 .... 4348 packets received, 6029 bps, 75.36%, Err 120 (1.0e-05)
1479.704 .... 4356 packets received, 6032 bps, 75.39%, Err 120 (1.0e-05)
1483.442 .... 4360 packets received, 6022 bps, 75.27%, Err 121 (1.0e-05)
1485.635 .... 4368 packets received, 6024 bps, 75.30%, Err 121 (1.0e-05)
1487.777 .... 4376 packets received, 6026 bps, 75.33%, Err 121 (1.0e-05)
1490.722 .... 4377 packets received, 6016 bps, 75.20%, Err 121 (1.0e-05)
1492.901 .... 4385 packets received, 6018 bps, 75.23%, Err 121 (1.0e-05)
1497.245 .... 4391 packets received, 6009 bps, 75.11%, Err 122 (1.0e-05)
1499.342 .... 4399 packets received, 6011 bps, 75.14%, Err 122 (1.0e-05)
1503.899 .... 4403 packets received, 5999 bps, 74.98%, Err 123 (1.0e-05)
1506.024 .... 4411 packets received, 6001 bps, 75.01%, Err 124 (1.0e-05)
1508.937 .... 4412 packets received, 5991 bps, 74.88%, Err 124 (1.0e-05)
1511.049 .... 4420 packets received, 5993 bps, 74.91%, Err 124 (1.0e-05)
1513.160 .... 4428 packets received, 5996 bps, 74.95%, Err 124 (1.0e-05)
1515.274 .... 4436 packets received, 5998 bps, 74.98%, Err 124 (1.0e-05)
1517.398 .... 4444 packets received, 6001 bps, 75.01%, Err 124 (1.0e-05)
1519.489 .... 4452 packets received, 6003 bps, 75.04%, Err 124 (1.0e-05)
1521.631 .... 4460 packets received, 6005 bps, 75.07%, Err 124 (1.0e-05)
1523.742 .... 4468 packets received, 6008 bps, 75.10%, Err 124 (1.0e-05)
1525.864 .... 4476 packets received, 6010 bps, 75.13%, Err 124 (1.0e-05)
1529.028 .... 4478 packets received, 6000 bps, 75.01%, Err 125 (1.0e-05)
1534.315 .... 4486 packets received, 5990 bps, 74.88%, Err 126 (1.0e-05)
1536.427 .... 4494 packets received, 5993 bps, 74.91%, Err 126 (1.0e-05)
1538.556 .... 4502 packets received, 5995 bps, 74.94%, Err 126 (1.0e-05)
1540.666 .... 4510 packets received, 5998 bps, 74.97%, Err 126 (1.0e-05)
1542.780 .... 4518 packets received, 6000 bps, 75.00%, Err 126 (1.0e-05)
1544.887 .... 4526 packets received, 6002 bps, 75.03%, Err 126 (1.0e-05)
1547.011 .... 4534 packets received, 6005 bps, 75.06%, Err 126 (1.0e-05)
1549.130 .... 4542 packets received, 6007 bps, 75.09%, Err 126 (1.0e-05)
1551.245 .... 4550 packets received, 6010 bps, 75.12%, Err 126 (1.0e-05)
1553.359 .... 4558 packets received, 6012 bps, 75.15%, Err 126 (1.0e-05)
1555.476 .... 4566 packets received, 6014 bps, 75.18%, Err 126 (1.0e-05)
1557.587 .... 4574 packets received, 6017 bps, 75.21%, Err 126 (1.0e-05)
1559.704 .... 4582 packets received, 6019 bps, 75.24%, Err 126 (1.0e-05)
1561.835 .... 4590 packets received, 6021 bps, 75.27%, Err 126 (1.0e-05)
1563.930 .... 4598 packets received, 6024 bps, 75.30%, Err 126 (1.0e-05)
1566.051 .... 4606 packets received, 6026 bps, 75.32%, Err 126 (1.0e-05)
1568.162 .... 4614 packets received, 6028 bps, 75.35%, Err 126 (1.0e-05)
1570.287 .... 4622 packets received, 6031 bps, 75.38%, Err 126 (1.0e-05)
1572.397 .... 4630 packets received, 6033 bps, 75.41%, Err 127 (1.0e-05)
1575.303 .... 4631 packets received, 6023 bps, 75.29%, Err 127 (1.0e-05)
1577.430 .... 4639 packets received, 6025 bps, 75.32%, Err 127 (1.0e-05)
1580.856 .... 4642 packets received, 6016 bps, 75.20%, Err 128 (1.0e-05)
1582.972 .... 4650 packets received, 6018 bps, 75.23%, Err 128 (1.0e-05)
1585.098 .... 4658 packets received, 6021 bps, 75.26%, Err 128 (1.0e-05)
1587.212 .... 4666 packets received, 6023 bps, 75.29%, Err 128 (1.0e-05)
1589.324 .... 4674 packets received, 6025 bps, 75.32%, Err 128 (1.0e-05)
1591.437 .... 4682 packets received, 6028 bps, 75.35%, Err 128 (1.0e-05)
1593.550 .... 4690 packets received, 6030 bps, 75.37%, Err 128 (1.0e-05)
1595.677 .... 4698 packets received, 6032 bps, 75.40%, Err 128 (1.0e-05)
1597.775 .... 4706 packets received, 6034 bps, 75.43%, Err 128 (1.0e-05)
1599.898 .... 4714 packets received, 6037 bps, 75.46%, Err 128 (1.0e-05)
1602.042 .... 4722 packets received, 6039 bps, 75.49%, Err 128 (1.0e-05)
1605.767 .... 4726 packets received, 6030 bps, 75.37%, Err 129 (1.0e-05)
1607.854 .... 4734 packets received, 6032 bps, 75.40%, Err 129 (1.0e-05)
1610.110 .... 4742 packets received, 6034 bps, 75.43%, Err 129 (1.0e-05)
1612.271 .... 4750 packets received, 6036 bps, 75.45%, Err 129 (1.0e-05)
1614.373 .... 4758 packets received, 6038 bps, 75.48%, Err 129 (1.0e-05)
1616.538 .... 4766 packets received, 6040 bps, 75.51%, Err 129 (1.0e-05)
1619.468 .... 4767 packets received, 6031 bps, 75.38%, Err 129 (1.0e-05)
1621.611 .... 4775 packets received, 6033 bps, 75.41%, Err 129 (9.9e-06)
1624.817 .... 4777 packets received, 6024 bps, 75.29%, Err 130 (1.0e-05)
1626.945 .... 4785 packets received, 6026 bps, 75.32%, Err 130 (1.0e-05)
1630.228 .... 4787 packets received, 6016 bps, 75.20%, Err 130 (1.0e-05)
1632.344 .... 4795 packets received, 6018 bps, 75.23%, Err 130 (1.0e-05)
1635.568 .... 4797 packets received, 6009 bps, 75.11%, Err 130 (9.9e-06)
1639.326 .... 4801 packets received, 6000 bps, 75.00%, Err 131 (1.0e-05)
1641.434 .... 4809 packets received, 6002 bps, 75.03%, Err 131 (1.0e-05)
1643.618 .... 4817 packets received, 6004 bps, 75.06%, Err 131 (1.0e-05)
1645.774 .... 4825 packets received, 6007 bps, 75.08%, Err 131 (1.0e-05)
1647.948 .... 4833 packets received, 6009 bps, 75.11%, Err 131 (9.9e-06)
1650.101 .... 4841 packets received, 6011 bps, 75.13%, Err 131 (9.9e-06)
1652.276 .... 4849 packets received, 6013 bps, 75.16%, Err 131 (9.9e-06)
1659.886 .... 4857 packets received, 5995 bps, 74.94%, Err 133 (1.0e-05)
1661.983 .... 4865 packets received, 5997 bps, 74.97%, Err 133 (1.0e-05)
1664.109 .... 4873 packets received, 5999 bps, 74.99%, Err 133 (1.0e-05)
1666.239 .... 4881 packets received, 6002 bps, 75.02%, Err 133 (1.0e-05)
1670.045 .... 4885 packets received, 5993 bps, 74.91%, Err 133 (1.0e-05)
1672.197 .... 4893 packets received, 5995 bps, 74.94%, Err 133 (9.9e-06)
1674.371 .... 4901 packets received, 5997 bps, 74.96%, Err 133 (9.9e-06)
1676.533 .... 4909 packets received, 5999 bps, 74.99%, Err 133 (9.9e-06)
1680.052 .... 4912 packets received, 5990 bps, 74.88%, Err 134 (1.0e-05)
1682.163 .... 4920 packets received, 5992 bps, 74.90%, Err 134 (1.0e-05)
1686.478 .... 4926 packets received, 5984 bps, 74.80%, Err 135 (1.0e-05)
1688.591 .... 4934 packets received, 5986 bps, 74.83%, Err 135 (1.0e-05)
1690.772 .... 4942 packets received, 5988 bps, 74.86%, Err 135 (1.0e-05)
1694.819 .... 4947 packets received, 5980 bps, 74.75%, Err 136 (1.0e-05)
1696.921 .... 4955 packets received, 5982 bps, 74.78%, Err 136 (1.0e-05)
1699.112 .... 4963 packets received, 5984 bps, 74.80%, Err 136 (1.0e-05)
1703.378 .... 4969 packets received, 5977 bps, 74.71%, Err 137 (1.0e-05)
1705.485 .... 4977 packets received, 5979 bps, 74.73%, Err 137 (1.0e-05)
1707.610 .... 4985 packets received, 5981 bps, 74.76%, Err 137 (1.0e-05)
1709.735 .... 4993 packets received, 5983 bps, 74.79%, Err 137 (1.0e-05)
1711.838 .... 5001 packets received, 5985 bps, 74.82%, Err 137 (1.0e-05)
1713.978 .... 5009 packets received, 5987 bps, 74.84%, Err 137 (1.0e-05)
1716.071 .... 5017 packets received, 5990 bps, 74.87%, Err 137 (1.0e-05)
1720.301 .... 5023 packets received, 5982 bps, 74.78%, Err 138 (1.0e-05)
1722.413 .... 5031 packets received, 5984 bps, 74.80%, Err 138 (1.0e-05)
1724.524 .... 5039 packets received, 5986 bps, 74.83%, Err 138 (1.0e-05)
1726.654 .... 5047 packets received, 5989 bps, 74.86%, Err 138 (1.0e-05)
1730.619 .... 5052 packets received, 5981 bps, 74.76%, Err 139 (1.0e-05)
1732.709 .... 5060 packets received, 5983 bps, 74.79%, Err 139 (1.0e-05)
1734.849 .... 5068 packets received, 5985 bps, 74.81%, Err 139 (1.0e-05)
1736.974 .... 5076 packets received, 5987 bps, 74.84%, Err 139 (1.0e-05)
1739.080 .... 5084 packets received, 5989 bps, 74.87%, Err 139 (1.0e-05)
1741.192 .... 5092 packets received, 5991 bps, 74.89%, Err 139 (1.0e-05)
1743.302 .... 5100 packets received, 5994 bps, 74.92%, Err 139 (1.0e-05)
1745.428 .... 5108 packets received, 5996 bps, 74.95%, Err 139 (1.0e-05)
1747.547 .... 5116 packets received, 5998 bps, 74.97%, Err 139 (9.9e-06)
1752.293 .... 5124 packets received, 5991 bps, 74.89%, Err 140 (1.0e-05)
1754.417 .... 5132 packets received, 5993 bps, 74.91%, Err 140 (1.0e-05)
1758.641 .... 5138 packets received, 5986 bps, 74.82%, Err 141 (1.0e-05)
1760.765 .... 5146 packets received, 5988 bps, 74.85%, Err 141 (1.0e-05)
1762.875 .... 5154 packets received, 5990 bps, 74.87%, Err 141 (1.0e-05)
1764.995 .... 5162 packets received, 5992 bps, 74.90%, Err 141 (1.0e-05)
1767.115 .... 5170 packets received, 5994 bps, 74.92%, Err 141 (1.0e-05)
1769.225 .... 5178 packets received, 5996 bps, 74.95%, Err 141 (1.0e-05)
1771.350 .... 5186 packets received, 5998 bps, 74.98%, Err 141 (1.0e-05)
1773.460 .... 5194 packets received, 6000 bps, 75.00%, Err 141 (9.9e-06)
1775.568 .... 5202 packets received, 6002 bps, 75.03%, Err 141 (9.9e-06)
1779.563 .... 5207 packets received, 5995 bps, 74.93%, Err 143 (1.0e-05)
1781.660 .... 5215 packets received, 5997 bps, 74.96%, Err 143 (1.0e-05)
1783.770 .... 5223 packets received, 5999 bps, 74.99%, Err 143 (1.0e-05)
1785.862 .... 5231 packets received, 6001 bps, 75.01%, Err 143 (1.0e-05)
1787.999 .... 5239 packets received, 6003 bps, 75.04%, Err 143 (1.0e-05)
1791.977 .... 5244 packets received, 5995 bps, 74.94%, Err 144 (1.0e-05)
1794.072 .... 5252 packets received, 5997 bps, 74.97%, Err 144 (1.0e-05)
1796.193 .... 5260 packets received, 6000 bps, 74.99%, Err 144 (1.0e-05)
1798.317 .... 5268 packets received, 6002 bps, 75.02%, Err 144 (1.0e-05)
1802.044 .... 5272 packets received, 5994 bps, 74.92%, Err 146 (1.0e-05)
1804.140 .... 5280 packets received, 5996 bps, 74.95%, Err 146 (1.0e-05)
1806.327 .... 5288 packets received, 5998 bps, 74.97%, Err 146 (1.0e-05)
1810.050 .... 5292 packets received, 5990 bps, 74.87%, Err 147 (1.0e-05)
1812.181 .... 5300 packets received, 5992 bps, 74.90%, Err 147 (1.0e-05)
1814.370 .... 5308 packets received, 5994 bps, 74.92%, Err 147 (1.0e-05)
1816.525 .... 5316 packets received, 5996 bps, 74.94%, Err 147 (1.0e-05)
1821.123 .... 5323 packets received, 5988 bps, 74.85%, Err 148 (1.0e-05)
1826.497 .... 5328 packets received, 5976 bps, 74.70%, Err 149 (1.0e-05)
1828.589 .... 5336 packets received, 5978 bps, 74.73%, Err 150 (1.0e-05)
1830.776 .... 5344 packets received, 5980 bps, 74.75%, Err 150 (1.0e-05)
1832.920 .... 5352 packets received, 5982 bps, 74.78%, Err 150 (1.0e-05)
1835.076 .... 5360 packets received, 5984 bps, 74.80%, Err 150 (1.0e-05)
1837.248 .... 5368 packets received, 5986 bps, 74.82%, Err 150 (1.0e-05)
1839.425 .... 5376 packets received, 5988 bps, 74.85%, Err 150 (1.0e-05)
1841.598 .... 5384 packets received, 5990 bps, 74.87%, Err 150 (1.0e-05)
1843.773 .... 5392 packets received, 5991 bps, 74.89%, Err 150 (1.0e-05)
1845.934 .... 5400 packets received, 5993 bps, 74.91%, Err 150 (1.0e-05)
1848.075 .... 5408 packets received, 5995 bps, 74.94%, Err 150 (1.0e-05)
1850.192 .... 5416 packets received, 5997 bps, 74.96%, Err 150 (1.0e-05)
1854.272 .... 5421 packets received, 5989 bps, 74.87%, Err 150 (1.0e-05)
1856.392 .... 5429 packets received, 5991 bps, 74.89%, Err 150 (1.0e-05)
1858.535 .... 5437 packets received, 5993 bps, 74.92%, Err 150 (1.0e-05)
1862.599 .... 5442 packets received, 5986 bps, 74.82%, Err 150 (1.0e-05)
1867.370 .... 5450 packets received, 5979 bps, 74.74%, Err 151 (1.0e-05)
1869.561 .... 5458 packets received, 5981 bps, 74.76%, Err 151 (1.0e-05)
1873.352 .... 5462 packets received, 5973 bps, 74.67%, Err 152 (1.0e-05)
1875.442 .... 5470 packets received, 5975 bps, 74.69%, Err 152 (1.0e-05)
1877.625 .... 5478 packets received, 5977 bps, 74.71%, Err 153 (1.0e-05)
1880.600 .... 5479 packets received, 5969 bps, 74.61%, Err 153 (1.0e-05)
1882.718 .... 5487 packets received, 5971 bps, 74.63%, Err 153 (1.0e-05)
1884.887 .... 5495 packets received, 5973 bps, 74.66%, Err 153 (1.0e-05)
1888.601 .... 5499 packets received, 5965 bps, 74.56%, Err 154 (1.0e-05)
1892.603 .... 5504 packets received, 5958 bps, 74.47%, Err 155 (1.0e-05)
1894.803 .... 5512 packets received, 5960 bps, 74.50%, Err 155 (1.0e-05)
1900.155 .... 5519 packets received, 5950 bps, 74.38%, Err 155 (1.0e-05)
1902.277 .... 5527 packets received, 5952 bps, 74.40%, Err 155 (1.0e-05)
1904.370 .... 5535 packets received, 5954 bps, 74.43%, Err 155 (1.0e-05)
1907.296 .... 5536 packets received, 5946 bps, 74.33%, Err 157 (1.0e-05)
1909.407 .... 5544 packets received, 5948 bps, 74.36%, Err 157 (1.0e-05)
1911.547 .... 5552 packets received, 5950 bps, 74.38%, Err 157 (1.0e-05)
1913.640 .... 5560 packets received, 5952 bps, 74.40%, Err 157 (1.0e-05)
1915.766 .... 5568 packets received, 5954 bps, 74.43%, Err 157 (1.0e-05)
1917.877 .... 5576 packets received, 5956 bps, 74.45%, Err 157 (1.0e-05)
1920.002 .... 5584 packets received, 5958 bps, 74.48%, Err 157 (1.0e-05)
1922.124 .... 5592 packets received, 5960 bps, 74.50%, Err 157 (1.0e-05)
1924.217 .... 5600 packets received, 5962 bps, 74.53%, Err 157 (1.0e-05)
1926.345 .... 5608 packets received, 5964 bps, 74.55%, Err 157 (1.0e-05)
1928.452 .... 5616 packets received, 5966 bps, 74.58%, Err 157 (1.0e-05)
1930.564 .... 5624 packets received, 5968 bps, 74.60%, Err 157 (1.0e-05)
1932.686 .... 5632 packets received, 5970 bps, 74.63%, Err 157 (1.0e-05)
1934.810 .... 5640 packets received, 5972 bps, 74.65%, Err 157 (1.0e-05)
1936.914 .... 5648 packets received, 5974 bps, 74.67%, Err 157 (1.0e-05)
1939.054 .... 5656 packets received, 5976 bps, 74.70%, Err 157 (1.0e-05)
1941.148 .... 5664 packets received, 5978 bps, 74.72%, Err 157 (1.0e-05)
1943.258 .... 5672 packets received, 5980 bps, 74.75%, Err 157 (1.0e-05)
1945.380 .... 5680 packets received, 5982 bps, 74.77%, Err 157 (1.0e-05)
1947.490 .... 5688 packets received, 5984 bps, 74.79%, Err 157 (1.0e-05)
1949.611 .... 5696 packets received, 5985 bps, 74.82%, Err 157 (1.0e-05)
1951.723 .... 5704 packets received, 5987 bps, 74.84%, Err 157 (1.0e-05)
1956.225 .... 5711 packets received, 5981 bps, 74.76%, Err 158 (1.0e-05)
1958.334 .... 5719 packets received, 5983 bps, 74.79%, Err 158 (1.0e-05)
1960.458 .... 5727 packets received, 5985 bps, 74.81%, Err 158 (1.0e-05)
1962.571 .... 5735 packets received, 5987 bps, 74.83%, Err 158 (1.0e-05)
1964.681 .... 5743 packets received, 5989 bps, 74.86%, Err 158 (1.0e-05)
1966.802 .... 5751 packets received, 5990 bps, 74.88%, Err 158 (1.0e-05)
1968.926 .... 5759 packets received, 5992 bps, 74.90%, Err 158 (1.0e-05)
1971.035 .... 5767 packets received, 5994 bps, 74.93%, Err 158 (1.0e-05)
1973.139 .... 5775 packets received, 5996 bps, 74.95%, Err 158 (1.0e-05)
1975.263 .... 5783 packets received, 5998 bps, 74.97%, Err 158 (1.0e-05)
1977.371 .... 5791 packets received, 6000 bps, 75.00%, Err 158 (1.0e-05)
1979.494 .... 5799 packets received, 6002 bps, 75.02%, Err 158 (1.0e-05)
1981.593 .... 5807 packets received, 6004 bps, 75.04%, Err 158 (1.0e-05)
1983.726 .... 5815 packets received, 6005 bps, 75.07%, Err 158 (1.0e-05)
1985.851 .... 5823 packets received, 6007 bps, 75.09%, Err 158 (9.9e-06)
1987.960 .... 5831 packets received, 6009 bps, 75.11%, Err 158 (9.9e-06)
1994.041 .... 5834 packets received, 5994 bps, 74.92%, Err 160 (1.0e-05)
1996.150 .... 5842 packets received, 5996 bps, 74.95%, Err 160 (1.0e-05)
1998.271 .... 5850 packets received, 5998 bps, 74.97%, Err 160 (1.0e-05)
2000.379 .... 5858 packets received, 5999 bps, 74.99%, Err 160 (1.0e-05)
2002.534 .... 5866 packets received, 6001 bps, 75.01%, Err 160 (1.0e-05)
2004.710 .... 5874 packets received, 6003 bps, 75.03%, Err 160 (1.0e-05)
2006.792 .... 5882 packets received, 6005 bps, 75.06%, Err 160 (1.0e-05)
2011.581 .... 5890 packets received, 5999 bps, 74.98%, Err 160 (9.9e-06)
2013.770 .... 5898 packets received, 6000 bps, 75.00%, Err 160 (9.9e-06)
2017.276 .... 5901 packets received, 5993 bps, 74.91%, Err 161 (1.0e-05)
2019.402 .... 5909 packets received, 5995 bps, 74.93%, Err 161 (1.0e-05)
2021.560 .... 5917 packets received, 5996 bps, 74.95%, Err 161 (1.0e-05)
2023.703 .... 5925 packets received, 5998 bps, 74.98%, Err 161 (9.9e-06)
2025.872 .... 5933 packets received, 6000 bps, 75.00%, Err 161 (9.9e-06)
2028.062 .... 5941 packets received, 6001 bps, 75.02%, Err 161 (9.9e-06)
2030.233 .... 5949 packets received, 6003 bps, 75.04%, Err 161 (9.9e-06)
2032.387 .... 5957 packets received, 6005 bps, 75.06%, Err 161 (9.9e-06)
2034.559 .... 5965 packets received, 6006 bps, 75.08%, Err 161 (9.9e-06)
2036.714 .... 5973 packets received, 6008 bps, 75.10%, Err 161 (9.9e-06)
2038.879 .... 5981 packets received, 6010 bps, 75.12%, Err 161 (9.9e-06)
2041.046 .... 5989 packets received, 6011 bps, 75.14%, Err 161 (9.9e-06)
2043.217 .... 5997 packets received, 6013 bps, 75.16%, Err 162 (9.9e-06)
2046.218 .... 5998 packets received, 6005 bps, 75.06%, Err 162 (9.9e-06)
2048.302 .... 6006 packets received, 6007 bps, 75.09%, Err 162 (9.9e-06)
2050.504 .... 6014 packets received, 6009 bps, 75.11%, Err 162 (9.9e-06)
2052.649 .... 6022 packets received, 6010 bps, 75.13%, Err 162 (9.9e-06)
2054.791 .... 6030 packets received, 6012 bps, 75.15%, Err 162 (9.9e-06)
2058.044 .... 6032 packets received, 6004 bps, 75.06%, Err 163 (9.9e-06)
2060.153 .... 6040 packets received, 6006 bps, 75.08%, Err 163 (9.9e-06)
2062.308 .... 6048 packets received, 6008 bps, 75.10%, Err 163 (9.9e-06)
2064.478 .... 6056 packets received, 6010 bps, 75.12%, Err 163 (9.9e-06)
2066.665 .... 6064 packets received, 6011 bps, 75.14%, Err 163 (9.9e-06)
2070.721 .... 6069 packets received, 6004 bps, 75.05%, Err 164 (9.9e-06)
2072.837 .... 6077 packets received, 6006 bps, 75.08%, Err 164 (9.9e-06)
2075.025 .... 6085 packets received, 6008 bps, 75.10%, Err 164 (9.9e-06)
2078.520 .... 6088 packets received, 6000 bps, 75.01%, Err 165 (9.9e-06)
2080.613 .... 6096 packets received, 6002 bps, 75.03%, Err 165 (9.9e-06)
2082.772 .... 6104 packets received, 6004 bps, 75.05%, Err 166 (1.0e-05)
2084.959 .... 6112 packets received, 6005 bps, 75.07%, Err 166 (1.0e-05)
2087.106 .... 6120 packets received, 6007 bps, 75.09%, Err 166 (9.9e-06)
2089.254 .... 6128 packets received, 6009 bps, 75.11%, Err 166 (9.9e-06)
2091.450 .... 6136 packets received, 6010 bps, 75.13%, Err 166 (9.9e-06)
2093.606 .... 6144 packets received, 6012 bps, 75.15%, Err 166 (9.9e-06)
2095.733 .... 6152 packets received, 6014 bps, 75.17%, Err 166 (9.9e-06)
2097.886 .... 6160 packets received, 6015 bps, 75.19%, Err 166 (9.9e-06)
2101.130 .... 6162 packets received, 6008 bps, 75.10%, Err 166 (9.9e-06)
2103.220 .... 6170 packets received, 6010 bps, 75.12%, Err 166 (9.9e-06)
2105.356 .... 6178 packets received, 6012 bps, 75.14%, Err 166 (9.9e-06)
2107.481 .... 6186 packets received, 6013 bps, 75.17%, Err 166 (9.8e-06)
2109.570 .... 6194 packets received, 6015 bps, 75.19%, Err 166 (9.8e-06)
2111.695 .... 6202 packets received, 6017 bps, 75.21%, Err 166 (9.8e-06)
2113.823 .... 6210 packets received, 6018 bps, 75.23%, Err 166 (9.8e-06)
2115.947 .... 6218 packets received, 6020 bps, 75.25%, Err 166 (9.8e-06)
2118.052 .... 6226 packets received, 6022 bps, 75.27%, Err 166 (9.8e-06)
2120.160 .... 6234 packets received, 6024 bps, 75.30%, Err 166 (9.8e-06)
2122.292 .... 6242 packets received, 6025 bps, 75.32%, Err 166 (9.8e-06)
2124.403 .... 6250 packets received, 6027 bps, 75.34%, Err 166 (9.8e-06)
2126.536 .... 6258 packets received, 6029 bps, 75.36%, Err 166 (9.8e-06)
2128.617 .... 6266 packets received, 6031 bps, 75.38%, Err 166 (9.7e-06)
2130.755 .... 6274 packets received, 6032 bps, 75.40%, Err 166 (9.7e-06)
2135.235 .... 6281 packets received, 6026 bps, 75.33%, Err 168 (9.8e-06)
2137.355 .... 6289 packets received, 6028 bps, 75.35%, Err 168 (9.8e-06)
2139.481 .... 6297 packets received, 6030 bps, 75.37%, Err 168 (9.8e-06)
2141.597 .... 6305 packets received, 6031 bps, 75.39%, Err 168 (9.8e-06)
2143.703 .... 6313 packets received, 6033 bps, 75.41%, Err 168 (9.8e-06)
2145.803 .... 6321 packets received, 6035 bps, 75.43%, Err 168 (9.8e-06)
2147.941 .... 6329 packets received, 6036 bps, 75.45%, Err 168 (9.8e-06)
2150.050 .... 6337 packets received, 6038 bps, 75.48%, Err 168 (9.8e-06)
2152.159 .... 6345 packets received, 6040 bps, 75.50%, Err 168 (9.8e-06)
2154.285 .... 6353 packets received, 6041 bps, 75.52%, Err 168 (9.7e-06)
2156.392 .... 6361 packets received, 6043 bps, 75.54%, Err 168 (9.7e-06)
2158.522 .... 6369 packets received, 6045 bps, 75.56%, Err 168 (9.7e-06)
2160.622 .... 6377 packets received, 6046 bps, 75.58%, Err 168 (9.7e-06)
2162.742 .... 6385 packets received, 6048 bps, 75.60%, Err 168 (9.7e-06)
2164.865 .... 6393 packets received, 6050 bps, 75.62%, Err 168 (9.7e-06)
2168.556 .... 6397 packets received, 6043 bps, 75.54%, Err 169 (9.7e-06)
2170.673 .... 6405 packets received, 6045 bps, 75.56%, Err 169 (9.7e-06)
2172.799 .... 6413 packets received, 6046 bps, 75.58%, Err 169 (9.7e-06)
2174.904 .... 6421 packets received, 6048 bps, 75.60%, Err 171 (9.8e-06)
2177.816 .... 6422 packets received, 6041 bps, 75.51%, Err 171 (9.8e-06)
2179.935 .... 6430 packets received, 6043 bps, 75.53%, Err 171 (9.8e-06)
2182.065 .... 6438 packets received, 6044 bps, 75.55%, Err 171 (9.8e-06)
2184.143 .... 6446 packets received, 6046 bps, 75.57%, Err 171 (9.8e-06)
2186.293 .... 6454 packets received, 6048 bps, 75.59%, Err 171 (9.8e-06)
2188.407 .... 6462 packets received, 6049 bps, 75.61%, Err 171 (9.8e-06)
2190.519 .... 6470 packets received, 6051 bps, 75.64%, Err 171 (9.8e-06)
2192.645 .... 6478 packets received, 6052 bps, 75.66%, Err 171 (9.8e-06)
2194.744 .... 6486 packets received, 6054 bps, 75.68%, Err 171 (9.7e-06)
2196.877 .... 6494 packets received, 6056 bps, 75.70%, Err 171 (9.7e-06)
2198.978 .... 6502 packets received, 6057 bps, 75.72%, Err 171 (9.7e-06)
2202.178 .... 6504 packets received, 6050 bps, 75.63%, Err 172 (9.8e-06)
2204.278 .... 6512 packets received, 6052 bps, 75.65%, Err 172 (9.8e-06)
2206.488 .... 6520 packets received, 6053 bps, 75.67%, Err 172 (9.7e-06)
2208.595 .... 6528 packets received, 6055 bps, 75.69%, Err 172 (9.7e-06)
2210.778 .... 6536 packets received, 6057 bps, 75.71%, Err 172 (9.7e-06)
2212.944 .... 6544 packets received, 6058 bps, 75.72%, Err 172 (9.7e-06)
2215.124 .... 6552 packets received, 6059 bps, 75.74%, Err 172 (9.7e-06)
2217.286 .... 6560 packets received, 6061 bps, 75.76%, Err 172 (9.7e-06)
2219.438 .... 6568 packets received, 6062 bps, 75.78%, Err 172 (9.7e-06)
2221.621 .... 6576 packets received, 6064 bps, 75.80%, Err 172 (9.7e-06)
2223.764 .... 6584 packets received, 6065 bps, 75.82%, Err 172 (9.7e-06)
2225.923 .... 6592 packets received, 6067 bps, 75.84%, Err 172 (9.7e-06)
2228.110 .... 6600 packets received, 6068 bps, 75.85%, Err 172 (9.7e-06)
2230.260 .... 6608 packets received, 6070 bps, 75.87%, Err 172 (9.6e-06)
2233.769 .... 6611 packets received, 6063 bps, 75.79%, Err 173 (9.7e-06)
2235.878 .... 6619 packets received, 6065 bps, 75.81%, Err 173 (9.7e-06)
2240.462 .... 6626 packets received, 6059 bps, 75.73%, Err 176 (9.8e-06)
2242.575 .... 6634 packets received, 6060 bps, 75.75%, Err 176 (9.8e-06)
2244.781 .... 6642 packets received, 6061 bps, 75.77%, Err 176 (9.8e-06)
2249.065 .... 6648 packets received, 6055 bps, 75.69%, Err 177 (9.8e-06)
2251.194 .... 6656 packets received, 6057 bps, 75.71%, Err 177 (9.8e-06)
2253.350 .... 6664 packets received, 6058 bps, 75.73%, Err 177 (9.8e-06)
2255.521 .... 6672 packets received, 6060 bps, 75.75%, Err 177 (9.8e-06)
2257.676 .... 6680 packets received, 6061 bps, 75.77%, Err 177 (9.8e-06)
2259.829 .... 6688 packets received, 6063 bps, 75.79%, Err 177 (9.8e-06)
2261.946 .... 6696 packets received, 6064 bps, 75.80%, Err 177 (9.8e-06)
2266.238 .... 6702 packets received, 6058 bps, 75.73%, Err 178 (9.8e-06)
2268.383 .... 6710 packets received, 6060 bps, 75.75%, Err 178 (9.8e-06)
2272.082 .... 6714 packets received, 6054 bps, 75.67%, Err 178 (9.8e-06)
2276.638 .... 6721 packets received, 6048 bps, 75.60%, Err 180 (9.9e-06)
2278.744 .... 6729 packets received, 6049 bps, 75.62%, Err 180 (9.9e-06)
2283.104 .... 6734 packets received, 6042 bps, 75.53%, Err 181 (9.9e-06)
2285.271 .... 6742 packets received, 6044 bps, 75.55%, Err 182 (1.0e-05)
2288.262 .... 6743 packets received, 6037 bps, 75.46%, Err 182 (9.9e-06)
2290.342 .... 6751 packets received, 6038 bps, 75.48%, Err 182 (9.9e-06)
2292.545 .... 6759 packets received, 6040 bps, 75.50%, Err 182 (9.9e-06)
2294.696 .... 6767 packets received, 6041 bps, 75.51%, Err 182 (9.9e-06)
2296.843 .... 6775 packets received, 6043 bps, 75.53%, Err 182 (9.9e-06)
2299.012 .... 6783 packets received, 6044 bps, 75.55%, Err 182 (9.9e-06)
2301.188 .... 6791 packets received, 6046 bps, 75.57%, Err 182 (9.9e-06)
2305.696 .... 6798 packets received, 6040 bps, 75.50%, Err 183 (9.9e-06)
2307.800 .... 6806 packets received, 6041 bps, 75.52%, Err 183 (9.9e-06)
2309.919 .... 6814 packets received, 6043 bps, 75.54%, Err 183 (9.9e-06)
2312.037 .... 6822 packets received, 6045 bps, 75.56%, Err 183 (9.9e-06)
2315.214 .... 6824 packets received, 6038 bps, 75.48%, Err 184 (9.9e-06)
2317.318 .... 6832 packets received, 6040 bps, 75.50%, Err 184 (9.9e-06)
2319.422 .... 6840 packets received, 6041 bps, 75.52%, Err 184 (9.9e-06)
2321.554 .... 6848 packets received, 6043 bps, 75.53%, Err 184 (9.9e-06)
2323.673 .... 6856 packets received, 6044 bps, 75.55%, Err 184 (9.9e-06)
2325.793 .... 6864 packets received, 6046 bps, 75.57%, Err 184 (9.9e-06)
2327.897 .... 6872 packets received, 6047 bps, 75.59%, Err 184 (9.9e-06)
2330.016 .... 6880 packets received, 6049 bps, 75.61%, Err 184 (9.9e-06)
2332.135 .... 6888 packets received, 6050 bps, 75.63%, Err 184 (9.9e-06)
2336.373 .... 6894 packets received, 6045 bps, 75.56%, Err 185 (9.9e-06)
2340.337 .... 6896 packets received, 6036 bps, 75.45%, Err 186 (9.9e-06)
2342.439 .... 6904 packets received, 6038 bps, 75.47%, Err 186 (9.9e-06)
2346.947 .... 6911 packets received, 6032 bps, 75.40%, Err 187 (1.0e-05)
2349.067 .... 6919 packets received, 6034 bps, 75.42%, Err 187 (1.0e-05)
2351.171 .... 6927 packets received, 6035 bps, 75.44%, Err 187 (9.9e-06)
2355.680 .... 6934 packets received, 6030 bps, 75.37%, Err 189 (1.0e-05)
2357.784 .... 6942 packets received, 6032 bps, 75.39%, Err 189 (1.0e-05)
2359.903 .... 6950 packets received, 6033 bps, 75.41%, Err 189 (1.0e-05)
2362.023 .... 6958 packets received, 6035 bps, 75.43%, Err 189 (1.0e-05)
2364.142 .... 6966 packets received, 6036 bps, 75.45%, Err 189 (1.0e-05)
2366.243 .... 6974 packets received, 6038 bps, 75.47%, Err 189 (1.0e-05)
2368.360 .... 6982 packets received, 6039 bps, 75.49%, Err 189 (1.0e-05)
2370.477