000.000 =============================================================
000.000                     Station B                               
000.000 -------------------------------------------------------------
000.000 Protocol.lib, version 4.0, jiangyanjun0718@bupt.edu.cn
000.000 Channel: 8000 bps, 270 ms propagation delay, bit error rate 1.0E-05
000.000 Log file "b1000.log", TCP port 59144, debug mask 0x00
000.000 Station B is connecting station A (TCP port 59144) ... Done.
000.890 New epoch: Sun Apr  9 14:33:17 2023
000.890 =================================================================
000.890 
000.890 Designed by Li Ruobin, build: Apr  9 2023  14:33:03
003.280 .... 8 packets received, 7750 bps, 96.88%, Err 0 (0.0e+00)
007.775 .... 15 packets received, 4648 bps, 58.10%, Err 2 (3.6e-05)
009.898 .... 23 packets received, 5394 bps, 67.43%, Err 2 (2.8e-05)
012.024 .... 31 packets received, 5847 bps, 73.09%, Err 2 (2.3e-05)
014.119 .... 39 packets received, 6166 bps, 77.08%, Err 2 (1.9e-05)
016.229 .... 47 packets received, 6390 bps, 79.88%, Err 2 (1.6e-05)
018.359 .... 55 packets received, 6552 bps, 81.89%, Err 2 (1.4e-05)
020.453 .... 63 packets received, 6690 bps, 83.62%, Err 2 (1.3e-05)
022.585 .... 71 packets received, 6789 bps, 84.86%, Err 2 (1.2e-05)
024.670 .... 79 packets received, 6884 bps, 86.04%, Err 2 (1.1e-05)
029.156 .... 86 packets received, 6293 bps, 78.66%, Err 3 (1.3e-05)
031.284 .... 94 packets received, 6392 bps, 79.90%, Err 3 (1.2e-05)
033.397 .... 102 packets received, 6481 bps, 81.02%, Err 3 (1.2e-05)
037.115 .... 106 packets received, 6039 bps, 75.48%, Err 3 (1.0e-05)
041.851 .... 114 packets received, 5739 bps, 71.73%, Err 5 (1.5e-05)
043.992 .... 122 packets received, 5834 bps, 72.93%, Err 5 (1.5e-05)
046.075 .... 130 packets received, 5928 bps, 74.11%, Err 5 (1.4e-05)
048.206 .... 138 packets received, 6008 bps, 75.10%, Err 5 (1.3e-05)
050.322 .... 146 packets received, 6083 bps, 76.04%, Err 5 (1.3e-05)
054.551 .... 152 packets received, 5831 bps, 72.89%, Err 5 (1.2e-05)
056.671 .... 160 packets received, 5904 bps, 73.80%, Err 5 (1.1e-05)
058.762 .... 168 packets received, 5974 bps, 74.67%, Err 5 (1.1e-05)
060.889 .... 176 packets received, 6035 bps, 75.44%, Err 5 (1.0e-05)
063.003 .... 184 packets received, 6094 bps, 76.17%, Err 5 (1.0e-05)
065.117 .... 192 packets received, 6149 bps, 76.86%, Err 5 (9.7e-06)
067.214 .... 200 packets received, 6202 bps, 77.52%, Err 5 (9.4e-06)
069.349 .... 208 packets received, 6248 bps, 78.10%, Err 5 (9.1e-06)
071.437 .... 216 packets received, 6295 bps, 78.69%, Err 5 (8.9e-06)
073.572 .... 224 packets received, 6336 bps, 79.20%, Err 5 (8.6e-06)
075.676 .... 232 packets received, 6377 bps, 79.71%, Err 5 (8.4e-06)
077.794 .... 240 packets received, 6414 bps, 80.18%, Err 5 (8.1e-06)
082.006 .... 246 packets received, 6232 bps, 77.90%, Err 7 (1.1e-05)
084.109 .... 254 packets received, 6272 bps, 78.40%, Err 7 (1.1e-05)
086.233 .... 262 packets received, 6308 bps, 78.85%, Err 7 (1.0e-05)
090.765 .... 266 packets received, 6080 bps, 76.00%, Err 7 (9.7e-06)
094.725 .... 271 packets received, 5932 bps, 74.15%, Err 8 (1.1e-05)
096.842 .... 279 packets received, 5972 bps, 74.65%, Err 8 (1.0e-05)
100.810 .... 283 packets received, 5817 bps, 72.71%, Err 8 (1.0e-05)
102.906 .... 291 packets received, 5858 bps, 73.22%, Err 8 (9.8e-06)
106.083 .... 293 packets received, 5719 bps, 71.49%, Err 8 (9.5e-06)
108.200 .... 301 packets received, 5759 bps, 71.99%, Err 8 (9.3e-06)
110.315 .... 309 packets received, 5798 bps, 72.47%, Err 9 (1.0e-05)
113.212 .... 310 packets received, 5666 bps, 70.83%, Err 9 (1.0e-05)
115.328 .... 318 packets received, 5705 bps, 71.31%, Err 9 (9.8e-06)
117.444 .... 326 packets received, 5742 bps, 71.77%, Err 9 (9.7e-06)
119.559 .... 334 packets received, 5778 bps, 72.22%, Err 9 (9.5e-06)
121.674 .... 342 packets received, 5812 bps, 72.65%, Err 9 (9.3e-06)
123.787 .... 350 packets received, 5846 bps, 73.07%, Err 9 (9.2e-06)
125.902 .... 358 packets received, 5878 bps, 73.47%, Err 9 (9.0e-06)
127.999 .... 366 packets received, 5910 bps, 73.87%, Err 9 (8.9e-06)
130.125 .... 374 packets received, 5940 bps, 74.24%, Err 10 (9.7e-06)
134.340 .... 380 packets received, 5844 bps, 73.05%, Err 11 (1.0e-05)
136.455 .... 388 packets received, 5874 bps, 73.42%, Err 11 (1.0e-05)
138.566 .... 396 packets received, 5903 bps, 73.78%, Err 11 (1.0e-05)
140.684 .... 404 packets received, 5930 bps, 74.13%, Err 11 (9.8e-06)
142.783 .... 412 packets received, 5958 bps, 74.48%, Err 11 (9.7e-06)
144.897 .... 420 packets received, 5985 bps, 74.81%, Err 11 (9.6e-06)
147.013 .... 428 packets received, 6010 bps, 75.13%, Err 11 (9.4e-06)
149.124 .... 436 packets received, 6035 bps, 75.44%, Err 11 (9.3e-06)
151.237 .... 444 packets received, 6059 bps, 75.74%, Err 11 (9.1e-06)
153.353 .... 452 packets received, 6083 bps, 76.03%, Err 11 (9.0e-06)
155.468 .... 460 packets received, 6105 bps, 76.32%, Err 11 (8.9e-06)
157.581 .... 468 packets received, 6128 bps, 76.60%, Err 11 (8.8e-06)
159.695 .... 476 packets received, 6149 bps, 76.87%, Err 11 (8.7e-06)
161.799 .... 484 packets received, 6171 bps, 77.13%, Err 11 (8.5e-06)
163.910 .... 492 packets received, 6191 bps, 77.39%, Err 11 (8.4e-06)
166.025 .... 500 packets received, 6211 bps, 77.64%, Err 12 (9.1e-06)
168.133 .... 508 packets received, 6231 bps, 77.89%, Err 12 (9.0e-06)
170.236 .... 516 packets received, 6250 bps, 78.13%, Err 12 (8.9e-06)
172.368 .... 524 packets received, 6268 bps, 78.35%, Err 12 (8.7e-06)
174.465 .... 532 packets received, 6287 bps, 78.59%, Err 12 (8.6e-06)
176.582 .... 540 packets received, 6305 bps, 78.81%, Err 12 (8.5e-06)
178.698 .... 548 packets received, 6322 bps, 79.02%, Err 12 (8.4e-06)
180.816 .... 556 packets received, 6338 bps, 79.23%, Err 12 (8.3e-06)
182.915 .... 564 packets received, 6355 bps, 79.44%, Err 12 (8.2e-06)
186.090 .... 566 packets received, 6268 bps, 78.35%, Err 13 (8.8e-06)
188.203 .... 574 packets received, 6285 bps, 78.56%, Err 13 (8.7e-06)
191.880 .... 578 packets received, 6207 bps, 77.59%, Err 14 (9.2e-06)
194.013 .... 586 packets received, 6223 bps, 77.79%, Err 14 (9.1e-06)
196.124 .... 594 packets received, 6240 bps, 78.00%, Err 14 (9.0e-06)
198.237 .... 602 packets received, 6256 bps, 78.20%, Err 14 (8.9e-06)
200.337 .... 610 packets received, 6272 bps, 78.41%, Err 14 (8.8e-06)
202.455 .... 618 packets received, 6288 bps, 78.60%, Err 14 (8.7e-06)
204.556 .... 626 packets received, 6303 bps, 78.79%, Err 14 (8.6e-06)
206.672 .... 634 packets received, 6318 bps, 78.98%, Err 14 (8.5e-06)
208.787 .... 642 packets received, 6333 bps, 79.16%, Err 14 (8.4e-06)
210.917 .... 650 packets received, 6347 bps, 79.33%, Err 14 (8.3e-06)
213.000 .... 658 packets received, 6362 bps, 79.52%, Err 14 (8.3e-06)
215.134 .... 666 packets received, 6375 bps, 79.68%, Err 14 (8.2e-06)
222.266 .... 669 packets received, 6197 bps, 77.46%, Err 17 (9.6e-06)
228.106 .... 675 packets received, 6091 bps, 76.14%, Err 19 (1.0e-05)
230.218 .... 683 packets received, 6107 bps, 76.34%, Err 19 (1.0e-05)
232.351 .... 691 packets received, 6121 bps, 76.52%, Err 19 (1.0e-05)
234.454 .... 699 packets received, 6136 bps, 76.71%, Err 19 (1.0e-05)
236.589 .... 707 packets received, 6150 bps, 76.88%, Err 19 (1.0e-05)
238.678 .... 715 packets received, 6165 bps, 77.07%, Err 19 (1.0e-05)
240.811 .... 723 packets received, 6179 bps, 77.23%, Err 19 (9.9e-06)
242.914 .... 731 packets received, 6193 bps, 77.41%, Err 19 (9.8e-06)
245.034 .... 739 packets received, 6206 bps, 77.58%, Err 19 (9.7e-06)
248.484 .... 742 packets received, 6144 bps, 76.80%, Err 19 (9.6e-06)
252.420 .... 747 packets received, 6089 bps, 76.11%, Err 20 (9.9e-06)
254.519 .... 755 packets received, 6103 bps, 76.29%, Err 20 (9.9e-06)
256.672 .... 763 packets received, 6116 bps, 76.45%, Err 20 (9.8e-06)
258.778 .... 771 packets received, 6129 bps, 76.62%, Err 20 (9.7e-06)
260.896 .... 779 packets received, 6143 bps, 76.78%, Err 20 (9.6e-06)
262.996 .... 787 packets received, 6156 bps, 76.95%, Err 20 (9.5e-06)
265.119 .... 795 packets received, 6168 bps, 77.10%, Err 20 (9.5e-06)
267.224 .... 803 packets received, 6181 bps, 77.26%, Err 20 (9.4e-06)
269.330 .... 811 packets received, 6194 bps, 77.42%, Err 20 (9.3e-06)
271.433 .... 819 packets received, 6206 bps, 77.58%, Err 20 (9.2e-06)
273.556 .... 827 packets received, 6218 bps, 77.72%, Err 20 (9.2e-06)
275.674 .... 835 packets received, 6230 bps, 77.87%, Err 20 (9.1e-06)
280.174 .... 842 packets received, 6181 bps, 77.26%, Err 20 (9.0e-06)
282.274 .... 850 packets received, 6193 bps, 77.41%, Err 20 (8.9e-06)
285.463 .... 852 packets received, 6138 bps, 76.72%, Err 20 (8.8e-06)
287.567 .... 860 packets received, 6150 bps, 76.87%, Err 20 (8.7e-06)
289.686 .... 868 packets received, 6161 bps, 77.02%, Err 20 (8.7e-06)
291.807 .... 876 packets received, 6173 bps, 77.16%, Err 20 (8.6e-06)
294.714 .... 877 packets received, 6119 bps, 76.48%, Err 20 (8.5e-06)
296.837 .... 885 packets received, 6130 bps, 76.63%, Err 20 (8.4e-06)
298.939 .... 893 packets received, 6142 bps, 76.77%, Err 20 (8.4e-06)
301.058 .... 901 packets received, 6153 bps, 76.91%, Err 20 (8.3e-06)
305.021 .... 906 packets received, 6106 bps, 76.33%, Err 21 (8.6e-06)
307.142 .... 914 packets received, 6118 bps, 76.47%, Err 21 (8.6e-06)
309.236 .... 922 packets received, 6129 bps, 76.62%, Err 21 (8.5e-06)
311.353 .... 930 packets received, 6140 bps, 76.75%, Err 21 (8.5e-06)
313.470 .... 938 packets received, 6151 bps, 76.89%, Err 21 (8.4e-06)
315.588 .... 946 packets received, 6162 bps, 77.02%, Err 21 (8.3e-06)
319.005 .... 949 packets received, 6115 bps, 76.44%, Err 23 (9.0e-06)
324.297 .... 956 packets received, 6059 bps, 75.74%, Err 25 (9.7e-06)
326.402 .... 964 packets received, 6070 bps, 75.88%, Err 25 (9.6e-06)
328.522 .... 972 packets received, 6081 bps, 76.01%, Err 25 (9.5e-06)
332.219 .... 976 packets received, 6038 bps, 75.47%, Err 26 (9.8e-06)
334.335 .... 984 packets received, 6049 bps, 75.61%, Err 26 (9.7e-06)
338.303 .... 989 packets received, 6008 bps, 75.10%, Err 27 (1.0e-05)
340.419 .... 997 packets received, 6019 bps, 75.23%, Err 27 (9.9e-06)
342.522 .... 1005 packets received, 6030 bps, 75.37%, Err 27 (9.9e-06)
344.632 .... 1013 packets received, 6040 bps, 75.50%, Err 27 (9.8e-06)
346.748 .... 1021 packets received, 6051 bps, 75.63%, Err 27 (9.8e-06)
349.916 .... 1023 packets received, 6007 bps, 75.09%, Err 28 (1.0e-05)
352.020 .... 1031 packets received, 6018 bps, 75.23%, Err 28 (1.0e-05)
354.138 .... 1039 packets received, 6028 bps, 75.36%, Err 28 (9.9e-06)
356.252 .... 1047 packets received, 6039 bps, 75.48%, Err 28 (9.8e-06)
358.370 .... 1055 packets received, 6049 bps, 75.61%, Err 28 (9.8e-06)
360.473 .... 1063 packets received, 6059 bps, 75.74%, Err 28 (9.7e-06)
362.592 .... 1071 packets received, 6069 bps, 75.86%, Err 28 (9.7e-06)
364.709 .... 1079 packets received, 6078 bps, 75.98%, Err 28 (9.6e-06)
366.814 .... 1087 packets received, 6088 bps, 76.10%, Err 28 (9.6e-06)
368.925 .... 1095 packets received, 6098 bps, 76.22%, Err 28 (9.5e-06)
371.042 .... 1103 packets received, 6107 bps, 76.34%, Err 28 (9.5e-06)
373.157 .... 1111 packets received, 6117 bps, 76.46%, Err 28 (9.4e-06)
375.260 .... 1119 packets received, 6126 bps, 76.58%, Err 28 (9.3e-06)
378.691 .... 1122 packets received, 6087 bps, 76.08%, Err 29 (9.6e-06)
380.811 .... 1130 packets received, 6096 bps, 76.20%, Err 29 (9.5e-06)
382.926 .... 1138 packets received, 6105 bps, 76.31%, Err 29 (9.5e-06)
386.342 .... 1141 packets received, 6067 bps, 75.83%, Err 30 (9.7e-06)
388.478 .... 1149 packets received, 6076 bps, 75.94%, Err 30 (9.7e-06)
390.598 .... 1157 packets received, 6085 bps, 76.06%, Err 30 (9.6e-06)
395.349 .... 1165 packets received, 6053 bps, 75.66%, Err 32 (1.0e-05)
397.455 .... 1173 packets received, 6062 bps, 75.78%, Err 32 (1.0e-05)
402.204 .... 1181 packets received, 6031 bps, 75.39%, Err 33 (1.0e-05)
404.306 .... 1189 packets received, 6040 bps, 75.50%, Err 33 (1.0e-05)
406.424 .... 1197 packets received, 6049 bps, 75.61%, Err 33 (1.0e-05)
408.547 .... 1205 packets received, 6058 bps, 75.72%, Err 33 (1.0e-05)
410.650 .... 1213 packets received, 6067 bps, 75.83%, Err 33 (1.0e-05)
412.768 .... 1221 packets received, 6075 bps, 75.94%, Err 33 (1.0e-05)
414.889 .... 1229 packets received, 6084 bps, 76.05%, Err 33 (1.0e-05)
416.993 .... 1237 packets received, 6092 bps, 76.15%, Err 33 (9.9e-06)
419.098 .... 1245 packets received, 6101 bps, 76.26%, Err 33 (9.9e-06)
421.221 .... 1253 packets received, 6109 bps, 76.36%, Err 33 (9.8e-06)
423.327 .... 1261 packets received, 6117 bps, 76.47%, Err 33 (9.8e-06)
426.496 .... 1263 packets received, 6081 bps, 76.02%, Err 33 (9.7e-06)
428.629 .... 1271 packets received, 6089 bps, 76.12%, Err 33 (9.6e-06)
430.718 .... 1279 packets received, 6098 bps, 76.22%, Err 33 (9.6e-06)
432.856 .... 1287 packets received, 6106 bps, 76.32%, Err 33 (9.6e-06)
434.945 .... 1295 packets received, 6114 bps, 76.43%, Err 34 (9.8e-06)
437.066 .... 1303 packets received, 6122 bps, 76.52%, Err 34 (9.7e-06)
439.189 .... 1311 packets received, 6130 bps, 76.62%, Err 34 (9.7e-06)
442.111 .... 1312 packets received, 6094 bps, 76.17%, Err 34 (9.6e-06)
444.217 .... 1320 packets received, 6102 bps, 76.27%, Err 34 (9.6e-06)
446.311 .... 1328 packets received, 6110 bps, 76.37%, Err 34 (9.5e-06)
450.843 .... 1335 packets received, 6080 bps, 76.00%, Err 34 (9.4e-06)
452.936 .... 1343 packets received, 6088 bps, 76.10%, Err 34 (9.4e-06)
455.058 .... 1351 packets received, 6096 bps, 76.20%, Err 34 (9.4e-06)
458.999 .... 1356 packets received, 6066 bps, 75.82%, Err 35 (9.6e-06)
461.125 .... 1364 packets received, 6073 bps, 75.92%, Err 36 (9.8e-06)
463.252 .... 1372 packets received, 6081 bps, 76.01%, Err 36 (9.7e-06)
465.346 .... 1380 packets received, 6089 bps, 76.11%, Err 36 (9.7e-06)
467.458 .... 1388 packets received, 6096 bps, 76.20%, Err 36 (9.6e-06)
471.175 .... 1392 packets received, 6065 bps, 75.82%, Err 37 (9.8e-06)
473.286 .... 1400 packets received, 6073 bps, 75.91%, Err 37 (9.8e-06)
477.276 .... 1404 packets received, 6039 bps, 75.49%, Err 37 (9.7e-06)
480.972 .... 1408 packets received, 6010 bps, 75.12%, Err 39 (1.0e-05)
485.192 .... 1410 packets received, 5966 bps, 74.57%, Err 40 (1.0e-05)
487.306 .... 1418 packets received, 5974 bps, 74.67%, Err 40 (1.0e-05)
489.451 .... 1426 packets received, 5981 bps, 74.76%, Err 40 (1.0e-05)
491.549 .... 1434 packets received, 5989 bps, 74.86%, Err 40 (1.0e-05)
493.675 .... 1442 packets received, 5996 bps, 74.95%, Err 40 (1.0e-05)
495.771 .... 1450 packets received, 6004 bps, 75.05%, Err 40 (1.0e-05)
498.954 .... 1452 packets received, 5974 bps, 74.67%, Err 42 (1.1e-05)
501.047 .... 1460 packets received, 5982 bps, 74.77%, Err 42 (1.0e-05)
503.197 .... 1468 packets received, 5989 bps, 74.86%, Err 42 (1.0e-05)
507.682 .... 1472 packets received, 5952 bps, 74.40%, Err 42 (1.0e-05)
509.802 .... 1480 packets received, 5959 bps, 74.49%, Err 42 (1.0e-05)
511.906 .... 1488 packets received, 5967 bps, 74.58%, Err 42 (1.0e-05)
514.027 .... 1496 packets received, 5974 bps, 74.67%, Err 42 (1.0e-05)
516.144 .... 1504 packets received, 5981 bps, 74.77%, Err 42 (1.0e-05)
518.246 .... 1512 packets received, 5989 bps, 74.86%, Err 42 (1.0e-05)
520.363 .... 1520 packets received, 5996 bps, 74.95%, Err 42 (1.0e-05)
523.796 .... 1523 packets received, 5968 bps, 74.60%, Err 43 (1.0e-05)
525.896 .... 1531 packets received, 5975 bps, 74.69%, Err 43 (1.0e-05)
528.027 .... 1539 packets received, 5982 bps, 74.78%, Err 43 (1.0e-05)
530.127 .... 1547 packets received, 5990 bps, 74.87%, Err 43 (1.0e-05)
532.258 .... 1555 packets received, 5996 bps, 74.95%, Err 43 (1.0e-05)
534.362 .... 1563 packets received, 6003 bps, 75.04%, Err 43 (1.0e-05)
536.480 .... 1571 packets received, 6010 bps, 75.13%, Err 43 (1.0e-05)
540.700 .... 1577 packets received, 5986 bps, 74.83%, Err 43 (1.0e-05)
542.802 .... 1585 packets received, 5993 bps, 74.91%, Err 43 (9.9e-06)
544.920 .... 1593 packets received, 6000 bps, 75.00%, Err 43 (9.9e-06)
547.037 .... 1601 packets received, 6007 bps, 75.08%, Err 43 (9.8e-06)
549.154 .... 1609 packets received, 6013 bps, 75.17%, Err 43 (9.8e-06)
551.257 .... 1617 packets received, 6020 bps, 75.25%, Err 43 (9.8e-06)
553.373 .... 1625 packets received, 6027 bps, 75.33%, Err 43 (9.7e-06)
555.476 .... 1633 packets received, 6033 bps, 75.42%, Err 43 (9.7e-06)
557.593 .... 1641 packets received, 6040 bps, 75.50%, Err 43 (9.7e-06)
559.712 .... 1649 packets received, 6046 bps, 75.58%, Err 43 (9.6e-06)
561.814 .... 1657 packets received, 6053 bps, 75.66%, Err 43 (9.6e-06)
566.048 .... 1663 packets received, 6029 bps, 75.37%, Err 44 (9.7e-06)
568.151 .... 1671 packets received, 6036 bps, 75.45%, Err 44 (9.7e-06)
570.268 .... 1679 packets received, 6042 bps, 75.53%, Err 44 (9.7e-06)
572.385 .... 1687 packets received, 6048 bps, 75.61%, Err 44 (9.6e-06)
574.501 .... 1695 packets received, 6055 bps, 75.68%, Err 45 (9.8e-06)
576.617 .... 1703 packets received, 6061 bps, 75.76%, Err 45 (9.8e-06)
578.718 .... 1711 packets received, 6067 bps, 75.84%, Err 45 (9.7e-06)
580.836 .... 1719 packets received, 6073 bps, 75.92%, Err 45 (9.7e-06)
582.954 .... 1727 packets received, 6079 bps, 75.99%, Err 45 (9.7e-06)
586.902 .... 1732 packets received, 6056 bps, 75.70%, Err 46 (9.8e-06)
589.019 .... 1740 packets received, 6062 bps, 75.77%, Err 46 (9.8e-06)
591.136 .... 1748 packets received, 6068 bps, 75.85%, Err 46 (9.7e-06)
593.241 .... 1756 packets received, 6074 bps, 75.93%, Err 46 (9.7e-06)
595.358 .... 1764 packets received, 6080 bps, 76.00%, Err 46 (9.7e-06)
597.461 .... 1772 packets received, 6086 bps, 76.08%, Err 46 (9.6e-06)
599.579 .... 1780 packets received, 6092 bps, 76.15%, Err 46 (9.6e-06)
601.683 .... 1788 packets received, 6098 bps, 76.22%, Err 46 (9.6e-06)
605.118 .... 1791 packets received, 6073 bps, 75.92%, Err 48 (9.9e-06)
607.221 .... 1799 packets received, 6079 bps, 75.99%, Err 48 (9.9e-06)
609.353 .... 1807 packets received, 6085 bps, 76.06%, Err 48 (9.9e-06)
616.492 .... 1811 packets received, 6028 bps, 75.34%, Err 49 (1.0e-05)
618.609 .... 1819 packets received, 6033 bps, 75.42%, Err 49 (9.9e-06)
620.743 .... 1827 packets received, 6039 bps, 75.49%, Err 50 (1.0e-05)
622.848 .... 1835 packets received, 6045 bps, 75.56%, Err 50 (1.0e-05)
624.969 .... 1843 packets received, 6051 bps, 75.63%, Err 50 (1.0e-05)
627.073 .... 1851 packets received, 6057 bps, 75.71%, Err 50 (1.0e-05)
629.190 .... 1859 packets received, 6062 bps, 75.78%, Err 50 (9.9e-06)
631.291 .... 1867 packets received, 6068 bps, 75.85%, Err 50 (9.9e-06)
633.408 .... 1875 packets received, 6074 bps, 75.92%, Err 50 (9.9e-06)
637.373 .... 1880 packets received, 6052 bps, 75.65%, Err 51 (1.0e-05)
639.492 .... 1888 packets received, 6057 bps, 75.72%, Err 51 (1.0e-05)
641.597 .... 1896 packets received, 6063 bps, 75.79%, Err 51 (1.0e-05)
646.123 .... 1900 packets received, 6033 bps, 75.42%, Err 51 (9.9e-06)
648.241 .... 1908 packets received, 6039 bps, 75.49%, Err 51 (9.8e-06)
650.358 .... 1916 packets received, 6044 bps, 75.55%, Err 51 (9.8e-06)
652.444 .... 1924 packets received, 6050 bps, 75.63%, Err 51 (9.8e-06)
654.560 .... 1932 packets received, 6056 bps, 75.70%, Err 51 (9.8e-06)
656.676 .... 1940 packets received, 6061 bps, 75.76%, Err 51 (9.7e-06)
658.795 .... 1948 packets received, 6066 bps, 75.83%, Err 51 (9.7e-06)
660.898 .... 1956 packets received, 6072 bps, 75.90%, Err 51 (9.7e-06)
665.651 .... 1964 packets received, 6053 bps, 75.67%, Err 52 (9.8e-06)
667.756 .... 1972 packets received, 6059 bps, 75.73%, Err 52 (9.7e-06)
669.892 .... 1980 packets received, 6064 bps, 75.80%, Err 52 (9.7e-06)
674.388 .... 1984 packets received, 6036 bps, 75.44%, Err 52 (9.7e-06)
676.507 .... 1992 packets received, 6041 bps, 75.51%, Err 52 (9.6e-06)
681.264 .... 2000 packets received, 6023 bps, 75.28%, Err 53 (9.7e-06)
683.383 .... 2008 packets received, 6028 bps, 75.35%, Err 53 (9.7e-06)
685.485 .... 2016 packets received, 6033 bps, 75.42%, Err 53 (9.7e-06)
687.616 .... 2024 packets received, 6039 bps, 75.48%, Err 53 (9.6e-06)
689.731 .... 2032 packets received, 6044 bps, 75.55%, Err 53 (9.6e-06)
691.833 .... 2040 packets received, 6049 bps, 75.61%, Err 53 (9.6e-06)
693.934 .... 2048 packets received, 6054 bps, 75.68%, Err 53 (9.6e-06)
697.653 .... 2052 packets received, 6034 bps, 75.42%, Err 54 (9.7e-06)
699.755 .... 2060 packets received, 6039 bps, 75.49%, Err 54 (9.7e-06)
701.885 .... 2068 packets received, 6044 bps, 75.55%, Err 54 (9.6e-06)
705.305 .... 2071 packets received, 6024 bps, 75.29%, Err 57 (1.0e-05)
707.420 .... 2079 packets received, 6029 bps, 75.36%, Err 57 (1.0e-05)
709.528 .... 2087 packets received, 6034 bps, 75.42%, Err 57 (1.0e-05)
711.657 .... 2095 packets received, 6039 bps, 75.49%, Err 57 (1.0e-05)
713.760 .... 2103 packets received, 6044 bps, 75.55%, Err 58 (1.0e-05)
716.670 .... 2104 packets received, 6022 bps, 75.28%, Err 58 (1.0e-05)
718.787 .... 2112 packets received, 6027 bps, 75.34%, Err 58 (1.0e-05)
722.753 .... 2117 packets received, 6008 bps, 75.11%, Err 59 (1.0e-05)
724.870 .... 2125 packets received, 6014 bps, 75.17%, Err 59 (1.0e-05)
726.973 .... 2133 packets received, 6019 bps, 75.23%, Err 59 (1.0e-05)
729.093 .... 2141 packets received, 6024 bps, 75.30%, Err 59 (1.0e-05)
731.212 .... 2149 packets received, 6029 bps, 75.36%, Err 59 (1.0e-05)
735.163 .... 2154 packets received, 6010 bps, 75.13%, Err 60 (1.0e-05)
737.283 .... 2162 packets received, 6015 bps, 75.19%, Err 60 (1.0e-05)
739.372 .... 2170 packets received, 6020 bps, 75.25%, Err 60 (1.0e-05)
741.506 .... 2178 packets received, 6025 bps, 75.31%, Err 60 (1.0e-05)
743.609 .... 2186 packets received, 6030 bps, 75.37%, Err 60 (1.0e-05)
747.313 .... 2190 packets received, 6011 bps, 75.14%, Err 61 (1.0e-05)
749.416 .... 2198 packets received, 6016 bps, 75.20%, Err 61 (1.0e-05)
751.536 .... 2206 packets received, 6021 bps, 75.26%, Err 61 (1.0e-05)
753.639 .... 2214 packets received, 6026 bps, 75.32%, Err 61 (1.0e-05)
755.759 .... 2222 packets received, 6031 bps, 75.38%, Err 61 (1.0e-05)
757.862 .... 2230 packets received, 6036 bps, 75.44%, Err 61 (1.0e-05)
759.979 .... 2238 packets received, 6040 bps, 75.50%, Err 61 (1.0e-05)
762.098 .... 2246 packets received, 6045 bps, 75.56%, Err 61 (1.0e-05)
764.203 .... 2254 packets received, 6050 bps, 75.62%, Err 61 (1.0e-05)
766.323 .... 2262 packets received, 6054 bps, 75.68%, Err 61 (1.0e-05)
770.003 .... 2266 packets received, 6036 bps, 75.45%, Err 62 (1.0e-05)
772.123 .... 2274 packets received, 6041 bps, 75.51%, Err 62 (1.0e-05)
774.243 .... 2282 packets received, 6045 bps, 75.57%, Err 62 (1.0e-05)
776.347 .... 2290 packets received, 6050 bps, 75.63%, Err 62 (1.0e-05)
778.466 .... 2298 packets received, 6055 bps, 75.68%, Err 62 (1.0e-05)
782.944 .... 2305 packets received, 6038 bps, 75.48%, Err 63 (1.0e-05)
785.060 .... 2313 packets received, 6043 bps, 75.54%, Err 63 (1.0e-05)
787.175 .... 2321 packets received, 6048 bps, 75.59%, Err 63 (1.0e-05)
789.291 .... 2329 packets received, 6052 bps, 75.65%, Err 63 (1.0e-05)
793.492 .... 2335 packets received, 6035 bps, 75.44%, Err 63 (9.9e-06)
797.991 .... 2342 packets received, 6019 bps, 75.24%, Err 64 (1.0e-05)
800.094 .... 2350 packets received, 6024 bps, 75.30%, Err 64 (1.0e-05)
802.215 .... 2358 packets received, 6029 bps, 75.36%, Err 64 (1.0e-05)
804.333 .... 2366 packets received, 6033 bps, 75.41%, Err 64 (1.0e-05)
806.436 .... 2374 packets received, 6038 bps, 75.47%, Err 64 (9.9e-06)
808.570 .... 2382 packets received, 6042 bps, 75.53%, Err 64 (9.9e-06)
813.051 .... 2389 packets received, 6026 bps, 75.33%, Err 65 (1.0e-05)
815.185 .... 2397 packets received, 6031 bps, 75.38%, Err 65 (1.0e-05)
817.286 .... 2405 packets received, 6035 bps, 75.44%, Err 65 (1.0e-05)
819.370 .... 2413 packets received, 6040 bps, 75.50%, Err 65 (9.9e-06)
823.353 .... 2418 packets received, 6023 bps, 75.29%, Err 66 (1.0e-05)
825.470 .... 2426 packets received, 6027 bps, 75.34%, Err 66 (1.0e-05)
829.955 .... 2430 packets received, 6005 bps, 75.06%, Err 67 (1.0e-05)
832.089 .... 2438 packets received, 6009 bps, 75.11%, Err 67 (1.0e-05)
839.483 .... 2446 packets received, 5976 bps, 74.69%, Err 69 (1.0e-05)
841.609 .... 2454 packets received, 5980 bps, 74.75%, Err 69 (1.0e-05)
843.737 .... 2462 packets received, 5984 bps, 74.80%, Err 69 (1.0e-05)
845.830 .... 2470 packets received, 5989 bps, 74.86%, Err 70 (1.0e-05)
848.732 .... 2471 packets received, 5971 bps, 74.63%, Err 70 (1.0e-05)
850.867 .... 2479 packets received, 5975 bps, 74.69%, Err 70 (1.0e-05)
852.971 .... 2487 packets received, 5980 bps, 74.74%, Err 70 (1.0e-05)
855.079 .... 2495 packets received, 5984 bps, 74.80%, Err 70 (1.0e-05)
857.214 .... 2503 packets received, 5988 bps, 74.85%, Err 70 (1.0e-05)
859.320 .... 2511 packets received, 5993 bps, 74.91%, Err 70 (1.0e-05)
861.412 .... 2519 packets received, 5997 bps, 74.96%, Err 70 (1.0e-05)
863.550 .... 2527 packets received, 6001 bps, 75.01%, Err 70 (1.0e-05)
865.670 .... 2535 packets received, 6005 bps, 75.07%, Err 70 (1.0e-05)
867.773 .... 2543 packets received, 6010 bps, 75.12%, Err 70 (1.0e-05)
869.879 .... 2551 packets received, 6014 bps, 75.18%, Err 70 (1.0e-05)
874.375 .... 2558 packets received, 5999 bps, 74.99%, Err 70 (1.0e-05)
878.343 .... 2563 packets received, 5984 bps, 74.80%, Err 71 (1.0e-05)
880.462 .... 2571 packets received, 5988 bps, 74.85%, Err 71 (1.0e-05)
882.567 .... 2579 packets received, 5992 bps, 74.91%, Err 71 (1.0e-05)
885.748 .... 2581 packets received, 5976 bps, 74.69%, Err 71 (1.0e-05)
890.516 .... 2589 packets received, 5962 bps, 74.52%, Err 72 (1.0e-05)
892.621 .... 2597 packets received, 5966 bps, 74.58%, Err 72 (1.0e-05)
894.741 .... 2605 packets received, 5970 bps, 74.63%, Err 72 (1.0e-05)
896.849 .... 2613 packets received, 5975 bps, 74.68%, Err 72 (1.0e-05)
898.951 .... 2621 packets received, 5979 bps, 74.74%, Err 72 (1.0e-05)
901.082 .... 2629 packets received, 5983 bps, 74.79%, Err 72 (1.0e-05)
904.256 .... 2631 packets received, 5967 bps, 74.58%, Err 72 (1.0e-05)
908.999 .... 2639 packets received, 5953 bps, 74.42%, Err 73 (1.0e-05)
911.100 .... 2647 packets received, 5958 bps, 74.47%, Err 73 (1.0e-05)
913.233 .... 2655 packets received, 5962 bps, 74.52%, Err 73 (1.0e-05)
915.333 .... 2663 packets received, 5966 bps, 74.57%, Err 73 (1.0e-05)
917.448 .... 2671 packets received, 5970 bps, 74.63%, Err 73 (1.0e-05)
919.565 .... 2679 packets received, 5974 bps, 74.68%, Err 73 (9.9e-06)
921.672 .... 2687 packets received, 5978 bps, 74.73%, Err 73 (9.9e-06)
923.790 .... 2695 packets received, 5982 bps, 74.78%, Err 73 (9.9e-06)
925.890 .... 2703 packets received, 5986 bps, 74.83%, Err 73 (9.9e-06)
928.005 .... 2711 packets received, 5990 bps, 74.88%, Err 73 (9.8e-06)
930.134 .... 2719 packets received, 5994 bps, 74.93%, Err 73 (9.8e-06)
934.335 .... 2725 packets received, 5980 bps, 74.76%, Err 75 (1.0e-05)
936.452 .... 2733 packets received, 5984 bps, 74.81%, Err 75 (1.0e-05)
938.572 .... 2741 packets received, 5988 bps, 74.86%, Err 75 (1.0e-05)
940.672 .... 2749 packets received, 5992 bps, 74.91%, Err 75 (1.0e-05)
944.101 .... 2752 packets received, 5977 bps, 74.71%, Err 75 (9.9e-06)
946.231 .... 2760 packets received, 5981 bps, 74.76%, Err 76 (1.0e-05)
948.335 .... 2768 packets received, 5985 bps, 74.81%, Err 76 (1.0e-05)
950.453 .... 2776 packets received, 5989 bps, 74.86%, Err 76 (1.0e-05)
952.553 .... 2784 packets received, 5993 bps, 74.91%, Err 76 (1.0e-05)
954.651 .... 2792 packets received, 5997 bps, 74.96%, Err 76 (1.0e-05)
956.784 .... 2800 packets received, 6001 bps, 75.01%, Err 76 (9.9e-06)
958.903 .... 2808 packets received, 6005 bps, 75.06%, Err 76 (9.9e-06)
961.002 .... 2816 packets received, 6008 bps, 75.11%, Err 76 (9.9e-06)
964.442 .... 2819 packets received, 5993 bps, 74.92%, Err 78 (1.0e-05)
966.545 .... 2827 packets received, 5997 bps, 74.97%, Err 78 (1.0e-05)
968.679 .... 2835 packets received, 6001 bps, 75.01%, Err 78 (1.0e-05)
970.780 .... 2843 packets received, 6005 bps, 75.06%, Err 78 (1.0e-05)
972.894 .... 2851 packets received, 6009 bps, 75.11%, Err 78 (1.0e-05)
975.012 .... 2859 packets received, 6012 bps, 75.16%, Err 79 (1.0e-05)
977.117 .... 2867 packets received, 6016 bps, 75.20%, Err 79 (1.0e-05)
979.234 .... 2875 packets received, 6020 bps, 75.25%, Err 79 (1.0e-05)
981.325 .... 2883 packets received, 6024 bps, 75.30%, Err 79 (1.0e-05)
985.292 .... 2888 packets received, 6010 bps, 75.13%, Err 79 (1.0e-05)
987.411 .... 2896 packets received, 6014 bps, 75.17%, Err 79 (1.0e-05)
989.529 .... 2904 packets received, 6017 bps, 75.22%, Err 79 (1.0e-05)
991.647 .... 2912 packets received, 6021 bps, 75.26%, Err 79 (1.0e-05)
993.752 .... 2920 packets received, 6025 bps, 75.31%, Err 79 (9.9e-06)
995.862 .... 2928 packets received, 6029 bps, 75.36%, Err 79 (9.9e-06)
997.981 .... 2936 packets received, 6032 bps, 75.40%, Err 79 (9.9e-06)
1000.104 .... 2944 packets received, 6036 bps, 75.45%, Err 79 (9.9e-06)
1002.192 .... 2952 packets received, 6039 bps, 75.49%, Err 79 (9.9e-06)
1004.309 .... 2960 packets received, 6043 bps, 75.54%, Err 79 (9.8e-06)
1008.273 .... 2965 packets received, 6029 bps, 75.37%, Err 79 (9.8e-06)
1012.505 .... 2971 packets received, 6016 bps, 75.20%, Err 81 (1.0e-05)
1014.636 .... 2979 packets received, 6020 bps, 75.25%, Err 81 (1.0e-05)
1017.814 .... 2981 packets received, 6005 bps, 75.06%, Err 81 (1.0e-05)
1019.919 .... 2989 packets received, 6009 bps, 75.11%, Err 81 (9.9e-06)
1023.083 .... 2991 packets received, 5994 bps, 74.93%, Err 82 (1.0e-05)
1025.193 .... 2999 packets received, 5998 bps, 74.97%, Err 82 (1.0e-05)
1028.371 .... 3001 packets received, 5983 bps, 74.79%, Err 83 (1.0e-05)
1030.510 .... 3009 packets received, 5987 bps, 74.83%, Err 83 (1.0e-05)
1032.631 .... 3017 packets received, 5990 bps, 74.88%, Err 83 (1.0e-05)
1034.725 .... 3025 packets received, 5994 bps, 74.93%, Err 83 (1.0e-05)
1036.842 .... 3033 packets received, 5998 bps, 74.97%, Err 83 (1.0e-05)
1038.957 .... 3041 packets received, 6001 bps, 75.01%, Err 83 (1.0e-05)
1041.062 .... 3049 packets received, 6005 bps, 75.06%, Err 83 (1.0e-05)
1043.171 .... 3057 packets received, 6008 bps, 75.10%, Err 83 (1.0e-05)
1045.310 .... 3065 packets received, 6012 bps, 75.15%, Err 83 (9.9e-06)
1049.804 .... 3072 packets received, 6000 bps, 75.00%, Err 84 (1.0e-05)
1051.897 .... 3080 packets received, 6003 bps, 75.04%, Err 84 (1.0e-05)
1054.013 .... 3088 packets received, 6007 bps, 75.08%, Err 84 (1.0e-05)
1057.192 .... 3090 packets received, 5993 bps, 74.91%, Err 86 (1.0e-05)
1061.168 .... 3095 packets received, 5980 bps, 74.75%, Err 88 (1.0e-05)
1064.334 .... 3096 packets received, 5964 bps, 74.55%, Err 89 (1.0e-05)
1069.858 .... 3104 packets received, 5948 bps, 74.35%, Err 91 (1.1e-05)
1071.998 .... 3112 packets received, 5952 bps, 74.40%, Err 91 (1.1e-05)
1074.124 .... 3120 packets received, 5955 bps, 74.44%, Err 91 (1.1e-05)
1076.221 .... 3128 packets received, 5959 bps, 74.49%, Err 91 (1.1e-05)
1078.319 .... 3136 packets received, 5963 bps, 74.53%, Err 91 (1.1e-05)
1080.458 .... 3144 packets received, 5966 bps, 74.57%, Err 91 (1.1e-05)
1082.567 .... 3152 packets received, 5969 bps, 74.62%, Err 91 (1.1e-05)
1084.682 .... 3160 packets received, 5973 bps, 74.66%, Err 91 (1.0e-05)
1086.776 .... 3168 packets received, 5976 bps, 74.71%, Err 91 (1.0e-05)
1090.482 .... 3172 packets received, 5964 bps, 74.55%, Err 91 (1.0e-05)
1092.610 .... 3180 packets received, 5967 bps, 74.59%, Err 91 (1.0e-05)
1096.061 .... 3183 packets received, 5954 bps, 74.42%, Err 91 (1.0e-05)
1098.166 .... 3191 packets received, 5957 bps, 74.47%, Err 92 (1.0e-05)
1101.082 .... 3192 packets received, 5943 bps, 74.29%, Err 92 (1.0e-05)
1103.187 .... 3200 packets received, 5947 bps, 74.34%, Err 92 (1.0e-05)
1105.320 .... 3208 packets received, 5950 bps, 74.38%, Err 92 (1.0e-05)
1109.293 .... 3212 packets received, 5936 bps, 74.20%, Err 92 (1.0e-05)
1111.408 .... 3220 packets received, 5940 bps, 74.25%, Err 92 (1.0e-05)
1113.494 .... 3228 packets received, 5943 bps, 74.29%, Err 92 (1.0e-05)
1115.626 .... 3236 packets received, 5947 bps, 74.33%, Err 92 (1.0e-05)
1117.742 .... 3244 packets received, 5950 bps, 74.38%, Err 92 (1.0e-05)
1119.827 .... 3252 packets received, 5954 bps, 74.42%, Err 92 (1.0e-05)
1121.948 .... 3260 packets received, 5957 bps, 74.46%, Err 92 (1.0e-05)
1125.378 .... 3263 packets received, 5944 bps, 74.30%, Err 94 (1.0e-05)
1130.658 .... 3271 packets received, 5931 bps, 74.14%, Err 96 (1.1e-05)
1132.782 .... 3279 packets received, 5934 bps, 74.18%, Err 96 (1.1e-05)
1134.899 .... 3287 packets received, 5938 bps, 74.22%, Err 96 (1.1e-05)
1137.000 .... 3295 packets received, 5941 bps, 74.26%, Err 96 (1.1e-05)
1140.449 .... 3298 packets received, 5929 bps, 74.11%, Err 96 (1.1e-05)
1144.395 ....