000.000 =============================================================
000.000                     Station B                               
000.000 -------------------------------------------------------------
000.000 Protocol.lib, version 4.0, jiangyanjun0718@bupt.edu.cn
000.000 Channel: 8000 bps, 270 ms propagation delay, bit error rate 1.0E-05
000.000 Log file "b1200.log", TCP port 59144, debug mask 0x00
000.000 Station B is connecting station A (TCP port 59144) ... Done.
000.567 New epoch: Sun Apr  9 14:55:35 2023
000.567 =================================================================
000.567 
000.567 Designed by Li Ruobin, build: Apr  9 2023  14:55:21
002.971 .... 8 packets received, 7696 bps, 96.20%, Err 0 (0.0e+00)
007.180 .... 14 packets received, 4524 bps, 56.55%, Err 2 (3.8e-05)
009.295 .... 22 packets received, 5330 bps, 66.63%, Err 2 (2.9e-05)
011.403 .... 30 packets received, 5818 bps, 72.72%, Err 2 (2.3e-05)
013.512 .... 38 packets received, 6142 bps, 76.78%, Err 2 (1.9e-05)
015.634 .... 46 packets received, 6369 bps, 79.61%, Err 2 (1.7e-05)
017.764 .... 54 packets received, 6535 bps, 81.69%, Err 2 (1.5e-05)
019.850 .... 62 packets received, 6680 bps, 83.50%, Err 2 (1.3e-05)
021.967 .... 70 packets received, 6786 bps, 84.83%, Err 2 (1.2e-05)
024.083 .... 78 packets received, 6873 bps, 85.92%, Err 2 (1.1e-05)
026.193 .... 86 packets received, 6948 bps, 86.84%, Err 2 (9.8e-06)
028.298 .... 94 packets received, 7012 bps, 87.65%, Err 3 (1.4e-05)
031.221 .... 95 packets received, 6404 bps, 80.06%, Err 4 (1.6e-05)
033.322 .... 103 packets received, 6495 bps, 81.18%, Err 4 (1.5e-05)
035.445 .... 111 packets received, 6570 bps, 82.12%, Err 4 (1.4e-05)
037.569 .... 119 packets received, 6636 bps, 82.95%, Err 4 (1.4e-05)
039.675 .... 127 packets received, 6698 bps, 83.72%, Err 4 (1.3e-05)
041.785 .... 135 packets received, 6753 bps, 84.41%, Err 4 (1.2e-05)
043.910 .... 143 packets received, 6800 bps, 85.00%, Err 5 (1.4e-05)
046.807 .... 144 packets received, 6416 bps, 80.20%, Err 5 (1.4e-05)
048.913 .... 152 packets received, 6476 bps, 80.95%, Err 5 (1.3e-05)
051.031 .... 160 packets received, 6529 bps, 81.61%, Err 5 (1.2e-05)
053.165 .... 168 packets received, 6576 bps, 82.20%, Err 5 (1.2e-05)
055.264 .... 176 packets received, 6623 bps, 82.79%, Err 5 (1.1e-05)
058.975 .... 180 packets received, 6341 bps, 79.27%, Err 5 (1.1e-05)
061.075 .... 188 packets received, 6392 bps, 79.90%, Err 5 (1.0e-05)
063.210 .... 196 packets received, 6436 bps, 80.45%, Err 5 (1.0e-05)
065.324 .... 204 packets received, 6479 bps, 80.99%, Err 5 (9.7e-06)
067.426 .... 212 packets received, 6521 bps, 81.51%, Err 5 (9.4e-06)
070.856 .... 215 packets received, 6289 bps, 78.61%, Err 6 (1.1e-05)
072.993 .... 223 packets received, 6330 bps, 79.12%, Err 6 (1.0e-05)
075.080 .... 231 packets received, 6373 bps, 79.66%, Err 6 (1.0e-05)
077.211 .... 239 packets received, 6409 bps, 80.12%, Err 6 (9.8e-06)
079.331 .... 247 packets received, 6445 bps, 80.56%, Err 6 (9.5e-06)
081.420 .... 255 packets received, 6481 bps, 81.01%, Err 6 (9.3e-06)
083.527 .... 263 packets received, 6514 bps, 81.43%, Err 6 (9.0e-06)
085.663 .... 271 packets received, 6543 bps, 81.79%, Err 6 (8.8e-06)
088.821 .... 273 packets received, 6355 bps, 79.44%, Err 7 (9.9e-06)
090.941 .... 281 packets received, 6387 bps, 79.84%, Err 7 (9.7e-06)
093.061 .... 289 packets received, 6418 bps, 80.23%, Err 7 (9.5e-06)
097.018 .... 294 packets received, 6261 bps, 78.26%, Err 8 (1.0e-05)
099.154 .... 302 packets received, 6291 bps, 78.64%, Err 8 (1.0e-05)
101.256 .... 310 packets received, 6323 bps, 79.03%, Err 8 (9.9e-06)
103.378 .... 318 packets received, 6352 bps, 79.39%, Err 8 (9.7e-06)
105.495 .... 326 packets received, 6380 bps, 79.75%, Err 8 (9.5e-06)
107.600 .... 334 packets received, 6407 bps, 80.09%, Err 8 (9.3e-06)
111.818 .... 340 packets received, 6275 bps, 78.43%, Err 9 (1.0e-05)
113.934 .... 348 packets received, 6302 bps, 78.77%, Err 9 (9.9e-06)
116.055 .... 356 packets received, 6328 bps, 79.10%, Err 9 (9.7e-06)
119.753 .... 360 packets received, 6200 bps, 77.50%, Err 10 (1.0e-05)
121.860 .... 368 packets received, 6228 bps, 77.85%, Err 10 (1.0e-05)
123.976 .... 376 packets received, 6254 bps, 78.17%, Err 10 (1.0e-05)
126.091 .... 384 packets received, 6279 bps, 78.49%, Err 10 (1.0e-05)
132.691 .... 388 packets received, 6027 bps, 75.33%, Err 12 (1.1e-05)
134.776 .... 396 packets received, 6055 bps, 75.69%, Err 12 (1.1e-05)
136.911 .... 404 packets received, 6081 bps, 76.01%, Err 13 (1.2e-05)
139.814 .... 405 packets received, 5968 bps, 74.60%, Err 13 (1.2e-05)
141.932 .... 413 packets received, 5995 bps, 74.94%, Err 13 (1.1e-05)
144.050 .... 421 packets received, 6021 bps, 75.26%, Err 13 (1.1e-05)
146.160 .... 429 packets received, 6046 bps, 75.57%, Err 13 (1.1e-05)
148.274 .... 437 packets received, 6070 bps, 75.88%, Err 13 (1.1e-05)
150.378 .... 445 packets received, 6095 bps, 76.18%, Err 14 (1.2e-05)
153.285 .... 446 packets received, 5992 bps, 74.90%, Err 15 (1.2e-05)
155.390 .... 454 packets received, 6016 bps, 75.20%, Err 15 (1.2e-05)
157.521 .... 462 packets received, 6039 bps, 75.49%, Err 15 (1.2e-05)
159.625 .... 470 packets received, 6062 bps, 75.78%, Err 15 (1.2e-05)
161.741 .... 478 packets received, 6084 bps, 76.05%, Err 15 (1.2e-05)
166.239 .... 485 packets received, 6005 bps, 75.07%, Err 16 (1.2e-05)
168.327 .... 493 packets received, 6028 bps, 75.35%, Err 16 (1.2e-05)
170.475 .... 501 packets received, 6049 bps, 75.61%, Err 16 (1.2e-05)
172.576 .... 509 packets received, 6070 bps, 75.88%, Err 16 (1.2e-05)
174.693 .... 517 packets received, 6090 bps, 76.13%, Err 16 (1.1e-05)
178.653 .... 522 packets received, 6012 bps, 75.15%, Err 17 (1.2e-05)
180.769 .... 530 packets received, 6033 bps, 75.41%, Err 17 (1.2e-05)
182.885 .... 538 packets received, 6053 bps, 75.66%, Err 17 (1.2e-05)
185.002 .... 546 packets received, 6072 bps, 75.90%, Err 17 (1.2e-05)
187.087 .... 554 packets received, 6092 bps, 76.15%, Err 17 (1.1e-05)
189.218 .... 562 packets received, 6110 bps, 76.37%, Err 17 (1.1e-05)
191.334 .... 570 packets received, 6128 bps, 76.60%, Err 17 (1.1e-05)
193.449 .... 578 packets received, 6146 bps, 76.82%, Err 17 (1.1e-05)
195.547 .... 586 packets received, 6164 bps, 77.05%, Err 17 (1.1e-05)
197.661 .... 594 packets received, 6181 bps, 77.26%, Err 17 (1.1e-05)
199.778 .... 602 packets received, 6197 bps, 77.47%, Err 17 (1.1e-05)
201.880 .... 610 packets received, 6214 bps, 77.68%, Err 17 (1.1e-05)
203.982 .... 618 packets received, 6231 bps, 77.88%, Err 17 (1.0e-05)
206.117 .... 626 packets received, 6246 bps, 78.07%, Err 17 (1.0e-05)
208.219 .... 634 packets received, 6261 bps, 78.27%, Err 17 (1.0e-05)
210.339 .... 642 packets received, 6276 bps, 78.45%, Err 17 (1.0e-05)
212.458 .... 650 packets received, 6291 bps, 78.63%, Err 18 (1.1e-05)
216.390 .... 655 packets received, 6223 bps, 77.79%, Err 19 (1.1e-05)
218.508 .... 663 packets received, 6238 bps, 77.98%, Err 19 (1.1e-05)
220.626 .... 671 packets received, 6253 bps, 78.16%, Err 19 (1.1e-05)
222.746 .... 679 packets received, 6267 bps, 78.33%, Err 19 (1.1e-05)
224.840 .... 687 packets received, 6281 bps, 78.51%, Err 19 (1.1e-05)
226.976 .... 695 packets received, 6294 bps, 78.68%, Err 19 (1.0e-05)
229.084 .... 703 packets received, 6308 bps, 78.85%, Err 19 (1.0e-05)
231.177 .... 711 packets received, 6322 bps, 79.02%, Err 19 (1.0e-05)
233.289 .... 719 packets received, 6335 bps, 79.19%, Err 19 (1.0e-05)
235.417 .... 727 packets received, 6347 bps, 79.34%, Err 19 (1.0e-05)
237.528 .... 735 packets received, 6360 bps, 79.50%, Err 19 (1.0e-05)
239.624 .... 743 packets received, 6373 bps, 79.66%, Err 19 (9.9e-06)
242.560 .... 744 packets received, 6304 bps, 78.80%, Err 20 (1.0e-05)
244.651 .... 752 packets received, 6317 bps, 78.96%, Err 20 (1.0e-05)
246.770 .... 760 packets received, 6329 bps, 79.11%, Err 20 (1.0e-05)
248.897 .... 768 packets received, 6341 bps, 79.26%, Err 20 (1.0e-05)
251.005 .... 776 packets received, 6353 bps, 79.41%, Err 20 (1.0e-05)
253.906 .... 777 packets received, 6288 bps, 78.60%, Err 20 (9.9e-06)
257.888 .... 782 packets received, 6231 bps, 77.88%, Err 21 (1.0e-05)
259.992 .... 790 packets received, 6243 bps, 78.04%, Err 21 (1.0e-05)
262.128 .... 798 packets received, 6255 bps, 78.19%, Err 21 (1.0e-05)
264.219 .... 806 packets received, 6267 bps, 78.34%, Err 21 (1.0e-05)
266.342 .... 814 packets received, 6279 bps, 78.49%, Err 21 (9.9e-06)
268.461 .... 822 packets received, 6290 bps, 78.63%, Err 21 (9.8e-06)
270.549 .... 830 packets received, 6303 bps, 78.78%, Err 21 (9.7e-06)
272.664 .... 838 packets received, 6314 bps, 78.92%, Err 21 (9.6e-06)
274.799 .... 846 packets received, 6324 bps, 79.05%, Err 21 (9.6e-06)
276.888 .... 854 packets received, 6336 bps, 79.20%, Err 21 (9.5e-06)
278.999 .... 862 packets received, 6347 bps, 79.33%, Err 21 (9.4e-06)
281.132 .... 870 packets received, 6357 bps, 79.46%, Err 21 (9.4e-06)
283.224 .... 878 packets received, 6368 bps, 79.60%, Err 21 (9.3e-06)
286.126 .... 879 packets received, 6310 bps, 78.88%, Err 21 (9.2e-06)
288.255 .... 887 packets received, 6320 bps, 79.01%, Err 21 (9.1e-06)
290.363 .... 895 packets received, 6331 bps, 79.14%, Err 21 (9.1e-06)
292.470 .... 903 packets received, 6341 bps, 79.27%, Err 21 (9.0e-06)
294.582 .... 911 packets received, 6352 bps, 79.40%, Err 21 (8.9e-06)
296.706 .... 919 packets received, 6361 bps, 79.52%, Err 21 (8.9e-06)
300.670 .... 924 packets received, 6311 bps, 78.89%, Err 22 (9.2e-06)
302.780 .... 932 packets received, 6322 bps, 79.02%, Err 22 (9.1e-06)
306.760 .... 936 packets received, 6266 bps, 78.33%, Err 22 (9.0e-06)
308.865 .... 944 packets received, 6277 bps, 78.46%, Err 22 (8.9e-06)
310.979 .... 952 packets received, 6287 bps, 78.58%, Err 22 (8.9e-06)
313.086 .... 960 packets received, 6297 bps, 78.71%, Err 22 (8.8e-06)
317.305 .... 966 packets received, 6251 bps, 78.14%, Err 23 (9.1e-06)
319.404 .... 974 packets received, 6262 bps, 78.27%, Err 23 (9.0e-06)
321.543 .... 982 packets received, 6271 bps, 78.39%, Err 23 (9.0e-06)
323.653 .... 990 packets received, 6281 bps, 78.51%, Err 23 (8.9e-06)
325.779 .... 998 packets received, 6290 bps, 78.63%, Err 23 (8.8e-06)
330.253 .... 1005 packets received, 6248 bps, 78.10%, Err 24 (9.1e-06)
332.374 .... 1013 packets received, 6258 bps, 78.22%, Err 24 (9.0e-06)
336.326 .... 1018 packets received, 6214 bps, 77.68%, Err 25 (9.3e-06)
341.606 .... 1023 packets received, 6148 bps, 76.85%, Err 26 (9.5e-06)
343.729 .... 1031 packets received, 6158 bps, 76.97%, Err 26 (9.5e-06)
348.212 .... 1037 packets received, 6114 bps, 76.42%, Err 27 (9.7e-06)
350.334 .... 1045 packets received, 6124 bps, 76.55%, Err 27 (9.7e-06)
354.818 .... 1052 packets received, 6087 bps, 76.08%, Err 29 (1.0e-05)
356.924 .... 1060 packets received, 6097 bps, 76.21%, Err 29 (1.0e-05)
359.046 .... 1068 packets received, 6106 bps, 76.33%, Err 29 (1.0e-05)
361.147 .... 1076 packets received, 6116 bps, 76.45%, Err 29 (1.0e-05)
363.269 .... 1084 packets received, 6125 bps, 76.57%, Err 29 (1.0e-05)
365.376 .... 1092 packets received, 6135 bps, 76.69%, Err 29 (9.9e-06)
367.483 .... 1100 packets received, 6144 bps, 76.81%, Err 29 (9.9e-06)
369.606 .... 1108 packets received, 6153 bps, 76.92%, Err 29 (9.8e-06)
371.714 .... 1116 packets received, 6163 bps, 77.03%, Err 29 (9.8e-06)
373.822 .... 1124 packets received, 6172 bps, 77.15%, Err 29 (9.7e-06)
375.930 .... 1132 packets received, 6181 bps, 77.26%, Err 29 (9.7e-06)
380.683 .... 1140 packets received, 6147 bps, 76.83%, Err 30 (9.9e-06)
385.433 .... 1144 packets received, 6092 bps, 76.15%, Err 31 (1.0e-05)
387.553 .... 1152 packets received, 6101 bps, 76.26%, Err 31 (1.0e-05)
389.665 .... 1160 packets received, 6110 bps, 76.37%, Err 31 (1.0e-05)
391.778 .... 1168 packets received, 6119 bps, 76.49%, Err 31 (9.9e-06)
395.216 .... 1171 packets received, 6081 bps, 76.01%, Err 32 (1.0e-05)
400.506 .... 1176 packets received, 6026 bps, 75.33%, Err 33 (1.0e-05)
402.608 .... 1184 packets received, 6035 bps, 75.44%, Err 33 (1.0e-05)
404.730 .... 1192 packets received, 6044 bps, 75.55%, Err 33 (1.0e-05)
406.836 .... 1200 packets received, 6053 bps, 75.67%, Err 33 (1.0e-05)
408.954 .... 1208 packets received, 6062 bps, 75.78%, Err 33 (1.0e-05)
411.059 .... 1216 packets received, 6071 bps, 75.89%, Err 33 (1.0e-05)
413.195 .... 1224 packets received, 6079 bps, 75.99%, Err 33 (1.0e-05)
415.301 .... 1232 packets received, 6088 bps, 76.10%, Err 33 (9.9e-06)
418.194 .... 1233 packets received, 6050 bps, 75.63%, Err 33 (9.9e-06)
420.327 .... 1241 packets received, 6059 bps, 75.73%, Err 33 (9.8e-06)
422.419 .... 1249 packets received, 6068 bps, 75.84%, Err 33 (9.8e-06)
424.524 .... 1257 packets received, 6076 bps, 75.95%, Err 33 (9.7e-06)
426.655 .... 1265 packets received, 6084 bps, 76.05%, Err 33 (9.7e-06)
430.351 .... 1269 packets received, 6051 bps, 75.64%, Err 34 (9.9e-06)
432.471 .... 1277 packets received, 6059 bps, 75.74%, Err 34 (9.8e-06)
434.575 .... 1285 packets received, 6068 bps, 75.84%, Err 34 (9.8e-06)
436.695 .... 1293 packets received, 6076 bps, 75.94%, Err 34 (9.7e-06)
438.818 .... 1301 packets received, 6084 bps, 76.04%, Err 34 (9.7e-06)
440.907 .... 1309 packets received, 6092 bps, 76.15%, Err 34 (9.7e-06)
443.020 .... 1317 packets received, 6100 bps, 76.25%, Err 34 (9.6e-06)
445.155 .... 1325 packets received, 6107 bps, 76.34%, Err 34 (9.6e-06)
447.272 .... 1333 packets received, 6115 bps, 76.44%, Err 34 (9.5e-06)
449.376 .... 1341 packets received, 6123 bps, 76.54%, Err 34 (9.5e-06)
451.479 .... 1349 packets received, 6131 bps, 76.63%, Err 34 (9.4e-06)
453.597 .... 1357 packets received, 6138 bps, 76.73%, Err 34 (9.4e-06)
455.716 .... 1365 packets received, 6146 bps, 76.82%, Err 34 (9.3e-06)
460.189 .... 1372 packets received, 6117 bps, 76.46%, Err 37 (1.0e-05)
462.316 .... 1380 packets received, 6124 bps, 76.55%, Err 37 (1.0e-05)
465.474 .... 1382 packets received, 6092 bps, 76.14%, Err 38 (1.0e-05)
467.610 .... 1390 packets received, 6099 bps, 76.23%, Err 38 (1.0e-05)
469.713 .... 1398 packets received, 6106 bps, 76.33%, Err 38 (1.0e-05)
471.833 .... 1406 packets received, 6114 bps, 76.42%, Err 38 (1.0e-05)
475.527 .... 1410 packets received, 6083 bps, 76.04%, Err 39 (1.0e-05)
477.633 .... 1418 packets received, 6091 bps, 76.14%, Err 39 (1.0e-05)
479.768 .... 1426 packets received, 6098 bps, 76.22%, Err 39 (1.0e-05)
481.867 .... 1434 packets received, 6105 bps, 76.32%, Err 39 (1.0e-05)
489.266 .... 1442 packets received, 6046 bps, 75.58%, Err 41 (1.0e-05)
491.375 .... 1450 packets received, 6054 bps, 75.67%, Err 41 (1.0e-05)
493.495 .... 1458 packets received, 6061 bps, 75.76%, Err 41 (1.0e-05)
495.613 .... 1466 packets received, 6068 bps, 75.85%, Err 41 (1.0e-05)
499.076 .... 1469 packets received, 6038 bps, 75.48%, Err 41 (1.0e-05)
501.161 .... 1477 packets received, 6046 bps, 75.57%, Err 41 (1.0e-05)
505.675 .... 1484 packets received, 6020 bps, 75.25%, Err 41 (1.0e-05)
507.793 .... 1492 packets received, 6027 bps, 75.34%, Err 41 (1.0e-05)
509.907 .... 1500 packets received, 6035 bps, 75.43%, Err 41 (1.0e-05)
513.594 .... 1504 packets received, 6007 bps, 75.09%, Err 42 (1.0e-05)
517.834 .... 1507 packets received, 5970 bps, 74.62%, Err 43 (1.0e-05)
519.946 .... 1515 packets received, 5977 bps, 74.71%, Err 43 (1.0e-05)
524.172 .... 1521 packets received, 5952 bps, 74.40%, Err 44 (1.1e-05)
526.272 .... 1529 packets received, 5960 bps, 74.50%, Err 44 (1.0e-05)
528.391 .... 1537 packets received, 5967 bps, 74.58%, Err 44 (1.0e-05)
530.505 .... 1545 packets received, 5974 bps, 74.67%, Err 44 (1.0e-05)
532.606 .... 1553 packets received, 5981 bps, 74.76%, Err 44 (1.0e-05)
534.720 .... 1561 packets received, 5988 bps, 74.85%, Err 44 (1.0e-05)
536.838 .... 1569 packets received, 5995 bps, 74.94%, Err 44 (1.0e-05)
538.956 .... 1577 packets received, 6002 bps, 75.02%, Err 44 (1.0e-05)
541.057 .... 1585 packets received, 6009 bps, 75.11%, Err 44 (1.0e-05)
543.176 .... 1593 packets received, 6016 bps, 75.19%, Err 44 (1.0e-05)
545.279 .... 1601 packets received, 6022 bps, 75.28%, Err 44 (1.0e-05)
547.396 .... 1609 packets received, 6029 bps, 75.36%, Err 44 (1.0e-05)
549.516 .... 1617 packets received, 6036 bps, 75.45%, Err 44 (1.0e-05)
551.617 .... 1625 packets received, 6042 bps, 75.53%, Err 44 (1.0e-05)
553.719 .... 1633 packets received, 6049 bps, 75.61%, Err 44 (9.9e-06)
555.853 .... 1641 packets received, 6055 bps, 75.69%, Err 44 (9.9e-06)
557.940 .... 1649 packets received, 6062 bps, 75.78%, Err 44 (9.9e-06)
560.068 .... 1657 packets received, 6068 bps, 75.85%, Err 44 (9.8e-06)
562.168 .... 1665 packets received, 6075 bps, 75.93%, Err 44 (9.8e-06)
564.286 .... 1673 packets received, 6081 bps, 76.01%, Err 44 (9.8e-06)
567.730 .... 1676 packets received, 6055 bps, 75.69%, Err 45 (9.9e-06)
569.845 .... 1684 packets received, 6061 bps, 75.76%, Err 45 (9.9e-06)
571.947 .... 1692 packets received, 6068 bps, 75.84%, Err 45 (9.8e-06)
574.063 .... 1700 packets received, 6074 bps, 75.92%, Err 45 (9.8e-06)
576.166 .... 1708 packets received, 6080 bps, 76.00%, Err 45 (9.8e-06)
578.286 .... 1716 packets received, 6086 bps, 76.08%, Err 45 (9.7e-06)
580.403 .... 1724 packets received, 6092 bps, 76.15%, Err 46 (9.9e-06)
582.502 .... 1732 packets received, 6098 bps, 76.23%, Err 46 (9.9e-06)
584.620 .... 1740 packets received, 6104 bps, 76.30%, Err 46 (9.8e-06)
586.719 .... 1748 packets received, 6110 bps, 76.38%, Err 46 (9.8e-06)
588.851 .... 1756 packets received, 6116 bps, 76.45%, Err 46 (9.8e-06)
590.955 .... 1764 packets received, 6122 bps, 76.53%, Err 46 (9.7e-06)
593.067 .... 1772 packets received, 6128 bps, 76.60%, Err 46 (9.7e-06)
595.184 .... 1780 packets received, 6134 bps, 76.67%, Err 46 (9.7e-06)
597.288 .... 1788 packets received, 6139 bps, 76.74%, Err 46 (9.6e-06)
599.410 .... 1796 packets received, 6145 bps, 76.81%, Err 47 (9.8e-06)
602.314 .... 1797 packets received, 6119 bps, 76.48%, Err 47 (9.8e-06)
604.417 .... 1805 packets received, 6125 bps, 76.56%, Err 47 (9.7e-06)
606.552 .... 1813 packets received, 6130 bps, 76.63%, Err 47 (9.7e-06)
608.671 .... 1821 packets received, 6136 bps, 76.70%, Err 47 (9.7e-06)
610.776 .... 1829 packets received, 6141 bps, 76.77%, Err 47 (9.6e-06)
612.881 .... 1837 packets received, 6147 bps, 76.84%, Err 47 (9.6e-06)
615.001 .... 1845 packets received, 6152 bps, 76.91%, Err 47 (9.6e-06)
620.808 .... 1847 packets received, 6101 bps, 76.27%, Err 49 (9.9e-06)
625.572 .... 1851 packets received, 6068 bps, 75.85%, Err 50 (1.0e-05)
627.704 .... 1859 packets received, 6073 bps, 75.92%, Err 50 (1.0e-05)
629.823 .... 1867 packets received, 6079 bps, 75.99%, Err 50 (9.9e-06)
631.925 .... 1875 packets received, 6085 bps, 76.06%, Err 50 (9.9e-06)
634.028 .... 1883 packets received, 6090 bps, 76.13%, Err 51 (1.0e-05)
636.145 .... 1891 packets received, 6096 bps, 76.20%, Err 51 (1.0e-05)
640.381 .... 1897 packets received, 6075 bps, 75.93%, Err 52 (1.0e-05)
643.267 .... 1898 packets received, 6051 bps, 75.63%, Err 52 (1.0e-05)
645.397 .... 1906 packets received, 6056 bps, 75.70%, Err 52 (1.0e-05)
647.516 .... 1914 packets received, 6062 bps, 75.77%, Err 52 (1.0e-05)
649.627 .... 1922 packets received, 6067 bps, 75.84%, Err 52 (1.0e-05)
653.871 .... 1928 packets received, 6047 bps, 75.58%, Err 52 (9.9e-06)
655.972 .... 1936 packets received, 6052 bps, 75.65%, Err 52 (9.9e-06)
658.094 .... 1944 packets received, 6058 bps, 75.72%, Err 52 (9.9e-06)
661.519 .... 1947 packets received, 6035 bps, 75.44%, Err 54 (1.0e-05)
663.629 .... 1955 packets received, 6041 bps, 75.51%, Err 54 (1.0e-05)
665.773 .... 1963 packets received, 6046 bps, 75.58%, Err 54 (1.0e-05)
667.860 .... 1971 packets received, 6052 bps, 75.65%, Err 54 (1.0e-05)
669.980 .... 1979 packets received, 6057 bps, 75.71%, Err 54 (1.0e-05)
672.082 .... 1987 packets received, 6062 bps, 75.78%, Err 54 (1.0e-05)
674.217 .... 1995 packets received, 6068 bps, 75.84%, Err 54 (1.0e-05)
676.306 .... 2003 packets received, 6073 bps, 75.91%, Err 54 (1.0e-05)
678.427 .... 2011 packets received, 6078 bps, 75.98%, Err 54 (1.0e-05)
680.546 .... 2019 packets received, 6083 bps, 76.04%, Err 54 (9.9e-06)
682.653 .... 2027 packets received, 6089 bps, 76.11%, Err 54 (9.9e-06)
684.780 .... 2035 packets received, 6094 bps, 76.17%, Err 54 (9.9e-06)
686.867 .... 2043 packets received, 6099 bps, 76.24%, Err 54 (9.8e-06)
689.004 .... 2051 packets received, 6104 bps, 76.30%, Err 54 (9.8e-06)
691.096 .... 2059 packets received, 6109 bps, 76.36%, Err 54 (9.8e-06)
693.221 .... 2067 packets received, 6114 bps, 76.43%, Err 54 (9.7e-06)
695.318 .... 2075 packets received, 6119 bps, 76.49%, Err 54 (9.7e-06)
697.453 .... 2083 packets received, 6124 bps, 76.55%, Err 54 (9.7e-06)
699.549 .... 2091 packets received, 6129 bps, 76.61%, Err 54 (9.7e-06)
701.665 .... 2099 packets received, 6134 bps, 76.67%, Err 54 (9.6e-06)
703.779 .... 2107 packets received, 6139 bps, 76.73%, Err 54 (9.6e-06)
705.900 .... 2115 packets received, 6143 bps, 76.79%, Err 54 (9.6e-06)
708.018 .... 2123 packets received, 6148 bps, 76.85%, Err 54 (9.5e-06)
710.122 .... 2131 packets received, 6153 bps, 76.91%, Err 54 (9.5e-06)
712.232 .... 2139 packets received, 6158 bps, 76.97%, Err 54 (9.5e-06)
715.402 .... 2141 packets received, 6136 bps, 76.70%, Err 55 (9.6e-06)
720.664 .... 2148 packets received, 6111 bps, 76.39%, Err 57 (9.9e-06)
722.799 .... 2156 packets received, 6116 bps, 76.45%, Err 57 (9.9e-06)
724.897 .... 2164 packets received, 6121 bps, 76.51%, Err 57 (9.8e-06)
728.857 .... 2169 packets received, 6102 bps, 76.27%, Err 58 (1.0e-05)
730.987 .... 2177 packets received, 6106 bps, 76.33%, Err 58 (9.9e-06)
733.101 .... 2185 packets received, 6111 bps, 76.39%, Err 58 (9.9e-06)
737.583 .... 2192 packets received, 6093 bps, 76.17%, Err 60 (1.0e-05)
739.691 .... 2200 packets received, 6098 bps, 76.23%, Err 60 (1.0e-05)
741.828 .... 2208 packets received, 6103 bps, 76.28%, Err 60 (1.0e-05)
743.929 .... 2216 packets received, 6107 bps, 76.34%, Err 60 (1.0e-05)
746.042 .... 2224 packets received, 6112 bps, 76.40%, Err 60 (1.0e-05)
748.155 .... 2232 packets received, 6117 bps, 76.46%, Err 60 (1.0e-05)
751.324 .... 2234 packets received, 6096 bps, 76.20%, Err 61 (1.0e-05)
753.426 .... 2242 packets received, 6101 bps, 76.26%, Err 61 (1.0e-05)
755.543 .... 2250 packets received, 6106 bps, 76.32%, Err 61 (1.0e-05)
757.647 .... 2258 packets received, 6110 bps, 76.38%, Err 61 (1.0e-05)
759.778 .... 2266 packets received, 6115 bps, 76.44%, Err 61 (1.0e-05)
762.937 .... 2268 packets received, 6095 bps, 76.19%, Err 62 (1.0e-05)
768.225 .... 2273 packets received, 6066 bps, 75.83%, Err 63 (1.0e-05)
770.326 .... 2281 packets received, 6071 bps, 75.89%, Err 63 (1.0e-05)
772.458 .... 2289 packets received, 6075 bps, 75.94%, Err 63 (1.0e-05)
774.576 .... 2297 packets received, 6080 bps, 76.00%, Err 63 (1.0e-05)
781.175 .... 2302 packets received, 6042 bps, 75.52%, Err 65 (1.0e-05)
783.295 .... 2310 packets received, 6046 bps, 75.58%, Err 65 (1.0e-05)
785.398 .... 2318 packets received, 6051 bps, 75.64%, Err 65 (1.0e-05)
787.515 .... 2326 packets received, 6055 bps, 75.69%, Err 65 (1.0e-05)
789.631 .... 2334 packets received, 6060 bps, 75.75%, Err 65 (1.0e-05)
791.736 .... 2342 packets received, 6065 bps, 75.81%, Err 65 (1.0e-05)
793.856 .... 2350 packets received, 6069 bps, 75.86%, Err 65 (1.0e-05)
795.958 .... 2358 packets received, 6074 bps, 75.92%, Err 65 (1.0e-05)
798.073 .... 2366 packets received, 6078 bps, 75.97%, Err 65 (1.0e-05)
800.189 .... 2374 packets received, 6082 bps, 76.03%, Err 65 (1.0e-05)
802.305 .... 2382 packets received, 6087 bps, 76.08%, Err 65 (1.0e-05)
804.406 .... 2390 packets received, 6091 bps, 76.14%, Err 65 (1.0e-05)
806.523 .... 2398 packets received, 6096 bps, 76.19%, Err 65 (1.0e-05)
808.625 .... 2406 packets received, 6100 bps, 76.25%, Err 65 (1.0e-05)
810.746 .... 2414 packets received, 6104 bps, 76.30%, Err 65 (1.0e-05)
814.950 .... 2420 packets received, 6088 bps, 76.10%, Err 66 (1.0e-05)
817.082 .... 2428 packets received, 6092 bps, 76.15%, Err 66 (1.0e-05)
819.215 .... 2436 packets received, 6096 bps, 76.20%, Err 66 (1.0e-05)
821.319 .... 2444 packets received, 6100 bps, 76.26%, Err 66 (1.0e-05)
823.422 .... 2452 packets received, 6105 bps, 76.31%, Err 66 (1.0e-05)
828.176 .... 2460 packets received, 6090 bps, 76.12%, Err 67 (1.0e-05)
830.281 .... 2468 packets received, 6094 bps, 76.17%, Err 68 (1.0e-05)
833.475 .... 2469 packets received, 6073 bps, 75.91%, Err 69 (1.0e-05)
839.045 .... 2476 packets received, 6050 bps, 75.62%, Err 70 (1.0e-05)
841.148 .... 2484 packets received, 6054 bps, 75.68%, Err 70 (1.0e-05)
843.268 .... 2492 packets received, 6058 bps, 75.73%, Err 70 (1.0e-05)
845.374 .... 2500 packets received, 6063 bps, 75.78%, Err 70 (1.0e-05)
847.495 .... 2508 packets received, 6067 bps, 75.83%, Err 70 (1.0e-05)
849.601 .... 2516 packets received, 6071 bps, 75.89%, Err 70 (1.0e-05)
853.828 .... 2522 packets received, 6055 bps, 75.69%, Err 71 (1.0e-05)
855.942 .... 2530 packets received, 6059 bps, 75.74%, Err 71 (1.0e-05)
858.075 .... 2538 packets received, 6063 bps, 75.79%, Err 71 (1.0e-05)
860.188 .... 2546 packets received, 6068 bps, 75.85%, Err 71 (1.0e-05)
862.277 .... 2554 packets received, 6072 bps, 75.90%, Err 71 (1.0e-05)
864.386 .... 2562 packets received, 6076 bps, 75.95%, Err 71 (1.0e-05)
866.507 .... 2570 packets received, 6080 bps, 76.00%, Err 71 (1.0e-05)
868.630 .... 2578 packets received, 6084 bps, 76.05%, Err 71 (1.0e-05)
870.759 .... 2586 packets received, 6088 bps, 76.10%, Err 71 (1.0e-05)
872.846 .... 2594 packets received, 6092 bps, 76.15%, Err 71 (1.0e-05)
874.977 .... 2602 packets received, 6096 bps, 76.20%, Err 72 (1.0e-05)
877.865 .... 2603 packets received, 6078 bps, 75.98%, Err 72 (1.0e-05)
879.998 .... 2611 packets received, 6082 bps, 76.03%, Err 72 (1.0e-05)
883.176 .... 2613 packets received, 6065 bps, 75.81%, Err 72 (1.0e-05)
885.266 .... 2621 packets received, 6069 bps, 75.87%, Err 72 (1.0e-05)
887.399 .... 2629 packets received, 6073 bps, 75.91%, Err 72 (1.0e-05)
891.110 .... 2633 packets received, 6057 bps, 75.71%, Err 72 (1.0e-05)
893.200 .... 2641 packets received, 6061 bps, 75.77%, Err 72 (1.0e-05)
896.653 .... 2644 packets received, 6045 bps, 75.56%, Err 72 (1.0e-05)
898.775 .... 2652 packets received, 6049 bps, 75.61%, Err 72 (1.0e-05)
900.896 .... 2660 packets received, 6053 bps, 75.66%, Err 72 (1.0e-05)
903.002 .... 2668 packets received, 6057 bps, 75.71%, Err 72 (1.0e-05)
906.180 .... 2670 packets received, 6040 bps, 75.50%, Err 72 (9.9e-06)
908.284 .... 2678 packets received, 6044 bps, 75.55%, Err 72 (9.9e-06)
912.781 .... 2685 packets received, 6030 bps, 75.37%, Err 72 (9.9e-06)
914.883 .... 2693 packets received, 6034 bps, 75.42%, Err 72 (9.8e-06)
917.003 .... 2701 packets received, 6038 bps, 75.47%, Err 72 (9.8e-06)
919.108 .... 2709 packets received, 6042 bps, 75.52%, Err 72 (9.8e-06)
921.227 .... 2717 packets received, 6046 bps, 75.57%, Err 72 (9.8e-06)
923.331 .... 2725 packets received, 6050 bps, 75.62%, Err 72 (9.8e-06)
925.449 .... 2733 packets received, 6054 bps, 75.67%, Err 72 (9.7e-06)
927.564 .... 2741 packets received, 6057 bps, 75.72%, Err 72 (9.7e-06)
929.679 .... 2749 packets received, 6061 bps, 75.77%, Err 72 (9.7e-06)
931.764 .... 2757 packets received, 6065 bps, 75.82%, Err 72 (9.7e-06)
933.894 .... 2765 packets received, 6069 bps, 75.86%, Err 72 (9.6e-06)
937.586 .... 2769 packets received, 6054 bps, 75.67%, Err 74 (9.9e-06)
942.883 .... 2774 packets received, 6031 bps, 75.38%, Err 75 (9.9e-06)
944.986 .... 2782 packets received, 6035 bps, 75.43%, Err 75 (9.9e-06)
949.462 .... 2787 packets received, 6017 bps, 75.21%, Err 77 (1.0e-05)
951.596 .... 2795 packets received, 6021 bps, 75.26%, Err 77 (1.0e-05)
953.717 .... 2803 packets received, 6024 bps, 75.31%, Err 77 (1.0e-05)
955.821 .... 2811 packets received, 6028 bps, 75.35%, Err 77 (1.0e-05)
957.924 .... 2819 packets received, 6032 bps, 75.40%, Err 77 (1.0e-05)
960.027 .... 2827 packets received, 6036 bps, 75.45%, Err 77 (1.0e-05)
962.162 .... 2835 packets received, 6040 bps, 75.50%, Err 77 (1.0e-05)
964.265 .... 2843 packets received, 6044 bps, 75.54%, Err 77 (1.0e-05)
966.375 .... 2851 packets received, 6047 bps, 75.59%, Err 77 (1.0e-05)
968.478 .... 2859 packets received, 6051 bps, 75.64%, Err 77 (9.9e-06)
970.600 .... 2867 packets received, 6055 bps, 75.68%, Err 77 (9.9e-06)
975.351 .... 2875 packets received, 6042 bps, 75.53%, Err 80 (1.0e-05)
978.783 .... 2876 packets received, 6023 bps, 75.29%, Err 80 (1.0e-05)
980.903 .... 2884 packets received, 6027 bps, 75.33%, Err 80 (1.0e-05)
983.008 .... 2892 packets received, 6030 bps, 75.38%, Err 80 (1.0e-05)
985.117 .... 2900 packets received, 6034 bps, 75.43%, Err 80 (1.0e-05)
987.231 .... 2908 packets received, 6038 bps, 75.47%, Err 80 (1.0e-05)
989.349 .... 2916 packets received, 6041 bps, 75.52%, Err 80 (1.0e-05)
991.455 .... 2924 packets received, 6045 bps, 75.56%, Err 80 (1.0e-05)
993.576 .... 2932 packets received, 6049 bps, 75.61%, Err 80 (1.0e-05)
995.679 .... 2940 packets received, 6052 bps, 75.65%, Err 80 (1.0e-05)
997.804 .... 2948 packets received, 6056 bps, 75.70%, Err 80 (1.0e-05)
999.912 .... 2956 packets received, 6060 bps, 75.74%, Err 80 (1.0e-05)
1002.007 .... 2964 packets received, 6063 bps, 75.79%, Err 80 (1.0e-05)
1004.135 .... 2972 packets received, 6067 bps, 75.83%, Err 80 (1.0e-05)
1006.227 .... 2980 packets received, 6070 bps, 75.88%, Err 80 (9.9e-06)
1008.338 .... 2988 packets received, 6074 bps, 75.92%, Err 80 (9.9e-06)
1011.256 .... 2989 packets received, 6058 bps, 75.73%, Err 80 (9.9e-06)
1013.392 .... 2997 packets received, 6062 bps, 75.77%, Err 80 (9.9e-06)
1016.556 .... 2999 packets received, 6047 bps, 75.59%, Err 80 (9.8e-06)
1018.690 .... 3007 packets received, 6050 bps, 75.63%, Err 80 (9.8e-06)
1020.808 .... 3015 packets received, 6054 bps, 75.67%, Err 80 (9.8e-06)
1022.911 .... 3023 packets received, 6057 bps, 75.72%, Err 80 (9.8e-06)
1025.029 .... 3031 packets received, 6061 bps, 75.76%, Err 80 (9.8e-06)
1027.130 .... 3039 packets received, 6064 bps, 75.81%, Err 80 (9.7e-06)
1029.246 .... 3047 packets received, 6068 bps, 75.85%, Err 80 (9.7e-06)
1031.362 .... 3055 packets received, 6071 bps, 75.89%, Err 80 (9.7e-06)
1033.478 .... 3063 packets received, 6075 bps, 75.93%, Err 80 (9.7e-06)
1035.592 .... 3071 packets received, 6078 bps, 75.98%, Err 80 (9.7e-06)
1037.678 .... 3079 packets received, 6082 bps, 76.02%, Err 80 (9.6e-06)
1039.812 .... 3087 packets received, 6085 bps, 76.06%, Err 80 (9.6e-06)
1041.929 .... 3095 packets received, 6088 bps, 76.11%, Err 80 (9.6e-06)
1046.151 .... 3101 packets received, 6076 bps, 75.94%, Err 80 (9.6e-06)
1049.574 .... 3104 packets received, 6062 bps, 75.77%, Err 81 (9.7e-06)
1051.710 .... 3112 packets received, 6065 bps, 75.81%, Err 81 (9.6e-06)
1056.964 .... 3119 packets received, 6048 bps, 75.60%, Err 82 (9.7e-06)
1059.084 .... 3127 packets received, 6052 bps, 75.65%, Err 82 (9.7e-06)
1062.281 .... 3129 packets received, 6037 bps, 75.47%, Err 83 (9.8e-06)
1064.385 .... 3137 packets received, 6041 bps, 75.51%, Err 83 (9.8e-06)
1067.562 .... 3139 packets received, 6027 bps, 75.33%, Err 83 (9.7e-06)
1069.664 .... 3147 packets received, 6030 bps, 75.38%, Err 83 (9.7e-06)
1072.844 .... 3149 packets received, 6016 bps, 75.20%, Err 83 (9.7e-06)
1074.962 .... 3157 packets received, 6019 bps, 75.24%, Err 83 (9.7e-06)
1078.139 .... 3159 packets received, 6005 bps, 75.07%, Err 83 (9.6e-06)
1082.343 .... 3165 packets received, 5993 bps, 74.92%, Err 84 (9.7e-06)
1084.490 .... 3173 packets received, 5997 bps, 74.96%, Err 84 (9.7e-06)
1088.970 .... 3179 packets received, 5983 bps, 74.79%, Err 85 (9.8e-06)
1091.104 .... 3187 packets received, 5987 bps, 74.83%, Err 85 (9.7e-06)
1094.268 .... 3189 packets received, 5973 bps, 74.66%, Err 86 (9.8e-06)
1097.691 .... 3192 packets received, 5960 bps, 74.50%, Err 89 (1.0e-05)
1102.188 .... 3197 packets received, 5945 bps, 74.31%, Err 90 (1.0e-05)
1107.472 .... 3202 packets received, 5926 bps, 74.07%, Err 91 (1.0e-05)
1109.591 .... 3210 packets received, 5929 bps, 74.12%, Err 91 (1.0e-05)
1111.710 .... 3218 packets received, 5933 bps, 74.16%, Err 91 (1.0e-05)
1113.829 .... 3226 packets received, 5936 bps, 74.20%, Err 91 (1.0e-05)
1115.931 .... 3234 packets received, 5940 bps, 74.25%, Err 91 (1.0e-05)
1118.048 .... 3242 packets received, 5943 bps, 74.29%, Err 91 (1.0e-05)
1120.135 .... 3250 packets received, 5947 bps, 74.33%, Err 91 (1.0e-05)
1122.268 .... 3258 packets received, 5950 bps, 74.37%, Err 91 (1.0e-05)
1124.385 .... 3266 packets received, 5953 bps, 74.42%, Err 91 (1.0e-05)
1126.486 .... 3274 packets received, 5957 bps, 74.46%, Err 91 (1.0e-05)
1128.603 .... 3282 packets received, 5960 bps, 74.50%, Err 91 (1.0e-05)
1130.721 .... 3290 