000.000 =============================================================
000.000                     Station B                               
000.000 -------------------------------------------------------------
000.000 Protocol.lib, version 4.0, jiangyanjun0718@bupt.edu.cn
000.000 Channel: 8000 bps, 270 ms propagation delay, bit error rate 1.0E-05
000.000 Log file "b200.log", TCP port 59144, debug mask 0x00
000.000 Station B is connecting station A (TCP port 59144) ... Done.
000.505 New epoch: Sun Apr  9 13:01:49 2023
000.505 =================================================================
000.505 
000.505 Designed by Li Ruobin, build: Apr  9 2023  13:01:26
002.888 .... 8 packets received, 7776 bps, 97.20%, Err 0 (0.0e+00)
007.428 .... 15 packets received, 4622 bps, 57.77%, Err 1 (1.8e-05)
009.594 .... 23 packets received, 5345 bps, 66.81%, Err 1 (1.4e-05)
011.722 .... 31 packets received, 5803 bps, 72.53%, Err 1 (1.1e-05)
013.892 .... 39 packets received, 6092 bps, 76.15%, Err 1 (9.3e-06)
016.062 .... 47 packets received, 6299 bps, 78.74%, Err 1 (8.1e-06)
018.179 .... 55 packets received, 6474 bps, 80.93%, Err 1 (7.1e-06)
020.328 .... 63 packets received, 6601 bps, 82.51%, Err 1 (6.3e-06)
023.308 .... 64 packets received, 5818 bps, 72.73%, Err 2 (1.1e-05)
025.406 .... 72 packets received, 5988 bps, 74.85%, Err 2 (1.0e-05)
027.581 .... 80 packets received, 6113 bps, 76.42%, Err 2 (9.2e-06)
029.749 .... 88 packets received, 6221 bps, 77.77%, Err 2 (8.6e-06)
031.908 .... 96 packets received, 6316 bps, 78.95%, Err 2 (8.0e-06)
035.662 .... 100 packets received, 5871 bps, 73.39%, Err 3 (1.1e-05)
037.773 .... 108 packets received, 5979 bps, 74.74%, Err 3 (1.0e-05)
039.949 .... 116 packets received, 6065 bps, 75.82%, Err 3 (9.5e-06)
042.103 .... 124 packets received, 6146 bps, 76.82%, Err 3 (9.0e-06)
044.257 .... 132 packets received, 6218 bps, 77.73%, Err 3 (8.6e-06)
047.467 .... 134 packets received, 5878 bps, 73.48%, Err 5 (1.3e-05)
049.567 .... 142 packets received, 5961 bps, 74.51%, Err 5 (1.3e-05)
052.865 .... 144 packets received, 5662 bps, 70.78%, Err 6 (1.4e-05)
054.947 .... 152 packets received, 5747 bps, 71.84%, Err 6 (1.4e-05)
057.065 .... 160 packets received, 5822 bps, 72.77%, Err 6 (1.3e-05)
061.377 .... 166 packets received, 5610 bps, 70.13%, Err 6 (1.2e-05)
063.506 .... 174 packets received, 5681 bps, 71.01%, Err 6 (1.2e-05)
065.602 .... 182 packets received, 5750 bps, 71.88%, Err 6 (1.2e-05)
067.700 .... 190 packets received, 5815 bps, 72.68%, Err 6 (1.1e-05)
069.840 .... 198 packets received, 5872 bps, 73.40%, Err 6 (1.1e-05)
072.819 .... 199 packets received, 5657 bps, 70.72%, Err 6 (1.0e-05)
074.972 .... 207 packets received, 5714 bps, 71.43%, Err 6 (1.0e-05)
077.147 .... 215 packets received, 5766 bps, 72.07%, Err 6 (9.8e-06)
079.296 .... 223 packets received, 5817 bps, 72.71%, Err 6 (9.5e-06)
081.441 .... 231 packets received, 5865 bps, 73.32%, Err 6 (9.3e-06)
083.550 .... 239 packets received, 5914 bps, 73.92%, Err 7 (1.1e-05)
086.512 .... 240 packets received, 5733 bps, 71.67%, Err 7 (1.0e-05)
088.705 .... 248 packets received, 5777 bps, 72.21%, Err 7 (9.9e-06)
090.816 .... 256 packets received, 5823 bps, 72.79%, Err 7 (9.7e-06)
092.911 .... 264 packets received, 5869 bps, 73.36%, Err 7 (9.5e-06)
097.768 .... 272 packets received, 5744 bps, 71.80%, Err 8 (1.0e-05)
099.913 .... 280 packets received, 5785 bps, 72.31%, Err 8 (1.0e-05)
102.024 .... 288 packets received, 5826 bps, 72.82%, Err 8 (9.9e-06)
106.254 .... 294 packets received, 5709 bps, 71.36%, Err 8 (9.5e-06)
108.364 .... 302 packets received, 5749 bps, 71.86%, Err 8 (9.3e-06)
110.474 .... 310 packets received, 5788 bps, 72.35%, Err 8 (9.1e-06)
112.604 .... 318 packets received, 5824 bps, 72.80%, Err 8 (8.9e-06)
114.728 .... 326 packets received, 5859 bps, 73.24%, Err 8 (8.8e-06)
118.931 .... 332 packets received, 5755 bps, 71.94%, Err 9 (9.5e-06)
121.055 .... 340 packets received, 5789 bps, 72.37%, Err 9 (9.3e-06)
123.148 .... 348 packets received, 5824 bps, 72.80%, Err 9 (9.2e-06)
125.270 .... 356 packets received, 5857 bps, 73.21%, Err 9 (9.0e-06)
129.756 .... 363 packets received, 5764 bps, 72.05%, Err 10 (9.7e-06)
135.049 .... 371 packets received, 5659 bps, 70.74%, Err 12 (1.1e-05)
137.168 .... 379 packets received, 5691 bps, 71.14%, Err 12 (1.1e-05)
139.286 .... 387 packets received, 5722 bps, 71.53%, Err 12 (1.1e-05)
141.374 .... 395 packets received, 5754 bps, 71.92%, Err 12 (1.1e-05)
143.508 .... 403 packets received, 5783 bps, 72.28%, Err 12 (1.0e-05)
145.596 .... 411 packets received, 5812 bps, 72.66%, Err 12 (1.0e-05)
147.730 .... 419 packets received, 5840 bps, 72.99%, Err 12 (1.0e-05)
152.222 .... 426 packets received, 5761 bps, 72.01%, Err 13 (1.1e-05)
154.326 .... 434 packets received, 5789 bps, 72.36%, Err 13 (1.1e-05)
159.063 .... 442 packets received, 5719 bps, 71.49%, Err 14 (1.1e-05)
161.197 .... 450 packets received, 5745 bps, 71.81%, Err 14 (1.1e-05)
163.315 .... 458 packets received, 5771 bps, 72.14%, Err 15 (1.2e-05)
165.418 .... 466 packets received, 5797 bps, 72.46%, Err 15 (1.1e-05)
167.536 .... 474 packets received, 5821 bps, 72.77%, Err 15 (1.1e-05)
169.639 .... 482 packets received, 5846 bps, 73.07%, Err 15 (1.1e-05)
171.740 .... 490 packets received, 5870 bps, 73.37%, Err 15 (1.1e-05)
174.916 .... 492 packets received, 5786 bps, 72.33%, Err 16 (1.1e-05)
177.033 .... 500 packets received, 5810 bps, 72.62%, Err 16 (1.1e-05)
179.151 .... 508 packets received, 5833 bps, 72.91%, Err 16 (1.1e-05)
181.267 .... 516 packets received, 5855 bps, 73.19%, Err 16 (1.1e-05)
183.385 .... 524 packets received, 5877 bps, 73.46%, Err 16 (1.1e-05)
185.479 .... 532 packets received, 5899 bps, 73.74%, Err 17 (1.1e-05)
188.381 .... 533 packets received, 5819 bps, 72.73%, Err 17 (1.1e-05)
190.498 .... 541 packets received, 5840 bps, 73.00%, Err 17 (1.1e-05)
192.618 .... 549 packets received, 5861 bps, 73.26%, Err 17 (1.1e-05)
194.737 .... 557 packets received, 5881 bps, 73.52%, Err 17 (1.1e-05)
196.840 .... 565 packets received, 5902 bps, 73.77%, Err 17 (1.1e-05)
198.960 .... 573 packets received, 5921 bps, 74.02%, Err 17 (1.1e-05)
201.037 .... 581 packets received, 5942 bps, 74.27%, Err 18 (1.1e-05)
204.029 .... 582 packets received, 5864 bps, 73.31%, Err 18 (1.1e-05)
206.133 .... 590 packets received, 5884 bps, 73.55%, Err 18 (1.1e-05)
209.644 .... 593 packets received, 5815 bps, 72.68%, Err 19 (1.1e-05)
211.737 .... 601 packets received, 5835 bps, 72.93%, Err 19 (1.1e-05)
213.932 .... 609 packets received, 5851 bps, 73.14%, Err 19 (1.1e-05)
216.026 .... 617 packets received, 5871 bps, 73.38%, Err 19 (1.1e-05)
218.165 .... 625 packets received, 5888 bps, 73.60%, Err 19 (1.1e-05)
220.268 .... 633 packets received, 5906 bps, 73.83%, Err 19 (1.1e-05)
222.371 .... 641 packets received, 5924 bps, 74.05%, Err 19 (1.1e-05)
224.505 .... 649 packets received, 5941 bps, 74.26%, Err 19 (1.1e-05)
226.622 .... 657 packets received, 5958 bps, 74.47%, Err 19 (1.1e-05)
230.298 .... 661 packets received, 5898 bps, 73.73%, Err 20 (1.1e-05)
232.402 .... 669 packets received, 5915 bps, 73.94%, Err 20 (1.1e-05)
234.595 .... 677 packets received, 5930 bps, 74.12%, Err 20 (1.1e-05)
236.713 .... 685 packets received, 5946 bps, 74.33%, Err 20 (1.1e-05)
238.833 .... 693 packets received, 5962 bps, 74.52%, Err 20 (1.0e-05)
240.953 .... 701 packets received, 5978 bps, 74.72%, Err 20 (1.0e-05)
243.074 .... 709 packets received, 5993 bps, 74.91%, Err 20 (1.0e-05)
245.163 .... 717 packets received, 6009 bps, 75.11%, Err 20 (1.0e-05)
247.297 .... 725 packets received, 6023 bps, 75.29%, Err 20 (1.0e-05)
249.403 .... 733 packets received, 6038 bps, 75.48%, Err 20 (1.0e-05)
251.523 .... 741 packets received, 6052 bps, 75.65%, Err 20 (1.0e-05)
253.627 .... 749 packets received, 6067 bps, 75.83%, Err 20 (9.9e-06)
255.747 .... 757 packets received, 6081 bps, 76.01%, Err 20 (9.8e-06)
257.854 .... 765 packets received, 6094 bps, 76.18%, Err 20 (9.7e-06)
259.958 .... 773 packets received, 6108 bps, 76.35%, Err 20 (9.6e-06)
264.771 .... 781 packets received, 6059 bps, 75.74%, Err 20 (9.5e-06)
266.906 .... 789 packets received, 6072 bps, 75.90%, Err 20 (9.4e-06)
269.012 .... 797 packets received, 6085 bps, 76.07%, Err 20 (9.3e-06)
271.115 .... 805 packets received, 6099 bps, 76.23%, Err 20 (9.2e-06)
273.236 .... 813 packets received, 6111 bps, 76.39%, Err 20 (9.2e-06)
275.357 .... 821 packets received, 6124 bps, 76.55%, Err 20 (9.1e-06)
279.369 .... 826 packets received, 6072 bps, 75.90%, Err 20 (9.0e-06)
281.504 .... 834 packets received, 6084 bps, 76.06%, Err 20 (8.9e-06)
283.609 .... 842 packets received, 6097 bps, 76.21%, Err 20 (8.8e-06)
285.730 .... 850 packets received, 6109 bps, 76.36%, Err 20 (8.8e-06)
289.999 .... 856 packets received, 6061 bps, 75.77%, Err 20 (8.6e-06)
292.135 .... 864 packets received, 6073 bps, 75.92%, Err 20 (8.6e-06)
294.240 .... 872 packets received, 6086 bps, 76.07%, Err 20 (8.5e-06)
296.362 .... 880 packets received, 6097 bps, 76.22%, Err 20 (8.5e-06)
298.467 .... 888 packets received, 6109 bps, 76.37%, Err 20 (8.4e-06)
300.573 .... 896 packets received, 6121 bps, 76.51%, Err 20 (8.3e-06)
303.525 .... 897 packets received, 6068 bps, 75.85%, Err 20 (8.3e-06)
305.618 .... 905 packets received, 6080 bps, 76.00%, Err 20 (8.2e-06)
307.754 .... 913 packets received, 6091 bps, 76.14%, Err 20 (8.1e-06)
309.860 .... 921 packets received, 6103 bps, 76.28%, Err 20 (8.1e-06)
313.562 .... 925 packets received, 6057 bps, 75.71%, Err 23 (9.2e-06)
316.732 .... 926 packets received, 6002 bps, 75.03%, Err 23 (9.1e-06)
318.838 .... 934 packets received, 6014 bps, 75.18%, Err 23 (9.0e-06)
320.922 .... 942 packets received, 6026 bps, 75.33%, Err 23 (9.0e-06)
323.045 .... 950 packets received, 6037 bps, 75.47%, Err 23 (8.9e-06)
325.175 .... 958 packets received, 6048 bps, 75.60%, Err 23 (8.9e-06)
327.285 .... 966 packets received, 6059 bps, 75.74%, Err 23 (8.8e-06)
331.522 .... 972 packets received, 6019 bps, 75.23%, Err 24 (9.1e-06)
333.609 .... 980 packets received, 6030 bps, 75.38%, Err 24 (9.0e-06)
337.599 .... 985 packets received, 5989 bps, 74.87%, Err 25 (9.3e-06)
339.701 .... 993 packets received, 6000 bps, 75.01%, Err 25 (9.2e-06)
341.833 .... 1001 packets received, 6011 bps, 75.14%, Err 25 (9.2e-06)
345.521 .... 1005 packets received, 5970 bps, 74.63%, Err 26 (9.4e-06)
347.624 .... 1013 packets received, 5981 bps, 74.77%, Err 26 (9.4e-06)
349.740 .... 1021 packets received, 5992 bps, 74.90%, Err 26 (9.3e-06)
351.857 .... 1029 packets received, 6003 bps, 75.03%, Err 26 (9.3e-06)
353.975 .... 1037 packets received, 6013 bps, 75.16%, Err 26 (9.2e-06)
356.077 .... 1045 packets received, 6024 bps, 75.29%, Err 26 (9.1e-06)
358.194 .... 1053 packets received, 6034 bps, 75.42%, Err 26 (9.1e-06)
360.296 .... 1061 packets received, 6044 bps, 75.55%, Err 26 (9.0e-06)
362.413 .... 1069 packets received, 6054 bps, 75.67%, Err 26 (9.0e-06)
366.374 .... 1074 packets received, 6016 bps, 75.20%, Err 27 (9.2e-06)
368.491 .... 1082 packets received, 6026 bps, 75.33%, Err 27 (9.2e-06)
370.607 .... 1090 packets received, 6036 bps, 75.45%, Err 27 (9.1e-06)
372.709 .... 1098 packets received, 6046 bps, 75.58%, Err 27 (9.1e-06)
374.840 .... 1106 packets received, 6055 bps, 75.69%, Err 27 (9.0e-06)
376.926 .... 1114 packets received, 6065 bps, 75.82%, Err 27 (9.0e-06)
379.057 .... 1122 packets received, 6075 bps, 75.93%, Err 27 (8.9e-06)
383.793 .... 1130 packets received, 6042 bps, 75.53%, Err 29 (9.5e-06)
389.357 .... 1138 packets received, 5998 bps, 74.97%, Err 30 (9.6e-06)
391.473 .... 1146 packets received, 6007 bps, 75.09%, Err 30 (9.6e-06)
393.591 .... 1154 packets received, 6017 bps, 75.21%, Err 30 (9.5e-06)
395.707 .... 1162 packets received, 6026 bps, 75.32%, Err 30 (9.5e-06)
397.809 .... 1170 packets received, 6035 bps, 75.44%, Err 31 (9.8e-06)
399.926 .... 1178 packets received, 6044 bps, 75.55%, Err 31 (9.7e-06)
402.044 .... 1186 packets received, 6053 bps, 75.67%, Err 31 (9.7e-06)
404.131 .... 1194 packets received, 6063 bps, 75.78%, Err 31 (9.6e-06)
406.250 .... 1202 packets received, 6071 bps, 75.89%, Err 31 (9.6e-06)
408.383 .... 1210 packets received, 6080 bps, 76.00%, Err 31 (9.5e-06)
410.469 .... 1218 packets received, 6089 bps, 76.11%, Err 31 (9.5e-06)
413.977 .... 1221 packets received, 6052 bps, 75.65%, Err 32 (9.7e-06)
416.081 .... 1229 packets received, 6061 bps, 75.76%, Err 33 (9.9e-06)
418.214 .... 1237 packets received, 6069 bps, 75.86%, Err 33 (9.9e-06)
422.494 .... 1243 packets received, 6036 bps, 75.46%, Err 33 (9.8e-06)
426.200 .... 1247 packets received, 6003 bps, 75.04%, Err 34 (1.0e-05)
428.303 .... 1255 packets received, 6012 bps, 75.15%, Err 34 (9.9e-06)
430.496 .... 1263 packets received, 6019 bps, 75.24%, Err 34 (9.9e-06)
433.931 .... 1266 packets received, 5986 bps, 74.82%, Err 36 (1.0e-05)
436.110 .... 1274 packets received, 5994 bps, 74.92%, Err 36 (1.0e-05)
438.201 .... 1282 packets received, 6002 bps, 75.03%, Err 36 (1.0e-05)
440.322 .... 1290 packets received, 6011 bps, 75.13%, Err 36 (1.0e-05)
442.443 .... 1298 packets received, 6019 bps, 75.24%, Err 36 (1.0e-05)
444.560 .... 1306 packets received, 6027 bps, 75.34%, Err 36 (1.0e-05)
446.649 .... 1314 packets received, 6036 bps, 75.44%, Err 36 (1.0e-05)
448.782 .... 1322 packets received, 6043 bps, 75.54%, Err 36 (1.0e-05)
455.453 .... 1327 packets received, 5977 bps, 74.72%, Err 37 (1.0e-05)
457.556 .... 1335 packets received, 5986 bps, 74.82%, Err 37 (1.0e-05)
459.735 .... 1343 packets received, 5993 bps, 74.91%, Err 37 (1.0e-05)
461.853 .... 1351 packets received, 6001 bps, 75.01%, Err 37 (1.0e-05)
463.969 .... 1359 packets received, 6009 bps, 75.11%, Err 37 (1.0e-05)
468.717 .... 1367 packets received, 5983 bps, 74.79%, Err 39 (1.0e-05)
470.833 .... 1375 packets received, 5991 bps, 74.89%, Err 39 (1.0e-05)
474.114 .... 1377 packets received, 5958 bps, 74.47%, Err 40 (1.1e-05)
476.260 .... 1385 packets received, 5966 bps, 74.57%, Err 40 (1.1e-05)
479.438 .... 1387 packets received, 5934 bps, 74.18%, Err 40 (1.0e-05)
481.540 .... 1395 packets received, 5943 bps, 74.28%, Err 40 (1.0e-05)
485.579 .... 1400 packets received, 5914 bps, 73.93%, Err 40 (1.0e-05)
487.666 .... 1408 packets received, 5923 bps, 74.03%, Err 40 (1.0e-05)
489.786 .... 1416 packets received, 5930 bps, 74.13%, Err 40 (1.0e-05)
493.014 .... 1418 packets received, 5900 bps, 73.75%, Err 40 (1.0e-05)
495.133 .... 1426 packets received, 5908 bps, 73.85%, Err 40 (1.0e-05)
497.262 .... 1434 packets received, 5915 bps, 73.94%, Err 40 (1.0e-05)
499.368 .... 1442 packets received, 5923 bps, 74.04%, Err 40 (1.0e-05)
503.593 .... 1448 packets received, 5898 bps, 73.72%, Err 41 (1.0e-05)
505.737 .... 1456 packets received, 5905 bps, 73.82%, Err 41 (1.0e-05)
507.850 .... 1464 packets received, 5913 bps, 73.91%, Err 41 (1.0e-05)
509.969 .... 1472 packets received, 5921 bps, 74.01%, Err 41 (1.0e-05)
512.073 .... 1480 packets received, 5928 bps, 74.10%, Err 41 (1.0e-05)
514.206 .... 1488 packets received, 5935 bps, 74.19%, Err 41 (1.0e-05)
516.321 .... 1496 packets received, 5943 bps, 74.29%, Err 41 (9.9e-06)
518.434 .... 1504 packets received, 5950 bps, 74.38%, Err 41 (9.9e-06)
520.529 .... 1512 packets received, 5958 bps, 74.47%, Err 41 (9.9e-06)
522.641 .... 1520 packets received, 5965 bps, 74.56%, Err 41 (9.8e-06)
524.769 .... 1528 packets received, 5972 bps, 74.65%, Err 41 (9.8e-06)
526.879 .... 1536 packets received, 5979 bps, 74.74%, Err 41 (9.7e-06)
528.987 .... 1544 packets received, 5987 bps, 74.83%, Err 41 (9.7e-06)
531.114 .... 1552 packets received, 5993 bps, 74.92%, Err 41 (9.7e-06)
533.218 .... 1560 packets received, 6000 bps, 75.01%, Err 41 (9.6e-06)
535.343 .... 1568 packets received, 6007 bps, 75.09%, Err 41 (9.6e-06)
537.454 .... 1576 packets received, 6014 bps, 75.18%, Err 41 (9.5e-06)
539.550 .... 1584 packets received, 6021 bps, 75.26%, Err 41 (9.5e-06)
541.677 .... 1592 packets received, 6028 bps, 75.35%, Err 41 (9.5e-06)
545.373 .... 1596 packets received, 6002 bps, 75.02%, Err 42 (9.6e-06)
547.489 .... 1604 packets received, 6009 bps, 75.11%, Err 42 (9.6e-06)
549.602 .... 1612 packets received, 6015 bps, 75.19%, Err 42 (9.6e-06)
551.715 .... 1620 packets received, 6022 bps, 75.28%, Err 42 (9.5e-06)
553.829 .... 1628 packets received, 6029 bps, 75.36%, Err 42 (9.5e-06)
557.784 .... 1633 packets received, 6004 bps, 75.05%, Err 43 (9.6e-06)
559.887 .... 1641 packets received, 6011 bps, 75.14%, Err 43 (9.6e-06)
562.005 .... 1649 packets received, 6017 bps, 75.22%, Err 43 (9.6e-06)
564.115 .... 1657 packets received, 6024 bps, 75.30%, Err 43 (9.5e-06)
566.231 .... 1665 packets received, 6030 bps, 75.38%, Err 43 (9.5e-06)
568.359 .... 1673 packets received, 6037 bps, 75.46%, Err 43 (9.5e-06)
572.857 .... 1680 packets received, 6014 bps, 75.18%, Err 45 (9.8e-06)
574.957 .... 1688 packets received, 6021 bps, 75.26%, Err 45 (9.8e-06)
578.398 .... 1691 packets received, 5996 bps, 74.95%, Err 47 (1.0e-05)
580.517 .... 1699 packets received, 6002 bps, 75.02%, Err 47 (1.0e-05)
582.631 .... 1707 packets received, 6008 bps, 75.10%, Err 47 (1.0e-05)
584.743 .... 1715 packets received, 6015 bps, 75.18%, Err 47 (1.0e-05)
586.841 .... 1723 packets received, 6021 bps, 75.26%, Err 47 (1.0e-05)
591.074 .... 1729 packets received, 5999 bps, 74.98%, Err 48 (1.0e-05)
593.187 .... 1737 packets received, 6005 bps, 75.06%, Err 48 (1.0e-05)
597.155 .... 1742 packets received, 5982 bps, 74.78%, Err 49 (1.0e-05)
599.264 .... 1750 packets received, 5988 bps, 74.86%, Err 49 (1.0e-05)
601.357 .... 1758 packets received, 5995 bps, 74.94%, Err 49 (1.0e-05)
603.494 .... 1766 packets received, 6001 bps, 75.01%, Err 49 (1.0e-05)
605.629 .... 1774 packets received, 6007 bps, 75.08%, Err 49 (1.0e-05)
607.799 .... 1782 packets received, 6012 bps, 75.15%, Err 49 (1.0e-05)
609.963 .... 1790 packets received, 6018 bps, 75.22%, Err 49 (1.0e-05)
612.104 .... 1798 packets received, 6023 bps, 75.29%, Err 49 (1.0e-05)
614.285 .... 1806 packets received, 6029 bps, 75.36%, Err 49 (1.0e-05)
618.589 .... 1812 packets received, 6007 bps, 75.08%, Err 50 (1.0e-05)
620.697 .... 1820 packets received, 6013 bps, 75.16%, Err 50 (1.0e-05)
622.873 .... 1828 packets received, 6018 bps, 75.22%, Err 50 (1.0e-05)
625.023 .... 1836 packets received, 6024 bps, 75.29%, Err 50 (1.0e-05)
627.167 .... 1844 packets received, 6029 bps, 75.36%, Err 50 (1.0e-05)
629.336 .... 1852 packets received, 6034 bps, 75.43%, Err 50 (9.9e-06)
632.570 .... 1854 packets received, 6010 bps, 75.12%, Err 51 (1.0e-05)
634.681 .... 1862 packets received, 6016 bps, 75.20%, Err 51 (1.0e-05)
636.842 .... 1870 packets received, 6021 bps, 75.26%, Err 51 (1.0e-05)
639.006 .... 1878 packets received, 6026 bps, 75.33%, Err 51 (1.0e-05)
641.176 .... 1886 packets received, 6031 bps, 75.39%, Err 51 (1.0e-05)
643.350 .... 1894 packets received, 6037 bps, 75.46%, Err 51 (9.9e-06)
645.456 .... 1902 packets received, 6042 bps, 75.53%, Err 51 (9.9e-06)
650.028 .... 1909 packets received, 6022 bps, 75.27%, Err 52 (1.0e-05)
652.186 .... 1917 packets received, 6027 bps, 75.34%, Err 52 (1.0e-05)
654.353 .... 1925 packets received, 6032 bps, 75.40%, Err 52 (9.9e-06)
656.511 .... 1933 packets received, 6037 bps, 75.47%, Err 52 (9.9e-06)
658.682 .... 1941 packets received, 6042 bps, 75.53%, Err 52 (9.9e-06)
660.852 .... 1949 packets received, 6047 bps, 75.59%, Err 52 (9.8e-06)
664.080 .... 1951 packets received, 6024 bps, 75.30%, Err 54 (1.0e-05)
666.197 .... 1959 packets received, 6029 bps, 75.37%, Err 54 (1.0e-05)
668.357 .... 1967 packets received, 6034 bps, 75.43%, Err 54 (1.0e-05)
670.489 .... 1975 packets received, 6040 bps, 75.50%, Err 54 (1.0e-05)
672.656 .... 1983 packets received, 6045 bps, 75.56%, Err 54 (1.0e-05)
674.807 .... 1991 packets received, 6050 bps, 75.62%, Err 54 (1.0e-05)
676.976 .... 1999 packets received, 6054 bps, 75.68%, Err 54 (1.0e-05)
679.122 .... 2007 packets received, 6059 bps, 75.74%, Err 54 (9.9e-06)
681.276 .... 2015 packets received, 6064 bps, 75.80%, Err 54 (9.9e-06)
683.442 .... 2023 packets received, 6069 bps, 75.86%, Err 54 (9.9e-06)
685.594 .... 2031 packets received, 6074 bps, 75.92%, Err 54 (9.9e-06)
687.760 .... 2039 packets received, 6079 bps, 75.98%, Err 54 (9.8e-06)
691.189 .... 2042 packets received, 6057 bps, 75.72%, Err 55 (1.0e-05)
694.959 .... 2044 packets received, 6030 bps, 75.38%, Err 56 (1.0e-05)
697.077 .... 2052 packets received, 6036 bps, 75.44%, Err 56 (1.0e-05)
701.387 .... 2056 packets received, 6010 bps, 75.13%, Err 56 (1.0e-05)
705.882 .... 2063 packets received, 5992 bps, 74.90%, Err 60 (1.1e-05)
707.986 .... 2071 packets received, 5997 bps, 74.97%, Err 60 (1.1e-05)
710.106 .... 2079 packets received, 6003 bps, 75.03%, Err 60 (1.1e-05)
712.219 .... 2087 packets received, 6008 bps, 75.10%, Err 60 (1.1e-05)
714.317 .... 2095 packets received, 6013 bps, 75.16%, Err 60 (1.1e-05)
718.568 .... 2101 packets received, 5995 bps, 74.93%, Err 62 (1.1e-05)
720.687 .... 2109 packets received, 6000 bps, 75.00%, Err 62 (1.1e-05)
722.781 .... 2117 packets received, 6005 bps, 75.06%, Err 62 (1.1e-05)
724.898 .... 2125 packets received, 6010 bps, 75.13%, Err 62 (1.1e-05)
727.005 .... 2133 packets received, 6015 bps, 75.19%, Err 62 (1.1e-05)
729.131 .... 2141 packets received, 6020 bps, 75.25%, Err 62 (1.1e-05)
731.248 .... 2149 packets received, 6025 bps, 75.31%, Err 62 (1.1e-05)
733.353 .... 2157 packets received, 6030 bps, 75.38%, Err 62 (1.1e-05)
735.465 .... 2165 packets received, 6035 bps, 75.44%, Err 62 (1.1e-05)
737.575 .... 2173 packets received, 6040 bps, 75.50%, Err 62 (1.1e-05)
739.692 .... 2181 packets received, 6045 bps, 75.56%, Err 62 (1.0e-05)
741.817 .... 2189 packets received, 6050 bps, 75.62%, Err 62 (1.0e-05)
746.038 .... 2195 packets received, 6032 bps, 75.40%, Err 64 (1.1e-05)
748.147 .... 2203 packets received, 6037 bps, 75.46%, Err 64 (1.1e-05)
750.270 .... 2211 packets received, 6042 bps, 75.52%, Err 64 (1.1e-05)
752.380 .... 2219 packets received, 6046 bps, 75.58%, Err 64 (1.1e-05)
754.488 .... 2227 packets received, 6051 bps, 75.64%, Err 64 (1.1e-05)
756.595 .... 2235 packets received, 6056 bps, 75.70%, Err 64 (1.1e-05)
758.717 .... 2243 packets received, 6061 bps, 75.76%, Err 64 (1.1e-05)
760.837 .... 2251 packets received, 6065 bps, 75.82%, Err 64 (1.1e-05)
762.936 .... 2259 packets received, 6070 bps, 75.88%, Err 64 (1.0e-05)
765.058 .... 2267 packets received, 6075 bps, 75.93%, Err 64 (1.0e-05)
767.171 .... 2275 packets received, 6079 bps, 75.99%, Err 64 (1.0e-05)
769.283 .... 2283 packets received, 6084 bps, 76.05%, Err 64 (1.0e-05)
771.393 .... 2291 packets received, 6089 bps, 76.11%, Err 64 (1.0e-05)
775.605 .... 2297 packets received, 6071 bps, 75.89%, Err 65 (1.0e-05)
777.716 .... 2305 packets received, 6076 bps, 75.95%, Err 65 (1.0e-05)
779.841 .... 2313 packets received, 6080 bps, 76.01%, Err 65 (1.0e-05)
781.950 .... 2321 packets received, 6085 bps, 76.06%, Err 65 (1.0e-05)
784.075 .... 2329 packets received, 6089 bps, 76.12%, Err 65 (1.0e-05)
786.186 .... 2337 packets received, 6094 bps, 76.17%, Err 65 (1.0e-05)
788.274 .... 2345 packets received, 6099 bps, 76.23%, Err 65 (1.0e-05)
790.387 .... 2353 packets received, 6103 bps, 76.29%, Err 65 (1.0e-05)
792.510 .... 2361 packets received, 6107 bps, 76.34%, Err 65 (1.0e-05)
794.616 .... 2369 packets received, 6112 bps, 76.40%, Err 66 (1.0e-05)
796.723 .... 2377 packets received, 6116 bps, 76.45%, Err 66 (1.0e-05)
798.823 .... 2385 packets received, 6121 bps, 76.51%, Err 66 (1.0e-05)
800.969 .... 2393 packets received, 6125 bps, 76.56%, Err 66 (1.0e-05)
803.061 .... 2401 packets received, 6129 bps, 76.61%, Err 66 (1.0e-05)
805.190 .... 2409 packets received, 6133 bps, 76.67%, Err 66 (1.0e-05)
807.280 .... 2417 packets received, 6138 bps, 76.72%, Err 66 (1.0e-05)
809.394 .... 2425 packets received, 6142 bps, 76.77%, Err 66 (1.0e-05)
813.178 .... 2429 packets received, 6123 bps, 76.54%, Err 66 (1.0e-05)
815.279 .... 2437 packets received, 6128 bps, 76.60%, Err 66 (1.0e-05)
818.490 .... 2439 packets received, 6109 bps, 76.36%, Err 66 (1.0e-05)
820.596 .... 2447 packets received, 6113 bps, 76.41%, Err 66 (1.0e-05)
824.036 .... 2450 packets received, 6095 bps, 76.19%, Err 67 (1.0e-05)
826.142 .... 2458 packets received, 6099 bps, 76.24%, Err 67 (1.0e-05)
828.323 .... 2466 packets received, 6103 bps, 76.29%, Err 67 (1.0e-05)
830.429 .... 2474 packets received, 6107 bps, 76.34%, Err 67 (1.0e-05)
832.534 .... 2482 packets received, 6111 bps, 76.39%, Err 67 (1.0e-05)
834.655 .... 2490 packets received, 6115 bps, 76.44%, Err 68 (1.0e-05)
837.564 .... 2491 packets received, 6097 bps, 76.21%, Err 69 (1.0e-05)
839.729 .... 2499 packets received, 6100 bps, 76.26%, Err 69 (1.0e-05)
843.438 .... 2503 packets received, 6083 bps, 76.04%, Err 70 (1.0e-05)
845.615 .... 2511 packets received, 6087 bps, 76.09%, Err 70 (1.0e-05)
847.734 .... 2519 packets received, 6091 bps, 76.14%, Err 70 (1.0e-05)
849.824 .... 2527 packets received, 6095 bps, 76.19%, Err 70 (1.0e-05)
851.960 .... 2535 packets received, 6099 bps, 76.24%, Err 70 (1.0e-05)
854.066 .... 2543 packets received, 6104 bps, 76.29%, Err 70 (1.0e-05)
856.172 .... 2551 packets received, 6108 bps, 76.35%, Err 70 (1.0e-05)
858.270 .... 2559 packets received, 6112 bps, 76.40%, Err 70 (1.0e-05)
860.396 .... 2567 packets received, 6116 bps, 76.45%, Err 70 (1.0e-05)
862.520 .... 2575 packets received, 6120 bps, 76.50%, Err 70 (1.0e-05)
864.626 .... 2583 packets received, 6124 bps, 76.55%, Err 71 (1.0e-05)
868.121 .... 2586 packets received, 6106 bps, 76.33%, Err 71 (1.0e-05)
870.239 .... 2594 packets received, 6110 bps, 76.38%, Err 71 (1.0e-05)
874.975 .... 2602 packets received, 6096 bps, 76.20%, Err 73 (1.0e-05)
877.109 .... 2610 packets received, 6100 bps, 76.25%, Err 73 (1.0e-05)
879.275 .... 2618 packets received, 6103 bps, 76.29%, Err 73 (1.0e-05)
881.381 .... 2626 packets received, 6107 bps, 76.34%, Err 73 (1.0e-05)
883.487 .... 2634 packets received, 6111 bps, 76.39%, Err 73 (1.0e-05)
885.622 .... 2642 packets received, 6115 bps, 76.44%, Err 74 (1.0e-05)
888.515 .... 2643 packets received, 6097 bps, 76.22%, Err 74 (1.0e-05)
890.637 .... 2651 packets received, 6101 bps, 76.27%, Err 74 (1.0e-05)
892.817 .... 2659 packets received, 6105 bps, 76.31%, Err 74 (1.0e-05)
894.937 .... 2667 packets received, 6109 bps, 76.36%, Err 74 (1.0e-05)
897.043 .... 2675 packets received, 6112 bps, 76.41%, Err 74 (1.0e-05)
899.163 .... 2683 packets received, 6116 bps, 76.45%, Err 74 (1.0e-05)
901.281 .... 2691 packets received, 6120 bps, 76.50%, Err 75 (1.0e-05)
904.155 .... 2692 packets received, 6103 bps, 76.29%, Err 75 (1.0e-05)
906.288 .... 2700 packets received, 6107 bps, 76.33%, Err 75 (1.0e-05)
908.389 .... 2708 packets received, 6111 bps, 76.38%, Err 75 (1.0e-05)
910.524 .... 2716 packets received, 6114 bps, 76.43%, Err 75 (1.0e-05)
912.642 .... 2724 packets received, 6118 bps, 76.47%, Err 75 (1.0e-05)
914.745 .... 2732 packets received, 6122 bps, 76.52%, Err 75 (1.0e-05)
916.864 .... 2740 packets received, 6126 bps, 76.57%, Err 75 (1.0e-05)
918.983 .... 2748 packets received, 6129 bps, 76.62%, Err 75 (1.0e-05)
921.086 .... 2756 packets received, 6133 bps, 76.66%, Err 75 (1.0e-05)
923.207 .... 2764 packets received, 6137 bps, 76.71%, Err 75 (1.0e-05)
925.295 .... 2772 packets received, 6141 bps, 76.76%, Err 75 (1.0e-05)
929.802 .... 2779 packets received, 6126 bps, 76.58%, Err 76 (1.0e-05)
931.905 .... 2787 packets received, 6130 bps, 76.62%, Err 76 (1.0e-05)
934.038 .... 2795 packets received, 6134 bps, 76.67%, Err 76 (1.0e-05)
936.127 .... 2803 packets received, 6137 bps, 76.72%, Err 76 (1.0e-05)
938.260 .... 2811 packets received, 6141 bps, 76.76%, Err 76 (1.0e-05)
940.378 .... 2819 packets received, 6144 bps, 76.81%, Err 78 (1.0e-05)
943.280 .... 2820 packets received, 6128 bps, 76.60%, Err 78 (1.0e-05)
948.017 .... 2824 packets received, 6106 bps, 76.32%, Err 79 (1.0e-05)
950.136 .... 2832 packets received, 6109 bps, 76.37%, Err 79 (1.0e-05)
952.253 .... 2840 packets received, 6113 bps, 76.41%, Err 79 (1.0e-05)
954.371 .... 2848 packets received, 6117 bps, 76.46%, Err 79 (1.0e-05)
956.487 .... 2856 packets received, 6120 bps, 76.50%, Err 79 (1.0e-05)
958.605 .... 2864 packets received, 6124 bps, 76.55%, Err 79 (1.0e-05)
960.722 .... 2872 packets received, 6127 bps, 76.59%, Err 79 (1.0e-05)
962.825 .... 2880 packets received, 6131 bps, 76.64%, Err 79 (1.0e-05)
964.944 .... 2888 packets received, 6134 bps, 76.68%, Err 79 (1.0e-05)
967.048 .... 2896 packets received, 6138 bps, 76.73%, Err 79 (1.0e-05)
969.168 .... 2904 packets received, 6142 bps, 76.77%, Err 79 (1.0e-05)
971.272 .... 2912 packets received, 6145 bps, 76.81%, Err 79 (1.0e-05)
973.392 .... 2920 packets received, 6149 bps, 76.86%, Err 79 (1.0e-05)
975.511 .... 2928 packets received, 6152 bps, 76.90%, Err 79 (1.0e-05)
977.615 .... 2936 packets received, 6156 bps, 76.94%, Err 79 (1.0e-05)
979.735 .... 2944 packets received, 6159 bps, 76.99%, Err 79 (1.0e-05)
981.829 .... 2952 packets received, 6162 bps, 77.03%, Err 79 (1.0e-05)
983.953 .... 2960 packets received, 6166 bps, 77.07%, Err 79 (1.0e-05)
986.061 .... 2968 packets received, 6169 bps, 77.12%, Err 79 (1.0e-05)
988.192 .... 2976 packets received, 6173 bps, 77.16%, Err 79 (1.0e-05)
990.297 .... 2984 packets received, 6176 bps, 77.20%, Err 79 (1.0e-05)
992.417 .... 2992 packets received, 6179 bps, 77.24%, Err 79 (1.0e-05)
995.579 .... 2994 packets received, 6164 bps, 77.05%, Err 80 (1.0e-05)
997.681 .... 3002 packets received, 6167 bps, 77.09%, Err 80 (1.0e-05)
1002.190 .... 3009 packets received, 6154 bps, 76.92%, Err 82 (1.0e-05)
1004.293 .... 3017 packets received, 6157 bps, 76.96%, Err 82 (1.0e-05)
1011.242 .... 3023 packets received, 6127 bps, 76.59%, Err 85 (1.1e-05)
1013.331 .... 3031 packets received, 6131 bps, 76.63%, Err 85 (1.0e-05)
1015.482 .... 3039 packets received, 6134 bps, 76.67%, Err 85 (1.0e-05)
1019.815 .... 3043 packets received, 6116 bps, 76.45%, Err 85 (1.0e-05)
1021.904 .... 3051 packets received, 6119 bps, 76.49%, Err 85 (1.0e-05)
1025.129 .... 3053 packets received, 6104 bps, 76.30%, Err 85 (1.0e-05)
1027.250 .... 3061 packets received, 6107 bps, 76.34%, Err 85 (1.0e-05)
1029.385 .... 3069 packets received, 6111 bps, 76.38%, Err 85 (1.0e-05)
1031.489 .... 3077 packets received, 6114 bps, 76.42%, Err 85 (1.0e-05)
1033.608 .... 3085 packets received, 6117 bps, 76.47%, Err 85 (1.0e-05)
1035.697 .... 3093 packets received, 6121 bps, 76.51%, Err 85 (1.0e-05)
1040.193 .... 3100 packets received, 6108 bps, 76.35%, Err 86 (1.0e-05)
1042.389 .... 3108 packets received, 6111 bps, 76.39%, Err 86 (1.0e-05)
1044.510 .... 3116 packets received, 6114 bps, 76.43%, Err 86 (1.0e-05)
1046.614 .... 3124 packets received, 6118 bps, 76.47%, Err 86 (1.0e-05)
1048.718 .... 3132 packets received, 6121 bps, 76.51%, Err 86 (1.0e-05)
1050.836 .... 3140 packets received, 6124 bps, 76.55%, Err 86 (1.0e-05)
1052.942 .... 3148 packets received, 6127 bps, 76.59%, Err 86 (1.0e-05)
1056.710 .... 3152 packets received, 6113 bps, 76.42%, Err 86 (1.0e-05)
1058.842 .... 3160 packets received, 6117 bps, 76.46%, Err 86 (1.0e-05)
1060.958 .... 3168 packets received, 6120 bps, 76.50%, Err 86 (1.0e-05)
1063.059 .... 3176 packets received, 6123 bps, 76.54%, Err 86 (1.0e-05)
1065.159 .... 3184 packets received, 6126 bps, 76.58%, Err 86 (1.0e-05)
1067.291 .... 3192 packets received, 6130 bps, 76.62%, Err 86 (1.0e-05)
1070.775 .... 3195 packets received, 6115 bps, 76.44%, Err 86 (1.0e-05)
1072.909 .... 3203 packets received, 6118 bps, 76.48%, Err 86 (1.0e-05)
1077.720 .... 3211 packets received, 6106 bps, 76.33%, Err 86 (1.0e-05)
1079.839 .... 3219 packets received, 6110 bps, 76.37%, Err 86 (1.0e-05)
1083.806 .... 3224 packets received, 6097 bps, 76.21%, Err 87 (1.0e-05)
1085.969 .... 3232 packets received, 6100 bps, 76.24%, Err 88 (1.0e-05)
1088.887 .... 3233 packets received, 6085 bps, 76.06%, Err 89 (1.0e-05)
1090.991 .... 3241 packets received, 6088 bps, 76.10%, Err 89 (1.0e-05)
1093.186 .... 3249 packets received, 6091 bps, 76.14%, Err 90 (1.0e-05)
1096.092 .... 3250 packets received, 6077 bps, 75.96%, Err 91 (1.0e-05)
1101.434 .... 3255 packets received, 6057 bps, 75.71%, Err 92 (1.0e-05)
1103.552 .... 3263 packets received, 6060 bps, 75.75%, Err 92 (1.0e-05)
1105.670 .... 3271 packets received, 6063 bps, 75.79%, Err 92 (1.0e-05)
1107.789 .... 3279 packets received, 6066 bps, 75.83%, Err 92 (1.0e-05)
1109.892 .... 3287 packets received, 6070 bps, 75.87%, Err 92 (1.0e-05)
1112.012 .... 3295 packets received, 6073 bps, 75.91%, Err 92 (1.0e-05)
1115.699 .... 3299 packets received, 6060 bps, 75.75%, Err 94 (1.1e-05)
1117.829 .... 3307 packets received, 6063 bps, 75.79%, Err 94 (1.1e-05)
1119.929 .... 3315 packets received, 6066 bps, 75.83%, Err 94 (1.0e-05)
1124.152 .... 3321 packets received, 6054 bps, 75.68%, Err 95 (1.1e-05)
1126.270 .... 3329 packets received, 6058 bps, 75.72%, Err 95 (1.1e-05)
1128.387 .... 3337 packets received, 6061 bps, 75.76%, Err 95 (1.1e-05)
1130.490 .... 3345 packets received, 6064 bps, 75.80%, Err 95 (1.1e-05)
1132.608 .... 3353 packets received, 6067 bps, 75.84%, Err 95 (1.0e-05)
1134.696 .... 3361 packets received, 6070 bps, 75.88%, Err 95 (1.0e-05)
1136.844 .... 3369 packets received, 6073 bps, 75.92%, Err 95 (1.0e-05)
1138.947 .... 3377 packets received, 6077 bps, 75.96%, Err 95 (1.0e-05)
1141.064 .... 3385 packets received, 6080 bps, 76.00%, Err 95 (1.0e-05)
1143.167 .... 3393 packets received, 6083 bps, 76.03%, Err 95 (1.0e-05)
1145.283 .... 3401 packets received, 6086 bps, 76.07%, Err 95 (1.0e-05)
1147.402 .... 3409 packets received, 6089 bps, 76.11%, Err 95 (1.0e-05)
1149.506 .... 3417 packets received, 6092 bps, 76.15%, Err 95 (1.0e-05)
1151.625 .... 3425 packets received, 6095 bps, 76.19%, Err 95 (1.0e-05)
1153.729 .... 3433 packets received, 6098 bps, 76.23%, Err 95 (1.0e-05)
1155.848 .... 3441 packets received, 6101 bps, 76.26%, Err 95 (1.0e-05)
1157.952 .... 3449 packets received, 6104 bps, 76.30%, Err 95 (1.0e-05)
1160.071 .... 3457 packets received, 6107 bps, 76.34%, Err 95 (1.0e-05)
1162.175 .... 3465 packets received, 6110 bps, 76.38%, Err 95 (1.0e-05)
1164.295 .... 3473 packets received, 6113 bps, 76.41%, Err 95 (1.0e-05)
1166.399 .... 3481 packets received, 6116 bps, 76.45%, Err 95 (1.0e-05)
1168.518 .... 3489 packets received, 6119 bps, 76.49%, Err 95 (1.0e-05)
1170.623 .... 3497 packets received, 6122 bps, 76.53%, Err 95 (1.0e-05)
1172.742 .... 3505 packets received, 6125 bps, 76.56%, Err 95 (1.0e-05)
1176.961 .... 3511 packets received, 6113 bps, 76.42%, Err 96 (1.0e-05)
1179.077 .... 3519 packets received, 6116 bps, 76.45%, Err 96 (1.0e-05)
1181.194 .... 3527 packets received, 6119 bps, 76.49%, Err 96 (1.0e-05)
1183.297 .... 3535 packets received, 6122 bps, 76.53%, Err 96 (1.0e-05)
1185.419 .... 3543 packets received, 6125 bps, 76.56%, Err 96 (1.0e-05)
1187.523 .... 3551 packets received, 6128 bps, 76.60%, Err 96 (1.0e-05)
1189.631 .... 3559 packets received, 6131 bps, 76.64%, Err 96 (1.0e-05)
1191.723 .... 3567 packets received, 6134 bps, 76.67%, Err 96 (1.0e-05)
1193.856 .... 3575 packets received, 6137 bps, 76.71%, Err 96 (1.0e-05)
1195.965 .... 3583 packets received, 6140 bps, 76.75%, Err 96 (1.0e-05)
1198.076 .... 3591 packets received, 6142 bps, 76.78%, Err 96 (1.0e-05)
1200.183 .... 3599 packets received, 6145 bps, 76.82%, Err 96 (1.0e-05)
1202.292 .... 3607 packets received, 6148 bps, 76.85%, Err 96 (1.0e-05)
1205.996 .... 3611 packets received, 6136 bps, 76.70%, Err 97 (1.0e-05)
1208.106 .... 3619 packets received, 6139 bps, 76.74%, Err 97 (1.0e-05)
1211.361 .... 3621 packets received, 6126 bps, 76.57%, Err 98 (1.0e-05)
1213.449 .... 3629 packets received, 6129 bps, 76.61%, Err 98 (1.0e-05)
1215.568 .... 3637 packets received, 6132 bps, 76.64%, Err 98 (1.0e-05)
1217.690 .... 3645 packets received, 6134 bps, 76.68%, Err 98 (1.0e-05)
1219.808 .... 3653 packets received, 6137 bps, 76.71%, Err 98 (1.0e-05)
1221.896 .... 3661 packets received, 6140 bps, 76.75%, Err 98 (1.0e-05)
1224.014 .... 3669 packets received, 6143 bps, 76.79%, Err 98 (1.0e-05)
1226.133 .... 3677 packets received, 6146 bps, 76.82%, Err 98 (1.0e-05)
1228.254 .... 3685 packets received, 6148 bps, 76.85%, Err 98 (1.0e-05)
1231.420 .... 3687 packets received, 6136 bps, 76.70%, Err 99 (1.0e-05)
1233.524 .... 3695 packets received, 6139 bps, 76.73%, Err 99 (1.0e-05)
1238.378 .... 3701 packets received, 6124 bps, 76.56%, Err 99 (1.0e-05)
1240.480 .... 3709 packets received, 6127 bps, 76.59%, Err 100 (1.0e-05)
1243.715 .... 3711 packets received, 6115 bps, 76.43%, Err 100 (1.0e-05)
1245.819 .... 3719 packets received, 6117 bps, 76.47%, Err 100 (1.0e-05)
1249.042 .... 3721 packets received, 6105 bps, 76.31%, Err 100 (1.0e-05)
1251.161 .... 3729 packets received, 6108 bps, 76.35%, Err 101 (1.0e-05)
1254.067 .... 3730 packets received, 6095 bps, 76.19%, Err 102 (1.0e-05)
1256.215 ..