000.000 =============================================================
000.000                     Station B                               
000.000 -------------------------------------------------------------
000.000 Protocol.lib, version 4.0, jiangyanjun0718@bupt.edu.cn
000.000 Channel: 8000 bps, 270 ms propagation delay, bit error rate 1.0E-05
000.000 Log file "b400.log", TCP port 59144, debug mask 0x00
000.000 Station B is connecting station A (TCP port 59144) ... Done.
000.974 New epoch: Sun Apr  9 13:23:51 2023
000.974 =================================================================
000.974 
000.974 Designed by Li Ruobin, build: Apr  9 2023  13:23:34
003.376 .... 8 packets received, 7706 bps, 96.33%, Err 0 (0.0e+00)
005.486 .... 16 packets received, 7736 bps, 96.69%, Err 0 (0.0e+00)
008.938 .... 19 packets received, 5061 bps, 63.27%, Err 1 (1.6e-05)
011.050 .... 27 packets received, 5642 bps, 70.53%, Err 1 (1.2e-05)
013.174 .... 35 packets received, 6011 bps, 75.14%, Err 1 (1.0e-05)
017.931 .... 43 packets received, 5279 bps, 65.99%, Err 2 (1.5e-05)
020.046 .... 51 packets received, 5557 bps, 69.46%, Err 2 (1.3e-05)
022.180 .... 59 packets received, 5773 bps, 72.16%, Err 2 (1.2e-05)
026.170 .... 63 packets received, 5178 bps, 64.72%, Err 2 (9.9e-06)
028.279 .... 71 packets received, 5380 bps, 67.25%, Err 2 (9.2e-06)
031.451 .... 73 packets received, 4950 bps, 61.88%, Err 4 (1.6e-05)
033.595 .... 81 packets received, 5129 bps, 64.11%, Err 4 (1.5e-05)
036.763 .... 83 packets received, 4787 bps, 59.83%, Err 4 (1.4e-05)
038.860 .... 91 packets received, 4955 bps, 61.94%, Err 4 (1.3e-05)
041.771 .... 92 packets received, 4650 bps, 58.12%, Err 6 (1.8e-05)
043.907 .... 100 packets received, 4801 bps, 60.01%, Err 6 (1.7e-05)
047.612 .... 103 packets received, 4550 bps, 56.87%, Err 6 (1.6e-05)
049.742 .... 111 packets received, 4688 bps, 58.60%, Err 6 (1.5e-05)
052.937 .... 113 packets received, 4477 bps, 55.97%, Err 6 (1.4e-05)
055.032 .... 121 packets received, 4608 bps, 57.60%, Err 6 (1.4e-05)
058.235 .... 123 packets received, 4421 bps, 55.26%, Err 6 (1.3e-05)
060.372 .... 131 packets received, 4538 bps, 56.72%, Err 6 (1.3e-05)
063.548 .... 133 packets received, 4372 bps, 54.65%, Err 6 (1.2e-05)
065.650 .... 141 packets received, 4484 bps, 56.05%, Err 6 (1.2e-05)
068.823 .... 143 packets received, 4334 bps, 54.18%, Err 6 (1.1e-05)
070.948 .... 151 packets received, 4437 bps, 55.46%, Err 6 (1.1e-05)
074.145 .... 153 packets received, 4299 bps, 53.73%, Err 7 (1.2e-05)
076.261 .... 161 packets received, 4396 bps, 54.95%, Err 7 (1.2e-05)
079.457 .... 163 packets received, 4268 bps, 53.36%, Err 7 (1.1e-05)
081.551 .... 171 packets received, 4361 bps, 54.51%, Err 7 (1.1e-05)
084.755 .... 173 packets received, 4243 bps, 53.04%, Err 8 (1.2e-05)
086.861 .... 181 packets received, 4330 bps, 54.12%, Err 8 (1.2e-05)
090.044 .... 183 packets received, 4221 bps, 52.76%, Err 8 (1.1e-05)
092.174 .... 191 packets received, 4302 bps, 53.78%, Err 8 (1.1e-05)
095.339 .... 193 packets received, 4201 bps, 52.51%, Err 8 (1.1e-05)
097.448 .... 201 packets received, 4279 bps, 53.49%, Err 8 (1.0e-05)
100.658 .... 203 packets received, 4182 bps, 52.28%, Err 8 (1.0e-05)
102.781 .... 211 packets received, 4256 bps, 53.20%, Err 8 (9.8e-06)
104.888 .... 219 packets received, 4328 bps, 54.10%, Err 8 (9.6e-06)
107.001 .... 227 packets received, 4396 bps, 54.95%, Err 8 (9.4e-06)
109.107 .... 235 packets received, 4462 bps, 55.78%, Err 8 (9.3e-06)
113.060 .... 240 packets received, 4396 bps, 54.95%, Err 9 (1.0e-05)
115.172 .... 248 packets received, 4458 bps, 55.73%, Err 9 (9.9e-06)
117.297 .... 256 packets received, 4518 bps, 56.47%, Err 9 (9.7e-06)
119.403 .... 264 packets received, 4576 bps, 57.20%, Err 9 (9.5e-06)
121.527 .... 272 packets received, 4631 bps, 57.89%, Err 10 (1.0e-05)
125.748 .... 278 packets received, 4573 bps, 57.16%, Err 13 (1.3e-05)
127.843 .... 286 packets received, 4627 bps, 57.84%, Err 13 (1.3e-05)
129.996 .... 294 packets received, 4677 bps, 58.46%, Err 13 (1.3e-05)
132.093 .... 302 packets received, 4727 bps, 59.09%, Err 13 (1.2e-05)
134.204 .... 310 packets received, 4775 bps, 59.69%, Err 13 (1.2e-05)
136.315 .... 318 packets received, 4822 bps, 60.27%, Err 13 (1.2e-05)
138.432 .... 326 packets received, 4867 bps, 60.84%, Err 13 (1.2e-05)
140.520 .... 334 packets received, 4912 bps, 61.39%, Err 13 (1.2e-05)
142.641 .... 342 packets received, 4954 bps, 61.92%, Err 13 (1.1e-05)
145.809 .... 344 packets received, 4874 bps, 60.92%, Err 15 (1.3e-05)
147.926 .... 352 packets received, 4915 bps, 61.44%, Err 15 (1.3e-05)
150.047 .... 360 packets received, 4955 bps, 61.94%, Err 15 (1.3e-05)
152.161 .... 368 packets received, 4994 bps, 62.43%, Err 15 (1.2e-05)
154.265 .... 376 packets received, 5033 bps, 62.91%, Err 15 (1.2e-05)
156.386 .... 384 packets received, 5069 bps, 63.37%, Err 15 (1.2e-05)
158.490 .... 392 packets received, 5106 bps, 63.82%, Err 15 (1.2e-05)
160.610 .... 400 packets received, 5141 bps, 64.26%, Err 15 (1.2e-05)
162.714 .... 408 packets received, 5175 bps, 64.69%, Err 15 (1.2e-05)
164.830 .... 416 packets received, 5208 bps, 65.10%, Err 15 (1.1e-05)
166.951 .... 424 packets received, 5240 bps, 65.51%, Err 15 (1.1e-05)
169.051 .... 432 packets received, 5273 bps, 65.91%, Err 15 (1.1e-05)
171.173 .... 440 packets received, 5303 bps, 66.29%, Err 15 (1.1e-05)
173.284 .... 448 packets received, 5333 bps, 66.67%, Err 15 (1.1e-05)
177.498 .... 454 packets received, 5275 bps, 65.94%, Err 16 (1.1e-05)
179.616 .... 462 packets received, 5305 bps, 66.31%, Err 16 (1.1e-05)
181.733 .... 470 packets received, 5333 bps, 66.67%, Err 16 (1.1e-05)
183.839 .... 478 packets received, 5361 bps, 67.02%, Err 16 (1.1e-05)
185.958 .... 486 packets received, 5389 bps, 67.36%, Err 16 (1.1e-05)
188.078 .... 494 packets received, 5415 bps, 67.69%, Err 16 (1.1e-05)
190.191 .... 502 packets received, 5441 bps, 68.02%, Err 16 (1.1e-05)
192.300 .... 510 packets received, 5467 bps, 68.34%, Err 16 (1.0e-05)
194.412 .... 518 packets received, 5492 bps, 68.65%, Err 16 (1.0e-05)
196.524 .... 526 packets received, 5517 bps, 68.96%, Err 16 (1.0e-05)
201.277 .... 534 packets received, 5467 bps, 68.34%, Err 17 (1.1e-05)
203.388 .... 542 packets received, 5491 bps, 68.64%, Err 17 (1.0e-05)
205.500 .... 550 packets received, 5515 bps, 68.94%, Err 17 (1.0e-05)
207.624 .... 558 packets received, 5537 bps, 69.22%, Err 17 (1.0e-05)
209.718 .... 566 packets received, 5560 bps, 69.51%, Err 17 (1.0e-05)
211.849 .... 574 packets received, 5582 bps, 69.77%, Err 17 (1.0e-05)
213.962 .... 582 packets received, 5604 bps, 70.04%, Err 17 (1.0e-05)
216.064 .... 590 packets received, 5625 bps, 70.31%, Err 17 (9.9e-06)
218.183 .... 598 packets received, 5646 bps, 70.57%, Err 17 (9.8e-06)
220.282 .... 606 packets received, 5666 bps, 70.83%, Err 17 (9.7e-06)
222.407 .... 614 packets received, 5686 bps, 71.07%, Err 18 (1.0e-05)
225.306 .... 615 packets received, 5621 bps, 70.27%, Err 18 (1.0e-05)
227.470 .... 623 packets received, 5640 bps, 70.50%, Err 18 (9.9e-06)
229.560 .... 631 packets received, 5660 bps, 70.75%, Err 18 (9.8e-06)
233.313 .... 635 packets received, 5604 bps, 70.05%, Err 18 (9.7e-06)
235.401 .... 643 packets received, 5624 bps, 70.30%, Err 18 (9.6e-06)
237.515 .... 651 packets received, 5643 bps, 70.54%, Err 18 (9.5e-06)
239.628 .... 659 packets received, 5662 bps, 70.77%, Err 18 (9.4e-06)
241.751 .... 667 packets received, 5680 bps, 71.00%, Err 18 (9.3e-06)
243.859 .... 675 packets received, 5698 bps, 71.23%, Err 18 (9.3e-06)
245.957 .... 683 packets received, 5716 bps, 71.45%, Err 18 (9.2e-06)
248.085 .... 691 packets received, 5733 bps, 71.67%, Err 18 (9.1e-06)
250.201 .... 699 packets received, 5750 bps, 71.88%, Err 18 (9.0e-06)
252.293 .... 707 packets received, 5768 bps, 72.10%, Err 18 (9.0e-06)
254.406 .... 715 packets received, 5784 bps, 72.30%, Err 18 (8.9e-06)
256.516 .... 723 packets received, 5801 bps, 72.51%, Err 18 (8.8e-06)
258.645 .... 731 packets received, 5816 bps, 72.70%, Err 18 (8.7e-06)
260.750 .... 739 packets received, 5832 bps, 72.90%, Err 18 (8.7e-06)
264.461 .... 743 packets received, 5781 bps, 72.26%, Err 18 (8.5e-06)
266.603 .... 751 packets received, 5796 bps, 72.45%, Err 18 (8.5e-06)
268.698 .... 759 packets received, 5812 bps, 72.65%, Err 18 (8.4e-06)
272.948 .... 765 packets received, 5766 bps, 72.08%, Err 18 (8.3e-06)
275.060 .... 773 packets received, 5782 bps, 72.27%, Err 18 (8.2e-06)
278.755 .... 777 packets received, 5734 bps, 71.68%, Err 19 (8.6e-06)
280.894 .... 785 packets received, 5749 bps, 71.86%, Err 19 (8.5e-06)
283.018 .... 793 packets received, 5764 bps, 72.05%, Err 19 (8.4e-06)
285.144 .... 801 packets received, 5778 bps, 72.23%, Err 19 (8.4e-06)
287.253 .... 809 packets received, 5793 bps, 72.41%, Err 19 (8.3e-06)
290.964 .... 813 packets received, 5747 bps, 71.84%, Err 19 (8.2e-06)
293.075 .... 821 packets received, 5762 bps, 72.02%, Err 19 (8.1e-06)
296.248 .... 823 packets received, 5714 bps, 71.42%, Err 19 (8.0e-06)
298.389 .... 831 packets received, 5728 bps, 71.59%, Err 19 (8.0e-06)
301.556 .... 833 packets received, 5681 bps, 71.01%, Err 20 (8.3e-06)
303.670 .... 841 packets received, 5695 bps, 71.19%, Err 20 (8.3e-06)
305.791 .... 849 packets received, 5709 bps, 71.37%, Err 21 (8.6e-06)
308.671 .... 850 packets received, 5663 bps, 70.78%, Err 21 (8.5e-06)
310.798 .... 858 packets received, 5677 bps, 70.96%, Err 21 (8.5e-06)
312.927 .... 866 packets received, 5690 bps, 71.13%, Err 21 (8.4e-06)
316.614 .... 870 packets received, 5650 bps, 70.62%, Err 22 (8.7e-06)
318.727 .... 878 packets received, 5664 bps, 70.80%, Err 22 (8.7e-06)
322.704 .... 883 packets received, 5626 bps, 70.32%, Err 23 (8.9e-06)
327.976 .... 888 packets received, 5566 bps, 69.58%, Err 24 (9.2e-06)
330.083 .... 896 packets received, 5580 bps, 69.75%, Err 24 (9.1e-06)
334.583 .... 902 packets received, 5542 bps, 69.27%, Err 25 (9.4e-06)
336.696 .... 910 packets received, 5556 bps, 69.45%, Err 25 (9.3e-06)
338.813 .... 918 packets received, 5570 bps, 69.62%, Err 25 (9.3e-06)
340.918 .... 926 packets received, 5583 bps, 69.79%, Err 25 (9.2e-06)
343.038 .... 934 packets received, 5597 bps, 69.96%, Err 25 (9.1e-06)
345.150 .... 942 packets received, 5610 bps, 70.12%, Err 25 (9.1e-06)
347.263 .... 950 packets received, 5623 bps, 70.29%, Err 25 (9.0e-06)
349.365 .... 958 packets received, 5636 bps, 70.45%, Err 25 (9.0e-06)
351.481 .... 966 packets received, 5649 bps, 70.61%, Err 25 (8.9e-06)
353.581 .... 974 packets received, 5662 bps, 70.77%, Err 25 (8.9e-06)
355.710 .... 982 packets received, 5674 bps, 70.92%, Err 25 (8.8e-06)
357.825 .... 990 packets received, 5686 bps, 71.08%, Err 25 (8.8e-06)
359.927 .... 998 packets received, 5698 bps, 71.23%, Err 25 (8.7e-06)
362.044 .... 1006 packets received, 5710 bps, 71.38%, Err 25 (8.7e-06)
364.149 .... 1014 packets received, 5722 bps, 71.53%, Err 25 (8.6e-06)
366.268 .... 1022 packets received, 5734 bps, 71.68%, Err 25 (8.6e-06)
370.485 .... 1028 packets received, 5702 bps, 71.27%, Err 26 (8.8e-06)
372.600 .... 1036 packets received, 5714 bps, 71.42%, Err 26 (8.7e-06)
374.722 .... 1044 packets received, 5725 bps, 71.56%, Err 26 (8.7e-06)
376.827 .... 1052 packets received, 5736 bps, 71.71%, Err 26 (8.6e-06)
381.314 .... 1059 packets received, 5706 bps, 71.33%, Err 27 (8.9e-06)
386.604 .... 1067 packets received, 5671 bps, 70.88%, Err 29 (9.4e-06)
388.726 .... 1075 packets received, 5682 bps, 71.02%, Err 29 (9.3e-06)
390.845 .... 1083 packets received, 5693 bps, 71.16%, Err 29 (9.3e-06)
392.946 .... 1091 packets received, 5704 bps, 71.30%, Err 29 (9.2e-06)
396.918 .... 1096 packets received, 5673 bps, 70.91%, Err 30 (9.5e-06)
399.023 .... 1104 packets received, 5684 bps, 71.05%, Err 30 (9.4e-06)
401.129 .... 1112 packets received, 5695 bps, 71.19%, Err 30 (9.4e-06)
403.249 .... 1120 packets received, 5706 bps, 71.32%, Err 30 (9.3e-06)
405.355 .... 1128 packets received, 5717 bps, 71.46%, Err 30 (9.3e-06)
407.462 .... 1136 packets received, 5727 bps, 71.59%, Err 30 (9.2e-06)
409.585 .... 1144 packets received, 5738 bps, 71.72%, Err 30 (9.2e-06)
414.335 .... 1152 packets received, 5711 bps, 71.39%, Err 31 (9.4e-06)
416.438 .... 1160 packets received, 5722 bps, 71.52%, Err 31 (9.3e-06)
418.586 .... 1168 packets received, 5732 bps, 71.65%, Err 32 (9.6e-06)
420.703 .... 1176 packets received, 5742 bps, 71.77%, Err 32 (9.5e-06)
422.807 .... 1184 packets received, 5752 bps, 71.90%, Err 32 (9.5e-06)
424.922 .... 1192 packets received, 5762 bps, 72.03%, Err 32 (9.4e-06)
427.032 .... 1200 packets received, 5772 bps, 72.15%, Err 32 (9.4e-06)
430.473 .... 1203 packets received, 5740 bps, 71.75%, Err 33 (9.6e-06)
432.586 .... 1211 packets received, 5750 bps, 71.87%, Err 33 (9.6e-06)
434.728 .... 1219 packets received, 5759 bps, 71.99%, Err 33 (9.5e-06)
436.852 .... 1227 packets received, 5769 bps, 72.11%, Err 33 (9.5e-06)
440.817 .... 1232 packets received, 5740 bps, 71.75%, Err 35 (9.9e-06)
446.131 .... 1240 packets received, 5708 bps, 71.35%, Err 36 (1.0e-05)
448.220 .... 1248 packets received, 5718 bps, 71.48%, Err 36 (1.0e-05)
450.385 .... 1256 packets received, 5727 bps, 71.59%, Err 36 (1.0e-05)
452.497 .... 1264 packets received, 5737 bps, 71.71%, Err 36 (1.0e-05)
456.463 .... 1269 packets received, 5709 bps, 71.37%, Err 37 (1.0e-05)
458.582 .... 1277 packets received, 5719 bps, 71.48%, Err 37 (1.0e-05)
460.716 .... 1285 packets received, 5728 bps, 71.60%, Err 37 (1.0e-05)
464.430 .... 1289 packets received, 5699 bps, 71.24%, Err 37 (1.0e-05)
469.180 .... 1297 packets received, 5677 bps, 70.96%, Err 38 (1.0e-05)
471.298 .... 1305 packets received, 5686 bps, 71.07%, Err 38 (1.0e-05)
473.468 .... 1313 packets received, 5694 bps, 71.18%, Err 38 (1.0e-05)
475.556 .... 1321 packets received, 5704 bps, 71.30%, Err 38 (1.0e-05)
477.672 .... 1329 packets received, 5713 bps, 71.41%, Err 38 (1.0e-05)
479.771 .... 1337 packets received, 5722 bps, 71.53%, Err 38 (9.9e-06)
481.889 .... 1345 packets received, 5731 bps, 71.64%, Err 38 (9.9e-06)
484.009 .... 1353 packets received, 5740 bps, 71.75%, Err 38 (9.8e-06)
487.692 .... 1357 packets received, 5713 bps, 71.41%, Err 39 (1.0e-05)
489.812 .... 1365 packets received, 5722 bps, 71.52%, Err 39 (1.0e-05)
491.962 .... 1373 packets received, 5730 bps, 71.63%, Err 39 (9.9e-06)
496.485 .... 1380 packets received, 5707 bps, 71.34%, Err 39 (9.8e-06)
500.972 .... 1387 packets received, 5684 bps, 71.05%, Err 41 (1.0e-05)
503.107 .... 1395 packets received, 5693 bps, 71.16%, Err 41 (1.0e-05)
505.220 .... 1403 packets received, 5701 bps, 71.27%, Err 41 (1.0e-05)
509.453 .... 1409 packets received, 5678 bps, 70.98%, Err 42 (1.0e-05)
514.726 .... 1417 packets received, 5652 bps, 70.65%, Err 43 (1.0e-05)
516.838 .... 1425 packets received, 5660 bps, 70.75%, Err 43 (1.0e-05)
518.948 .... 1433 packets received, 5669 bps, 70.86%, Err 43 (1.0e-05)
521.066 .... 1441 packets received, 5677 bps, 70.97%, Err 43 (1.0e-05)
523.176 .... 1449 packets received, 5686 bps, 71.07%, Err 43 (1.0e-05)
525.310 .... 1457 packets received, 5694 bps, 71.17%, Err 43 (1.0e-05)
527.411 .... 1465 packets received, 5702 bps, 71.28%, Err 43 (1.0e-05)
529.518 .... 1473 packets received, 5711 bps, 71.38%, Err 43 (1.0e-05)
531.623 .... 1481 packets received, 5719 bps, 71.48%, Err 43 (1.0e-05)
533.741 .... 1489 packets received, 5727 bps, 71.59%, Err 43 (1.0e-05)
535.851 .... 1497 packets received, 5735 bps, 71.69%, Err 43 (1.0e-05)
537.973 .... 1505 packets received, 5743 bps, 71.78%, Err 43 (1.0e-05)
540.096 .... 1513 packets received, 5750 bps, 71.88%, Err 43 (1.0e-05)
542.181 .... 1521 packets received, 5759 bps, 71.98%, Err 43 (9.9e-06)
544.306 .... 1529 packets received, 5766 bps, 72.08%, Err 43 (9.9e-06)
546.414 .... 1537 packets received, 5774 bps, 72.17%, Err 43 (9.9e-06)
548.510 .... 1545 packets received, 5782 bps, 72.27%, Err 43 (9.8e-06)
552.213 .... 1549 packets received, 5758 bps, 71.97%, Err 44 (1.0e-05)
554.346 .... 1557 packets received, 5765 bps, 72.07%, Err 44 (9.9e-06)
556.445 .... 1565 packets received, 5773 bps, 72.16%, Err 44 (9.9e-06)
558.555 .... 1573 packets received, 5781 bps, 72.26%, Err 44 (9.9e-06)
560.680 .... 1581 packets received, 5788 bps, 72.35%, Err 44 (9.8e-06)
562.792 .... 1589 packets received, 5795 bps, 72.44%, Err 44 (9.8e-06)
564.900 .... 1597 packets received, 5803 bps, 72.53%, Err 44 (9.8e-06)
567.018 .... 1605 packets received, 5810 bps, 72.62%, Err 45 (9.9e-06)
569.119 .... 1613 packets received, 5817 bps, 72.72%, Err 45 (9.9e-06)
571.227 .... 1621 packets received, 5824 bps, 72.81%, Err 45 (9.9e-06)
573.355 .... 1629 packets received, 5831 bps, 72.89%, Err 45 (9.8e-06)
578.107 .... 1637 packets received, 5812 bps, 72.65%, Err 46 (1.0e-05)
580.217 .... 1645 packets received, 5819 bps, 72.74%, Err 46 (9.9e-06)
582.325 .... 1653 packets received, 5826 bps, 72.83%, Err 46 (9.9e-06)
584.432 .... 1661 packets received, 5833 bps, 72.91%, Err 46 (9.9e-06)
586.526 .... 1669 packets received, 5840 bps, 73.00%, Err 46 (9.8e-06)
588.668 .... 1677 packets received, 5847 bps, 73.08%, Err 46 (9.8e-06)
592.347 .... 1681 packets received, 5824 bps, 72.80%, Err 49 (1.0e-05)
595.519 .... 1682 packets received, 5797 bps, 72.46%, Err 49 (1.0e-05)
597.650 .... 1690 packets received, 5803 bps, 72.54%, Err 49 (1.0e-05)
599.755 .... 1698 packets received, 5810 bps, 72.63%, Err 49 (1.0e-05)
603.970 .... 1704 packets received, 5790 bps, 72.38%, Err 50 (1.0e-05)
606.061 .... 1712 packets received, 5797 bps, 72.46%, Err 50 (1.0e-05)
608.196 .... 1720 packets received, 5804 bps, 72.55%, Err 50 (1.0e-05)
610.302 .... 1728 packets received, 5811 bps, 72.63%, Err 50 (1.0e-05)
612.416 .... 1736 packets received, 5817 bps, 72.72%, Err 50 (1.0e-05)
614.528 .... 1744 packets received, 5824 bps, 72.80%, Err 50 (1.0e-05)
616.633 .... 1752 packets received, 5831 bps, 72.88%, Err 50 (1.0e-05)
620.863 .... 1758 packets received, 5811 bps, 72.63%, Err 51 (1.0e-05)
622.972 .... 1766 packets received, 5817 bps, 72.72%, Err 51 (1.0e-05)
625.141 .... 1774 packets received, 5823 bps, 72.79%, Err 51 (1.0e-05)
627.237 .... 1782 packets received, 5830 bps, 72.88%, Err 51 (1.0e-05)
629.346 .... 1790 packets received, 5837 bps, 72.96%, Err 51 (1.0e-05)
631.463 .... 1798 packets received, 5843 bps, 73.04%, Err 51 (1.0e-05)
633.559 .... 1806 packets received, 5849 bps, 73.12%, Err 51 (1.0e-05)
635.685 .... 1814 packets received, 5856 bps, 73.20%, Err 51 (1.0e-05)
637.792 .... 1822 packets received, 5862 bps, 73.28%, Err 51 (1.0e-05)
639.923 .... 1830 packets received, 5868 bps, 73.35%, Err 51 (1.0e-05)
642.035 .... 1838 packets received, 5874 bps, 73.43%, Err 51 (9.9e-06)
645.758 .... 1842 packets received, 5853 bps, 73.16%, Err 52 (1.0e-05)
647.853 .... 1850 packets received, 5860 bps, 73.24%, Err 52 (1.0e-05)
649.963 .... 1858 packets received, 5866 bps, 73.32%, Err 53 (1.0e-05)
652.870 .... 1859 packets received, 5843 bps, 73.03%, Err 53 (1.0e-05)
654.994 .... 1867 packets received, 5849 bps, 73.11%, Err 53 (1.0e-05)
657.154 .... 1875 packets received, 5855 bps, 73.18%, Err 53 (1.0e-05)
659.248 .... 1883 packets received, 5861 bps, 73.26%, Err 53 (1.0e-05)
661.371 .... 1891 packets received, 5867 bps, 73.33%, Err 53 (1.0e-05)
663.480 .... 1899 packets received, 5873 bps, 73.41%, Err 54 (1.0e-05)
666.378 .... 1900 packets received, 5850 bps, 73.13%, Err 54 (1.0e-05)
668.508 .... 1908 packets received, 5856 bps, 73.20%, Err 54 (1.0e-05)
670.631 .... 1916 packets received, 5862 bps, 73.28%, Err 54 (1.0e-05)
672.749 .... 1924 packets received, 5868 bps, 73.35%, Err 54 (1.0e-05)
674.861 .... 1932 packets received, 5874 bps, 73.42%, Err 54 (1.0e-05)
676.966 .... 1940 packets received, 5880 bps, 73.50%, Err 54 (1.0e-05)
679.080 .... 1948 packets received, 5886 bps, 73.57%, Err 54 (1.0e-05)
683.578 .... 1955 packets received, 5868 bps, 73.35%, Err 55 (1.0e-05)
685.695 .... 1963 packets received, 5874 bps, 73.42%, Err 55 (1.0e-05)
687.843 .... 1971 packets received, 5879 bps, 73.49%, Err 55 (1.0e-05)
689.948 .... 1979 packets received, 5885 bps, 73.56%, Err 55 (1.0e-05)
693.361 .... 1982 packets received, 5865 bps, 73.31%, Err 57 (1.0e-05)
695.493 .... 1990 packets received, 5870 bps, 73.38%, Err 57 (1.0e-05)
697.654 .... 1998 packets received, 5876 bps, 73.45%, Err 57 (1.0e-05)
699.764 .... 2006 packets received, 5881 bps, 73.52%, Err 57 (1.0e-05)
701.885 .... 2014 packets received, 5887 bps, 73.59%, Err 57 (1.0e-05)
703.969 .... 2022 packets received, 5893 bps, 73.66%, Err 57 (1.0e-05)
706.098 .... 2030 packets received, 5898 bps, 73.73%, Err 57 (1.0e-05)
710.050 .... 2035 packets received, 5880 bps, 73.50%, Err 58 (1.0e-05)
712.168 .... 2043 packets received, 5885 bps, 73.57%, Err 58 (1.0e-05)
715.876 .... 2047 packets received, 5866 bps, 73.33%, Err 61 (1.1e-05)
717.978 .... 2055 packets received, 5872 bps, 73.40%, Err 61 (1.1e-05)
722.220 .... 2061 packets received, 5855 bps, 73.18%, Err 62 (1.1e-05)
724.319 .... 2069 packets received, 5860 bps, 73.25%, Err 62 (1.1e-05)
729.066 .... 2077 packets received, 5844 bps, 73.06%, Err 63 (1.1e-05)
731.183 .... 2085 packets received, 5850 bps, 73.12%, Err 63 (1.1e-05)
733.305 .... 2093 packets received, 5855 bps, 73.19%, Err 63 (1.1e-05)
735.423 .... 2101 packets received, 5861 bps, 73.26%, Err 63 (1.1e-05)
737.523 .... 2109 packets received, 5866 bps, 73.33%, Err 63 (1.1e-05)
739.626 .... 2117 packets received, 5872 bps, 73.40%, Err 63 (1.1e-05)
741.741 .... 2125 packets received, 5877 bps, 73.46%, Err 63 (1.1e-05)
743.859 .... 2133 packets received, 5882 bps, 73.53%, Err 63 (1.1e-05)
745.969 .... 2141 packets received, 5888 bps, 73.60%, Err 63 (1.1e-05)
748.068 .... 2149 packets received, 5893 bps, 73.67%, Err 63 (1.1e-05)
750.196 .... 2157 packets received, 5898 bps, 73.73%, Err 63 (1.1e-05)
752.312 .... 2165 packets received, 5904 bps, 73.79%, Err 63 (1.0e-05)
754.424 .... 2173 packets received, 5909 bps, 73.86%, Err 63 (1.0e-05)
756.525 .... 2181 packets received, 5914 bps, 73.92%, Err 63 (1.0e-05)
758.648 .... 2189 packets received, 5919 bps, 73.99%, Err 63 (1.0e-05)
760.757 .... 2197 packets received, 5924 bps, 74.05%, Err 63 (1.0e-05)
762.847 .... 2205 packets received, 5929 bps, 74.12%, Err 63 (1.0e-05)
764.986 .... 2213 packets received, 5934 bps, 74.18%, Err 63 (1.0e-05)
767.086 .... 2221 packets received, 5939 bps, 74.24%, Err 63 (1.0e-05)
769.195 .... 2229 packets received, 5944 bps, 74.31%, Err 63 (1.0e-05)
771.316 .... 2237 packets received, 5949 bps, 74.37%, Err 63 (1.0e-05)
773.408 .... 2245 packets received, 5954 bps, 74.43%, Err 63 (1.0e-05)
776.860 .... 2248 packets received, 5936 bps, 74.20%, Err 64 (1.0e-05)
778.976 .... 2256 packets received, 5941 bps, 74.26%, Err 64 (1.0e-05)
781.096 .... 2264 packets received, 5946 bps, 74.32%, Err 64 (1.0e-05)
783.212 .... 2272 packets received, 5950 bps, 74.38%, Err 64 (1.0e-05)
786.642 .... 2275 packets received, 5932 bps, 74.15%, Err 65 (1.0e-05)
788.753 .... 2283 packets received, 5937 bps, 74.22%, Err 65 (1.0e-05)
790.856 .... 2291 packets received, 5942 bps, 74.28%, Err 65 (1.0e-05)
792.973 .... 2299 packets received, 5947 bps, 74.34%, Err 65 (1.0e-05)
795.104 .... 2307 packets received, 5952 bps, 74.40%, Err 65 (1.0e-05)
797.215 .... 2315 packets received, 5956 bps, 74.46%, Err 65 (1.0e-05)
799.330 .... 2323 packets received, 5961 bps, 74.51%, Err 65 (1.0e-05)
801.417 .... 2331 packets received, 5966 bps, 74.58%, Err 65 (1.0e-05)
805.638 .... 2337 packets received, 5950 bps, 74.38%, Err 66 (1.0e-05)
807.751 .... 2345 packets received, 5955 bps, 74.44%, Err 66 (1.0e-05)
809.894 .... 2353 packets received, 5959 bps, 74.49%, Err 66 (1.0e-05)
812.014 .... 2361 packets received, 5964 bps, 74.55%, Err 66 (1.0e-05)
814.134 .... 2369 packets received, 5969 bps, 74.61%, Err 67 (1.0e-05)
818.338 .... 2375 packets received, 5953 bps, 74.41%, Err 68 (1.0e-05)
820.438 .... 2383 packets received, 5958 bps, 74.47%, Err 68 (1.0e-05)
822.600 .... 2391 packets received, 5962 bps, 74.52%, Err 68 (1.0e-05)
824.733 .... 2399 packets received, 5966 bps, 74.58%, Err 68 (1.0e-05)
826.807 .... 2407 packets received, 5971 bps, 74.64%, Err 68 (1.0e-05)
828.934 .... 2415 packets received, 5976 bps, 74.70%, Err 68 (1.0e-05)
832.144 .... 2417 packets received, 5957 bps, 74.47%, Err 68 (1.0e-05)
834.255 .... 2425 packets received, 5962 bps, 74.53%, Err 68 (1.0e-05)
836.356 .... 2433 packets received, 5967 bps, 74.58%, Err 68 (1.0e-05)
838.481 .... 2441 packets received, 5971 bps, 74.64%, Err 68 (1.0e-05)
842.755 .... 2447 packets received, 5955 bps, 74.44%, Err 68 (1.0e-05)
844.846 .... 2455 packets received, 5960 bps, 74.50%, Err 68 (1.0e-05)
846.963 .... 2463 packets received, 5964 bps, 74.56%, Err 68 (1.0e-05)
849.059 .... 2471 packets received, 5969 bps, 74.61%, Err 68 (1.0e-05)
851.176 .... 2479 packets received, 5973 bps, 74.67%, Err 68 (1.0e-05)
855.176 .... 2484 packets received, 5957 bps, 74.47%, Err 68 (1.0e-05)
857.298 .... 2492 packets received, 5962 bps, 74.52%, Err 68 (9.9e-06)
859.384 .... 2500 packets received, 5966 bps, 74.58%, Err 69 (1.0e-05)
861.508 .... 2508 packets received, 5971 bps, 74.63%, Err 69 (1.0e-05)
863.627 .... 2516 packets received, 5975 bps, 74.69%, Err 69 (1.0e-05)
867.842 .... 2522 packets received, 5960 bps, 74.50%, Err 70 (1.0e-05)
873.169 .... 2529 packets received, 5940 bps, 74.25%, Err 71 (1.0e-05)
875.300 .... 2537 packets received, 5944 bps, 74.31%, Err 71 (1.0e-05)
877.419 .... 2545 packets received, 5949 bps, 74.36%, Err 71 (1.0e-05)
879.525 .... 2553 packets received, 5953 bps, 74.41%, Err 71 (1.0e-05)
881.671 .... 2561 packets received, 5957 bps, 74.47%, Err 71 (1.0e-05)
883.760 .... 2569 packets received, 5962 bps, 74.52%, Err 71 (1.0e-05)
885.875 .... 2577 packets received, 5966 bps, 74.58%, Err 71 (1.0e-05)
887.988 .... 2585 packets received, 5970 bps, 74.63%, Err 71 (1.0e-05)
890.092 .... 2593 packets received, 5975 bps, 74.68%, Err 72 (1.0e-05)
892.209 .... 2601 packets received, 5979 bps, 74.73%, Err 72 (1.0e-05)
894.343 .... 2609 packets received, 5983 bps, 74.79%, Err 72 (1.0e-05)
896.415 .... 2617 packets received, 5987 bps, 74.84%, Err 72 (1.0e-05)
899.606 .... 2619 packets received, 5971 bps, 74.63%, Err 73 (1.0e-05)
901.739 .... 2627 packets received, 5975 bps, 74.68%, Err 73 (1.0e-05)
903.868 .... 2635 packets received, 5979 bps, 74.73%, Err 73 (1.0e-05)
905.975 .... 2643 packets received, 5983 bps, 74.79%, Err 73 (1.0e-05)
908.084 .... 2651 packets received, 5987 bps, 74.84%, Err 73 (1.0e-05)
910.204 .... 2659 packets received, 5991 bps, 74.89%, Err 73 (1.0e-05)
912.306 .... 2667 packets received, 5995 bps, 74.94%, Err 73 (1.0e-05)
914.423 .... 2675 packets received, 5999 bps, 74.99%, Err 73 (1.0e-05)
916.535 .... 2683 packets received, 6003 bps, 75.04%, Err 73 (1.0e-05)
918.652 .... 2691 packets received, 6007 bps, 75.09%, Err 73 (9.9e-06)
920.765 .... 2699 packets received, 6011 bps, 75.14%, Err 73 (9.9e-06)
922.871 .... 2707 packets received, 6015 bps, 75.19%, Err 73 (9.9e-06)
924.982 .... 2715 packets received, 6019 bps, 75.24%, Err 73 (9.9e-06)
927.085 .... 2723 packets received, 6023 bps, 75.29%, Err 73 (9.9e-06)
930.786 .... 2727 packets received, 6008 bps, 75.10%, Err 74 (9.9e-06)
932.911 .... 2735 packets received, 6012 bps, 75.15%, Err 74 (9.9e-06)
935.017 .... 2743 packets received, 6016 bps, 75.20%, Err 74 (9.9e-06)
937.128 .... 2751 packets received, 6020 bps, 75.25%, Err 74 (9.9e-06)
939.249 .... 2759 packets received, 6024 bps, 75.30%, Err 74 (9.9e-06)
941.354 .... 2767 packets received, 6028 bps, 75.35%, Err 74 (9.8e-06)
943.464 .... 2775 packets received, 6032 bps, 75.40%, Err 74 (9.8e-06)
945.569 .... 2783 packets received, 6036 bps, 75.45%, Err 74 (9.8e-06)
947.677 .... 2791 packets received, 6040 bps, 75.49%, Err 74 (9.8e-06)
949.811 .... 2799 packets received, 6043 bps, 75.54%, Err 74 (9.7e-06)
951.914 .... 2807 packets received, 6047 bps, 75.59%, Err 74 (9.7e-06)
955.351 .... 2810 packets received, 6032 bps, 75.40%, Err 75 (9.8e-06)
957.449 .... 2818 packets received, 6036 bps, 75.45%, Err 75 (9.8e-06)
959.560 .... 2826 packets received, 6039 bps, 75.49%, Err 75 (9.8e-06)
963.257 .... 2830 packets received, 6025 bps, 75.31%, Err 76 (9.9e-06)
965.376 .... 2838 packets received, 6028 bps, 75.36%, Err 76 (9.9e-06)
967.496 .... 2846 packets received, 6032 bps, 75.40%, Err 76 (9.8e-06)
969.599 .... 2854 packets received, 6036 bps, 75.45%, Err 76 (9.8e-06)
971.714 .... 2862 packets received, 6040 bps, 75.50%, Err 76 (9.8e-06)
973.833 .... 2870 packets received, 6043 bps, 75.54%, Err 76 (9.8e-06)
975.936 .... 2878 packets received, 6047 bps, 75.59%, Err 76 (9.7e-06)
978.052 .... 2886 packets received, 6051 bps, 75.64%, Err 76 (9.7e-06)
980.166 .... 2894 packets received, 6055 bps, 75.68%, Err 76 (9.7e-06)
982.283 .... 2902 packets received, 6058 bps, 75.73%, Err 76 (9.7e-06)
984.380 .... 2910 packets received, 6062 bps, 75.77%, Err 76 (9.7e-06)
986.489 .... 2918 packets received, 6066 bps, 75.82%, Err 76 (9.6e-06)
988.605 .... 2926 packets received, 6069 bps, 75.86%, Err 76 (9.6e-06)
990.715 .... 2934 packets received, 6073 bps, 75.91%, Err 76 (9.6e-06)
992.828 .... 2942 packets received, 6076 bps, 75.95%, Err 76 (9.6e-06)
994.942 .... 2950 packets received, 6080 bps, 76.00%, Err 76 (9.6e-06)
997.057 .... 2958 packets received, 6083 bps, 76.04%, Err 76 (9.5e-06)
999.170 .... 2966 packets received, 6087 bps, 76.09%, Err 76 (9.5e-06)
1001.299 .... 2974 packets received, 6090 bps, 76.13%, Err 76 (9.5e-06)
1003.394 .... 2982 packets received, 6094 bps, 76.18%, Err 76 (9.5e-06)
1005.514 .... 2990 packets received, 6098 bps, 76.22%, Err 76 (9.5e-06)
1009.987 .... 2997 packets received, 6085 bps, 76.06%, Err 77 (9.5e-06)
1012.095 .... 3005 packets received, 6088 bps, 76.10%, Err 77 (9.5e-06)
1014.235 .... 3013 packets received, 6092 bps, 76.14%, Err 77 (9.5e-06)
1016.347 .... 3021 packets received, 6095 bps, 76.19%, Err 77 (9.5e-06)
1019.535 .... 3023 packets received, 6080 bps, 76.00%, Err 78 (9.6e-06)
1021.638 .... 3031 packets received, 6083 bps, 76.04%, Err 78 (9.6e-06)
1024.870 .... 3033 packets received, 6068 bps, 75.85%, Err 80 (9.8e-06)
1027.757 .... 3034 packets received, 6053 bps, 75.66%, Err 82 (1.0e-05)
1031.740 .... 3036 packets received, 6034 bps, 75.42%, Err 84 (1.0e-05)
1037.036 .... 3043 packets received, 6017 bps, 75.21%, Err 85 (1.0e-05)
1039.186 .... 3051 packets received, 6020 bps, 75.25%, Err 85 (1.0e-05)
1041.292 .... 3059 packets received, 6024 bps, 75.30%, Err 85 (1.0e-05)
1043.399 .... 3067 packets received, 6027 bps, 75.34%, Err 85 (1.0e-05)
1045.517 .... 3075 packets received, 6031 bps, 75.38%, Err 85 (1.0e-05)
1049.999 .... 3082 packets received, 6019 bps, 75.23%, Err 85 (1.0e-05)
1052.134 .... 3090 packets received, 6022 bps, 75.27%, Err 85 (1.0e-05)
1055.871 .... 3094 packets received, 6008 bps, 75.10%, Err 85 (1.0e-05)
1057.966 .... 3102 packets received, 6012 bps, 75.15%, Err 85 (1.0e-05)
1060.061 .... 3110 packets received, 6016 bps, 75.19%, Err 85 (1.0e-05)
1062.188 .... 3118 packets received, 6019 bps, 75.24%, Err 85 (1.0e-05)
1066.143 .... 3123 packets received, 6006 bps, 75.08%, Err 86 (1.0e-05)
1068.241 .... 3131 packets received, 6010 bps, 75.12%, Err 86 (1.0e-05)
1070.402 .... 3139 packets received, 6013 bps, 75.16%, Err 86 (1.0e-05)
1072.502 .... 3147 packets received, 6016 bps, 75.20%, Err 86 (1.0e-05)
1074.614 .... 3155 packets received, 6020 bps, 75.25%, Err 86 (1.0e-05)
1076.739 .... 3163 packets received, 6023 bps, 75.29%, Err 86 (1.0e-05)
1078.837 .... 3171 packets received, 6027 bps, 75.33%, Err 86 (1.0e-05)
1080.949 .... 3179 packets received, 6030 bps, 75.38%, Err 86 (1.0e-05)
1085.182 .... 3185 packets received, 6018 bps, 75.22%, Err 87 (1.0e-05)
1087.308 .... 3193 packets received, 6021 bps, 75.26%, Err 87 (1.0e-05)
1089.449 .... 3201 packets received, 6024 bps, 75.30%, Err 87 (1.0e-05)
1091.565 .... 3209 packets received, 6028 bps, 75.35%, Err 87 (1.0e-05)
1093.661 .... 3217 packets received, 6031 bps, 75.39%, Err 87 (1.0e-05)
1095.789 .... 3225 packets received, 6034 bps, 75.43%, Err 87 (9.9e-06)
1097.885 .... 3233 packets received, 6038 bps, 75.47%, Err 87 (9.9e-06)
1100.001 .... 3241 packets received, 6041 bps, 75.51%, Err 87 (9.9e-06)
1104.777 .... 3249 packets received, 6030 bps, 75.37%, Err 88 (1.0e-05)
1106.900 .... 3257 packets received, 6033 bps, 75.41%, Err 88 (9.9e-06)
1109.003 .... 3265 packets received, 6036 bps, 75.45%, Err 88 (9.9e-06)
1113.247 .... 3271 packets received, 6024 bps, 75.30%, Err 89 (1.0e-05)
1115.343 .... 3279 packets received, 6028 bps, 75.35%, Err 89 (1.0e-05)
1117.480 .... 3287 packets received, 6031 bps, 75.39%, Err 89 (1.0e-05)
1119.576 .... 3295 packets received, 6034 bps, 75.43%, Err 89 (9.9e-06)
1121.692 .... 3303 packets received, 6037 bps, 75.47%, Err 89 (9.9e-06)
1123.786 .... 3311 packets r