000.000 =============================================================
000.000                     Station B                               
000.000 -------------------------------------------------------------
000.000 Protocol.lib, version 4.0, jiangyanjun0718@bupt.edu.cn
000.000 Channel: 8000 bps, 270 ms propagation delay, bit error rate 1.0E-05
000.000 Log file "b600.log", TCP port 59144, debug mask 0x00
000.000 Station B is connecting station A (TCP port 59144) ... Done.
000.243 New epoch: Sun Apr  9 13:46:09 2023
000.243 =================================================================
000.243 
000.243 Designed by Li Ruobin, build: Apr  9 2023  13:45:47
002.626 .... 8 packets received, 7780 bps, 97.25%, Err 0 (0.0e+00)
004.740 .... 16 packets received, 7765 bps, 97.06%, Err 0 (0.0e+00)
008.453 .... 20 packets received, 5163 bps, 64.54%, Err 1 (1.5e-05)
010.565 .... 28 packets received, 5709 bps, 71.36%, Err 1 (1.2e-05)
012.681 .... 36 packets received, 6063 bps, 75.78%, Err 1 (1.0e-05)
014.798 .... 44 packets received, 6311 bps, 78.89%, Err 1 (8.6e-06)
016.898 .... 52 packets received, 6502 bps, 81.28%, Err 1 (7.5e-06)
019.030 .... 60 packets received, 6639 bps, 82.98%, Err 1 (6.7e-06)
022.185 .... 62 packets received, 5861 bps, 73.26%, Err 2 (1.1e-05)
024.305 .... 70 packets received, 6027 bps, 75.34%, Err 2 (1.0e-05)
026.422 .... 78 packets received, 6167 bps, 77.09%, Err 2 (9.6e-06)
028.551 .... 86 packets received, 6283 bps, 78.54%, Err 2 (8.8e-06)
030.667 .... 94 packets received, 6386 bps, 79.82%, Err 2 (8.2e-06)
034.101 .... 97 packets received, 5916 bps, 73.95%, Err 3 (1.1e-05)
036.193 .... 105 packets received, 6028 bps, 75.35%, Err 3 (1.0e-05)
038.338 .... 113 packets received, 6119 bps, 76.49%, Err 3 (9.9e-06)
040.452 .... 121 packets received, 6206 bps, 77.57%, Err 3 (9.3e-06)
042.565 .... 129 packets received, 6284 bps, 78.54%, Err 3 (8.9e-06)
046.790 .... 135 packets received, 5975 bps, 74.69%, Err 5 (1.3e-05)
048.896 .... 143 packets received, 6054 bps, 75.67%, Err 5 (1.3e-05)
053.677 .... 151 packets received, 5818 bps, 72.72%, Err 6 (1.4e-05)
055.764 .... 159 packets received, 5894 bps, 73.68%, Err 6 (1.4e-05)
057.904 .... 167 packets received, 5960 bps, 74.50%, Err 6 (1.3e-05)
060.029 .... 175 packets received, 6023 bps, 75.28%, Err 6 (1.3e-05)
062.118 .... 183 packets received, 6084 bps, 76.05%, Err 6 (1.2e-05)
064.254 .... 191 packets received, 6138 bps, 76.72%, Err 6 (1.2e-05)
066.359 .... 199 packets received, 6190 bps, 77.38%, Err 6 (1.1e-05)
068.478 .... 207 packets received, 6238 bps, 77.98%, Err 6 (1.1e-05)
070.569 .... 215 packets received, 6286 bps, 78.57%, Err 6 (1.1e-05)
074.573 .... 220 packets received, 6084 bps, 76.05%, Err 6 (1.0e-05)
076.677 .... 228 packets received, 6131 bps, 76.64%, Err 6 (9.8e-06)
078.795 .... 236 packets received, 6175 bps, 77.18%, Err 6 (9.6e-06)
080.899 .... 244 packets received, 6217 bps, 77.71%, Err 6 (9.3e-06)
083.019 .... 252 packets received, 6256 bps, 78.20%, Err 6 (9.1e-06)
085.106 .... 260 packets received, 6295 bps, 78.69%, Err 6 (8.8e-06)
087.236 .... 268 packets received, 6329 bps, 79.12%, Err 6 (8.6e-06)
091.201 .... 273 packets received, 6166 bps, 77.07%, Err 8 (1.1e-05)
093.316 .... 281 packets received, 6202 bps, 77.52%, Err 8 (1.1e-05)
095.436 .... 289 packets received, 6236 bps, 77.95%, Err 8 (1.1e-05)
097.557 .... 297 packets received, 6268 bps, 78.35%, Err 8 (1.0e-05)
099.660 .... 305 packets received, 6301 bps, 78.76%, Err 8 (1.0e-05)
103.909 .... 311 packets received, 6161 bps, 77.01%, Err 8 (9.6e-06)
106.012 .... 319 packets received, 6193 bps, 77.41%, Err 8 (9.5e-06)
108.129 .... 327 packets received, 6223 bps, 77.79%, Err 8 (9.3e-06)
110.249 .... 335 packets received, 6252 bps, 78.16%, Err 8 (9.1e-06)
112.361 .... 343 packets received, 6281 bps, 78.51%, Err 8 (8.9e-06)
114.462 .... 351 packets received, 6309 bps, 78.86%, Err 8 (8.8e-06)
116.579 .... 359 packets received, 6335 bps, 79.19%, Err 8 (8.6e-06)
121.325 .... 367 packets received, 6222 bps, 77.77%, Err 9 (9.3e-06)
123.425 .... 375 packets received, 6249 bps, 78.11%, Err 9 (9.1e-06)
125.558 .... 383 packets received, 6273 bps, 78.41%, Err 9 (9.0e-06)
127.672 .... 391 packets received, 6298 bps, 78.72%, Err 9 (8.8e-06)
129.771 .... 399 packets received, 6322 bps, 79.03%, Err 9 (8.7e-06)
133.998 .... 405 packets received, 6214 bps, 77.68%, Err 11 (1.0e-05)
136.111 .... 413 packets received, 6238 bps, 77.98%, Err 11 (1.0e-05)
139.290 .... 415 packets received, 6125 bps, 76.56%, Err 13 (1.2e-05)
141.388 .... 423 packets received, 6150 bps, 76.87%, Err 13 (1.2e-05)
143.519 .... 431 packets received, 6173 bps, 77.16%, Err 13 (1.1e-05)
145.624 .... 439 packets received, 6196 bps, 77.45%, Err 13 (1.1e-05)
147.735 .... 447 packets received, 6218 bps, 77.73%, Err 13 (1.1e-05)
149.853 .... 455 packets received, 6240 bps, 78.00%, Err 13 (1.1e-05)
154.339 .... 462 packets received, 6151 bps, 76.89%, Err 15 (1.2e-05)
156.443 .... 470 packets received, 6173 bps, 77.17%, Err 15 (1.2e-05)
158.556 .... 478 packets received, 6194 bps, 77.43%, Err 15 (1.2e-05)
160.672 .... 486 packets received, 6215 bps, 77.69%, Err 15 (1.2e-05)
162.790 .... 494 packets received, 6235 bps, 77.93%, Err 15 (1.2e-05)
164.891 .... 502 packets received, 6255 bps, 78.18%, Err 16 (1.2e-05)
167.008 .... 510 packets received, 6274 bps, 78.42%, Err 16 (1.2e-05)
169.129 .... 518 packets received, 6292 bps, 78.65%, Err 16 (1.2e-05)
171.229 .... 526 packets received, 6310 bps, 78.88%, Err 16 (1.2e-05)
173.354 .... 534 packets received, 6328 bps, 79.10%, Err 16 (1.2e-05)
178.097 .... 542 packets received, 6251 bps, 78.14%, Err 18 (1.3e-05)
180.220 .... 550 packets received, 6268 bps, 78.35%, Err 18 (1.3e-05)
182.334 .... 558 packets received, 6285 bps, 78.57%, Err 18 (1.2e-05)
184.434 .... 566 packets received, 6303 bps, 78.78%, Err 18 (1.2e-05)
186.551 .... 574 packets received, 6319 bps, 78.99%, Err 18 (1.2e-05)
188.664 .... 582 packets received, 6335 bps, 79.19%, Err 19 (1.3e-05)
191.572 .... 583 packets received, 6250 bps, 78.12%, Err 19 (1.2e-05)
193.683 .... 591 packets received, 6266 bps, 78.33%, Err 19 (1.2e-05)
195.792 .... 599 packets received, 6282 bps, 78.53%, Err 19 (1.2e-05)
197.912 .... 607 packets received, 6298 bps, 78.72%, Err 19 (1.2e-05)
200.018 .... 615 packets received, 6313 bps, 78.92%, Err 19 (1.2e-05)
202.135 .... 623 packets received, 6328 bps, 79.11%, Err 19 (1.2e-05)
204.221 .... 631 packets received, 6344 bps, 79.30%, Err 19 (1.2e-05)
206.360 .... 639 packets received, 6358 bps, 79.47%, Err 19 (1.2e-05)
208.445 .... 647 packets received, 6373 bps, 79.66%, Err 19 (1.1e-05)
212.423 .... 652 packets received, 6301 bps, 78.77%, Err 20 (1.2e-05)
214.530 .... 660 packets received, 6316 bps, 78.95%, Err 20 (1.2e-05)
216.670 .... 668 packets received, 6329 bps, 79.12%, Err 20 (1.2e-05)
218.780 .... 676 packets received, 6343 bps, 79.29%, Err 20 (1.1e-05)
220.885 .... 684 packets received, 6357 bps, 79.46%, Err 20 (1.1e-05)
223.002 .... 692 packets received, 6370 bps, 79.63%, Err 20 (1.1e-05)
226.722 .... 696 packets received, 6301 bps, 78.77%, Err 20 (1.1e-05)
228.829 .... 704 packets received, 6315 bps, 78.94%, Err 20 (1.1e-05)
230.937 .... 712 packets received, 6328 bps, 79.11%, Err 20 (1.1e-05)
233.038 .... 720 packets received, 6342 bps, 79.27%, Err 20 (1.1e-05)
235.159 .... 728 packets received, 6354 bps, 79.43%, Err 20 (1.1e-05)
237.270 .... 736 packets received, 6367 bps, 79.58%, Err 21 (1.1e-05)
240.182 .... 737 packets received, 6298 bps, 78.72%, Err 21 (1.1e-05)
242.304 .... 745 packets received, 6310 bps, 78.88%, Err 21 (1.1e-05)
244.412 .... 753 packets received, 6323 bps, 79.04%, Err 21 (1.1e-05)
246.542 .... 761 packets received, 6335 bps, 79.19%, Err 21 (1.1e-05)
249.713 .... 763 packets received, 6271 bps, 78.38%, Err 21 (1.1e-05)
251.835 .... 771 packets received, 6283 bps, 78.54%, Err 21 (1.0e-05)
253.956 .... 779 packets received, 6295 bps, 78.69%, Err 21 (1.0e-05)
256.063 .... 787 packets received, 6307 bps, 78.84%, Err 21 (1.0e-05)
258.177 .... 795 packets received, 6319 bps, 78.99%, Err 21 (1.0e-05)
260.283 .... 803 packets received, 6331 bps, 79.14%, Err 21 (1.0e-05)
262.396 .... 811 packets received, 6342 bps, 79.28%, Err 21 (1.0e-05)
264.510 .... 819 packets received, 6354 bps, 79.42%, Err 21 (9.9e-06)
266.618 .... 827 packets received, 6365 bps, 79.56%, Err 21 (9.9e-06)
268.733 .... 835 packets received, 6376 bps, 79.70%, Err 21 (9.8e-06)
270.847 .... 843 packets received, 6387 bps, 79.83%, Err 21 (9.7e-06)
272.957 .... 851 packets received, 6397 bps, 79.97%, Err 21 (9.6e-06)
275.057 .... 859 packets received, 6408 bps, 80.10%, Err 21 (9.6e-06)
277.162 .... 867 packets received, 6418 bps, 80.23%, Err 21 (9.5e-06)
280.888 .... 871 packets received, 6362 bps, 79.53%, Err 21 (9.4e-06)
283.017 .... 879 packets received, 6372 bps, 79.66%, Err 21 (9.3e-06)
285.115 .... 887 packets received, 6383 bps, 79.79%, Err 21 (9.2e-06)
288.833 .... 891 packets received, 6329 bps, 79.11%, Err 21 (9.1e-06)
292.798 .... 896 packets received, 6278 bps, 78.48%, Err 22 (9.4e-06)
294.918 .... 904 packets received, 6289 bps, 78.61%, Err 22 (9.3e-06)
297.031 .... 912 packets received, 6299 bps, 78.74%, Err 22 (9.3e-06)
299.144 .... 920 packets received, 6309 bps, 78.87%, Err 22 (9.2e-06)
301.280 .... 928 packets received, 6319 bps, 78.99%, Err 22 (9.1e-06)
303.390 .... 936 packets received, 6329 bps, 79.12%, Err 22 (9.1e-06)
305.483 .... 944 packets received, 6339 bps, 79.24%, Err 22 (9.0e-06)
307.619 .... 952 packets received, 6349 bps, 79.36%, Err 22 (8.9e-06)
311.307 .... 956 packets received, 6300 bps, 78.75%, Err 25 (1.0e-05)
316.595 .... 962 packets received, 6233 bps, 77.92%, Err 26 (1.0e-05)
322.919 .... 969 packets received, 6155 bps, 76.94%, Err 27 (1.0e-05)
329.280 .... 976 packets received, 6080 bps, 76.00%, Err 29 (1.1e-05)
331.388 .... 984 packets received, 6091 bps, 76.13%, Err 29 (1.1e-05)
333.492 .... 992 packets received, 6101 bps, 76.27%, Err 29 (1.1e-05)
335.623 .... 1000 packets received, 6112 bps, 76.39%, Err 30 (1.1e-05)
339.316 .... 1004 packets received, 6069 bps, 75.86%, Err 31 (1.1e-05)
341.433 .... 1012 packets received, 6079 bps, 75.99%, Err 31 (1.1e-05)
343.544 .... 1020 packets received, 6090 bps, 76.12%, Err 31 (1.1e-05)
345.647 .... 1028 packets received, 6100 bps, 76.25%, Err 31 (1.1e-05)
347.773 .... 1036 packets received, 6110 bps, 76.38%, Err 31 (1.1e-05)
349.884 .... 1044 packets received, 6120 bps, 76.50%, Err 31 (1.1e-05)
351.993 .... 1052 packets received, 6130 bps, 76.62%, Err 31 (1.1e-05)
354.107 .... 1060 packets received, 6140 bps, 76.74%, Err 31 (1.1e-05)
356.222 .... 1068 packets received, 6149 bps, 76.86%, Err 31 (1.1e-05)
358.317 .... 1076 packets received, 6159 bps, 76.99%, Err 31 (1.1e-05)
360.438 .... 1084 packets received, 6168 bps, 77.10%, Err 31 (1.1e-05)
362.543 .... 1092 packets received, 6178 bps, 77.22%, Err 31 (1.1e-05)
364.664 .... 1100 packets received, 6187 bps, 77.33%, Err 31 (1.1e-05)
367.829 .... 1102 packets received, 6144 bps, 76.81%, Err 32 (1.1e-05)
369.935 .... 1110 packets received, 6154 bps, 76.92%, Err 32 (1.1e-05)
372.036 .... 1118 packets received, 6163 bps, 77.04%, Err 32 (1.1e-05)
374.157 .... 1126 packets received, 6172 bps, 77.15%, Err 32 (1.1e-05)
376.248 .... 1134 packets received, 6181 bps, 77.26%, Err 32 (1.1e-05)
378.371 .... 1142 packets received, 6190 bps, 77.37%, Err 32 (1.1e-05)
380.487 .... 1150 packets received, 6198 bps, 77.48%, Err 32 (1.1e-05)
382.617 .... 1158 packets received, 6207 bps, 77.58%, Err 32 (1.0e-05)
387.090 .... 1165 packets received, 6172 bps, 77.15%, Err 34 (1.1e-05)
390.264 .... 1166 packets received, 6127 bps, 76.59%, Err 35 (1.1e-05)
392.374 .... 1174 packets received, 6136 bps, 76.70%, Err 35 (1.1e-05)
394.507 .... 1182 packets received, 6144 bps, 76.80%, Err 35 (1.1e-05)
396.604 .... 1190 packets received, 6153 bps, 76.91%, Err 35 (1.1e-05)
398.722 .... 1198 packets received, 6161 bps, 77.02%, Err 35 (1.1e-05)
400.834 .... 1206 packets received, 6170 bps, 77.12%, Err 35 (1.1e-05)
402.921 .... 1214 packets received, 6179 bps, 77.23%, Err 35 (1.1e-05)
405.043 .... 1222 packets received, 6187 bps, 77.33%, Err 35 (1.1e-05)
407.180 .... 1230 packets received, 6194 bps, 77.43%, Err 35 (1.1e-05)
409.296 .... 1238 packets received, 6202 bps, 77.53%, Err 35 (1.1e-05)
411.405 .... 1246 packets received, 6211 bps, 77.63%, Err 35 (1.1e-05)
413.488 .... 1254 packets received, 6219 bps, 77.74%, Err 35 (1.1e-05)
415.622 .... 1262 packets received, 6226 bps, 77.83%, Err 35 (1.1e-05)
417.734 .... 1270 packets received, 6234 bps, 77.93%, Err 35 (1.0e-05)
420.929 .... 1272 packets received, 6196 bps, 77.46%, Err 36 (1.1e-05)
423.031 .... 1280 packets received, 6204 bps, 77.56%, Err 37 (1.1e-05)
425.136 .... 1288 packets received, 6212 bps, 77.65%, Err 37 (1.1e-05)
427.255 .... 1296 packets received, 6220 bps, 77.75%, Err 37 (1.1e-05)
430.951 .... 1300 packets received, 6185 bps, 77.32%, Err 37 (1.1e-05)
433.083 .... 1308 packets received, 6193 bps, 77.41%, Err 37 (1.1e-05)
435.204 .... 1316 packets received, 6200 bps, 77.50%, Err 37 (1.1e-05)
437.302 .... 1324 packets received, 6208 bps, 77.60%, Err 37 (1.1e-05)
439.401 .... 1332 packets received, 6216 bps, 77.70%, Err 37 (1.1e-05)
442.339 .... 1333 packets received, 6179 bps, 77.24%, Err 38 (1.1e-05)
445.508 .... 1335 packets received, 6144 bps, 76.80%, Err 39 (1.1e-05)
447.612 .... 1343 packets received, 6152 bps, 76.90%, Err 39 (1.1e-05)
449.756 .... 1351 packets received, 6159 bps, 76.99%, Err 39 (1.1e-05)
451.850 .... 1359 packets received, 6167 bps, 77.08%, Err 39 (1.1e-05)
453.959 .... 1367 packets received, 6174 bps, 77.18%, Err 39 (1.1e-05)
456.093 .... 1375 packets received, 6181 bps, 77.27%, Err 39 (1.1e-05)
460.331 .... 1381 packets received, 6151 bps, 76.89%, Err 39 (1.1e-05)
464.019 .... 1385 packets received, 6120 bps, 76.50%, Err 41 (1.1e-05)
466.143 .... 1393 packets received, 6127 bps, 76.59%, Err 41 (1.1e-05)
468.281 .... 1401 packets received, 6134 bps, 76.68%, Err 41 (1.1e-05)
470.383 .... 1409 packets received, 6141 bps, 76.77%, Err 41 (1.1e-05)
472.485 .... 1417 packets received, 6149 bps, 76.86%, Err 41 (1.1e-05)
474.609 .... 1425 packets received, 6156 bps, 76.95%, Err 41 (1.1e-05)
476.717 .... 1433 packets received, 6163 bps, 77.04%, Err 42 (1.1e-05)
479.895 .... 1435 packets received, 6131 bps, 76.63%, Err 44 (1.1e-05)
482.004 .... 1443 packets received, 6138 bps, 76.72%, Err 44 (1.1e-05)
484.158 .... 1451 packets received, 6144 bps, 76.80%, Err 44 (1.1e-05)
487.560 .... 1454 packets received, 6114 bps, 76.43%, Err 45 (1.2e-05)
489.678 .... 1462 packets received, 6121 bps, 76.51%, Err 45 (1.1e-05)
491.821 .... 1470 packets received, 6128 bps, 76.60%, Err 45 (1.1e-05)
493.930 .... 1478 packets received, 6135 bps, 76.68%, Err 45 (1.1e-05)
496.033 .... 1486 packets received, 6142 bps, 76.77%, Err 45 (1.1e-05)
498.162 .... 1494 packets received, 6148 bps, 76.86%, Err 45 (1.1e-05)
500.254 .... 1502 packets received, 6155 bps, 76.94%, Err 45 (1.1e-05)
503.963 .... 1506 packets received, 6126 bps, 76.58%, Err 46 (1.1e-05)
506.066 .... 1514 packets received, 6133 bps, 76.67%, Err 46 (1.1e-05)
508.184 .... 1522 packets received, 6140 bps, 76.75%, Err 46 (1.1e-05)
510.307 .... 1530 packets received, 6147 bps, 76.83%, Err 46 (1.1e-05)
512.417 .... 1538 packets received, 6153 bps, 76.92%, Err 46 (1.1e-05)
514.521 .... 1546 packets received, 6160 bps, 77.00%, Err 46 (1.1e-05)
516.631 .... 1554 packets received, 6166 bps, 77.08%, Err 46 (1.1e-05)
518.765 .... 1562 packets received, 6173 bps, 77.16%, Err 46 (1.1e-05)
520.857 .... 1570 packets received, 6179 bps, 77.24%, Err 46 (1.1e-05)
522.967 .... 1578 packets received, 6186 bps, 77.32%, Err 46 (1.1e-05)
525.084 .... 1586 packets received, 6192 bps, 77.40%, Err 46 (1.1e-05)
527.212 .... 1594 packets received, 6198 bps, 77.48%, Err 46 (1.1e-05)
529.308 .... 1602 packets received, 6205 bps, 77.56%, Err 46 (1.1e-05)
531.419 .... 1610 packets received, 6211 bps, 77.63%, Err 46 (1.1e-05)
533.520 .... 1618 packets received, 6217 bps, 77.71%, Err 46 (1.1e-05)
535.654 .... 1626 packets received, 6223 bps, 77.79%, Err 46 (1.1e-05)
537.762 .... 1634 packets received, 6229 bps, 77.86%, Err 46 (1.1e-05)
539.862 .... 1642 packets received, 6235 bps, 77.94%, Err 46 (1.1e-05)
541.985 .... 1650 packets received, 6241 bps, 78.01%, Err 46 (1.1e-05)
544.088 .... 1658 packets received, 6247 bps, 78.09%, Err 46 (1.1e-05)
546.199 .... 1666 packets received, 6253 bps, 78.16%, Err 46 (1.1e-05)
548.335 .... 1674 packets received, 6258 bps, 78.23%, Err 46 (1.0e-05)
550.443 .... 1682 packets received, 6264 bps, 78.30%, Err 46 (1.0e-05)
552.541 .... 1690 packets received, 6270 bps, 78.37%, Err 46 (1.0e-05)
554.661 .... 1698 packets received, 6275 bps, 78.44%, Err 46 (1.0e-05)
556.769 .... 1706 packets received, 6281 bps, 78.51%, Err 46 (1.0e-05)
558.890 .... 1714 packets received, 6287 bps, 78.58%, Err 46 (1.0e-05)
563.634 .... 1722 packets received, 6263 bps, 78.28%, Err 47 (1.0e-05)
565.740 .... 1730 packets received, 6268 bps, 78.36%, Err 47 (1.0e-05)
567.848 .... 1738 packets received, 6274 bps, 78.43%, Err 47 (1.0e-05)
569.968 .... 1746 packets received, 6279 bps, 78.49%, Err 47 (1.0e-05)
572.089 .... 1754 packets received, 6285 bps, 78.56%, Err 47 (1.0e-05)
574.193 .... 1762 packets received, 6290 bps, 78.63%, Err 47 (1.0e-05)
578.937 .... 1770 packets received, 6267 bps, 78.34%, Err 48 (1.0e-05)
581.049 .... 1778 packets received, 6272 bps, 78.41%, Err 48 (1.0e-05)
584.480 .... 1781 packets received, 6246 bps, 78.08%, Err 51 (1.1e-05)
587.673 .... 1782 packets received, 6216 bps, 77.70%, Err 52 (1.1e-05)
589.766 .... 1790 packets received, 6221 bps, 77.77%, Err 52 (1.1e-05)
591.881 .... 1798 packets received, 6227 bps, 77.84%, Err 52 (1.1e-05)
593.987 .... 1806 packets received, 6232 bps, 77.90%, Err 52 (1.1e-05)
597.156 .... 1808 packets received, 6206 bps, 77.58%, Err 53 (1.1e-05)
599.267 .... 1816 packets received, 6212 bps, 77.64%, Err 53 (1.1e-05)
603.229 .... 1821 packets received, 6188 bps, 77.35%, Err 54 (1.1e-05)
605.342 .... 1829 packets received, 6193 bps, 77.42%, Err 54 (1.1e-05)
607.465 .... 1837 packets received, 6199 bps, 77.48%, Err 54 (1.1e-05)
609.582 .... 1845 packets received, 6204 bps, 77.55%, Err 54 (1.1e-05)
611.694 .... 1853 packets received, 6209 bps, 77.62%, Err 54 (1.1e-05)
613.809 .... 1861 packets received, 6215 bps, 77.68%, Err 54 (1.1e-05)
615.928 .... 1869 packets received, 6220 bps, 77.75%, Err 54 (1.1e-05)
618.010 .... 1877 packets received, 6225 bps, 77.82%, Err 54 (1.1e-05)
620.134 .... 1885 packets received, 6230 bps, 77.88%, Err 54 (1.1e-05)
622.233 .... 1893 packets received, 6236 bps, 77.95%, Err 54 (1.1e-05)
624.346 .... 1901 packets received, 6241 bps, 78.01%, Err 54 (1.1e-05)
626.453 .... 1909 packets received, 6246 bps, 78.08%, Err 54 (1.1e-05)
628.578 .... 1917 packets received, 6251 bps, 78.14%, Err 54 (1.1e-05)
630.700 .... 1925 packets received, 6256 bps, 78.20%, Err 55 (1.1e-05)
633.598 .... 1926 packets received, 6231 bps, 77.88%, Err 56 (1.1e-05)
635.708 .... 1934 packets received, 6236 bps, 77.95%, Err 56 (1.1e-05)
637.845 .... 1942 packets received, 6240 bps, 78.01%, Err 56 (1.1e-05)
639.966 .... 1950 packets received, 6245 bps, 78.07%, Err 56 (1.1e-05)
642.088 .... 1958 packets received, 6250 bps, 78.13%, Err 56 (1.1e-05)
644.177 .... 1966 packets received, 6255 bps, 78.19%, Err 56 (1.1e-05)
646.290 .... 1974 packets received, 6260 bps, 78.25%, Err 56 (1.1e-05)
648.417 .... 1982 packets received, 6265 bps, 78.31%, Err 56 (1.1e-05)
651.592 .... 1984 packets received, 6241 bps, 78.01%, Err 56 (1.1e-05)
653.709 .... 1992 packets received, 6246 bps, 78.07%, Err 56 (1.1e-05)
655.835 .... 2000 packets received, 6250 bps, 78.13%, Err 56 (1.1e-05)
657.932 .... 2008 packets received, 6255 bps, 78.19%, Err 56 (1.1e-05)
660.041 .... 2016 packets received, 6260 bps, 78.25%, Err 56 (1.1e-05)
662.159 .... 2024 packets received, 6265 bps, 78.31%, Err 56 (1.1e-05)
666.380 .... 2030 packets received, 6244 bps, 78.05%, Err 57 (1.1e-05)
668.478 .... 2038 packets received, 6249 bps, 78.11%, Err 57 (1.1e-05)
670.621 .... 2046 packets received, 6253 bps, 78.16%, Err 57 (1.1e-05)
672.721 .... 2054 packets received, 6258 bps, 78.22%, Err 57 (1.1e-05)
676.969 .... 2060 packets received, 6237 bps, 77.96%, Err 59 (1.1e-05)
679.094 .... 2068 packets received, 6241 bps, 78.02%, Err 59 (1.1e-05)
681.222 .... 2076 packets received, 6246 bps, 78.07%, Err 59 (1.1e-05)
683.337 .... 2084 packets received, 6251 bps, 78.13%, Err 59 (1.1e-05)
685.435 .... 2092 packets received, 6255 bps, 78.19%, Err 59 (1.1e-05)
687.529 .... 2100 packets received, 6260 bps, 78.25%, Err 59 (1.1e-05)
689.644 .... 2108 packets received, 6265 bps, 78.31%, Err 59 (1.1e-05)
691.775 .... 2116 packets received, 6269 bps, 78.36%, Err 59 (1.1e-05)
693.884 .... 2124 packets received, 6274 bps, 78.42%, Err 59 (1.1e-05)
696.008 .... 2132 packets received, 6278 bps, 78.48%, Err 59 (1.1e-05)
698.102 .... 2140 packets received, 6283 bps, 78.53%, Err 59 (1.1e-05)
702.592 .... 2147 packets received, 6263 bps, 78.29%, Err 61 (1.1e-05)
704.708 .... 2155 packets received, 6267 bps, 78.34%, Err 61 (1.1e-05)
708.934 .... 2161 packets received, 6247 bps, 78.09%, Err 64 (1.1e-05)
711.033 .... 2169 packets received, 6252 bps, 78.15%, Err 64 (1.1e-05)
713.165 .... 2177 packets received, 6256 bps, 78.20%, Err 64 (1.1e-05)
715.284 .... 2185 packets received, 6261 bps, 78.26%, Err 64 (1.1e-05)
717.375 .... 2193 packets received, 6265 bps, 78.32%, Err 64 (1.1e-05)
719.501 .... 2201 packets received, 6269 bps, 78.37%, Err 64 (1.1e-05)
721.618 .... 2209 packets received, 6274 bps, 78.42%, Err 64 (1.1e-05)
723.695 .... 2217 packets received, 6278 bps, 78.48%, Err 64 (1.1e-05)
725.825 .... 2225 packets received, 6283 bps, 78.53%, Err 64 (1.1e-05)
727.955 .... 2233 packets received, 6287 bps, 78.58%, Err 64 (1.1e-05)
730.059 .... 2241 packets received, 6291 bps, 78.64%, Err 64 (1.1e-05)
734.560 .... 2248 packets received, 6272 bps, 78.40%, Err 65 (1.1e-05)
739.845 .... 2253 packets received, 6241 bps, 78.01%, Err 66 (1.1e-05)
741.941 .... 2261 packets received, 6245 bps, 78.07%, Err 66 (1.1e-05)
744.069 .... 2269 packets received, 6250 bps, 78.12%, Err 66 (1.1e-05)
746.179 .... 2277 packets received, 6254 bps, 78.17%, Err 66 (1.1e-05)
748.270 .... 2285 packets received, 6258 bps, 78.23%, Err 66 (1.1e-05)
752.770 .... 2292 packets received, 6240 bps, 78.00%, Err 67 (1.1e-05)
754.884 .... 2300 packets received, 6244 bps, 78.05%, Err 67 (1.1e-05)
757.010 .... 2308 packets received, 6248 bps, 78.10%, Err 67 (1.1e-05)
759.120 .... 2316 packets received, 6253 bps, 78.16%, Err 67 (1.1e-05)
761.230 .... 2324 packets received, 6257 bps, 78.21%, Err 67 (1.1e-05)
763.336 .... 2332 packets received, 6261 bps, 78.26%, Err 67 (1.1e-05)
765.446 .... 2340 packets received, 6265 bps, 78.31%, Err 67 (1.1e-05)
767.558 .... 2348 packets received, 6269 bps, 78.36%, Err 67 (1.1e-05)
769.684 .... 2356 packets received, 6273 bps, 78.41%, Err 67 (1.1e-05)
771.808 .... 2364 packets received, 6277 bps, 78.46%, Err 67 (1.1e-05)
773.903 .... 2372 packets received, 6281 bps, 78.52%, Err 67 (1.1e-05)
776.015 .... 2380 packets received, 6285 bps, 78.57%, Err 67 (1.1e-05)
778.124 .... 2388 packets received, 6289 bps, 78.62%, Err 67 (1.1e-05)
780.235 .... 2396 packets received, 6293 bps, 78.67%, Err 67 (1.1e-05)
782.344 .... 2404 packets received, 6297 bps, 78.72%, Err 67 (1.1e-05)
784.452 .... 2412 packets received, 6301 bps, 78.77%, Err 67 (1.1e-05)
788.931 .... 2419 packets received, 6284 bps, 78.55%, Err 68 (1.1e-05)
791.042 .... 2427 packets received, 6288 bps, 78.60%, Err 68 (1.1e-05)
793.152 .... 2435 packets received, 6292 bps, 78.64%, Err 68 (1.1e-05)
795.278 .... 2443 packets received, 6295 bps, 78.69%, Err 68 (1.1e-05)
797.375 .... 2451 packets received, 6299 bps, 78.74%, Err 68 (1.1e-05)
799.486 .... 2459 packets received, 6303 bps, 78.79%, Err 68 (1.1e-05)
804.000 .... 2466 packets received, 6286 bps, 78.57%, Err 69 (1.1e-05)
806.089 .... 2474 packets received, 6290 bps, 78.62%, Err 69 (1.1e-05)
808.233 .... 2482 packets received, 6293 bps, 78.67%, Err 69 (1.1e-05)
812.467 .... 2485 packets received, 6268 bps, 78.35%, Err 70 (1.1e-05)
814.584 .... 2493 packets received, 6272 bps, 78.40%, Err 70 (1.1e-05)
816.714 .... 2501 packets received, 6276 bps, 78.44%, Err 70 (1.1e-05)
818.804 .... 2509 packets received, 6280 bps, 78.49%, Err 70 (1.1e-05)
820.916 .... 2517 packets received, 6283 bps, 78.54%, Err 70 (1.1e-05)
823.050 .... 2525 packets received, 6287 bps, 78.59%, Err 70 (1.1e-05)
825.149 .... 2533 packets received, 6291 bps, 78.64%, Err 70 (1.1e-05)
827.265 .... 2541 packets received, 6295 bps, 78.68%, Err 70 (1.1e-05)
829.359 .... 2549 packets received, 6298 bps, 78.73%, Err 70 (1.1e-05)
831.475 .... 2557 packets received, 6302 bps, 78.78%, Err 70 (1.1e-05)
833.587 .... 2565 packets received, 6306 bps, 78.82%, Err 70 (1.1e-05)
835.712 .... 2573 packets received, 6309 bps, 78.87%, Err 70 (1.0e-05)
837.809 .... 2581 packets received, 6313 bps, 78.91%, Err 70 (1.0e-05)
839.943 .... 2589 packets received, 6317 bps, 78.96%, Err 70 (1.0e-05)
842.043 .... 2597 packets received, 6320 bps, 79.00%, Err 70 (1.0e-05)
845.747 .... 2601 packets received, 6302 bps, 78.78%, Err 70 (1.0e-05)
847.845 .... 2609 packets received, 6306 bps, 78.83%, Err 70 (1.0e-05)
851.046 .... 2611 packets received, 6287 bps, 78.59%, Err 70 (1.0e-05)
853.146 .... 2619 packets received, 6291 bps, 78.64%, Err 70 (1.0e-05)
855.278 .... 2627 packets received, 6294 bps, 78.68%, Err 70 (1.0e-05)
857.393 .... 2635 packets received, 6298 bps, 78.72%, Err 70 (1.0e-05)
860.546 .... 2637 packets received, 6280 bps, 78.49%, Err 71 (1.0e-05)
862.676 .... 2645 packets received, 6283 bps, 78.54%, Err 71 (1.0e-05)
865.852 .... 2647 packets received, 6265 bps, 78.31%, Err 72 (1.0e-05)
867.965 .... 2655 packets received, 6268 bps, 78.35%, Err 72 (1.0e-05)
870.088 .... 2663 packets received, 6272 bps, 78.40%, Err 72 (1.0e-05)
872.194 .... 2671 packets received, 6276 bps, 78.44%, Err 72 (1.0e-05)
874.291 .... 2679 packets received, 6279 bps, 78.49%, Err 72 (1.0e-05)
876.395 .... 2687 packets received, 6283 bps, 78.54%, Err 72 (1.0e-05)
878.526 .... 2695 packets received, 6286 bps, 78.58%, Err 72 (1.0e-05)
880.625 .... 2703 packets received, 6290 bps, 78.62%, Err 72 (1.0e-05)
882.744 .... 2711 packets received, 6293 bps, 78.67%, Err 72 (1.0e-05)
884.858 .... 2719 packets received, 6297 bps, 78.71%, Err 73 (1.0e-05)
886.958 .... 2727 packets received, 6300 bps, 78.75%, Err 73 (1.0e-05)
889.071 .... 2735 packets received, 6304 bps, 78.80%, Err 73 (1.0e-05)
891.171 .... 2743 packets received, 6307 bps, 78.84%, Err 73 (1.0e-05)
895.418 .... 2749 packets received, 6291 bps, 78.64%, Err 75 (1.0e-05)
897.521 .... 2757 packets received, 6295 bps, 78.68%, Err 75 (1.0e-05)
899.643 .... 2765 packets received, 6298 bps, 78.73%, Err 75 (1.0e-05)
901.785 .... 2773 packets received, 6301 bps, 78.77%, Err 75 (1.0e-05)
903.898 .... 2781 packets received, 6305 bps, 78.81%, Err 75 (1.0e-05)
906.007 .... 2789 packets received, 6308 bps, 78.85%, Err 75 (1.0e-05)
908.114 .... 2797 packets received, 6311 bps, 78.89%, Err 75 (1.0e-05)
910.236 .... 2805 packets received, 6315 bps, 78.93%, Err 75 (1.0e-05)
912.340 .... 2813 packets received, 6318 bps, 78.98%, Err 75 (1.0e-05)
914.449 .... 2821 packets received, 6322 bps, 79.02%, Err 75 (1.0e-05)
916.572 .... 2829 packets received, 6325 bps, 79.06%, Err 75 (1.0e-05)
918.678 .... 2837 packets received, 6328 bps, 79.10%, Err 76 (1.0e-05)
921.582 .... 2838 packets received, 6310 bps, 78.88%, Err 76 (1.0e-05)
923.688 .... 2846 packets received, 6314 bps, 78.92%, Err 76 (1.0e-05)
925.800 .... 2854 packets received, 6317 bps, 78.96%, Err 76 (1.0e-05)
929.215 .... 2857 packets received, 6300 bps, 78.75%, Err 77 (1.0e-05)
931.357 .... 2865 packets received, 6303 bps, 78.79%, Err 77 (1.0e-05)
933.473 .... 2873 packets received, 6307 bps, 78.83%, Err 78 (1.0e-05)
936.905 .... 2876 packets received, 6290 bps, 78.63%, Err 79 (1.1e-05)
939.026 .... 2884 packets received, 6293 bps, 78.67%, Err 79 (1.1e-05)
941.135 .... 2892 packets received, 6297 bps, 78.71%, Err 79 (1.0e-05)
943.243 .... 2900 packets received, 6300 bps, 78.75%, Err 79 (1.0e-05)
945.345 .... 2908 packets received, 6303 bps, 78.79%, Err 79 (1.0e-05)
947.475 .... 2916 packets received, 6306 bps, 78.83%, Err 79 (1.0e-05)
950.633 .... 2918 packets received, 6290 bps, 78.62%, Err 81 (1.1e-05)
952.740 .... 2926 packets received, 6293 bps, 78.66%, Err 81 (1.1e-05)
954.866 .... 2934 packets received, 6296 bps, 78.70%, Err 81 (1.1e-05)
956.969 .... 2942 packets received, 6300 bps, 78.74%, Err 81 (1.1e-05)
959.082 .... 2950 packets received, 6303 bps, 78.78%, Err 81 (1.1e-05)
961.194 .... 2958 packets received, 6306 bps, 78.82%, Err 81 (1.1e-05)
963.308 .... 2966 packets received, 6309 bps, 78.86%, Err 81 (1.1e-05)
965.412 .... 2974 packets received, 6312 bps, 78.90%, Err 81 (1.0e-05)
967.531 .... 2982 packets received, 6315 bps, 78.94%, Err 81 (1.0e-05)
969.649 .... 2990 packets received, 6319 bps, 78.98%, Err 81 (1.0e-05)
971.763 .... 2998 packets received, 6322 bps, 79.02%, Err 81 (1.0e-05)
973.865 .... 3006 packets received, 6325 bps, 79.06%, Err 81 (1.0e-05)
975.977 .... 3014 packets received, 6328 bps, 79.10%, Err 81 (1.0e-05)
978.091 .... 3022 packets received, 6331 bps, 79.14%, Err 81 (1.0e-05)
980.204 .... 3030 packets received, 6334 bps, 79.18%, Err 81 (1.0e-05)
982.324 .... 3038 packets received, 6337 bps, 79.21%, Err 81 (1.0e-05)
984.422 .... 3046 packets received, 6340 bps, 79.25%, Err 81 (1.0e-05)
986.544 .... 3054 packets received, 6343 bps, 79.29%, Err 81 (1.0e-05)
988.647 .... 3062 packets received, 6346 bps, 79.33%, Err 81 (1.0e-05)
990.765 .... 3070 packets received, 6349 bps, 79.37%, Err 81 (1.0e-05)
992.882 .... 3078 packets received, 6352 bps, 79.40%, Err 81 (1.0e-05)
994.984 .... 3086 packets received, 6355 bps, 79.44%, Err 81 (1.0e-05)
997.096 .... 3094 packets received, 6358 bps, 79.48%, Err 81 (1.0e-05)
999.216 .... 3102 packets received, 6361 bps, 79.51%, Err 81 (1.0e-05)
1001.321 .... 3110 packets received, 6364 bps, 79.55%, Err 81 (1.0e-05)
1003.426 .... 3118 packets received, 6367 bps, 79.59%, Err 81 (1.0e-05)
1005.542 .... 3126 packets received, 6370 bps, 79.63%, Err 81 (1.0e-05)
1009.758 .... 3132 packets received, 6356 bps, 79.45%, Err 82 (1.0e-05)
1011.889 .... 3140 packets received, 6358 bps, 79.48%, Err 82 (1.0e-05)
1015.082 .... 3142 packets received, 6342 bps, 79.28%, Err 82 (1.0e-05)
1017.189 .... 3150 packets received, 6345 bps, 79.32%, Err 82 (1.0e-05)
1021.409 .... 3156 packets received, 6331 bps, 79.14%, Err 83 (1.0e-05)
1023.517 .... 3164 packets received, 6334 bps, 79.18%, Err 83 (1.0e-05)
1028.319 .... 3170 packets received, 6317 bps, 78.96%, Err 83 (1.0e-05)
1031.729 .... 3173 packets received, 6302 bps, 78.77%, Err 85 (1.0e-05)
1036.251 .... 3175 packets received, 6278 bps, 78.48%, Err 87 (1.0e-05)
1040.231 .... 3176 packets received, 6256 bps, 78.20%, Err 89 (1.1e-05)
1042.349 .... 3184 packets received, 6259 bps, 78.24%, Err 89 (1.1e-05)
1044.482 .... 3192 packets received, 6262 bps, 78.27%, Err 89 (1.1e-05)
1049.497 .... 3200 packets received, 6248 bps, 78.10%, Err 89 (1.1e-05)
1051.595 .... 3208 packets received, 6251 bps, 78.13%, Err 89 (1.1e-05)
1054.800 .... 3210 packets received, 6236 bps, 77.95%, Err 89 (1.1e-05)
1056.927 .... 3218 packets received, 6239 bps, 77.98%, Err 89 (1.1e-05)
1060.090 .... 3220 packets received, 6224 bps, 77.80%, Err 89 (1.0e-05)
1062.206 .... 3228 packets received, 6227 bps, 77.84%, Err 89 (1.0e-05)
1065.376 .... 3230 packets received, 6212 bps, 77.65%, Err 89 (1.0e-05)
1067.500 .... 3238 packets received, 6215 bps, 77.69%, Err 89 (1.0e-05)
1069.602 .... 3246 packets received, 6218 bps, 77.73%, Err 89 (1.0e-05)
1071.721 .... 3254 packets received, 6221 bps, 77.77%, Err 89 (1.0e-05)
1073.851 .... 3262 packets received, 6224 bps, 77.80%, Err 89 (1.0e-05)
1075.956 .... 3270 packets received, 6227 bps, 77.84%, Err 90 (1.0e-05)
1078.065 .... 3278 packets received, 6230 bps, 77.88%, Err 90 (1.0e-05)
1080.191 .... 3286 packets received, 6233 bps, 77.91%, Err 90 (1.0e-05)
1082.291 .... 3294 packets received, 6236 bps, 77.95%, Err 90 (1.0e-05)
1084.389 .... 3302 packets received, 6239 bps, 77.99%, Err 90 (1.0e-05)
1088.119 .... 3306 packets received, 6225 bps, 77.82%, Err 90 (1.0e-05)
1090.243 .... 3314 packets received, 6228 bps, 77.85%, Err 90 (1.0e-05)
1092.351 .... 3322 packets received, 6231 bps, 77.89%, Err 90 (1.0e-05)
1094.434 .... 3330 packets received, 6234 bps, 77.93%, Err 90 (1.0e-05)
1096.547 .... 3338 packets received, 6237 bps, 77.97%, Err 90 (1.0e-05)
1100.009 .... 3341 packets received, 6223 bps, 77.79%, Err 90 (1.0e-05)
1102.132 .... 3349 packets received, 6226 bps, 77.83%, Err 90 (1.0e-05)
1104.247 .... 3357 packets received, 6229 bps, 77.86%, Err 90 (1.0e-05)
1106.350 .... 3365 packets received, 6232 bps, 77.90%, Err 90 (1.0e-05)
1108.446 .... 3373 packets received, 6235 bps, 77.94%, Err 90 (1.0e-05)
1110.572 .... 3381 packets received, 6238 bps, 77.97%, Err 90 (1.0e-05)
1112.699 .... 3389 packets received, 6241 bps, 78.01%, Err 90 (1.0e-05)
1116.119 .... 3392 packets received, 6227 bps, 77.84%, Err 92 (1.0e-05)
1121.429 .... 3398 packets received, 6208 bps, 77.61%, Err 95 (1.1e-05)
1123.526 .... 3406 packets received, 6211 bps, 77.64%, Err 95 (1.1e-05)
1125.645 .... 3414 packets received, 6214 bps, 77.68%, Err 95 (1.1e-05)
1127.756 .... 3422 packets received, 6217 bps, 77.72%, Err 95 (1.1e-05)
1129.872 .... 3430 packets received, 6220 bps, 77.75%, Err 95 (1.1e-05)
1131.993 .... 3438 packets received, 6223 bps, 77.79%, Err 95 (1.0e-05)
1134.093 .... 3446 packets received, 6226 bps, 77.82%, Err 95 (1.0e-05)
1137.257 .... 3448 packets received, 6212 bps, 77.65%, Err 97 (1.1e-05)
1139.380 .... 3456 packets received, 6215 bps, 77.69%, Err 97 (1.1e-05)
1141.487 .... 3464 packets received, 6218 bps, 77.72%, Err 97 (1.1e-05)
1143.615 .... 3472 packets received, 6221 bps, 77.76%, Err 97 (1.1e-05)
1145.699 .... 3480 packets received, 6224 bps, 77.79%, Err 97 (1.1e-05)
1147.822 .... 3488 packets received, 6226 bps, 77.83%, Err 97 (1.1e-05)
1149.932 .... 3496 packets received, 6229 bps, 77.86%, Err 97 (1.1e-05)
1152.045 .... 3504 packets received, 6232 bps, 77.90%, Err 97 (1.1e-05)
1154.175 .... 3512 packets received, 6235 bps, 77.93%, Err 97 (1.1e-05)
1156.276 .... 3520 packets received, 6237 bps, 77.97%, Err 97 (1.0e-05)
1158.371 .... 3528 packets received, 6240 bps, 78.00%, Err 97 (1.0e-05)
1160.497 .... 3536 packets received, 6243 bps, 78.04%, Err 97 (1.0e-05)
1162.606 .... 3544 packets received, 6246 bps, 78.07%, Err 97 (1.0e-05)
1164.722 .... 3552 packets received, 6248 bps, 78.11%, Err 97 (1.0e-05)
1166.833 .... 3560 packets received, 6251 bps, 78.14%, Err 97 (1.0e-05)
1168.940 .... 3568 packets received, 6254 bps, 78.17%, Err 97 (1.0e-05)
1171.053 .... 3576 packets received, 6257 bps, 78.21%, Err 97 (1.0e-05)
1173.182 .... 3584 packets received, 6259 bps, 78.24%, Err 97 (1.0e-05)
1175.281 .... 3592 packets received, 6262 bps, 78.28%, Err 97 (1.0e-05)
1180.035 .... 3600 packets received, 6251 bps, 78.13%, Err 98 (1.0e-05)
1182.145 .... 3608 packets received, 6253 bps, 78.17%, Err 98 (1.0e-05)
1184.263 .... 3616 packets received, 6256 bps, 78.20%, Err 98 (1.0e-05)
1186.368 .... 3624 packets received, 6259 bps, 78.23%, Err 98 (1.0e-05)
1188.476 .... 3632 packets received, 6261 bps, 78.27%, Err 98 (1.0e-05)
1190.597 .... 3640 packets received, 6264 bps, 78.30%, Err 98 (1.0e-05)
1192.709 .... 3648 packets received, 6267 bps, 78.33%, Err 98 (1.0e-05)
1194.804 .... 3656 packets received, 6269 bps, 78.37%, Err 98 (1.0e-05)
1196.918 .... 3664 packets received, 6272 bps, 78.40%, Err 98 (1.0e-05)
1199.053 .... 3672 packets received, 6275 bps, 78.43%, Err 98 (1.0e-05)
1201.169 .... 3680 packets received, 6277 bps, 78.46%, Err 98 (1.0e-05)
1203.253 .... 3688 packets received, 6280 bps, 78.50%, Err 98 (1.0e-05)
1205.374 .... 3696 packets received, 6282 bps, 78.53%, Err 98 (1.0e-05)
1207.498 .... 3704 packets received, 6285 bps, 78.56%, Err 98 (1.0e-05)
1209.609 .... 3712 packets received, 6288 bps, 78.59%, Err 98 (1.0e-05)
1211.702 .... 3720 packets received, 6290 bps, 78.63%, Err 98 (1.0e-05)
1213.839 .... 3728 packets received, 6293 bps, 78.66%, Err 98 (1.0e-05)
1215.947 .... 3736 packets received, 6295 bps, 78.69%, Err 98 (1.0e-05)
1218.054 .... 3744 packets received, 6298 bps, 78.72%, Err 98 (1.0e-05)
1221.766 .... 3748 packets received, 6285 bps, 78.57%, Err 98 (1.0e-05)
1223.866 .... 3756 packets received, 6288 bps, 78.60%, Err 98 (1.0e-05)
1226.007 .... 3764 packets received, 6290 bps, 78.63%, Err 98 (1.0e-05)
1229.453 .... 3767 packets received, 6278 bps, 78.47%, Err 98 (1.0e-05)
1231.557 .... 3775 packets received, 6280 bps, 78.50%, Err 98 (9.9e-06)
1233.679 .... 3783 packets received, 6283 bps, 78.53%, Err 98 (9.9e-06)
1235.758 .... 3791 packets received, 6285 bps, 78.57%, Err 98 (9.9e-06)
1240.257 .... 3798 packets received, 6274 bps, 78.43%, Err 99 (1.0e-05)
1242.396 .... 3806 packets received, 6277 bps, 78.46%, Err 99 (1.0e-05)
1244.488 .... 3814 packets received, 6279 bps, 78.49%, Err 99 (9.9e-06)
1246.606 .... 3822 packets received, 6282 bps, 78.52%, Err 100 (1.0e-05)
1249.519 .... 3823 packets received, 6269 bps, 78.36%, Err 100 (1.0e-05)
1251.642 .... 3831 packets received, 6271 bps, 78.39%, Err 100 (1.0e-05)
1253.775 .... 3839 packets received, 6273 bps, 78.42%, Err 100 (1.0e-05)
1257.443 .... 3843 packets received, 6262 bps, 78.27%, Err 101 (1.0e-05)
1259.568 .... 3851 packets received, 6264 bps, 78.30%, Err 101 (1.0e-05)
1263.558 .... 3856 packets received, 6252 bps, 78.16%, Err 102 (1.0e-05)
1265.652 .... 3864 packets received, 6255 bps, 78.19%, Err 102 (1.0e-05)
1267.796 .... 3872 packets received, 6257 bps, 78.22%, Err 102 (1.0e-05)
1269.905 .... 3880 packets received, 6260 bps, 78.25%, Err 102 (1.0e-05)
1272.046 .... 3888 packets received, 6262 bps, 78.28%, Err 102 (1.0e-05)
1274.142 .... 3896 packets received, 6265 bps, 78.31%, Err 102 (1.0e-05)
1276.236 .... 3904 packets received, 6267 bps, 78.34%, Err 102 (1.0e-05)
1278.343 .... 3912 packets received, 6270 bps, 78.37%, Err 102 (1.0e-05)
1282.600 .... 3918 packets received, 6259 bps, 78.23%, Err 103 (1.0e-05)
1287.344 .... 3922 packets received, 6242 bps, 78.02%, Err 104 (1.0e-05)
1289.463 .... 3930 packets received, 6244 bps, 78.05%, Err 104 (1.0e-05)
1291.599 .... 3938 packets received, 6247 bps, 78.08%, Err 104 (1.0e-05)
1293.733 .... 3946 packets received, 6249 bps, 78.11%, Err 104 (1.0e-05)
1295.828 .... 3954 packets received, 6252 bps, 78.15%, Err 104 (1.0e-05)
1297.948 .... 3962 packets received, 6254 bps, 78.18%, Err 104 (1.0e-05)
1300.055 .... 3970 packets received, 6257 bps, 78.21%, Err 104 (1.0e-05)
1302.166 .... 3978 packets received, 6259 bps, 78.24%, Err 104 (1.0e-05)
1306.136 .... 3983 packets received, 6248 bps, 78.10%, Err 105 (1.0e-05)
1308.242 .... 3991 packets received, 6250 bps, 78.13%, Err 105 (1.0e-05)
1310.349 .... 3999 packets received, 6253 bps, 78.16%, Err 105 (1.0e-05)
1312.466 .... 4007 packets received, 6255 bps, 78.19%, Err 105 (1.0e-05)
1316.420 .... 4012 packets received, 6244 bps, 78.05%, Err 106 (1.0e-05)
1318.543 .... 4020 packets received, 6246 bps, 78.08%, Err 106 (1.0e-05)
1322.777 .... 4026 packets received, 6236 bps, 77.95%, Err 107 (1.0e-05)
1324.890 .... 4034 packets received, 6238 bps, 77.98%, Err 107 (1.0e-05)
1329.105 .... 4040 packets received, 6228 bps, 77.85%, Err 108 (1.0e-05)
1331.207 .... 4048 packets received, 6230 bps, 77.88%, Err 108 (1.0e-05)
1333.315 .... 4056 packets received, 6233 bps, 77.91%, Err 108 (1.0e-05)
1335.454 .... 4064 packets received, 6235 bps, 77.94%, Err 108 (1.0e-05)
1337.549 .... 4072 packets received, 6237 bps, 77.97%, Err 108 (1.0e-05)
1342.307 .... 4080 packets received, 6227 bps, 77.84%, Err 109 (1.0e-05)
1344.408 .... 4088 packets received, 6230 bps, 77.87%, Err 109 (1.0e-05)
1346.505 .... 4096 packets received, 6232 bps, 77.90%, Err 109 (1.0e-05)
1348.646 .... 4104 packets received, 6235 bps, 77.93%, Err 110 (1.0e-05)
1350.759 .... 4112 packets received, 6237 bps, 77.96%, Err 110 (1.0e-05)
1352.879 .... 4120 packets received, 6239 bps, 77.99%, Err 110 (1.0e-05)
1357.634 .... 4128 packets received, 6230 bps, 77.87%, Err 111 (1.0e-05)
1362.388 .... 4132 packets received, 6214 bps, 77.67%, Err 112 (1.0e-05)
1364.462 .... 4140 packets received, 6216 bps, 77.70%, Err 112 (1.0e-05)
1366.618 .... 4148 packets received, 6219 bps, 77.73%, Err 112 (1.0e-05)
1368.730 .... 4156 packets received, 6221 bps, 77.76%, Err 112 (1.0e-05)
1370.832 .... 4164 packets received, 6223 bps, 77.79%, Err 112 (1.0e-05)
1372.954 .... 4172 packets received, 6226 bps, 77.82%, Err 112 (1.0e-05)
1375.044 .... 4180 packets received, 6228 bps, 77.85%, Err 112 (1.0e-05)
1379.293 .... 4186 packets received, 6218