000.000 =============================================================
000.000                     Station B                               
000.000 -------------------------------------------------------------
000.000 Protocol.lib, version 4.0, jiangyanjun0718@bupt.edu.cn
000.000 Channel: 8000 bps, 270 ms propagation delay, bit error rate 1.0E-05
000.000 Log file "b800.log", TCP port 59144, debug mask 0x00
000.000 Station B is connecting station A (TCP port 59144) ... Done.
000.585 New epoch: Sun Apr  9 14:11:24 2023
000.585 =================================================================
000.585 
000.585 Designed by Li Ruobin, build: Apr  9 2023  14:11:08
002.981 .... 8 packets received, 7678 bps, 95.97%, Err 0 (0.0e+00)
005.091 .... 16 packets received, 7721 bps, 96.51%, Err 0 (0.0e+00)
008.513 .... 19 packets received, 5076 bps, 63.45%, Err 1 (1.6e-05)
010.653 .... 27 packets received, 5639 bps, 70.49%, Err 1 (1.2e-05)
014.361 .... 31 packets received, 4698 bps, 58.72%, Err 1 (9.1e-06)
016.480 .... 39 packets received, 5109 bps, 63.86%, Err 1 (7.9e-06)
018.583 .... 47 packets received, 5427 bps, 67.84%, Err 1 (7.0e-06)
020.687 .... 55 packets received, 5677 bps, 70.97%, Err 1 (6.2e-06)
022.806 .... 63 packets received, 5876 bps, 73.45%, Err 1 (5.6e-06)
024.909 .... 71 packets received, 6043 bps, 75.54%, Err 1 (5.1e-06)
027.028 .... 79 packets received, 6180 bps, 77.25%, Err 1 (4.7e-06)
031.500 .... 86 packets received, 5746 bps, 71.82%, Err 3 (1.2e-05)
033.625 .... 94 packets received, 5873 bps, 73.42%, Err 3 (1.1e-05)
035.765 .... 102 packets received, 5982 bps, 74.78%, Err 3 (1.1e-05)
037.879 .... 110 packets received, 6083 bps, 76.04%, Err 3 (1.0e-05)
042.360 .... 117 packets received, 5772 bps, 72.15%, Err 5 (1.5e-05)
044.454 .... 125 packets received, 5871 bps, 73.38%, Err 5 (1.4e-05)
047.664 .... 127 packets received, 5556 bps, 69.44%, Err 5 (1.3e-05)
049.770 .... 135 packets received, 5651 bps, 70.64%, Err 5 (1.3e-05)
051.864 .... 143 packets received, 5741 bps, 71.76%, Err 5 (1.2e-05)
053.975 .... 151 packets received, 5821 bps, 72.76%, Err 5 (1.2e-05)
056.099 .... 159 packets received, 5894 bps, 73.67%, Err 5 (1.1e-05)
058.205 .... 167 packets received, 5963 bps, 74.54%, Err 5 (1.1e-05)
060.333 .... 175 packets received, 6025 bps, 75.31%, Err 5 (1.0e-05)
062.439 .... 183 packets received, 6085 bps, 76.06%, Err 5 (1.0e-05)
066.159 .... 187 packets received, 5864 bps, 73.30%, Err 5 (9.5e-06)
068.285 .... 195 packets received, 5922 bps, 74.02%, Err 5 (9.2e-06)
070.377 .... 203 packets received, 5979 bps, 74.74%, Err 5 (9.0e-06)
072.491 .... 211 packets received, 6032 bps, 75.40%, Err 5 (8.7e-06)
074.609 .... 219 packets received, 6081 bps, 76.01%, Err 5 (8.4e-06)
077.752 .... 221 packets received, 5885 bps, 73.57%, Err 6 (9.7e-06)
079.859 .... 229 packets received, 5936 bps, 74.20%, Err 6 (9.5e-06)
082.001 .... 237 packets received, 5981 bps, 74.76%, Err 6 (9.2e-06)
084.096 .... 245 packets received, 6027 bps, 75.34%, Err 6 (9.0e-06)
086.221 .... 253 packets received, 6069 bps, 75.86%, Err 7 (1.0e-05)
089.156 .... 254 packets received, 5891 bps, 73.63%, Err 7 (9.9e-06)
091.263 .... 262 packets received, 5935 bps, 74.18%, Err 7 (9.7e-06)
093.395 .... 270 packets received, 5975 bps, 74.69%, Err 7 (9.4e-06)
095.490 .... 278 packets received, 6016 bps, 75.20%, Err 7 (9.2e-06)
097.606 .... 286 packets received, 6053 bps, 75.67%, Err 7 (9.0e-06)
102.386 .... 294 packets received, 5930 bps, 74.12%, Err 7 (8.6e-06)
106.330 .... 299 packets received, 5805 bps, 72.57%, Err 9 (1.1e-05)
108.439 .... 307 packets received, 5844 bps, 73.05%, Err 9 (1.0e-05)
110.565 .... 315 packets received, 5880 bps, 73.50%, Err 9 (1.0e-05)
112.676 .... 323 packets received, 5915 bps, 73.94%, Err 9 (1.0e-05)
114.783 .... 331 packets received, 5950 bps, 74.37%, Err 9 (9.9e-06)
116.912 .... 339 packets received, 5982 bps, 74.77%, Err 9 (9.7e-06)
119.019 .... 347 packets received, 6014 bps, 75.17%, Err 9 (9.5e-06)
121.127 .... 355 packets received, 6045 bps, 75.56%, Err 9 (9.3e-06)
126.934 .... 357 packets received, 5799 bps, 72.48%, Err 12 (1.2e-05)
129.059 .... 365 packets received, 5830 bps, 72.88%, Err 12 (1.2e-05)
131.171 .... 373 packets received, 5862 bps, 73.27%, Err 14 (1.3e-05)
134.068 .... 374 packets received, 5749 bps, 71.87%, Err 14 (1.3e-05)
136.173 .... 382 packets received, 5781 bps, 72.26%, Err 14 (1.3e-05)
138.278 .... 390 packets received, 5812 bps, 72.65%, Err 14 (1.3e-05)
140.410 .... 398 packets received, 5840 bps, 73.01%, Err 14 (1.3e-05)
142.506 .... 406 packets received, 5870 bps, 73.37%, Err 14 (1.2e-05)
144.632 .... 414 packets received, 5897 bps, 73.71%, Err 14 (1.2e-05)
149.124 .... 421 packets received, 5815 bps, 72.69%, Err 15 (1.3e-05)
151.221 .... 429 packets received, 5843 bps, 73.03%, Err 16 (1.3e-05)
154.403 .... 430 packets received, 5735 bps, 71.69%, Err 16 (1.3e-05)
156.503 .... 438 packets received, 5763 bps, 72.04%, Err 16 (1.3e-05)
159.964 .... 440 packets received, 5663 bps, 70.79%, Err 17 (1.3e-05)
162.061 .... 448 packets received, 5691 bps, 71.14%, Err 17 (1.3e-05)
164.166 .... 456 packets received, 5718 bps, 71.48%, Err 17 (1.3e-05)
166.285 .... 464 packets received, 5744 bps, 71.80%, Err 17 (1.3e-05)
170.522 .... 470 packets received, 5673 bps, 70.91%, Err 19 (1.4e-05)
172.633 .... 478 packets received, 5699 bps, 71.23%, Err 19 (1.4e-05)
174.734 .... 486 packets received, 5724 bps, 71.55%, Err 19 (1.4e-05)
178.410 .... 490 packets received, 5652 bps, 70.65%, Err 20 (1.4e-05)
180.548 .... 498 packets received, 5676 bps, 70.94%, Err 20 (1.4e-05)
182.669 .... 506 packets received, 5699 bps, 71.24%, Err 20 (1.4e-05)
184.773 .... 514 packets received, 5723 bps, 71.54%, Err 20 (1.4e-05)
186.902 .... 522 packets received, 5746 bps, 71.82%, Err 20 (1.3e-05)
188.992 .... 530 packets received, 5769 bps, 72.11%, Err 20 (1.3e-05)
191.125 .... 538 packets received, 5791 bps, 72.38%, Err 20 (1.3e-05)
193.217 .... 546 packets received, 5813 bps, 72.66%, Err 20 (1.3e-05)
195.339 .... 554 packets received, 5834 bps, 72.92%, Err 20 (1.3e-05)
197.451 .... 562 packets received, 5854 bps, 73.18%, Err 20 (1.3e-05)
199.566 .... 570 packets received, 5874 bps, 73.43%, Err 20 (1.3e-05)
201.655 .... 578 packets received, 5895 bps, 73.69%, Err 20 (1.2e-05)
203.780 .... 586 packets received, 5914 bps, 73.92%, Err 20 (1.2e-05)
205.900 .... 594 packets received, 5933 bps, 74.16%, Err 20 (1.2e-05)
208.006 .... 602 packets received, 5951 bps, 74.39%, Err 20 (1.2e-05)
210.110 .... 610 packets received, 5970 bps, 74.62%, Err 20 (1.2e-05)
214.354 .... 616 packets received, 5909 bps, 73.86%, Err 20 (1.2e-05)
216.457 .... 624 packets received, 5927 bps, 74.09%, Err 20 (1.2e-05)
218.578 .... 632 packets received, 5945 bps, 74.31%, Err 20 (1.1e-05)
220.694 .... 640 packets received, 5962 bps, 74.52%, Err 20 (1.1e-05)
224.644 .... 645 packets received, 5902 bps, 73.78%, Err 21 (1.2e-05)
226.754 .... 653 packets received, 5920 bps, 74.00%, Err 21 (1.2e-05)
228.895 .... 661 packets received, 5936 bps, 74.20%, Err 21 (1.1e-05)
233.144 .... 665 packets received, 5863 bps, 73.29%, Err 21 (1.1e-05)
235.233 .... 673 packets received, 5880 bps, 73.51%, Err 21 (1.1e-05)
238.420 .... 675 packets received, 5819 bps, 72.74%, Err 21 (1.1e-05)
240.551 .... 683 packets received, 5835 bps, 72.94%, Err 21 (1.1e-05)
243.709 .... 685 packets received, 5776 bps, 72.21%, Err 21 (1.1e-05)
245.826 .... 693 packets received, 5793 bps, 72.42%, Err 21 (1.1e-05)
249.006 .... 695 packets received, 5736 bps, 71.70%, Err 21 (1.1e-05)
251.127 .... 703 packets received, 5753 bps, 71.91%, Err 21 (1.0e-05)
254.308 .... 705 packets received, 5696 bps, 71.21%, Err 21 (1.0e-05)
256.428 .... 713 packets received, 5713 bps, 71.42%, Err 21 (1.0e-05)
259.592 .... 715 packets received, 5659 bps, 70.74%, Err 21 (1.0e-05)
261.728 .... 723 packets received, 5676 bps, 70.95%, Err 21 (1.0e-05)
264.909 .... 725 packets received, 5623 bps, 70.29%, Err 21 (9.9e-06)
267.015 .... 733 packets received, 5640 bps, 70.50%, Err 21 (9.9e-06)
270.193 .... 735 packets received, 5589 bps, 69.86%, Err 21 (9.7e-06)
272.295 .... 743 packets received, 5606 bps, 70.07%, Err 21 (9.7e-06)
275.487 .... 745 packets received, 5555 bps, 69.44%, Err 22 (1.0e-05)
277.608 .... 753 packets received, 5572 bps, 69.65%, Err 22 (9.9e-06)
280.776 .... 755 packets received, 5524 bps, 69.05%, Err 22 (9.8e-06)
282.897 .... 763 packets received, 5540 bps, 69.25%, Err 22 (9.7e-06)
285.004 .... 771 packets received, 5557 bps, 69.46%, Err 22 (9.7e-06)
287.108 .... 779 packets received, 5573 bps, 69.67%, Err 22 (9.6e-06)
289.213 .... 787 packets received, 5589 bps, 69.87%, Err 23 (1.0e-05)
292.116 .... 788 packets received, 5541 bps, 69.26%, Err 23 (9.9e-06)
294.232 .... 796 packets received, 5557 bps, 69.46%, Err 23 (9.8e-06)
298.215 .... 800 packets received, 5510 bps, 68.87%, Err 23 (9.7e-06)
300.321 .... 808 packets received, 5526 bps, 69.07%, Err 23 (9.6e-06)
303.515 .... 810 packets received, 5481 bps, 68.51%, Err 24 (9.9e-06)
306.421 .... 811 packets received, 5435 bps, 67.94%, Err 25 (1.0e-05)
311.705 .... 817 packets received, 5383 bps, 67.28%, Err 26 (1.0e-05)
318.048 .... 824 packets received, 5320 bps, 66.50%, Err 27 (1.1e-05)
320.153 .... 832 packets received, 5336 bps, 66.70%, Err 27 (1.1e-05)
322.273 .... 840 packets received, 5352 bps, 66.90%, Err 27 (1.0e-05)
326.239 .... 845 packets received, 5318 bps, 66.48%, Err 28 (1.1e-05)
328.342 .... 853 packets received, 5334 bps, 66.68%, Err 28 (1.1e-05)
330.462 .... 861 packets received, 5350 bps, 66.87%, Err 28 (1.1e-05)
332.580 .... 869 packets received, 5365 bps, 67.06%, Err 28 (1.1e-05)
334.685 .... 877 packets received, 5380 bps, 67.25%, Err 28 (1.0e-05)
336.805 .... 885 packets received, 5395 bps, 67.44%, Err 28 (1.0e-05)
338.909 .... 893 packets received, 5410 bps, 67.62%, Err 28 (1.0e-05)
341.029 .... 901 packets received, 5424 bps, 67.80%, Err 28 (1.0e-05)
343.133 .... 909 packets received, 5439 bps, 67.99%, Err 28 (1.0e-05)
345.252 .... 917 packets received, 5453 bps, 68.16%, Err 28 (1.0e-05)
347.356 .... 925 packets received, 5467 bps, 68.34%, Err 28 (1.0e-05)
349.475 .... 933 packets received, 5481 bps, 68.51%, Err 28 (1.0e-05)
351.579 .... 941 packets received, 5495 bps, 68.68%, Err 28 (1.0e-05)
353.682 .... 949 packets received, 5508 bps, 68.85%, Err 28 (9.9e-06)
355.814 .... 957 packets received, 5521 bps, 69.02%, Err 28 (9.9e-06)
357.916 .... 965 packets received, 5535 bps, 69.19%, Err 28 (9.8e-06)
360.033 .... 973 packets received, 5548 bps, 69.35%, Err 28 (9.7e-06)
362.150 .... 981 packets received, 5561 bps, 69.51%, Err 28 (9.7e-06)
365.841 .... 985 packets received, 5527 bps, 69.09%, Err 29 (9.9e-06)
367.956 .... 993 packets received, 5540 bps, 69.25%, Err 29 (9.9e-06)
370.073 .... 1001 packets received, 5552 bps, 69.40%, Err 29 (9.8e-06)
372.174 .... 1009 packets received, 5565 bps, 69.56%, Err 29 (9.8e-06)
374.290 .... 1017 packets received, 5577 bps, 69.72%, Err 29 (9.7e-06)
376.408 .... 1025 packets received, 5590 bps, 69.87%, Err 29 (9.6e-06)
380.623 .... 1031 packets received, 5560 bps, 69.50%, Err 30 (9.9e-06)
385.369 .... 1035 packets received, 5513 bps, 68.91%, Err 31 (1.0e-05)
387.502 .... 1043 packets received, 5524 bps, 69.06%, Err 31 (1.0e-05)
389.613 .... 1051 packets received, 5537 bps, 69.21%, Err 31 (1.0e-05)
391.718 .... 1059 packets received, 5549 bps, 69.36%, Err 31 (9.9e-06)
393.834 .... 1067 packets received, 5561 bps, 69.51%, Err 31 (9.9e-06)
395.938 .... 1075 packets received, 5572 bps, 69.65%, Err 31 (9.8e-06)
398.057 .... 1083 packets received, 5584 bps, 69.80%, Err 31 (9.7e-06)
400.161 .... 1091 packets received, 5596 bps, 69.94%, Err 31 (9.7e-06)
403.327 .... 1093 packets received, 5562 bps, 69.52%, Err 33 (1.0e-05)
405.433 .... 1101 packets received, 5573 bps, 69.67%, Err 33 (1.0e-05)
408.644 .... 1103 packets received, 5539 bps, 69.24%, Err 34 (1.0e-05)
410.747 .... 1111 packets received, 5551 bps, 69.39%, Err 34 (1.0e-05)
413.928 .... 1113 packets received, 5518 bps, 68.98%, Err 34 (1.0e-05)
416.034 .... 1121 packets received, 5530 bps, 69.12%, Err 34 (1.0e-05)
418.155 .... 1129 packets received, 5541 bps, 69.26%, Err 34 (1.0e-05)
420.275 .... 1137 packets received, 5552 bps, 69.40%, Err 34 (1.0e-05)
422.380 .... 1145 packets received, 5563 bps, 69.54%, Err 34 (1.0e-05)
426.608 .... 1151 packets received, 5537 bps, 69.21%, Err 34 (1.0e-05)
428.712 .... 1159 packets received, 5548 bps, 69.35%, Err 35 (1.0e-05)
431.890 .... 1161 packets received, 5516 bps, 68.95%, Err 36 (1.0e-05)
434.007 .... 1169 packets received, 5527 bps, 69.09%, Err 36 (1.0e-05)
436.125 .... 1177 packets received, 5538 bps, 69.22%, Err 36 (1.0e-05)
438.244 .... 1185 packets received, 5548 bps, 69.36%, Err 36 (1.0e-05)
440.330 .... 1193 packets received, 5559 bps, 69.49%, Err 36 (1.0e-05)
445.098 .... 1201 packets received, 5537 bps, 69.21%, Err 37 (1.0e-05)
447.187 .... 1209 packets received, 5547 bps, 69.34%, Err 37 (1.0e-05)
449.321 .... 1217 packets received, 5558 bps, 69.47%, Err 37 (1.0e-05)
453.031 .... 1221 packets received, 5530 bps, 69.13%, Err 37 (1.0e-05)
455.133 .... 1229 packets received, 5541 bps, 69.26%, Err 37 (1.0e-05)
457.263 .... 1237 packets received, 5551 bps, 69.38%, Err 37 (1.0e-05)
461.488 .... 1243 packets received, 5526 bps, 69.08%, Err 38 (1.0e-05)
466.256 .... 1247 packets received, 5487 bps, 68.59%, Err 39 (1.0e-05)
468.378 .... 1255 packets received, 5497 bps, 68.72%, Err 39 (1.0e-05)
470.498 .... 1263 packets received, 5508 bps, 68.84%, Err 39 (1.0e-05)
473.920 .... 1266 packets received, 5481 bps, 68.51%, Err 41 (1.1e-05)
476.041 .... 1274 packets received, 5491 bps, 68.63%, Err 41 (1.1e-05)
478.162 .... 1282 packets received, 5501 bps, 68.76%, Err 41 (1.1e-05)
481.873 .... 1286 packets received, 5475 bps, 68.44%, Err 41 (1.1e-05)
483.977 .... 1294 packets received, 5485 bps, 68.57%, Err 41 (1.1e-05)
486.099 .... 1302 packets received, 5495 bps, 68.69%, Err 41 (1.1e-05)
488.220 .... 1310 packets received, 5505 bps, 68.81%, Err 41 (1.1e-05)
490.326 .... 1318 packets received, 5515 bps, 68.93%, Err 41 (1.0e-05)
492.430 .... 1326 packets received, 5524 bps, 69.05%, Err 41 (1.0e-05)
497.186 .... 1334 packets received, 5504 bps, 68.80%, Err 42 (1.1e-05)
499.307 .... 1342 packets received, 5514 bps, 68.92%, Err 42 (1.1e-05)
501.413 .... 1350 packets received, 5523 bps, 69.04%, Err 42 (1.0e-05)
504.334 .... 1351 packets received, 5495 bps, 68.69%, Err 42 (1.0e-05)
506.453 .... 1359 packets received, 5505 bps, 68.81%, Err 42 (1.0e-05)
508.557 .... 1367 packets received, 5514 bps, 68.93%, Err 42 (1.0e-05)
510.676 .... 1375 packets received, 5523 bps, 69.04%, Err 42 (1.0e-05)
512.781 .... 1383 packets received, 5533 bps, 69.16%, Err 42 (1.0e-05)
514.900 .... 1391 packets received, 5542 bps, 69.27%, Err 42 (1.0e-05)
517.004 .... 1399 packets received, 5551 bps, 69.39%, Err 42 (1.0e-05)
519.124 .... 1407 packets received, 5560 bps, 69.50%, Err 42 (1.0e-05)
521.212 .... 1415 packets received, 5569 bps, 69.61%, Err 42 (1.0e-05)
523.346 .... 1423 packets received, 5578 bps, 69.72%, Err 42 (1.0e-05)
525.463 .... 1431 packets received, 5586 bps, 69.83%, Err 42 (1.0e-05)
527.566 .... 1439 packets received, 5595 bps, 69.94%, Err 42 (1.0e-05)
529.685 .... 1447 packets received, 5604 bps, 70.05%, Err 42 (9.9e-06)
531.786 .... 1455 packets received, 5612 bps, 70.15%, Err 42 (9.9e-06)
533.902 .... 1463 packets received, 5621 bps, 70.26%, Err 42 (9.8e-06)
536.003 .... 1471 packets received, 5629 bps, 70.37%, Err 42 (9.8e-06)
538.134 .... 1479 packets received, 5638 bps, 70.47%, Err 42 (9.8e-06)
540.222 .... 1487 packets received, 5646 bps, 70.58%, Err 42 (9.7e-06)
542.340 .... 1495 packets received, 5654 bps, 70.68%, Err 42 (9.7e-06)
544.459 .... 1503 packets received, 5662 bps, 70.78%, Err 42 (9.7e-06)
546.577 .... 1511 packets received, 5670 bps, 70.88%, Err 42 (9.6e-06)
548.695 .... 1519 packets received, 5678 bps, 70.98%, Err 42 (9.6e-06)
550.800 .... 1527 packets received, 5686 bps, 71.08%, Err 42 (9.5e-06)
552.903 .... 1535 packets received, 5694 bps, 71.18%, Err 42 (9.5e-06)
555.021 .... 1543 packets received, 5702 bps, 71.28%, Err 42 (9.5e-06)
557.140 .... 1551 packets received, 5710 bps, 71.38%, Err 42 (9.4e-06)
561.620 .... 1558 packets received, 5690 bps, 71.12%, Err 44 (9.8e-06)
563.728 .... 1566 packets received, 5698 bps, 71.22%, Err 44 (9.8e-06)
565.835 .... 1574 packets received, 5706 bps, 71.32%, Err 44 (9.7e-06)
567.953 .... 1582 packets received, 5713 bps, 71.41%, Err 44 (9.7e-06)
570.061 .... 1590 packets received, 5721 bps, 71.51%, Err 44 (9.7e-06)
572.180 .... 1598 packets received, 5728 bps, 71.60%, Err 44 (9.6e-06)
574.293 .... 1606 packets received, 5736 bps, 71.70%, Err 44 (9.6e-06)
576.408 .... 1614 packets received, 5743 bps, 71.79%, Err 44 (9.6e-06)
578.509 .... 1622 packets received, 5751 bps, 71.88%, Err 44 (9.5e-06)
582.742 .... 1628 packets received, 5730 bps, 71.62%, Err 45 (9.7e-06)
584.847 .... 1636 packets received, 5737 bps, 71.72%, Err 45 (9.6e-06)
586.964 .... 1644 packets received, 5744 bps, 71.81%, Err 45 (9.6e-06)
589.068 .... 1652 packets received, 5752 bps, 71.90%, Err 45 (9.6e-06)
591.189 .... 1660 packets received, 5759 bps, 71.99%, Err 45 (9.5e-06)
593.290 .... 1668 packets received, 5766 bps, 72.08%, Err 45 (9.5e-06)
596.971 .... 1672 packets received, 5744 bps, 71.80%, Err 46 (9.6e-06)
602.275 .... 1680 packets received, 5721 bps, 71.51%, Err 47 (9.8e-06)
604.369 .... 1688 packets received, 5728 bps, 71.60%, Err 47 (9.7e-06)
606.506 .... 1696 packets received, 5735 bps, 71.69%, Err 47 (9.7e-06)
608.641 .... 1704 packets received, 5742 bps, 71.77%, Err 47 (9.7e-06)
610.733 .... 1712 packets received, 5749 bps, 71.86%, Err 47 (9.6e-06)
612.869 .... 1720 packets received, 5756 bps, 71.95%, Err 47 (9.6e-06)
614.972 .... 1728 packets received, 5763 bps, 72.03%, Err 47 (9.6e-06)
617.080 .... 1736 packets received, 5769 bps, 72.12%, Err 47 (9.5e-06)
619.200 .... 1744 packets received, 5776 bps, 72.20%, Err 47 (9.5e-06)
621.305 .... 1752 packets received, 5783 bps, 72.29%, Err 47 (9.5e-06)
623.423 .... 1760 packets received, 5790 bps, 72.37%, Err 47 (9.4e-06)
625.515 .... 1768 packets received, 5796 bps, 72.46%, Err 47 (9.4e-06)
628.961 .... 1771 packets received, 5774 bps, 72.18%, Err 48 (9.5e-06)
631.067 .... 1779 packets received, 5781 bps, 72.26%, Err 48 (9.5e-06)
633.187 .... 1787 packets received, 5788 bps, 72.35%, Err 48 (9.5e-06)
637.156 .... 1792 packets received, 5768 bps, 72.10%, Err 49 (9.6e-06)
639.276 .... 1800 packets received, 5774 bps, 72.18%, Err 49 (9.6e-06)
641.397 .... 1808 packets received, 5781 bps, 72.26%, Err 49 (9.6e-06)
643.498 .... 1816 packets received, 5787 bps, 72.34%, Err 49 (9.5e-06)
645.619 .... 1824 packets received, 5794 bps, 72.42%, Err 49 (9.5e-06)
647.737 .... 1832 packets received, 5800 bps, 72.50%, Err 49 (9.5e-06)
649.840 .... 1840 packets received, 5806 bps, 72.58%, Err 49 (9.4e-06)
651.945 .... 1848 packets received, 5813 bps, 72.66%, Err 49 (9.4e-06)
655.112 .... 1850 packets received, 5791 bps, 72.39%, Err 50 (9.5e-06)
657.248 .... 1858 packets received, 5797 bps, 72.46%, Err 50 (9.5e-06)
659.366 .... 1866 packets received, 5803 bps, 72.54%, Err 50 (9.5e-06)
661.472 .... 1874 packets received, 5810 bps, 72.62%, Err 50 (9.5e-06)
663.570 .... 1882 packets received, 5816 bps, 72.70%, Err 50 (9.4e-06)
665.690 .... 1890 packets received, 5822 bps, 72.78%, Err 50 (9.4e-06)
667.810 .... 1898 packets received, 5828 bps, 72.85%, Err 50 (9.4e-06)
669.918 .... 1906 packets received, 5834 bps, 72.93%, Err 50 (9.3e-06)
672.025 .... 1914 packets received, 5840 bps, 73.00%, Err 50 (9.3e-06)
674.143 .... 1922 packets received, 5846 bps, 73.08%, Err 50 (9.3e-06)
676.250 .... 1930 packets received, 5852 bps, 73.15%, Err 50 (9.3e-06)
679.425 .... 1932 packets received, 5831 bps, 72.89%, Err 51 (9.4e-06)
681.548 .... 1940 packets received, 5837 bps, 72.96%, Err 51 (9.4e-06)
683.651 .... 1948 packets received, 5843 bps, 73.04%, Err 51 (9.3e-06)
685.788 .... 1956 packets received, 5849 bps, 73.11%, Err 51 (9.3e-06)
687.873 .... 1964 packets received, 5855 bps, 73.18%, Err 51 (9.3e-06)
692.393 .... 1971 packets received, 5837 bps, 72.96%, Err 54 (9.8e-06)
694.519 .... 1979 packets received, 5843 bps, 73.04%, Err 54 (9.7e-06)
697.693 .... 1981 packets received, 5822 bps, 72.78%, Err 54 (9.7e-06)
699.801 .... 1989 packets received, 5828 bps, 72.85%, Err 54 (9.7e-06)
701.903 .... 1997 packets received, 5834 bps, 72.92%, Err 54 (9.6e-06)
704.023 .... 2005 packets received, 5840 bps, 72.99%, Err 54 (9.6e-06)
706.135 .... 2013 packets received, 5845 bps, 73.07%, Err 54 (9.6e-06)
709.295 .... 2015 packets received, 5825 bps, 72.81%, Err 55 (9.7e-06)
711.404 .... 2023 packets received, 5831 bps, 72.88%, Err 55 (9.7e-06)
715.384 .... 2028 packets received, 5813 bps, 72.66%, Err 57 (1.0e-05)
717.495 .... 2036 packets received, 5818 bps, 72.73%, Err 57 (9.9e-06)
719.606 .... 2044 packets received, 5824 bps, 72.80%, Err 57 (9.9e-06)
721.718 .... 2052 packets received, 5830 bps, 72.87%, Err 57 (9.9e-06)
723.828 .... 2060 packets received, 5835 bps, 72.94%, Err 57 (9.9e-06)
727.262 .... 2063 packets received, 5816 bps, 72.70%, Err 60 (1.0e-05)
729.374 .... 2071 packets received, 5822 bps, 72.77%, Err 60 (1.0e-05)
731.487 .... 2079 packets received, 5827 bps, 72.84%, Err 60 (1.0e-05)
733.586 .... 2087 packets received, 5833 bps, 72.91%, Err 60 (1.0e-05)
735.702 .... 2095 packets received, 5839 bps, 72.98%, Err 60 (1.0e-05)
737.820 .... 2103 packets received, 5844 bps, 73.05%, Err 60 (1.0e-05)
739.923 .... 2111 packets received, 5850 bps, 73.12%, Err 60 (1.0e-05)
742.039 .... 2119 packets received, 5855 bps, 73.19%, Err 60 (1.0e-05)
744.154 .... 2127 packets received, 5860 bps, 73.26%, Err 60 (1.0e-05)
746.269 .... 2135 packets received, 5866 bps, 73.32%, Err 60 (1.0e-05)
748.368 .... 2143 packets received, 5871 bps, 73.39%, Err 60 (1.0e-05)
750.496 .... 2151 packets received, 5876 bps, 73.46%, Err 60 (1.0e-05)
752.595 .... 2159 packets received, 5882 bps, 73.52%, Err 60 (1.0e-05)
757.090 .... 2166 packets received, 5866 bps, 73.32%, Err 62 (1.0e-05)
759.206 .... 2174 packets received, 5871 bps, 73.39%, Err 62 (1.0e-05)
761.324 .... 2182 packets received, 5876 bps, 73.45%, Err 62 (1.0e-05)
765.015 .... 2186 packets received, 5859 bps, 73.23%, Err 63 (1.0e-05)
767.133 .... 2194 packets received, 5864 bps, 73.30%, Err 63 (1.0e-05)
769.252 .... 2202 packets received, 5869 bps, 73.36%, Err 63 (1.0e-05)
771.354 .... 2210 packets received, 5874 bps, 73.43%, Err 63 (1.0e-05)
773.471 .... 2218 packets received, 5879 bps, 73.49%, Err 63 (1.0e-05)
775.590 .... 2226 packets received, 5884 bps, 73.55%, Err 63 (1.0e-05)
777.693 .... 2234 packets received, 5889 bps, 73.62%, Err 63 (1.0e-05)
779.811 .... 2242 packets received, 5895 bps, 73.68%, Err 63 (1.0e-05)
781.927 .... 2250 packets received, 5900 bps, 73.74%, Err 63 (1.0e-05)
784.031 .... 2258 packets received, 5905 bps, 73.81%, Err 63 (1.0e-05)
786.149 .... 2266 packets received, 5910 bps, 73.87%, Err 63 (1.0e-05)
788.250 .... 2274 packets received, 5915 bps, 73.93%, Err 63 (1.0e-05)
790.370 .... 2282 packets received, 5919 bps, 73.99%, Err 63 (1.0e-05)
792.482 .... 2290 packets received, 5924 bps, 74.05%, Err 63 (9.9e-06)
794.570 .... 2298 packets received, 5929 bps, 74.12%, Err 63 (9.9e-06)
796.701 .... 2306 packets received, 5934 bps, 74.18%, Err 63 (9.9e-06)
801.432 .... 2314 packets received, 5920 bps, 73.99%, Err 64 (1.0e-05)
803.555 .... 2322 packets received, 5924 bps, 74.05%, Err 64 (1.0e-05)
805.676 .... 2330 packets received, 5929 bps, 74.11%, Err 64 (9.9e-06)
809.406 .... 2334 packets received, 5912 bps, 73.90%, Err 65 (1.0e-05)
812.300 .... 2335 packets received, 5893 bps, 73.67%, Err 65 (1.0e-05)
814.417 .... 2343 packets received, 5898 bps, 73.73%, Err 65 (1.0e-05)
819.181 .... 2348 packets received, 5876 bps, 73.45%, Err 66 (1.0e-05)
821.304 .... 2356 packets received, 5881 bps, 73.51%, Err 66 (1.0e-05)
823.427 .... 2364 packets received, 5886 bps, 73.57%, Err 67 (1.0e-05)
828.171 .... 2372 packets received, 5872 bps, 73.40%, Err 68 (1.0e-05)
830.296 .... 2380 packets received, 5876 bps, 73.46%, Err 68 (1.0e-05)
832.409 .... 2388 packets received, 5881 bps, 73.52%, Err 68 (1.0e-05)
836.620 .... 2394 packets received, 5866 bps, 73.33%, Err 69 (1.0e-05)
838.735 .... 2402 packets received, 5871 bps, 73.39%, Err 69 (1.0e-05)
840.869 .... 2410 packets received, 5876 bps, 73.45%, Err 69 (1.0e-05)
842.971 .... 2418 packets received, 5880 bps, 73.51%, Err 69 (1.0e-05)
845.086 .... 2426 packets received, 5885 bps, 73.56%, Err 69 (1.0e-05)
847.217 .... 2434 packets received, 5890 bps, 73.62%, Err 69 (1.0e-05)
851.719 .... 2441 packets received, 5875 bps, 73.44%, Err 69 (1.0e-05)
853.817 .... 2449 packets received, 5880 bps, 73.50%, Err 69 (1.0e-05)
857.010 .... 2451 packets received, 5863 bps, 73.29%, Err 69 (1.0e-05)
859.111 .... 2459 packets received, 5868 bps, 73.35%, Err 69 (1.0e-05)
861.208 .... 2467 packets received, 5872 bps, 73.41%, Err 69 (1.0e-05)
863.338 .... 2475 packets received, 5877 bps, 73.46%, Err 69 (1.0e-05)
865.441 .... 2483 packets received, 5882 bps, 73.52%, Err 69 (1.0e-05)
869.153 .... 2487 packets received, 5866 bps, 73.32%, Err 70 (1.0e-05)
871.266 .... 2495 packets received, 5870 bps, 73.38%, Err 70 (1.0e-05)
873.386 .... 2503 packets received, 5875 bps, 73.44%, Err 70 (1.0e-05)
875.507 .... 2511 packets received, 5879 bps, 73.49%, Err 70 (1.0e-05)
878.946 .... 2514 packets received, 5863 bps, 73.29%, Err 70 (1.0e-05)
881.067 .... 2522 packets received, 5868 bps, 73.35%, Err 70 (9.9e-06)
883.173 .... 2530 packets received, 5872 bps, 73.41%, Err 70 (9.9e-06)
885.307 .... 2538 packets received, 5877 bps, 73.46%, Err 70 (9.9e-06)
888.709 .... 2541 packets received, 5861 bps, 73.27%, Err 71 (1.0e-05)
890.826 .... 2549 packets received, 5866 bps, 73.32%, Err 71 (1.0e-05)
892.975 .... 2557 packets received, 5870 bps, 73.37%, Err 71 (9.9e-06)
896.686 .... 2561 packets received, 5855 bps, 73.18%, Err 71 (9.9e-06)
898.791 .... 2569 packets received, 5859 bps, 73.24%, Err 71 (9.9e-06)
900.909 .... 2577 packets received, 5864 bps, 73.30%, Err 71 (9.9e-06)
903.013 .... 2585 packets received, 5868 bps, 73.35%, Err 71 (9.8e-06)
905.133 .... 2593 packets received, 5873 bps, 73.41%, Err 71 (9.8e-06)
907.238 .... 2601 packets received, 5877 bps, 73.46%, Err 71 (9.8e-06)
909.356 .... 2609 packets received, 5881 bps, 73.52%, Err 71 (9.8e-06)
911.445 .... 2617 packets received, 5886 bps, 73.57%, Err 71 (9.7e-06)
913.578 .... 2625 packets received, 5890 bps, 73.63%, Err 71 (9.7e-06)
915.682 .... 2633 packets received, 5894 bps, 73.68%, Err 71 (9.7e-06)
917.800 .... 2641 packets received, 5899 bps, 73.73%, Err 71 (9.7e-06)
919.917 .... 2649 packets received, 5903 bps, 73.79%, Err 71 (9.7e-06)
922.020 .... 2657 packets received, 5907 bps, 73.84%, Err 71 (9.6e-06)
924.121 .... 2665 packets received, 5911 bps, 73.89%, Err 71 (9.6e-06)
926.252 .... 2673 packets received, 5916 bps, 73.94%, Err 71 (9.6e-06)
928.356 .... 2681 packets received, 5920 bps, 74.00%, Err 71 (9.6e-06)
930.475 .... 2689 packets received, 5924 bps, 74.05%, Err 71 (9.5e-06)
932.579 .... 2697 packets received, 5928 bps, 74.10%, Err 71 (9.5e-06)
934.697 .... 2705 packets received, 5932 bps, 74.15%, Err 71 (9.5e-06)
939.450 .... 2713 packets received, 5920 bps, 74.00%, Err 72 (9.6e-06)
941.554 .... 2721 packets received, 5924 bps, 74.05%, Err 73 (9.7e-06)
945.519 .... 2726 packets received, 5910 bps, 73.87%, Err 74 (9.8e-06)
950.813 .... 2731 packets received, 5888 bps, 73.60%, Err 75 (9.9e-06)
952.913 .... 2739 packets received, 5892 bps, 73.65%, Err 75 (9.8e-06)
957.404 .... 2743 packets received, 5873 bps, 73.41%, Err 78 (1.0e-05)
959.522 .... 2751 packets received, 5877 bps, 73.46%, Err 78 (1.0e-05)
963.485 .... 2755 packets received, 5861 bps, 73.27%, Err 79 (1.0e-05)
965.603 .... 2763 packets received, 5865 bps, 73.32%, Err 79 (1.0e-05)
967.706 .... 2771 packets received, 5870 bps, 73.37%, Err 79 (1.0e-05)
969.824 .... 2779 packets received, 5874 bps, 73.42%, Err 79 (1.0e-05)
971.928 .... 2787 packets received, 5878 bps, 73.47%, Err 79 (1.0e-05)
974.032 .... 2795 packets received, 5882 bps, 73.52%, Err 79 (1.0e-05)
976.151 .... 2803 packets received, 5886 bps, 73.57%, Err 79 (1.0e-05)
978.269 .... 2811 packets received, 5890 bps, 73.62%, Err 79 (1.0e-05)
980.386 .... 2819 packets received, 5894 bps, 73.67%, Err 79 (1.0e-05)
982.486 .... 2827 packets received, 5898 bps, 73.72%, Err 79 (1.0e-05)
984.602 .... 2835 packets received, 5902 bps, 73.77%, Err 79 (1.0e-05)
986.718 .... 2843 packets received, 5906 bps, 73.82%, Err 79 (1.0e-05)
988.834 .... 2851 packets received, 5910 bps, 73.87%, Err 79 (1.0e-05)
990.948 .... 2859 packets received, 5914 bps, 73.92%, Err 79 (1.0e-05)
993.050 .... 2867 packets received, 5918 bps, 73.97%, Err 79 (1.0e-05)
995.167 .... 2875 packets received, 5922 bps, 74.02%, Err 79 (9.9e-06)
997.282 .... 2883 packets received, 5926 bps, 74.07%, Err 79 (9.9e-06)
1004.161 .... 2889 packets received, 5897 bps, 73.71%, Err 81 (1.0e-05)
1006.249 .... 2897 packets received, 5901 bps, 73.76%, Err 81 (1.0e-05)
1008.384 .... 2905 packets received, 5905 bps, 73.81%, Err 81 (1.0e-05)
1010.488 .... 2913 packets received, 5909 bps, 73.86%, Err 81 (1.0e-05)
1015.238 .... 2921 packets received, 5897 bps, 73.72%, Err 82 (1.0e-05)
1017.354 .... 2929 packets received, 5901 bps, 73.76%, Err 82 (1.0e-05)
1019.487 .... 2937 packets received, 5905 bps, 73.81%, Err 82 (1.0e-05)
1021.572 .... 2945 packets received, 5909 bps, 73.86%, Err 82 (1.0e-05)
1023.691 .... 2953 packets received, 5913 bps, 73.91%, Err 82 (1.0e-05)
1027.417 .... 2957 packets received, 5899 bps, 73.74%, Err 82 (1.0e-05)
1029.536 .... 2965 packets received, 5903 bps, 73.79%, Err 82 (1.0e-05)
1033.487 .... 2970 packets received, 5890 bps, 73.63%, Err 83 (1.0e-05)
1035.605 .... 2978 packets received, 5894 bps, 73.68%, Err 83 (1.0e-05)
1037.724 .... 2986 packets received, 5898 bps, 73.72%, Err 83 (1.0e-05)
1041.948 .... 2992 packets received, 5886 bps, 73.57%, Err 84 (1.0e-05)
1044.085 .... 3000 packets received, 5889 bps, 73.62%, Err 84 (1.0e-05)
1046.190 .... 3008 packets received, 5893 bps, 73.66%, Err 84 (1.0e-05)
1050.963 .... 3016 packets received, 5882 bps, 73.52%, Err 85 (1.0e-05)
1054.114 .... 3018 packets received, 5868 bps, 73.35%, Err 86 (1.0e-05)
1056.221 .... 3026 packets received, 5872 bps, 73.40%, Err 86 (1.0e-05)
1059.400 .... 3028 packets received, 5858 bps, 73.23%, Err 87 (1.0e-05)
1064.185 .... 3032 packets received, 5840 bps, 73.00%, Err 88 (1.0e-05)
1066.271 .... 3040 packets received, 5844 bps, 73.05%, Err 88 (1.0e-05)
1068.402 .... 3048 packets received, 5847 bps, 73.09%, Err 88 (1.0e-05)
1070.531 .... 3056 packets received, 5851 bps, 73.14%, Err 88 (1.0e-05)
1072.645 .... 3064 packets received, 5855 bps, 73.18%, Err 88 (1.0e-05)
1074.759 .... 3072 packets received, 5858 bps, 73.23%, Err 88 (1.0e-05)
1076.858 .... 3080 packets received, 5862 bps, 73.28%, Err 88 (1.0e-05)
1078.989 .... 3088 packets received, 5866 bps, 73.32%, Err 88 (1.0e-05)
1081.089 .... 3096 packets received, 5870 bps, 73.37%, Err 88 (1.0e-05)
1083.206 .... 3104 packets received, 5873 bps, 73.42%, Err 88 (1.0e-05)
1085.320 .... 3112 packets received, 5877 bps, 73.46%, Err 88 (1.0e-05)
1087.417 .... 3120 packets received, 5881 bps, 73.51%, Err 88 (1.0e-05)
1089.552 .... 3128 packets received, 5884 bps, 73.55%, Err 88 (1.0e-05)
1091.635 .... 3136 packets received, 5888 bps, 73.60%, Err 88 (1.0e-05)
1093.770 .... 3144 packets received, 5891 bps, 73.64%, Err 88 (1.0e-05)
1095.870 .... 3152 packets received, 5895 bps, 73.69%, Err 88 (1.0e-05)
1099.313 .... 3155 packets received, 5882 bps, 73.53%, Err 89 (1.0e-05)
1101.443 .... 3163 packets received, 5886 bps, 73.57%, Err 89 (1.0e-05)
1103.546 .... 3171 packets received, 5889 bps, 73.62%, Err 89 (1.0e-05)
1105.657 .... 3179 packets received, 5893 bps, 73.66%, Err 89 (1.0e-05)
1107.782 .... 3187 packets received, 5896 bps, 73.71%, Err 89 (1.0e-05)
1109.891 .... 3195 packets received, 5900 bps, 73.75%, Err 89 (1.0e-05)
1111.991 .... 3203 packets received, 5904 bps, 73.79%, Err 89 (1.0e-05)
1114.109 .... 3211 packets received, 5907 bps, 73.84%, Err 89 (1.0e-05)
1116.224 .... 3219 packets received, 5911 bps, 73.88%, Err 89 (1.0e-05)
1118.341 .... 3227 packets received, 5914 bps, 73.93%, Err 90 (1.0e-05)
1120.442 .... 3235 packets received, 5918 bps, 73.97%, Err 90 (1.0e-05)
1124.419 .... 3240 packets received, 5906 bps, 73.82%, Err 91 (1.0e-05)
1126.521 .... 3248 packets received, 5909 bps, 73.87%, Err 92 (1.0e-05)
1128.653 .... 3256 packets received, 5913 bps, 73.91%, Err 92 (1.0e-05)
1130.755 .... 3264 packets received, 5916 bps, 73.95%, Err 92 (1.0e-05)
1132.872 .... 3272 packet