000.000 =============================================================
000.000                     Station A                               
000.000 -------------------------------------------------------------
000.000 Protocol.lib, version 4.0, jiangyanjun0718@bupt.edu.cn
000.000 Channel: 8000 bps, 270 ms propagation delay, bit error rate 1.0E-05
000.000 Log file "af.log", TCP port 59144, debug mask 0x00
000.000 Station A is waiting for station B on TCP port 59144 ... Done.
000.933 New epoch: Fri Apr 14 10:14:17 2023
000.933 =================================================================
000.933 
000.933 Designed by Li Ruobin, build: Apr 13 2023  17:16:51
003.336 .... 7 packets received, 6743 bps, 84.29%, Err 1 (5.2e-05)
005.418 .... 15 packets received, 7300 bps, 91.25%, Err 1 (2.8e-05)
007.556 .... 23 packets received, 7423 bps, 92.78%, Err 1 (1.9e-05)
009.682 .... 31 packets received, 7494 bps, 93.67%, Err 1 (1.4e-05)
011.804 .... 39 packets received, 7539 bps, 94.24%, Err 1 (1.2e-05)
013.902 .... 47 packets received, 7584 bps, 94.80%, Err 1 (9.7e-06)
016.050 .... 54 packets received, 7452 bps, 93.15%, Err 2 (1.7e-05)
018.157 .... 62 packets received, 7493 bps, 93.66%, Err 2 (1.5e-05)
020.296 .... 70 packets received, 7511 bps, 93.89%, Err 2 (1.3e-05)
022.423 .... 78 packets received, 7530 bps, 94.13%, Err 2 (1.2e-05)
024.563 .... 86 packets received, 7542 bps, 94.27%, Err 2 (1.1e-05)
026.662 .... 94 packets received, 7564 bps, 94.55%, Err 2 (9.7e-06)
028.796 .... 102 packets received, 7573 bps, 94.66%, Err 2 (9.0e-06)
030.914 .... 110 packets received, 7584 bps, 94.80%, Err 2 (8.3e-06)
033.058 .... 118 packets received, 7588 bps, 94.85%, Err 2 (7.8e-06)
035.192 .... 126 packets received, 7594 bps, 94.92%, Err 2 (7.3e-06)
037.290 .... 134 packets received, 7606 bps, 95.08%, Err 2 (6.9e-06)
039.417 .... 142 packets received, 7612 bps, 95.14%, Err 2 (6.5e-06)
041.510 .... 150 packets received, 7623 bps, 95.29%, Err 2 (6.2e-06)
043.613 .... 158 packets received, 7631 bps, 95.39%, Err 2 (5.9e-06)
045.752 .... 166 packets received, 7633 bps, 95.41%, Err 3 (8.4e-06)
048.662 .... 173 packets received, 7467 bps, 93.33%, Err 4 (1.0e-05)
050.781 .... 184 packets received, 7602 bps, 95.02%, Err 4 (1.0e-05)
052.864 .... 192 packets received, 7612 bps, 95.16%, Err 4 (9.6e-06)
056.048 .... 200 packets received, 7469 bps, 93.37%, Err 5 (1.1e-05)
058.165 .... 211 packets received, 7587 bps, 94.84%, Err 5 (1.1e-05)
060.283 .... 219 packets received, 7593 bps, 94.91%, Err 5 (1.1e-05)
062.405 .... 227 packets received, 7597 bps, 94.96%, Err 5 (1.0e-05)
064.493 .... 235 packets received, 7605 bps, 95.07%, Err 5 (9.8e-06)
066.629 .... 243 packets received, 7607 bps, 95.09%, Err 5 (9.5e-06)
068.720 .... 247 packets received, 7493 bps, 93.66%, Err 6 (1.1e-05)
070.823 .... 258 packets received, 7590 bps, 94.88%, Err 6 (1.1e-05)
072.977 .... 266 packets received, 7591 bps, 94.88%, Err 6 (1.0e-05)
075.046 .... 274 packets received, 7600 bps, 95.00%, Err 6 (1.0e-05)
077.180 .... 282 packets received, 7602 bps, 95.03%, Err 6 (9.8e-06)
079.287 .... 290 packets received, 7607 bps, 95.09%, Err 6 (9.6e-06)
081.390 .... 298 packets received, 7612 bps, 95.15%, Err 6 (9.3e-06)
083.494 .... 306 packets received, 7616 bps, 95.20%, Err 6 (9.1e-06)
085.648 .... 314 packets received, 7616 bps, 95.20%, Err 6 (8.9e-06)
087.754 .... 322 packets received, 7620 bps, 95.25%, Err 6 (8.6e-06)
089.865 .... 330 packets received, 7623 bps, 95.29%, Err 6 (8.4e-06)
091.985 .... 338 packets received, 7626 bps, 95.32%, Err 6 (8.2e-06)
094.109 .... 346 packets received, 7628 bps, 95.35%, Err 6 (8.1e-06)
096.238 .... 354 packets received, 7629 bps, 95.37%, Err 6 (7.9e-06)
098.363 .... 362 packets received, 7631 bps, 95.39%, Err 6 (7.7e-06)
101.532 .... 370 packets received, 7553 bps, 94.42%, Err 7 (8.7e-06)
103.649 .... 381 packets received, 7617 bps, 95.21%, Err 8 (9.7e-06)
105.762 .... 389 packets received, 7620 bps, 95.25%, Err 8 (9.5e-06)
108.403 .... 395 packets received, 7547 bps, 94.33%, Err 9 (1.0e-05)
110.528 .... 406 packets received, 7606 bps, 95.08%, Err 9 (1.0e-05)
112.619 .... 414 packets received, 7610 bps, 95.13%, Err 9 (1.0e-05)
114.733 .... 422 packets received, 7613 bps, 95.16%, Err 9 (9.9e-06)
116.858 .... 430 packets received, 7615 bps, 95.19%, Err 9 (9.7e-06)
118.952 .... 438 packets received, 7619 bps, 95.23%, Err 9 (9.5e-06)
121.074 .... 446 packets received, 7620 bps, 95.25%, Err 9 (9.4e-06)
123.176 .... 454 packets received, 7623 bps, 95.29%, Err 9 (9.2e-06)
125.309 .... 462 packets received, 7624 bps, 95.30%, Err 9 (9.0e-06)
127.418 .... 470 packets received, 7627 bps, 95.33%, Err 9 (8.9e-06)
129.525 .... 478 packets received, 7629 bps, 95.37%, Err 10 (9.7e-06)
131.633 .... 485 packets received, 7616 bps, 95.20%, Err 11 (1.1e-05)
133.746 .... 493 packets received, 7618 bps, 95.23%, Err 11 (1.0e-05)
135.857 .... 501 packets received, 7620 bps, 95.25%, Err 11 (1.0e-05)
137.990 .... 509 packets received, 7621 bps, 95.27%, Err 11 (1.0e-05)
140.081 .... 517 packets received, 7624 bps, 95.31%, Err 11 (9.9e-06)
142.192 .... 525 packets received, 7627 bps, 95.33%, Err 11 (9.7e-06)
144.336 .... 533 packets received, 7627 bps, 95.33%, Err 11 (9.6e-06)
146.432 .... 541 packets received, 7629 bps, 95.37%, Err 11 (9.5e-06)
148.540 .... 549 packets received, 7632 bps, 95.39%, Err 11 (9.3e-06)
150.672 .... 557 packets received, 7632 bps, 95.40%, Err 11 (9.2e-06)
153.292 .... 563 packets received, 7582 bps, 94.77%, Err 12 (9.8e-06)
155.398 .... 574 packets received, 7624 bps, 95.30%, Err 12 (9.7e-06)
157.791 .... 579 packets received, 7573 bps, 94.66%, Err 13 (1.0e-05)
159.889 .... 590 packets received, 7615 bps, 95.19%, Err 13 (1.0e-05)
162.012 .... 598 packets received, 7616 bps, 95.20%, Err 13 (1.0e-05)
164.116 .... 606 packets received, 7618 bps, 95.23%, Err 13 (1.0e-05)
166.226 .... 614 packets received, 7620 bps, 95.25%, Err 13 (9.8e-06)
168.342 .... 622 packets received, 7622 bps, 95.27%, Err 13 (9.7e-06)
170.732 .... 627 packets received, 7575 bps, 94.69%, Err 14 (1.0e-05)
172.843 .... 638 packets received, 7613 bps, 95.16%, Err 14 (1.0e-05)
174.944 .... 646 packets received, 7615 bps, 95.19%, Err 14 (1.0e-05)
177.056 .... 654 packets received, 7617 bps, 95.21%, Err 14 (9.9e-06)
179.171 .... 662 packets received, 7618 bps, 95.23%, Err 14 (9.8e-06)
181.305 .... 670 packets received, 7619 bps, 95.24%, Err 14 (9.7e-06)
183.408 .... 678 packets received, 7621 bps, 95.26%, Err 14 (9.6e-06)
185.526 .... 686 packets received, 7622 bps, 95.28%, Err 14 (9.5e-06)
187.644 .... 694 packets received, 7624 bps, 95.30%, Err 14 (9.4e-06)
190.800 .... 702 packets received, 7583 bps, 94.79%, Err 15 (9.9e-06)
192.931 .... 712 packets received, 7606 bps, 95.07%, Err 16 (1.0e-05)
195.028 .... 720 packets received, 7608 bps, 95.10%, Err 16 (1.0e-05)
197.143 .... 728 packets received, 7609 bps, 95.12%, Err 16 (1.0e-05)
199.266 .... 736 packets received, 7611 bps, 95.13%, Err 16 (1.0e-05)
201.372 .... 744 packets received, 7612 bps, 95.15%, Err 16 (1.0e-05)
203.482 .... 752 packets received, 7614 bps, 95.17%, Err 16 (9.9e-06)
206.383 .... 755 packets received, 7536 bps, 94.20%, Err 18 (1.1e-05)
208.497 .... 766 packets received, 7568 bps, 94.60%, Err 18 (1.1e-05)
210.613 .... 772 packets received, 7550 bps, 94.38%, Err 18 (1.1e-05)
212.729 .... 778 packets received, 7533 bps, 94.16%, Err 18 (1.1e-05)
215.632 .... 784 packets received, 7488 bps, 93.60%, Err 19 (1.1e-05)
217.755 .... 794 packets received, 7509 bps, 93.87%, Err 19 (1.1e-05)
219.872 .... 802 packets received, 7512 bps, 93.89%, Err 19 (1.1e-05)
221.960 .... 810 packets received, 7515 bps, 93.93%, Err 19 (1.1e-05)
224.091 .... 818 packets received, 7516 bps, 93.96%, Err 19 (1.1e-05)
226.188 .... 826 packets received, 7519 bps, 93.99%, Err 19 (1.1e-05)
228.306 .... 834 packets received, 7521 bps, 94.01%, Err 19 (1.0e-05)
230.417 .... 841 packets received, 7514 bps, 93.93%, Err 20 (1.1e-05)
232.564 .... 849 packets received, 7516 bps, 93.94%, Err 20 (1.1e-05)
234.641 .... 857 packets received, 7519 bps, 93.99%, Err 20 (1.1e-05)
236.755 .... 865 packets received, 7521 bps, 94.01%, Err 20 (1.1e-05)
238.881 .... 873 packets received, 7523 bps, 94.03%, Err 20 (1.1e-05)
240.980 .... 881 packets received, 7525 bps, 94.06%, Err 20 (1.0e-05)
243.114 .... 889 packets received, 7526 bps, 94.08%, Err 20 (1.0e-05)
245.213 .... 897 packets received, 7529 bps, 94.11%, Err 20 (1.0e-05)
247.316 .... 905 packets received, 7531 bps, 94.14%, Err 20 (1.0e-05)
249.427 .... 913 packets received, 7533 bps, 94.16%, Err 20 (1.0e-05)
251.544 .... 921 packets received, 7535 bps, 94.18%, Err 20 (1.0e-05)
253.665 .... 929 packets received, 7536 bps, 94.20%, Err 20 (9.9e-06)
255.775 .... 937 packets received, 7538 bps, 94.23%, Err 20 (9.8e-06)
257.906 .... 945 packets received, 7540 bps, 94.24%, Err 20 (9.7e-06)
260.028 .... 953 packets received, 7541 bps, 94.26%, Err 21 (1.0e-05)
262.125 .... 960 packets received, 7535 bps, 94.19%, Err 21 (1.0e-05)
264.246 .... 968 packets received, 7537 bps, 94.21%, Err 21 (1.0e-05)
266.353 .... 976 packets received, 7539 bps, 94.23%, Err 21 (9.9e-06)
269.243 .... 983 packets received, 7511 bps, 93.89%, Err 22 (1.0e-05)
272.157 .... 993 packets received, 7506 bps, 93.82%, Err 23 (1.1e-05)
274.283 .... 1004 packets received, 7530 bps, 94.12%, Err 23 (1.1e-05)
276.388 .... 1012 packets received, 7532 bps, 94.15%, Err 23 (1.0e-05)
278.495 .... 1020 packets received, 7534 bps, 94.17%, Err 23 (1.0e-05)
280.606 .... 1028 packets received, 7535 bps, 94.19%, Err 23 (1.0e-05)
282.735 .... 1036 packets received, 7537 bps, 94.21%, Err 23 (1.0e-05)
284.828 .... 1044 packets received, 7539 bps, 94.23%, Err 23 (1.0e-05)
286.950 .... 1052 packets received, 7540 bps, 94.25%, Err 23 (1.0e-05)
289.067 .... 1060 packets received, 7542 bps, 94.27%, Err 23 (1.0e-05)
291.176 .... 1068 packets received, 7543 bps, 94.29%, Err 23 (9.9e-06)
293.295 .... 1076 packets received, 7545 bps, 94.31%, Err 23 (9.8e-06)
295.410 .... 1084 packets received, 7546 bps, 94.32%, Err 23 (9.8e-06)
297.508 .... 1092 packets received, 7548 bps, 94.35%, Err 23 (9.7e-06)
299.649 .... 1100 packets received, 7549 bps, 94.36%, Err 23 (9.6e-06)
301.735 .... 1108 packets received, 7551 bps, 94.38%, Err 23 (9.6e-06)
303.868 .... 1116 packets received, 7552 bps, 94.40%, Err 23 (9.5e-06)
307.011 .... 1124 packets received, 7528 bps, 94.10%, Err 25 (1.0e-05)
309.667 .... 1134 packets received, 7529 bps, 94.11%, Err 25 (1.0e-05)
311.780 .... 1140 packets received, 7518 bps, 93.97%, Err 25 (1.0e-05)
313.877 .... 1146 packets received, 7506 bps, 93.83%, Err 25 (1.0e-05)
315.988 .... 1152 packets received, 7495 bps, 93.69%, Err 25 (9.9e-06)
318.096 .... 1158 packets received, 7484 bps, 93.55%, Err 25 (9.9e-06)
320.237 .... 1164 packets received, 7472 bps, 93.40%, Err 25 (9.8e-06)
322.340 .... 1170 packets received, 7462 bps, 93.27%, Err 25 (9.7e-06)
324.441 .... 1176 packets received, 7451 bps, 93.14%, Err 25 (9.7e-06)
326.563 .... 1182 packets received, 7440 bps, 93.00%, Err 25 (9.6e-06)
328.696 .... 1188 packets received, 7429 bps, 92.87%, Err 25 (9.5e-06)
330.796 .... 1194 packets received, 7419 bps, 92.74%, Err 25 (9.5e-06)
332.922 .... 1200 packets received, 7409 bps, 92.61%, Err 26 (9.8e-06)
335.304 .... 1207 packets received, 7399 bps, 92.49%, Err 27 (1.0e-05)
337.406 .... 1213 packets received, 7389 bps, 92.37%, Err 27 (1.0e-05)
339.509 .... 1221 packets received, 7392 bps, 92.40%, Err 27 (1.0e-05)
341.625 .... 1229 packets received, 7394 bps, 92.42%, Err 28 (1.0e-05)
343.752 .... 1236 packets received, 7390 bps, 92.37%, Err 28 (1.0e-05)
345.858 .... 1244 packets received, 7392 bps, 92.40%, Err 28 (1.0e-05)
347.979 .... 1252 packets received, 7394 bps, 92.43%, Err 28 (1.0e-05)
350.090 .... 1260 packets received, 7396 bps, 92.46%, Err 28 (1.0e-05)
353.527 .... 1268 packets received, 7371 bps, 92.14%, Err 29 (1.0e-05)
355.649 .... 1280 packets received, 7396 bps, 92.45%, Err 29 (1.0e-05)
357.760 .... 1288 packets received, 7398 bps, 92.48%, Err 29 (1.0e-05)
359.857 .... 1296 packets received, 7401 bps, 92.51%, Err 29 (1.0e-05)
362.764 .... 1302 packets received, 7375 bps, 92.19%, Err 31 (1.1e-05)
364.878 .... 1313 packets received, 7394 bps, 92.43%, Err 31 (1.1e-05)
366.969 .... 1317 packets received, 7374 bps, 92.18%, Err 31 (1.1e-05)
369.103 .... 1321 packets received, 7354 bps, 91.92%, Err 32 (1.1e-05)
371.221 .... 1325 packets received, 7334 bps, 91.67%, Err 32 (1.1e-05)
373.322 .... 1329 packets received, 7314 bps, 91.43%, Err 32 (1.1e-05)
375.448 .... 1333 packets received, 7295 bps, 91.18%, Err 32 (1.1e-05)
377.538 .... 1337 packets received, 7276 bps, 90.95%, Err 33 (1.1e-05)
379.659 .... 1345 packets received, 7279 bps, 90.98%, Err 33 (1.1e-05)
381.756 .... 1353 packets received, 7281 bps, 91.02%, Err 33 (1.1e-05)
383.872 .... 1361 packets received, 7284 bps, 91.05%, Err 33 (1.1e-05)
385.984 .... 1369 packets received, 7287 bps, 91.08%, Err 33 (1.1e-05)
388.107 .... 1377 packets received, 7289 bps, 91.11%, Err 33 (1.1e-05)
390.219 .... 1385 packets received, 7292 bps, 91.14%, Err 33 (1.1e-05)
392.340 .... 1393 packets received, 7294 bps, 91.17%, Err 33 (1.1e-05)
394.452 .... 1401 packets received, 7296 bps, 91.20%, Err 33 (1.0e-05)
396.562 .... 1409 packets received, 7299 bps, 91.24%, Err 33 (1.0e-05)
398.661 .... 1417 packets received, 7302 bps, 91.27%, Err 33 (1.0e-05)
400.769 .... 1425 packets received, 7304 bps, 91.30%, Err 33 (1.0e-05)
402.886 .... 1433 packets received, 7306 bps, 91.33%, Err 33 (1.0e-05)
404.996 .... 1441 packets received, 7309 bps, 91.36%, Err 33 (1.0e-05)
407.123 .... 1449 packets received, 7311 bps, 91.39%, Err 33 (1.0e-05)
409.243 .... 1457 packets received, 7313 bps, 91.41%, Err 33 (1.0e-05)
411.340 .... 1465 packets received, 7316 bps, 91.44%, Err 33 (1.0e-05)
413.473 .... 1473 packets received, 7317 bps, 91.47%, Err 33 (1.0e-05)
415.572 .... 1481 packets received, 7320 bps, 91.50%, Err 33 (9.9e-06)
417.666 .... 1489 packets received, 7322 bps, 91.53%, Err 33 (9.9e-06)
419.792 .... 1497 packets received, 7324 bps, 91.55%, Err 33 (9.8e-06)
421.900 .... 1505 packets received, 7327 bps, 91.58%, Err 33 (9.8e-06)
424.031 .... 1513 packets received, 7328 bps, 91.61%, Err 33 (9.7e-06)
426.681 .... 1519 packets received, 7312 bps, 91.40%, Err 34 (1.0e-05)
428.799 .... 1530 packets received, 7328 bps, 91.60%, Err 34 (9.9e-06)
430.902 .... 1538 packets received, 7330 bps, 91.63%, Err 34 (9.9e-06)
433.006 .... 1546 packets received, 7333 bps, 91.66%, Err 34 (9.8e-06)
435.124 .... 1554 packets received, 7335 bps, 91.68%, Err 34 (9.8e-06)
437.224 .... 1562 packets received, 7337 bps, 91.71%, Err 34 (9.7e-06)
439.362 .... 1570 packets received, 7338 bps, 91.73%, Err 34 (9.7e-06)
441.714 .... 1575 packets received, 7323 bps, 91.53%, Err 35 (9.9e-06)
443.842 .... 1586 packets received, 7338 bps, 91.73%, Err 35 (9.9e-06)
445.934 .... 1594 packets received, 7341 bps, 91.76%, Err 35 (9.8e-06)
448.854 .... 1601 packets received, 7325 bps, 91.56%, Err 37 (1.0e-05)
450.954 .... 1611 packets received, 7336 bps, 91.70%, Err 37 (1.0e-05)
453.078 .... 1619 packets received, 7338 bps, 91.72%, Err 37 (1.0e-05)
455.199 .... 1627 packets received, 7340 bps, 91.74%, Err 37 (1.0e-05)
457.301 .... 1635 packets received, 7342 bps, 91.77%, Err 37 (1.0e-05)
459.424 .... 1643 packets received, 7343 bps, 91.79%, Err 37 (1.0e-05)
461.546 .... 1651 packets received, 7345 bps, 91.81%, Err 37 (1.0e-05)
463.665 .... 1659 packets received, 7347 bps, 91.84%, Err 37 (1.0e-05)
465.777 .... 1667 packets received, 7349 bps, 91.86%, Err 37 (1.0e-05)
467.881 .... 1675 packets received, 7351 bps, 91.88%, Err 37 (9.9e-06)
469.988 .... 1683 packets received, 7353 bps, 91.91%, Err 37 (9.9e-06)
472.107 .... 1691 packets received, 7354 bps, 91.93%, Err 37 (9.8e-06)
474.198 .... 1699 packets received, 7357 bps, 91.96%, Err 37 (9.8e-06)
476.319 .... 1707 packets received, 7358 bps, 91.98%, Err 37 (9.7e-06)
478.444 .... 1715 packets received, 7360 bps, 92.00%, Err 37 (9.7e-06)
480.554 .... 1723 packets received, 7362 bps, 92.02%, Err 37 (9.6e-06)
482.650 .... 1731 packets received, 7364 bps, 92.04%, Err 37 (9.6e-06)
484.773 .... 1739 packets received, 7365 bps, 92.06%, Err 37 (9.6e-06)
486.893 .... 1747 packets received, 7367 bps, 92.08%, Err 37 (9.5e-06)
488.983 .... 1755 packets received, 7369 bps, 92.11%, Err 37 (9.5e-06)
491.096 .... 1763 packets received, 7370 bps, 92.13%, Err 37 (9.4e-06)
493.226 .... 1771 packets received, 7372 bps, 92.15%, Err 37 (9.4e-06)
495.592 .... 1776 packets received, 7357 bps, 91.96%, Err 38 (9.6e-06)
497.707 .... 1787 packets received, 7371 bps, 92.14%, Err 38 (9.6e-06)
499.811 .... 1794 packets received, 7369 bps, 92.11%, Err 39 (9.8e-06)
501.946 .... 1802 packets received, 7370 bps, 92.13%, Err 39 (9.7e-06)
504.041 .... 1810 packets received, 7372 bps, 92.15%, Err 39 (9.7e-06)
506.176 .... 1818 packets received, 7373 bps, 92.17%, Err 39 (9.6e-06)
508.281 .... 1826 packets received, 7375 bps, 92.19%, Err 39 (9.6e-06)
510.378 .... 1834 packets received, 7377 bps, 92.21%, Err 39 (9.6e-06)
512.496 .... 1842 packets received, 7378 bps, 92.23%, Err 39 (9.5e-06)
514.593 .... 1850 packets received, 7380 bps, 92.25%, Err 39 (9.5e-06)
516.710 .... 1858 packets received, 7382 bps, 92.27%, Err 39 (9.5e-06)
519.626 .... 1865 packets received, 7368 bps, 92.10%, Err 41 (9.9e-06)
521.740 .... 1875 packets received, 7377 bps, 92.21%, Err 41 (9.8e-06)
523.856 .... 1881 packets received, 7371 bps, 92.13%, Err 41 (9.8e-06)
525.971 .... 1887 packets received, 7364 bps, 92.06%, Err 41 (9.8e-06)
528.088 .... 1893 packets received, 7358 bps, 91.98%, Err 41 (9.7e-06)
530.452 .... 1897 packets received, 7341 bps, 91.76%, Err 42 (9.9e-06)
532.568 .... 1907 packets received, 7350 bps, 91.88%, Err 42 (9.9e-06)
534.702 .... 1915 packets received, 7351 bps, 91.89%, Err 42 (9.8e-06)
536.788 .... 1923 packets received, 7353 bps, 91.92%, Err 43 (1.0e-05)
538.922 .... 1931 packets received, 7355 bps, 91.93%, Err 43 (1.0e-05)
541.022 .... 1939 packets received, 7356 bps, 91.95%, Err 43 (1.0e-05)
543.141 .... 1947 packets received, 7358 bps, 91.97%, Err 43 (9.9e-06)
545.245 .... 1955 packets received, 7360 bps, 91.99%, Err 43 (9.9e-06)
547.364 .... 1962 packets received, 7357 bps, 91.97%, Err 44 (1.0e-05)
549.467 .... 1970 packets received, 7359 bps, 91.99%, Err 44 (1.0e-05)
551.583 .... 1977 packets received, 7357 bps, 91.96%, Err 45 (1.0e-05)
553.698 .... 1985 packets received, 7358 bps, 91.98%, Err 45 (1.0e-05)
555.832 .... 1993 packets received, 7359 bps, 91.99%, Err 45 (1.0e-05)
557.953 .... 2001 packets received, 7361 bps, 92.01%, Err 45 (1.0e-05)
560.043 .... 2009 packets received, 7363 bps, 92.03%, Err 45 (1.0e-05)
562.157 .... 2017 packets received, 7364 bps, 92.05%, Err 45 (1.0e-05)
564.818 .... 2023 packets received, 7351 bps, 91.89%, Err 46 (1.0e-05)
566.935 .... 2034 packets received, 7363 bps, 92.04%, Err 46 (1.0e-05)
569.056 .... 2042 packets received, 7365 bps, 92.06%, Err 46 (1.0e-05)
571.144 .... 2050 packets received, 7366 bps, 92.08%, Err 46 (1.0e-05)
573.261 .... 2058 packets received, 7368 bps, 92.10%, Err 46 (1.0e-05)
575.391 .... 2066 packets received, 7369 bps, 92.11%, Err 46 (1.0e-05)
578.043 .... 2072 packets received, 7356 bps, 91.96%, Err 47 (1.0e-05)
580.134 .... 2083 packets received, 7369 bps, 92.11%, Err 47 (1.0e-05)
582.257 .... 2091 packets received, 7370 bps, 92.13%, Err 47 (1.0e-05)
584.357 .... 2099 packets received, 7372 bps, 92.15%, Err 47 (1.0e-05)
586.472 .... 2107 packets received, 7373 bps, 92.16%, Err 47 (1.0e-05)
588.608 .... 2115 packets received, 7374 bps, 92.18%, Err 47 (1.0e-05)
590.715 .... 2123 packets received, 7376 bps, 92.19%, Err 48 (1.0e-05)
592.813 .... 2131 packets received, 7377 bps, 92.21%, Err 48 (1.0e-05)
594.946 .... 2139 packets received, 7378 bps, 92.23%, Err 48 (1.0e-05)
597.059 .... 2147 packets received, 7379 bps, 92.24%, Err 48 (1.0e-05)
599.148 .... 2155 packets received, 7381 bps, 92.26%, Err 48 (1.0e-05)
601.272 .... 2163 packets received, 7382 bps, 92.28%, Err 48 (1.0e-05)
603.398 .... 2171 packets received, 7383 bps, 92.29%, Err 48 (1.0e-05)
605.482 .... 2179 packets received, 7385 bps, 92.31%, Err 48 (9.9e-06)
607.599 .... 2187 packets received, 7386 bps, 92.33%, Err 48 (9.9e-06)
610.787 .... 2195 packets received, 7375 bps, 92.18%, Err 50 (1.0e-05)
612.905 .... 2205 packets received, 7383 bps, 92.28%, Err 50 (1.0e-05)
614.998 .... 2213 packets received, 7384 bps, 92.30%, Err 50 (1.0e-05)
617.136 .... 2221 packets received, 7385 bps, 92.31%, Err 50 (1.0e-05)
619.219 .... 2229 packets received, 7387 bps, 92.33%, Err 50 (1.0e-05)
621.333 .... 2237 packets received, 7388 bps, 92.35%, Err 50 (1.0e-05)
624.252 .... 2242 packets received, 7370 bps, 92.12%, Err 52 (1.0e-05)
627.433 .... 2254 packets received, 7371 bps, 92.14%, Err 53 (1.1e-05)
630.333 .... 2264 packets received, 7370 bps, 92.13%, Err 54 (1.1e-05)
632.428 .... 2275 packets received, 7381 bps, 92.27%, Err 54 (1.1e-05)
634.559 .... 2283 packets received, 7382 bps, 92.28%, Err 54 (1.1e-05)
636.675 .... 2291 packets received, 7384 bps, 92.29%, Err 54 (1.1e-05)
638.761 .... 2299 packets received, 7385 bps, 92.31%, Err 54 (1.1e-05)
640.895 .... 2307 packets received, 7386 bps, 92.33%, Err 54 (1.1e-05)
643.008 .... 2315 packets received, 7387 bps, 92.34%, Err 54 (1.1e-05)
645.135 .... 2323 packets received, 7388 bps, 92.35%, Err 54 (1.0e-05)
647.255 .... 2331 packets received, 7389 bps, 92.37%, Err 54 (1.0e-05)
649.357 .... 2339 packets received, 7391 bps, 92.38%, Err 54 (1.0e-05)
651.474 .... 2347 packets received, 7392 bps, 92.40%, Err 54 (1.0e-05)
653.570 .... 2355 packets received, 7393 bps, 92.42%, Err 54 (1.0e-05)
655.701 .... 2363 packets received, 7394 bps, 92.43%, Err 54 (1.0e-05)
657.805 .... 2371 packets received, 7395 bps, 92.44%, Err 54 (1.0e-05)
659.919 .... 2379 packets received, 7397 bps, 92.46%, Err 54 (1.0e-05)
662.826 .... 2386 packets received, 7386 bps, 92.32%, Err 55 (1.0e-05)
664.914 .... 2397 packets received, 7396 bps, 92.46%, Err 55 (1.0e-05)
667.043 .... 2405 packets received, 7397 bps, 92.47%, Err 55 (1.0e-05)
669.143 .... 2413 packets received, 7399 bps, 92.48%, Err 55 (1.0e-05)
671.271 .... 2421 packets received, 7400 bps, 92.50%, Err 55 (1.0e-05)
673.386 .... 2429 packets received, 7401 bps, 92.51%, Err 55 (1.0e-05)
675.487 .... 2437 packets received, 7402 bps, 92.52%, Err 55 (1.0e-05)
677.590 .... 2445 packets received, 7403 bps, 92.54%, Err 55 (1.0e-05)
679.707 .... 2453 packets received, 7404 bps, 92.55%, Err 55 (1.0e-05)
682.867 .... 2461 packets received, 7394 bps, 92.42%, Err 56 (1.0e-05)
684.998 .... 2472 packets received, 7404 bps, 92.55%, Err 56 (1.0e-05)
688.158 .... 2479 packets received, 7391 bps, 92.38%, Err 57 (1.0e-05)
690.257 .... 2491 packets received, 7404 bps, 92.55%, Err 57 (1.0e-05)
692.386 .... 2499 packets received, 7405 bps, 92.56%, Err 57 (1.0e-05)
694.500 .... 2507 packets received, 7406 bps, 92.57%, Err 57 (1.0e-05)
696.601 .... 2515 packets received, 7407 bps, 92.59%, Err 57 (1.0e-05)
698.714 .... 2523 packets received, 7408 bps, 92.60%, Err 57 (1.0e-05)
700.815 .... 2531 packets received, 7409 bps, 92.61%, Err 57 (1.0e-05)
702.951 .... 2539 packets received, 7410 bps, 92.62%, Err 57 (1.0e-05)
705.042 .... 2547 packets received, 7411 bps, 92.64%, Err 57 (1.0e-05)
707.171 .... 2555 packets received, 7412 bps, 92.65%, Err 57 (1.0e-05)
709.269 .... 2563 packets received, 7413 bps, 92.67%, Err 57 (1.0e-05)
711.387 .... 2571 packets received, 7414 bps, 92.68%, Err 58 (1.0e-05)
713.515 .... 2578 packets received, 7412 bps, 92.65%, Err 58 (1.0e-05)
715.638 .... 2586 packets received, 7413 bps, 92.66%, Err 58 (1.0e-05)
717.744 .... 2594 packets received, 7414 bps, 92.68%, Err 58 (1.0e-05)
719.841 .... 2602 packets received, 7415 bps, 92.69%, Err 58 (1.0e-05)
721.951 .... 2610 packets received, 7416 bps, 92.70%, Err 58 (1.0e-05)
724.054 .... 2618 packets received, 7417 bps, 92.72%, Err 58 (1.0e-05)
726.168 .... 2625 packets received, 7416 bps, 92.70%, Err 59 (1.0e-05)
728.275 .... 2633 packets received, 7417 bps, 92.71%, Err 59 (1.0e-05)
730.949 .... 2639 packets received, 7406 bps, 92.58%, Err 60 (1.0e-05)
733.059 .... 2650 packets received, 7416 bps, 92.70%, Err 60 (1.0e-05)
735.176 .... 2658 packets received, 7417 bps, 92.71%, Err 60 (1.0e-05)
737.274 .... 2666 packets received, 7418 bps, 92.72%, Err 60 (1.0e-05)
739.661 .... 2670 packets received, 7405 bps, 92.56%, Err 61 (1.0e-05)
741.774 .... 2682 packets received, 7417 bps, 92.71%, Err 61 (1.0e-05)
743.894 .... 2690 packets received, 7418 bps, 92.72%, Err 61 (1.0e-05)
745.988 .... 2698 packets received, 7419 bps, 92.74%, Err 61 (1.0e-05)
748.122 .... 2706 packets received, 7420 bps, 92.75%, Err 61 (1.0e-05)
750.223 .... 2714 packets received, 7421 bps, 92.76%, Err 62 (1.0e-05)
752.347 .... 2722 packets received, 7422 bps, 92.77%, Err 62 (1.0e-05)
754.439 .... 2730 packets received, 7423 bps, 92.78%, Err 62 (1.0e-05)
756.546 .... 2738 packets received, 7424 bps, 92.80%, Err 62 (1.0e-05)
758.660 .... 2746 packets received, 7425 bps, 92.81%, Err 62 (1.0e-05)
760.795 .... 2754 packets received, 7425 bps, 92.82%, Err 62 (1.0e-05)
762.882 .... 2762 packets received, 7427 bps, 92.83%, Err 62 (1.0e-05)
764.995 .... 2770 packets received, 7427 bps, 92.84%, Err 62 (1.0e-05)
767.125 .... 2777 packets received, 7425 bps, 92.82%, Err 63 (1.0e-05)
769.774 .... 2782 packets received, 7413 bps, 92.67%, Err 64 (1.0e-05)
771.881 .... 2794 packets received, 7425 bps, 92.81%, Err 64 (1.0e-05)
773.993 .... 2802 packets received, 7426 bps, 92.82%, Err 64 (1.0e-05)
776.097 .... 2810 packets received, 7427 bps, 92.83%, Err 64 (1.0e-05)
778.212 .... 2818 packets received, 7428 bps, 92.85%, Err 64 (1.0e-05)
780.343 .... 2826 packets received, 7428 bps, 92.85%, Err 64 (1.0e-05)
782.434 .... 2834 packets received, 7429 bps, 92.87%, Err 64 (1.0e-05)
784.542 .... 2842 packets received, 7430 bps, 92.88%, Err 64 (1.0e-05)
786.683 .... 2850 packets received, 7431 bps, 92.89%, Err 64 (1.0e-05)
788.800 .... 2858 packets received, 7432 bps, 92.90%, Err 64 (1.0e-05)
790.921 .... 2866 packets received, 7433 bps, 92.91%, Err 64 (1.0e-05)
793.021 .... 2874 packets received, 7434 bps, 92.92%, Err 64 (1.0e-05)
795.120 .... 2882 packets received, 7435 bps, 92.93%, Err 64 (1.0e-05)
797.254 .... 2890 packets received, 7435 bps, 92.94%, Err 64 (1.0e-05)
800.156 .... 2897 packets received, 7426 bps, 92.83%, Err 65 (1.0e-05)
802.267 .... 2908 packets received, 7435 bps, 92.93%, Err 65 (1.0e-05)
804.384 .... 2916 packets received, 7435 bps, 92.94%, Err 65 (1.0e-05)
806.500 .... 2924 packets received, 7436 bps, 92.95%, Err 65 (1.0e-05)
808.615 .... 2932 packets received, 7437 bps, 92.96%, Err 65 (1.0e-05)
810.716 .... 2940 packets received, 7438 bps, 92.98%, Err 65 (1.0e-05)
812.837 .... 2948 packets received, 7439 bps, 92.98%, Err 65 (1.0e-05)
814.963 .... 2956 packets received, 7439 bps, 92.99%, Err 65 (1.0e-05)
817.062 .... 2964 packets received, 7440 bps, 93.01%, Err 66 (1.0e-05)
819.182 .... 2971 packets received, 7439 bps, 92.98%, Err 66 (1.0e-05)
821.295 .... 2979 packets received, 7439 bps, 92.99%, Err 66 (1.0e-05)
823.411 .... 2983 packets received, 7430 bps, 92.88%, Err 67 (1.0e-05)
825.509 .... 2994 packets received, 7439 bps, 92.98%, Err 67 (1.0e-05)
827.616 .... 3002 packets received, 7440 bps, 92.99%, Err 67 (1.0e-05)
829.758 .... 3010 packets received, 7440 bps, 93.00%, Err 67 (1.0e-05)
831.860 .... 3018 packets received, 7441 bps, 93.01%, Err 67 (1.0e-05)
833.971 .... 3026 packets received, 7442 bps, 93.02%, Err 67 (1.0e-05)
836.070 .... 3034 packets received, 7443 bps, 93.03%, Err 67 (1.0e-05)
838.190 .... 3042 packets received, 7443 bps, 93.04%, Err 67 (1.0e-05)
840.300 .... 3046 packets received, 7434 bps, 92.93%, Err 68 (1.0e-05)
842.407 .... 3057 packets received, 7443 bps, 93.03%, Err 68 (1.0e-05)
844.520 .... 3065 packets received, 7443 bps, 93.04%, Err 68 (1.0e-05)
846.645 .... 3073 packets received, 7444 bps, 93.05%, Err 68 (1.0e-05)
848.751 .... 3081 packets received, 7445 bps, 93.06%, Err 68 (1.0e-05)
851.142 .... 3086 packets received, 7436 bps, 92.95%, Err 69 (1.0e-05)
853.225 .... 3097 packets received, 7444 bps, 93.05%, Err 69 (1.0e-05)
855.340 .... 3105 packets received, 7445 bps, 93.06%, Err 69 (1.0e-05)
857.474 .... 3113 packets received, 7446 bps, 93.07%, Err 69 (1.0e-05)
859.566 .... 3121 packets received, 7447 bps, 93.08%, Err 69 (1.0e-05)
861.684 .... 3129 packets received, 7447 bps, 93.09%, Err 69 (1.0e-05)
863.791 .... 3137 packets received, 7448 bps, 93.10%, Err 69 (1.0e-05)
865.916 .... 3145 packets received, 7449 bps, 93.11%, Err 69 (1.0e-05)
868.029 .... 3149 packets received, 7440 bps, 93.00%, Err 70 (1.0e-05)
870.154 .... 3160 packets received, 7448 bps, 93.10%, Err 70 (1.0e-05)
872.249 .... 3168 packets received, 7449 bps, 93.11%, Err 70 (1.0e-05)
875.696 .... 3175 packets received, 7436 bps, 92.95%, Err 72 (1.0e-05)
877.801 .... 3187 packets received, 7446 bps, 93.07%, Err 72 (1.0e-05)
879.907 .... 3195 packets received, 7447 bps, 93.08%, Err 72 (1.0e-05)
882.017 .... 3203 packets received, 7447 bps, 93.09%, Err 72 (1.0e-05)
884.145 .... 3211 packets received, 7448 bps, 93.10%, Err 72 (1.0e-05)
886.245 .... 3219 packets received, 7449 bps, 93.11%, Err 72 (1.0e-05)
888.369 .... 3227 packets received, 7450 bps, 93.12%, Err 72 (1.0e-05)
890.741 .... 3231 packets received, 7439 bps, 92.99%, Err 73 (1.0e-05)
892.853 .... 3243 packets received, 7449 bps, 93.11%, Err 73 (1.0e-05)
894.954 .... 3251 packets received, 7450 bps, 93.12%, Err 73 (1.0e-05)
897.073 .... 3259 packets received, 7450 bps, 93.13%, Err 73 (1.0e-05)
899.194 .... 3267 packets received, 7451 bps, 93.14%, Err 73 (1.0e-05)
901.299 .... 3275 packets received, 7452 bps, 93.15%, Err 73 (1.0e-05)
903.409 .... 3283 packets received, 7452 bps, 93.16%, Err 73 (1.0e-05)
905.533 .... 3291 packets received, 7453 bps, 93.16%, Err 73 (1.0e-05)
907.665 .... 3299 packets received, 7454 bps, 93.17%, Err 73 (1.0e-05)
909.746 .... 3307 packets received, 7455 bps, 93.18%, Err 73 (1.0e-05)
911.877 .... 3315 packets received, 7455 bps, 93.19%, Err 73 (1.0e-05)
913.979 .... 3322 packets received, 7454 bps, 93.17%, Err 74 (1.0e-05)
916.097 .... 3330 packets received, 7454 bps, 93.18%, Err 74 (1.0e-05)
918.203 .... 3338 packets received, 7455 bps, 93.19%, Err 74 (1.0e-05)
920.338 .... 3346 packets received, 7456 bps, 93.19%, Err 74 (1.0e-05)
922.439 .... 3354 packets received, 7456 bps, 93.20%, Err 75 (1.0e-05)
924.573 .... 3361 packets received, 7455 bps, 93.18%, Err 75 (1.0e-05)
926.675 .... 3369 packets received, 7455 bps, 93.19%, Err 75 (1.0e-05)
928.772 .... 3377 packets received, 7456 bps, 93.20%, Err 75 (1.0e-05)
931.424 .... 3383 packets received, 7448 bps, 93.10%, Err 76 (1.0e-05)
933.559 .... 3394 packets received, 7455 bps, 93.19%, Err 76 (1.0e-05)
935.669 .... 3402 packets received, 7456 bps, 93.20%, Err 76 (1.0e-05)
938.028 .... 3406 packets received, 7446 bps, 93.07%, Err 77 (1.0e-05)
940.145 .... 3418 packets received, 7455 bps, 93.19%, Err 77 (1.0e-05)
942.263 .... 3426 packets received, 7456 bps, 93.20%, Err 77 (1.0e-05)
944.349 .... 3434 packets received, 7457 bps, 93.21%, Err 77 (1.0e-05)
946.460 .... 3442 packets received, 7458 bps, 93.22%, Err 77 (1.0e-05)
948.576 .... 3450 packets received, 7458 bps, 93.23%, Err 77 (1.0e-05)
950.690 .... 3458 packets received, 7459 bps, 93.24%, Err 77 (1.0e-05)
952.805 .... 3466 packets received, 7459 bps, 93.24%, Err 77 (1.0e-05)
954.915 .... 3474 packets received, 7460 bps, 93.25%, Err 77 (1.0e-05)
957.039 .... 3482 packets received, 7461 bps, 93.26%, Err 77 (1.0e-05)
959.143 .... 3490 packets received, 7461 bps, 93.27%, Err 77 (1.0e-05)
961.273 .... 3498 packets received, 7462 bps, 93.27%, Err 77 (1.0e-05)
963.385 .... 3506 packets received, 7463 bps, 93.28%, Err 77 (1.0e-05)
965.479 .... 3514 packets received, 7463 bps, 93.29%, Err 77 (1.0e-05)
967.623 .... 3522 packets received, 7464 bps, 93.30%, Err 77 (1.0e-05)
969.717 .... 3530 packets received, 7465 bps, 93.31%, Err 77 (9.9e-06)
971.841 .... 3538 packets received, 7465 bps, 93.31%, Err 77 (9.9e-06)
973.953 .... 3546 packets received, 7466 bps, 93.32%, Err 77 (9.9e-06)
976.059 .... 3554 packets received, 7466 bps, 93.33%, Err 77 (9.9e-06)
978.152 .... 3562 packets received, 7467 bps, 93.34%, Err 77 (9.8e-06)
981.320 .... 3569 packets received, 7458 bps, 93.22%, Err 79 (1.0e-05)
983.458 .... 3581 packets received, 7466 bps, 93.33%, Err 79 (1.0e-05)
985.558 .... 3589 packets received, 7467 bps, 93.34%, Err 79 (1.0e-05)
987.670 .... 3597 packets received, 7468 bps, 93.35%, Err 79 (1.0e-05)
989.781 .... 3605 packets received, 7468 bps, 93.35%, Err 79 (1.0e-05)
991.907 .... 3613 packets received, 7469 bps, 93.36%, Err 79 (1.0e-05)
994.018 .... 3621 packets received, 7470 bps, 93.37%, Err 79 (9.9e-06)
996.107 .... 3629 packets received, 7470 bps, 93.38%, Err 80 (1.0e-05)
998.248 .... 3637 packets received, 7471 bps, 93.38%, Err 80 (1.0e-05)
1000.869 .... 3643 packets received, 7463 bps, 93.29%, Err 81 (1.0e-05)
1002.982 .... 3654 packets received, 7470 bps, 93.38%, Err 81 (1.0e-05)
1005.096 .... 3662 packets received, 7471 bps, 93.38%, Err 81 (1.0e-05)
1007.230 .... 3670 packets received, 7471 bps, 93.39%, Err 81 (1.0e-05)
1009.348 .... 3678 packets received, 7472 bps, 93.40%, Err 82 (1.0e-05)
1011.437 .... 3686 packets received, 7473 bps, 93.41%, Err 82 (1.0e-05)
1013.552 .... 3694 packets received, 7473 bps, 93.41%, Err 82 (1.0e-05)
1015.693 .... 3702 packets received, 7473 bps, 93.42%, Err 82 (1.0e-05)
1018.324 .... 3708 packets received, 7466 bps, 93.33%, Err 83 (1.0e-05)
1020.434 .... 3719 packets received, 7473 bps, 93.41%, Err 83 (1.0e-05)
1022.543 .... 3727 packets received, 7473 bps, 93.42%, Err 83 (1.0e-05)
1024.667 .... 3735 packets received, 7474 bps, 93.42%, Err 83 (1.0e-05)
1026.769 .... 3743 packets received, 7475 bps, 93.43%, Err 83 (1.0e-05)
1028.869 .... 3751 packets received, 7475 bps, 93.44%, Err 83 (1.0e-05)
1030.990 .... 3759 packets received, 7476 bps, 93.45%, Err 83 (1.0e-05)
1033.107 .... 3767 packets received, 7476 bps, 93.45%, Err 83 (1.0e-05)
1035.215 .... 3775 packets received, 7477 bps, 93.46%, Err 83 (1.0e-05)
1037.340 .... 3783 packets received, 7477 bps, 93.47%, Err 83 (1.0e-05)
1039.448 .... 3791 packets received, 7478 bps, 93.48%, Err 83 (1.0e-05)
1041.561 .... 3799 packets received, 7479 bps, 93.48%, Err 83 (1.0e-05)
1043.923 .... 3804 packets received, 7471 bps, 93.39%, Err 84 (1.0e-05)
1046.032 .... 3815 packets received, 7478 bps, 93.47%, Err 84 (1.0e-05)
1049.207 .... 3823 packets received, 7471 bps, 93.39%, Err 85 (1.0e-05)
1051.321 .... 3834 packets received, 7477 bps, 93.47%, Err 85 (1.0e-05)
1053.438 .... 3842 packets received, 7478 bps, 93.47%, Err 85 (1.0e-05)
1055.539 .... 3850 packets received, 7479 bps, 93.48%, Err 85 (1.0e-05)
1057.646 .... 3858 packets received, 7479 bps, 93.49%, Err 85 (1.0e-05)
1060.026 .... 3863 packets received, 7472 bps, 93.40%, Err 86 (1.0e-05)
1062.144 .... 3874 packets received, 7478 bps, 93.48%, Err 86 (1.0e-05)
1064.262 .... 3882 packets received, 7479 bps, 93.48%, Err 86 (1.0e-05)
1066.364 .... 3890 packets received, 7479 bps, 93.49%, Err 86 (1.0e-05)
1069.544 .... 3897 packets received, 7471 bps, 93.38%, Err 87 (1.0e-05)
1071.643 .... 3909 packets received, 7479 bps, 93.49%, Err 87 (1.0e-05)
1073.770 .... 3917 packets received, 7479 bps, 93.49%, Err 87 (1.0e-05)
1075.877 .... 3925 packets received, 7480 bps, 93.50%, Err 87 (1.0e-05)
1077.978 .... 3933 packets received, 7481 bps, 93.51%, Err 87 (1.0e-05)
1080.104 .... 3941 packets received, 7481 bps, 93.51%, Err 87 (1.0e-05)
1082.215 .... 3949 packets received, 7482 bps, 93.52%, Err 88 (1.0e-05)
1084.331 .... 3956 packets received, 7480 bps, 93.50%, Err 88 (1.0e-05)
1086.420 .... 3964 packets received, 7481 bps, 93.51%, Err 88 (1.0e-05)
1088.536 .... 3972 packets received, 7481 bps, 93.52%, Err 89 (1.0e-05)
1090.654 .... 3979 packets received, 7480 bps, 93.50%, Err 89 (1.0e-05)
1092.762 .... 3987 packets received, 7481 bps, 93.51%, Err 89 (1.0e-05)
1094.881 .... 3995 packets received, 7481 bps, 93.51%, Err 89 (1.0e-05)
1096.984 .... 4003 packets received, 7482 bps, 93.52%, Err 89 (1.0e-05)
1099.652 .... 4008 packets received, 7473 bps, 93.41%, Err 90 (1.0e-05)
1101.748 .... 4020 packets received, 7481 bps, 93.51%, Err 90 (1.0e-05)
1103.866 .... 4028 packets received, 7481 bps, 93.52%, Err 90 (1.0e-05)
1105.970 .... 4036 packets received, 7482 bps, 93.52%, Err 90 (1.0e-05)
1108.105 .... 4044 packets received, 7482 bps, 93.53%, Err 90 (1.0e-05)
1110.217 .... 4052 packets received, 7483 bps, 93.54%, Err 90 (1.0e-05)
1112.302 .... 4060 packets received, 7484 bps, 93.54%, Err 90 (1.0e-05)
1114.428 .... 4068 packets received, 7484 bps, 93.55%, Err 90 (1.0e-05)
1116.552 .... 4076 packets received, 7484 bps, 93.55%, Err 90 (1.0e-05)
1119.432 .... 4082 packets received, 7476 bps, 93.45%, Err 91 (1.0e-05)
1121.571 .... 4094 packets received, 7484 bps, 93.55%, Err 91 (1.0e-05)
1123.680 .... 4102 packets received, 7484 bps, 93.55%, Err 91 (1.0e-05)
1125.786 .... 4110 packets received, 7485 bps, 93.56%, Err 91 (1.0e-05)
1127.911 .... 4118 packets received, 7485 bps, 93.57%, Err 91 (1.0e-05)
1130.031 .... 4126 packets received, 7486 bps, 93.57%, Err 91 (1.0e-05)
1132.118 .... 4134 packets received, 7486 bps, 93.58%, Err 91 (1.0e-05)
1134.245 .... 4142 packets received, 7487 bps, 93.59%, Err 91 (1.0e-05)
1136.360 .... 4150 packets received, 7487 bps, 93.59%, Err 91 (1.0e-05)
1138.472 .... 4158 packets received, 7488 bps, 93.60%, Err 91 (1.0e-05)
1140.583 .... 4166 packets received, 7488 bps, 93.60%, Err 91 (1.0e-05)
1142.698 .... 4174 packets received, 7489 bps, 93.61%, Err 91 (1.0e-05)
1144.810 .... 4182 packets received, 7489 bps, 93.62%, Err 91 (9.9e-06)
1146.931 .... 4190 packets received, 7490 bps, 93.62%, Err 91 (9.9e-06)
1149.042 .... 4198 packets received, 7490 bps, 93.63%, Err 91 (9.9e-06)
1151.138 .... 4206 packets received, 7491 bps, 93.64%, Err 91 (9.9e-06)
1153.287 .... 4214 packets received, 7491 bps, 93.64%, Err 91 (9.9e-06)
1155.373 .... 4222 packets received, 7492 bps, 93.65%, Err 92 (1.0e-05)
1157.505 .... 4229 packets received, 7490 bps, 93.63%, Err 92 (9.9e-06)
1159.602 .... 4237 packets received, 7491 bps, 93.64%, Err 92 (9.9e-06)
1161.723 .... 4245 packets received, 7491 bps, 93.64%, Err 92 (9.9e-06)
1163.829 .... 4253 packets received, 7492 bps, 93.65%, Err 92 (9.9e-06)
1165.940 .... 4261 packets received, 7492 bps, 93.65%, Err 92 (9.9e-06)
1168.054 .... 4269 packets received, 7493 bps, 93.66%, Err 92 (9.9e-06)
1170.175 .... 4277 packets received, 7493 bps, 93.67%, Err 92 (9.8e-06)
1172.279 .... 4285 packets received, 7494 bps, 93.67%, Err 92 (9.8e-06)
1174.377 .... 4293 packets received, 7494 bps, 93.68%, Err 92 (9.8e-06)
1177.031 .... 4299 packets received, 7488 bps, 93.60%, Err 93 (9.9e-06)
1179.135 .... 4305 packets received, 7485 bps, 93.56%, Err 95 (1.0e-05)
1181.238 .... 4316 packets received, 7491 bps, 93.63%, Err 95 (1.0e-05)
1183.379 .... 4324 packets received, 7491 bps, 93.64%, Err 95 (1.0e-05)
1185.490 .... 4332 packets received, 7491 bps, 93.64%, Err 95 (1.0e-05)
1187.615 .... 4339 packets received, 7490 bps, 93.63%, Err 96 (1.0e-05)
1189.720 .... 4347 packets received, 7491 bps, 93.63%, Err 97 (1.0e-05)
1191.824 .... 4355 packets received, 7491 bps, 93.64%, Err 97 (1.0e-05)
1193.952 .... 4363 packets received, 7491 bps, 93.64%, Err 97 (1.0e-05)
1196.062 .... 4371 packets received, 7492 bps, 93.65%, Err 97 (1.0e-05)
1199.493 .... 4379 packets received, 7484 bps, 93.55%, Err 98 (1.0e-05)
1201.613 .... 4391 packets received, 7491 bps, 93.64%, Err 98 (1.0e-05)
1203.728 .... 4399 packets received, 7492 bps, 93.65%, Err 98 (1.0e-05)
1205.843 .... 4407 packets received, 7492 bps, 93.65%, Err 98 (1.0e-05)
1207.955 .... 4415 packets received, 7493 bps, 93.66%, Err 98 (1.0e-05)
1210.859 .... 4421 packets received, 7485 bps, 93.56%, Err 99 (1.0e-05)
1212.991 .... 4433 packets received, 7492 bps, 93.65%, Err 99 (1.0e-05)
1215.114 .... 4441 packets received, 7492 bps, 93.66%, Err 99 (1.0e-05)
1217.221 .... 4449 packets received, 7493 bps, 93.66%, Err 99 (1.0e-05)
1219.305 .... 4457 packets received, 7494 bps, 93.67%, Err 99 (1.0e-05)
1221.418 .... 4465 packets received, 7494 bps, 93.68%, Err 99 (1.0e-05)
1223.559 .... 4473 packets received, 7494 bps, 93.68%, Err 99 (1.0e-05)
1225.651 .... 4481 packets received, 7495 bps, 93.69%, Err 99 (1.0e-05)
1228.287 .... 4486 packets received, 7487 bps, 93.59%, Err 102 (1.0e-05)
1230.948 .... 4497 packets received, 7489 bps, 93.62%, Err 102 (1.0e-05)
1233.298 .... 4504 packets received, 7487 bps, 93.58%, Err 102 (1.0e-05)
1235.415 .... 4511 packets received, 7485 bps, 93.57%, Err 102 (1.0e-05)
1237.548 .... 4517 packets received, 7482 bps, 93.53%, Err 102 (1.0e-05)
1239.902 .... 4524 packets received, 7480 bps, 93.50%, Err 102 (1.0e-05)
1242.038 .... 4530 packets received, 7477 bps,