000.000 =============================================================
000.000                     Station A                               
000.000 -------------------------------------------------------------
000.000 Protocol.lib, version 4.0, jiangyanjun0718@bupt.edu.cn
000.000 Channel: 8000 bps, 270 ms propagation delay, bit error rate 1.0E-04
000.000 Log file "afber.log", TCP port 59144, debug mask 0x00
000.000 Station A is waiting for station B on TCP port 59144 ... Done.
000.345 New epoch: Wed Apr 12 21:59:34 2023
000.345 =================================================================
000.345 
000.345 Designed by Li Ruobin, build: Apr 11 2023  20:23:13
002.758 .... 7 packets received, 6662 bps, 83.27%, Err 1 (5.2e-05)
005.175 .... 11 packets received, 4931 bps, 61.63%, Err 4 (1.0e-04)
009.003 .... 16 packets received, 3902 bps, 48.78%, Err 7 (1.2e-04)
011.949 .... 24 packets received, 4333 bps, 54.17%, Err 8 (9.9e-05)
016.553 .... 28 packets received, 3596 bps, 44.95%, Err 11 (1.0e-04)
018.979 .... 36 packets received, 4013 bps, 50.16%, Err 13 (1.0e-04)
021.375 .... 39 packets received, 3846 bps, 48.07%, Err 15 (1.0e-04)
023.708 .... 42 packets received, 3723 bps, 46.54%, Err 16 (1.0e-04)
025.939 .... 47 packets received, 3800 bps, 47.50%, Err 17 (9.6e-05)
030.982 .... 53 packets received, 3573 bps, 44.67%, Err 20 (9.4e-05)
034.332 .... 55 packets received, 3340 bps, 41.75%, Err 24 (1.0e-04)
037.513 .... 62 packets received, 3440 bps, 43.01%, Err 30 (1.2e-04)
040.264 .... 69 packets received, 3563 bps, 44.54%, Err 31 (1.1e-04)
043.214 .... 74 packets received, 3557 bps, 44.46%, Err 32 (1.1e-04)
045.297 .... 80 packets received, 3666 bps, 45.83%, Err 35 (1.1e-04)
048.365 .... 83 packets received, 3559 bps, 44.49%, Err 36 (1.1e-04)
050.436 .... 88 packets received, 3617 bps, 45.21%, Err 38 (1.1e-04)
052.615 .... 92 packets received, 3623 bps, 45.28%, Err 42 (1.2e-04)
054.734 .... 98 packets received, 3708 bps, 46.35%, Err 43 (1.1e-04)
056.852 .... 104 packets received, 3787 bps, 47.33%, Err 43 (1.1e-04)
058.969 .... 111 packets received, 3895 bps, 48.69%, Err 43 (1.0e-04)
061.518 .... 117 packets received, 3934 bps, 49.17%, Err 43 (1.0e-04)
066.384 .... 121 packets received, 3767 bps, 47.09%, Err 47 (1.0e-04)
068.765 .... 129 packets received, 3876 bps, 48.45%, Err 50 (1.0e-04)
072.577 .... 130 packets received, 3699 bps, 46.24%, Err 52 (1.0e-04)
074.984 .... 138 packets received, 3800 bps, 47.50%, Err 53 (1.0e-04)
078.298 .... 145 packets received, 3822 bps, 47.78%, Err 55 (1.0e-04)
081.737 .... 155 packets received, 3913 bps, 48.91%, Err 56 (9.8e-05)
083.840 .... 166 packets received, 4084 bps, 51.06%, Err 56 (9.5e-05)
087.011 .... 173 packets received, 4101 bps, 51.26%, Err 61 (1.0e-04)
090.211 .... 182 packets received, 4160 bps, 52.00%, Err 65 (1.0e-04)
092.296 .... 192 packets received, 4289 bps, 53.61%, Err 65 (1.0e-04)
095.334 .... 193 packets received, 4173 bps, 52.16%, Err 67 (1.0e-04)
099.431 .... 195 packets received, 4041 bps, 50.51%, Err 71 (1.0e-04)
105.102 .... 203 packets received, 3979 bps, 49.73%, Err 74 (1.0e-04)
107.252 .... 211 packets received, 4052 bps, 50.65%, Err 76 (1.0e-04)
112.111 .... 215 packets received, 3949 bps, 49.36%, Err 78 (1.0e-04)
114.260 .... 223 packets received, 4018 bps, 50.23%, Err 78 (9.8e-05)
116.900 .... 228 packets received, 4015 bps, 50.19%, Err 80 (9.8e-05)
119.586 .... 235 packets received, 4045 bps, 50.56%, Err 81 (9.7e-05)
126.893 .... 243 packets received, 3941 bps, 49.26%, Err 86 (9.8e-05)
129.046 .... 251 packets received, 4002 bps, 50.03%, Err 87 (9.7e-05)
132.471 .... 256 packets received, 3976 bps, 49.70%, Err 93 (1.0e-04)
135.753 .... 262 packets received, 3970 bps, 49.63%, Err 93 (9.9e-05)
140.234 .... 268 packets received, 3931 bps, 49.14%, Err 96 (9.9e-05)
142.417 .... 274 packets received, 3957 bps, 49.46%, Err 100 (1.0e-04)
144.549 .... 280 packets received, 3984 bps, 49.80%, Err 101 (1.0e-04)
146.697 .... 286 packets received, 4009 bps, 50.12%, Err 103 (1.0e-04)
148.858 .... 292 packets received, 4034 bps, 50.42%, Err 104 (1.0e-04)
151.243 .... 295 packets received, 4011 bps, 50.13%, Err 106 (1.0e-04)
153.710 .... 297 packets received, 3973 bps, 49.66%, Err 107 (1.0e-04)
155.858 .... 304 packets received, 4010 bps, 50.13%, Err 108 (1.0e-04)
159.415 .... 310 packets received, 3998 bps, 49.97%, Err 110 (9.9e-05)
162.604 .... 316 packets received, 3995 bps, 49.94%, Err 111 (9.8e-05)
164.721 .... 322 packets received, 4018 bps, 50.23%, Err 111 (9.7e-05)
167.664 .... 327 packets received, 4009 bps, 50.11%, Err 115 (9.8e-05)
169.765 .... 338 packets received, 4092 bps, 51.15%, Err 115 (9.7e-05)
173.831 .... 340 packets received, 4020 bps, 50.25%, Err 119 (9.8e-05)
179.473 .... 344 packets received, 3939 bps, 49.23%, Err 126 (1.0e-04)
181.854 .... 352 packets received, 3977 bps, 49.72%, Err 127 (1.0e-04)
186.985 .... 358 packets received, 3934 bps, 49.17%, Err 131 (1.0e-04)
189.121 .... 366 packets received, 3976 bps, 49.70%, Err 131 (1.0e-04)
191.236 .... 368 packets received, 3954 bps, 49.42%, Err 133 (1.0e-04)
194.471 .... 373 packets received, 3940 bps, 49.25%, Err 135 (1.0e-04)
197.450 .... 381 packets received, 3964 bps, 49.55%, Err 138 (1.0e-04)
199.840 .... 385 packets received, 3958 bps, 49.47%, Err 139 (1.0e-04)
202.536 .... 393 packets received, 3986 bps, 49.82%, Err 141 (1.0e-04)
210.702 .... 402 packets received, 3919 bps, 48.98%, Err 146 (1.0e-04)
213.523 .... 410 packets received, 3944 bps, 49.30%, Err 149 (1.0e-04)
216.455 .... 413 packets received, 3919 bps, 48.98%, Err 151 (1.0e-04)
218.662 .... 425 packets received, 3992 bps, 49.90%, Err 151 (1.0e-04)
223.011 .... 428 packets received, 3941 bps, 49.27%, Err 156 (1.0e-04)
225.632 .... 436 packets received, 3968 bps, 49.60%, Err 157 (1.0e-04)
227.751 .... 441 packets received, 3976 bps, 49.70%, Err 158 (1.0e-04)
229.883 .... 447 packets received, 3993 bps, 49.91%, Err 159 (1.0e-04)
231.998 .... 455 packets received, 4027 bps, 50.34%, Err 159 (9.9e-05)
234.776 .... 459 packets received, 4014 bps, 50.18%, Err 160 (9.9e-05)
238.001 .... 468 packets received, 4037 bps, 50.47%, Err 164 (1.0e-04)
241.556 .... 473 packets received, 4020 bps, 50.25%, Err 165 (9.9e-05)
243.682 .... 479 packets received, 4036 bps, 50.45%, Err 165 (9.8e-05)
246.904 .... 485 packets received, 4033 bps, 50.41%, Err 168 (9.8e-05)
250.690 .... 489 packets received, 4005 bps, 50.06%, Err 171 (9.9e-05)
252.832 .... 492 packets received, 3995 bps, 49.94%, Err 175 (1.0e-04)
256.243 .... 503 packets received, 4030 bps, 50.37%, Err 177 (1.0e-04)
265.714 .... 504 packets received, 3893 bps, 48.67%, Err 183 (1.0e-04)
267.841 .... 512 packets received, 3924 bps, 49.05%, Err 184 (1.0e-04)
270.522 .... 513 packets received, 3892 bps, 48.66%, Err 187 (1.0e-04)
272.591 .... 516 packets received, 3885 bps, 48.57%, Err 188 (1.0e-04)
274.985 .... 517 packets received, 3859 bps, 48.24%, Err 189 (1.0e-04)
277.123 .... 528 packets received, 3911 bps, 48.88%, Err 190 (1.0e-04)
284.436 .... 529 packets received, 3817 bps, 47.71%, Err 196 (1.0e-04)
287.092 .... 537 packets received, 3839 bps, 47.99%, Err 196 (1.0e-04)
291.128 .... 543 packets received, 3828 bps, 47.85%, Err 200 (1.0e-04)
293.276 .... 553 packets received, 3870 bps, 48.37%, Err 201 (1.0e-04)
296.747 .... 561 packets received, 3880 bps, 48.50%, Err 202 (1.0e-04)
298.930 .... 573 packets received, 3934 bps, 49.17%, Err 202 (9.9e-05)
302.375 .... 580 packets received, 3936 bps, 49.20%, Err 207 (1.0e-04)
305.791 .... 590 packets received, 3959 bps, 49.49%, Err 210 (1.0e-04)
307.892 .... 600 packets received, 3999 bps, 49.99%, Err 210 (9.9e-05)
314.760 .... 601 packets received, 3918 bps, 48.97%, Err 215 (1.0e-04)
317.182 .... 604 packets received, 3907 bps, 48.84%, Err 219 (1.0e-04)
320.898 .... 606 packets received, 3875 bps, 48.44%, Err 222 (1.0e-04)
323.299 .... 614 packets received, 3897 bps, 48.71%, Err 224 (1.0e-04)
325.417 .... 616 packets received, 3884 bps, 48.55%, Err 228 (1.0e-04)
337.106 .... 623 packets received, 3792 bps, 47.40%, Err 238 (1.0e-04)
342.764 .... 631 packets received, 3777 bps, 47.21%, Err 243 (1.0e-04)
345.170 .... 639 packets received, 3798 bps, 47.48%, Err 245 (1.0e-04)
347.282 .... 644 packets received, 3804 bps, 47.56%, Err 247 (1.0e-04)
349.403 .... 652 packets received, 3828 bps, 47.85%, Err 248 (1.0e-04)
353.205 .... 653 packets received, 3793 bps, 47.41%, Err 252 (1.1e-04)
355.370 .... 658 packets received, 3799 bps, 47.48%, Err 254 (1.1e-04)
357.461 .... 668 packets received, 3834 bps, 47.92%, Err 255 (1.1e-04)
360.356 .... 672 packets received, 3826 bps, 47.82%, Err 256 (1.0e-04)
362.513 .... 684 packets received, 3871 bps, 48.38%, Err 256 (1.0e-04)
365.154 .... 689 packets received, 3871 bps, 48.38%, Err 257 (1.0e-04)
367.255 .... 700 packets received, 3910 bps, 48.88%, Err 257 (1.0e-04)
370.183 .... 706 packets received, 3912 bps, 48.90%, Err 258 (1.0e-04)
374.272 .... 714 packets received, 3913 bps, 48.92%, Err 261 (1.0e-04)
377.448 .... 722 packets received, 3924 bps, 49.05%, Err 262 (1.0e-04)
380.360 .... 728 packets received, 3926 bps, 49.08%, Err 263 (1.0e-04)
384.740 .... 736 packets received, 3924 bps, 49.05%, Err 264 (1.0e-04)
390.142 .... 743 packets received, 3906 bps, 48.83%, Err 267 (1.0e-04)
392.282 .... 751 packets received, 3927 bps, 49.09%, Err 268 (1.0e-04)
395.767 .... 757 packets received, 3923 bps, 49.04%, Err 272 (1.0e-04)
400.047 .... 763 packets received, 3912 bps, 48.90%, Err 274 (1.0e-04)
402.151 .... 772 packets received, 3937 bps, 49.22%, Err 274 (1.0e-04)
404.719 .... 779 packets received, 3948 bps, 49.35%, Err 274 (9.9e-05)
408.189 .... 782 packets received, 3929 bps, 49.12%, Err 278 (1.0e-04)
411.442 .... 790 packets received, 3938 bps, 49.23%, Err 282 (1.0e-04)
414.612 .... 793 packets received, 3923 bps, 49.04%, Err 285 (1.0e-04)
417.881 .... 800 packets received, 3926 bps, 49.08%, Err 286 (1.0e-04)
422.533 .... 803 packets received, 3898 bps, 48.72%, Err 288 (1.0e-04)
424.672 .... 811 packets received, 3917 bps, 48.96%, Err 289 (1.0e-04)
427.611 .... 816 packets received, 3914 bps, 48.92%, Err 290 (1.0e-04)
429.777 .... 824 packets received, 3932 bps, 49.15%, Err 291 (9.9e-05)
431.892 .... 834 packets received, 3960 bps, 49.50%, Err 292 (9.9e-05)
440.279 .... 839 packets received, 3908 bps, 48.85%, Err 300 (1.0e-04)
442.700 .... 847 packets received, 3924 bps, 49.05%, Err 300 (1.0e-04)
445.121 .... 854 packets received, 3935 bps, 49.18%, Err 304 (1.0e-04)
448.569 .... 858 packets received, 3923 bps, 49.03%, Err 306 (1.0e-04)
450.678 .... 868 packets received, 3950 bps, 49.37%, Err 308 (1.0e-04)
454.496 .... 869 packets received, 3921 bps, 49.01%, Err 309 (1.0e-04)
456.639 .... 877 packets received, 3939 bps, 49.23%, Err 310 (1.0e-04)
458.756 .... 883 packets received, 3947 bps, 49.34%, Err 311 (1.0e-04)
462.061 .... 887 packets received, 3937 bps, 49.21%, Err 314 (1.0e-04)
473.960 .... 896 packets received, 3877 bps, 48.46%, Err 321 (1.0e-04)
476.113 .... 904 packets received, 3894 bps, 48.67%, Err 323 (1.0e-04)
480.324 .... 911 packets received, 3889 bps, 48.62%, Err 325 (1.0e-04)
483.607 .... 912 packets received, 3867 bps, 48.34%, Err 329 (1.0e-04)
485.754 .... 924 packets received, 3901 bps, 48.76%, Err 330 (1.0e-04)
487.888 .... 932 packets received, 3917 bps, 48.96%, Err 330 (1.0e-04)
489.987 .... 940 packets received, 3934 bps, 49.17%, Err 330 (9.9e-05)
493.017 .... 942 packets received, 3918 bps, 48.97%, Err 335 (1.0e-04)
496.480 .... 950 packets received, 3924 bps, 49.04%, Err 341 (1.0e-04)
499.493 .... 951 packets received, 3904 bps, 48.80%, Err 341 (1.0e-04)
502.678 .... 959 packets received, 3912 bps, 48.90%, Err 342 (1.0e-04)
505.188 .... 964 packets received, 3913 bps, 48.91%, Err 343 (1.0e-04)
510.045 .... 972 packets received, 3908 bps, 48.84%, Err 346 (1.0e-04)
515.765 .... 980 packets received, 3896 bps, 48.70%, Err 349 (1.0e-04)
521.425 .... 988 packets received, 3885 bps, 48.56%, Err 353 (1.0e-04)
523.552 .... 990 packets received, 3877 bps, 48.46%, Err 356 (1.0e-04)
525.824 .... 1000 packets received, 3899 bps, 48.74%, Err 356 (1.0e-04)
528.864 .... 1002 packets received, 3885 bps, 48.56%, Err 357 (1.0e-04)
532.044 .... 1010 packets received, 3892 bps, 48.65%, Err 359 (1.0e-04)
535.475 .... 1016 packets received, 3890 bps, 48.63%, Err 360 (9.9e-05)
541.172 .... 1027 packets received, 3891 bps, 48.64%, Err 366 (1.0e-04)
543.314 .... 1030 packets received, 3887 bps, 48.59%, Err 369 (1.0e-04)
545.670 .... 1035 packets received, 3889 bps, 48.61%, Err 370 (1.0e-04)
549.503 .... 1043 packets received, 3892 bps, 48.64%, Err 373 (1.0e-04)
551.550 .... 1045 packets received, 3885 bps, 48.56%, Err 376 (1.0e-04)
554.560 .... 1047 packets received, 3871 bps, 48.39%, Err 377 (1.0e-04)
556.726 .... 1055 packets received, 3885 bps, 48.57%, Err 380 (1.0e-04)
559.864 .... 1058 packets received, 3874 bps, 48.43%, Err 384 (1.0e-04)
562.394 .... 1062 packets received, 3872 bps, 48.39%, Err 387 (1.0e-04)
564.791 .... 1069 packets received, 3880 bps, 48.51%, Err 388 (1.0e-04)
568.243 .... 1072 packets received, 3868 bps, 48.35%, Err 391 (1.0e-04)
571.503 .... 1079 packets received, 3871 bps, 48.38%, Err 394 (1.0e-04)
573.915 .... 1087 packets received, 3883 bps, 48.54%, Err 394 (1.0e-04)
581.499 .... 1089 packets received, 3839 bps, 47.99%, Err 399 (1.0e-04)
587.150 .... 1097 packets received, 3830 bps, 47.88%, Err 404 (1.0e-04)
589.574 .... 1105 packets received, 3842 bps, 48.03%, Err 405 (1.0e-04)
592.800 .... 1109 packets received, 3835 bps, 47.94%, Err 406 (1.0e-04)
594.973 .... 1121 packets received, 3863 bps, 48.28%, Err 406 (1.0e-04)
598.770 .... 1128 packets received, 3862 bps, 48.28%, Err 408 (1.0e-04)
601.434 .... 1136 packets received, 3872 bps, 48.40%, Err 410 (1.0e-04)
605.770 .... 1143 packets received, 3868 bps, 48.35%, Err 415 (1.0e-04)
611.719 .... 1148 packets received, 3847 bps, 48.09%, Err 419 (1.0e-04)
617.421 .... 1156 packets received, 3838 bps, 47.98%, Err 421 (1.0e-04)
619.523 .... 1164 packets received, 3852 bps, 48.15%, Err 423 (1.0e-04)
624.917 .... 1171 packets received, 3841 bps, 48.02%, Err 427 (1.0e-04)
627.345 .... 1179 packets received, 3853 bps, 48.16%, Err 428 (1.0e-04)
630.510 .... 1180 packets received, 3837 bps, 47.96%, Err 428 (1.0e-04)
632.659 .... 1192 packets received, 3862 bps, 48.28%, Err 428 (1.0e-04)
635.583 .... 1199 packets received, 3867 bps, 48.34%, Err 430 (1.0e-04)
639.585 .... 1206 packets received, 3865 bps, 48.32%, Err 432 (1.0e-04)
641.791 .... 1211 packets received, 3868 bps, 48.35%, Err 432 (1.0e-04)
643.944 .... 1218 packets received, 3877 bps, 48.47%, Err 433 (1.0e-04)
646.035 .... 1222 packets received, 3878 bps, 48.47%, Err 437 (1.0e-04)
649.067 .... 1223 packets received, 3863 bps, 48.28%, Err 440 (1.0e-04)
658.502 .... 1231 packets received, 3832 bps, 47.90%, Err 447 (1.0e-04)
660.658 .... 1239 packets received, 3844 bps, 48.05%, Err 448 (1.0e-04)
663.550 .... 1241 packets received, 3834 bps, 47.92%, Err 450 (1.0e-04)
666.578 .... 1247 packets received, 3835 bps, 47.93%, Err 452 (1.0e-04)
668.704 .... 1253 packets received, 3841 bps, 48.01%, Err 453 (1.0e-04)
671.904 .... 1256 packets received, 3832 bps, 47.90%, Err 454 (1.0e-04)
674.062 .... 1267 packets received, 3853 bps, 48.16%, Err 454 (1.0e-04)
677.267 .... 1275 packets received, 3859 bps, 48.24%, Err 456 (1.0e-04)
679.474 .... 1283 packets received, 3871 bps, 48.38%, Err 458 (1.0e-04)
682.652 .... 1290 packets received, 3874 bps, 48.42%, Err 460 (1.0e-04)
685.886 .... 1297 packets received, 3876 bps, 48.45%, Err 466 (1.0e-04)
689.398 .... 1298 packets received, 3859 bps, 48.24%, Err 472 (1.0e-04)
694.017 .... 1306 packets received, 3857 bps, 48.22%, Err 477 (1.0e-04)
697.718 .... 1314 packets received, 3860 bps, 48.25%, Err 479 (1.0e-04)
700.376 .... 1324 packets received, 3875 bps, 48.44%, Err 481 (1.0e-04)
704.484 .... 1335 packets received, 3884 bps, 48.55%, Err 482 (1.0e-04)
707.169 .... 1345 packets received, 3899 bps, 48.73%, Err 483 (1.0e-04)
711.749 .... 1352 packets received, 3894 bps, 48.67%, Err 487 (1.0e-04)
714.167 .... 1360 packets received, 3903 bps, 48.79%, Err 490 (1.0e-04)
716.799 .... 1361 packets received, 3892 bps, 48.65%, Err 491 (1.0e-04)
718.963 .... 1373 packets received, 3914 bps, 48.93%, Err 493 (1.0e-04)
722.766 .... 1374 packets received, 3897 bps, 48.71%, Err 495 (1.0e-04)
724.899 .... 1376 packets received, 3891 bps, 48.63%, Err 498 (1.0e-04)
727.005 .... 1388 packets received, 3913 bps, 48.92%, Err 499 (1.0e-04)
729.230 .... 1395 packets received, 3921 bps, 49.01%, Err 500 (1.0e-04)
731.345 .... 1403 packets received, 3932 bps, 49.15%, Err 500 (1.0e-04)
733.471 .... 1410 packets received, 3940 bps, 49.25%, Err 501 (1.0e-04)
735.586 .... 1417 packets received, 3948 bps, 49.36%, Err 502 (1.0e-04)
742.923 .... 1418 packets received, 3912 bps, 48.90%, Err 508 (1.0e-04)
748.611 .... 1426 packets received, 3904 bps, 48.80%, Err 512 (1.0e-04)
751.022 .... 1434 packets received, 3914 bps, 48.92%, Err 513 (1.0e-04)
754.469 .... 1441 packets received, 3915 bps, 48.93%, Err 514 (1.0e-04)
756.610 .... 1452 packets received, 3933 bps, 49.17%, Err 514 (1.0e-04)
758.733 .... 1460 packets received, 3944 bps, 49.30%, Err 514 (1.0e-04)
760.849 .... 1468 packets received, 3955 bps, 49.43%, Err 515 (1.0e-04)
764.931 .... 1470 packets received, 3939 bps, 49.24%, Err 518 (1.0e-04)
770.601 .... 1477 packets received, 3928 bps, 49.11%, Err 520 (1.0e-04)
772.719 .... 1485 packets received, 3939 bps, 49.24%, Err 521 (1.0e-04)
776.139 .... 1489 packets received, 3932 bps, 49.15%, Err 523 (1.0e-04)
778.273 .... 1501 packets received, 3953 bps, 49.41%, Err 524 (1.0e-04)
781.184 .... 1507 packets received, 3954 bps, 49.42%, Err 529 (1.0e-04)
784.480 .... 1511 packets received, 3948 bps, 49.35%, Err 530 (1.0e-04)
787.906 .... 1515 packets received, 3941 bps, 49.26%, Err 534 (1.0e-04)
792.230 .... 1523 packets received, 3940 bps, 49.25%, Err 536 (1.0e-04)
794.351 .... 1531 packets received, 3950 bps, 49.38%, Err 536 (1.0e-04)
797.864 .... 1534 packets received, 3941 bps, 49.26%, Err 538 (1.0e-04)
799.988 .... 1538 packets received, 3940 bps, 49.25%, Err 539 (1.0e-04)
802.137 .... 1545 packets received, 3948 bps, 49.35%, Err 540 (1.0e-04)
805.081 .... 1548 packets received, 3941 bps, 49.26%, Err 543 (1.0e-04)
808.576 .... 1556 packets received, 3944 bps, 49.30%, Err 547 (1.0e-04)
812.681 .... 1557 packets received, 3927 bps, 49.08%, Err 550 (1.0e-04)
814.821 .... 1565 packets received, 3936 bps, 49.21%, Err 553 (1.0e-04)
816.943 .... 1573 packets received, 3946 bps, 49.33%, Err 553 (1.0e-04)
819.064 .... 1581 packets received, 3956 bps, 49.45%, Err 553 (1.0e-04)
822.805 .... 1588 packets received, 3956 bps, 49.44%, Err 555 (1.0e-04)
826.271 .... 1598 packets received, 3964 bps, 49.55%, Err 556 (1.0e-04)
831.139 .... 1606 packets received, 3960 bps, 49.50%, Err 558 (1.0e-04)
833.299 .... 1614 packets received, 3970 bps, 49.62%, Err 560 (1.0e-04)
835.412 .... 1621 packets received, 3977 bps, 49.71%, Err 561 (1.0e-04)
837.661 .... 1625 packets received, 3976 bps, 49.70%, Err 561 (9.9e-05)
841.069 .... 1630 packets received, 3972 bps, 49.65%, Err 564 (9.9e-05)
849.012 .... 1640 packets received, 3959 bps, 49.49%, Err 572 (1.0e-04)
851.164 .... 1648 packets received, 3968 bps, 49.60%, Err 574 (1.0e-04)
854.283 .... 1650 packets received, 3958 bps, 49.48%, Err 577 (1.0e-04)
857.356 .... 1651 packets received, 3947 bps, 49.33%, Err 579 (1.0e-04)
861.253 .... 1663 packets received, 3957 bps, 49.47%, Err 583 (1.0e-04)
864.184 .... 1668 packets received, 3956 bps, 49.45%, Err 583 (1.0e-04)
868.004 .... 1676 packets received, 3957 bps, 49.46%, Err 585 (1.0e-04)
871.209 .... 1684 packets received, 3961 bps, 49.52%, Err 589 (1.0e-04)
874.371 .... 1687 packets received, 3954 bps, 49.43%, Err 592 (1.0e-04)
878.411 .... 1695 packets received, 3955 bps, 49.43%, Err 593 (1.0e-04)
884.614 .... 1703 packets received, 3945 bps, 49.32%, Err 597 (1.0e-04)
887.031 .... 1711 packets received, 3953 bps, 49.41%, Err 597 (1.0e-04)
889.164 .... 1718 packets received, 3960 bps, 49.50%, Err 599 (1.0e-04)
891.895 .... 1721 packets received, 3955 bps, 49.43%, Err 603 (1.0e-04)
895.960 .... 1722 packets received, 3939 bps, 49.24%, Err 606 (1.0e-04)
898.349 .... 1731 packets received, 3949 bps, 49.36%, Err 608 (1.0e-04)
900.624 .... 1738 packets received, 3955 bps, 49.44%, Err 609 (1.0e-04)
902.727 .... 1747 packets received, 3966 bps, 49.58%, Err 609 (1.0e-04)
904.893 .... 1755 packets received, 3975 bps, 49.68%, Err 609 (1.0e-04)
907.516 .... 1761 packets received, 3977 bps, 49.71%, Err 612 (1.0e-04)
909.945 .... 1771 packets received, 3989 bps, 49.86%, Err 613 (1.0e-04)
912.088 .... 1778 packets received, 3995 bps, 49.94%, Err 614 (1.0e-04)
914.466 .... 1780 packets received, 3989 bps, 49.86%, Err 616 (1.0e-04)
918.124 .... 1786 packets received, 3987 bps, 49.83%, Err 619 (1.0e-04)
921.090 .... 1793 packets received, 3989 bps, 49.87%, Err 621 (1.0e-04)
924.260 .... 1800 packets received, 3991 bps, 49.89%, Err 625 (1.0e-04)
926.400 .... 1810 packets received, 4004 bps, 50.05%, Err 626 (1.0e-04)
931.223 .... 1814 packets received, 3992 bps, 49.90%, Err 631 (1.0e-04)
933.619 .... 1822 packets received, 3999 bps, 49.99%, Err 632 (1.0e-04)
936.811 .... 1830 packets received, 4003 bps, 50.04%, Err 636 (1.0e-04)
939.553 .... 1831 packets received, 3994 bps, 49.92%, Err 637 (1.0e-04)
941.661 .... 1839 packets received, 4002 bps, 50.03%, Err 637 (1.0e-04)
944.347 .... 1845 packets received, 4004 bps, 50.05%, Err 641 (1.0e-04)
946.787 .... 1853 packets received, 4011 bps, 50.14%, Err 642 (1.0e-04)
949.967 .... 1861 packets received, 4015 bps, 50.18%, Err 644 (1.0e-04)
954.004 .... 1868 packets received, 4013 bps, 50.16%, Err 647 (1.0e-04)
956.164 .... 1874 packets received, 4016 bps, 50.21%, Err 648 (1.0e-04)
959.140 .... 1880 packets received, 4017 bps, 50.21%, Err 652 (1.0e-04)
962.849 .... 1890 packets received, 4023 bps, 50.28%, Err 654 (1.0e-04)
965.333 .... 1892 packets received, 4016 bps, 50.21%, Err 654 (1.0e-04)
967.453 .... 1898 packets received, 4020 bps, 50.25%, Err 655 (1.0e-04)
969.601 .... 1901 packets received, 4018 bps, 50.22%, Err 656 (1.0e-04)
973.068 .... 1910 packets received, 4022 bps, 50.28%, Err 659 (1.0e-04)
975.279 .... 1912 packets received, 4018 bps, 50.22%, Err 660 (1.0e-04)
977.471 .... 1920 packets received, 4025 bps, 50.32%, Err 664 (1.0e-04)
979.588 .... 1928 packets received, 4033 bps, 50.42%, Err 664 (1.0e-04)
982.219 .... 1932 packets received, 4031 bps, 50.39%, Err 666 (1.0e-04)
987.945 .... 1944 packets received, 4032 bps, 50.40%, Err 670 (1.0e-04)
990.104 .... 1952 packets received, 4040 bps, 50.50%, Err 673 (1.0e-04)
993.252 .... 1959 packets received, 4042 bps, 50.52%, Err 676 (1.0e-04)
996.282 .... 1961 packets received, 4034 bps, 50.42%, Err 676 (1.0e-04)
998.418 .... 1968 packets received, 4039 bps, 50.49%, Err 676 (1.0e-04)
1001.856 .... 1976 packets received, 4042 bps, 50.52%, Err 678 (1.0e-04)
1003.928 .... 1983 packets received, 4048 bps, 50.60%, Err 680 (1.0e-04)
1007.129 .... 1993 packets received, 4055 bps, 50.69%, Err 682 (1.0e-04)
1011.104 .... 2000 packets received, 4053 bps, 50.67%, Err 685 (1.0e-04)
1013.474 .... 2006 packets received, 4056 bps, 50.70%, Err 685 (1.0e-04)
1015.932 .... 2009 packets received, 4052 bps, 50.65%, Err 687 (1.0e-04)
1019.967 .... 2014 packets received, 4046 bps, 50.58%, Err 691 (1.0e-04)
1022.134 .... 2019 packets received, 4048 bps, 50.60%, Err 692 (1.0e-04)
1026.187 .... 2021 packets received, 4036 bps, 50.45%, Err 696 (1.0e-04)
1030.441 .... 2029 packets received, 4035 bps, 50.44%, Err 699 (1.0e-04)
1034.818 .... 2033 packets received, 4026 bps, 50.32%, Err 701 (1.0e-04)
1037.248 .... 2039 packets received, 4028 bps, 50.35%, Err 704 (1.0e-04)
1040.654 .... 2042 packets received, 4021 bps, 50.26%, Err 705 (1.0e-04)
1043.375 .... 2050 packets received, 4026 bps, 50.33%, Err 707 (1.0e-04)
1046.607 .... 2052 packets received, 4018 bps, 50.22%, Err 710 (1.0e-04)
1053.926 .... 2058 packets received, 4001 bps, 50.02%, Err 715 (1.0e-04)
1056.318 .... 2066 packets received, 4008 bps, 50.10%, Err 716 (1.0e-04)
1058.685 .... 2070 packets received, 4007 bps, 50.08%, Err 718 (1.0e-04)
1062.471 .... 2080 packets received, 4012 bps, 50.15%, Err 720 (1.0e-04)
1064.880 .... 2083 packets received, 4008 bps, 50.10%, Err 722 (1.0e-04)
1066.998 .... 2090 packets received, 4014 bps, 50.17%, Err 722 (1.0e-04)
1069.366 .... 2096 packets received, 4016 bps, 50.21%, Err 723 (1.0e-04)
1074.483 .... 2102 packets received, 4009 bps, 50.11%, Err 729 (1.0e-04)
1076.631 .... 2108 packets received, 4012 bps, 50.15%, Err 730 (1.0e-04)
1079.852 .... 2115 packets received, 4013 bps, 50.17%, Err 731 (1.0e-04)
1083.598 .... 2123 packets received, 4015 bps, 50.18%, Err 735 (1.0e-04)
1085.727 .... 2129 packets received, 4018 bps, 50.23%, Err 737 (1.0e-04)
1087.839 .... 2135 packets received, 4022 bps, 50.27%, Err 739 (1.0e-04)
1091.038 .... 2139 packets received, 4017 bps, 50.22%, Err 742 (1.0e-04)
1093.179 .... 2149 packets received, 4028 bps, 50.35%, Err 742 (1.0e-04)
1095.944 .... 2150 packets received, 4020 bps, 50.25%, Err 744 (1.0e-04)
1098.045 .... 2154 packets received, 4020 bps, 50.25%, Err 745 (1.0e-04)
1100.517 .... 2160 packets received, 4022 bps, 50.27%, Err 747 (1.0e-04)
1102.605 .... 2169 packets received, 4031 bps, 50.39%, Err 747 (1.0e-04)
1106.446 .... 2172 packets received, 4023 bps, 50.28%, Err 752 (1.0e-04)
1110.210 .... 2176 packets received, 4016 bps, 50.20%, Err 755 (1.0e-04)
1112.414 .... 2184 packets received, 4023 bps, 50.29%, Err 755 (1.0e-04)
1114.810 .... 2188 packets received, 4022 bps, 50.27%, Err 757 (1.0e-04)
1121.334 .... 2191 packets received, 4004 bps, 50.05%, Err 762 (1.0e-04)
1123.881 .... 2199 packets received, 4009 bps, 50.12%, Err 762 (1.0e-04)
1125.998 .... 2204 packets received, 4011 bps, 50.14%, Err 765 (1.0e-04)
1128.647 .... 2208 packets received, 4009 bps, 50.11%, Err 767 (1.0e-04)
1130.764 .... 2219 packets received, 4021 bps, 50.26%, Err 768 (1.0e-04)
1132.886 .... 2226 packets received, 4026 bps, 50.33%, Err 768 (1.0e-04)
1138.529 .... 2233 packets received, 4019 bps, 50.24%, Err 772 (1.0e-04)
1140.680 .... 2241 packets received, 4026 bps, 50.32%, Err 773 (1.0e-04)
1142.786 .... 2244 packets received, 4024 bps, 50.30%, Err 775 (1.0e-04)
1144.816 .... 2254 packets received, 4034 bps, 50.43%, Err 775 (1.0e-04)
1146.952 .... 2258 packets received, 4034 bps, 50.43%, Err 777 (1.0e-04)
1155.061 .... 2262 packets received, 4013 bps, 50.16%, Err 782 (1.0e-04)
1160.983 .... 2268 packets received, 4003 bps, 50.04%, Err 786 (1.0e-04)
1163.655 .... 2276 packets received, 4008 bps, 50.10%, Err 787 (1.0e-04)
1166.843 .... 2279 packets received, 4002 bps, 50.03%, Err 792 (1.0e-04)
1170.635 .... 2286 packets received, 4001 bps, 50.02%, Err 794 (1.0e-04)
1173.865 .... 2291 packets received, 3999 bps, 49.99%, Err 796 (1.0e-04)
1176.001 .... 2300 packets received, 4008 bps, 50.09%, Err 796 (1.0e-04)
1178.134 .... 2308 packets received, 4014 bps, 50.18%, Err 797 (1.0e-04)
1181.047 .... 2312 packets received, 4011 bps, 50.14%, Err 798 (1.0e-04)
1183.716 .... 2321 packets received, 4018 bps, 50.22%, Err 802 (1.0e-04)
1186.445 .... 2323 packets received, 4012 bps, 50.15%, Err 803 (1.0e-04)
1188.599 .... 2328 packets received, 4013 bps, 50.17%, Err 806 (1.0e-04)
1190.709 .... 2335 packets received, 4018 bps, 50.23%, Err 807 (1.0e-04)
1193.718 .... 2337 packets received, 4012 bps, 50.14%, Err 809 (1.0e-04)
1196.966 .... 2342 packets received, 4009 bps, 50.11%, Err 809 (1.0e-04)
1199.096 .... 2349 packets received, 4014 bps, 50.18%, Err 809 (1.0e-04)
1201.213 .... 2352 packets received, 4012 bps, 50.15%, Err 812 (1.0e-04)
1215.013 .... 2354 packets received, 3970 bps, 49.62%, Err 823 (1.0e-04)
1217.144 .... 2362 packets received, 3976 bps, 49.70%, Err 824 (1.0e-04)
1219.282 .... 2370 packets received, 3983 bps, 49.79%, Err 824 (1.0e-04)
1221.406 .... 2373 packets received, 3981 bps, 49.76%, Err 826 (1.0e-04)
1226.211 .... 2381 packets received, 3979 bps, 49.73%, Err 830 (1.0e-04)
1228.625 .... 2389 packets received, 3984 bps, 49.80%, Err 831 (1.0e-04)
1231.827 .... 2395 packets received, 3984 bps, 49.80%, Err 834 (1.0e-04)
1233.925 .... 2401 packets received, 3987 bps, 49.84%, Err 837 (1.0e-04)
1235.967 TCP Disconnected.
