000.000 =============================================================
000.000                     Station A                               
000.000 -------------------------------------------------------------
000.000 Protocol.lib, version 4.0, jiangyanjun0718@bupt.edu.cn
000.000 Channel: 8000 bps, 270 ms propagation delay, bit error rate 0
000.000 Log file "afu.log", TCP port 59144, debug mask 0x00
000.000 Station A is waiting for station B on TCP port 59144 ... Done.
000.771 New epoch: Fri Apr 14 09:51:34 2023
000.771 =================================================================
000.772 
000.772 Designed by Li Ruobin, build: Apr 13 2023  17:16:51
003.171 .... 8 packets received, 7660 bps, 95.75%, Err 0 (0.0e+00)
005.274 .... 16 packets received, 7725 bps, 96.56%, Err 0 (0.0e+00)
007.387 .... 24 packets received, 7734 bps, 96.68%, Err 0 (0.0e+00)
009.501 .... 32 packets received, 7738 bps, 96.73%, Err 0 (0.0e+00)
011.607 .... 40 packets received, 7747 bps, 96.83%, Err 0 (0.0e+00)
013.716 .... 48 packets received, 7750 bps, 96.88%, Err 0 (0.0e+00)
015.842 .... 56 packets received, 7744 bps, 96.80%, Err 0 (0.0e+00)
017.953 .... 64 packets received, 7746 bps, 96.83%, Err 0 (0.0e+00)
020.051 .... 72 packets received, 7753 bps, 96.91%, Err 0 (0.0e+00)
022.176 .... 80 packets received, 7749 bps, 96.86%, Err 0 (0.0e+00)
024.286 .... 88 packets received, 7750 bps, 96.88%, Err 0 (0.0e+00)
026.390 .... 96 packets received, 7753 bps, 96.92%, Err 0 (0.0e+00)
028.513 .... 104 packets received, 7751 bps, 96.88%, Err 0 (0.0e+00)
030.623 .... 112 packets received, 7752 bps, 96.89%, Err 0 (0.0e+00)
032.737 .... 120 packets received, 7751 bps, 96.89%, Err 0 (0.0e+00)
034.833 .... 128 packets received, 7756 bps, 96.94%, Err 0 (0.0e+00)
036.949 .... 136 packets received, 7755 bps, 96.93%, Err 0 (0.0e+00)
039.061 .... 144 packets received, 7755 bps, 96.94%, Err 0 (0.0e+00)
041.177 .... 152 packets received, 7754 bps, 96.93%, Err 0 (0.0e+00)
043.286 .... 160 packets received, 7755 bps, 96.94%, Err 0 (0.0e+00)
045.413 .... 168 packets received, 7753 bps, 96.91%, Err 0 (0.0e+00)
047.524 .... 176 packets received, 7753 bps, 96.91%, Err 0 (0.0e+00)
049.633 .... 184 packets received, 7754 bps, 96.92%, Err 0 (0.0e+00)
051.740 .... 192 packets received, 7755 bps, 96.93%, Err 0 (0.0e+00)
053.863 .... 200 packets received, 7753 bps, 96.91%, Err 0 (0.0e+00)
055.971 .... 208 packets received, 7754 bps, 96.92%, Err 0 (0.0e+00)
058.083 .... 216 packets received, 7754 bps, 96.92%, Err 0 (0.0e+00)
060.198 .... 224 packets received, 7754 bps, 96.92%, Err 0 (0.0e+00)
062.297 .... 232 packets received, 7755 bps, 96.94%, Err 0 (0.0e+00)
064.411 .... 240 packets received, 7755 bps, 96.94%, Err 0 (0.0e+00)
066.519 .... 248 packets received, 7756 bps, 96.95%, Err 0 (0.0e+00)
068.629 .... 256 packets received, 7756 bps, 96.95%, Err 0 (0.0e+00)
070.749 .... 264 packets received, 7755 bps, 96.94%, Err 0 (0.0e+00)
072.847 .... 272 packets received, 7757 bps, 96.96%, Err 0 (0.0e+00)
074.973 .... 280 packets received, 7755 bps, 96.94%, Err 0 (0.0e+00)
077.091 .... 288 packets received, 7755 bps, 96.94%, Err 0 (0.0e+00)
079.194 .... 296 packets received, 7756 bps, 96.95%, Err 0 (0.0e+00)
081.312 .... 304 packets received, 7755 bps, 96.94%, Err 0 (0.0e+00)
083.422 .... 312 packets received, 7756 bps, 96.94%, Err 0 (0.0e+00)
085.533 .... 320 packets received, 7756 bps, 96.95%, Err 0 (0.0e+00)
087.643 .... 328 packets received, 7756 bps, 96.95%, Err 0 (0.0e+00)
089.747 .... 336 packets received, 7757 bps, 96.96%, Err 0 (0.0e+00)
091.875 .... 344 packets received, 7755 bps, 96.94%, Err 0 (0.0e+00)
093.976 .... 352 packets received, 7756 bps, 96.95%, Err 0 (0.0e+00)
096.091 .... 360 packets received, 7756 bps, 96.95%, Err 0 (0.0e+00)
098.201 .... 368 packets received, 7756 bps, 96.95%, Err 0 (0.0e+00)
100.312 .... 376 packets received, 7756 bps, 96.95%, Err 0 (0.0e+00)
102.417 .... 384 packets received, 7757 bps, 96.96%, Err 0 (0.0e+00)
104.536 .... 392 packets received, 7756 bps, 96.95%, Err 0 (0.0e+00)
106.654 .... 400 packets received, 7756 bps, 96.95%, Err 0 (0.0e+00)
108.772 .... 408 packets received, 7756 bps, 96.94%, Err 0 (0.0e+00)
110.871 .... 416 packets received, 7757 bps, 96.96%, Err 0 (0.0e+00)
112.987 .... 424 packets received, 7756 bps, 96.95%, Err 0 (0.0e+00)
115.099 .... 432 packets received, 7756 bps, 96.95%, Err 0 (0.0e+00)
117.195 .... 440 packets received, 7757 bps, 96.97%, Err 0 (0.0e+00)
119.323 .... 448 packets received, 7756 bps, 96.95%, Err 0 (0.0e+00)
121.446 .... 456 packets received, 7756 bps, 96.95%, Err 0 (0.0e+00)
123.546 .... 464 packets received, 7756 bps, 96.96%, Err 0 (0.0e+00)
125.651 .... 472 packets received, 7757 bps, 96.96%, Err 0 (0.0e+00)
127.769 .... 480 packets received, 7757 bps, 96.96%, Err 0 (0.0e+00)
129.874 .... 488 packets received, 7757 bps, 96.96%, Err 0 (0.0e+00)
132.000 .... 496 packets received, 7756 bps, 96.95%, Err 0 (0.0e+00)
134.100 .... 504 packets received, 7757 bps, 96.96%, Err 0 (0.0e+00)
136.217 .... 512 packets received, 7757 bps, 96.96%, Err 0 (0.0e+00)
138.338 .... 520 packets received, 7756 bps, 96.95%, Err 0 (0.0e+00)
140.442 .... 528 packets received, 7757 bps, 96.96%, Err 0 (0.0e+00)
142.542 .... 536 packets received, 7757 bps, 96.97%, Err 0 (0.0e+00)
144.666 .... 544 packets received, 7757 bps, 96.96%, Err 0 (0.0e+00)
146.777 .... 552 packets received, 7757 bps, 96.96%, Err 0 (0.0e+00)
148.888 .... 560 packets received, 7757 bps, 96.96%, Err 0 (0.0e+00)
151.005 .... 568 packets received, 7756 bps, 96.96%, Err 0 (0.0e+00)
153.104 .... 576 packets received, 7757 bps, 96.96%, Err 0 (0.0e+00)
155.217 .... 584 packets received, 7757 bps, 96.96%, Err 0 (0.0e+00)
157.341 .... 592 packets received, 7757 bps, 96.96%, Err 0 (0.0e+00)
159.461 .... 600 packets received, 7756 bps, 96.95%, Err 0 (0.0e+00)
161.554 .... 608 packets received, 7757 bps, 96.96%, Err 0 (0.0e+00)
163.680 .... 616 packets received, 7756 bps, 96.96%, Err 0 (0.0e+00)
165.782 .... 624 packets received, 7757 bps, 96.96%, Err 0 (0.0e+00)
167.885 .... 632 packets received, 7757 bps, 96.97%, Err 0 (0.0e+00)
170.006 .... 640 packets received, 7757 bps, 96.96%, Err 0 (0.0e+00)
172.126 .... 648 packets received, 7757 bps, 96.96%, Err 0 (0.0e+00)
174.227 .... 656 packets received, 7757 bps, 96.96%, Err 0 (0.0e+00)
176.339 .... 664 packets received, 7757 bps, 96.96%, Err 0 (0.0e+00)
178.464 .... 672 packets received, 7757 bps, 96.96%, Err 0 (0.0e+00)
180.575 .... 680 packets received, 7757 bps, 96.96%, Err 0 (0.0e+00)
182.679 .... 688 packets received, 7757 bps, 96.96%, Err 0 (0.0e+00)
184.787 .... 696 packets received, 7757 bps, 96.96%, Err 0 (0.0e+00)
186.899 .... 704 packets received, 7757 bps, 96.96%, Err 0 (0.0e+00)
189.017 .... 712 packets received, 7757 bps, 96.96%, Err 0 (0.0e+00)
191.126 .... 720 packets received, 7757 bps, 96.96%, Err 0 (0.0e+00)
193.236 .... 728 packets received, 7757 bps, 96.96%, Err 0 (0.0e+00)
195.337 .... 736 packets received, 7758 bps, 96.97%, Err 0 (0.0e+00)
197.472 .... 744 packets received, 7757 bps, 96.96%, Err 0 (0.0e+00)
199.588 .... 752 packets received, 7756 bps, 96.96%, Err 0 (0.0e+00)
201.687 .... 760 packets received, 7757 bps, 96.96%, Err 0 (0.0e+00)
203.791 .... 768 packets received, 7757 bps, 96.97%, Err 0 (0.0e+00)
205.932 .... 776 packets received, 7756 bps, 96.95%, Err 0 (0.0e+00)
208.041 .... 784 packets received, 7756 bps, 96.95%, Err 0 (0.0e+00)
210.136 .... 792 packets received, 7757 bps, 96.96%, Err 0 (0.0e+00)
212.245 .... 800 packets received, 7757 bps, 96.96%, Err 0 (0.0e+00)
214.347 .... 808 packets received, 7757 bps, 96.97%, Err 0 (0.0e+00)
216.463 .... 816 packets received, 7757 bps, 96.97%, Err 0 (0.0e+00)
218.568 .... 824 packets received, 7758 bps, 96.97%, Err 0 (0.0e+00)
220.704 .... 832 packets received, 7757 bps, 96.96%, Err 0 (0.0e+00)
222.820 .... 840 packets received, 7757 bps, 96.96%, Err 0 (0.0e+00)
224.924 .... 848 packets received, 7757 bps, 96.96%, Err 0 (0.0e+00)
227.035 .... 856 packets received, 7757 bps, 96.96%, Err 0 (0.0e+00)
229.146 .... 864 packets received, 7757 bps, 96.96%, Err 0 (0.0e+00)
231.281 .... 872 packets received, 7756 bps, 96.95%, Err 0 (0.0e+00)
233.374 .... 880 packets received, 7757 bps, 96.96%, Err 0 (0.0e+00)
235.485 .... 888 packets received, 7757 bps, 96.96%, Err 0 (0.0e+00)
237.585 .... 896 packets received, 7757 bps, 96.97%, Err 0 (0.0e+00)
239.693 .... 904 packets received, 7757 bps, 96.97%, Err 0 (0.0e+00)
241.824 .... 912 packets received, 7757 bps, 96.96%, Err 0 (0.0e+00)
243.915 .... 920 packets received, 7757 bps, 96.97%, Err 0 (0.0e+00)
246.044 .... 928 packets received, 7757 bps, 96.96%, Err 0 (0.0e+00)
248.156 .... 936 packets received, 7757 bps, 96.96%, Err 0 (0.0e+00)
250.248 .... 944 packets received, 7758 bps, 96.97%, Err 0 (0.0e+00)
252.376 .... 952 packets received, 7757 bps, 96.96%, Err 0 (0.0e+00)
254.486 .... 960 packets received, 7757 bps, 96.96%, Err 0 (0.0e+00)
256.594 .... 968 packets received, 7757 bps, 96.97%, Err 0 (0.0e+00)
258.704 .... 976 packets received, 7757 bps, 96.97%, Err 0 (0.0e+00)
260.810 .... 984 packets received, 7758 bps, 96.97%, Err 0 (0.0e+00)
262.934 .... 992 packets received, 7757 bps, 96.96%, Err 0 (0.0e+00)
265.046 .... 1000 packets received, 7757 bps, 96.96%, Err 0 (0.0e+00)
267.157 .... 1008 packets received, 7757 bps, 96.96%, Err 0 (0.0e+00)
269.282 .... 1016 packets received, 7757 bps, 96.96%, Err 0 (0.0e+00)
271.382 .... 1024 packets received, 7757 bps, 96.96%, Err 0 (0.0e+00)
273.498 .... 1032 packets received, 7757 bps, 96.96%, Err 0 (0.0e+00)
275.602 .... 1040 packets received, 7757 bps, 96.97%, Err 0 (0.0e+00)
277.724 .... 1048 packets received, 7757 bps, 96.96%, Err 0 (0.0e+00)
279.827 .... 1056 packets received, 7757 bps, 96.97%, Err 0 (0.0e+00)
281.947 .... 1064 packets received, 7757 bps, 96.96%, Err 0 (0.0e+00)
284.072 .... 1072 packets received, 7757 bps, 96.96%, Err 0 (0.0e+00)
286.174 .... 1080 packets received, 7757 bps, 96.96%, Err 0 (0.0e+00)
288.279 .... 1088 packets received, 7757 bps, 96.96%, Err 0 (0.0e+00)
290.386 .... 1096 packets received, 7757 bps, 96.97%, Err 0 (0.0e+00)
292.521 .... 1104 packets received, 7757 bps, 96.96%, Err 0 (0.0e+00)
294.615 .... 1112 packets received, 7757 bps, 96.96%, Err 0 (0.0e+00)
296.743 .... 1120 packets received, 7757 bps, 96.96%, Err 0 (0.0e+00)
298.837 .... 1128 packets received, 7757 bps, 96.97%, Err 0 (0.0e+00)
300.962 .... 1136 packets received, 7757 bps, 96.96%, Err 0 (0.0e+00)
303.065 .... 1144 packets received, 7757 bps, 96.96%, Err 0 (0.0e+00)
305.195 .... 1152 packets received, 7757 bps, 96.96%, Err 0 (0.0e+00)
307.271 .... 1160 packets received, 7758 bps, 96.97%, Err 0 (0.0e+00)
309.390 .... 1168 packets received, 7757 bps, 96.97%, Err 0 (0.0e+00)
311.513 .... 1176 packets received, 7757 bps, 96.96%, Err 0 (0.0e+00)
313.639 .... 1184 packets received, 7757 bps, 96.96%, Err 0 (0.0e+00)
315.741 .... 1192 packets received, 7757 bps, 96.96%, Err 0 (0.0e+00)
317.843 .... 1200 packets received, 7757 bps, 96.97%, Err 0 (0.0e+00)
319.963 .... 1208 packets received, 7757 bps, 96.96%, Err 0 (0.0e+00)
322.076 .... 1216 packets received, 7757 bps, 96.96%, Err 0 (0.0e+00)
324.187 .... 1224 packets received, 7757 bps, 96.96%, Err 0 (0.0e+00)
326.294 .... 1232 packets received, 7757 bps, 96.97%, Err 0 (0.0e+00)
328.414 .... 1240 packets received, 7757 bps, 96.96%, Err 0 (0.0e+00)
330.534 .... 1248 packets received, 7757 bps, 96.96%, Err 0 (0.0e+00)
332.645 .... 1256 packets received, 7757 bps, 96.96%, Err 0 (0.0e+00)
334.749 .... 1264 packets received, 7757 bps, 96.96%, Err 0 (0.0e+00)
336.852 .... 1272 packets received, 7757 bps, 96.97%, Err 0 (0.0e+00)
338.970 .... 1280 packets received, 7757 bps, 96.96%, Err 0 (0.0e+00)
341.079 .... 1288 packets received, 7757 bps, 96.97%, Err 0 (0.0e+00)
343.196 .... 1296 packets received, 7757 bps, 96.96%, Err 0 (0.0e+00)
345.315 .... 1304 packets received, 7757 bps, 96.96%, Err 0 (0.0e+00)
347.409 .... 1312 packets received, 7757 bps, 96.97%, Err 0 (0.0e+00)
349.541 .... 1320 packets received, 7757 bps, 96.96%, Err 0 (0.0e+00)
351.649 .... 1328 packets received, 7757 bps, 96.96%, Err 0 (0.0e+00)
353.750 .... 1336 packets received, 7757 bps, 96.97%, Err 0 (0.0e+00)
355.860 .... 1344 packets received, 7757 bps, 96.97%, Err 0 (0.0e+00)
357.980 .... 1352 packets received, 7757 bps, 96.96%, Err 0 (0.0e+00)
360.075 .... 1360 packets received, 7758 bps, 96.97%, Err 0 (0.0e+00)
362.204 .... 1368 packets received, 7757 bps, 96.96%, Err 0 (0.0e+00)
364.329 .... 1376 packets received, 7757 bps, 96.96%, Err 0 (0.0e+00)
366.418 .... 1384 packets received, 7757 bps, 96.97%, Err 0 (0.0e+00)
368.551 .... 1392 packets received, 7757 bps, 96.96%, Err 0 (0.0e+00)
370.657 .... 1400 packets received, 7757 bps, 96.96%, Err 0 (0.0e+00)
372.761 .... 1408 packets received, 7757 bps, 96.97%, Err 0 (0.0e+00)
374.863 .... 1416 packets received, 7757 bps, 96.97%, Err 0 (0.0e+00)
376.996 .... 1424 packets received, 7757 bps, 96.96%, Err 0 (0.0e+00)
379.100 .... 1432 packets received, 7757 bps, 96.96%, Err 0 (0.0e+00)
381.207 .... 1440 packets received, 7757 bps, 96.97%, Err 0 (0.0e+00)
383.321 .... 1448 packets received, 7757 bps, 96.97%, Err 0 (0.0e+00)
385.430 .... 1456 packets received, 7757 bps, 96.97%, Err 0 (0.0e+00)
387.530 .... 1464 packets received, 7758 bps, 96.97%, Err 0 (0.0e+00)
389.659 .... 1472 packets received, 7757 bps, 96.96%, Err 0 (0.0e+00)
391.775 .... 1480 packets received, 7757 bps, 96.96%, Err 0 (0.0e+00)
393.890 .... 1488 packets received, 7757 bps, 96.96%, Err 0 (0.0e+00)
395.997 .... 1496 packets received, 7757 bps, 96.96%, Err 0 (0.0e+00)
398.101 .... 1504 packets received, 7757 bps, 96.97%, Err 0 (0.0e+00)
400.214 .... 1512 packets received, 7757 bps, 96.97%, Err 0 (0.0e+00)
402.325 .... 1520 packets received, 7757 bps, 96.97%, Err 0 (0.0e+00)
404.437 .... 1528 packets received, 7757 bps, 96.97%, Err 0 (0.0e+00)
406.540 .... 1536 packets received, 7757 bps, 96.97%, Err 0 (0.0e+00)
408.666 .... 1544 packets received, 7757 bps, 96.97%, Err 0 (0.0e+00)
410.776 .... 1552 packets received, 7757 bps, 96.97%, Err 0 (0.0e+00)
412.882 .... 1560 packets received, 7757 bps, 96.97%, Err 0 (0.0e+00)
415.016 .... 1568 packets received, 7757 bps, 96.96%, Err 0 (0.0e+00)
417.115 .... 1576 packets received, 7757 bps, 96.97%, Err 0 (0.0e+00)
419.229 .... 1584 packets received, 7757 bps, 96.96%, Err 0 (0.0e+00)
421.338 .... 1592 packets received, 7757 bps, 96.97%, Err 0 (0.0e+00)
423.452 .... 1600 packets received, 7757 bps, 96.97%, Err 0 (0.0e+00)
425.548 .... 1608 packets received, 7758 bps, 96.97%, Err 0 (0.0e+00)
427.676 .... 1616 packets received, 7757 bps, 96.97%, Err 0 (0.0e+00)
429.792 .... 1624 packets received, 7757 bps, 96.96%, Err 0 (0.0e+00)
431.904 .... 1632 packets received, 7757 bps, 96.96%, Err 0 (0.0e+00)
434.011 .... 1640 packets received, 7757 bps, 96.97%, Err 0 (0.0e+00)
436.119 .... 1648 packets received, 7757 bps, 96.97%, Err 0 (0.0e+00)
438.235 .... 1656 packets received, 7757 bps, 96.97%, Err 0 (0.0e+00)
440.345 .... 1664 packets received, 7757 bps, 96.97%, Err 0 (0.0e+00)
442.465 .... 1672 packets received, 7757 bps, 96.96%, Err 0 (0.0e+00)
444.569 .... 1680 packets received, 7757 bps, 96.97%, Err 0 (0.0e+00)
446.686 .... 1688 packets received, 7757 bps, 96.96%, Err 0 (0.0e+00)
448.797 .... 1696 packets received, 7757 bps, 96.97%, Err 0 (0.0e+00)
450.908 .... 1704 packets received, 7757 bps, 96.97%, Err 0 (0.0e+00)
453.027 .... 1712 packets received, 7757 bps, 96.96%, Err 0 (0.0e+00)
455.129 .... 1720 packets received, 7757 bps, 96.97%, Err 0 (0.0e+00)
457.243 .... 1728 packets received, 7757 bps, 96.97%, Err 0 (0.0e+00)
459.339 .... 1736 packets received, 7758 bps, 96.97%, Err 0 (0.0e+00)
461.466 .... 1744 packets received, 7757 bps, 96.97%, Err 0 (0.0e+00)
463.582 .... 1752 packets received, 7757 bps, 96.97%, Err 0 (0.0e+00)
465.685 .... 1760 packets received, 7757 bps, 96.97%, Err 0 (0.0e+00)
467.805 .... 1768 packets received, 7757 bps, 96.97%, Err 0 (0.0e+00)
469.918 .... 1776 packets received, 7757 bps, 96.97%, Err 0 (0.0e+00)
472.026 .... 1784 packets received, 7757 bps, 96.97%, Err 0 (0.0e+00)
474.119 .... 1792 packets received, 7758 bps, 96.97%, Err 0 (0.0e+00)
476.243 .... 1800 packets received, 7757 bps, 96.97%, Err 0 (0.0e+00)
478.364 .... 1808 packets received, 7757 bps, 96.97%, Err 0 (0.0e+00)
480.466 .... 1816 packets received, 7757 bps, 96.97%, Err 0 (0.0e+00)
482.590 .... 1824 packets received, 7757 bps, 96.97%, Err 0 (0.0e+00)
484.682 .... 1832 packets received, 7758 bps, 96.97%, Err 0 (0.0e+00)
486.830 .... 1840 packets received, 7757 bps, 96.96%, Err 0 (0.0e+00)
488.917 .... 1848 packets received, 7757 bps, 96.97%, Err 0 (0.0e+00)
491.019 .... 1856 packets received, 7758 bps, 96.97%, Err 0 (0.0e+00)
493.144 .... 1864 packets received, 7757 bps, 96.97%, Err 0 (0.0e+00)
495.259 .... 1872 packets received, 7757 bps, 96.97%, Err 0 (0.0e+00)
497.368 .... 1880 packets received, 7757 bps, 96.97%, Err 0 (0.0e+00)
499.494 .... 1888 packets received, 7757 bps, 96.96%, Err 0 (0.0e+00)
501.578 .... 1896 packets received, 7758 bps, 96.97%, Err 0 (0.0e+00)
503.698 .... 1904 packets received, 7757 bps, 96.97%, Err 0 (0.0e+00)
505.821 .... 1912 packets received, 7757 bps, 96.97%, Err 0 (0.0e+00)
507.920 .... 1920 packets received, 7757 bps, 96.97%, Err 0 (0.0e+00)
510.035 .... 1928 packets received, 7757 bps, 96.97%, Err 0 (0.0e+00)
512.153 .... 1936 packets received, 7757 bps, 96.97%, Err 0 (0.0e+00)
514.264 .... 1944 packets received, 7757 bps, 96.97%, Err 0 (0.0e+00)
516.376 .... 1952 packets received, 7757 bps, 96.97%, Err 0 (0.0e+00)
518.490 .... 1960 packets received, 7757 bps, 96.97%, Err 0 (0.0e+00)
520.607 .... 1968 packets received, 7757 bps, 96.97%, Err 0 (0.0e+00)
522.713 .... 1976 packets received, 7757 bps, 96.97%, Err 0 (0.0e+00)
524.832 .... 1984 packets received, 7757 bps, 96.97%, Err 0 (0.0e+00)
526.935 .... 1992 packets received, 7757 bps, 96.97%, Err 0 (0.0e+00)
529.061 .... 2000 packets received, 7757 bps, 96.96%, Err 0 (0.0e+00)
531.148 .... 2008 packets received, 7758 bps, 96.97%, Err 0 (0.0e+00)
533.265 .... 2016 packets received, 7757 bps, 96.97%, Err 0 (0.0e+00)
535.379 .... 2024 packets received, 7757 bps, 96.97%, Err 0 (0.0e+00)
537.503 .... 2032 packets received, 7757 bps, 96.97%, Err 0 (0.0e+00)
539.611 .... 2040 packets received, 7757 bps, 96.97%, Err 0 (0.0e+00)
541.722 .... 2048 packets received, 7757 bps, 96.97%, Err 0 (0.0e+00)
543.836 .... 2056 packets received, 7757 bps, 96.97%, Err 0 (0.0e+00)
545.939 .... 2064 packets received, 7757 bps, 96.97%, Err 0 (0.0e+00)
548.055 .... 2072 packets received, 7757 bps, 96.97%, Err 0 (0.0e+00)
550.161 .... 2080 packets received, 7757 bps, 96.97%, Err 0 (0.0e+00)
552.284 .... 2088 packets received, 7757 bps, 96.97%, Err 0 (0.0e+00)
554.386 .... 2096 packets received, 7757 bps, 96.97%, Err 0 (0.0e+00)
556.502 .... 2104 packets received, 7757 bps, 96.97%, Err 0 (0.0e+00)
558.614 .... 2112 packets received, 7757 bps, 96.97%, Err 0 (0.0e+00)
560.728 .... 2120 packets received, 7757 bps, 96.97%, Err 0 (0.0e+00)
562.842 .... 2128 packets received, 7757 bps, 96.97%, Err 0 (0.0e+00)
564.960 .... 2136 packets received, 7757 bps, 96.97%, Err 0 (0.0e+00)
567.055 .... 2144 packets received, 7757 bps, 96.97%, Err 0 (0.0e+00)
569.185 .... 2152 packets received, 7757 bps, 96.97%, Err 0 (0.0e+00)
571.279 .... 2160 packets received, 7757 bps, 96.97%, Err 0 (0.0e+00)
573.408 .... 2168 packets received, 7757 bps, 96.97%, Err 0 (0.0e+00)
575.507 .... 2176 packets received, 7757 bps, 96.97%, Err 0 (0.0e+00)
577.625 .... 2184 packets received, 7757 bps, 96.97%, Err 0 (0.0e+00)
579.751 .... 2192 packets received, 7757 bps, 96.96%, Err 0 (0.0e+00)
581.833 .... 2200 packets received, 7758 bps, 96.97%, Err 0 (0.0e+00)
583.973 .... 2208 packets received, 7757 bps, 96.96%, Err 0 (0.0e+00)
586.080 .... 2216 packets received, 7757 bps, 96.97%, Err 0 (0.0e+00)
588.173 .... 2224 packets received, 7758 bps, 96.97%, Err 0 (0.0e+00)
590.299 .... 2232 packets received, 7757 bps, 96.97%, Err 0 (0.0e+00)
592.401 .... 2240 packets received, 7757 bps, 96.97%, Err 0 (0.0e+00)
594.519 .... 2248 packets received, 7757 bps, 96.97%, Err 0 (0.0e+00)
596.636 .... 2256 packets received, 7757 bps, 96.97%, Err 0 (0.0e+00)
598.728 .... 2264 packets received, 7758 bps, 96.97%, Err 0 (0.0e+00)
600.856 .... 2272 packets received, 7757 bps, 96.97%, Err 0 (0.0e+00)
602.951 .... 2280 packets received, 7758 bps, 96.97%, Err 0 (0.0e+00)
605.105 .... 2288 packets received, 7757 bps, 96.96%, Err 0 (0.0e+00)
607.183 .... 2296 packets received, 7757 bps, 96.97%, Err 0 (0.0e+00)
609.305 .... 2304 packets received, 7757 bps, 96.97%, Err 0 (0.0e+00)
611.416 .... 2312 packets received, 7757 bps, 96.97%, Err 0 (0.0e+00)
613.514 .... 2320 packets received, 7758 bps, 96.97%, Err 0 (0.0e+00)
615.645 .... 2328 packets received, 7757 bps, 96.97%, Err 0 (0.0e+00)
617.758 .... 2336 packets received, 7757 bps, 96.97%, Err 0 (0.0e+00)
619.871 .... 2344 packets received, 7757 bps, 96.97%, Err 0 (0.0e+00)
621.974 .... 2352 packets received, 7757 bps, 96.97%, Err 0 (0.0e+00)
624.090 .... 2360 packets received, 7757 bps, 96.97%, Err 0 (0.0e+00)
626.202 .... 2368 packets received, 7757 bps, 96.97%, Err 0 (0.0e+00)
628.326 .... 2376 packets received, 7757 bps, 96.97%, Err 0 (0.0e+00)
630.420 .... 2384 packets received, 7757 bps, 96.97%, Err 0 (0.0e+00)
632.539 .... 2392 packets received, 7757 bps, 96.97%, Err 0 (0.0e+00)
634.647 .... 2400 packets received, 7757 bps, 96.97%, Err 0 (0.0e+00)
636.768 .... 2408 packets received, 7757 bps, 96.97%, Err 0 (0.0e+00)
638.864 .... 2416 packets received, 7757 bps, 96.97%, Err 0 (0.0e+00)
640.989 .... 2424 packets received, 7757 bps, 96.97%, Err 0 (0.0e+00)
643.093 .... 2432 packets received, 7757 bps, 96.97%, Err 0 (0.0e+00)
645.223 .... 2440 packets received, 7757 bps, 96.97%, Err 0 (0.0e+00)
647.321 .... 2448 packets received, 7757 bps, 96.97%, Err 0 (0.0e+00)
649.434 .... 2456 packets received, 7757 bps, 96.97%, Err 0 (0.0e+00)
651.543 .... 2464 packets received, 7757 bps, 96.97%, Err 0 (0.0e+00)
653.662 .... 2472 packets received, 7757 bps, 96.97%, Err 0 (0.0e+00)
655.764 .... 2480 packets received, 7757 bps, 96.97%, Err 0 (0.0e+00)
657.864 .... 2488 packets received, 7758 bps, 96.97%, Err 0 (0.0e+00)
660.006 .... 2496 packets received, 7757 bps, 96.97%, Err 0 (0.0e+00)
662.101 .... 2504 packets received, 7757 bps, 96.97%, Err 0 (0.0e+00)
664.204 .... 2512 packets received, 7758 bps, 96.97%, Err 0 (0.0e+00)
666.337 .... 2520 packets received, 7757 bps, 96.97%, Err 0 (0.0e+00)
668.437 .... 2528 packets received, 7757 bps, 96.97%, Err 0 (0.0e+00)
670.557 .... 2536 packets received, 7757 bps, 96.97%, Err 0 (0.0e+00)
672.687 .... 2544 packets received, 7757 bps, 96.96%, Err 0 (0.0e+00)
674.781 .... 2552 packets received, 7757 bps, 96.97%, Err 0 (0.0e+00)
676.894 .... 2560 packets received, 7757 bps, 96.97%, Err 0 (0.0e+00)
679.002 .... 2568 packets received, 7757 bps, 96.97%, Err 0 (0.0e+00)
681.119 .... 2576 packets received, 7757 bps, 96.97%, Err 0 (0.0e+00)
683.227 .... 2584 packets received, 7757 bps, 96.97%, Err 0 (0.0e+00)
685.333 .... 2592 packets received, 7757 bps, 96.97%, Err 0 (0.0e+00)
687.442 .... 2600 packets received, 7757 bps, 96.97%, Err 0 (0.0e+00)
689.575 .... 2608 packets received, 7757 bps, 96.97%, Err 0 (0.0e+00)
691.676 .... 2616 packets received, 7757 bps, 96.97%, Err 0 (0.0e+00)
693.792 .... 2624 packets received, 7757 bps, 96.97%, Err 0 (0.0e+00)
695.883 .... 2632 packets received, 7758 bps, 96.97%, Err 0 (0.0e+00)
698.008 .... 2640 packets received, 7757 bps, 96.97%, Err 0 (0.0e+00)
700.108 .... 2648 packets received, 7758 bps, 96.97%, Err 0 (0.0e+00)
702.232 .... 2656 packets received, 7757 bps, 96.97%, Err 0 (0.0e+00)
704.340 .... 2664 packets received, 7757 bps, 96.97%, Err 0 (0.0e+00)
706.442 .... 2672 packets received, 7758 bps, 96.97%, Err 0 (0.0e+00)
708.561 .... 2680 packets received, 7757 bps, 96.97%, Err 0 (0.0e+00)
710.668 .... 2688 packets received, 7758 bps, 96.97%, Err 0 (0.0e+00)
712.812 .... 2696 packets received, 7757 bps, 96.96%, Err 0 (0.0e+00)
714.924 .... 2704 packets received, 7757 bps, 96.96%, Err 0 (0.0e+00)
717.018 .... 2712 packets received, 7757 bps, 96.97%, Err 0 (0.0e+00)
719.125 .... 2720 packets received, 7757 bps, 96.97%, Err 0 (0.0e+00)
721.235 .... 2728 packets received, 7757 bps, 96.97%, Err 0 (0.0e+00)
723.358 .... 2736 packets received, 7757 bps, 96.97%, Err 0 (0.0e+00)
725.465 .... 2744 packets received, 7757 bps, 96.97%, Err 0 (0.0e+00)
727.580 .... 2752 packets received, 7757 bps, 96.97%, Err 0 (0.0e+00)
729.691 .... 2760 packets received, 7757 bps, 96.97%, Err 0 (0.0e+00)
731.804 .... 2768 packets received, 7757 bps, 96.97%, Err 0 (0.0e+00)
733.926 .... 2776 packets received, 7757 bps, 96.97%, Err 0 (0.0e+00)
736.025 .... 2784 packets received, 7757 bps, 96.97%, Err 0 (0.0e+00)
738.132 .... 2792 packets received, 7757 bps, 96.97%, Err 0 (0.0e+00)
740.249 .... 2800 packets received, 7757 bps, 96.97%, Err 0 (0.0e+00)
742.353 .... 2808 packets received, 7757 bps, 96.97%, Err 0 (0.0e+00)
744.470 .... 2816 packets received, 7757 bps, 96.97%, Err 0 (0.0e+00)
746.575 .... 2824 packets received, 7758 bps, 96.97%, Err 0 (0.0e+00)
748.694 .... 2832 packets received, 7757 bps, 96.97%, Err 0 (0.0e+00)
750.809 .... 2840 packets received, 7757 bps, 96.97%, Err 0 (0.0e+00)
752.919 .... 2848 packets received, 7757 bps, 96.97%, Err 0 (0.0e+00)
755.034 .... 2856 packets received, 7757 bps, 96.97%, Err 0 (0.0e+00)
757.144 .... 2864 packets received, 7757 bps, 96.97%, Err 0 (0.0e+00)
759.264 .... 2872 packets received, 7757 bps, 96.97%, Err 0 (0.0e+00)
761.365 .... 2880 packets received, 7757 bps, 96.97%, Err 0 (0.0e+00)
763.482 .... 2888 packets received, 7757 bps, 96.97%, Err 0 (0.0e+00)
765.608 .... 2896 packets received, 7757 bps, 96.97%, Err 0 (0.0e+00)
767.715 .... 2904 packets received, 7757 bps, 96.97%, Err 0 (0.0e+00)
769.815 .... 2912 packets received, 7757 bps, 96.97%, Err 0 (0.0e+00)
771.925 .... 2920 packets received, 7757 bps, 96.97%, Err 0 (0.0e+00)
774.025 .... 2928 packets received, 7758 bps, 96.97%, Err 0 (0.0e+00)
776.168 .... 2936 packets received, 7757 bps, 96.97%, Err 0 (0.0e+00)
778.272 .... 2944 packets received, 7757 bps, 96.97%, Err 0 (0.0e+00)
780.372 .... 2952 packets received, 7757 bps, 96.97%, Err 0 (0.0e+00)
782.493 .... 2960 packets received, 7757 bps, 96.97%, Err 0 (0.0e+00)
784.600 .... 2968 packets received, 7757 bps, 96.97%, Err 0 (0.0e+00)
786.725 .... 2976 packets received, 7757 bps, 96.97%, Err 0 (0.0e+00)
788.829 .... 2984 packets received, 7757 bps, 96.97%, Err 0 (0.0e+00)
790.937 .... 2992 packets received, 7757 bps, 96.97%, Err 0 (0.0e+00)
793.054 .... 3000 packets received, 7757 bps, 96.97%, Err 0 (0.0e+00)
795.162 .... 3008 packets received, 7757 bps, 96.97%, Err 0 (0.0e+00)
797.274 .... 3016 packets received, 7757 bps, 96.97%, Err 0 (0.0e+00)
799.376 .... 3024 packets received, 7757 bps, 96.97%, Err 0 (0.0e+00)
801.500 .... 3032 packets received, 7757 bps, 96.97%, Err 0 (0.0e+00)
803.593 .... 3040 packets received, 7758 bps, 96.97%, Err 0 (0.0e+00)
805.718 .... 3048 packets received, 7757 bps, 96.97%, Err 0 (0.0e+00)
807.845 .... 3056 packets received, 7757 bps, 96.97%, Err 0 (0.0e+00)
809.943 .... 3064 packets received, 7757 bps, 96.97%, Err 0 (0.0e+00)
812.060 .... 3072 packets received, 7757 bps, 96.97%, Err 0 (0.0e+00)
814.177 .... 3080 packets received, 7757 bps, 96.97%, Err 0 (0.0e+00)
816.274 .... 3088 packets received, 7757 bps, 96.97%, Err 0 (0.0e+00)
818.389 .... 3096 packets received, 7757 bps, 96.97%, Err 0 (0.0e+00)
820.508 .... 3104 packets received, 7757 bps, 96.97%, Err 0 (0.0e+00)
822.612 .... 3112 packets received, 7757 bps, 96.97%, Err 0 (0.0e+00)
824.723 .... 3120 packets received, 7757 bps, 96.97%, Err 0 (0.0e+00)
826.843 .... 3128 packets received, 7757 bps, 96.97%, Err 0 (0.0e+00)
828.945 .... 3136 packets received, 7757 bps, 96.97%, Err 0 (0.0e+00)
831.070 .... 3144 packets received, 7757 bps, 96.97%, Err 0 (0.0e+00)
833.177 .... 3152 packets received, 7757 bps, 96.97%, Err 0 (0.0e+00)
835.282 .... 3160 packets received, 7757 bps, 96.97%, Err 0 (0.0e+00)
837.407 .... 3168 packets received, 7757 bps, 96.97%, Err 0 (0.0e+00)
839.505 .... 3176 packets received, 7757 bps, 96.97%, Err 0 (0.0e+00)
841.629 .... 3184 packets received, 7757 bps, 96.97%, Err 0 (0.0e+00)
843.742 .... 3192 packets received, 7757 bps, 96.97%, Err 0 (0.0e+00)
845.845 .... 3200 packets received, 7757 bps, 96.97%, Err 0 (0.0e+00)
847.963 .... 3208 packets received, 7757 bps, 96.97%, Err 0 (0.0e+00)
850.084 .... 3216 packets received, 7757 bps, 96.97%, Err 0 (0.0e+00)
852.178 .... 3224 packets received, 7757 bps, 96.97%, Err 0 (0.0e+00)
854.295 .... 3232 packets received, 7757 bps, 96.97%, Err 0 (0.0e+00)
856.411 .... 3240 packets received, 7757 bps, 96.97%, Err 0 (0.0e+00)
858.515 .... 3248 packets received, 7757 bps, 96.97%, Err 0 (0.0e+00)
860.624 .... 3256 packets received, 7758 bps, 96.97%, Err 0 (0.0e+00)
862.753 .... 3264 packets received, 7757 bps, 96.97%, Err 0 (0.0e+00)
864.853 .... 3272 packets received, 7757 bps, 96.97%, Err 0 (0.0e+00)
866.974 .... 3280 packets received, 7757 bps, 96.97%, Err 0 (0.0e+00)
869.084 .... 3288 packets received, 7757 bps, 96.97%, Err 0 (0.0e+00)
871.198 .... 3296 packets received, 7757 bps, 96.97%, Err 0 (0.0e+00)
873.297 .... 3304 packets received, 7758 bps, 96.97%, Err 0 (0.0e+00)
875.413 .... 3312 packets received, 7757 bps, 96.97%, Err 0 (0.0e+00)
877.540 .... 3320 packets received, 7757 bps, 96.97%, Err 0 (0.0e+00)
879.637 .... 3328 packets received, 7757 bps, 96.97%, Err 0 (0.0e+00)
881.743 .... 3336 packets received, 7758 bps, 96.97%, Err 0 (0.0e+00)
883.862 .... 3344 packets received, 7757 bps, 96.97%, Err 0 (0.0e+00)
885.970 .... 3352 packets received, 7757 bps, 96.97%, Err 0 (0.0e+00)
888.099 .... 3360 packets received, 7757 bps, 96.97%, Err 0 (0.0e+00)
890.207 .... 3368 packets received, 7757 bps, 96.97%, Err 0 (0.0e+00)
892.335 .... 3376 packets received, 7757 bps, 96.97%, Err 0 (0.0e+00)
894.438 .... 3384 packets received, 7757 bps, 96.97%, Err 0 (0.0e+00)
896.526 .... 3392 packets received, 7758 bps, 96.97%, Err 0 (0.0e+00)
898.646 .... 3400 packets received, 7757 bps, 96.97%, Err 0 (0.0e+00)
900.754 .... 3408 packets received, 7757 bps, 96.97%, Err 0 (0.0e+00)
902.878 .... 3416 packets received, 7757 bps, 96.97%, Err 0 (0.0e+00)
904.990 .... 3424 packets received, 7757 bps, 96.97%, Err 0 (0.0e+00)
907.094 .... 3432 packets received, 7757 bps, 96.97%, Err 0 (0.0e+00)
909.205 .... 3440 packets received, 7757 bps, 96.97%, Err 0 (0.0e+00)
911.321 .... 3448 packets received, 7757 bps, 96.97%, Err 0 (0.0e+00)
913.426 .... 3456 packets received, 7757 bps, 96.97%, Err 0 (0.0e+00)
915.540 .... 3464 packets received, 7757 bps, 96.97%, Err 0 (0.0e+00)
917.656 .... 3472 packets received, 7757 bps, 96.97%, Err 0 (0.0e+00)
919.767 .... 3480 packets received, 7757 bps, 96.97%, Err 0 (0.0e+00)
921.880 .... 3488 packets received, 7757 bps, 96.97%, Err 0 (0.0e+00)
923.998 .... 3496 packets received, 7757 bps, 96.97%, Err 0 (0.0e+00)
926.108 .... 3504 packets received, 7757 bps, 96.97%, Err 0 (0.0e+00)
928.222 .... 3512 packets received, 7757 bps, 96.97%, Err 0 (0.0e+00)
930.334 .... 3520 packets received, 7757 bps, 96.97%, Err 0 (0.0e+00)
932.438 .... 3528 packets received, 7757 bps, 96.97%, Err 0 (0.0e+00)
934.547 .... 3536 packets received, 7757 bps, 96.97%, Err 0 (0.0e+00)
936.686 .... 3544 packets received, 7757 bps, 96.97%, Err 0 (0.0e+00)
938.779 .... 3552 packets received, 7757 bps, 96.97%, Err 0 (0.0e+00)
940.899 .... 3560 packets received, 7757 bps, 96.97%, Err 0 (0.0e+00)
942.994 .... 3568 packets received, 7757 bps, 96.97%, Err 0 (0.0e+00)
945.109 .... 3576 packets received, 7757 bps, 96.97%, Err 0 (0.0e+00)
947.221 .... 3584 packets received, 7757 bps, 96.97%, Err 0 (0.0e+00)
949.341 .... 3592 packets received, 7757 bps, 96.97%, Err 0 (0.0e+00)
951.450 .... 3600 packets received, 7757 bps, 96.97%, Err 0 (0.0e+00)
953.566 .... 3608 packets received, 7757 bps, 96.97%, Err 0 (0.0e+00)
955.688 .... 3616 packets received, 7757 bps, 96.97%, Err 0 (0.0e+00)
957.785 .... 3624 packets received, 7757 bps, 96.97%, Err 0 (0.0e+00)
959.898 .... 3632 packets received, 7757 bps, 96.97%, Err 0 (0.0e+00)
962.016 .... 3640 packets received, 7757 bps, 96.97%, Err 0 (0.0e+00)
964.121 .... 3648 packets received, 7757 bps, 96.97%, Err 0 (0.0e+00)
966.238 .... 3656 packets received, 7757 bps, 96.97%, Err 0 (0.0e+00)
968.337 .... 3664 packets received, 7758 bps, 96.97%, Err 0 (0.0e+00)
970.464 .... 3672 packets received, 7757 bps, 96.97%, Err 0 (0.0e+00)
972.572 .... 3680 packets received, 7757 bps, 96.97%, Err 0 (0.0e+00)
974.689 .... 3688 packets received, 7757 bps, 96.97%, Err 0 (0.0e+00)
976.786 .... 3696 packets received, 7757 bps, 96.97%, Err 0 (0.0e+00)
978.905 .... 3704 packets received, 7757 bps, 96.97%, Err 0 (0.0e+00)
981.011 .... 3712 packets received, 7757 bps, 96.97%, Err 0 (0.0e+00)
983.138 .... 3720 packets received, 7757 bps, 96.97%, Err 0 (0.0e+00)
985.238 .... 3728 packets received, 7757 bps, 96.97%, Err 0 (0.0e+00)
987.352 .... 3736 packets received, 7757 bps, 96.97%, Err 0 (0.0e+00)
989.463 .... 3744 packets received, 7757 bps, 96.97%, Err 0 (0.0e+00)
991.578 .... 3752 packets received, 7757 bps, 96.97%, Err 0 (0.0e+00)
993.691 .... 3760 packets received, 7757 bps, 96.97%, Err 0 (0.0e+00)
995.791 .... 3768 packets received, 7758 bps, 96.97%, Err 0 (0.0e+00)
997.915 .... 3776 packets received, 7757 bps, 96.97%, Err 0 (0.0e+00)
1000.031 .... 3784 packets received, 7757 bps, 96.97%, Err 0 (0.0e+00)
1002.134 .... 3792 packets received, 7757 bps, 96.97%, Err 0 (0.0e+00)
1004.259 .... 3800 packets received, 7757 bps, 96.97%, Err 0 (0.0e+00)
1006.364 .... 3808 packets received, 7757 bps, 96.97%, Err 0 (0.0e+00)
1008.490 .... 3816 packets received, 7757 bps, 96.97%, Err 0 (0.0e+00)
1010.609 .... 3824 packets received, 7757 bps, 96.97%, Err 0 (0.0e+00)
1012.687 .... 3832 packets received, 7758 bps, 96.97%, Err 0 (0.0e+00)
1014.793 .... 3840 packets received, 7758 bps, 96.97%, Err 0 (0.0e+00)
1016.919 .... 3848 packets received, 7757 bps, 96.97%, Err 0 (0.0e+00)
1019.026 .... 3856 packets received, 7757 bps, 96.97%, Err 0 (0.0e+00)
1021.134 .... 3864 packets received, 7758 bps, 96.97%, Err 0 (0.0e+00)
1023.252 .... 3872 packets received, 7757 bps, 96.97%, Err 0 (0.0e+00)
1025.367 .... 3880 packets received, 7757 bps, 96.97%, Err 0 (0.0e+00)
1027.483 .... 3888 packets received, 7757 bps, 96.97%, Err 0 (0.0e+00)
1029.598 .... 3896 packets received, 7757 bps, 96.97%, Err 0 (0.0e+00)
1031.711 .... 3904 packets received, 7757 bps, 96.97%, Err 0 (0.0e+00)
1033.812 .... 3912 packets received, 7757 bps, 96.97%, Err 0 (0.0e+00)
1035.926 .... 3920 packets received, 7757 bps, 96.97%, Err 0 (0.0e+00)
1038.033 .... 3928 packets received, 7758 bps, 96.97%, Err 0 (0.0e+00)
1040.152 .... 3936 packets received, 7757 bps, 96.97%, Err 0 (0.0e+00)
1042.256 .... 3944 packets received, 7758 bps, 96.97%, Err 0 (0.0e+00)
1044.377 .... 3952 packets received, 7757 bps, 96.97%, Err 0 (0.0e+00)
1046.492 .... 3960 packets received, 7757 bps, 96.97%, Err 0 (0.0e+00)
1048.594 .... 3968 packets received, 7758 bps, 96.97%, Err 0 (0.0e+00)
1050.724 .... 3976 packets received, 7757 bps, 96.97%, Err 0 (0.0e+00)
1052.825 .... 3984 packets received, 7757 bps, 96.97%, Err 0 (0.0e+00)
1054.933 .... 3992 packets received, 7757 bps, 96.97%, Err 0 (0.0e+00)
1057.052 .... 4000 packets received, 7757 bps, 96.97%, Err 0 (0.0e+00)
1059.156 .... 4008 packets received, 7757 bps, 96.97%, Err 0 (0.0e+00)
1061.277 .... 4016 packets received, 7757 bps, 96.97%, Err 0 (0.0e+00)
1063.399 .... 4024 packets received, 7757 bps, 96.97%, Err 0 (0.0e+00)
1065.503 .... 4032 packets received, 7757 bps, 96.97%, Err 0 (0.0e+00)
1067.621 .... 4040 packets received, 7757 bps, 96.97%, Err 0 (0.0e+00)
1069.727 .... 4048 packets received, 7757 bps, 96.97%, Err 0 (0.0e+00)
1071.828 .... 4056 packets received, 7757 bps, 96.97%, Err 0 (0.0e+00)
1073.949 .... 4064 packets received, 7757 bps, 96.97%, Err 0 (0.0e+00)
1076.052 .... 4072 packets received, 7757 bps, 96.97%, Err 0 (0.0e+00)
1078.170 .... 4080 packets received, 7757 bps, 96.97%, Err 0 (0.0e+00)
1080.287 .... 4088 packets received, 7757 bps, 96.97%, Err 0 (0.0e+00)
1082.386 .... 4096 packets received, 7758 bps, 96.97%, Err 0 (0.0e+00)
1084.513 .... 4104 packets received, 7757 bps, 96.97%, Err 0 (0.0e+00)
1086.608 .... 4112 packets received, 7758 bps, 96.97%, Err 0 (0.0e+00)
1088.716 .... 4120 packets received, 7758 bps, 96.97%, Err 0 (0.0e+00)
1090.854 .... 4128 packets received, 7757 bps, 96.97%, Err 0 (0.0e+00)
1092.956 .... 4136 packets received, 7757 bps, 96.97%, Err 0 (0.0e+00)
1095.064 .... 4144 packets received, 7757 bps, 96.97%, Err 0 (0.0e+00)
1097.187 .... 4152 packets received, 7757 bps, 96.97%, Err 0 (0.0e+00)
1099.285 .... 4160 packets received, 7757 bps, 96.97%, Err 0 (0.0e+00)
1101.399 .... 4168 packets received, 7757 bps, 96.97%, Err 0 (0.0e+00)
1103.515 .... 4176 packets received, 7757 bps, 96.97%, Err 0 (0.0e+00)
1105.623 .... 4184 packets received, 7757 bps, 96.97%, Err 0 (0.0e+00)
1107.740 .... 4192 packets received, 7757 bps, 96.97%, Err 0 (0.0e+00)
1109.841 .... 4200 packets received, 7758 bps, 96.97%, Err 0 (0.0e+00)
1111.966 .... 4208 packets received, 7757 bps, 96.97%, Err 0 (0.0e+00)
1114.065 .... 4216 packets received, 7758 bps, 96.97%, Err 0 (0.0e+00)
1116.178 .... 4224 packets received, 7758 bps, 96.97%, Err 0 (0.0e+00)
1118.310 .... 4232 packets received, 7757 bps, 96.97%, Err 0 (0.0e+00)
1120.405 .... 4240 packets received, 7757 bps, 96.97%, Err 0 (0.0e+00)
1122.522 .... 4248 packets received, 7757 bps, 96.97%, Err 0 (0.0e+00)
1124.634 .... 4256 packets received, 7757 bps, 96.97%, Err 0 (0.0e+00)
1126.747 .... 4264 packets received, 7757 bps, 96.97%, Err 0 (0.0e+00)
1128.862 .... 4272 packets received, 7757 bps, 96.97%, Err 0 (0.0e+00)
1130.971 .... 4280 packets received, 7757 bps, 96.97%, Err 0 (0.0e+00)
1133.082 .... 4288 packets received, 7757 bps, 96.97%, Err 0 (0.0e+00)
1135.195 .... 4296 packets received, 7757 bps, 96.97%, Err 0 (0.0e+00)
1137.313 .... 4304 packets received, 7757 bps, 96.97%, Err 0 (0.0e+00)
1139.410 .... 4312 packets received, 7758 bps, 96.97%, Err 0 (0.0e+00)
1141.532 .... 4320 packets received, 7757 bps, 96.97%, Err 0 (0.0e+00)
1143.641 .... 4328 packets received, 7757 bps, 96.97%, Err 0 (0.0e+00)
1145.764 .... 4336 packets received, 7757 bps, 96.97%, Err 0 (0.0e+00)
1147.885 .... 4344 packets received, 7757 bps, 96.97%, Err 0 (0.0e+00)
1149.967 .... 4352 packets received, 7758 bps, 96.97%, Err 0 (0.0e+00)
1152.083 .... 4360 packets received, 7758 bps, 96.97%, Err 0 (0.0e+00)
1154.224 .... 4368 packets received, 7757 bps, 96.97%, Err 0 (0.0e+00)
1156.318 .... 4376 packets received, 7757 bps, 96.97%, Err 0 (0.0e+00)
1158.421 .... 4384 packets received, 7757 bps, 96.97%, Err 0 (0.0e+00)
1160.536 .... 4392 packets received, 7757 bps, 96.97%, Err 0 (0.0e+00)
1162.652 .... 4400 packets received, 7757 bps, 96.97%, Err 0 (0.0e+00)
1164.775 .... 4408 packets received, 7757 bps, 96.97%, Err 0 (0.0e+00)
1166.859 .... 4416 packets received, 7758 bps, 96.97%, Err 0 (0.0e+00)
1168.990 .... 4424 packets received, 7757 bps, 96.97%, Err 0 (0.0e+00)
1171.081 .... 4432 packets received, 7758 bps, 96.97%, Err 0 (0.0e+00)
1173.214 .... 4440 packets received, 7757 bps, 96.97%, Err 0 (0.0e+00)
1175.307 .... 4448 packets received, 7758 bps, 96.97%, Err 0 (0.0e+00)
1177.438 .... 4456 packets received, 7757 bps, 96.97%, Err 0 (0.0e+00)
1179.547 .... 4464 packets received, 7757 bps, 96.97%, Err 0 (0.0e+00)
1181.639 .... 4472 packets received, 7758 bps, 96.97%, Err 0 (0.0e+00)
1183.760 .... 4480 packets received, 7758 bps, 96.97%, Err 0 (0.0e+00)
1185.886 .... 4488 packets received, 7757 bps, 96.97%, Err 0 (0.0e+00)
1187.995 .... 4496 packets received, 7757 bps, 96.97%, Err 0 (0.0e+00)
1190.101 .... 4504 packets received, 7757 bps, 96.97%, Err 0 (0.0e+00)
1192.223 .... 4512 packets received, 7757 bps, 96.97%, Err 0 (0.0e+00)
1194.334 .... 4520 packets received, 7757 bps, 96.97%, Err 0 (0.0e+00)
1196.441 .... 4528 packets received, 7757 bps, 96.97%, Err 0 (0.0e+00)
1198.557 .... 4536 packets received, 7757 bps, 96.97%, Err 0 (0.0e+00)
1200.660 .... 4544 packets received, 7757 bps, 96.97%, Err 0 (0.0e+00)
1202.776 .... 4552 packets received, 7757 bps, 96.97%, Err 0 (0.0e+00)
1204.879 .... 4560 packets received, 7758 bps, 96.97%, Err 0 (0.0e+00)
1206.994 .... 4568 packets received, 7758 bps, 96.97%, Err 0 (0.0e+00)
1209.110 .... 4576 packets received, 7757 bps, 96.97%, Err 0 (0.0e+00)
1211.221 .... 4584 packets received, 7757 bps, 96.97%, Err 0 (0.0e+00)
1213.351 .... 4592 packets received, 7757 bps, 96.97%, Err 0 (0.0e+00)
1215.451 .... 4600 packets received, 7757 bps, 96.97%, Err 0 (0.0e+00)
1217.555 .... 4608 packets received, 7758 bps, 96.97%, Err 0 (0.0e+00)
1219.675 .... 4616 packets received, 7757 bps, 96.97%, Err 0 (0.0e+00)
1221.792 .... 4624 packets received, 7757 bps, 96.97%, Err 0 (0.0e+00)
1223.893 .... 4632 packets received, 7757 bps, 96.97%, Err 0 (0.0e+00)
1226.001 .... 4640 packets received, 7758 bps, 96.97%, Err 0 (0.0e+00)
1228.133 .... 4648 packets received, 7757 bps, 96.97%, Err 0 (0.0e+00)
1230.251 .... 4656 packets received, 7757 bps, 96.97%, Err 0 (0.0e+00)
1232.338 .... 4664 packets received, 7758 bps, 96.97%, Err 0 (0.0e+00)
1234.456 .... 4672 packets received, 7757 bps, 96.97%, Err 0 (0.0e+00)
1236.566 .... 4680 packets received, 7757 bps, 96.97%, Err 0 (0.0e+00)
1238.668 .... 4688 packets received, 7758 bps, 96.97%, Err 0 (0.0e+00)
1240.784 .... 4696 packets received, 7758 bps, 96.97%, Err 0 (0.0e+00)
1242.924 .... 4704 packets received, 7757 bps, 96.97%, Err 0 (0.0e+00)
1245.031 .... 4712 packets received, 7757 bps, 96.97%, Err 0 (0.0e+00)
1247.127 .... 4720 packets received, 7757 bps, 96.97%, Err 0 (0.0e+00)
1249.258 .... 4728 packets received, 7757 bps, 96.97%, Err 0 (0.0e+00)
1251.346 .... 4736 packets received, 7758 bps, 96.97%, Err 0 (0.0e+00)
1253.468 .... 4744 packets received, 7757 bps, 96.97%, Err 0 (0.0e+00)
1255.583 .... 4752 packets received, 7757 bps, 96.97%, Err 0 (0.0e+00)
1257.683 .... 4760 packets received, 7758 bps, 96.97%, Err 0 (0.0e+00)
1259.825 .... 4768 packets received, 7757 bps, 96.97%, Err 0 (0.0e+00)
1261.924 .... 4776 packets received, 7757 bps, 96.97%, Err 0 (0.0e+00)
1264.027 .... 4784 packets received, 7757 bps, 96.97%, Err 0 (0.0e+00)
1266.159 .... 4792 packets received, 7757 bps, 96.97%, Err 0 (0.0e+00)
1268.253 .... 4800 packets received, 7757 bps, 96.97%, Err 0 (0.0e+00)
1270.363 .... 4808 packets received, 7757 bps, 96.97%, Err 0 (0.0e+00)
1272.465 .... 4816 packets received, 7758 bps, 96.97%, Err 0 (0.0e+00)
1274.580 .... 4824 packets received, 7758 bps, 96.97%, Err 0 (0.0e+00)
1276.692 .... 4832 packets received, 7758 bps, 96.97%, Err 0 (0.0e+00)
1278.809 .... 4840 packets received, 7757 bps, 96.97%, Err 0 (0.0e+00)
1280.922 .... 4848 packets received, 7757 bps, 96.97%, Err 0 (0.0e+00)
1283.038 .... 4856 packets received, 7757 bps, 96.97%, Err 0 (0.0e+00)
1285.166 .... 4864 packets received, 7757 bps, 96.97%, Err 0 (0.0e+00)
1287.253 .... 4872 packets received, 7757 bps, 96.97%, Err 0 (0.0e+00)
1289.365 .... 4880 packets received, 7757 bps, 96.97%, Err 0 (0.0e+00)
1291.490 .... 4888 packets received, 7757 bps, 96.97%, Err 0 (0.0e+00)
1293.588 .... 4896 packets received, 7758 bps, 96.97%, Err 0 (0.0e+00)
1295.711 .... 4904 packets received, 7757 bps, 96.97%, Err 0 (0.0e+00)
1297.819 .... 4912 packets received, 7757 bps, 96.97%, Err 0 (0.0e+00)
1299.942 .... 4920 packets received, 7757 bps, 96.97%, Err 0 (0.0e+00)
1302.064 .... 4928 packets received, 7757 bps, 96.97%, Err 0 (0.0e+00)
1304.146 .... 4936 packets received, 7758 bps, 96.97%, Err 0 (0.0e+00)
1306.288 .... 4944 packets received, 7757 bps, 96.97%, Err 0 (0.0e+00)
1308.385 .... 4952 packets received, 7757 bps, 96.97%, Err 0 (0.0e+00)
1310.509 .... 4960 packets received, 7757 bps, 96.97%, Err 0 (0.0e+00)
1312.548 TCP Disconnected.
