000.000 =============================================================
000.000                     Station B                               
000.000 -------------------------------------------------------------
000.000 Protocol.lib, version 4.0, jiangyanjun0718@bupt.edu.cn
000.000 Channel: 8000 bps, 270 ms propagation delay, bit error rate 1.0E-05
000.000 Log file "b.log", TCP port 59144, debug mask 0x00
000.000 Station B is connecting station A (TCP port 59144) ... Done.
000.579 New epoch: Thu Apr 13 21:38:52 2023
000.579 =================================================================
000.579 
000.579 Designed by Li Ruobin, build: Apr 13 2023  17:16:51
002.977 .... 8 packets received, 7714 bps, 96.42%, Err 0 (0.0e+00)
005.089 .... 16 packets received, 7737 bps, 96.72%, Err 0 (0.0e+00)
007.472 .... 21 packets received, 6498 bps, 81.22%, Err 1 (1.8e-05)
009.567 .... 32 packets received, 7521 bps, 94.01%, Err 1 (1.4e-05)
011.685 .... 40 packets received, 7563 bps, 94.53%, Err 1 (1.1e-05)
013.812 .... 48 packets received, 7586 bps, 94.82%, Err 1 (9.5e-06)
015.935 .... 56 packets received, 7604 bps, 95.05%, Err 1 (8.2e-06)
018.033 .... 64 packets received, 7629 bps, 95.37%, Err 1 (7.2e-06)
020.161 .... 72 packets received, 7637 bps, 95.46%, Err 1 (6.4e-06)
022.258 .... 80 packets received, 7654 bps, 95.68%, Err 1 (5.8e-06)
024.371 .... 88 packets received, 7663 bps, 95.79%, Err 1 (5.3e-06)
026.460 .... 96 packets received, 7678 bps, 95.97%, Err 1 (4.8e-06)
029.636 .... 104 packets received, 7400 bps, 92.50%, Err 3 (1.3e-05)
031.749 .... 114 packets received, 7557 bps, 94.46%, Err 3 (1.2e-05)
033.864 .... 122 packets received, 7569 bps, 94.61%, Err 3 (1.1e-05)
035.996 .... 130 packets received, 7576 bps, 94.70%, Err 3 (1.1e-05)
038.082 .... 138 packets received, 7592 bps, 94.89%, Err 3 (1.0e-05)
041.250 .... 146 packets received, 7402 bps, 92.52%, Err 4 (1.2e-05)
043.370 .... 156 packets received, 7514 bps, 93.93%, Err 5 (1.5e-05)
045.471 .... 164 packets received, 7528 bps, 94.10%, Err 5 (1.4e-05)
047.577 .... 172 packets received, 7539 bps, 94.24%, Err 5 (1.3e-05)
049.718 .... 180 packets received, 7544 bps, 94.30%, Err 5 (1.3e-05)
051.817 .... 188 packets received, 7555 bps, 94.44%, Err 5 (1.2e-05)
053.930 .... 196 packets received, 7563 bps, 94.53%, Err 5 (1.2e-05)
056.035 .... 204 packets received, 7571 bps, 94.64%, Err 5 (1.1e-05)
058.152 .... 212 packets received, 7577 bps, 94.72%, Err 5 (1.1e-05)
060.284 .... 220 packets received, 7581 bps, 94.77%, Err 5 (1.0e-05)
062.385 .... 228 packets received, 7589 bps, 94.86%, Err 5 (1.0e-05)
064.503 .... 236 packets received, 7594 bps, 94.92%, Err 5 (9.8e-06)
066.884 .... 241 packets received, 7475 bps, 93.43%, Err 6 (1.1e-05)
069.003 .... 252 packets received, 7573 bps, 94.66%, Err 6 (1.1e-05)
071.096 .... 260 packets received, 7581 bps, 94.76%, Err 6 (1.1e-05)
073.227 .... 268 packets received, 7584 bps, 94.80%, Err 6 (1.0e-05)
075.344 .... 276 packets received, 7588 bps, 94.85%, Err 6 (1.0e-05)
077.442 .... 284 packets received, 7594 bps, 94.93%, Err 6 (9.8e-06)
079.560 .... 291 packets received, 7572 bps, 94.65%, Err 7 (1.1e-05)
081.652 .... 299 packets received, 7579 bps, 94.73%, Err 7 (1.1e-05)
083.785 .... 307 packets received, 7581 bps, 94.77%, Err 7 (1.1e-05)
085.914 .... 315 packets received, 7584 bps, 94.80%, Err 7 (1.0e-05)
088.022 .... 323 packets received, 7589 bps, 94.86%, Err 7 (1.0e-05)
090.128 .... 327 packets received, 7501 bps, 93.77%, Err 8 (1.1e-05)
092.259 .... 338 packets received, 7573 bps, 94.66%, Err 8 (1.1e-05)
094.363 .... 346 packets received, 7578 bps, 94.72%, Err 8 (1.1e-05)
096.485 .... 354 packets received, 7581 bps, 94.76%, Err 8 (1.0e-05)
098.614 .... 362 packets received, 7584 bps, 94.79%, Err 8 (1.0e-05)
100.727 .... 370 packets received, 7587 bps, 94.84%, Err 8 (1.0e-05)
102.829 .... 378 packets received, 7591 bps, 94.89%, Err 8 (9.8e-06)
104.948 .... 386 packets received, 7594 bps, 94.93%, Err 8 (9.6e-06)
107.064 .... 394 packets received, 7597 bps, 94.97%, Err 8 (9.4e-06)
109.182 .... 402 packets received, 7600 bps, 95.00%, Err 8 (9.2e-06)
111.285 .... 410 packets received, 7604 bps, 95.04%, Err 8 (9.0e-06)
114.466 .... 418 packets received, 7535 bps, 94.19%, Err 9 (9.9e-06)
116.574 .... 429 packets received, 7592 bps, 94.90%, Err 9 (9.7e-06)
118.688 .... 437 packets received, 7595 bps, 94.94%, Err 9 (9.5e-06)
120.799 .... 445 packets received, 7598 bps, 94.98%, Err 9 (9.4e-06)
122.907 .... 453 packets received, 7601 bps, 95.01%, Err 9 (9.2e-06)
125.025 .... 461 packets received, 7603 bps, 95.04%, Err 9 (9.0e-06)
127.136 .... 468 packets received, 7590 bps, 94.87%, Err 10 (9.9e-06)
129.245 .... 475 packets received, 7577 bps, 94.71%, Err 11 (1.1e-05)
131.355 .... 483 packets received, 7580 bps, 94.75%, Err 11 (1.1e-05)
133.452 .... 491 packets received, 7584 bps, 94.79%, Err 11 (1.0e-05)
135.582 .... 499 packets received, 7585 bps, 94.82%, Err 11 (1.0e-05)
137.693 .... 507 packets received, 7588 bps, 94.85%, Err 11 (1.0e-05)
139.817 .... 515 packets received, 7590 bps, 94.87%, Err 11 (9.9e-06)
141.900 .... 523 packets received, 7594 bps, 94.92%, Err 11 (9.7e-06)
144.023 .... 531 packets received, 7596 bps, 94.95%, Err 11 (9.6e-06)
146.137 .... 539 packets received, 7598 bps, 94.98%, Err 11 (9.4e-06)
148.261 .... 547 packets received, 7600 bps, 95.00%, Err 11 (9.3e-06)
150.349 .... 555 packets received, 7603 bps, 95.04%, Err 11 (9.2e-06)
152.482 .... 563 packets received, 7604 bps, 95.05%, Err 11 (9.1e-06)
154.586 .... 571 packets received, 7607 bps, 95.08%, Err 11 (8.9e-06)
156.689 .... 579 packets received, 7609 bps, 95.12%, Err 11 (8.8e-06)
159.592 .... 586 packets received, 7560 bps, 94.50%, Err 12 (9.4e-06)
161.710 .... 597 packets received, 7601 bps, 95.01%, Err 12 (9.3e-06)
163.828 .... 605 packets received, 7603 bps, 95.03%, Err 12 (9.2e-06)
165.945 .... 613 packets received, 7604 bps, 95.05%, Err 12 (9.1e-06)
172.012 .... 621 packets received, 7431 bps, 92.88%, Err 15 (1.1e-05)
174.128 .... 632 packets received, 7470 bps, 93.37%, Err 15 (1.1e-05)
176.503 .... 638 packets received, 7439 bps, 92.98%, Err 15 (1.1e-05)
178.883 .... 644 packets received, 7408 bps, 92.60%, Err 15 (1.1e-05)
180.985 .... 648 packets received, 7367 bps, 92.09%, Err 15 (1.0e-05)
183.103 .... 653 packets received, 7338 bps, 91.72%, Err 15 (1.0e-05)
185.476 .... 659 packets received, 7310 bps, 91.38%, Err 15 (1.0e-05)
187.593 .... 665 packets received, 7293 bps, 91.16%, Err 15 (1.0e-05)
189.968 .... 671 packets received, 7267 bps, 90.83%, Err 15 (9.9e-06)
192.083 .... 676 packets received, 7240 bps, 90.50%, Err 15 (9.8e-06)
194.170 .... 682 packets received, 7225 bps, 90.31%, Err 15 (9.7e-06)
196.301 .... 688 packets received, 7209 bps, 90.12%, Err 15 (9.6e-06)
198.402 .... 694 packets received, 7195 bps, 89.93%, Err 15 (9.5e-06)
200.520 .... 700 packets received, 7180 bps, 89.75%, Err 15 (9.4e-06)
202.639 .... 706 packets received, 7165 bps, 89.57%, Err 15 (9.3e-06)
204.757 .... 712 packets received, 7151 bps, 89.39%, Err 15 (9.2e-06)
206.845 .... 718 packets received, 7138 bps, 89.23%, Err 15 (9.1e-06)
208.980 .... 724 packets received, 7124 bps, 89.05%, Err 15 (9.0e-06)
211.099 .... 730 packets received, 7111 bps, 88.89%, Err 15 (8.9e-06)
213.204 .... 736 packets received, 7098 bps, 88.73%, Err 15 (8.8e-06)
215.323 .... 742 packets received, 7085 bps, 88.57%, Err 15 (8.7e-06)
217.428 .... 748 packets received, 7073 bps, 88.42%, Err 15 (8.6e-06)
219.546 .... 754 packets received, 7061 bps, 88.26%, Err 15 (8.6e-06)
221.663 .... 760 packets received, 7049 bps, 88.11%, Err 15 (8.5e-06)
223.781 .... 766 packets received, 7037 bps, 87.96%, Err 15 (8.4e-06)
225.882 .... 772 packets received, 7026 bps, 87.83%, Err 15 (8.3e-06)
227.999 .... 778 packets received, 7015 bps, 87.68%, Err 15 (8.2e-06)
230.100 .... 784 packets received, 7004 bps, 87.55%, Err 15 (8.2e-06)
232.218 .... 790 packets received, 6993 bps, 87.41%, Err 16 (8.6e-06)
234.334 .... 798 packets received, 7000 bps, 87.50%, Err 16 (8.6e-06)
236.451 .... 806 packets received, 7006 bps, 87.58%, Err 16 (8.5e-06)
238.562 .... 814 packets received, 7013 bps, 87.66%, Err 16 (8.4e-06)
240.679 .... 822 packets received, 7019 bps, 87.74%, Err 16 (8.3e-06)
242.781 .... 830 packets received, 7026 bps, 87.83%, Err 16 (8.3e-06)
244.898 .... 838 packets received, 7032 bps, 87.91%, Err 16 (8.2e-06)
247.014 .... 846 packets received, 7039 bps, 87.98%, Err 16 (8.1e-06)
249.117 .... 854 packets received, 7045 bps, 88.06%, Err 16 (8.0e-06)
251.236 .... 862 packets received, 7051 bps, 88.13%, Err 16 (8.0e-06)
253.353 .... 870 packets received, 7056 bps, 88.21%, Err 16 (7.9e-06)
255.456 .... 878 packets received, 7063 bps, 88.28%, Err 16 (7.8e-06)
258.091 .... 884 packets received, 7038 bps, 87.97%, Err 17 (8.3e-06)
260.215 .... 895 packets received, 7067 bps, 88.34%, Err 17 (8.2e-06)
262.316 .... 903 packets received, 7073 bps, 88.41%, Err 17 (8.1e-06)
264.445 .... 911 packets received, 7078 bps, 88.48%, Err 17 (8.1e-06)
266.529 .... 919 packets received, 7084 bps, 88.55%, Err 17 (8.0e-06)
268.641 .... 927 packets received, 7090 bps, 88.62%, Err 18 (8.4e-06)
270.770 .... 934 packets received, 7087 bps, 88.58%, Err 18 (8.3e-06)
272.859 .... 942 packets received, 7093 bps, 88.66%, Err 18 (8.3e-06)
275.002 .... 950 packets received, 7097 bps, 88.71%, Err 18 (8.2e-06)
277.100 .... 958 packets received, 7102 bps, 88.78%, Err 18 (8.1e-06)
279.222 .... 966 packets received, 7107 bps, 88.84%, Err 18 (8.1e-06)
281.337 .... 974 packets received, 7112 bps, 88.90%, Err 18 (8.0e-06)
283.704 .... 979 packets received, 7089 bps, 88.61%, Err 19 (8.4e-06)
285.818 .... 990 packets received, 7115 bps, 88.94%, Err 19 (8.3e-06)
287.932 .... 998 packets received, 7120 bps, 89.00%, Err 19 (8.3e-06)
290.050 .... 1006 packets received, 7124 bps, 89.05%, Err 19 (8.2e-06)
292.166 .... 1014 packets received, 7129 bps, 89.11%, Err 19 (8.1e-06)
294.544 .... 1019 packets received, 7106 bps, 88.82%, Err 20 (8.5e-06)
296.658 .... 1030 packets received, 7131 bps, 89.14%, Err 20 (8.4e-06)
298.745 .... 1038 packets received, 7136 bps, 89.20%, Err 20 (8.4e-06)
300.890 .... 1046 packets received, 7140 bps, 89.25%, Err 20 (8.3e-06)
303.524 .... 1052 packets received, 7118 bps, 88.98%, Err 21 (8.7e-06)
305.636 .... 1063 packets received, 7143 bps, 89.29%, Err 21 (8.6e-06)
307.750 .... 1071 packets received, 7147 bps, 89.34%, Err 21 (8.5e-06)
309.861 .... 1079 packets received, 7151 bps, 89.39%, Err 21 (8.5e-06)
311.969 .... 1087 packets received, 7155 bps, 89.44%, Err 21 (8.4e-06)
314.098 .... 1095 packets received, 7159 bps, 89.49%, Err 21 (8.4e-06)
316.200 .... 1103 packets received, 7163 bps, 89.54%, Err 21 (8.3e-06)
318.318 .... 1111 packets received, 7167 bps, 89.59%, Err 21 (8.3e-06)
320.431 .... 1119 packets received, 7171 bps, 89.64%, Err 21 (8.2e-06)
322.542 .... 1126 packets received, 7169 bps, 89.61%, Err 22 (8.5e-06)
324.622 .... 1134 packets received, 7173 bps, 89.66%, Err 22 (8.5e-06)
326.765 .... 1142 packets received, 7176 bps, 89.70%, Err 23 (8.8e-06)
330.457 .... 1149 packets received, 7139 bps, 89.24%, Err 24 (9.1e-06)
332.832 .... 1161 packets received, 7162 bps, 89.53%, Err 24 (9.0e-06)
334.949 .... 1168 packets received, 7160 bps, 89.50%, Err 25 (9.3e-06)
337.037 .... 1169 packets received, 7121 bps, 89.02%, Err 25 (9.3e-06)
339.429 .... 1181 packets received, 7144 bps, 89.30%, Err 25 (9.2e-06)
341.547 .... 1187 packets received, 7135 bps, 89.19%, Err 25 (9.2e-06)
343.651 .... 1193 packets received, 7127 bps, 89.09%, Err 25 (9.1e-06)
345.771 .... 1199 packets received, 7119 bps, 88.99%, Err 25 (9.1e-06)
347.888 .... 1205 packets received, 7111 bps, 88.89%, Err 25 (9.0e-06)
349.989 .... 1211 packets received, 7104 bps, 88.80%, Err 25 (8.9e-06)
352.105 .... 1217 packets received, 7096 bps, 88.70%, Err 25 (8.9e-06)
354.222 .... 1223 packets received, 7088 bps, 88.60%, Err 25 (8.8e-06)
356.323 .... 1229 packets received, 7081 bps, 88.51%, Err 25 (8.8e-06)
358.440 .... 1235 packets received, 7073 bps, 88.41%, Err 25 (8.7e-06)
360.557 .... 1241 packets received, 7066 bps, 88.32%, Err 25 (8.7e-06)
362.659 .... 1248 packets received, 7064 bps, 88.30%, Err 25 (8.6e-06)
364.776 .... 1254 packets received, 7057 bps, 88.21%, Err 26 (8.9e-06)
366.892 .... 1260 packets received, 7050 bps, 88.12%, Err 26 (8.9e-06)
368.995 .... 1266 packets received, 7043 bps, 88.04%, Err 26 (8.8e-06)
371.112 .... 1273 packets received, 7041 bps, 88.02%, Err 26 (8.8e-06)
373.488 .... 1280 packets received, 7035 bps, 87.94%, Err 26 (8.7e-06)
375.864 .... 1287 packets received, 7029 bps, 87.86%, Err 27 (9.0e-06)
377.982 .... 1293 packets received, 7022 bps, 87.77%, Err 27 (8.9e-06)
381.142 .... 1298 packets received, 6990 bps, 87.38%, Err 28 (9.2e-06)
384.318 .... 1309 packets received, 6991 bps, 87.39%, Err 29 (9.4e-06)
386.420 .... 1319 packets received, 7006 bps, 87.58%, Err 29 (9.4e-06)
388.538 .... 1327 packets received, 7010 bps, 87.63%, Err 29 (9.3e-06)
390.913 .... 1332 packets received, 6994 bps, 87.42%, Err 30 (9.6e-06)
393.030 .... 1343 packets received, 7013 bps, 87.67%, Err 30 (9.6e-06)
395.132 .... 1351 packets received, 7017 bps, 87.72%, Err 30 (9.5e-06)
397.247 .... 1359 packets received, 7021 bps, 87.77%, Err 30 (9.5e-06)
399.363 .... 1367 packets received, 7025 bps, 87.82%, Err 30 (9.4e-06)
402.510 .... 1369 packets received, 6980 bps, 87.25%, Err 31 (9.6e-06)
404.630 .... 1382 packets received, 7010 bps, 87.62%, Err 31 (9.6e-06)
407.019 .... 1387 packets received, 6994 bps, 87.42%, Err 32 (9.8e-06)
409.135 .... 1398 packets received, 7013 bps, 87.66%, Err 32 (9.8e-06)
411.238 .... 1406 packets received, 7017 bps, 87.71%, Err 32 (9.7e-06)
413.340 .... 1410 packets received, 7001 bps, 87.51%, Err 33 (1.0e-05)
416.530 .... 1421 packets received, 7001 bps, 87.51%, Err 35 (1.1e-05)
418.633 .... 1432 packets received, 7020 bps, 87.75%, Err 35 (1.0e-05)
420.751 .... 1440 packets received, 7023 bps, 87.79%, Err 35 (1.0e-05)
422.869 .... 1448 packets received, 7027 bps, 87.84%, Err 35 (1.0e-05)
424.959 .... 1456 packets received, 7031 bps, 87.89%, Err 35 (1.0e-05)
427.092 .... 1464 packets received, 7034 bps, 87.93%, Err 35 (1.0e-05)
429.194 .... 1472 packets received, 7038 bps, 87.97%, Err 35 (1.0e-05)
431.554 .... 1477 packets received, 7023 bps, 87.79%, Err 36 (1.0e-05)
433.672 .... 1488 packets received, 7041 bps, 88.01%, Err 36 (1.0e-05)
435.793 .... 1496 packets received, 7044 bps, 88.05%, Err 36 (1.0e-05)
437.926 .... 1504 packets received, 7047 bps, 88.09%, Err 36 (1.0e-05)
440.013 .... 1512 packets received, 7051 bps, 88.14%, Err 36 (1.0e-05)
442.148 .... 1520 packets received, 7054 bps, 88.18%, Err 36 (1.0e-05)
445.041 .... 1527 packets received, 7040 bps, 88.01%, Err 37 (1.0e-05)
448.219 .... 1537 packets received, 7036 bps, 87.95%, Err 39 (1.1e-05)
450.322 .... 1548 packets received, 7053 bps, 88.17%, Err 39 (1.1e-05)
452.426 .... 1556 packets received, 7057 bps, 88.21%, Err 39 (1.1e-05)
454.545 .... 1564 packets received, 7060 bps, 88.25%, Err 40 (1.1e-05)
457.179 .... 1568 packets received, 7037 bps, 87.97%, Err 41 (1.1e-05)
459.296 .... 1580 packets received, 7058 bps, 88.23%, Err 41 (1.1e-05)
461.413 .... 1588 packets received, 7061 bps, 88.27%, Err 41 (1.1e-05)
463.529 .... 1596 packets received, 7065 bps, 88.31%, Err 41 (1.1e-05)
465.631 .... 1604 packets received, 7068 bps, 88.35%, Err 41 (1.1e-05)
467.748 .... 1612 packets received, 7071 bps, 88.39%, Err 41 (1.1e-05)
469.866 .... 1620 packets received, 7074 bps, 88.42%, Err 41 (1.1e-05)
471.983 .... 1624 packets received, 7060 bps, 88.24%, Err 42 (1.1e-05)
474.088 .... 1635 packets received, 7076 bps, 88.45%, Err 42 (1.1e-05)
476.195 .... 1643 packets received, 7079 bps, 88.49%, Err 42 (1.1e-05)
478.295 .... 1651 packets received, 7082 bps, 88.53%, Err 42 (1.1e-05)
480.428 .... 1659 packets received, 7085 bps, 88.56%, Err 42 (1.1e-05)
483.349 .... 1666 packets received, 7071 bps, 88.39%, Err 43 (1.1e-05)
485.441 .... 1677 packets received, 7087 bps, 88.59%, Err 43 (1.1e-05)
487.553 .... 1685 packets received, 7090 bps, 88.63%, Err 43 (1.1e-05)
489.668 .... 1693 packets received, 7093 bps, 88.67%, Err 43 (1.1e-05)
491.786 .... 1701 packets received, 7096 bps, 88.70%, Err 43 (1.1e-05)
493.902 .... 1709 packets received, 7099 bps, 88.73%, Err 43 (1.1e-05)
496.005 .... 1717 packets received, 7102 bps, 88.77%, Err 43 (1.1e-05)
498.130 .... 1725 packets received, 7104 bps, 88.80%, Err 43 (1.1e-05)
500.253 .... 1733 packets received, 7107 bps, 88.84%, Err 43 (1.1e-05)
502.358 .... 1741 packets received, 7110 bps, 88.87%, Err 43 (1.1e-05)
504.462 .... 1749 packets received, 7113 bps, 88.91%, Err 43 (1.1e-05)
506.569 .... 1757 packets received, 7115 bps, 88.94%, Err 43 (1.1e-05)
508.675 .... 1765 packets received, 7118 bps, 88.98%, Err 43 (1.1e-05)
510.810 .... 1773 packets received, 7120 bps, 89.01%, Err 43 (1.1e-05)
512.917 .... 1781 packets received, 7123 bps, 89.04%, Err 43 (1.0e-05)
515.022 .... 1789 packets received, 7126 bps, 89.07%, Err 43 (1.0e-05)
517.141 .... 1797 packets received, 7128 bps, 89.10%, Err 43 (1.0e-05)
519.260 .... 1805 packets received, 7131 bps, 89.13%, Err 43 (1.0e-05)
521.349 .... 1813 packets received, 7134 bps, 89.17%, Err 43 (1.0e-05)
523.454 .... 1821 packets received, 7136 bps, 89.20%, Err 43 (1.0e-05)
525.589 .... 1829 packets received, 7138 bps, 89.23%, Err 43 (1.0e-05)
527.696 .... 1837 packets received, 7141 bps, 89.26%, Err 43 (1.0e-05)
529.816 .... 1845 packets received, 7143 bps, 89.29%, Err 43 (1.0e-05)
531.920 .... 1853 packets received, 7146 bps, 89.32%, Err 43 (1.0e-05)
534.024 .... 1861 packets received, 7148 bps, 89.36%, Err 43 (1.0e-05)
536.129 .... 1869 packets received, 7151 bps, 89.39%, Err 43 (1.0e-05)
538.264 .... 1877 packets received, 7153 bps, 89.41%, Err 43 (1.0e-05)
540.354 .... 1885 packets received, 7156 bps, 89.45%, Err 43 (1.0e-05)
542.488 .... 1893 packets received, 7158 bps, 89.47%, Err 43 (9.9e-06)
544.592 .... 1901 packets received, 7160 bps, 89.50%, Err 44 (1.0e-05)
546.712 .... 1908 packets received, 7159 bps, 89.48%, Err 44 (1.0e-05)
548.817 .... 1916 packets received, 7161 bps, 89.51%, Err 44 (1.0e-05)
550.937 .... 1924 packets received, 7163 bps, 89.54%, Err 44 (1.0e-05)
553.042 .... 1932 packets received, 7166 bps, 89.57%, Err 44 (1.0e-05)
555.160 .... 1940 packets received, 7168 bps, 89.60%, Err 44 (9.9e-06)
557.265 .... 1944 packets received, 7155 bps, 89.44%, Err 45 (1.0e-05)
559.385 .... 1955 packets received, 7169 bps, 89.61%, Err 45 (1.0e-05)
561.489 .... 1963 packets received, 7171 bps, 89.64%, Err 45 (1.0e-05)
563.607 .... 1971 packets received, 7173 bps, 89.66%, Err 45 (1.0e-05)
565.710 .... 1978 packets received, 7172 bps, 89.65%, Err 46 (1.0e-05)
567.816 .... 1986 packets received, 7174 bps, 89.67%, Err 46 (1.0e-05)
569.938 .... 1994 packets received, 7176 bps, 89.70%, Err 46 (1.0e-05)
572.574 .... 2000 packets received, 7164 bps, 89.55%, Err 47 (1.0e-05)
574.695 .... 2010 packets received, 7174 bps, 89.67%, Err 48 (1.0e-05)
576.787 .... 2018 packets received, 7176 bps, 89.70%, Err 48 (1.0e-05)
578.923 .... 2026 packets received, 7178 bps, 89.72%, Err 48 (1.0e-05)
581.015 .... 2034 packets received, 7180 bps, 89.75%, Err 48 (1.0e-05)
583.136 .... 2042 packets received, 7182 bps, 89.78%, Err 48 (1.0e-05)
585.256 .... 2050 packets received, 7184 bps, 89.80%, Err 48 (1.0e-05)
588.135 .... 2057 packets received, 7173 bps, 89.67%, Err 49 (1.0e-05)
590.274 .... 2068 packets received, 7185 bps, 89.82%, Err 49 (1.0e-05)
592.383 .... 2076 packets received, 7188 bps, 89.84%, Err 49 (1.0e-05)
594.489 .... 2084 packets received, 7190 bps, 89.87%, Err 49 (1.0e-05)
596.594 .... 2092 packets received, 7192 bps, 89.90%, Err 49 (1.0e-05)
598.715 .... 2100 packets received, 7194 bps, 89.92%, Err 49 (1.0e-05)
600.811 .... 2108 packets received, 7196 bps, 89.95%, Err 49 (1.0e-05)
602.942 .... 2116 packets received, 7198 bps, 89.97%, Err 49 (1.0e-05)
605.050 .... 2124 packets received, 7200 bps, 89.99%, Err 49 (1.0e-05)
607.158 .... 2132 packets received, 7202 bps, 90.02%, Err 49 (1.0e-05)
609.281 .... 2140 packets received, 7203 bps, 90.04%, Err 49 (1.0e-05)
611.374 .... 2148 packets received, 7205 bps, 90.07%, Err 49 (1.0e-05)
613.496 .... 2156 packets received, 7207 bps, 90.09%, Err 49 (1.0e-05)
615.618 .... 2164 packets received, 7209 bps, 90.11%, Err 49 (1.0e-05)
617.710 .... 2172 packets received, 7211 bps, 90.14%, Err 49 (9.9e-06)
619.816 .... 2180 packets received, 7213 bps, 90.16%, Err 49 (9.9e-06)
621.951 .... 2188 packets received, 7215 bps, 90.18%, Err 49 (9.9e-06)
624.057 .... 2196 packets received, 7217 bps, 90.21%, Err 49 (9.8e-06)
626.178 .... 2199 packets received, 7202 bps, 90.02%, Err 50 (1.0e-05)
628.284 .... 2211 packets received, 7217 bps, 90.21%, Err 50 (1.0e-05)
630.375 .... 2219 packets received, 7219 bps, 90.24%, Err 50 (9.9e-06)
632.512 .... 2227 packets received, 7221 bps, 90.26%, Err 50 (9.9e-06)
634.633 .... 2235 packets received, 7222 bps, 90.28%, Err 50 (9.9e-06)
638.056 .... 2239 packets received, 7196 bps, 89.95%, Err 52 (1.0e-05)
640.176 .... 2250 packets received, 7208 bps, 90.10%, Err 52 (1.0e-05)
642.282 .... 2255 packets received, 7200 bps, 90.00%, Err 52 (1.0e-05)
644.659 .... 2260 packets received, 7189 bps, 89.87%, Err 52 (1.0e-05)
646.779 .... 2266 packets received, 7185 bps, 89.81%, Err 52 (1.0e-05)
648.885 .... 2272 packets received, 7180 bps, 89.75%, Err 52 (1.0e-05)
650.977 .... 2278 packets received, 7176 bps, 89.70%, Err 52 (1.0e-05)
653.094 .... 2284 packets received, 7172 bps, 89.65%, Err 52 (1.0e-05)
655.218 .... 2290 packets received, 7167 bps, 89.59%, Err 53 (1.0e-05)
657.311 .... 2296 packets received, 7163 bps, 89.54%, Err 53 (1.0e-05)
660.491 .... 2304 packets received, 7153 bps, 89.42%, Err 54 (1.0e-05)
662.883 .... 2312 packets received, 7152 bps, 89.40%, Err 55 (1.0e-05)
664.973 .... 2323 packets received, 7164 bps, 89.55%, Err 55 (1.0e-05)
667.080 .... 2331 packets received, 7166 bps, 89.57%, Err 55 (1.0e-05)
669.215 .... 2339 packets received, 7167 bps, 89.59%, Err 55 (1.0e-05)
671.308 .... 2347 packets received, 7169 bps, 89.62%, Err 55 (1.0e-05)
674.220 .... 2354 packets received, 7160 bps, 89.49%, Err 56 (1.0e-05)
676.326 .... 2361 packets received, 7158 bps, 89.48%, Err 58 (1.1e-05)
680.297 .... 2364 packets received, 7126 bps, 89.07%, Err 59 (1.1e-05)
682.434 .... 2376 packets received, 7139 bps, 89.24%, Err 59 (1.1e-05)
684.523 .... 2384 packets received, 7142 bps, 89.27%, Err 59 (1.1e-05)
686.644 .... 2392 packets received, 7143 bps, 89.29%, Err 59 (1.1e-05)
688.769 .... 2400 packets received, 7145 bps, 89.31%, Err 59 (1.1e-05)
691.672 .... 2407 packets received, 7136 bps, 89.20%, Err 60 (1.1e-05)
693.771 .... 2418 packets received, 7147 bps, 89.33%, Err 60 (1.1e-05)
695.888 .... 2426 packets received, 7148 bps, 89.36%, Err 60 (1.1e-05)
697.992 .... 2434 packets received, 7150 bps, 89.38%, Err 60 (1.1e-05)
700.095 .... 2442 packets received, 7152 bps, 89.40%, Err 60 (1.1e-05)
702.230 .... 2450 packets received, 7154 bps, 89.42%, Err 60 (1.1e-05)
705.124 .... 2457 packets received, 7145 bps, 89.31%, Err 61 (1.1e-05)
707.257 .... 2468 packets received, 7155 bps, 89.44%, Err 61 (1.1e-05)
709.351 .... 2476 packets received, 7157 bps, 89.46%, Err 61 (1.1e-05)
711.462 .... 2484 packets received, 7159 bps, 89.49%, Err 61 (1.1e-05)
713.593 .... 2492 packets received, 7161 bps, 89.51%, Err 61 (1.1e-05)
716.494 .... 2499 packets received, 7152 bps, 89.39%, Err 63 (1.1e-05)
719.136 .... 2509 packets received, 7154 bps, 89.42%, Err 63 (1.1e-05)
721.248 .... 2515 packets received, 7150 bps, 89.37%, Err 63 (1.1e-05)
723.354 .... 2522 packets received, 7149 bps, 89.36%, Err 63 (1.1e-05)
725.462 .... 2528 packets received, 7145 bps, 89.31%, Err 63 (1.1e-05)
727.570 .... 2534 packets received, 7141 bps, 89.27%, Err 63 (1.1e-05)
729.675 .... 2540 packets received, 7137 bps, 89.22%, Err 63 (1.1e-05)
732.871 .... 2544 packets received, 7117 bps, 88.97%, Err 64 (1.1e-05)
734.976 .... 2555 packets received, 7128 bps, 89.10%, Err 65 (1.1e-05)
737.082 .... 2563 packets received, 7130 bps, 89.12%, Err 65 (1.1e-05)
739.733 .... 2569 packets received, 7121 bps, 89.01%, Err 66 (1.1e-05)
741.838 .... 2580 packets received, 7131 bps, 89.14%, Err 66 (1.1e-05)
743.958 .... 2588 packets received, 7133 bps, 89.16%, Err 66 (1.1e-05)
746.065 .... 2596 packets received, 7134 bps, 89.18%, Err 66 (1.1e-05)
748.170 .... 2604 packets received, 7136 bps, 89.20%, Err 66 (1.1e-05)
750.290 .... 2612 packets received, 7138 bps, 89.22%, Err 66 (1.1e-05)
752.415 .... 2616 packets received, 7129 bps, 89.11%, Err 67 (1.1e-05)
754.521 .... 2627 packets received, 7139 bps, 89.23%, Err 67 (1.1e-05)
756.627 .... 2630 packets received, 7127 bps, 89.08%, Err 68 (1.1e-05)
758.738 .... 2642 packets received, 7139 bps, 89.24%, Err 68 (1.1e-05)
760.860 .... 2650 packets received, 7141 bps, 89.26%, Err 68 (1.1e-05)
762.956 .... 2658 packets received, 7143 bps, 89.29%, Err 68 (1.1e-05)
765.073 .... 2666 packets received, 7144 bps, 89.31%, Err 68 (1.1e-05)
767.188 .... 2674 packets received, 7146 bps, 89.33%, Err 68 (1.1e-05)
770.358 .... 2682 packets received, 7138 bps, 89.23%, Err 69 (1.1e-05)
772.453 .... 2693 packets received, 7148 bps, 89.35%, Err 69 (1.1e-05)
774.591 .... 2701 packets received, 7149 bps, 89.37%, Err 69 (1.1e-05)
776.694 .... 2709 packets received, 7151 bps, 89.39%, Err 69 (1.1e-05)
778.788 .... 2717 packets received, 7153 bps, 89.41%, Err 69 (1.1e-05)
780.910 .... 2725 packets received, 7154 bps, 89.43%, Err 69 (1.1e-05)
783.014 .... 2733 packets received, 7156 bps, 89.45%, Err 69 (1.1e-05)
785.152 .... 2740 packets received, 7155 bps, 89.44%, Err 70 (1.1e-05)
787.254 .... 2748 packets received, 7157 bps, 89.46%, Err 70 (1.1e-05)
789.373 .... 2756 packets received, 7158 bps, 89.48%, Err 70 (1.1e-05)
791.482 .... 2764 packets received, 7160 bps, 89.50%, Err 70 (1.1e-05)
793.596 .... 2772 packets received, 7161 bps, 89.52%, Err 70 (1.1e-05)
795.706 .... 2780 packets received, 7163 bps, 89.54%, Err 70 (1.1e-05)
797.800 .... 2788 packets received, 7165 bps, 89.56%, Err 70 (1.1e-05)
799.918 .... 2796 packets received, 7166 bps, 89.58%, Err 70 (1.1e-05)
802.039 .... 2804 packets received, 7168 bps, 89.60%, Err 70 (1.1e-05)
804.148 .... 2808 packets received, 7159 bps, 89.49%, Err 71 (1.1e-05)
806.251 .... 2819 packets received, 7168 bps, 89.60%, Err 71 (1.1e-05)
808.625 .... 2824 packets received, 7160 bps, 89.50%, Err 72 (1.1e-05)
810.744 .... 2835 packets received, 7169 bps, 89.61%, Err 72 (1.1e-05)
812.866 .... 2843 packets received, 7170 bps, 89.63%, Err 72 (1.1e-05)
814.988 .... 2851 packets received, 7172 bps, 89.65%, Err 72 (1.1e-05)
817.080 .... 2859 packets received, 7174 bps, 89.67%, Err 72 (1.1e-05)
819.193 .... 2867 packets received, 7175 bps, 89.69%, Err 72 (1.1e-05)
821.303 .... 2875 packets received, 7177 bps, 89.71%, Err 72 (1.1e-05)
823.416 .... 2883 packets received, 7178 bps, 89.73%, Err 72 (1.1e-05)
825.553 .... 2891 packets received, 7179 bps, 89.74%, Err 72 (1.1e-05)
827.650 .... 2899 packets received, 7181 bps, 89.76%, Err 73 (1.1e-05)
829.771 .... 2907 packets received, 7182 bps, 89.78%, Err 73 (1.1e-05)
831.878 .... 2915 packets received, 7184 bps, 89.80%, Err 73 (1.1e-05)
833.985 .... 2923 packets received, 7185 bps, 89.82%, Err 73 (1.1e-05)
836.102 .... 2931 packets received, 7187 bps, 89.83%, Err 73 (1.1e-05)
838.229 .... 2939 packets received, 7188 bps, 89.85%, Err 73 (1.1e-05)
840.328 .... 2947 packets received, 7190 bps, 89.87%, Err 73 (1.1e-05)
842.445 .... 2955 packets received, 7191 bps, 89.89%, Err 73 (1.1e-05)
844.538 .... 2963 packets received, 7193 bps, 89.91%, Err 73 (1.1e-05)
846.679 .... 2970 packets received, 7191 bps, 89.89%, Err 74 (1.1e-05)
848.788 .... 2978 packets received, 7193 bps, 89.91%, Err 74 (1.1e-05)
850.895 .... 2986 packets received, 7194 bps, 89.93%, Err 74 (1.1e-05)
853.016 .... 2994 packets received, 7195 bps, 89.94%, Err 74 (1.1e-05)
855.123 .... 3002 packets received, 7197 bps, 89.96%, Err 74 (1.1e-05)
857.227 .... 3010 packets received, 7198 bps, 89.98%, Err 75 (1.1e-05)
859.883 .... 3012 packets received, 7181 bps, 89.76%, Err 76 (1.1e-05)
861.990 .... 3023 packets received, 7189 bps, 89.87%, Err 76 (1.1e-05)
864.095 .... 3029 packets received, 7186 bps, 89.83%, Err 76 (1.1e-05)
866.212 .... 3035 packets received, 7183 bps, 89.78%, Err 76 (1.1e-05)
868.343 .... 3041 packets received, 7179 bps, 89.74%, Err 76 (1.1e-05)
870.430 .... 3047 packets received, 7176 bps, 89.70%, Err 76 (1.1e-05)
872.563 .... 3053 packets received, 7173 bps, 89.66%, Err 76 (1.1e-05)
874.666 .... 3059 packets received, 7170 bps, 89.62%, Err 76 (1.1e-05)
877.046 .... 3066 packets received, 7166 bps, 89.58%, Err 76 (1.1e-05)
879.151 .... 3072 packets received, 7163 bps, 89.54%, Err 76 (1.1e-05)
881.532 .... 3079 packets received, 7160 bps, 89.50%, Err 76 (1.1e-05)
883.652 .... 3086 packets received, 7159 bps, 89.49%, Err 76 (1.1e-05)
886.813 .... 3090 packets received, 7143 bps, 89.29%, Err 78 (1.1e-05)
888.919 .... 3102 packets received, 7154 bps, 89.42%, Err 78 (1.1e-05)
891.051 .... 3108 packets received, 7150 bps, 89.38%, Err 78 (1.1e-05)
893.170 .... 3115 packets received, 7149 bps, 89.37%, Err 78 (1.1e-05)
895.244 .... 3121 packets received, 7147 bps, 89.33%, Err 78 (1.1e-05)
897.391 .... 3127 packets received, 7143 bps, 89.29%, Err 78 (1.1e-05)
899.741 .... 3134 packets received, 7140 bps, 89.26%, Err 78 (1.1e-05)
901.877 .... 3140 packets received, 7137 bps, 89.21%, Err 78 (1.1e-05)
903.981 .... 3146 packets received, 7134 bps, 89.18%, Err 78 (1.1e-05)
906.110 .... 3152 packets received, 7131 bps, 89.14%, Err 79 (1.1e-05)
908.215 .... 3158 packets received, 7128 bps, 89.10%, Err 79 (1.1e-05)
910.592 .... 3165 packets received, 7125 bps, 89.06%, Err 79 (1.1e-05)
912.712 .... 3171 packets received, 7122 bps, 89.02%, Err 79 (1.1e-05)
914.816 .... 3177 packets received, 7119 bps, 88.99%, Err 79 (1.1e-05)
916.937 .... 3183 packets received, 7116 bps, 88.95%, Err 79 (1.1e-05)
919.054 .... 3189 packets received, 7113 bps, 88.91%, Err 79 (1.1e-05)
921.158 .... 3195 packets received, 7110 bps, 88.87%, Err 79 (1.1e-05)
923.800 .... 3200 packets received, 7101 bps, 88.76%, Err 81 (1.1e-05)
925.891 .... 3210 packets received, 7107 bps, 88.84%, Err 81 (1.1e-05)
928.024 .... 3218 packets received, 7108 bps, 88.85%, Err 81 (1.1e-05)
930.141 .... 3226 packets received, 7110 bps, 88.87%, Err 81 (1.1e-05)
932.241 .... 3234 packets received, 7111 bps, 88.89%, Err 81 (1.1e-05)
934.343 .... 3242 packets received, 7113 bps, 88.91%, Err 81 (1.1e-05)
936.478 .... 3250 packets received, 7114 bps, 88.92%, Err 81 (1.1e-05)
938.583 .... 3258 packets received, 7115 bps, 88.94%, Err 81 (1.1e-05)
940.703 .... 3266 packets received, 7117 bps, 88.96%, Err 81 (1.1e-05)
942.811 .... 3274 packets received, 7118 bps, 88.98%, Err 81 (1.1e-05)
944.904 .... 3282 packets received, 7120 bps, 89.00%, Err 81 (1.1e-05)
947.027 .... 3290 packets received, 7121 bps, 89.02%, Err 81 (1.1e-05)
949.151 .... 3298 packets received, 7123 bps, 89.03%, Err 81 (1.1e-05)
951.268 .... 3306 packets received, 7124 bps, 89.05%, Err 81 (1.1e-05)
953.357 .... 3314 packets received, 7126 bps, 89.07%, Err 81 (1.1e-05)
955.476 .... 3322 packets received, 7127 bps, 89.09%, Err 81 (1.1e-05)
957.595 .... 3330 packets received, 7128 bps, 89.10%, Err 81 (1.1e-05)
959.717 .... 3338 packets received, 7130 bps, 89.12%, Err 81 (1.1e-05)
961.823 .... 3346 packets received, 7131 bps, 89.14%, Err 81 (1.1e-05)
963.941 .... 3354 packets received, 7132 bps, 89.15%, Err 81 (1.1e-05)
966.048 .... 3362 packets received, 7134 bps, 89.17%, Err 81 (1.0e-05)
968.151 .... 3370 packets received, 7135 bps, 89.19%, Err 81 (1.0e-05)
970.278 .... 3378 packets received, 7136 bps, 89.20%, Err 81 (1.0e-05)
972.383 .... 3386 packets received, 7138 bps, 89.22%, Err 81 (1.0e-05)
974.484 .... 3394 packets received, 7139 bps, 89.24%, Err 81 (1.0e-05)
976.603 .... 3402 packets received, 7140 bps, 89.26%, Err 81 (1.0e-05)
978.700 .... 3410 packets received, 7142 bps, 89.27%, Err 81 (1.0e-05)
980.823 .... 3418 packets received, 7143 bps, 89.29%, Err 81 (1.0e-05)
982.947 .... 3426 packets received, 7144 bps, 89.30%, Err 81 (1.0e-05)
985.569 .... 3432 packets received, 7138 bps, 89.22%, Err 82 (1.0e-05)
988.231 .... 3438 packets received, 7131 bps, 89.14%, Err 83 (1.1e-05)
990.328 .... 3448 packets received, 7137 bps, 89.21%, Err 83 (1.0e-05)
992.453 .... 3454 packets received, 7134 bps, 89.17%, Err 83 (1.0e-05)
994.562 .... 3460 packets received, 7131 bps, 89.14%, Err 83 (1.0e-05)
996.672 .... 3466 packets received, 7128 bps, 89.10%, Err 83 (1.0e-05)
998.783 .... 3472 packets received, 7125 bps, 89.07%, Err 84 (1.1e-05)
1000.862 .... 3478 packets received, 7123 bps, 89.04%, Err 84 (1.0e-05)
1003.011 .... 3484 packets received, 7120 bps, 89.00%, Err 84 (1.0e-05)
1005.104 .... 3490 packets received, 7117 bps, 88.97%, Err 84 (1.0e-05)
1007.198 .... 3497 packets received, 7117 bps, 88.96%, Err 84 (1.0e-05)
1009.338 .... 3503 packets received, 7114 bps, 88.92%, Err 84 (1.0e-05)
1011.430 .... 3509 packets received, 7111 bps, 88.89%, Err 84 (1.0e-05)
1013.550 .... 3516 packets received, 7110 bps, 88.88%, Err 84 (1.0e-05)
1015.668 .... 3522 packets received, 7108 bps, 88.85%, Err 84 (1.0e-05)
1018.045 .... 3529 packets received, 7105 bps, 88.82%, Err 84 (1.0e-05)
1020.439 .... 3536 packets received, 7103 bps, 88.78%, Err 84 (1.0e-05)
1022.557 .... 3542 packets received, 7100 bps, 88.75%, Err 84 (1.0e-05)
1024.637 .... 3548 packets received, 7097 bps, 88.72%, Err 84 (1.0e-05)
1026.767 .... 3554 packets received, 7095 bps, 88.68%, Err 84 (1.0e-05)
1028.869 .... 3560 packets received, 7092 bps, 88.65%, Err 84 (1.0e-05)
1031.003 .... 3566 packets received, 7089 bps, 88.62%, Err 84 (1.0e-05)
1033.110 .... 3572 packets received, 7087 bps, 88.59%, Err 84 (1.0e-05)
1035.227 .... 3578 packets received, 7084 bps, 88.55%, Err 84 (1.0e-05)
1037.345 .... 3584 packets received, 7082 bps, 88.52%, Err 84 (1.0e-05)
1039.435 .... 3590 packets received, 7079 bps, 88.49%, Err 84 (1.0e-05)
1041.561 .... 3596 packets received, 7077 bps, 88.46%, Err 84 (1.0e-05)
1043.693 .... 3602 packets received, 7074 bps, 88.42%, Err 84 (1.0e-05)
1045.799 .... 3608 packets received, 7071 bps, 88.39%, Err 85 (1.0e-05)
1047.915 .... 3614 packets received, 7069 bps, 88.36%, Err 85 (1.0e-05)
1050.005 .... 3620 packets received, 7066 bps, 88.33%, Err 85 (1.0e-05)
1052.394 .... 3627 packets received, 7064 bps, 88.30%, Err 85 (1.0e-05)
1055.588 .... 3633 packets received, 7054 bps, 88.18%, Err 86 (1.0e-05)
1057.950 .... 3640 packets received, 7052 bps, 88.15%, Err 87 (1.0e-05)
1060.054 .... 3652 packets received, 7061 bps, 88.27%, Err 87 (1.0e-05)
1063.497 .... 3660 packets received, 7054 bps, 88.17%, Err 88 (1.0e-05)
1065.612 .... 3672 packets received, 7063 bps, 88.29%, Err 89 (1.0e-05)
1067.709 .... 3680 packets received, 7064 bps, 88.30%, Err 89 (1.0e-05)
1069.849 .... 3688 packets received, 7066 bps, 88.32%, Err 89 (1.0e-05)
1071.956 .... 3696 packets received, 7067 bps, 88.34%, Err 89 (1.0e-05)
1074.066 .... 3704 packets received, 7068 bps, 88.35%, Err 89 (1.0e-05)
1076.189 .... 3712 packets received, 7070 bps, 88.37%, Err 89 (1.0e-05)
1078.284 .... 3720 packets received, 7071 bps, 88.39%, Err 89 (1.0e-05)
1080.412 .... 3728 packets received, 7072 bps, 88.40%, Err 89 (1.0e-05)
1082.507 .... 3736 packets received, 7074 bps, 88.42%, Err 89 (1.0e-05)
1084.605 .... 3744 packets received, 7075 bps, 88.44%, Err 89 (1.0e-05)
1086.737 .... 3752 packets received, 7076 bps, 88.45%, Err 89 (1.0e-05)
1088.848 .... 3760 packets received, 7078 bps, 88.47%, Err 89 (1.0e-05)
1090.959 .... 3768 packets received, 7079 bps, 88.49%, Err 89 (1.0e-05)
1093.079 .... 3776 packets received, 7080 bps, 88.50%, Err 89 (1.0e-05)
1095.188 .... 3784 packets received, 7082 bps, 88.52%, Err 89 (1.0e-05)
1097.314 .... 3792 packets received, 7083 bps, 88.54%, Err 89 (1.0e-05)
1099.419 .... 3800 packets received, 7084 bps, 88.55%, Err 89 (1.0e-05)
1101.536 .... 3808 packets received, 7085 bps, 88.57%, Err 89 (1.0e-05)
1103.638 .... 3816 packets received, 7087 bps, 88.58%, Err 89 (1.0e-05)
1105.770 .... 3824 packets received, 7088 bps, 88.60%, Err 89 (1.0e-05)
1107.859 .... 3832 packets received, 7089 bps, 88.62%, Err 89 (1.0e-05)
1109.960 .... 3840 packets received, 7091 bps, 88.63%, Err 89 (1.0e-05)
1112.093 .... 3848 packets received, 7092 bps, 88.65%, Err 89 (1.0e-05)
1114.218 .... 3856 packets received, 7093 bps, 88.66%, Err 89 (1.0e-05)
1116.324 .... 3860 packets received, 7087 bps, 88.59%, Err 90 (1.0e-05)
1118.440 .... 3871 packets received, 7094 bps, 88.67%, Err 90 (1.0e-05)
1120.535 .... 3879 packets received, 7095 bps, 88.69%, Err 90 (1.0e-05)
1122.663 .... 3887 packets received, 7096 bps, 88.70%, Err 90 (1.0e-05)
1124.745 .... 3895 packets received, 7098 bps, 88.72%, Err 90 (1.0e-05)
1126.888 .... 3903 packets received, 7099 bps, 88.73%, Err 90 (1.0e-05)
1128.975 .... 3911 packets received, 7100 bps, 88.75%, Err 90 (1.0e-05)
1131.102 .... 3919 packets received, 7101 bps, 88.76%, Err 90 (1.0e-05)
1133.202 .... 3927 packets received, 7102 bps, 88.78%, Err 90 (9.9e-06)
1135.319 .... 3935 packets received, 7104 bps, 88.80%, Err 90 (9.9e-06)
1137.441 .... 3943 packets received, 7105 bps, 88.81%, Err 90 (9.9e-06)
1139.553 .... 3951 packets received, 7106 bps, 88.83%, Err 90 (9.9e-06)
1141.649 .... 3959 packets received, 7107 bps, 88.84%, Err 90 (9.9e-06)
1143.770 .... 3967 packets received, 7108 bps, 88.86%, Err 90 (9.8e-06)
1145.887 .... 3975 packets received, 7110 bps, 88.87%, Err 90 (9.8e-06)
1147.991 .... 3983 packets received, 7111 bps, 88.89%, Err 90 (9.8e-06)
1150.110 .... 3991 packets received, 7112 bps, 88.90%, Err 91 (9.9e-06)
1152.223 .... 3998 packets received, 7111 bps, 88.89%, Err 91 (9.9e-06)
1154.308 .... 4006 packets received, 7113 bps, 88.91%, Err 91 (9.9e-06)
1156.453 .... 4014 packets received, 7114 bps, 88.92%, Err 91 (9.8e-06)
1158.551 .... 4022 packets received, 7115 bps, 88.94%, Err 91 (9.8e-06)
1160.677 .... 4026 packets received, 7109 bps, 88.86%, Err 92 (9.9e-06)
1162.782 .... 4037 packets received, 7116 bps, 88.94%, Err 92 (9.9e-06)
1164.885 .... 4045 packets received, 7117 bps, 88.96%, Err 92 (9.9e-06)
1167.545 .... 4051 packets received, 7111 bps, 88.89%, Err 93 (1.0e-05)
1169.651 .... 4062 packets received, 7118 bps, 88.97%, Err 93 (9.9e-06)
1171.760 .... 4070 packets received, 7119 bps, 88.98%, Err 93 (9.9e-06)
1173.858 .... 4078 packets received, 7120 bps, 89.00%, Err 93 (9.9e-06)
1175.972 .... 4082 packets received, 7114 bps, 88.93%, Err 94 (1.0e-05)
1178.082 .... 4093 packets received, 7121 bps, 89.01%, Err 94 (1.0e-05)
1180.182 .... 4101 packets received, 7122 bps, 89.02%, Err 94 (1.0e-05)
1182.334 .... 4109 packets received, 7123 bps, 89.03%, Err 94 (9.9e-06)
1184.418 .... 4117 packets received, 7124 bps, 89.05%, Err 94 (9.9e-06)
1186.535 .... 4125 packets received, 7125 bps, 89.06%, Err 94 (9.9e-06)
1188.653 .... 4133 packets received, 7126 bps, 89.08%, Err 94 (9.9e-06)
1191.549 .... 4140 packets received, 7121 bps, 89.01%, Err 95 (1.0e-05)
1193.668 .... 4151 packets received, 7127 bps, 89.09%, Err 95 (1.0e-05)
1195.770 .... 4159 packets received, 7128 bps, 89.10%, Err 95 (9.9e-06)
1198.159 .... 4164 packets received, 7123 bps, 89.03%, Err 96 (1.0e-05)
1200.270 .... 4175 packets received, 7129 bps, 89.11%, Err 96 (1.0e-05)
1202.372 .... 4183 packets received, 7130 bps, 89.12%, Err 96 (1.0e-05)
1204.494 .... 4191 packets received, 7131 bps, 89.14%, Err 96 (1.0e-05)
1206.598 .... 4198 packets received, 7130 bps, 89.13%, Err 97 (1.0e-05)
1208.727 .... 4206 packets received, 7131 bps, 89.14%, Err 97 (1.0e-05)
1210.827 .... 4210 packets received, 7126 bps, 89.07%, Err 98 (1.0e-05)
1212.940 .... 4221 packets received, 7132 bps, 89.15%, Err 98 (1.0e-05)
1215.057 .... 4229 packets received, 7133 bps, 89.16%, Err 98 (1.0e-05)
1217.188 .... 4237 packets received, 7134 bps, 89.18%, Err 98 (1.0e-05)
1219.276 .... 4245 packets received, 7135 bps, 89.19%, Err 98 (1.0e-05)
1221.390 .... 4253 packets received, 7136 bps, 89.20%, Err 98 (1.0e-05)
1223.757 .... 4257 packets received, 7129 bps, 89.12%, Err 99 (1.0e-05)
1225.859 .... 4269 packets received, 7137 bps, 89.21%, Err 99 (1.0e-05)
1227.987 .... 4277 packets received, 7138 bps, 89.23%, Err 99 (1.0e-05)
1230.120 .... 4285 packets received, 7139 bps, 89.24%, Err 99 (1.0e-05)
1232.206 .... 4293 packets received, 7140 bps, 89.25%, Err 99 (1.0e-05)
1234.342 .... 4301 packets received, 7141 bps, 89.26%, Err 99 (1.0e-05)
1236.449 .... 4309 packets received, 7142 bps, 89.28%, Err 99 (1.0e-05)
1238.803 .... 4313 packets received, 7135 bps, 89.19%, Err 100 (1.0e-05)
1240.922 .... 4325 packets received, 7143 bps, 89.29%, Err 100 (1.0e-05)
1243.048 .... 4333 packets received, 7144 bps, 89.30%, Err 100 (1.0e-05)
1245.162 .... 4341 packets received, 7145 bps, 89.31%, Err 100 (1.0e-05)
1247.248 .... 4349 packets received, 7146 bps, 89.33%, Err 100 (1.0e-05)
1249.366 .... 4357 packets received, 7147 bps, 89.34%, Err 100 (1.0e-05)
1251.498 .... 4365 packets received, 7148 bps, 89.35%, Err 100 (1.0e-05)
1253.597 .... 4373 packets received, 7149 bps, 89.36%, Err 100 (1.0e-05)
1255.735 .... 4381 packets received, 7150 bps, 89.37%, Err 100 (1.0e-05)
1257.821 .... 4389 packets received, 7151 bps, 89.39%, Err 100 (9.9e-06)
1259.936 .... 4397 packets received, 7152 bps, 89.40%, Err 100 (9.9e-06)
1263.392 .... 4405 packets received, 7145 bps, 89.32%, Err 101 (1.0e-05)
1265.512 .... 4417 packets received, 7153 bps, 89.41%, Err 101 (1.0e-05)
1268.661 .... 4424 packets received, 7146 bps, 89.33%, Err 102 (1.0e-05)
1270.796 .... 4436 packets received, 7154 bps, 89.42%, Err 102 (1.0e-05)
1272.883 .... 4444 packets received, 7155 bps, 89.44%, Err 102 (1.0e-05)
1275.003 .... 4452 packets received, 7156 bps, 89.45%, Err 102 (1.0e-05)
1277.907 .... 4458 packets received, 7149 bps, 89.37%, Err 103 (1.0e-05)
1280.042 .... 4470 packets received, 7157 bps, 89.46%, Err 103 (1.0e-05)
1282.133 .... 4478 packets received, 7158 bps, 89.47%, Err 103 (1.0e-05)
1284.262 .... 4486 packets received, 7159 bps, 89.48%, Err 103 (1.0e-05)
1286.349 .... 4494 packets received, 7160 bps, 89.50%, Err 103 (1.0e-05)
1288.464 .... 4501 packets received, 7159 bps, 89.49%, Err 104 (1.0e-05)
1290.608 .... 4509 packets received, 7160 bps, 89.50%, Err 104 (1.0e-05)
1292.703 .... 4517 packets received, 7161 bps, 89.51%, Err 104 (1.0e-05)
1294.802 .... 4525 packets received, 7162 bps, 89.52%, Err 104 (1.0e-05)
1296.914 .... 4533 packets received, 7163 bps, 89.54%, Err 104 (1.0e-05)
1299.040 .... 4541 packets received, 7164 bps, 89.55%, Err 104 (1.0e-05)
1301.143 .... 4549 packets received, 7165 bps, 89.56%, Err 104 (1.0e-05)
1303.276 .... 4557 packets received, 7166 bps, 89.57%, Err 104 (1.0e-05)
1305.392 .... 4561 packets received, 7160 bps, 89.50%, Err 105 (1.0e-05)
1307.516 .... 4572 packets received, 7166 bps, 89.57%, Err 105 (1.0e-05)
1309.619 .... 4580 packets received, 7167 bps, 89.59%, Err 105 (1.0e-05)
1311.734 .... 4588 packets received, 7168 bps, 89.60%, Err 105 (1.0e-05)
1313.846 .... 4596 packets received, 7169 bps, 89.61%, Err 105 (1.0e-05)
1315.956 .... 4604 packets received, 7170 bps, 89.62%, Err 105 (1.0e-05)
1318.053 .... 4612 packets received, 7171 bps, 89.64%, Err 105 (1.0e-05)
1320.182 .... 4620 packets received, 7172 bps, 89.65%, Err 105 (9.9e-06)
1322.289 .... 4627 packets received, 7171 bps, 89.64%, Err 106 (1.0e-05)
1324.663 .... 4632 packets received, 7166 bps, 89.57%, Err 107 (1.0e-05)
1326.776 .... 4643 packets received, 7172 bps, 89.64%, Err 107 (1.0e-05)
1328.876 .... 4651 packets received, 7173 bps, 89.66%, Err 107 (1.0e-05)
1330.991 .... 4658 packets received, 7172 bps, 89.65%, Err 108 (1.0e-05)
1333.120 .... 4666 packets received, 7173 bps, 89.66%, Err 108 (1.0e-05)
1335.222 .... 4674 packets received, 7174 bps, 89.67%, Err 108 (1.0e-05)
1337.345 .... 4682 packets received, 7175 bps, 89.68%, Err 108 (1.0e-05)
1339.445 .... 4690 packets received, 7176 bps, 89.69%, Err 108 (1.0e-05)
1341.560 .... 4698 packets received, 7176 bps, 89.71%, Err 108 (1.0e-05)
1343.677 .... 4706 packets received, 7177 bps, 89.72%, Err 108 (1.0e-05)
1345.787 .... 4714 packets received, 7178 bps, 89.73%, Err 108 (1.0e-05)
1347.903 .... 4722 packets received, 7179 bps, 89.74%, Err 108 (1.0e-05)
1350.004 .... 4730 packets received, 7180 bps, 89.75%, Err 108 (1.0e-05)
1352.135 .... 4738 packets received, 7181 bps, 89.76%, Err 108 (1.0e-05)
1354.233 .... 4742 packets received, 7176 bps, 89.70%, Err 109 (1.0e-05)
1356.345 .... 4753 packets received, 7181 bps, 89.77%, Err 109 (1.0e-05)
1358.446 .... 4760 packets received, 7181 bps, 89.76%, Err 110 (1.0e-05)
1360.573 .... 4768 packets received, 7182 bps, 89.77%, Err 110 (1.0e-05)
1362.673 .... 4776 packets received, 7182 bps, 89.78%, Err 110 (1.0e-05)
1364.802 .... 4784 packets received, 7183 bps, 89.79%, Err 110 (1.0e-05)
1366.905 .... 4792 packets received, 7184 bps, 89.80%, Err 110 (1.0e-05)
1369.003 .... 4800 packets received, 7185 bps, 89.81%, Err 110 (1.0e-05)
1371.148 .... 4808 packets received, 7186 bps, 89.82%, Err 110 (1.0e-05)
1373.254 .... 4816 packets received, 7187 bps, 89.83%, Err 110 (1.0e-05)
1375.352 .... 4820 packets received, 7182 bps, 89.77%, Err 111 (1.0e-05)
1377.467 .... 4831 packets received, 7187 bps, 89.84%, Err 112 (1.0e-05)
1379.579 .... 4839 packets received, 7188 bps, 89.85%, Err 112 (1.0e-05)
1381.710 .... 4846 packets received, 7187 bps, 89.84%, Err 113 (1.0e-05)
1383.813 .... 4854 packets received, 7188 bps, 89.85%, Err 113 (1.0e-05)
1385.928 .... 4862 packets received, 7189 bps, 89.86%, Err 113 (1.0e-05)
1388.029 .... 4870 packets received, 7190 bps, 89.87%, Err 113 (1.0e-05)
1390.145 .... 4878 packets received, 7191 bps, 89.89%, Err 113 (1.0e-05)
1392.260 .... 4886 packets received, 7192 bps, 89.90%, Err 113 (1.0e-05)
1394.377 .... 4894 packets received, 7192 bps, 89.91%, Err 113 (1.0e-05)
1396.463 .... 4902 packets received, 7193 bps, 89.92%, Err 113 (1.0e-05)
1398.596 .... 4910 packets received, 7194 bps, 89.93%, Err 113 (1.0e-05)
1400.699 .... 4917 packets received, 7194 bps, 89.92%, Err 114 (1.0e-05)
1402.817 .... 4925 packets received, 7194 bps, 89.93%, Err 114 (1.0e-05)
1404.938 .... 4933 packets received, 7195 bps, 89.94%, Err 114 (1.0e-05)
1407.056 .... 4941 packets received, 7196 bps, 89.95%, Err 114 (1.0e-05)
1409.176 .... 4945 packets received, 7191 bps, 89.89%, Err 115 (1.0e-05)
1411.278 .... 4956 packets received, 7196 bps, 89.95%, Err 115 (1.0e-05)
1413.380 .... 4964 packets received, 7197 bps, 89.97%, Err 115 (1.0e-05)
1415.512 .... 4972 packets received, 7198 bps, 89.97%, Err 115 (1.0e-05)
1417.614 .... 4980 packets received, 7199 bps, 89.99%, Err 115 (1.0e-05)
1419.732 .... 4988 packets received, 7200 bps, 90.00%, Err 115 (1.0e-05)
1421.834 .... 4996 packets received, 7201 bps, 90.01%, Err 115 (1.0e-05)
1423.950 .... 5003 packets received, 7200 bps, 90.00%, Err 116 (1.0e-05)
1426.070 .... 5011 packets received, 7201 bps, 90.01%, Err 116 (1.0e-05)
1428.173 .... 5019 packets received, 7202 bps, 90.02%, Err 116 (1.0e-05)
1430.256 .... 5027 packets received, 7203 bps, 90.03%, Err 116 (1.0e-05)
1432.386 .... 5035 packets received, 7203 bps, 90.04%, Err 116 (1.0e-05)
1434.517 .... 5043 packets received, 7204 bps, 90.05%, Err 116 (1.0e-05)
1436.633 .... 5051 packets received, 7205 bps, 90.06%, Err 116 (1.0e-05)
1438.719 .... 5059 packets received, 7206 bps, 90.07%, Err 116 (1.0e-05)
1440.820 .... 5067 packets received, 7207 bps, 90.08%, Err 116 (1.0e-05)
1442.937 .... 5075 packets received, 7207 bps, 90.09%, Err 116 (1.0e-05)
1445.057 .... 5083 packets received, 7208 bps, 90.10%, Err 116 (1.0e-05)
1447.159 .... 5091 packets received, 7209 bps, 90.11%, Err 116 (1.0e-05)
1449.286 .... 5099 packets received, 7210 bps, 90.12%, Err 116 (1.0e-05)
1451.414 .... 5107 packets received, 7210 bps, 90.13%, Err 116 (1.0e-05)
1453.502 .... 5115 packets received, 7211 bps, 90.14%, Err 116 (1.0e-05)
1455.619 .... 5123 packets received, 7212 bps, 90.15%, Err 116 (1.0e-05)
1457.728 .... 5131 packets received, 7213 bps, 90.16%, Err 116 (1.0e-05)
1459.848 .... 5139 packets received, 7214 bps, 90.17%, Err 116 (9.9e-06)
1461.968 .... 5147 packets received, 7214 bps, 90.18%, Err 116 (9.9e-06)
1464.073 .... 5155 packets received, 7215 bps, 90.19%, Err 116 (9.9e-06)
1466.186 .... 5163 packets received, 7216 bps, 90.20%, Err 116 (9.9e-06)
1468.317 .... 5171 packets received, 7217 bps, 90.21%, Err 116 (9.9e-06)
1470.428 .... 5179 packets received, 7217 bps, 90.22%, Err 116 (9.9e-06)
1472.543 .... 5187 packets received, 7218 bps, 90.23%, Err 116 (9.9e-06)
1474.640 .... 5191 packets received, 7214 bps, 90.17%, Err 117 (9.9e-06)
1476.758 .... 5202 packets received, 7218 bps, 90.23%, Err 117 (9.9e-06)
1478.874 .... 5210 packets received, 7219 bps, 90.24%, Err 117 (9.9e-06)
1480.995 .... 5218 packets received, 7220 bps, 90.25%, Err 117 (9.9e-06)
1483.091 .... 5226 packets received, 7221 bps, 90.26%, Err 117 (9.9e-06)
1485.998 .... 5233 packets received, 7216 bps, 90.20%, Err 118 (9.9e-06)
1488.625 .... 5242 packets received, 7216 bps, 90.20%, Err 119 (1.0e-05)
1490.737 .... 5253 packets received, 7221 bps, 90.26%, Err 119 (1.0e-05)
1492.855 .... 5261 packets received, 7222 bps, 90.27%, Err 119 (1.0e-05)
1494.999 .... 5269 packets received, 7222 bps, 90.28%, Err 119 (1.0e-05)
1497.083 .... 5277 packets received, 7223 bps, 90.29%, Err 119 (9.9e-06)
1499.215 .... 5285 packets received, 7224 bps, 90.30%, Err 119 (9.9e-06)
1501.331 .... 5293 packets received, 7224 bps, 90.31%, Err 119 (9.9e-06)
1503.460 .... 5301 packets received, 7225 bps, 90.31%, Err 119 (9.9e-06)
1505.561 .... 5309 packets received, 7226 bps, 90.32%, Err 120 (1.0e-05)
1507.663 .... 5317 packets received, 7227 bps, 90.33%, Err 120 (1.0e-05)
1509.780 .... 5325 packets received, 7227 bps, 90.34%, Err 120 (9.9e-06)
1511.896 .... 5332 packets received, 7227 bps, 90.33%, Err 121 (1.0e-05)
1514.008 .... 5340 packets received, 7227 bps, 90.34%, Err 121 (1.0e-05)
1516.127 .... 5348 packets received, 7228 bps, 90.35%, Err 121 (1.0e-05)
1518.231 .... 5356 packets received, 7229 bps, 90.36%, Err 121 (1.0e-05)
1520.333 .... 5364 packets received, 7230 bps, 90.37%, Err 121 (1.0e-05)
1522.452 .... 5372 packets received, 7230 bps, 90.38%, Err 121 (9.9e-06)
1524.542 .... 5380 packets received, 7231 bps, 90.39%, Err 121 (9.9e-06)
1526.674 .... 5388 packets received, 7232 bps, 90.40%, Err 121 (9.9e-06)
1528.782 .... 5395 packets received, 7231 bps, 90.39%, Err 122 (1.0e-05)
1531.698 .... 5402 packets received, 7227 bps, 90.34%, Err 123 (1.0e-05)
1533.798 .... 5413 packets received, 7232 bps, 90.40%, Err 123 (1.0e-05)
1535.897 .... 5421 packets received, 7233 bps, 90.41%, Err 123 (1.0e-05)
1538.028 .... 5429 packets received, 7233 bps, 90.41%, Err 123 (1.0e-05)
1540.144 .... 5437 packets received, 7234 bps, 90.42%, Err 123 (1.0e-05)
1542.255 .... 5445 packets received, 7235 bps, 90.43%, Err 123 (1.0e-05)
1544.370 .... 5453 packets received, 7235 bps, 90.44%, Err 123 (1.0e-05)
1546.487 .... 5461 packets received, 7236 bps, 90.45%, Err 123 (9.9e-06)
1548.591 .... 5469 packets received, 7237 bps, 90.46%, Err 123 (9.9e-06)
1550.693 .... 5477 packets received, 7237 bps, 90.47%, Err 123 (9.9e-06)
1552.821 .... 5485 packets received, 7238 bps, 90.48%, Err 123 (9.9e-06)
1554.919 .... 5493 packets received, 7239 bps, 90.49%, Err 123 (9.9e-06)
1557.035 .... 5501 packets received, 7240 bps, 90.49%, Err 123 (9.9e-06)
1559.155 .... 5509 packets received, 7240 bps, 90.50%, Err 123 (9.9e-06)
1561.271 .... 5517 packets received, 7241 bps, 90.51%, Err 123 (9.9e-06)
1563.379 .... 5521 packets received, 7236 bps, 90.45%, Err 124 (9.9e-06)
1565.478 .... 5532 packets received, 7241 bps, 90.51%, Err 124 (9.9e-06)
1567.586 .... 5540 packets received, 7242 bps, 90.52%, Err 124 (9.9e-06)
1569.685 .... 5548 packets received, 7243 bps, 90.53%, Err 124 (9.9e-06)
1571.814 .... 5556 packets received, 7243 bps, 90.54%, Err 124 (9.9e-06)
1573.929 .... 5564 packets received, 7244 bps, 90.55%, Err 125 (9.9e-06)
1576.570 .... 5570 packets received, 7239 bps, 90.49%, Err 126 (1.0e-05)
1578.696 .... 5581 packets received, 7244 bps, 90.55%, Err 127 (1.0e-05)
1580.820 .... 5589 packets received, 7245 bps, 90.56%, Err 127 (1.0e-05)
1582.911 .... 5597 packets received, 7245 bps, 90.57%, Err 127 (1.0e-05)
1585.028 .... 5605 packets received, 7246 bps, 90.58%, Err 127 (1.0e-05)
1587.141 .... 5613 packets received, 7247 bps, 90.58%, Err 128 (1.0e-05)
1589.258 .... 5621 packets received, 7247 bps, 90.59%, Err 128 (1.0e-05)
1591.357 .... 5629 packets received, 7248 bps, 90.60%, Err 128 (1.0e-05)
1593.474 .... 5637 packets received, 7249 bps, 90.61%, Err 128 (1.0e-05)
1595.604 .... 5645 packets received, 7249 bps, 90.62%, Err 128 (1.0e-05)
1597.702 .... 5653 packets received, 7250 bps, 90.63%, Err 128 (1.0e-05)
1599.804 .... 5661 packets received, 7251 bps, 90.64%, Err 128 (1.0e-05)
1602.186 .... 5666 packets received, 7246 bps, 90.58%, Err 129 (1.0e-05)
1604.290 .... 5677 packets received, 7251 bps, 90.64%, Err 129 (1.0e-05)
1606.406 .... 5685 packets received, 7252 bps, 90.65%, Err 129 (1.0e-05)
1608.508 .... 5693 packets received, 7252 bps, 90.65%, Err 129 (1.0e-05)
1610.639 .... 5701 packets received, 7253 bps, 90.66%, Err 129 (1.0e-05)
1612.760 .... 5709 packets received, 7254 bps, 90.67%, Err 129 (1.0e-05)
1614.845 .... 5713 packets received, 7249 bps, 90.62%, Err 130 (1.0e-05)
1616.972 .... 5724 packets received, 7254 bps, 90.67%, Err 130 (1.0e-05)
1619.075 .... 5732 packets received, 7254 bps, 90.68%, Err 130 (1.0e-05)
1621.206 .... 5740 packets received, 7255 bps, 90.69%, Err 130 (1.0e-05)
1623.310 .... 5748 packets received, 7256 bps, 90.70%, Err 130 (1.0e-05)
1625.411 .... 5756 packets received, 7256 bps, 90.70%, Err 130 (1.0e-05)
1627.521 .... 5764 packets received, 7257 bps, 90.71%, Err 130 (1.0e-05)
1629.640 .... 5772 packets received, 7258 bps, 90.72%, Err 130 (1.0e-05)
1631.762 .... 5780 packets received, 7258 bps, 90.73%, Err 130 (1.0e-05)
1633.880 .... 5788 packets received, 7259 bps, 90.74%, Err 130 (9.9e-06)
1635.993 .... 5796 packets received, 7259 bps, 90.74%, Err 130 (9.9e-06)
1638.108 .... 5804 packets received, 7260 bps, 90.75%, Err 131 (1.0e-05)
1640.223 .... 5812 packets received, 7261 bps, 90.76%, Err 131 (1.0e-05)
1642.341 .... 5820 packets received, 7261 bps, 90.77%, Err 131 (1.0e-05)
1644.444 .... 5828 packets received, 7262 bps, 90.77%, Err 131 (1.0e-05)
1646.574 .... 5836 packets received, 7263 bps, 90.78%, Err 131 (9.9e-06)
1648.678 .... 5844 packets received, 7263 bps, 90.79%, Err 131 (9.9e-06)
1651.581 .... 5851 packets received, 7259 bps, 90.74%, Err 132 (1.0e-05)
1653.692 .... 5862 packets received, 7263 bps, 90.79%, Err 132 (1.0e-05)
1655.793 .... 5870 packets received, 7264 bps, 90.80%, Err 132 (1.0e-05)
1657.921 .... 5878 packets received, 7265 bps, 90.81%, Err 132 (1.0e-05)
1660.033 .... 5886 packets received, 7265 bps, 90.82%, Err 132 (9.9e-06)
1662.135 .... 5894 packets received, 7266 bps, 90.83%, Err 132 (9.9e-06)
1664.244 .... 5902 packets received, 7267 bps, 90.83%, Err 132 (9.9e-06)
1666.362 .... 5910 packets received, 7267 bps, 90.84%, Err 132 (9.9e-06)
1668.487 .... 5917 packets received, 7267 bps, 90.83%, Err 133 (1.0e-05)
1670.593 .... 5925 packets received, 7267 bps, 90.84%, Err 133 (1.0e-05)
1672.707 .... 5933 packets received, 7268 bps, 90.85%, Err 133 (9.9e-06)
1674.830 .... 5941 packets received, 7268 bps, 90.86%, Err 133 (9.9e-06)
1676.925 .... 5949 packets received, 7269 bps, 90.86%, Err 133 (9.9e-06)
1679.040 .... 5956 packets received, 7268 bps, 90.86%, Err 135 (1.0e-05)
1682.205 .... 5963 packets received, 7263 bps, 90.79%, Err 136 (1.0e-05)
1684.335 .... 5974 packets received, 7268 bps, 90.84%, Err 136 (1.0e-05)
1686.409 .... 5982 packets received, 7268 bps, 90.85%, Err 136 (1.0e-05)
1688.538 .... 5990 packets received, 7269 bps, 90.86%, Err 136 (1.0e-05)
1690.635 .... 5998 packets received, 7270 bps, 90.87%, Err 136 (1.0e-05)
1692.746 .... 6006 packets received, 7270 bps, 90.88%, Err 136 (1.0e-05)
1694.863 .... 6014 packets received, 7271 bps, 90.88%, Err 136 (1.0e-05)
1696.966 .... 6022 packets received, 7271 bps, 90.89%, Err 136 (1.0e-05)
1699.100 .... 6030 packets received, 7272 bps, 90.90%, Err 136 (1.0e-05)
1701.221 .... 6038 packets received, 7272 bps, 90.91%, Err 136 (1.0e-05)
1703.320 .... 6046 packets received, 7273 bps, 90.91%, Err 136 (1.0e-05)
1705.418 .... 6054 packets received, 7274 bps, 90.92%, Err 136 (1.0e-05)
1707.544 .... 6062 packets received, 7274 bps, 90.93%, Err 136 (1.0e-05)
1709.680 .... 6070 packets received, 7275 bps, 90.93%, Err 136 (9.9e-06)
1711.779 .... 6078 packets received, 7275 bps, 90.94%, Err 136 (9.9e-06)
1713.892 .... 6086 packets received, 7276 bps, 90.95%, Err 136 (9.9e-06)
1715.993 .... 6094 packets received, 7277 bps, 90.96%, Err 136 (9.9e-06)
1718.110 .... 6102 packets received, 7277 bps, 90.97%, Err 136 (9.9e-06)
1720.744 .... 6108 packets received, 7273 bps, 90.92%, Err 137 (1.0e-05)
1722.875 .... 6115 packets received, 7273 bps, 90.91%, Err 138 (1.0e-05)
1724.973 .... 6126 packets received, 7277 bps, 90.96%, Err 138 (1.0e-05)
1727.102 .... 6134 packets received, 7277 bps, 90.97%, Err 138 (1.0e-05)
1729.211 .... 6142 packets received, 7278 bps, 90.97%, Err 138 (1.0e-05)
1731.334 .... 6146 packets received, 7274 bps, 90.92%, Err 139 (1.0e-05)
1733.442 .... 6157 packets received, 7278 bps, 90.97%, Err 139 (1.0e-05)
1735.566 .... 6165 packets received, 7278 bps, 90.98%, Err 139 (1.0e-05)
1737.680 .... 6173 packets received, 7279 bps, 90.99%, Err 139 (1.0e-05)
1739.784 .... 6181 packets received, 7280 bps, 90.99%, Err 139 (1.0e-05)
1741.884 .... 6189 packets received, 7280 bps, 91.00%, Err 139 (1.0e-05)
1744.264 .... 6194 packets received, 7276 bps, 90.95%, Err 140 (1.0e-05)
1746.390 .... 6205 packets received, 7280 bps, 91.00%, Err 142 (1.0e-05)
1748.502 .... 6213 packets received, 7281 bps, 91.01%, Err 142 (1.0e-05)
1750.614 .... 6221 packets received, 7281 bps, 91.02%, Err 142 (1.0e-05)
1752.702 .... 6229 packets received, 7282 bps, 91.03%, Err 142 (1.0e-05)
1754.808 .... 6237 packets received, 7283 bps, 91.03%, Err 142 (1.0e-05)
1756.936 .... 6245 packets received, 7283 bps, 91.04%, Err 142 (1.0e-05)
1759.050 .... 6253 packets received, 7284 bps, 91.05%, Err 142 (1.0e-05)
1761.151 .... 6261 packets received, 7284 bps, 91.05%, Err 142 (1.0e-05)
1763.264 .... 6269 packets received, 7285 bps, 91.06%, Err 142 (1.0e-05)
1765.383 .... 6277 packets received, 7285 bps, 91.07%, Err 142 (1.0e-05)
1767.510 .... 6281 packets received, 7281 bps, 91.02%, Err 143 (1.0e-05)
1769.614 .... 6292 packets received, 7285 bps, 91.07%, Err 143 (1.0e-05)
1771.715 .... 6300 packets received, 7286 bps, 91.07%, Err 143 (1.0e-05)
1773.842 .... 6308 packets received, 7286 bps, 91.08%, Err 143 (1.0e-05)
1775.932 .... 6312 packets received, 7282 bps, 91.03%, Err 144 (1.0e-05)
1778.048 .... 6323 packets received, 7286 bps, 91.08%, Err 144 (1.0e-05)
1780.172 .... 6331 packets received, 7287 bps, 91.09%, Err 144 (1.0e-05)
1782.272 .... 6339 packets received, 7288 bps, 91.10%, Err 144 (1.0e-05)
1784.402 .... 6347 packets received, 7288 bps, 91.10%, Err 144 (1.0e-05)
1786.516 .... 6355 packets received, 7289 bps, 91.11%, Err 144 (1.0e-05)
1788.606 .... 6363 packets received, 7289 bps, 91.12%, Err 144 (1.0e-05)
1790.721 .... 6370 packets received, 7289 bps, 91.11%, Err 145 (1.0e-05)
1792.849 .... 6378 packets received, 7289 bps, 91.11%, Err 145 (1.0e-05)
1794.938 .... 6386 packets received, 7290 bps, 91.12%, Err 145 (1.0e-05)
1797.064 .... 6394 packets received, 7290 bps, 91.13%, Err 145 (1.0e-05)
1799.151 .... 6402 packets received, 7291 bps, 91.14%, Err 145 (1.0e-05)
1801.279 .... 6410 packets received, 7291 bps, 91.14%, Err 145 (1.0e-05)
1803.413 .... 6418 packets received, 7292 bps, 91.15%, Err 145 (1.0e-05)
1805.504 .... 6426 packets received, 7293 bps, 91.16%, Err 145 (1.0e-05)
1807.618 .... 6434 packets received, 7293 bps, 91.16%, Err 145 (1.0e-05)
1809.732 .... 6442 packets received, 7294 bps, 91.17%, Err 145 (1.0e-05)
1811.835 .... 6450 packets received, 7294 bps, 91.18%, Err 145 (1.0e-05)
1813.986 .... 6458 packets received, 7295 bps, 91.18%, Err 146 (1.0e-05)
1816.077 .... 6465 packets received, 7294 bps, 91.18%, Err 146 (1.0e-05)
1818.213 .... 6473 packets received, 7294 bps, 91.18%, Err 146 (1.0e-05)
1820.326 .... 6481 packets received, 7295 bps, 91.19%, Err 146 (1.0e-05)
1822.443 .... 6489 packets received, 7296 bps, 91.19%, Err 146 (1.0e-05)
1824.568 .... 6497 packets received, 7296 bps, 91.20%, Err 146 (1.0e-05)
1826.703 .... 6505 packets received, 7296 bps, 91.21%, Err 146 (1.0e-05)
1829.108 .... 6509 packets received, 7291 bps, 91.14%, Err 147 (1.0e-05)
1831.213 .... 6521 packets received, 7296 bps, 91.20%, Err 147 (1.0e-05)
1833.355 .... 6529 packets received, 7297 bps, 91.21%, Err 147 (1.0e-05)
1835.456 .... 6537 packets received, 7297 bps, 91.22%, Err 147 (1.0e-05)
1837.589 .... 6545 packets received, 7298 bps, 91.22%, Err 147 (1.0e-05)
1839.727 .... 6553 packets received, 7298 bps, 91.23%, Err 147 (1.0e-05)
1841.856 .... 6561 packets received, 7299 bps, 91.23%, Err 147 (1.0e-05)
1843.957 .... 6569 packets received, 7299 bps, 91.24%, Err 147 (1.0e-05)
1846.078 .... 6577 packets received, 7300 bps, 91.25%, Err 147 (1.0e-05)
1848.188 .... 6585 packets received, 7300 bps, 91.25%, Err 147 (9.9e-06)
1850.280 .... 6593 packets received, 7301 bps, 91.26%, Err 147 (9.9e-06)
1852.399 .... 6601 packets received, 7301 bps, 91.27%, Err 147 (9.9e-06)
1854.520 .... 6609 packets received, 7302 bps, 91.27%, Err 147 (9.9e-06)
1856.623 .... 6617 packets received, 7302 bps, 91.28%, Err 147 (9.9e-06)
1858.743 .... 6625 packets received, 7303 bps, 91.29%, Err 147 (9.9e-06)
1860.850 .... 6633 packets received, 7303 bps, 91.29%, Err 147 (9.9e-06)
1862.966 .... 6641 packets received, 7304 bps, 91.30%, Err 147 (9.9e-06)
1865.086 .... 6649 packets received, 7304 bps, 91.31%, Err 147 (9.9e-06)
1867.173 .... 6657 packets received, 7305 bps, 91.31%, Err 147 (9.8e-06)
1869.289 .... 6664 packets received, 7304 bps, 91.31%, Err 148 (9.9e-06)
1871.433 .... 6672 packets received, 7305 bps, 91.31%, Err 148 (9.9e-06)
1873.533 .... 6680 packets received, 7305 bps, 91.32%, Err 148 (9.9e-06)
1875.651 .... 6688 packets received, 7306 bps, 91.32%, Err 148 (9.9e-06)
1878.264 .... 6694 packets received, 7302 bps, 91.28%, Err 149 (9.9e-06)
1881.452 .... 6705 packets received, 7302 bps, 91.27%, Err 150 (1.0e-05)
1884.337 .... 6715 packets received, 7302 bps, 91.27%, Err 152 (1.0e-05)
1886.462 .... 6726 packets received, 7305 bps, 91.32%, Err 152 (1.0e-05)
1888.584 .... 6734 packets received, 7306 bps, 91.32%, Err 153 (1.0e-05)
1890.703 .... 6742 packets received, 7306 bps, 91.33%, Err 153 (1.0e-05)
1892.810 .... 6750 packets received, 7307 bps, 91.33%, Err 153 (1.0e-05)
1894.925 .... 6758 packets received, 7307 bps, 91.34%, Err 153 (1.0e-05)
1897.027 .... 6766 packets received, 7308 bps, 91.35%, Err 153 (1.0e-05)
1899.161 .... 6774 packets received, 7308 bps, 91.35%, Err 153 (1.0e-05)
1901.526 .... 6779 packets received, 7304 bps, 91.31%, Err 154 (1.0e-05)
1903.642 .... 6790 packets received, 7308 bps, 91.35%, Err 154 (1.0e-05)
1905.741 .... 6798 packets received, 7309 bps, 91.36%, Err 154 (1.0e-05)
1907.876 .... 6806 packets received, 7309 bps, 91.36%, Err 154 (1.0e-05)
1909.994 .... 6814 packets received, 7310 bps, 91.37%, Err 154 (1.0e-05)
1912.094 .... 6822 packets received, 7310 bps, 91.38%, Err 154 (1.0e-05)
1914.208 .... 6830 packets received, 7311 bps, 91.38%, Err 154 (1.0e-05)
1916.321 .... 6838 packets received, 7311 bps, 91.39%, Err 154 (1.0e-05)
1918.968 .... 6844 packets received, 7307 bps, 91.34%, Err 155 (1.0e-05)
1921.076 .... 6855 packets received, 7311 bps, 91.39%, Err 155 (1.0e-05)
1923.184 .... 6863 packets received, 7312 bps, 91.40%, Err 155 (1.0e-05)
1925.285 .... 6871 packets received, 7312 bps, 91.40%, Err 155 (1.0e-05)
1927.402 .... 6879 packets received, 7313 bps, 91.41%, Err 155 (1.0e-05)
1929.527 .... 6887 packets received, 7313 bps, 91.41%, Err 155 (1.0e-05)
1931.638 .... 6895 packets received, 7314 bps, 91.42%, Err 155 (1.0e-05)
1933.751 .... 6903 packets received, 7314 bps, 91.43%, Err 155 (1.0e-05)
1935.854 .... 6911 packets received, 7315 bps, 91.43%, Err 155 (1.0e-05)
1938.756 .... 6918 packets received, 7311 bps, 91.39%, Err 156 (1.0e-05)
1940.858 .... 6929 packets received, 7315 bps, 91.43%, Err 156 (1.0e-05)
1942.978 .... 6937 packets received, 7315 bps, 91.44%, Err 156 (1.0e-05)
1945.092 .... 6945 packets received, 7316 bps, 91.45%, Err 156 (1.0e-05)
1947.194 .... 6953 packets received, 7316 bps, 91.45%, Err 156 (1.0e-05)
1949.296 .... 6961 packets received, 7317 bps, 91.46%, Err 156 (1.0e-05)
1951.417 .... 6969 packets received, 7317 bps, 91.46%, Err 156 (1.0e-05)
1953.551 .... 6977 packets received, 7318 bps, 91.47%, Err 156 (1.0e-05)
1955.649 .... 6984 packets received, 7317 bps, 91.46%, Err 157 (1.0e-05)
1957.773 .... 6992 packets received, 7317 bps, 91.47%, Err 157 (1.0e-05)
1959.886 .... 7000 packets received, 7318 bps, 91.47%, Err 157 (1.0e-05)
1961.983 .... 7008 packets received, 7318 bps, 91.48%, Err 157 (1.0e-05)
1964.631 .... 7014 packets received, 7315 bps, 91.44%, Err 158 (1.0e-05)
1966.755 .... 7025 packets received, 7318 bps, 91.48%, Err 158 (1.0e-05)
1968.865 .... 7033 packets received, 7319 bps, 91.49%, Err 158 (1.0e-05)
1971.762 .... 7040 packets received, 7315 bps, 91.44%, Err 159 (1.0e-05)
1973.870 .... 7051 packets received, 7319 bps, 91.49%, Err 159 (1.0e-05)
1976.003 .... 7059 packets received, 7319 bps, 91.49%, Err 159 (1.0e-05)
1978.085 .... 7067 packets received, 7320 bps, 91.50%, Err 159 (1.0e-05)
1980.211 .... 7075 packets received, 7320 bps, 91.50%, Err 159 (1.0e-05)
1982.322 .... 7083 packets received, 7321 bps, 91.51%, Err 159 (1.0e-05)
1984.448 .... 7091 packets received, 7321 bps, 91.52%, Err 159 (1.0e-05)
1986.560 .... 7099 packets received, 7322 bps, 91.52%, Err 159 (1.0e-05)
1988.669 .... 7107 packets received, 7322 bps, 91.53%, Err 159 (1.0e-05)
1990.773 .... 7114 packets received, 7322 bps, 91.52%, Err 160 (1.0e-05)
1992.873 .... 7122 packets received, 7322 bps, 91.53%, Err 160 (1.0e-05)
1994.990 .... 7130 packets received, 7323 bps, 91.53%, Err 160 (1.0e-05)
1997.104 .... 7138 packets received, 7323 bps, 91.54%, Err 160 (1.0e-05)
1999.221 .... 7146 packets received, 7323 bps, 91.54%, Err 160 (1.0e-05)
2001.336 .... 7154 packets received, 7324 bps, 91.55%, Err 160 (1.0e-05)
2003.435 .... 7162 packets received, 7324 bps, 91.56%, Err 160 (1.0e-05)
2005.539 .... 7170 packets received, 7325 bps, 91.56%, Err 160 (1.0e-05)
2007.653 .... 7178 packets received, 7325 bps, 91.57%, Err 160 (1.0e-05)
2009.775 .... 7186 packets received, 7326 bps, 91.57%, Err 160 (1.0e-05)
2011.891 .... 7194 packets received, 7326 bps, 91.58%, Err 160 (9.9e-06)
2014.006 .... 7202 packets received, 7327 bps, 91.58%, Err 160 (9.9e-06)
2016.138 .... 7210 packets received, 7327 bps, 91.59%, Err 160 (9.9e-06)
2018.260 .... 7218 packets received, 7327 bps, 91.59%, Err 160 (9.9e-06)
2020.386 .... 7226 packets received, 7328 bps, 91.60%, Err 160 (9.9e-06)
2022.511 .... 7234 packets received, 7328 bps, 91.60%, Err 160 (9.9e-06)
2024.640 .... 7242 packets received, 7329 bps, 91.61%, Err 160 (9.9e-06)
2026.772 .... 7250 packets received, 7329 bps, 91.61%, Err 160 (9.9e-06)
2028.870 .... 7258 packets received, 7330 bps, 91.62%, Err 160 (9.9e-06)
2031.017 .... 7266 packets received, 7330 bps, 91.62%, Err 161 (9.9e-06)
2033.146 .... 7274 packets received, 7330 bps, 91.63%, Err 161 (9.9e-06)
2035.258 .... 7282 packets received, 7331 bps, 91.63%, Err 161 (9.9e-06)
2037.397 .... 7290 packets received, 7331 bps, 91.64%, Err 161 (9.9e-06)
2039.511 .... 7298 packets received, 7331 bps, 91.64%, Err 161 (9.9e-06)
2041.634 .... 7306 packets received, 7332 bps, 91.65%, Err 161 (9.9e-06)
2043.776 .... 7314 packets received, 7332 bps, 91.65%, Err 161 (9.8e-06)
2045.914 .... 7322 packets received, 7333 bps, 91.66%, Err 161 (9.8e-06)
2048.015 .... 7330 packets received, 7333 bps, 91.66%, Err 161 (9.8e-06)
2050.162 .... 7338 packets received, 7333 bps, 91.67%, Err 161 (9.8e-06)
2052.274 .... 7346 packets received, 7334 bps, 91.67%, Err 161 (9.8e-06)
2054.410 .... 7354 packets received, 7334 bps, 91.68%, Err 161 (9.8e-06)
2056.524 .... 7362 packets received, 7335 bps, 91.68%, Err 161 (9.8e-06)
2059.709 .... 7369 packets received, 7330 bps, 91.63%, Err 162 (9.8e-06)
2061.830 .... 7381 packets received, 7335 bps, 91.68%, Err 162 (9.8e-06)
2063.972 .... 7389 packets received, 7335 bps, 91.69%, Err 162 (9.8e-06)
2066.095 .... 7397 packets received, 7335 bps, 91.69%, Err 162 (9.8e-06)
2068.216 .... 7405 packets received, 7336 bps, 91.70%, Err 163 (9.9e-06)
2070.328 .... 7412 packets received, 7335 bps, 91.69%, Err 163 (9.8e-06)
2072.466 .... 7420 packets received, 7335 bps, 91.69%, Err 163 (9.8e-06)
2074.575 .... 7428 packets received, 7336 bps, 91.70%, Err 163 (9.8e-06)
2076.709 .... 7436 packets received, 7336 bps, 91.70%, Err 163 (9.8e-06)
2078.803 .... 7443 packets received, 7336 bps, 91.70%, Err 164 (9.9e-06)
2080.917 .... 7450 packets received, 7335 bps, 91.69%, Err 166 (1.0e-05)
2083.053 .... 7457 packets received, 7335 bps, 91.68%, Err 166 (1.0e-05)
2085.145 .... 7465 packets received, 7335 bps, 91.69%, Err 166 (1.0e-05)
2087.279 .... 7473 packets received, 7335 bps, 91.69%, Err 166 (9.9e-06)
2089.375 .... 7481 packets received, 7336 bps, 91.70%, Err 166 (9.9e-06)
2092.556 .... 7489 packets received, 7333 bps, 91.66%, Err 167 (1.0e-05)
2094.655 .... 7500 packets received, 7336 bps, 91.70%, Err 167 (1.0e-05)
2096.767 .... 7508 packets received, 7336 bps, 91.70%, Err 167 (1.0e-05)
2098.885 .... 7516 packets received, 7337 bps, 91.71%, Err 167 (9.9e-06)
2101.003 .... 7524 packets received, 7337 bps, 91.71%, Err 168 (1.0e-05)
2103.107 .... 7531 packets received, 7337 bps, 91.71%, Err 168 (1.0e-05)
2105.729 .... 7537 packets received, 7333 bps, 91.67%, Err 169 (1.0e-05)
2107.862 .... 7548 packets received, 7337 bps, 91.71%, Err 169 (1.0e-05)
2109.971 .... 7556 packets received, 7337 bps, 91.71%, Err 169 (1.0e-05)
2112.075 .... 7564 packets received, 7337 bps, 91.72%, Err 169 (1.0e-05)
2114.221 .... 7572 packets received, 7338 bps, 91.72%, Err 169 (1.0e-05)
2116.304 .... 7580 packets received, 7338 bps, 91.73%, Err 169 (1.0e-05)
2118.419 .... 7588 packets received, 7339 bps, 91.73%, Err 169 (1.0e-05)
2120.538 .... 7596 packets received, 7339 bps, 91.74%, Err 169 (1.0e-05)
2122.653 .... 7604 packets received, 7340 bps, 91.74%, Err 170 (1.0e-05)
2124.739 .... 7612 packets received, 7340 bps, 91.75%, Err 170 (1.0e-05)
2126.883 .... 7619 packets received, 7339 bps, 91.74%, Err 171 (1.0e-05)
2128.987 .... 7627 packets received, 7340 bps, 91.75%, Err 172 (1.0e-05)
2131.096 .... 7634 packets received, 7339 bps, 91.74%, Err 172 (1.0e-05)
2133.211 .... 7642 packets received, 7340 bps, 91.75%, Err 172 (1.0e-05)
2135.333 .... 7650 packets received, 7340 bps, 91.75%, Err 172 (1.0e-05)
2137.438 .... 7658 packets received, 7340 bps, 91.76%, Err 172 (1.0e-05)
2139.547 .... 7666 packets received, 7341 bps, 91.76%, Err 172 (1.0e-05)
2141.668 .... 7674 packets received, 7341 bps, 91.77%, Err 172 (1.0e-05)
2143.772 .... 7682 packets received, 7342 bps, 91.77%, Err 172 (1.0e-05)
2145.895 .... 7690 packets received, 7342 bps, 91.78%, Err 172 (1.0e-05)
2148.001 .... 7698 packets received, 7343 bps, 91.78%, Err 172 (1.0e-05)
2150.091 .... 7706 packets received, 7343 bps, 91.79%, Err 172 (1.0e-05)
2152.228 .... 7714 packets received, 7343 bps, 91.79%, Err 172 (1.0e-05)
2154.863 .... 7720 packets received, 7340 bps, 91.75%, Err 173 (1.0e-05)
2156.982 .... 7727 packets received, 7339 bps, 91.74%, Err 174 (1.0e-05)
2160.129 .... 7738 packets received, 7339 bps, 91.74%, Err 175 (1.0e-05)
2162.243 .... 7749 packets received, 7342 bps, 91.78%, Err 175 (1.0e-05)
2164.361 .... 7757 packets received, 7343 bps, 91.79%, Err 175 (1.0e-05)
2166.485 .... 7765 packets received, 7343 bps, 91.79%, Err 175 (1.0e-05)
2168.600 .... 7773 packets received, 7344 bps, 91.80%, Err 175 (1.0e-05)
2170.687 .... 7781 packets received, 7344 bps, 91.80%, Err 175 (1.0e-05)
2172.813 .... 7789 packets received, 7344 bps, 91.81%, Err 175 (1.0e-05)
2174.913 .... 7797 packets received, 7345 bps, 91.81%, Err 175 (1.0e-05)
2177.042 .... 7805 packets received, 7345 bps, 91.82%, Err 175 (1.0e-05)
2179.938 .... 7812 packets received, 7342 bps, 91.78%, Err 176 (1.0e-05)
2182.049 .... 7823 packets received, 7345 bps, 91.82%, Err 176 (1.0e-05)
2184.161 .... 7831 packets received, 7346 bps, 91.82%, Err 176 (1.0e-05)
2186.274 .... 7839 packets received, 7346 bps, 91.83%, Err 176 (1.0e-05)
2188.398 .... 7847 packets received, 7346 bps, 91.83%, Err 176 (1.0e-05)
2190.511 .... 7855 packets received, 7347 bps, 91.84%, Err 176 (1.0e-05)
2192.626 .... 7863 packets received, 7347 bps, 91.84%, Err 176 (1.0e-05)
2194.713 .... 7871 packets received, 7348 bps, 91.85%, Err 176 (1.0e-05)
2197.365 .... 7877 packets received, 7344 bps, 91.81%, Err 177 (1.0e-05)
2199.479 .... 7888 packets received, 7348 bps, 91.84%, Err 177 (1.0e-05)
2201.566 .... 7896 packets received, 7348 bps, 91.85%, Err 177 (1.0e-05)
2203.695 .... 7904 packets received, 7348 bps, 91.86%, Err 177 (1.0e-05)
2205.812 .... 7912 packets received, 7349 bps, 91.86%, Err 177 (1.0e-05)
2207.916 .... 7920 packets received, 7349 bps, 91.87%, Err 177 (1.0e-05)
2210.036 .... 7928 packets received, 7350 bps, 91.87%, Err 177 (1.0e-05)
2212.135 .... 7936 packets received, 7350 bps, 91.88%, Err 177 (1.0e-05)
2214.252 .... 7944 packets received, 7350 bps, 91.88%, Err 177 (1.0e-05)
2216.628 .... 7948 packets received, 7346 bps, 91.83%, Err 179 (1.0e-05)
2218.726 .... 7959 packets received, 7349 bps, 91.87%, Err 179 (1.0e-05)
2220.846 .... 7967 packets received, 7350 bps, 91.87%, Err 179 (1.0e-05)
2222.954 .... 7975 packets received, 7350 bps, 91.88%, Err 179 (1.0e-05)
2225.055 .... 7983 packets received, 7351 bps, 91.88%, Err 179 (1.0e-05)
2227.188 .... 7991 packets received, 7351 bps, 91.89%, Err 179 (1.0e-05)
2229.303 .... 7999 packets received, 7351 bps, 91.89%, Err 179 (1.0e-05)
2231.408 .... 8007 packets received, 7352 bps, 91.90%, Err 179 (1.0e-05)
2233.528 .... 8015 packets received, 7352 bps, 91.90%, Err 179 (1.0e-05)
2235.642 .... 8023 packets received, 7352 bps, 91.91%, Err 179 (1.0e-05)
2237.761 .... 8031 packets received, 7353 bps, 91.91%, Err 179 (1.0e-05)
2239.869 .... 8039 packets received, 7353 bps, 91.91%, Err 179 (1.0e-05)
2242.015 .... 8042 packets received, 7349 bps, 91.86%, Err 180 (1.0e-05)
2244.138 .... 8054 packets received, 7353 bps, 91.91%, Err 180 (1.0e-05)
2246.248 .... 8062 packets received, 7353 bps, 91.92%, Err 180 (1.0e-05)
2248.366 .... 8070 packets received, 7354 bps, 91.92%, Err 180 (1.0e-05)
2250.499 .... 8078 packets received, 7354 bps, 91.92%, Err 180 (1.0e-05)
2252.590 .... 8086 packets received, 7354 bps, 91.93%, Err 180 (1.0e-05)
2254.708 .... 8094 packets received, 7355 bps, 91.93%, Err 180 (1.0e-05)
2256.842 .... 8102 packets received, 7355 bps, 91.94%, Err 180 (1.0e-05)
2258.943 .... 8110 packets received, 7355 bps, 91.94%, Err 180 (1.0e-05)
2261.053 .... 8118 packets received, 7356 bps, 91.95%, Err 180 (1.0e-05)
2263.170 .... 8126 packets received, 7356 bps, 91.95%, Err 180 (9.9e-06)
2265.288 .... 8134 packets received, 7357 bps, 91.96%, Err 180 (9.9e-06)
2267.402 .... 8142 packets received, 7357 bps, 91.96%, Err 180 (9.9e-06)
2269.526 .... 8150 packets received, 7357 bps, 91.97%, Err 180 (9.9e-06)
2271.613 .... 8158 packets received, 7358 bps, 91.97%, Err 180 (9.9e-06)
2273.751 .... 8166 packets received, 7358 bps, 91.97%, Err 180 (9.9e-06)
2275.842 .... 8174 packets received, 7358 bps, 91.98%, Err 180 (9.9e-06)
2279.034 .... 8182 packets received, 7355 bps, 91.94%, Err 181 (9.9e-06)
2281.119 .... 8193 packets received, 7358 bps, 91.98%, Err 181 (9.9e-06)
2283.250 .... 8201 packets received, 7359 bps, 91.98%, Err 181 (9.9e-06)
2285.366 .... 8209 packets received, 7359 bps, 91.99%, Err 181 (9.9e-06)
2287.465 .... 8217 packets received, 7360 bps, 91.99%, Err 181 (9.9e-06)
2289.577 .... 8224 packets received, 7359 bps, 91.99%, Err 182 (9.9e-06)
2291.694 .... 8232 packets received, 7359 bps, 91.99%, Err 182 (9.9e-06)
2293.798 .... 8240 packets received, 7360 bps, 92.00%, Err 182 (9.9e-06)
2295.902 .... 8248 packets received, 7360 bps, 92.00%, Err 182 (9.9e-06)
2298.038 .... 8256 packets received, 7360 bps, 92.01%, Err 182 (9.9e-06)
2300.165 .... 8264 packets received, 7361 bps, 92.01%, Err 182 (9.9e-06)
2302.252 .... 8272 packets received, 7361 bps, 92.01%, Err 182 (9.9e-06)
2304.353 .... 8280 packets received, 7362 bps, 92.02%, Err 182 (9.9e-06)
2306.486 .... 8288 packets received, 7362 bps, 92.02%, Err 182 (9.9e-06)
2308.599 .... 8296 packets received, 7362 bps, 92.03%, Err 182 (9.9e-06)
2310.685 .... 8304 packets received, 7363 bps, 92.03%, Err 182 (9.8e-06)
2313.891 .... 8309 packets received, 7357 bps, 91.96%, Err 183 (9.9e-06)
2316.004 .... 8319 packets received, 7359 bps, 91.99%, Err 183 (9.9e-06)
2318.093 .... 8325 packets received, 7358 bps, 91.97%, Err 183 (9.9e-06)
2320.208 .... 8331 packets received, 7356 bps, 91.95%, Err 183 (9.9e-06)
2322.321 .... 8337 packets received, 7355 bps, 91.94%, Err 183 (9.9e-06)
2324.411 .... 8343 packets received, 7354 bps, 91.92%, Err 183 (9.8e-06)
2326.554 .... 8349 packets received, 7352 bps, 91.90%, Err 183 (9.8e-06)
2328.655 .... 8355 packets received, 7351 bps, 91.88%, Err 183 (9.8e-06)
2330.781 .... 8361 packets received, 7349 bps, 91.87%, Err 183 (9.8e-06)
2332.877 .... 8367 packets received, 7348 bps, 91.85%, Err 183 (9.8e-06)
2334.973 .... 8373 packets received, 7347 bps, 91.83%, Err 183 (9.8e-06)
2337.107 .... 8379 packets received, 7345 bps, 91.81%, Err 183 (9.8e-06)
2339.209 .... 8386 packets received, 7345 bps, 91.81%, Err 183 (9.8e-06)
2341.330 .... 8393 packets received, 7344 bps, 91.80%, Err 183 (9.8e-06)
2343.430 .... 8399 packets received, 7343 bps, 91.79%, Err 183 (9.8e-06)
2347.155 .... 8404 packets received, 7336 bps, 91.69%, Err 185 (9.9e-06)
2349.250 .... 8414 packets received, 7338 bps, 91.72%, Err 185 (9.8e-06)
2351.379 .... 8420 packets received, 7336 bps, 91.70%, Err 185 (9.8e-06)
2354.003 .... 8425 packets received, 7332 bps, 91.66%, Err 186 (9.9e-06)
2356.114 .... 8435 packets received, 7335 bps, 91.68%, Err 186 (9.9e-06)
2358.212 .... 8443 packets received, 7335 bps, 91.69%, Err 186 (9.9e-06)
2360.332 .... 8451 packets received, 7335 bps, 91.69%, Err 186 (9.9e-06)
2362.987 .... 8457 packets received, 7332 bps, 91.65%, Err 187 (9.9e-06)
2365.084 .... 8468 packets received, 7335 bps, 91.69%, Err 187 (9.9e-06)
2367.203 .... 8476 packets received, 7336 bps, 91.70%, Err 187 (9.9e-06)
2369.297 .... 8484 packets received, 7336 bps, 91.70%, Err 187 (9.9e-06)
2371.431 .... 8492 packets received, 7336 bps, 91.71%, Err 187 (9.9e-06)
2373.531 .... 8500 packets received, 7337 bps, 91.71%, Err 187 (9.9e-06)
2375.648 .... 8508 packets received, 7337 bps, 91.72%, Err 187 (9.8e-06)
2377.764 .... 8516 packets received, 7338 bps, 91.72%, Err 187 (9.8e-06)
2386.187 .... 8522 packets received, 7317 bps, 91.46%, Err 191 (1.0e-05)
2388.315 .... 8535 packets received, 7321 bps, 91.52%, Err 191 (1.0e-05)
2390.681 .... 8540 packets received, 7318 bps, 91.48%, Err 192 (1.0e-05)
2392.810 .... 8551 packets received, 7321 bps, 91.52%, Err 193 (1.0e-05)
2394.941 .... 8558 packets received, 7321 bps, 91.51%, Err 193 (1.0e-05)
2397.029 .... 8566 packets received, 7321 bps, 91.52%, Err 193 (1.0e-05)
2399.139 .... 8574 packets received, 7322 bps, 91.52%, Err 193 (1.0e-05)
2401.263 .... 8582 packets received, 7322 bps, 91.53%, Err 193 (1.0e-05)
2403.345 .... 8590 packets received, 7323 bps, 91.53%, Err 193 (1.0e-05)
2405.484 .... 8598 packets received, 7323 bps, 91.54%, Err 193 (1.0e-05)
2407.595 .... 8606 packets received, 7323 bps, 91.54%, Err 193 (1.0e-05)
2409.704 .... 8614 packets received, 7324 bps, 91.55%, Err 193 (1.0e-05)
2411.817 .... 8622 packets received, 7324 bps, 91.55%, Err 193 (1.0e-05)
2413.926 .... 8630 packets received, 7324 bps, 91.55%, Err 193 (1.0e-05)
2416.316 .... 8635 packets received, 7321 bps, 91.52%, Err 194 (1.0e-05)
2418.404 .... 8646 packets received, 7324 bps, 91.55%, Err 194 (1.0e-05)
2420.537 .... 8654 packets received, 7325 bps, 91.56%, Err 194 (1.0e-05)
2422.638 .... 8662 packets received, 7325 bps, 91.56%, Err 194 (1.0e-05)
2424.739 .... 8670 packets received, 7325 bps, 91.57%, Err 194 (1.0e-05)
2426.877 .... 8678 packets received, 7326 bps, 91.57%, Err 194 (1.0e-05)
2428.987 .... 8686 packets received, 7326 bps, 91.58%, Err 194 (1.0e-05)
2431.090 .... 8694 packets received, 7327 bps, 91.58%, Err 194 (1.0e-05)
2433.225 .... 8702 packets received, 7327 bps, 91.59%, Err 194 (1.0e-05)
2435.312 .... 8710 packets received, 7327 bps, 91.59%, Err 194 (1.0e-05)
2437.444 .... 8718 packets received, 7328 bps, 91.60%, Err 194 (1.0e-05)
2439.551 .... 8726 packets received, 7328 bps, 91.60%, Err 194 (9.9e-06)
2441.677 .... 8734 packets received, 7328 bps, 91.60%, Err 194 (9.9e-06)
2443.762 .... 8742 packets received, 7329 bps, 91.61%, Err 194 (9.9e-06)
2445.900 .... 8750 packets received, 7329 bps, 91.61%, Err 194 (9.9e-06)
2447.991 .... 8758 packets received, 7330 bps, 91.62%, Err 194 (9.9e-06)
2450.097 .... 8762 packets received, 7327 bps, 91.58%, Err 195 (1.0e-05)
2452.230 .... 8773 packets received, 7329 bps, 91.62%, Err 195 (9.9e-06)
2454.335 .... 8781 packets received, 7330 bps, 91.62%, Err 195 (9.9e-06)
2456.455 .... 8789 packets received, 7330 bps, 91.63%, Err 195 (9.9e-06)
2458.562 .... 8797 packets received, 7331 bps, 91.63%, Err 195 (9.9e-06)
2460.659 .... 8805 packets received, 7331 bps, 91.64%, Err 195 (9.9e-06)
2462.796 .... 8813 packets received, 7331 bps, 91.64%, Err 195 (9.9e-06)
2464.898 .... 8821 packets received, 7332 bps, 91.65%, Err 195 (9.9e-06)
2466.999 .... 8829 packets received, 7332 bps, 91.65%, Err 195 (9.9e-06)
2469.134 .... 8837 packets received, 7332 bps, 91.65%, Err 195 (9.9e-06)
2471.220 .... 8844 packets received, 7332 bps, 91.65%, Err 196 (9.9e-06)
2473.327 .... 8848 packets received, 7329 bps, 91.61%, Err 197 (1.0e-05)
2475.467 .... 8859 packets received, 7332 bps, 91.65%, Err 197 (1.0e-05)
2477.579 .... 8867 packets received, 7332 bps, 91.65%, Err 197 (9.9e-06)
2479.689 .... 8875 packets received, 7332 bps, 91.66%, Err 197 (9.9e-06)
2481.815 .... 8883 packets received, 7333 bps, 91.66%, Err 197 (9.9e-06)
2483.917 .... 8891 packets received, 7333 bps, 91.66%, Err 197 (9.9e-06)
2486.008 .... 8899 packets received, 7334 bps, 91.67%, Err 197 (9.9e-06)
2488.659 .... 8905 packets received, 7331 bps, 91.63%, Err 198 (9.9e-06)
2490.777 .... 8916 packets received, 7334 bps, 91.67%, Err 198 (9.9e-06)
2492.879 .... 8924 packets received, 7334 bps, 91.67%, Err 198 (9.9e-06)
2495.008 .... 8932 packets received, 7334 bps, 91.68%, Err 198 (9.9e-06)
2497.122 .... 8940 packets received, 7335 bps, 91.68%, Err 198 (9.9e-06)
2499.220 .... 8948 packets received, 7335 bps, 91.69%, Err 198 (9.9e-06)
2502.403 .... 8953 packets received, 7330 bps, 91.62%, Err 200 (1.0e-05)
2504.778 .... 8965 packets received, 7333 bps, 91.66%, Err 200 (1.0e-05)
2506.893 .... 8971 packets received, 7331 bps, 91.64%, Err 200 (1.0e-05)
2508.993 .... 8977 packets received, 7330 bps, 91.63%, Err 200 (1.0e-05)
2511.112 .... 8983 packets received, 7329 bps, 91.61%, Err 200 (1.0e-05)
2513.213 .... 8989 packets received, 7328 bps, 91.59%, Err 200 (9.9e-06)
2516.144 .... 8995 packets received, 7324 bps, 91.55%, Err 201 (1.0e-05)
2518.244 .... 9005 packets received, 7326 bps, 91.57%, Err 201 (1.0e-05)
2520.374 .... 9013 packets received, 7326 bps, 91.58%, Err 201 (1.0e-05)
2522.473 .... 9021 packets received, 7327 bps, 91.58%, Err 201 (1.0e-05)
2524.585 .... 9029 packets received, 7327 bps, 91.59%, Err 201 (1.0e-05)
2526.698 .... 9037 packets received, 7327 bps, 91.59%, Err 201 (9.9e-06)
2528.821 .... 9045 packets received, 7328 bps, 91.60%, Err 203 (1.0e-05)
2530.915 .... 9053 packets received, 7328 bps, 91.60%, Err 203 (1.0e-05)
2533.032 .... 9061 packets received, 7328 bps, 91.61%, Err 203 (1.0e-05)
2535.147 .... 9069 packets received, 7329 bps, 91.61%, Err 203 (1.0e-05)
2537.274 .... 9077 packets received, 7329 bps, 91.61%, Err 203 (1.0e-05)
2539.376 .... 9085 packets received, 7329 bps, 91.62%, Err 203 (1.0e-05)
2541.496 .... 9093 packets received, 7330 bps, 91.62%, Err 203 (1.0e-05)
2543.617 .... 9101 packets received, 7330 bps, 91.63%, Err 203 (1.0e-05)
2545.688 .... 9108 packets received, 7330 bps, 91.62%, Err 204 (1.0e-05)
2547.835 .... 9116 packets received, 7330 bps, 91.63%, Err 204 (1.0e-05)
2549.937 .... 9124 packets received, 7330 bps, 91.63%, Err 204 (1.0e-05)
2552.049 .... 9132 packets received, 7331 bps, 91.64%, Err 204 (1.0e-05)
2554.683 .... 9138 packets received, 7328 bps, 91.60%, Err 205 (1.0e-05)
2556.814 .... 9149 packets received, 7331 bps, 91.63%, Err 205 (1.0e-05)
2558.915 .... 9157 packets received, 7331 bps, 91.64%, Err 205 (1.0e-05)
2561.022 .... 9165 packets received, 7332 bps, 91.64%, Err 205 (1.0e-05)
2563.138 .... 9173 packets received, 7332 bps, 91.65%, Err 205 (1.0e-05)
2565.248 .... 9181 packets received, 7332 bps, 91.65%, Err 205 (1.0e-05)
2567.360 .... 9189 packets received, 7333 bps, 91.66%, Err 205 (1.0e-05)
2569.458 .... 9197 packets received, 7333 bps, 91.66%, Err 205 (1.0e-05)
2571.584 .... 9205 packets received, 7333 bps, 91.67%, Err 205 (1.0e-05)
2574.218 .... 9211 packets received, 7331 bps, 91.63%, Err 206 (1.0e-05)
2576.322 .... 9222 packets received, 7333 bps, 91.67%, Err 206 (1.0e-05)
2578.439 .... 9230 packets received, 7334 bps, 91.67%, Err 206 (1.0e-05)
2580.553 .... 9238 packets received, 7334 bps, 91.67%, Err 206 (1.0e-05)
2582.666 .... 9246 packets received, 7334 bps, 91.68%, Err 206 (1.0e-05)
2584.786 .... 9254 packets received, 7335 bps, 91.68%, Err 206 (1.0e-05)
2586.883 .... 9262 packets received, 7335 bps, 91.69%, Err 206 (1.0e